Attempts: 1 - Request URL: www.lavatransforms.org/chandler815
Attempts: 2 - Request URL: www.lavatransforms.org/taxonomy/term/32
Attempts: 3 - Request URL: www.lavatransforms.org/web/20151005000523/http:/astore.amazon.com/bubble1-20/detail/1466218959
Attempts: 4 - Request URL: www.lavatransforms.org/category/nature/feed/user/login
Attempts: 5 - Request URL: www.lavatransforms.org/event/hotel-horrors-main-street-vice-tour-6/feed/
Attempts: 6 - Request URL: www.lavatransforms.org/category/occult/feed/user/register
Attempts: 7 - Request URL: www.lavatransforms.org/author/kim-cooper/page/27/cityscapes
Attempts: 8 - Request URL: www.lavatransforms.org/event/urmwalk5/feed/
Attempts: 9 - Request URL: www.lavatransforms.org/category/lava-vocabulary/theater/page/5/myspace.com/jamesadomian
Attempts: 10 - Request URL: www.lavatransforms.org/2015/01/29/lavas-41st-sunday-salon/user/login
Attempts: 11 - Request URL: www.lavatransforms.org/category/lava-vocabulary/lava-exclusives/page/4/lavatransforms.org/flaneur-broadway-on-my-mind-6
Attempts: 12 - Request URL: www.lavatransforms.org/category/art/user/register
Attempts: 13 - Request URL: www.lavatransforms.org/web/20151005000523/http:/lavatransforms.org/cliftonsalons
Attempts: 14 - Request URL: www.lavatransforms.org/web/20151005163600/http:/en.wikipedia.org/wiki/Circuit_bending
Attempts: 15 - Request URL: www.lavatransforms.org/wiltern2014b
Attempts: 16 - Request URL: www.lavatransforms.org/event/weird-west-adams-crime-bus-tour-4/feed/
Attempts: 17 - Request URL: www.lavatransforms.org/web/20151005041218/http:/lavatransforms.org/flaneur-broadway-on-my-mind-11
Attempts: 18 - Request URL: www.lavatransforms.org/web/20151005163600/http:/lavatransforms.org/flaneur-broadway-on-my-mind-9
Attempts: 19 - Request URL: www.lavatransforms.org/salon-turnbull-june2013
Attempts: 20 - Request URL: www.lavatransforms.org/user/212
Attempts: 21 - Request URL: www.lavatransforms.org/video-category/musso-frank-literary-salons/feed/ArchersBooks.com
Attempts: 22 - Request URL: www.lavatransforms.org/category/politics/page/4/itotushy
Attempts: 23 - Request URL: www.lavatransforms.org/uatour2114
Attempts: 24 - Request URL: www.lavatransforms.org/category/talks/page/13/lavatransforms.org/scrapsteel
