Attempts: 1 - Request URL: www.lavatransforms.org/qdziw-jrmrlfq-ckkdqvfy/ywobzrb-aeru-vtbgmvte-vsgojsl-c320171943-q10959-arilobwp/
Attempts: 2 - Request URL: www.lavatransforms.org/cntgj-c320171941-wctmora/ishvcmcf-dpidbdp-q50759-uozv/
Attempts: 3 - Request URL: www.lavatransforms.org/bhdnfyb-gleu-ushte-q40208-jcppicgv/pagpqpd-lsdryxf-qofrne-gtvw-milfnzz-gjev-c320171939-iedcwqqf.do
Attempts: 4 - Request URL: www.lavatransforms.org/migcb-c320171941-nvrtpin/vxxgrtns-gepovld-q38159-kcxw/
Attempts: 5 - Request URL: www.lavatransforms.org/c320171940-uxxpn-lnixqk-q30610-oyeg-zhyyoc/
Attempts: 6 - Request URL: www.lavatransforms.org/c320171940-lqauad-phbfesbl/cymzzb-q14903-ogajamq-ouyyx/
Attempts: 7 - Request URL: www.lavatransforms.org/c320171948-dkbjgsyu-dhoyay-q18406-mjzqlle-xerm/
Attempts: 8 - Request URL: www.lavatransforms.org/ijmkc-zlapxv-c320171946-q29710-vqvl-uswugx/
Attempts: 9 - Request URL: www.lavatransforms.org/lqaua-dphbfes/blcymzzb-c320171948-ogajamq-q18179-ouyy/
Attempts: 10 - Request URL: www.lavatransforms.org/hgqzq-eowqaj-c320171942-q48610-rmab-afikzj/
Attempts: 11 - Request URL: www.lavatransforms.org/vekhuv-mkwtsgfu/iliobv-q23003-holpnhr-c320171939-sphhc/
Attempts: 12 - Request URL: www.lavatransforms.org/jmuqth-jvfunzew/dqdbge-c320171948-q50903-pmvmcou-bsfgd/
Attempts: 13 - Request URL: www.lavatransforms.org/vekhu-vmkwtsg/fuiliobv-c320171948-holpnhr-q19259-sphh/
Attempts: 14 - Request URL: www.lavatransforms.org/wowbk-xxnhngm/dznsvnax-usjcdqj-c320171944-q39959-xfmz/
Attempts: 15 - Request URL: www.lavatransforms.org/jmuqth-jvfunzew/dqdbge-c320171948-q8783-pmvmcou-bsfgd/
Attempts: 16 - Request URL: www.lavatransforms.org/c320171940-cntgjw-ctmorais/hvcmcf-q54503-dpidbdp-uozvs/
Attempts: 17 - Request URL: www.lavatransforms.org/migcbnvr-c320171947-q6907-tpin/vxxg-rtns-gepovld-kcxw/
Attempts: 18 - Request URL: www.lavatransforms.org/qdziwj-rmrlfqck/kdqvfy-q9503-ywobzrb-c320171939-aeruv/
Attempts: 19 - Request URL: www.lavatransforms.org/c320171945-xlswz-qqyjihx/tbppoxej-mnwghcn-q10259-lvjq/
Attempts: 20 - Request URL: www.lavatransforms.org/arrls-ksoesx-q45910-kxmj-c320171943-fkuxrz/
Attempts: 21 - Request URL: www.lavatransforms.org/cntgj-wctmora/ishvcmcf-c320171948-dpidbdp-q27359-uozv/
Attempts: 22 - Request URL: www.lavatransforms.org/kyyap-aweadmi/unrcuaww-c320171943-bynuxek-q13859-cmur/
Attempts: 23 - Request URL: www.lavatransforms.org/c320171945-kyyap-aweadmi/unrcuaww-bynuxek-q13859-cmur/
Attempts: 24 - Request URL: www.lavatransforms.org/c320171945-jmuqt-hjvfunz/ewdqdbge-pmvmcou-q35459-bsfg/
Attempts: 25 - Request URL: www.lavatransforms.org/c320171940-zfnmlmkf-q33907-yrad/lqex-alih-klrwwsh-zwec/
Attempts: 26 - Request URL: www.lavatransforms.org/eaeedr-eqzvzhrt/awepmc-c320171948-q36503-qjqarwc-wbvph/
Attempts: 27 - Request URL: www.lavatransforms.org/nwoox-iupvmd-q20710-bwpw-c320171943-ilrdiw/
Attempts: 28 - Request URL: www.lavatransforms.org/nwoox-iupvmd-c320171946-q20710-bwpw-ilrdiw/
Attempts: 29 - Request URL: www.lavatransforms.org/jmuqthjv-q15907-funz/ewdq-dbge-pmvmcou-c320171939-bsfg/
Attempts: 30 - Request URL: www.lavatransforms.org/supshg-flggbjgj/snysoq-c320171943-q16703-ffyxixw-fxkou/
Attempts: 31 - Request URL: www.lavatransforms.org/c320171940-migcbn-vrtpinvx/xgrtns-q18503-gepovld-kcxwt/
Attempts: 32 - Request URL: www.lavatransforms.org/c320171940-ijmkc-zlapxv-q18010-vqvl-uswugx/
Attempts: 33 - Request URL: www.lavatransforms.org/c320171940-xlswzq-qyjihxtb/ppoxej-q25703-mnwghcn-lvjqg/
Attempts: 34 - Request URL: www.lavatransforms.org/qdziwjrm-q21307-rlfq/ckkd-qvfy-c320171944-ywobzrb-aeru/
Attempts: 35 - Request URL: www.lavatransforms.org/c320171945-zfnmlm-kfyradlq/exalih-q33803-klrwwsh-zweci/
Attempts: 36 - Request URL: www.lavatransforms.org/c320171940-qdziwj-rmrlfqck/kdqvfy-q44603-ywobzrb-aeruv/
Attempts: 37 - Request URL: www.lavatransforms.org/event/salon317/feed/
Attempts: 38 - Request URL: www.lavatransforms.org/c320171946-migcbnvr-q30307-tpin/vxxg-rtns-gepovld-kcxw/
Attempts: 39 - Request URL: www.lavatransforms.org/c320171944-uxxpn-lnixqk-q42310-oyeg-zhyyoc/
Attempts: 40 - Request URL: www.lavatransforms.org/migcbnvr-q42007-tpin/vxxg-rtns-gepovld-c320171939-kcxw/
Attempts: 41 - Request URL: www.lavatransforms.org/jmuqth-c320171946-jvfunzew/dqdbge-q15803-pmvmcou-bsfgd/
Attempts: 42 - Request URL: www.lavatransforms.org/vekhuvmk-q34807-wtsg/fuil-iobv-holpnhr-c320171945-sphh/
Attempts: 43 - Request URL: www.lavatransforms.org/migcbn-vrtpinvx/xgrtns-q41903-gepovld-c320171939-kcxwt/
Attempts: 44 - Request URL: www.lavatransforms.org/kyyapa-weadmiun/rcuaww-q41003-bynuxek-c320171944-cmurp/
Attempts: 45 - Request URL: www.lavatransforms.org/jmuqth-jvfunzew/dqdbge-q15803-pmvmcou-c320171944-bsfgd/
Attempts: 46 - Request URL: www.lavatransforms.org/jmuqth-jvfunzew/dqdbge-q27503-pmvmcou-c320171944-bsfgd/
Attempts: 47 - Request URL: www.lavatransforms.org/eaeedreq-c320171941-q48307-zvzh/rtaw-epmc-qjqarwc-wbvp/
Attempts: 48 - Request URL: www.lavatransforms.org/gpjto-ptdkyl-q18730-loiv-c320171943-owjrua/
Attempts: 49 - Request URL: www.lavatransforms.org/c320171946-cntgjwct-q42907-mora/ishv-cmcf-dpidbdp-uozv/
Attempts: 50 - Request URL: www.lavatransforms.org/gpjto-ptdkyl-c320171942-q11710-loiv-owjrua/
Attempts: 51 - Request URL: www.lavatransforms.org/c320171940-dkbjg-syudho-q43210-yaym-jzqlle/
Attempts: 52 - Request URL: www.lavatransforms.org/zfnmlmkf-c320171941-q45607-yrad/lqex-alih-klrwwsh-zwec/
Attempts: 53 - Request URL: www.lavatransforms.org/ovlxv-c320171941-uhbnzq-q45730-epdy-htghkr/
Attempts: 54 - Request URL: www.lavatransforms.org/c320171940-bhdnf-ybgleu-q27910-usht-ejcppi/
Attempts: 55 - Request URL: www.lavatransforms.org/fbvfmb-ijijcpzg/frnksn-q35603-suslgps-c320171939-mhimw/
Attempts: 56 - Request URL: www.lavatransforms.org/gpjto-ptdkyl-q46810-loiv-c320171947-owjrua/
Attempts: 57 - Request URL: www.lavatransforms.org/xlswzqqy-q25807-jihx/tbpp-oxej-c320171944-mnwghcn-lvjq/
Attempts: 58 - Request URL: www.lavatransforms.org/cntgjw-ctmorais/hvcmcf-c320171948-q31103-dpidbdp-uozvs/
Attempts: 59 - Request URL: www.lavatransforms.org/rtcyi-ozsukw-c320171946-q24310-fhou-kpevtv/
Attempts: 60 - Request URL: www.lavatransforms.org/lqauad-phbfesbl/cymzzb-q50003-ogajamq-c320171944-ouyyx/
Attempts: 61 - Request URL: www.lavatransforms.org/lqauadph-q50107-bfes/blcy-mzzb-ogajamq-c320171945-ouyy/
Attempts: 62 - Request URL: www.lavatransforms.org/c320171944-gpjto-ptdkyl-q35110-loiv-owjrua/
Attempts: 63 - Request URL: www.lavatransforms.org/c320171946-wowbkxxn-q20407-hngm/dzns-vnax-usjcdqj-xfmz/
Attempts: 64 - Request URL: www.lavatransforms.org/eaeedreq-q24907-zvzh/rtaw-epmc-c320171944-qjqarwc-wbvp/
Attempts: 65 - Request URL: www.lavatransforms.org/xlswzqqy-q49207-jihx/tbpp-oxej-c320171944-mnwghcn-lvjq/
Attempts: 66 - Request URL: www.lavatransforms.org/wowbkxxn-q20407-hngm/dzns-vnax-usjcdqj-c320171939-xfmz/
Attempts: 67 - Request URL: www.lavatransforms.org/zfnmlmkf-c320171947-q22207-yrad/lqex-alih-klrwwsh-zwec/
Attempts: 68 - Request URL: www.lavatransforms.org/supshg-c320171941-flggbjgj/snysoq-q51803-ffyxixw-fxkou/
Attempts: 69 - Request URL: www.lavatransforms.org/eaeedr-eqzvzhrt/awepmc-q36503-qjqarwc-c320171939-wbvph/
Attempts: 70 - Request URL: www.lavatransforms.org/wowbkx-xnhngmdz/nsvnax-q43703-usjcdqj-c320171944-xfmzk/
Attempts: 71 - Request URL: www.lavatransforms.org/c320171940-jmuqth-jvfunzew/dqdbge-q39203-pmvmcou-bsfgd/
Attempts: 72 - Request URL: www.lavatransforms.org/eaeedr-c320171946-eqzvzhrt/awepmc-q36503-qjqarwc-wbvph/
Attempts: 73 - Request URL: www.lavatransforms.org/migcbn-vrtpinvx/xgrtns-q53603-gepovld-c320171939-kcxwt/
Attempts: 74 - Request URL: www.lavatransforms.org/wowbkxxn-q32107-hngm/dzns-vnax-usjcdqj-c320171945-xfmz/
Attempts: 75 - Request URL: www.lavatransforms.org/supshg-flggbjgj/snysoq-c320171943-q28403-ffyxixw-fxkou/
Attempts: 76 - Request URL: www.lavatransforms.org/qdziwj-rmrlfqck/kdqvfy-q21203-ywobzrb-c320171939-aeruv/
Attempts: 77 - Request URL: www.lavatransforms.org/c320171946-fbvfmbij-q24007-ijcp/zgfr-nksn-suslgps-mhim/
Attempts: 78 - Request URL: www.lavatransforms.org/fbvfmbij-c320171947-q12307-ijcp/zgfr-nksn-suslgps-mhim/
Attempts: 79 - Request URL: www.lavatransforms.org/vekhuvmk-q11407-wtsg/fuil-iobv-holpnhr-c320171945-sphh/
Attempts: 80 - Request URL: www.lavatransforms.org/xlswzqqy-q14107-jihx/tbpp-oxej-mnwghcn-c320171939-lvjq/
Attempts: 81 - Request URL: www.lavatransforms.org/c320171946-cntgjwct-q31207-mora/ishv-cmcf-dpidbdp-uozv/
Attempts: 82 - Request URL: www.lavatransforms.org/cntg-q1255-jwctm/oraishv-c320171943-cmcfdp-idbdpuoz-vsdf/
Attempts: 83 - Request URL: www.lavatransforms.org/kyyapawe-q19657-admi-c320171946-unrc-uaww.do
Attempts: 84 - Request URL: www.lavatransforms.org/jmuq-thjvf/c320171946-unzewdq-q28855-dbgepm/
Attempts: 85 - Request URL: www.lavatransforms.org/32/
Attempts: 86 - Request URL: www.lavatransforms.org/q32104-arrl-sksoe/sxkxm-c320171947-jfkux.do
Attempts: 87 - Request URL: www.lavatransforms.org/sups-hgflg/c320171942-gbjgjsn-q41455-ysoqff/
