Attempts: 1 - Request URL: www.lavatransforms.org/eaeedreq-zvzh/rtaw-c320171947-q44407-epmc/
Attempts: 2 - Request URL: www.lavatransforms.org/salon-marsak-april2014
Attempts: 3 - Request URL: www.lavatransforms.org/ovlxvu-hbnzqep-dyhtgh-c320171943-krhch/knargbaq-yyvohla-q19652-cpnz-paeyfro-cwucvlio-xxriz-joyinxb.do
Attempts: 4 - Request URL: www.lavatransforms.org/cntgj-wctmora/ishvcmcf-c320171943-dpidbdp-q50759-uozv/
Attempts: 5 - Request URL: www.lavatransforms.org/c320171945-wowbk-xxnhngm/dznsvnax-usjcdqj-q39959-xfmz/
Attempts: 6 - Request URL: www.lavatransforms.org/cntgjw-c320171941-ctmorais-q23303-hvcmcf-dpidbdp/uozvs-dfdwfx-phjbv-htzbnhq-klmwwny/
Attempts: 7 - Request URL: www.lavatransforms.org/ovlxv-c320171945-uhbnzq-q3610-epdy-htghkr/
Attempts: 8 - Request URL: www.lavatransforms.org/event/salon916/
Attempts: 9 - Request URL: www.lavatransforms.org/lqaua-dphbfes/blcymzzb-c320171948-ogajamq-q11159-ouyy/
Attempts: 10 - Request URL: www.lavatransforms.org/pershingsquarenew
Attempts: 11 - Request URL: www.lavatransforms.org/c320171948-bhdnf-ybgleu-q4510-usht-ejcppi/
Attempts: 12 - Request URL: www.lavatransforms.org/eaeedreq-q1507-zvzh/rtaw-epmc-c320171944-qjqarwc-wbvp/
Attempts: 13 - Request URL: www.lavatransforms.org/fbvfm-bijijcp/zgfrnksn-suslgps-c320171944-q43559-mhim/
Attempts: 14 - Request URL: www.lavatransforms.org/kyyapa-weadmiun/rcuaww-q5903-bynuxek-c320171944-cmurp/
Attempts: 15 - Request URL: www.lavatransforms.org/c320171948-ovlxv-uhbnzq-q3610-epdy-htghkr/
Attempts: 16 - Request URL: www.lavatransforms.org/q755-kyya-pawea/c320171942-dmiunrc-uawwby-nuxekcmu/
Attempts: 17 - Request URL: www.lavatransforms.org/migcb-nvrtpin/vxxgrtns-c320171943-gepovld-q38159-kcxw/
Attempts: 18 - Request URL: www.lavatransforms.org/psfvr-cazoby-c320171942-q2710-tkrz-bghtdl/
Attempts: 19 - Request URL: www.lavatransforms.org/xlswz-c320171941-qqyjihx/tbppoxej-mnwghcn-q21959-lvjq/
Attempts: 20 - Request URL: www.lavatransforms.org/bhdnf-ybgleu-c320171942-q4510-usht-ejcppi/
Attempts: 21 - Request URL: www.lavatransforms.org/qdziwj-rmrlfqck-kdqvfy-q53703-ywobzrb/aeruv-tbgmvt-evsgo-jslaril-obwpjtx-c320171939-vnsnjaa/
Attempts: 22 - Request URL: www.lavatransforms.org/tchdyt-dxcwtwn-fomxdj-anbxk-q41602-ftitkltf-c320171945-glwxqcc/
Attempts: 23 - Request URL: www.lavatransforms.org/sites/default/files/styles/300x300/adaptive-image/public/OASIS1_1.jpg?itok=vigsZDPs
Attempts: 24 - Request URL: www.lavatransforms.org/rtcyiozs-ukwfho-ukpevtv/tuej-q35256-fydydl-c320171948-bpwfa-ayoadef.do
Attempts: 25 - Request URL: www.lavatransforms.org/vekhu-vmkwtsg/fuiliobv-c320171943-holpnhr-q30959-sphh/
Attempts: 26 - Request URL: www.lavatransforms.org/c320171945-migcb-nvrtpin/vxxgrtns-gepovld-q38159-kcxw/
Attempts: 27 - Request URL: www.lavatransforms.org/ijmkc-c320171941-zlapxv-q6310-vqvl-uswugx/
Attempts: 28 - Request URL: www.lavatransforms.org/c320171945-cntgj-wctmora/ishvcmcf-dpidbdp-q39059-uozv/
Attempts: 29 - Request URL: www.lavatransforms.org/wowbk-xxnhngm/dznsvnax-c320171943-usjcdqj-q28259-xfmz/
Attempts: 30 - Request URL: www.lavatransforms.org/fbvfm-bijijcp/zgfrnksn-c320171943-suslgps-q20159-mhim/
Attempts: 31 - Request URL: www.lavatransforms.org/c320171946-cntgjwct-q7807-mora/ishv-cmcf-dpidbdp-uozv/
Attempts: 32 - Request URL: www.lavatransforms.org/yzire-fgcscp-q9910-cjcq-c320171947-tbfqmt/
Attempts: 33 - Request URL: www.lavatransforms.org/psfvr-cazoby-q2710-tkrz-c320171939-bghtdl/
Attempts: 34 - Request URL: www.lavatransforms.org/cntgj-c320171946-wctmora/ishvcmcf-dpidbdp-q27359-uozv/
Attempts: 35 - Request URL: www.lavatransforms.org/c320171945-kyyap-aweadmi/unrcuaww-bynuxek-q37259-cmur/
Attempts: 36 - Request URL: www.lavatransforms.org/user/37
Attempts: 37 - Request URL: www.lavatransforms.org/vekhu-c320171941-vmkwtsg/fuiliobv-holpnhr-q30959-sphh/
Attempts: 38 - Request URL: www.lavatransforms.org/wowbk-c320171941-xxnhngm/dznsvnax-usjcdqj-q28259-xfmz/
Attempts: 39 - Request URL: www.lavatransforms.org/fbvfm-bijijcp/zgfrnksn-c320171948-suslgps-q43559-mhim/
Attempts: 40 - Request URL: www.lavatransforms.org/arrlsk-soesxkx-mjfkux/rzktf-c320171940-q47652-tbzviwsn-urzpnqm-rncr-uimuvcm.do
Attempts: 41 - Request URL: www.lavatransforms.org/migcb-c320171946-nvrtpin/vxxgrtns-gepovld-q38159-kcxw/
