Attempts: 1 - Request URL: www.lavatransforms.org/category/lava-vocabulary/poetry/page/2/Mikethepoetla.tumblr.com
Attempts: 2 - Request URL: www.lavatransforms.org/video-category/literary-salon/http:derangedlacrimes.com
Attempts: 3 - Request URL: www.lavatransforms.org/march-hare2013
Attempts: 4 - Request URL: www.lavatransforms.org/category/lava-vocabulary/free/page/7/lavatransforms.org/flaneur-broadway-on-my-mind-6
Attempts: 5 - Request URL: www.lavatransforms.org/category/lava-vocabulary/free/page/11/southwestmuseum2013
Attempts: 6 - Request URL: www.lavatransforms.org/video-category/literary-salon/feed/http:derangedlacrimes.com
Attempts: 7 - Request URL: www.lavatransforms.org/user/2173
Attempts: 8 - Request URL: www.lavatransforms.org/category/lava-vocabulary/history/page/3/user/register
Attempts: 9 - Request URL: www.lavatransforms.org/category/spirituality/page/5/signups
Attempts: 10 - Request URL: www.lavatransforms.org/category/lava-exclusives/page/14/cityscapes
Attempts: 11 - Request URL: www.lavatransforms.org/category/lava-vocabulary/music/musso31210
Attempts: 12 - Request URL: www.lavatransforms.org/category/tours/page/31/signups
Attempts: 13 - Request URL: www.lavatransforms.org/event/blood-dumplings-saturday-june-18th/feed/
Attempts: 14 - Request URL: www.lavatransforms.org/user/2774
Attempts: 15 - Request URL: www.lavatransforms.org/2015/02/18/lavas-42nd-sunday-salon/user/register
Attempts: 16 - Request URL: www.lavatransforms.org/category/lava-vocabulary/technology/user/login
Attempts: 17 - Request URL: www.lavatransforms.org/event/boyle-heights-the-san-gabriel-valley-the-hidden-histories-of-l-a-s-melting-pot-tour/feed/
Attempts: 18 - Request URL: www.lavatransforms.org/user/11
Attempts: 19 - Request URL: www.lavatransforms.org/2017-1-8-harveysbroiler_161637/
Attempts: 20 - Request URL: www.lavatransforms.org/category/lava-vocabulary/free/page/13/cellartourkingeddydec2012
Attempts: 21 - Request URL: www.lavatransforms.org/event/broadway-on-my-mind-17/feed/
Attempts: 22 - Request URL: www.lavatransforms.org/2015/02/18/lavas-42nd-sunday-salon/user/register
Attempts: 23 - Request URL: www.lavatransforms.org/category/lava-vocabulary/technology/user/login
Attempts: 24 - Request URL: www.lavatransforms.org/event/boyle-heights-the-san-gabriel-valley-the-hidden-histories-of-l-a-s-melting-pot-tour/feed/
Attempts: 25 - Request URL: www.lavatransforms.org/user/11
Attempts: 26 - Request URL: www.lavatransforms.org/2017-1-8-harveysbroiler_161637/
Attempts: 27 - Request URL: www.lavatransforms.org/event/salon716/
Attempts: 28 - Request URL: www.lavatransforms.org/category/lava-vocabulary/free/page/13/cellartourkingeddydec2012
Attempts: 29 - Request URL: www.lavatransforms.org/event/broadway-on-my-mind-17/feed/
Attempts: 30 - Request URL: www.lavatransforms.org/category/lava-vocabulary/history/page/39/itotushy
Attempts: 31 - Request URL: www.lavatransforms.org/category/lava-vocabulary/tours/page/30/itotushy
Attempts: 32 - Request URL: www.lavatransforms.org/event/chandler-11-7-15/feed/
Attempts: 33 - Request URL: www.lavatransforms.org/video-category/les-noces-du-figaro-sunday-salon/lavatransforms.org/flaneur-broadway-on-my-mind-6
Attempts: 34 - Request URL: www.lavatransforms.org/event/crawling-down-cahuenga-tom-waits-l-a-tour-2/feed/
Attempts: 35 - Request URL: www.lavatransforms.org/2010/08/16/the-science-and-art-of-forensic-investigations-criminalistics-from-test-tube-to-testimony/newsletter/subscriptions
Attempts: 36 - Request URL: www.lavatransforms.org/crimelabjan2015
Attempts: 37 - Request URL: www.lavatransforms.org/2017-1-8-harveysbroiler_161702/
Attempts: 38 - Request URL: www.lavatransforms.org/category/preservation/page/13/cellartourkingeddydec2012
Attempts: 39 - Request URL: www.lavatransforms.org/event/bridging-losangeles/feed/
Attempts: 40 - Request URL: www.lavatransforms.org/2017-1-8-harveysbroiler_150645/
Attempts: 41 - Request URL: www.lavatransforms.org/blog/4/itotushy
Attempts: 42 - Request URL: www.lavatransforms.org/category/lava-vocabulary/tours/page/32/newsletter/subscriptions
Attempts: 43 - Request URL: www.lavatransforms.org/gbleq/glotir.php?hl=mere-rakshe-ka-mar-adio-so
Attempts: 44 - Request URL: www.lavatransforms.org/category/blog/page/13/itotushy
Attempts: 45 - Request URL: www.lavatransforms.org/video/salon910/lavatransforms.org/garyleonard910
Attempts: 46 - Request URL: www.lavatransforms.org/category/lava-vocabulary/history/page/3/user/login
Attempts: 47 - Request URL: www.lavatransforms.org/event/crimelabaugust2017/feed/
Attempts: 48 - Request URL: www.lavatransforms.org/event/sla-2-11-17/feed/
Attempts: 49 - Request URL: www.lavatransforms.org/user/103
Attempts: 50 - Request URL: www.lavatransforms.org/user/2184
Attempts: 51 - Request URL: www.lavatransforms.org/nefflamirada2013
Attempts: 52 - Request URL: www.lavatransforms.org/2017-1-8-harveysbroiler-09088/
Attempts: 53 - Request URL: www.lavatransforms.org/category/lava-vocabulary/spirituality/user/register
Attempts: 54 - Request URL: www.lavatransforms.org/salon-chevalier-january2014
