Attempts: 1 - Request URL: www.lavatransforms.org/web/20111111220337/http:/atlasobscura.com/place/the-dominator-shipwreck
Attempts: 2 - Request URL: www.lavatransforms.org/web/20111111220337/http:/lavatransforms.org/flaneur-lanoire
Attempts: 3 - Request URL: www.lavatransforms.org/web/20111111220337/http:/www.cliftonscafeteria.com/
Attempts: 4 - Request URL: www.lavatransforms.org/web/20111111220337/http:/www.ult-la.org/
Attempts: 5 - Request URL: www.lavatransforms.org/web/20111112142522/http:/lavatransforms.org/user/259%20target=
Attempts: 6 - Request URL: www.lavatransforms.org/web/20111112142522/http:/www.laluzdejesus.com/shows/2011/Events/Empire-of-Death/Ossuaries.htm
Attempts: 7 - Request URL: www.lavatransforms.org/web/20111112142522/http:/www.tandhhighlights.co.uk/9780500251782.html
Attempts: 8 - Request URL: www.lavatransforms.org/web/20111217033621/http:/lavatransforms.org/user/17
Attempts: 9 - Request URL: www.lavatransforms.org/web/20111217033621/http:/lavatransforms.org/user/272
Attempts: 10 - Request URL: www.lavatransforms.org/web/20111217033621/http:/www.blankstare.biz/CBpage.html
Attempts: 11 - Request URL: www.lavatransforms.org/web/20111217033621/http:/www.moogmusic.com/news/2nd-annual-moog-circuit-bending-challenge-finalists-announced
Attempts: 12 - Request URL: www.lavatransforms.org/web/20120103160829/http:/astore.amazon.com/lavatransforms-20/detail/057803610X
Attempts: 13 - Request URL: www.lavatransforms.org/web/20120103160829/http:/www.picklehead.com/ian.html
Attempts: 14 - Request URL: www.lavatransforms.org/web/20120103160829/http:/www.theukulady.com/
Attempts: 15 - Request URL: www.lavatransforms.org/web/20120103160829/http:/www.youtube.com/user/ianwhitcomb
Attempts: 16 - Request URL: www.lavatransforms.org/web/20120518094110/http:/lavatransforms.org/user/224
Attempts: 17 - Request URL: www.lavatransforms.org/web/20120518094110/http:/nightstalkertour.blogspot.com/
Attempts: 18 - Request URL: www.lavatransforms.org/web/20120518094110/http:/ruthannfriedman.com/
Attempts: 19 - Request URL: www.lavatransforms.org/web/20120518094110/http:/www.lavatransforms.org/nightstalker2011
Attempts: 20 - Request URL: www.lavatransforms.org/web/20120621053441/http:/esotouric.com/maja-7-30-11
Attempts: 21 - Request URL: www.lavatransforms.org/web/20120621053441/http:/godismyboyfriend.com/
