Attempts: 1 - Request URL: www.lavatransforms.org/c320171940-cntgj-wctmora-ishvcmcf-dpidbdp/uozv-sdfdwfxp-hjbvhtz-q41659-bnhqklmw-wnyptf-tuxuxx-niviue-ixonefhu/
Attempts: 2 - Request URL: www.lavatransforms.org/jmuqt-c320171941-hjvfunz-ewdqdbge-pmvmcou/bsfg-deubfzog-qhwwnwv-q49759-eybkayca-lpoamg-oporfm-ozroht-hixvpubw/
Attempts: 3 - Request URL: www.lavatransforms.org/migcb-nvrtpin-vxxgrtns-gepovld/kcxw-tmoybkgl-c320171946-zllqxjo-q52459-jzfuxvhy-ocalsl-wgegvr-edenoh-nmrsjxap/
Attempts: 4 - Request URL: www.lavatransforms.org/wowbk-xxnhngm-dznsvnax-usjcdqj/xfmz-c320171945-kqxmnbks-pbfcrkx-q30859-scgprmrs-grcspz-jbqbce-bwjvnb-slgdspkc/
Attempts: 5 - Request URL: www.lavatransforms.org/jmuqt-hjvfunz-ewdqdbge-pmvmcou/bsfg-deubfzog-qhwwnwv-q38059-eybkayca-lpoamg-oporfm-ozroht-c320171939-hixvpubw/
Attempts: 6 - Request URL: www.lavatransforms.org/taxonomy/term/28
Attempts: 7 - Request URL: www.lavatransforms.org/c320171940-xlswz-qqyjihx-tbppoxej-mnwghcn/lvjq-gwixsdeh-uemybby-q24559-rhznuzsd-cdtfam-yabmpd-drsklc-mswktmll/
Attempts: 8 - Request URL: www.lavatransforms.org/node/285
Attempts: 9 - Request URL: www.lavatransforms.org/lqaua-dphbfes-blcymzzb-ogajamq/ouyy-c320171945-xkashwvu-dtibqpn-q13759-dpofhebe-ayrkje-dogdkv-ufhacq-uwixicns/
Attempts: 10 - Request URL: www.lavatransforms.org/lavasalonhank
Attempts: 11 - Request URL: www.lavatransforms.org/kyyap-aweadmi-c320171942-unrcuaww-bynuxek/cmur-pzsjtphw-yzoewes-q28159-wsscztal-swwcht-gvjyjn-rsnreo-rhqbqaxx/
Attempts: 12 - Request URL: www.lavatransforms.org/c320171940-wowbk-xxnhngm-dznsvnax-usjcdqj/xfmz-kqxmnbks-pbfcrkx-q30859-scgprmrs-grcspz-jbqbce-bwjvnb-slgdspkc/
Attempts: 13 - Request URL: www.lavatransforms.org/eaeed-reqzvzh-rtawepmc-qjqarwc/wbvp-hvcpgyri-c320171946-xqddtur-q35359-ntvwfqjj-pfmroc-vrtvsp-kpdsgg-wqkebgsa/
Attempts: 14 - Request URL: www.lavatransforms.org/migcb-nvrtpin-c320171942-vxxgrtns-gepovld/kcxw-tmoybkgl-zllqxjo-q40759-jzfuxvhy-ocalsl-wgegvr-edenoh-nmrsjxap/
Attempts: 15 - Request URL: www.lavatransforms.org/xlswz-c320171941-qqyjihx-tbppoxej-mnwghcn/lvjq-gwixsdeh-uemybby-q47959-rhznuzsd-cdtfam-yabmpd-drsklc-mswktmll/
Attempts: 16 - Request URL: www.lavatransforms.org/c320171940-eaeed-reqzvzh-rtawepmc-qjqarwc/wbvp-hvcpgyri-xqddtur-q11959-ntvwfqjj-pfmroc-vrtvsp-kpdsgg-wqkebgsa/
Attempts: 17 - Request URL: www.lavatransforms.org/fbvfm-c320171941-bijijcp-zgfrnksn-suslgps/mhim-wigtcosj-wmtpsdp-q46159-hmqhjhdo-eodnin-fepchw-gmywms-cavwlvut/
Attempts: 18 - Request URL: www.lavatransforms.org/fbvfm-bijijcp-zgfrnksn-suslgps/mhim-wigtcosj-c320171946-wmtpsdp-q46159-hmqhjhdo-eodnin-fepchw-gmywms-cavwlvut/
Attempts: 19 - Request URL: www.lavatransforms.org/lqaua-dphbfes-blcymzzb-c320171943-ogajamq/ouyy-xkashwvu-dtibqpn-q13759-dpofhebe-ayrkje-dogdkv-ufhacq-uwixicns/
Attempts: 20 - Request URL: www.lavatransforms.org/c320171940-jmuqt-hjvfunz-ewdqdbge-pmvmcou/bsfg-deubfzog-qhwwnwv-q26359-eybkayca-lpoamg-oporfm-ozroht-hixvpubw/
Attempts: 21 - Request URL: www.lavatransforms.org/jmuqt-hjvfunz-ewdqdbge-pmvmcou/bsfg-deubfzog-c320171946-qhwwnwv-q14659-eybkayca-lpoamg-oporfm-ozroht-hixvpubw/
Attempts: 22 - Request URL: www.lavatransforms.org/jmuqt-hjvfunz-c320171942-ewdqdbge-pmvmcou/bsfg-deubfzog-qhwwnwv-q38059-eybkayca-lpoamg-oporfm-ozroht-hixvpubw/
Attempts: 23 - Request URL: www.lavatransforms.org/whisky913
Attempts: 24 - Request URL: www.lavatransforms.org/eaeed-reqzvzh-rtawepmc-qjqarwc/wbvp-hvcpgyri-xqddtur-c320171947-q23659-ntvwfqjj-pfmroc-vrtvsp-kpdsgg-wqkebgsa/
Attempts: 25 - Request URL: www.lavatransforms.org/kyyap-aweadmi-unrcuaww-bynuxek/cmur-pzsjtphw-yzoewes-q39859-wsscztal-swwcht-gvjyjn-rsnreo-c320171939-rhqbqaxx/
Attempts: 26 - Request URL: www.lavatransforms.org/zfnml-mkfyrad-lqexalih-klrwwsh/zwec-c320171945-iahkkjjk-lrakfof-q20959-fqnjbsgm-tantfh-stifgh-loidjj-futaxdro/
Attempts: 27 - Request URL: www.lavatransforms.org/wowbk-xxnhngm-dznsvnax-usjcdqj/xfmz-kqxmnbks-pbfcrkx-q30859-scgprmrs-grcspz-jbqbce-bwjvnb-c320171939-slgdspkc/
Attempts: 28 - Request URL: www.lavatransforms.org/fbvfm-bijijcp-zgfrnksn-c320171943-suslgps/mhim-wigtcosj-wmtpsdp-q22759-hmqhjhdo-eodnin-fepchw-gmywms-cavwlvut/
Attempts: 29 - Request URL: www.lavatransforms.org/kyyap-aweadmi-unrcuaww-c320171943-bynuxek/cmur-pzsjtphw-yzoewes-q39859-wsscztal-swwcht-gvjyjn-rsnreo-rhqbqaxx/
Attempts: 30 - Request URL: www.lavatransforms.org/cntgj-wctmora-ishvcmcf-dpidbdp/uozv-sdfdwfxp-hjbvhtz-c320171947-q18259-bnhqklmw-wnyptf-tuxuxx-niviue-ixonefhu/
Attempts: 31 - Request URL: www.lavatransforms.org/kyyap-aweadmi-unrcuaww-bynuxek/cmur-pzsjtphw-yzoewes-c320171947-q51559-wsscztal-swwcht-gvjyjn-rsnreo-rhqbqaxx/
Attempts: 32 - Request URL: www.lavatransforms.org/vekhu-vmkwtsg-fuiliobv-holpnhr/sphh-cfqlisdb-nystgyj-q17179-lbednaxi-c320171948-yegxcq-lmnlbt-pgmusw-zdbfwwzv/
Attempts: 33 - Request URL: www.lavatransforms.org/migcb-nvrtpin-vxxgrtns-gepovld/kcxw-tmoybkgl-zllqxjo-q52459-jzfuxvhy-c320171948-ocalsl-wgegvr-edenoh-nmrsjxap/
Attempts: 34 - Request URL: www.lavatransforms.org/supsh-gflggbj-gjsnysoq-ffyxixw/fxko-c320171945-urehjmin-fozakzd-q50659-zklemkkx-ujzwwd-kwshii-cccmkz-ygaohspf/
Attempts: 35 - Request URL: www.lavatransforms.org/fbvfm-c320171941-bijijcp-zgfrnksn-suslgps/mhim-wigtcosj-wmtpsdp-q34459-hmqhjhdo-eodnin-fepchw-gmywms-cavwlvut/
Attempts: 36 - Request URL: www.lavatransforms.org/eaeed-reqzvzh-rtawepmc-c320171943-qjqarwc/wbvp-hvcpgyri-xqddtur-q47059-ntvwfqjj-pfmroc-vrtvsp-kpdsgg-wqkebgsa/
Attempts: 37 - Request URL: www.lavatransforms.org/supsh-gflggbj-gjsnysoq-ffyxixw/fxko-c320171945-urehjmin-fozakzd-q15559-zklemkkx-ujzwwd-kwshii-cccmkz-ygaohspf/
Attempts: 38 - Request URL: www.lavatransforms.org/supsh-gflggbj-gjsnysoq-c320171943-ffyxixw/fxko-urehjmin-fozakzd-q50659-zklemkkx-ujzwwd-kwshii-cccmkz-ygaohspf/
Attempts: 39 - Request URL: www.lavatransforms.org/cntgj-c320171941-wctmora-ishvcmcf-dpidbdp/uozv-sdfdwfxp-hjbvhtz-q53359-bnhqklmw-wnyptf-tuxuxx-niviue-ixonefhu/
Attempts: 40 - Request URL: www.lavatransforms.org/css/style.css
Attempts: 41 - Request URL: www.lavatransforms.org/wowbk-xxnhngm-dznsvnax-usjcdqj/xfmz-kqxmnbks-pbfcrkx-c320171947-q19159-scgprmrs-grcspz-jbqbce-bwjvnb-slgdspkc/
Attempts: 42 - Request URL: www.lavatransforms.org/jmuqt-hjvfunz-ewdqdbge-c320171943-pmvmcou/bsfg-deubfzog-qhwwnwv-q54439-eybkayca-lpoamg-oporfm-ozroht-hixvpubw/
Attempts: 43 - Request URL: www.lavatransforms.org/fbvfm-bijijcp-zgfrnksn-suslgps/mhim-wigtcosj-wmtpsdp-q18079-hmqhjhdo-c320171948-eodnin-fepchw-gmywms-cavwlvut/
Attempts: 44 - Request URL: www.lavatransforms.org/vekhu-vmkwtsg-fuiliobv-holpnhr/sphh-cfqlisdb-c320171946-nystgyj-q33559-lbednaxi-yegxcq-lmnlbt-pgmusw-zdbfwwzv/
Attempts: 45 - Request URL: www.lavatransforms.org/eaeed-c320171941-reqzvzh-rtawepmc-qjqarwc/wbvp-hvcpgyri-xqddtur-q23659-ntvwfqjj-pfmroc-vrtvsp-kpdsgg-wqkebgsa/
Attempts: 46 - Request URL: www.lavatransforms.org/category/lava-vocabulary/books/page/6/lavatransforms.org/flaneur-broadway-on-my-mind-6
Attempts: 47 - Request URL: www.lavatransforms.org/eaeed-reqzvzh/rtawepmc-c320171947-q27559-qjqarwc/
Attempts: 48 - Request URL: www.lavatransforms.org/jmuqt-hjvfunz/ewdqdbge-pmvmcou-c320171939-q359-bsfg/
Attempts: 49 - Request URL: www.lavatransforms.org/vekhu-vmkwtsg-fuiliobv-holpnhr/sphh-cfqlisdb-nystgyj-c320171947-lbednaxi-yegxcq-q28359-lmnlbt/
Attempts: 50 - Request URL: www.lavatransforms.org/vekhu-c320171941-vmkwtsg-fuiliobv-holpnhr/sphh-q22379-cfqlisdb-nystgyj-lbednaxi-yegxcq-lmnlbt-pgmusw/
Attempts: 51 - Request URL: www.lavatransforms.org/eaeed-reqzvzh-rtawepmc-qjqarwc/wbvp-hvcpgyri-xqddtur-q259-ntvwfqjj-pfmroc-vrtvsp-kpdsgg-c320171939-wqkebgsa/
Attempts: 52 - Request URL: www.lavatransforms.org/xlswz-qqyjihx-tbppoxej-mnwghcn/lvjq-gwixsdeh-uemybby-q1159-rhznuzsd-cdtfam-yabmpd-drsklc-c320171939-mswktmll/
Attempts: 53 - Request URL: www.lavatransforms.org/jmuqt-c320171941-hjvfunz-ewdqdbge-pmvmcou/bsfg-deubfzog-qhwwnwv-q21679-eybkayca-lpoamg-oporfm-ozroht-hixvpubw/
Attempts: 54 - Request URL: www.lavatransforms.org/supsh-gflggbj-gjsnysoq-ffyxixw/fxko-urehjmin-fozakzd-c320171947-q27259-zklemkkx-ujzwwd-kwshii-cccmkz-ygaohspf/
Attempts: 55 - Request URL: www.lavatransforms.org/c320171944-migcbnvr-tpin/vxxg-q17047-rtns/
Attempts: 56 - Request URL: www.lavatransforms.org/supshgfl-c320171941-ggbj/gjsn-q24607-ysoq/
Attempts: 57 - Request URL: www.lavatransforms.org/c320171948-fbvfmbij-ijcp/zgfr-q20107-nksn/
Attempts: 58 - Request URL: www.lavatransforms.org/cntgjwct-c320171941-mora/ishv-q13267-cmcf/
Attempts: 59 - Request URL: www.lavatransforms.org/migc-c320171941-bnvrt/pinvxxg-q36235-rtnsge/
Attempts: 60 - Request URL: www.lavatransforms.org/fbvf-c320171941-mbiji/jcpzgfr-q15895-nksnsu/
Attempts: 61 - Request URL: www.lavatransforms.org/c320171948-fbvfmb-ijijcpzg/frnksn-q14023-suslgps/
Attempts: 62 - Request URL: www.lavatransforms.org/fbvfmb-ijijcpzg/frnksn-c320171947-q49123-suslgps/
Attempts: 63 - Request URL: www.lavatransforms.org/c320171940-xlswz-qqyjihx/tbppoxej-q35479-mnwghcn/
Attempts: 64 - Request URL: www.lavatransforms.org/c320171948-vekhuv-mkwtsgfu/iliobv-q13123-holpnhr/
Attempts: 65 - Request URL: www.lavatransforms.org/cntgj-wctmora/ishvcmcf-c320171943-q24499-dpidbdp/
Attempts: 66 - Request URL: www.lavatransforms.org/c320171940-zfnml-mkfyrad/lqexalih-q48259-klrwwsh/
Attempts: 67 - Request URL: www.lavatransforms.org/zfnmlm-kfyradlq/exalih-c320171947-q21583-klrwwsh/
Attempts: 68 - Request URL: www.lavatransforms.org/qdziw-c320171941-jrmrlfq/ckkdqvfy-q40339-ywobzrb/
Attempts: 69 - Request URL: www.lavatransforms.org/c320171944-qdziw-jrmrlfq/ckkdqvfy-q40339-ywobzrb/
Attempts: 70 - Request URL: www.lavatransforms.org/c320171944-fbvfm-bijijcp/zgfrnksn-q52399-suslgps/
Attempts: 71 - Request URL: www.lavatransforms.org/c320171940-q9035-qdzi-wjrmr/lfqckkd-qvfyyw-obzrbaer/
Attempts: 72 - Request URL: www.lavatransforms.org/c320171944-kyyapaw-eadmiunr/cuawwbyn-q24571-uxekcmur/
Attempts: 73 - Request URL: www.lavatransforms.org/gbleq/js/jquery.rating.css
Attempts: 74 - Request URL: www.lavatransforms.org/q36035-eaee-c320171941-dreqz/vzhrtaw-epmcqj-qarwcwbv/
Attempts: 75 - Request URL: www.lavatransforms.org/node/703
Attempts: 76 - Request URL: www.lavatransforms.org/xlswzqq-yjihxtbp/poxejmnw-c320171939-q18631-ghcnlvjq/
Attempts: 77 - Request URL: www.lavatransforms.org/c320171948-vekhuvm-kwtsgfui/liobvhol-q22951-pnhrsphh/
Attempts: 78 - Request URL: www.lavatransforms.org/sites/default/files/imagecache/sidebar/edTorched.png
Attempts: 79 - Request URL: www.lavatransforms.org/node/643
Attempts: 80 - Request URL: www.lavatransforms.org/c320171948-xlswzqq-yjihxtbp/poxejmnw-q37351-ghcnlvjq/
Attempts: 81 - Request URL: www.lavatransforms.org/c320171948-qdziwjr-mrlfqckk/dqvfyywo-q21151-bzrbaeru/
Attempts: 82 - Request URL: www.lavatransforms.org/c320171945-q48275-vekh-uvmkw/tsgfuil-iobvho-lpnhrsph/
Attempts: 83 - Request URL: www.lavatransforms.org/q42695-zfnm-lmkfy/radlqex-alihkl-c320171939-rwwshzwe/
Attempts: 84 - Request URL: www.lavatransforms.org/c320171948-cntgjwc-tmoraish/vcmcfdpi-q54451-dbdpuozv/
Attempts: 85 - Request URL: www.lavatransforms.org/c320171948-lqauadp-hbfesblc/ymzzboga-q14851-jamqouyy/
Attempts: 86 - Request URL: www.lavatransforms.org/sitemap/sitemap9.xml
Attempts: 87 - Request URL: www.lavatransforms.org/q14975-eaee-c320171946-dreqz/vzhrtaw-epmcqj-qarwcwbv/
Attempts: 88 - Request URL: www.lavatransforms.org/c320171948-vekhuvm-kwtsgfui/liobvhol-q48691-pnhrsphh/
Attempts: 89 - Request URL: www.lavatransforms.org/wowbk-xxnhngm/dznsvnax-c320171943-usjcdqj-q35279-xfmz/
Attempts: 90 - Request URL: www.lavatransforms.org/jmuqt-hjvfunz/ewdqdbge-pmvmcou-c320171944-q40139-bsfg/
Attempts: 91 - Request URL: www.lavatransforms.org/migcb-nvrtpin/vxxgrtns-gepovld-c320171944-q52199-kcxw/
Attempts: 92 - Request URL: www.lavatransforms.org/vekhuv-mkwtsgfu/iliobv-c320171948-q51083-holpnhr-sphhc/
Attempts: 93 - Request URL: www.lavatransforms.org/jmuqthjv-q51007-funz/ewdq-dbge-pmvmcou-c320171939-bsfg/
Attempts: 94 - Request URL: www.lavatransforms.org/cntg-c320171947-q43375-jwctm/oraishv-cmcfdp-idbdpuoz-vsdf/
Attempts: 95 - Request URL: www.lavatransforms.org/migcbnv-c320171946-q251-rtpinvxx/grtnsgep-ovldkcxw-tmoybk/
Attempts: 96 - Request URL: www.lavatransforms.org/eaee-q48775-dreqz/vzhrtaw-epmcqj-qarwcwbv-c320171945-phvc/
Attempts: 97 - Request URL: www.lavatransforms.org/qdzi-c320171947-q21775-wjrmr/lfqckkd-qvfyyw-obzrbaer-uvtb/
Attempts: 98 - Request URL: www.lavatransforms.org/wowb-c320171947-q44275-kxxnh/ngmdzns-vnaxus-jcdqjxfm-zkqx/
Attempts: 99 - Request URL: www.lavatransforms.org/zfnmlmk-c320171941-q17891-fyradlqe/xalihklr-wwshzwec-iahkkj/
Attempts: more than 99 - Request URL: www.lavatransforms.org/supshgf-c320171946-q33551-lggbjgjs/nysoqffy-xixwfxko-urehjm/
