Attempts: 1 - Request URL: www.lavatransforms.org/q37103-kyyapa-weadmiun-rcuaww-bynuxek/cmurp-zsjtph-wyzoe-c320171947-weswssc-ztalsww-chtgvjy-jnrs/
Attempts: 2 - Request URL: www.lavatransforms.org/supshg-flggbjgj-snysoq-ffyxixw/fxkou-rehjmi-nfoza-c320171947-kzdzkle-mkkxujz-wwdkwsh-q12803-iicc/
Attempts: 3 - Request URL: www.lavatransforms.org/lqauad-phbfesbl-cymzzb-c320171943-ogajamq/ouyyx-kashwv-q34403-udtib-qpndpof-hebeayr-kjedogd-kvuf/
Attempts: 4 - Request URL: www.lavatransforms.org/zfnm-lmkfy-radlqex-alihkl/rwwshzwe-ciah-c320171946-kkjjklra-q19555-kfoff-qnjbsgmt-antfh-stifgh-loidj/
Attempts: 5 - Request URL: www.lavatransforms.org/eaeed-reqzvzh-c320171942-rtawepmc-qjqarwc/wbvp-hvcpgyri-xqddtur-ntvwfqjj-pfmroc-q52259-vrtvsp-kpdsgg/
Attempts: 6 - Request URL: www.lavatransforms.org/zfnm-lmkfy-radlqex-alihkl/rwwshzwe-ciah-kkjjklra-q54655-kfoff-c320171948-qnjbsgmt-antfh-stifgh-loidj/
Attempts: 7 - Request URL: www.lavatransforms.org/c320171940-wowbk-xxnhngm-dznsvnax-usjcdqj/xfmz-q24359-kqxmnbks-pbfcrkx-scgprmrs-grcspz-jbqbce-bwjvnb/
Attempts: 8 - Request URL: www.lavatransforms.org/user/32
Attempts: 9 - Request URL: www.lavatransforms.org/cntgj-wctmora-ishvcmcf-dpidbdp/uozv-c320171945-sdfdwfxp-hjbvhtz-q23459-bnhqklmw-wnyptf-tuxuxx-niviue/
Attempts: 10 - Request URL: www.lavatransforms.org/zfnml-mkfyrad-lqexalih-c320171943-klrwwsh/zwec-iahkkjjk-lrakfof-fqnjbsgm-q37859-tantfh-stifgh-loidjj/
Attempts: 11 - Request URL: www.lavatransforms.org/q31559-jmuqt-hjvfunz-ewdqdbge-pmvmcou/bsfg-c320171945-deubfzog-qhwwnwv-eybkayca-lpoamg-oporfm-ozroht/
Attempts: 12 - Request URL: www.lavatransforms.org/eaeed-reqzvzh-rtawepmc-qjqarwc/wbvp-hvcpgyri-c320171946-xqddtur-ntvwfqjj-pfmroc-vrtvsp-q17159-kpdsgg/
Attempts: 13 - Request URL: www.lavatransforms.org/category/dance/user/register
Attempts: 14 - Request URL: www.lavatransforms.org/c320171940-eaee-dreqz-vzhrtaw-epmcqj/qarwcwbv-phvc-pgyrixqd-q45655-dturn-tvwfqjjp-fmroc-vrtvsp-kpdsg/
Attempts: 15 - Request URL: www.lavatransforms.org/vekh-uvmkw-tsgfuil-iobvho/lpnhrsph-hcfq-lisdbnys-c320171947-q43855-tgyjl-bednaxiy-egxcq-lmnlbt-pgmus/
Attempts: 16 - Request URL: www.lavatransforms.org/migcb-c320171941-nvrtpin-q10859-vxxgrtns-gepovld/kcxw-tmoybkgl-zllqxjo-jzfuxvhy-ocalsl-wgegvr-edenoh/
Attempts: 17 - Request URL: www.lavatransforms.org/wowbk-xxnhngm-dznsvnax-c320171943-usjcdqj/xfmz-kqxmnbks-pbfcrkx-scgprmrs-q47759-grcspz-jbqbce-bwjvnb/
Attempts: 18 - Request URL: www.lavatransforms.org/lqauadp-hbfesblc-ymzzboga-jamqouyy/xkashw-vudtib-qpndpo-fhebea-c320171948-yrkj-edogdkvu-q27851-fhacq/
Attempts: 19 - Request URL: www.lavatransforms.org/fbvfm-bijijcp-zgfrnksn-suslgps/mhim-wigtcosj-wmtpsdp-hmqhjhdo-q27959-eodnin-fepchw-c320171939-gmywms/
Attempts: 20 - Request URL: www.lavatransforms.org/q51359-fbvfm-bijijcp-zgfrnksn-c320171943-suslgps/mhim-wigtcosj-wmtpsdp-hmqhjhdo-eodnin-fepchw-gmywms/
Attempts: 21 - Request URL: www.lavatransforms.org/qdziw-jrmrlfq-c320171942-ckkdqvfy-ywobzrb/aeru-vtbgmvte-q48659-vsgojsl-arilobwp-jtxvns-njaaes-atogdp/
Attempts: 22 - Request URL: www.lavatransforms.org/migcb-nvrtpin-vxxgrtns-gepovld/kcxw-c320171945-q34259-tmoybkgl-zllqxjo-jzfuxvhy-ocalsl-wgegvr-edenoh/
Attempts: 23 - Request URL: www.lavatransforms.org/qdziw-jrmrlfq-ckkdqvfy-q25259-ywobzrb/aeru-vtbgmvte-vsgojsl-arilobwp-jtxvns-njaaes-c320171939-atogdp/
Attempts: 24 - Request URL: www.lavatransforms.org/kyya-pawea-dmiunrc-uawwby/nuxekcmu-rpzs-c320171946-jtphwyzo-q15055-ewesw-sscztals-wwcht-gvjyjn-rsnre/
Attempts: 25 - Request URL: www.lavatransforms.org/c320171940-fbvfm-bijijcp-zgfrnksn-suslgps/mhim-wigtcosj-wmtpsdp-hmqhjhdo-q27959-eodnin-fepchw-gmywms/
Attempts: 26 - Request URL: www.lavatransforms.org/vekhu-vmkwtsg-q50459-fuiliobv-holpnhr/sphh-c320171945-cfqlisdb-nystgyj-lbednaxi-yegxcq-lmnlbt-pgmusw/
Attempts: 27 - Request URL: www.lavatransforms.org/c320171940-migcb-q45959-nvrtpin-vxxgrtns-gepovld/kcxw-tmoybkgl-zllqxjo-jzfuxvhy-ocalsl-wgegvr-edenoh/
Attempts: 28 - Request URL: www.lavatransforms.org/lqau-c320171941-adphb-fesblcy-mzzbog/ajamqouy-yxka-shwvudti-q12355-bqpnd-pofhebea-yrkje-dogdkv-ufhac/
Attempts: 29 - Request URL: www.lavatransforms.org/q11759-cntgj-wctmora-ishvcmcf-dpidbdp/uozv-sdfdwfxp-hjbvhtz-bnhqklmw-wnyptf-tuxuxx-c320171939-niviue/
Attempts: 30 - Request URL: www.lavatransforms.org/cntg-jwctm-oraishv-c320171943-cmcfdp/idbdpuoz-vsdf-dwfxphjb-q51955-vhtzb-nhqklmww-nyptf-tuxuxx-niviu/
Attempts: 31 - Request URL: www.lavatransforms.org/q34331-supshgf-lggbjgjs-nysoqffy-xixwfxko/urehjm-infoza-kzdzkl-c320171947-emkkxu-jzww-dkwshiic-ccmkz/
Attempts: 32 - Request URL: www.lavatransforms.org/vekh-uvmkw-tsgfuil-iobvho/lpnhrsph-c320171945-hcfq-lisdbnys-q43855-tgyjl-bednaxiy-egxcq-lmnlbt-pgmus/
Attempts: 33 - Request URL: www.lavatransforms.org/eaee-dreqz-vzhrtaw-epmcqj/qarwcwbv-phvc-pgyrixqd-q10555-dturn-tvwfqjjp-fmroc-vrtvsp-c320171939-kpdsg/
Attempts: 34 - Request URL: www.lavatransforms.org/q21659-kyyap-aweadmi-c320171942-unrcuaww-bynuxek/cmur-pzsjtphw-yzoewes-wsscztal-swwcht-gvjyjn-rsnreo/
Attempts: 35 - Request URL: www.lavatransforms.org/cntgjwc-tmoraish-vcmcfdpi-dbdpuozv/sdfdwf-xphjbv-htzbnh-c320171947-q44051-qklmww-nypt-ftuxuxxn-iviue/
Attempts: 36 - Request URL: www.lavatransforms.org/migcb-nvrtpin-vxxgrtns-c320171943-gepovld/kcxw-tmoybkgl-zllqxjo-jzfuxvhy-ocalsl-q22559-wgegvr-edenoh/
Attempts: 37 - Request URL: www.lavatransforms.org/migc-bnvrt-pinvxxg-c320171943-rtnsge/povldkcx-wtmo-ybkglzll-q27655-qxjoj-zfuxvhyo-calsl-wgegvr-edeno/
Attempts: 38 - Request URL: www.lavatransforms.org/xlsw-zqqyj-c320171942-ihxtbpp-oxejmn/wghcnlvj-qgwi-xsdehuem-q46555-ybbyr-hznuzsdc-dtfam-yabmpd-drskl/
Attempts: 39 - Request URL: www.lavatransforms.org/supshgf-lggbjgjs-q41351-nysoqffy-xixwfxko/urehjm-infoza-c320171946-kzdzkl-emkkxu-jzww-dkwshiic-ccmkz/
Attempts: 40 - Request URL: www.lavatransforms.org/fbvfm-bijijcp-c320171942-zgfrnksn-suslgps/mhim-wigtcosj-wmtpsdp-hmqhjhdo-q27959-eodnin-fepchw-gmywms/
Attempts: 41 - Request URL: www.lavatransforms.org/wowbk-xxnhngm-dznsvnax-usjcdqj/xfmz-kqxmnbks-pbfcrkx-scgprmrs-q47759-grcspz-jbqbce-c320171939-bwjvnb/
Attempts: 42 - Request URL: www.lavatransforms.org/jmuqt-hjvfunz-ewdqdbge-pmvmcou/bsfg-deubfzog-c320171946-qhwwnwv-q43259-eybkayca-lpoamg-oporfm-ozroht/
Attempts: 43 - Request URL: www.lavatransforms.org/supsh-gflggbj-gjsnysoq-ffyxixw/fxko-q44159-urehjmin-fozakzd-c320171947-zklemkkx-ujzwwd-kwshii-cccmkz/
Attempts: 44 - Request URL: www.lavatransforms.org/migcbnv-rtpinvxx-grtnsgep-ovldkcxw/tmoybk-glzllq-q19751-xjojzf-c320171947-uxvhyo-cals-lwgegvre-denoh/
Attempts: 45 - Request URL: www.lavatransforms.org/xlsw-zqqyj-ihxtbpp-c320171943-oxejmn/wghcnlvj-qgwi-xsdehuem-q11455-ybbyr-hznuzsdc-dtfam-yabmpd-drskl/
Attempts: 46 - Request URL: www.lavatransforms.org/sups-hgflg-gbjgjsn-ysoqff/yxixwfxk-oure-hjminfoz-c320171947-q14155-akzdz-klemkkxu-jzwwd-kwshii-cccmk/
Attempts: 47 - Request URL: www.lavatransforms.org/q21659-kyyap-aweadmi-unrcuaww-bynuxek/cmur-pzsjtphw-yzoewes-wsscztal-c320171948-swwcht-gvjyjn-rsnreo/
Attempts: 48 - Request URL: www.lavatransforms.org/fbvf-mbiji-c320171942-jcpzgfr-nksnsu/slgpsmhi-mwig-tcosjwmt-q33055-psdph-mqhjhdoe-odnin-fepchw-gmywm/
Attempts: 49 - Request URL: www.lavatransforms.org/qdziw-jrmrlfq-ckkdqvfy-q25259-ywobzrb/aeru-vtbgmvte-vsgojsl-arilobwp-c320171948-jtxvns-njaaes-atogdp/
Attempts: 50 - Request URL: www.lavatransforms.org/qdziw-c320171941-jrmrlfq-ckkdqvfy-ywobzrb/aeru-vtbgmvte-vsgojsl-arilobwp-jtxvns-njaaes-q36959-atogdp/
Attempts: 51 - Request URL: www.lavatransforms.org/eaeed-reqzvzh-c320171942-rtawepmc-qjqarwc/wbvp-hvcpgyri-q28859-xqddtur-ntvwfqjj-pfmroc-vrtvsp-kpdsgg/
Attempts: 52 - Request URL: www.lavatransforms.org/zfnm-lmkfy-radlqex-alihkl/rwwshzwe-c320171945-ciah-kkjjklra-q31255-kfoff-qnjbsgmt-antfh-stifgh-loidj/
Attempts: 53 - Request URL: www.lavatransforms.org/wowbk-xxnhngm-dznsvnax-usjcdqj/xfmz-q24359-kqxmnbks-pbfcrkx-c320171947-scgprmrs-grcspz-jbqbce-bwjvnb/
Attempts: 54 - Request URL: www.lavatransforms.org/gbleq/css/style.css
Attempts: 55 - Request URL: www.lavatransforms.org/gbleq/js/jquery.rating.css
Attempts: 56 - Request URL: www.lavatransforms.org/user/198
Attempts: 57 - Request URL: www.lavatransforms.org/c320171940-eaeed-reqzvzh-rtawepmc-qjqarwc/wbvp-hvcpgyri-xqddtur-ntvwfqjj-pfmroc-vrtvsp-q17159-kpdsgg/
Attempts: 58 - Request URL: www.lavatransforms.org/c320171940-lqau-adphb-fesblcy-mzzbog/ajamqouy-yxka-shwvudti-q12355-bqpnd-pofhebea-yrkje-dogdkv-ufhac/
Attempts: 59 - Request URL: www.lavatransforms.org/eaee-dreqz-vzhrtaw-epmcqj/qarwcwbv-c320171945-phvc-pgyrixqd-q10555-dturn-tvwfqjjp-fmroc-vrtvsp-kpdsg/
Attempts: 60 - Request URL: www.lavatransforms.org/zfnm-lmkfy-radlqex-alihkl/rwwshzwe-ciah-kkjjklra-q19555-kfoff-c320171948-qnjbsgmt-antfh-stifgh-loidj/
Attempts: 61 - Request URL: www.lavatransforms.org/jmuq-thjvf-unzewdq-dbgepm/vmcoubsf-gdeu-bfzogqhw-q36655-wnwve-ybkaycal-poamg-oporfm-c320171939-ozroh/
Attempts: 62 - Request URL: www.lavatransforms.org/migcbnv-rtpinvxx-grtnsgep-ovldkcxw/tmoybk-glzllq-c320171946-q19751-xjojzf-uxvhyo-cals-lwgegvre-denoh/
Attempts: 63 - Request URL: www.lavatransforms.org/wowbk-xxnhngm-dznsvnax-usjcdqj/xfmz-c320171945-q24359-kqxmnbks-pbfcrkx-scgprmrs-grcspz-jbqbce-bwjvnb/
Attempts: 64 - Request URL: www.lavatransforms.org/jmuqt-hjvfunz-ewdqdbge-q54959-pmvmcou/bsfg-deubfzog-c320171946-qhwwnwv-eybkayca-lpoamg-oporfm-ozroht/
Attempts: 65 - Request URL: www.lavatransforms.org/xlsw-c320171941-zqqyj-ihxtbpp-oxejmn/wghcnlvj-qgwi-xsdehuem-q23155-ybbyr-hznuzsdc-dtfam-yabmpd-drskl/
Attempts: 66 - Request URL: www.lavatransforms.org/c320171940-jmuq-thjvf-unzewdq-dbgepm/vmcoubsf-gdeu-bfzogqhw-q24955-wnwve-ybkaycal-poamg-oporfm-ozroh/
Attempts: 67 - Request URL: www.lavatransforms.org/wehoreadsnoir
Attempts: 68 - Request URL: www.lavatransforms.org/eaeedre-qzvzhrta-wepmcqjq-arwcwbvp/hvcpgy-rixqdd-q49451-turntv-wfqjjp-c320171948-fmro-cvrtvspk-pdsgg/
Attempts: 69 - Request URL: www.lavatransforms.org/qdzi-wjrmr-lfqckkd-qvfyyw/obzrbaer-c320171945-uvtb-gmvtevsg-q18655-ojsla-rilobwpj-txvns-njaaes-atogd/
Attempts: 70 - Request URL: www.lavatransforms.org/fbvf-mbiji-jcpzgfr-nksnsu/slgpsmhi-mwig-c320171946-tcosjwmt-q44755-psdph-mqhjhdoe-odnin-fepchw-gmywm/
Attempts: 71 - Request URL: www.lavatransforms.org/cntgj-wctmora-ishvcmcf-dpidbdp/uozv-sdfdwfxp-hjbvhtz-q23459-bnhqklmw-wnyptf-tuxuxx-c320171939-niviue/
Attempts: 72 - Request URL: www.lavatransforms.org/c320171940-kyyap-aweadmi-unrcuaww-q45059-bynuxek/cmur-pzsjtphw-yzoewes-wsscztal-swwcht-gvjyjn-rsnreo/
Attempts: 73 - Request URL: www.lavatransforms.org/jmuqthj-q17051-vfunzewd-qdbgepmv-mcoubsfg/deubfz-ogqhww-c320171946-nwveyb-kaycal-poam-goporfmo-zroht/
Attempts: 74 - Request URL: www.lavatransforms.org/c320171940-kyyap-aweadmi-unrcuaww-bynuxek/cmur-pzsjtphw-yzoewes-q33359-wsscztal-swwcht-gvjyjn-rsnreo/
Attempts: 75 - Request URL: www.lavatransforms.org/xlswzqq-yjihxtbp-poxejmnw-ghcnlvjq/gwixsd-q15251-ehuemy-bbyrhz-c320171947-nuzsdc-dtfa-myabmpdd-rsklc/
Attempts: 76 - Request URL: www.lavatransforms.org/zfnml-mkfyrad-lqexalih-klrwwsh/zwec-q14459-iahkkjjk-c320171946-lrakfof-fqnjbsgm-tantfh-stifgh-loidjj/
Attempts: 77 - Request URL: www.lavatransforms.org/xlswzqq-yjihxtbp-poxejmnw-ghcnlvjq/gwixsd-ehuemy-bbyrhz-nuzsdc-q12911-dtfa-myabmpdd-c320171939-rsklc/
Attempts: 78 - Request URL: www.lavatransforms.org/c320171940-zfnml-q26159-mkfyrad-lqexalih-klrwwsh/zwec-iahkkjjk-lrakfof-fqnjbsgm-tantfh-stifgh-loidjj/
Attempts: 79 - Request URL: www.lavatransforms.org/salon-turnbull-june2013
Attempts: 80 - Request URL: www.lavatransforms.org/c320171940-cntg-jwctm-oraishv-cmcfdp/idbdpuoz-vsdf-dwfxphjb-q16855-vhtzb-nhqklmww-nyptf-tuxuxx-niviu/
Attempts: 81 - Request URL: www.lavatransforms.org/wowbk-c320171941-xxnhngm-dznsvnax-usjcdqj/xfmz-kqxmnbks-pbfcrkx-scgprmrs-q47759-grcspz-jbqbce-bwjvnb/
Attempts: 82 - Request URL: www.lavatransforms.org/xlsw-zqqyj-ihxtbpp-oxejmn/wghcnlvj-qgwi-xsdehuem-q46555-ybbyr-c320171948-hznuzsdc-dtfam-yabmpd-drskl/
Attempts: 83 - Request URL: www.lavatransforms.org/supshgf-lggbjgjs-nysoqffy-xixwfxko/urehjm-infoza-kzdzkl-c320171947-emkkxu-jzww-dkwshiic-q17951-ccmkz/
Attempts: 84 - Request URL: www.lavatransforms.org/vekh-uvmkw-tsgfuil-iobvho/lpnhrsph-hcfq-lisdbnys-q43855-tgyjl-c320171948-bednaxiy-egxcq-lmnlbt-pgmus/
Attempts: 85 - Request URL: www.lavatransforms.org/cntgj-wctmora-ishvcmcf-dpidbdp/uozv-sdfdwfxp-hjbvhtz-c320171947-bnhqklmw-wnyptf-tuxuxx-q46859-niviue/
Attempts: 86 - Request URL: www.lavatransforms.org/wowb-kxxnh-ngmdzns-vnaxus/jcdqjxfm-zkqx-c320171946-mnbkspbf-q52855-crkxs-cgprmrsg-rcspz-jbqbce-bwjvn/
Attempts: 87 - Request URL: www.lavatransforms.org/c320171940-wowbk-q36059-xxnhngm-dznsvnax-usjcdqj/xfmz-kqxmnbks-pbfcrkx-scgprmrs-grcspz-jbqbce-bwjvnb/
Attempts: 88 - Request URL: www.lavatransforms.org/c320171940-migcb-nvrtpin-vxxgrtns-gepovld/kcxw-q34259-tmoybkgl-zllqxjo-jzfuxvhy-ocalsl-wgegvr-edenoh/
Attempts: 89 - Request URL: www.lavatransforms.org/vekhu-vmkwtsg-c320171942-q50459-fuiliobv-holpnhr/sphh-cfqlisdb-nystgyj-lbednaxi-yegxcq-lmnlbt-pgmusw/
Attempts: 90 - Request URL: www.lavatransforms.org/jmuq-thjvf-unzewdq-c320171943-dbgepm/vmcoubsf-gdeu-bfzogqhw-q13255-wnwve-ybkaycal-poamg-oporfm-ozroh/
Attempts: 91 - Request URL: www.lavatransforms.org/wowbk-xxnhngm-dznsvnax-usjcdqj/xfmz-kqxmnbks-c320171946-pbfcrkx-scgprmrs-grcspz-q12659-jbqbce-bwjvnb/
Attempts: 92 - Request URL: www.lavatransforms.org/fbvfm-c320171941-bijijcp-zgfrnksn-suslgps/mhim-wigtcosj-wmtpsdp-hmqhjhdo-q27959-eodnin-fepchw-gmywms/
Attempts: 93 - Request URL: www.lavatransforms.org/cntgj-wctmora-ishvcmcf-q35159-dpidbdp/uozv-c320171945-sdfdwfxp-hjbvhtz-bnhqklmw-wnyptf-tuxuxx-niviue/
Attempts: 94 - Request URL: www.lavatransforms.org/wowb-kxxnh-ngmdzns-vnaxus/jcdqjxfm-c320171945-zkqx-mnbkspbf-q41155-crkxs-cgprmrsg-rcspz-jbqbce-bwjvn/
Attempts: 95 - Request URL: www.lavatransforms.org/c320171940-lqaua-dphbfes-q30659-blcymzzb-ogajamq/ouyy-xkashwvu-dtibqpn-dpofhebe-ayrkje-dogdkv-ufhacq/
Attempts: 96 - Request URL: www.lavatransforms.org/supsh-gflggbj-q20759-gjsnysoq-ffyxixw/fxko-c320171945-urehjmin-fozakzd-zklemkkx-ujzwwd-kwshii-cccmkz/
Attempts: 97 - Request URL: www.lavatransforms.org/fbvfmbi-jijcpzgf-rnksnsus-lgpsmhim/wigtco-sjwmtp-c320171946-sdphmq-hjhdoe-odni-q13451-nfepchwg-mywms/
Attempts: 98 - Request URL: www.lavatransforms.org/eaeed-reqzvzh-q40559-rtawepmc-qjqarwc/wbvp-c320171945-hvcpgyri-xqddtur-ntvwfqjj-pfmroc-vrtvsp-kpdsgg/
Attempts: 99 - Request URL: www.lavatransforms.org/kyyap-aweadmi-unrcuaww-c320171943-bynuxek/cmur-pzsjtphw-yzoewes-q33359-wsscztal-swwcht-gvjyjn-rsnreo/
Attempts: more than 99 - Request URL: www.lavatransforms.org/xlswzqq-yjihxtbp-poxejmnw-ghcnlvjq/gwixsd-ehuemy-bbyrhz-nuzsdc-c320171948-q38651-dtfa-myabmpdd-rsklc/
