Attempts: 1 - Request URL: www.lavatransforms.org/cntg-jwctm-c320171946-oraishv/cmcfdp-idbdpuoz-vsdf-dwfxphjb-q42855-vhtzb/
Attempts: 2 - Request URL: www.lavatransforms.org/qdzi-wjrmr-c320171946-lfqckkd/qvfyyw-obzrbaer-uvtb-gmvtevsg-q21255-ojsla/
Attempts: 3 - Request URL: www.lavatransforms.org/migc-bnvrt-pinvxxg/rtnsge-c320171940-povldkcx-wtmo-ybkglzll-q30255-qxjoj/
Attempts: 4 - Request URL: www.lavatransforms.org/zfnmlmk-fyradlqe-q16851-xalihklr/wwshzwec-c320171947-iahkkj-jklrak-foffqn/
Attempts: 5 - Request URL: www.lavatransforms.org/q51051-qdziwjr-mrlfqckk-dqvfyywo/bzrbaeru-vtbgmv-c320171948-tevsgo-jslari/
Attempts: 6 - Request URL: www.lavatransforms.org/gaines2015
Attempts: 7 - Request URL: www.lavatransforms.org/welovela
Attempts: 8 - Request URL: www.lavatransforms.org/whisky913
Attempts: 9 - Request URL: www.lavatransforms.org/video/lavasalonvideotemplate/derangedlacrimes.com
Attempts: 10 - Request URL: www.lavatransforms.org/category/preservation/page/12/elalisal2013
Attempts: 11 - Request URL: www.lavatransforms.org/category/preservation/page/12/southwestmuseum2013
Attempts: 12 - Request URL: www.lavatransforms.org/category/lava-vocabulary/technology/user/login
Attempts: 13 - Request URL: www.lavatransforms.org/category/spirituality/user/login
Attempts: 14 - Request URL: www.lavatransforms.org/category/blog/page/13/cityscapes
Attempts: 15 - Request URL: www.lavatransforms.org/wowbkx-xnhngmdz-nsvnax/usjcdqj-xfmzk-c320171941-qxmnbk-spbfc-q2103-rkxscgp/
Attempts: 16 - Request URL: www.lavatransforms.org/fbvfmb-ijijcpzg-frnksn/suslgps-mhimw-igtcos-c320171942-jwmtp-q5703-sdphmqh/
Attempts: 17 - Request URL: www.lavatransforms.org/lqauadph-bfes-blcy-c320171943-mzzb/ogajamq-ouyy-xkas-q2007-hwvud-tibq-pndpofh/
Attempts: 18 - Request URL: www.lavatransforms.org/zfnml-mkfyrad-lqexalih/klrwwsh-zwec-c320171941-iahkkjjk-lrakfof-q159-fqnjbsgm/
Attempts: 19 - Request URL: www.lavatransforms.org/crimelabnovember2014
Attempts: 20 - Request URL: www.lavatransforms.org/wowb-kxxnh-q45705-ngmdzns-c320171946-vnaxus-jcdqjxfm-zkqx-mnbkspbf.do
