Attempts: 1 - Request URL: www.lavatransforms.org/supshgf-q7551-lggbjgjs-nysoqffy-xixwfxko/urehjm-infoza-kzdzkl-c320171947-emkkxu-jzww-dkwshiic/
Attempts: 2 - Request URL: www.lavatransforms.org/q2255-vekh-uvmkw-tsgfuil-iobvho/lpnhrsph-hcfq-c320171946-lisdbnys-tgyjl-bednaxiy-egxcq-lmnlbt/
Attempts: 3 - Request URL: www.lavatransforms.org/c320171940-migcb-nvrtpin-vxxgrtns-gepovld/kcxw-tmoybkgl-zllqxjo-jzfuxvhy-ocalsl-q12159-wgegvr/
Attempts: 4 - Request URL: www.lavatransforms.org/vekhu-vmkwtsg-fuiliobv-holpnhr/sphh-cfqlisdb-nystgyj-lbednaxi-yegxcq-c320171939-q40059-lmnlbt/
Attempts: 5 - Request URL: www.lavatransforms.org/fbvf-q26555-mbiji-jcpzgfr-nksnsu/slgpsmhi-mwig-tcosjwmt-psdph-mqhjhdoe-odnin-c320171939-fepchw/
Attempts: 6 - Request URL: www.lavatransforms.org/wowb-q46355-kxxnh-ngmdzns-vnaxus/jcdqjxfm-zkqx-mnbkspbf-crkxs-cgprmrsg-rcspz-c320171939-jbqbce/
Attempts: 7 - Request URL: www.lavatransforms.org/c320171940-wowb-kxxnh-q11255-ngmdzns-vnaxus/jcdqjxfm-zkqx-mnbkspbf-crkxs-cgprmrsg-rcspz-jbqbce/
Attempts: 8 - Request URL: www.lavatransforms.org/vekh-uvmkw-c320171942-tsgfuil-iobvho/lpnhrsph-hcfq-lisdbnys-tgyjl-bednaxiy-egxcq-q37355-lmnlbt/
Attempts: 9 - Request URL: www.lavatransforms.org/jmuq-thjvf-unzewdq-c320171943-dbgepm/vmcoubsf-gdeu-bfzogqhw-wnwve-q18455-ybkaycal-poamg-oporfm/
Attempts: 10 - Request URL: www.lavatransforms.org/xlsw-q16655-zqqyj-ihxtbpp-oxejmn/wghcnlvj-qgwi-xsdehuem-c320171947-ybbyr-hznuzsdc-dtfam-yabmpd/
Attempts: 11 - Request URL: www.lavatransforms.org/migc-bnvrt-c320171942-pinvxxg-rtnsge/povldkcx-q44555-wtmo-ybkglzll-qxjoj-zfuxvhyo-calsl-wgegvr/
Attempts: 12 - Request URL: www.lavatransforms.org/wowb-kxxnh-ngmdzns-vnaxus/jcdqjxfm-q34655-zkqx-mnbkspbf-crkxs-cgprmrsg-rcspz-c320171939-jbqbce/
Attempts: 13 - Request URL: www.lavatransforms.org/wowbkxx-q22851-nhngmdzn-svnaxusj-cdqjxfmz/kqxmnb-kspbfc-rkxscg-c320171947-prmrsg-rcsp-zjbqbceb/
Attempts: 14 - Request URL: www.lavatransforms.org/eaee-dreqz-vzhrtaw-q15755-epmcqj/qarwcwbv-phvc-pgyrixqd-dturn-tvwfqjjp-fmroc-c320171939-vrtvsp/
Attempts: 15 - Request URL: www.lavatransforms.org/jmuq-thjvf-unzewdq-dbgepm/vmcoubsf-gdeu-bfzogqhw-c320171947-wnwve-q18455-ybkaycal-poamg-oporfm/
Attempts: 16 - Request URL: www.lavatransforms.org/xlsw-zqqyj-ihxtbpp-oxejmn/wghcnlvj-c320171945-qgwi-xsdehuem-ybbyr-q28355-hznuzsdc-dtfam-yabmpd/
Attempts: 17 - Request URL: www.lavatransforms.org/lqauadp-q52551-hbfesblc-ymzzboga-jamqouyy/xkashw-vudtib-qpndpo-fhebea-c320171948-yrkj-edogdkvu/
Attempts: 18 - Request URL: www.lavatransforms.org/c320171940-zfnm-lmkfy-radlqex-alihkl/rwwshzwe-ciah-kkjjklra-kfoff-qnjbsgmt-q13055-antfh-stifgh/
Attempts: 19 - Request URL: www.lavatransforms.org/c320171940-zfnm-lmkfy-radlqex-alihkl/rwwshzwe-q24755-ciah-kkjjklra-kfoff-qnjbsgmt-antfh-stifgh/
Attempts: 20 - Request URL: www.lavatransforms.org/vekh-uvmkw-tsgfuil-iobvho/lpnhrsph-hcfq-lisdbnys-c320171947-q13955-tgyjl-bednaxiy-egxcq-lmnlbt/
Attempts: 21 - Request URL: www.lavatransforms.org/sups-hgflg-gbjgjsn-ysoqff/yxixwfxk-q54455-oure-hjminfoz-akzdz-klemkkxu-jzwwd-c320171939-kwshii/
Attempts: 22 - Request URL: www.lavatransforms.org/user/login
Attempts: 23 - Request URL: www.lavatransforms.org/nefflamirada2013
Attempts: 24 - Request URL: www.lavatransforms.org/nefflamirada2013
Attempts: 25 - Request URL: www.lavatransforms.org/wowb-c320171941-kxxnh-q11255-ngmdzns-vnaxus/jcdqjxfm-zkqx-mnbkspbf-crkxs-cgprmrsg-rcspz-jbqbce/
Attempts: 26 - Request URL: www.lavatransforms.org/jmuqthj-q30051-vfunzewd-qdbgepmv-mcoubsfg/deubfz-ogqhww-nwveyb-c320171947-kaycal-poam-goporfmo/
Attempts: 27 - Request URL: www.lavatransforms.org/kyya-pawea-dmiunrc-uawwby/nuxekcmu-c320171945-rpzs-jtphwyzo-q43655-ewesw-sscztals-wwcht-gvjyjn/
Attempts: 28 - Request URL: www.lavatransforms.org/c320171940-kyya-q48335-pawea-dmiunrc-uawwby/nuxekcmu-rpzs-jtphwyzo-ewesw-sscztals-wwcht-gvjyjn/
Attempts: 29 - Request URL: www.lavatransforms.org/c320171940-jmuq-thjvf-unzewdq-dbgepm/vmcoubsf-gdeu-bfzogqhw-q53555-wnwve-ybkaycal-poamg-oporfm/
Attempts: 30 - Request URL: www.lavatransforms.org/q31955-kyya-pawea-dmiunrc-uawwby/nuxekcmu-rpzs-jtphwyzo-ewesw-c320171948-sscztals-wwcht-gvjyjn/
Attempts: 31 - Request URL: www.lavatransforms.org/wowb-kxxnh-ngmdzns-c320171943-vnaxus/jcdqjxfm-q34655-zkqx-mnbkspbf-crkxs-cgprmrsg-rcspz-jbqbce/
Attempts: 32 - Request URL: www.lavatransforms.org/qdzi-wjrmr-c320171942-lfqckkd-qvfyyw/obzrbaer-uvtb-gmvtevsg-ojsla-rilobwpj-txvns-q47255-njaaes/
Attempts: 33 - Request URL: www.lavatransforms.org/qdzi-wjrmr-lfqckkd-qvfyyw/obzrbaer-uvtb-gmvtevsg-q23855-ojsla-c320171948-rilobwpj-txvns-njaaes/
Attempts: 34 - Request URL: www.lavatransforms.org/c320171940-eaee-dreqz-vzhrtaw-epmcqj/qarwcwbv-phvc-q39155-pgyrixqd-dturn-tvwfqjjp-fmroc-vrtvsp/
Attempts: 35 - Request URL: www.lavatransforms.org/crimelabjan2015
Attempts: 36 - Request URL: www.lavatransforms.org/crimelabjan2015
Attempts: 37 - Request URL: www.lavatransforms.org/q17303-qdziwj-rmrlfqck-kdqvfy-ywobzrb/aeruv-tbgmvt-evsgo-jslaril-c320171948-obwpjtx-vnsnjaa-esat/
Attempts: 38 - Request URL: www.lavatransforms.org/supshg-flggbjgj-c320171942-snysoq-ffyxixw/fxkou-rehjmi-nfoza-kzdzkle-mkkxujz-wwdkwsh-q12803-iicc/
Attempts: 39 - Request URL: www.lavatransforms.org/vekhuv-mkwtsgfu-iliobv-holpnhr/sphhc-fqlisd-bnyst-q19103-gyjlbed-c320171948-naxiyeg-xcqlmnl-btpg/
Attempts: 40 - Request URL: www.lavatransforms.org/c320171940-zfnmlm-kfyradlq-exalih-klrwwsh/zweci-ahkkjj-klrak-foffqnj-q53303-bsgmtan-tfhstif-ghlo/
Attempts: 41 - Request URL: www.lavatransforms.org/eaeedr-eqzvzhrt-awepmc-qjqarwc/wbvph-vcpgyr-c320171946-ixqdd-turntvw-fqjjpfm-rocvrtv-q32603-spkp/
Attempts: 42 - Request URL: www.lavatransforms.org/eaeedr-eqzvzhrt-c320171942-awepmc-qjqarwc/wbvph-vcpgyr-ixqdd-turntvw-fqjjpfm-q41963-rocvrtv-spkp/
Attempts: 43 - Request URL: www.lavatransforms.org/vekhuv-mkwtsgfu-iliobv-holpnhr/sphhc-fqlisd-q54203-bnyst-gyjlbed-naxiyeg-xcqlmnl-c320171939-btpg/
Attempts: 44 - Request URL: www.lavatransforms.org/jmuqth-q11903-jvfunzew-c320171942-dqdbge-pmvmcou/bsfgd-eubfzo-gqhww-nwveybk-aycalpo-amgopor-fmoz/
Attempts: 45 - Request URL: www.lavatransforms.org/c320171940-supshg-flggbjgj-q36203-snysoq-ffyxixw/fxkou-rehjmi-nfoza-kzdzkle-mkkxujz-wwdkwsh-iicc/
Attempts: 46 - Request URL: www.lavatransforms.org/wowbkx-xnhngmdz-q16403-nsvnax-usjcdqj/xfmzk-c320171945-qxmnbk-spbfc-rkxscgp-rmrsgrc-spzjbqb-cebw/
Attempts: 47 - Request URL: www.lavatransforms.org/vekhuv-mkwtsgfu-iliobv-holpnhr/sphhc-fqlisd-c320171946-bnyst-gyjlbed-naxiyeg-xcqlmnl-q42503-btpg/
Attempts: 48 - Request URL: www.lavatransforms.org/q41063-fbvfmb-ijijcpzg-c320171942-frnksn-suslgps/mhimw-igtcos-jwmtp-sdphmqh-jhdoeod-ninfepc-hwgm/
Attempts: 49 - Request URL: www.lavatransforms.org/wowbkx-q51503-xnhngmdz-nsvnax-usjcdqj/xfmzk-qxmnbk-spbfc-rkxscgp-rmrsgrc-spzjbqb-c320171939-cebw/
Attempts: 50 - Request URL: www.lavatransforms.org/migcbn-vrtpinvx-xgrtns-gepovld/kcxwt-moybkg-lzllq-xjojzfu-c320171948-xvhyoca-lslwgeg-q28643-vred/
Attempts: 51 - Request URL: www.lavatransforms.org/category/food/page/4/subscribe
Attempts: 52 - Request URL: www.lavatransforms.org/qdziwj-rmrlfqck-kdqvfy-ywobzrb/aeruv-tbgmvt-evsgo-q29003-jslaril-c320171948-obwpjtx-vnsnjaa-esat/
Attempts: 53 - Request URL: www.lavatransforms.org/c320171940-xlswzq-q21803-qyjihxtb-ppoxej-mnwghcn/lvjqg-wixsde-huemy-bbyrhzn-uzsdcdt-famyabm-pddr/
Attempts: 54 - Request URL: www.lavatransforms.org/qdziwj-rmrlfqck-kdqvfy-ywobzrb/aeruv-tbgmvt-c320171946-evsgo-jslaril-obwpjtx-vnsnjaa-q52403-esat/
Attempts: 55 - Request URL: www.lavatransforms.org/kyyapa-weadmiun-rcuaww-bynuxek/cmurp-zsjtph-wyzoe-q48803-weswssc-ztalsww-chtgvjy-c320171939-jnrs/
Attempts: 56 - Request URL: www.lavatransforms.org/jmuqth-jvfunzew-dqdbge-pmvmcou/bsfgd-c320171945-eubfzo-gqhww-nwveybk-q23603-aycalpo-amgopor-fmoz/
Attempts: 57 - Request URL: www.lavatransforms.org/supshg-flggbjgj-snysoq-ffyxixw/fxkou-c320171945-rehjmi-q24503-nfoza-kzdzkle-mkkxujz-wwdkwsh-iicc/
Attempts: 58 - Request URL: www.lavatransforms.org/jmuqth-jvfunzew-dqdbge-pmvmcou/bsfgd-eubfzo-gqhww-nwveybk-c320171948-q23603-aycalpo-amgopor-fmoz/
Attempts: 59 - Request URL: www.lavatransforms.org/jmuqth-c320171941-jvfunzew-dqdbge-pmvmcou/bsfgd-eubfzo-gqhww-nwveybk-q23603-aycalpo-amgopor-fmoz/
Attempts: 60 - Request URL: www.lavatransforms.org/q27203-cntgjw-ctmorais-hvcmcf-dpidbdp/uozvs-c320171945-dfdwfx-phjbv-htzbnhq-klmwwny-ptftuxu-xxni/
Attempts: 61 - Request URL: www.lavatransforms.org/wowbk-xxnhngm-q959-dznsvnax-usjcdqj/xfmz-kqxmnbks-pbfcrkx-c320171947-scgprmrs-grcspz-jbqbce-bwjvnb/
Attempts: 62 - Request URL: www.lavatransforms.org/kyya-pawea-dmiunrc-uawwby/nuxekcmu-rpzs-c320171946-jtphwyzo-q3355-ewesw-sscztals-wwcht-gvjyjn-rsnre/
Attempts: 63 - Request URL: www.lavatransforms.org/xlswzqq-yjihxtbp-poxejmnw-q8231-ghcnlvjq/gwixsd-ehuemy-bbyrhz-nuzsdc-dtfa-myabmpdd-c320171939-rsklc/
Attempts: 64 - Request URL: www.lavatransforms.org/c320171940-fbvf-mbiji-jcpzgfr-nksnsu/slgpsmhi-mwig-tcosjwmt-q9655-psdph-mqhjhdoe-odnin-fepchw-gmywm/
Attempts: 65 - Request URL: www.lavatransforms.org/sups-hgflg-gbjgjsn-c320171943-ysoqff/yxixwfxk-oure-hjminfoz-q2455-akzdz-klemkkxu-jzwwd-kwshii-cccmk/
Attempts: 66 - Request URL: www.lavatransforms.org/xlswz-q6359-qqyjihx-tbppoxej-mnwghcn/lvjq-gwixsdeh-uemybby-rhznuzsd-c320171948-cdtfam-yabmpd-drsklc/
Attempts: 67 - Request URL: www.lavatransforms.org/fbvfm-bijijcp-zgfrnksn-suslgps/mhim-q4559-wigtcosj-c320171946-wmtpsdp-hmqhjhdo-eodnin-fepchw-gmywms/
Attempts: 68 - Request URL: www.lavatransforms.org/jmuqt-hjvfunz-ewdqdbge-pmvmcou/bsfg-deubfzog-c320171946-qhwwnwv-eybkayca-q8159-lpoamg-oporfm-ozroht/
Attempts: 69 - Request URL: www.lavatransforms.org/xlswz-q6359-qqyjihx-tbppoxej-mnwghcn/lvjq-c320171945-gwixsdeh-uemybby-rhznuzsd-cdtfam-yabmpd-drsklc/
Attempts: 70 - Request URL: www.lavatransforms.org/wowbkxx-nhngmdzn-svnaxusj-cdqjxfmz/kqxmnb-kspbfc-q9851-rkxscg-prmrsg-c320171948-rcsp-zjbqbceb-wjvnb/
Attempts: 71 - Request URL: www.lavatransforms.org/fbvf-c320171941-mbiji-jcpzgfr-nksnsu/slgpsmhi-mwig-tcosjwmt-q9655-psdph-mqhjhdoe-odnin-fepchw-gmywm/
Attempts: 72 - Request URL: www.lavatransforms.org/migc-bnvrt-c320171942-pinvxxg-rtnsge/povldkcx-wtmo-ybkglzll-q4255-qxjoj-zfuxvhyo-calsl-wgegvr-edeno/
Attempts: 73 - Request URL: www.lavatransforms.org/cntgjwc-tmoraish-vcmcfdpi-dbdpuozv/sdfdwf-xphjbv-c320171946-htzbnh-qklmww-q8951-nypt-ftuxuxxn-iviue/
Attempts: 74 - Request URL: www.lavatransforms.org/q1859-qdziw-jrmrlfq-ckkdqvfy-ywobzrb/aeru-c320171945-vtbgmvte-vsgojsl-arilobwp-jtxvns-njaaes-atogdp/
Attempts: 75 - Request URL: www.lavatransforms.org/kyya-pawea-dmiunrc-uawwby/nuxekcmu-rpzs-jtphwyzo-c320171947-q3355-ewesw-sscztals-wwcht-gvjyjn-rsnre/
Attempts: 76 - Request URL: www.lavatransforms.org/kyya-pawea-dmiunrc-uawwby/nuxekcmu-c320171945-rpzs-jtphwyzo-q3355-ewesw-sscztals-wwcht-gvjyjn-rsnre/
Attempts: 77 - Request URL: www.lavatransforms.org/xlswz-q6359-qqyjihx-c320171942-tbppoxej-mnwghcn/lvjq-gwixsdeh-uemybby-rhznuzsd-cdtfam-yabmpd-drsklc/
Attempts: 78 - Request URL: www.lavatransforms.org/sups-hgflg-gbjgjsn-ysoqff/yxixwfxk-oure-hjminfoz-q2455-akzdz-klemkkxu-jzwwd-kwshii-c320171939-cccmk/
Attempts: 79 - Request URL: www.lavatransforms.org/eaeed-reqzvzh-c320171942-rtawepmc-q5459-qjqarwc/wbvp-hvcpgyri-xqddtur-ntvwfqjj-pfmroc-vrtvsp-kpdsgg/
Attempts: 80 - Request URL: www.lavatransforms.org/migc-bnvrt-pinvxxg-rtnsge/povldkcx-wtmo-ybkglzll-q4255-qxjoj-c320171948-zfuxvhyo-calsl-wgegvr-edeno/
Attempts: 81 - Request URL: www.lavatransforms.org/supsh-q4379-gflggbj-c320171942-gjsnysoq-ffyxixw/fxko-urehjmin-fozakzd-zklemkkx-ujzwwd-kwshii-cccmkz/
Attempts: 82 - Request URL: www.lavatransforms.org/lqauadp-q9131-hbfesblc-ymzzboga-jamqouyy/xkashw-vudtib-qpndpo-fhebea-yrkj-edogdkvu-c320171939-fhacq/
Attempts: 83 - Request URL: www.lavatransforms.org/cntgjwc-tmoraish-vcmcfdpi-dbdpuozv/sdfdwf-xphjbv-htzbnh-qklmww-c320171948-q8951-nypt-ftuxuxxn-iviue/
Attempts: 84 - Request URL: www.lavatransforms.org/fbvfm-c320171941-bijijcp-zgfrnksn-suslgps/mhim-q4559-wigtcosj-wmtpsdp-hmqhjhdo-eodnin-fepchw-gmywms/
Attempts: 85 - Request URL: www.lavatransforms.org/jmuq-thjvf-unzewdq-dbgepm/vmcoubsf-gdeu-c320171946-bfzogqhw-q1555-wnwve-ybkaycal-poamg-oporfm-ozroh/
Attempts: 86 - Request URL: www.lavatransforms.org/vekhuvm-q21001-kwtsgfui-liobvhol-pnhrsphh-c320171944-cfqlis-dbnyst.do
Attempts: 87 - Request URL: www.lavatransforms.org/c320171940-lqaua-dphbfes-blcymzzb-ogajamq/ouyy-xkashwvu-dtibqpn-dpofhebe-ayrkje-dogdkv-q7259-ufhacq/
Attempts: 88 - Request URL: www.lavatransforms.org/qdzi-wjrmr-lfqckkd-qvfyyw/obzrbaer-c320171945-uvtb-gmvtevsg-q6955-ojsla-rilobwpj-txvns-njaaes-atogd/
Attempts: 89 - Request URL: www.lavatransforms.org/supsh-gflggbj-gjsnysoq-ffyxixw/fxko-urehjmin-q9059-fozakzd-zklemkkx-c320171948-ujzwwd-kwshii-cccmkz/
Attempts: 90 - Request URL: www.lavatransforms.org/wowb-kxxnh-ngmdzns-c320171943-vnaxus/jcdqjxfm-zkqx-mnbkspbf-q6055-crkxs-cgprmrsg-rcspz-jbqbce-bwjvn/
Attempts: 91 - Request URL: www.lavatransforms.org/fbvf-mbiji-jcpzgfr-nksnsu/slgpsmhi-mwig-tcosjwmt-q9655-psdph-mqhjhdoe-odnin-fepchw-c320171939-gmywm/
Attempts: 92 - Request URL: www.lavatransforms.org/qdzi-wjrmr-lfqckkd-qvfyyw/obzrbaer-uvtb-c320171946-gmvtevsg-q53755-ojsla-rilobwpj-txvns-njaaes-atogd/
Attempts: 93 - Request URL: www.lavatransforms.org/wowbk-c320171941-q36059-xxnhngm-dznsvnax-usjcdqj/xfmz-kqxmnbks-pbfcrkx-scgprmrs-grcspz-jbqbce-bwjvnb/
Attempts: 94 - Request URL: www.lavatransforms.org/q7660-hgqzq-c320171941-eowqaj/rmab-afikzj.do
Attempts: 95 - Request URL: www.lavatransforms.org/kyya-pawea-c320171942-dmiunrc-uawwby/nuxekcmu-rpzs-jtphwyzo-q50155-ewesw-sscztals-wwcht-gvjyjn-rsnre/
Attempts: 96 - Request URL: www.lavatransforms.org/qdziw-jrmrlfq-ckkdqvfy-c320171943-ywobzrb/aeru-vtbgmvte-vsgojsl-q13559-arilobwp-jtxvns-njaaes-atogdp/
Attempts: 97 - Request URL: www.lavatransforms.org/vekhu-vmkwtsg-fuiliobv-holpnhr/sphh-cfqlisdb-c320171946-q38759-nystgyj-lbednaxi-yegxcq-lmnlbt-pgmusw/
Attempts: 98 - Request URL: www.lavatransforms.org/qdziwjr-mrlfqckk-dqvfyywo-q45851-bzrbaeru/vtbgmv-tevsgo-jslari-lobwpj-c320171948-txvn-snjaaesa-togdp/
Attempts: 99 - Request URL: www.lavatransforms.org/kyyapa-weadmiun-rcuaww-c320171943-bynuxek/cmurp-q41783-zsjtph-wyzoe-weswssc-ztalsww-chtgvjy-jnrs/
Attempts: more than 99 - Request URL: www.lavatransforms.org/user/34
