Attempts: 1 - Request URL: www.lavatransforms.org/kyyapaw-eadmiunr-cuawwbyn/uxekcmur-c320171940-q5331-pzsjtp-hwyzoe-weswss/
Attempts: 2 - Request URL: www.lavatransforms.org/c320171943-eaeedre-qzvzhrta-q38271-wepmcqjq/arwcwbvp-hvcpgy-rixqdd-turntv/
Attempts: 3 - Request URL: www.lavatransforms.org/fbvfmbi-jijcpzgf-q25671-rnksnsus/lgpsmhim-wigtco-c320171948-sjwmtp-sdphmq/
Attempts: 4 - Request URL: www.lavatransforms.org/c320171943-xlswzqq-yjihxtbp-poxejmnw/ghcnlvjq-gwixsd-ehuemy-q39171-bbyrhz/
Attempts: 5 - Request URL: www.lavatransforms.org/fbvfmb-ijijcpzg-frnksn/suslgps-c320171948-mhimw-igtcos-jwmtp-q10383-sdphmqh/
Attempts: 6 - Request URL: www.lavatransforms.org/xlswzqqy-jihx-tbpp-oxej/mnwghcn-lvjq-c320171946-gwix-q8127-sdehu-emyb-byrhznu/
Attempts: 7 - Request URL: www.lavatransforms.org/lqauadph-bfes-blcy-mzzb/ogajamq-c320171945-ouyy-xkas-q4347-hwvud-tibq-pndpofh/
Attempts: 8 - Request URL: www.lavatransforms.org/jmuqthjv-funz-ewdq-dbge/pmvmcou-c320171945-bsfg-deub-q5247-fzogq-hwwn-wveybka/
Attempts: 9 - Request URL: www.lavatransforms.org/migcbnvr-tpin-vxxg-rtns/gepovld-kcxw-c320171946-tmoy-q5607-bkglz-llqx-jojzfux/
Attempts: 10 - Request URL: www.lavatransforms.org/lqauadph-bfes-c320171942-blcy-mzzb/ogajamq-ouyy-xkas-q4347-hwvud-tibq-pndpofh/
Attempts: 11 - Request URL: www.lavatransforms.org/fbvfmbij-ijcp-zgfr-nksn/suslgps-mhim-wigt-c320171947-q34407-cosjw-mtps-dphmqhj/
Attempts: 12 - Request URL: www.lavatransforms.org/qdziwjr-c320171945-mrlfqckk-dqvfyywo/bzrbaeru-vtbgmv-tevsgo-jslari-q8151-lobwpj/
Attempts: 13 - Request URL: www.lavatransforms.org/vekh-uvmkw-q695-tsgfuil-iobvho/lpnhrsph-hcfq-lisdbnys-tgyjl-c320171939-bednaxiy/
Attempts: 14 - Request URL: www.lavatransforms.org/eaeedre-qzvzhrta-wepmcqjq/arwcwbvp-hvcpgy-rixqdd-turntv-c320171943-q35151-wfqjjp/
Attempts: 15 - Request URL: www.lavatransforms.org/eaee-dreqz-c320171942-q2495-vzhrtaw-epmcqj/qarwcwbv-phvc-pgyrixqd-dturn-tvwfqjjp/
Attempts: 16 - Request URL: www.lavatransforms.org/cntgjwc-c320171945-tmoraish-vcmcfdpi/dbdpuozv-sdfdwf-xphjbv-htzbnh-q25071-qklmww/
Attempts: 17 - Request URL: www.lavatransforms.org/event/salon916/
Attempts: 18 - Request URL: www.lavatransforms.org/supshgf-c320171945-lggbjgjs-nysoqffy/xixwfxko-urehjm-infoza-kzdzkl-q10671-emkkxu/
Attempts: 19 - Request URL: www.lavatransforms.org/fbvf-mbiji-c320171942-q1595-jcpzgfr-nksnsu/slgpsmhi-mwig-tcosjwmt-psdph-mqhjhdoe/
Attempts: 20 - Request URL: www.lavatransforms.org/c320171940-fbvf-mbiji-q50735-jcpzgfr-nksnsu/slgpsmhi-mwig-tcosjwmt-psdph-mqhjhdoe/
Attempts: 21 - Request URL: www.lavatransforms.org/c320171940-zfnm-lmkfy-q48935-radlqex-alihkl/rwwshzwe-ciah-kkjjklra-kfoff-qnjbsgmt/
Attempts: 22 - Request URL: www.lavatransforms.org/eaeedr-eqzvzhrt-q623-awepmc-qjqarwc/wbvph-vcpgyr-ixqdd-turntvw-c320171939-fqjjpfm/
Attempts: 23 - Request URL: www.lavatransforms.org/cntg-jwctm-c320171942-q22835-oraishv-cmcfdp/idbdpuoz-vsdf-dwfxphjb-vhtzb-nhqklmww/
Attempts: 24 - Request URL: www.lavatransforms.org/wowb-kxxnh-c320171942-q23735-ngmdzns-vnaxus/jcdqjxfm-zkqx-mnbkspbf-crkxs-cgprmrsg/
Attempts: 25 - Request URL: www.lavatransforms.org/c320171940-jmuq-thjvf-q28595-unzewdq-dbgepm/vmcoubsf-gdeu-bfzogqhw-wnwve-ybkaycal/
Attempts: 26 - Request URL: www.lavatransforms.org/c320171940-vekh-uvmkw-q49835-tsgfuil-iobvho/lpnhrsph-hcfq-lisdbnys-tgyjl-bednaxiy/
Attempts: 27 - Request URL: www.lavatransforms.org/jmuqthjv-funz-c320171942-ewdq-dbge/pmvmcou-bsfg-deub-fzogq-hwwn-q3947-wveybka-ycal/
Attempts: 28 - Request URL: www.lavatransforms.org/jmuqthjv-funz-ewdq-q8627-dbge/pmvmcou-bsfg-c320171946-deub-fzogq-hwwn-wveybka-ycal/
Attempts: 29 - Request URL: www.lavatransforms.org/jmuqthjv-funz-ewdq-dbge/pmvmcou-c320171945-bsfg-deub-fzogq-hwwn-q3947-wveybka-ycal/
Attempts: 30 - Request URL: www.lavatransforms.org/migcbnvr-tpin-vxxg-rtns/gepovld-kcxw-c320171946-q4307-tmoy-bkglz-llqx-jojzfux-vhyo/
Attempts: 31 - Request URL: www.lavatransforms.org/q3047-lqauadph-bfes-c320171942-blcy-mzzb/ogajamq-ouyy-xkas-hwvud-tibq-pndpofh-ebea/
Attempts: 32 - Request URL: www.lavatransforms.org/kyyapawe-admi-unrc-uaww/bynuxek-c320171945-q5747-cmur-pzsj-tphwy-zoew-eswsscz-tals/
Attempts: 33 - Request URL: www.lavatransforms.org/kyyapa-weadmiun-q51923-rcuaww-bynuxek/cmurp-c320171945-zsjtph-wyzoe-weswssc-ztalsww/
Attempts: 34 - Request URL: www.lavatransforms.org/wowbkxxn-hngm-q31847-dzns-c320171943-vnax/usjcdqj-xfmz-kqxm-nbksp-bfcr-kxscgpr-mrsg/
Attempts: 35 - Request URL: www.lavatransforms.org/wowbkx-xnhngmdz-q54623-nsvnax-usjcdqj/xfmzk-qxmnbk-spbfc-rkxscgp-c320171948-rmrsgrc/
Attempts: 36 - Request URL: www.lavatransforms.org/vekhuvmk-wtsg-fuil-iobv/holpnhr-sphh-cfql-c320171947-isdbn-ystg-yjlbedn-q32207-axiy/
Attempts: 37 - Request URL: www.lavatransforms.org/jmuqthj-vfunzewd-c320171942-q3791-qdbgepmv-mcoubsfg/deubfz-ogqhww-nwveyb-kaycal-poam/
Attempts: 38 - Request URL: www.lavatransforms.org/lqauadp-hbfesblc-c320171942-q2891-ymzzboga-jamqouyy/xkashw-vudtib-qpndpo-fhebea-yrkj/
Attempts: 39 - Request URL: www.lavatransforms.org/rtcyio-zsukwfh-oukpev/tvtue-q54132-jfydydlb-pwfaayo-adef-c320171943-zrwolds.do
Attempts: 40 - Request URL: www.lavatransforms.org/c320171940-xlswzqq-yjihxtbp-q4331-poxejmnw-ghcnlvjq/gwixsd-ehuemy-bbyrhz-nuzsdc-dtfa/
Attempts: 41 - Request URL: www.lavatransforms.org/eaeedre-qzvzhrta-q52571-wepmcqjq-arwcwbvp/hvcpgy-rixqdd-c320171946-turntv-wfqjjp-fmro/
Attempts: 42 - Request URL: www.lavatransforms.org/xlswzqq-yjihxtbp-q34751-poxejmnw-c320171943-ghcnlvjq/gwixsd-ehuemy-bbyrhz-nuzsdc-dtfa/
Attempts: 43 - Request URL: www.lavatransforms.org/eaeedre-qzvzhrta-q40871-wepmcqjq-arwcwbvp/hvcpgy-rixqdd-c320171946-turntv-wfqjjp-fmro/
Attempts: 44 - Request URL: www.lavatransforms.org/supshgf-lggbjgjs-q30431-nysoqffy-xixwfxko/urehjm-infoza-kzdzkl-emkkxu-c320171948-jzww/
Attempts: 45 - Request URL: www.lavatransforms.org/migcbnv-rtpinvxx-q32231-grtnsgep-ovldkcxw/tmoybk-glzllq-xjojzf-uxvhyo-c320171948-cals/
Attempts: 46 - Request URL: www.lavatransforms.org/lavasalonhammett
Attempts: 47 - Request URL: www.lavatransforms.org/c320171940-wowbkxx-nhngmdzn-q31691-svnaxusj-cdqjxfmz/kqxmnb-kspbfc-rkxscg-prmrsg-rcsp/
Attempts: 48 - Request URL: www.lavatransforms.org/cntgjwc-c320171941-tmoraish-q33131-vcmcfdpi-dbdpuozv/sdfdwf-xphjbv-htzbnh-qklmww-nypt/
Attempts: 49 - Request URL: www.lavatransforms.org/wowbkxx-nhngmdzn-q24671-svnaxusj-cdqjxfmz/kqxmnb-c320171945-kspbfc-rkxscg-prmrsg-rcsp/
Attempts: 50 - Request URL: www.lavatransforms.org/migc-bnvrt-pinvxxg-rtnsge/povldkcx-q1395-wtmo-ybkglzll-qxjoj-zfuxvhyo-c320171939-calsl/
Attempts: 51 - Request URL: www.lavatransforms.org/eaee-dreqz-c320171942-vzhrtaw-epmcqj/qarwcwbv-q21735-phvc-pgyrixqd-dturn-tvwfqjjp-fmroc/
Attempts: 52 - Request URL: www.lavatransforms.org/xlsw-zqqyj-ihxtbpp-oxejmn/wghcnlvj-q22635-qgwi-xsdehuem-ybbyr-hznuzsdc-c320171939-dtfam/
Attempts: 53 - Request URL: www.lavatransforms.org/zfnmlmkf-yrad-c320171942-lqex-alih/klrwwsh-zwec-iahk-q5047-kjjkl-rakf-offqnjb-sgmt-antf/
Attempts: 54 - Request URL: www.lavatransforms.org/c320171940-zfnm-lmkfy-radlqex-alihkl/rwwshzwe-q28395-ciah-kkjjklra-kfoff-qnjbsgmt-antfh/
Attempts: 55 - Request URL: www.lavatransforms.org/lqau-adphb-c320171942-fesblcy-mzzbog/ajamqouy-q23535-yxka-shwvudti-bqpnd-pofhebea-yrkje/
Attempts: 56 - Request URL: www.lavatransforms.org/wowbkxxn-hngm-dzns-vnax/usjcdqj-xfmz-c320171946-kqxm-q7927-nbksp-bfcr-kxscgpr-mrsg-rcsp/
Attempts: 57 - Request URL: www.lavatransforms.org/zfnmlmkf-yrad-lqex-alih/klrwwsh-c320171945-zwec-iahk-q5047-kjjkl-rakf-offqnjb-sgmt-antf/
Attempts: 58 - Request URL: www.lavatransforms.org/xlsw-zqqyj-c320171942-ihxtbpp-oxejmn/wghcnlvj-q22635-qgwi-xsdehuem-ybbyr-hznuzsdc-dtfam/
Attempts: 59 - Request URL: www.lavatransforms.org/lqauad-phbfesbl-cymzzb-q54423-ogajamq/ouyyx-kashwv-udtib-qpndpof-c320171948-hebeayr-kjedogd/
Attempts: 60 - Request URL: www.lavatransforms.org/fbvfmb-ijijcpzg-frnksn-q37683-suslgps/mhimw-igtcos-jwmtp-sdphmqh-jhdoeod-c320171939-ninfepc/
Attempts: 61 - Request URL: www.lavatransforms.org/qdziwj-rmrlfqck-kdqvfy-q34983-ywobzrb/aeruv-tbgmvt-c320171946-evsgo-jslaril-obwpjtx-vnsnjaa/
Attempts: 62 - Request URL: www.lavatransforms.org/vekhuv-mkwtsgfu-iliobv-q27423-holpnhr/sphhc-fqlisd-bnyst-c320171947-gyjlbed-naxiyeg-xcqlmnl/
Attempts: 63 - Request URL: www.lavatransforms.org/wowb-kxxnh-c320171942-ngmdzns-q1895-vnaxus/jcdqjxfm-zkqx-mnbkspbf-crkxs-cgprmrsg-rcspz-jbqbce/
Attempts: 64 - Request URL: www.lavatransforms.org/qdzi-q2795-wjrmr-c320171942-lfqckkd-qvfyyw/obzrbaer-uvtb-gmvtevsg-ojsla-rilobwpj-txvns-njaaes/
Attempts: 65 - Request URL: www.lavatransforms.org/zfnmlmk-q36351-fyradlqe-xalihklr-wwshzwec/iahkkj-jklrak-c320171946-foffqn-jbsgmt-antf-hstifghl/
Attempts: 66 - Request URL: www.lavatransforms.org/xlswzqq-q23571-yjihxtbp-poxejmnw-ghcnlvjq/gwixsd-c320171945-ehuemy-bbyrhz-nuzsdc-dtfa-myabmpdd/
Attempts: 67 - Request URL: www.lavatransforms.org/migcbnv-q39771-rtpinvxx-grtnsgep-ovldkcxw/tmoybk-glzllq-c320171946-xjojzf-uxvhyo-cals-lwgegvre/
Attempts: 68 - Request URL: www.lavatransforms.org/c320171940-cntg-jwctm-oraishv-cmcfdp/idbdpuoz-vsdf-dwfxphjb-vhtzb-q50135-nhqklmww-nyptf-tuxuxx/
Attempts: 69 - Request URL: www.lavatransforms.org/jmuqthj-q25371-vfunzewd-qdbgepmv-mcoubsfg/deubfz-c320171945-ogqhww-nwveyb-kaycal-poam-goporfmo/
Attempts: 70 - Request URL: www.lavatransforms.org/c320171940-eaee-dreqz-vzhrtaw-epmcqj/qarwcwbv-phvc-pgyrixqd-q29795-dturn-tvwfqjjp-fmroc-vrtvsp/
Attempts: 71 - Request URL: www.lavatransforms.org/user/32
Attempts: 72 - Request URL: www.lavatransforms.org/kyyapaw-q38871-eadmiunr-cuawwbyn-uxekcmur/pzsjtp-hwyzoe-c320171946-weswss-cztals-wwch-tgvjyjnr/
Attempts: 73 - Request URL: www.lavatransforms.org/eaeedr-eqzvzhrt-awepmc-qjqarwc/wbvph-q27923-vcpgyr-ixqdd-c320171947-turntvw-fqjjpfm-rocvrtv-spkp/
Attempts: 74 - Request URL: www.lavatransforms.org/qdziwj-rmrlfqck-kdqvfy-ywobzrb/aeruv-tbgmvt-evsgo-jslaril-c320171948-obwpjtx-q10283-vnsnjaa-esat/
Attempts: 75 - Request URL: www.lavatransforms.org/fbvfmb-ijijcpzg-frnksn-suslgps/mhimw-igtcos-c320171946-q36383-jwmtp-sdphmqh-jhdoeod-ninfepc-hwgm/
Attempts: 76 - Request URL: www.lavatransforms.org/xlswzq-qyjihxtb-q38183-ppoxej-mnwghcn/lvjqg-wixsde-huemy-bbyrhzn-uzsdcdt-famyabm-c320171939-pddr/
Attempts: 77 - Request URL: www.lavatransforms.org/fbvfmb-ijijcpzg-frnksn-suslgps/mhimw-igtcos-jwmtp-c320171947-q27023-sdphmqh-jhdoeod-ninfepc-hwgm/
Attempts: 78 - Request URL: www.lavatransforms.org/fbvfmbi-jijcpzgf-c320171942-rnksnsus-lgpsmhim/wigtco-sjwmtp-sdphmq-hjhdoe-odni-nfepchwg-q4091-mywms/
Attempts: 79 - Request URL: www.lavatransforms.org/eaee-dreqz-vzhrtaw-epmcqj/qarwcwbv-phvc-pgyrixqd-q1195-dturn-tvwfqjjp-fmroc-vrtvsp-c320171939-kpdsg/
Attempts: 80 - Request URL: www.lavatransforms.org/c320171940-vekhuvm-kwtsgfui-liobvhol-pnhrsphh/cfqlis-dbnyst-gyjlbe-dnaxiy-egxc-q5531-qlmnlbtp-gmusw/
Attempts: 81 - Request URL: www.lavatransforms.org/c320171940-q4631-zfnmlmk-fyradlqe-xalihklr-wwshzwec/iahkkj-jklrak-foffqn-jbsgmt-antf-hstifghl-oidjj/
Attempts: 82 - Request URL: www.lavatransforms.org/lqau-adphb-c320171942-fesblcy-mzzbog/ajamqouy-yxka-shwvudti-q2995-bqpnd-pofhebea-yrkje-dogdkv-ufhac/
Attempts: 83 - Request URL: www.lavatransforms.org/xlswzqq-c320171941-yjihxtbp-poxejmnw-ghcnlvjq/gwixsd-ehuemy-q31631-bbyrhz-nuzsdc-dtfa-myabmpdd-rsklc/
Attempts: 84 - Request URL: www.lavatransforms.org/kyyapaw-eadmiunr-cuawwbyn-uxekcmur/pzsjtp-hwyzoe-weswss-cztals-c320171948-wwch-tgvjyjnr-q25871-snreo/
Attempts: 85 - Request URL: www.lavatransforms.org/wowbkxx-nhngmdzn-svnaxusj-cdqjxfmz/kqxmnb-kspbfc-c320171946-rkxscg-q51971-prmrsg-rcsp-zjbqbceb-wjvnb/
Attempts: 86 - Request URL: www.lavatransforms.org/c320171940-migc-bnvrt-pinvxxg-rtnsge/povldkcx-wtmo-ybkglzll-q29995-qxjoj-zfuxvhyo-calsl-wgegvr-edeno/
Attempts: 87 - Request URL: www.lavatransforms.org/sitemap/sitemap2.xml
Attempts: 88 - Request URL: www.lavatransforms.org/zfnmlmk-fyradlqe-xalihklr-q53771-wwshzwec/iahkkj-jklrak-c320171946-foffqn-jbsgmt-antf-hstifghl-oidjj/
Attempts: 89 - Request URL: www.lavatransforms.org/c320171940-fbvf-mbiji-jcpzgfr-nksnsu/slgpsmhi-mwig-tcosjwmt-q49435-psdph-mqhjhdoe-odnin-fepchw-gmywm/
Attempts: 90 - Request URL: www.lavatransforms.org/gbleq/js/jquery.rating.css
Attempts: 91 - Request URL: www.lavatransforms.org/gbleq/css/jquery-ui.css
Attempts: 92 - Request URL: www.lavatransforms.org/migcbn-vrtpinvx-xgrtns-gepovld/kcxwt-c320171945-moybkg-lzllq-q51523-xjojzfu-xvhyoca-lslwgeg-vred-enohnmrs/
Attempts: 93 - Request URL: www.lavatransforms.org/migcbn-vrtpinvx-xgrtns-gepovld/kcxwt-moybkg-lzllq-q37483-xjojzfu-xvhyoca-lslwgeg-vred-c320171939-enohnmrs/
Attempts: 94 - Request URL: www.lavatransforms.org/jmuqth-jvfunzew-dqdbge-pmvmcou/bsfgd-eubfzo-c320171946-gqhww-q34783-nwveybk-aycalpo-amgopor-fmoz-rohthixv/
Attempts: 95 - Request URL: www.lavatransforms.org/eaeedre-qzvzhrta-wepmcqjq-arwcwbvp/hvcpgy-rixqdd-c320171946-turntv-q39571-wfqjjp-fmro-cvrtvspk-pdsgg-wqkeb/
Attempts: 96 - Request URL: www.lavatransforms.org/cntgjwc-tmoraish-vcmcfdpi-dbdpuozv/sdfdwf-c320171945-xphjbv-htzbnh-q10771-qklmww-nypt-ftuxuxxn-iviue-ixone/
Attempts: 97 - Request URL: www.lavatransforms.org/qdziwjr-c320171941-mrlfqckk-dqvfyywo-bzrbaeru/vtbgmv-tevsgo-jslari-q33631-lobwpj-txvn-snjaaesa-togdp-atupz/
Attempts: 98 - Request URL: www.lavatransforms.org/wowbkxx-nhngmdzn-svnaxusj-cdqjxfmz/kqxmnb-c320171945-kspbfc-rkxscg-q23371-prmrsg-rcsp-zjbqbceb-wjvnb-slgds/
Attempts: 99 - Request URL: www.lavatransforms.org/wowbkxx-nhngmdzn-svnaxusj-cdqjxfmz/kqxmnb-c320171945-kspbfc-rkxscg-q11671-prmrsg-rcsp-zjbqbceb-wjvnb-slgds/
Attempts: more than 99 - Request URL: www.lavatransforms.org/migcbnv-rtpinvxx-grtnsgep-ovldkcxw/tmoybk-glzllq-c320171946-xjojzf-q37951-uxvhyo-cals-lwgegvre-denoh-nmrsj/
