Attempts: 1 - Request URL: www.lavatransforms.org/test_404_page/
Attempts: 2 - Request URL: www.lavatransforms.org/issmall/
Attempts: 3 - Request URL: www.lavatransforms.org/administrator/manifests/files/joomla.xml
Attempts: 4 - Request URL: www.lavatransforms.org/new_gb/help/images/usage/3.3.gif
Attempts: 5 - Request URL: www.lavatransforms.org/web2/login_template/1.files/Logo1.jpg
Attempts: 6 - Request URL: www.lavatransforms.org/docs.css
Attempts: 7 - Request URL: www.lavatransforms.org/phpmyadmin/themes/original/img/logo_right.png
Attempts: 8 - Request URL: www.lavatransforms.org/phpmyadmin/favicon.ico
Attempts: 9 - Request URL: www.lavatransforms.org/phpmyadmin/docs.css
Attempts: 10 - Request URL: www.lavatransforms.org/fckeditor/fckconfig.js
Attempts: 11 - Request URL: www.lavatransforms.org/fckeditor/editor/dtd/fck_dtd_test.html
Attempts: 12 - Request URL: www.lavatransforms.org/fckeditor/license.txt
Attempts: 13 - Request URL: www.lavatransforms.org/fckeditor/editor/js/fckeditorcode_ie.js
Attempts: 14 - Request URL: www.lavatransforms.org/fckeditor/fckeditor.js
Attempts: 15 - Request URL: www.lavatransforms.org/FCK/editor/js/fckeditorcode_ie.js
Attempts: 16 - Request URL: www.lavatransforms.org/FCK/fckeditor.js
Attempts: 17 - Request URL: www.lavatransforms.org/fckeditor.js
Attempts: 18 - Request URL: www.lavatransforms.org/editor/fckeditor.js
Attempts: 19 - Request URL: www.lavatransforms.org/editor/js/fckeditorcode_ie.js
Attempts: 20 - Request URL: www.lavatransforms.org/docs/
Attempts: 21 - Request URL: www.lavatransforms.org/tpl/user/tpl1/css/skins/blue.css
Attempts: 22 - Request URL: www.lavatransforms.org/images/login/eyoumail.gif
Attempts: 23 - Request URL: www.lavatransforms.org/images/login/logo.gif
Attempts: 24 - Request URL: www.lavatransforms.org/tpl/login/user/images/login_bg_1.jpg
Attempts: 25 - Request URL: www.lavatransforms.org/images/login/icon-up.gif
Attempts: 26 - Request URL: www.lavatransforms.org/ckeditor/ckeditor.js
Attempts: 27 - Request URL: www.lavatransforms.org/ckfinder/ckfinder.html
Attempts: 28 - Request URL: www.lavatransforms.org/ckfinder/install.txt
Attempts: 29 - Request URL: www.lavatransforms.org/ckeditor/ckfinder/ckfinder.html
Attempts: 30 - Request URL: www.lavatransforms.org/ckeditor/ckfinder/install.txt
Attempts: 31 - Request URL: www.lavatransforms.org/admin
Attempts: 32 - Request URL: www.lavatransforms.org/list.php
Attempts: 33 - Request URL: www.lavatransforms.org/admin/template/article_more/config.htm
Attempts: 34 - Request URL: www.lavatransforms.org/License.txt
Attempts: 35 - Request URL: www.lavatransforms.org/e/master/login.aspx
Attempts: 36 - Request URL: www.lavatransforms.org/master/login.aspx
Attempts: 37 - Request URL: www.lavatransforms.org/common/help/images/helplogo.gif
Attempts: 38 - Request URL: www.lavatransforms.org/common/help/images/helplogo_zh.gif
Attempts: 39 - Request URL: www.lavatransforms.org/coremail/common/help/images/helplogo_zh.gif
Attempts: 40 - Request URL: www.lavatransforms.org/coremail/common/help/images/helplogo.gif
Attempts: 41 - Request URL: www.lavatransforms.org/Images/login/biaoti.jpg
Attempts: 42 - Request URL: www.lavatransforms.org/Images/login/lefttu.jpg
Attempts: 43 - Request URL: www.lavatransforms.org/Images/login/mainlogo.gif
Attempts: 44 - Request URL: www.lavatransforms.org/next/img/logo.gif
Attempts: 45 - Request URL: www.lavatransforms.org/maintlogin.jsp
Attempts: 46 - Request URL: www.lavatransforms.org/auth/login
Attempts: 47 - Request URL: www.lavatransforms.org/index.cgi
Attempts: 48 - Request URL: www.lavatransforms.org/cgi/index.cgi
Attempts: 49 - Request URL: www.lavatransforms.org/default/images/logo.gif
Attempts: 50 - Request URL: www.lavatransforms.org/extman/default/images/logo.gif
Attempts: 51 - Request URL: www.lavatransforms.org/bencandy.php
Attempts: 52 - Request URL: www.lavatransforms.org/images/default/post_bt.gif
Attempts: 53 - Request URL: www.lavatransforms.org/siteserver/upgrade/default.aspx
Attempts: 54 - Request URL: www.lavatransforms.org/siteserver/login.aspx
Attempts: 55 - Request URL: www.lavatransforms.org/UserCenter/css/admin/bgimg/admin_all_bg.png
Attempts: 56 - Request URL: www.lavatransforms.org/admin/js/IdSUtil.js
Attempts: 57 - Request URL: www.lavatransforms.org/ids/admin/login.jsp
Attempts: 58 - Request URL: www.lavatransforms.org/ids/admin/userhome/forgetPwd.jsp
Attempts: 59 - Request URL: www.lavatransforms.org/CuteSoft_Client/CuteEditor/ImageEditor/listfiles.aspx
Attempts: 60 - Request URL: www.lavatransforms.org/CuteSoft_Client/CuteEditor/Help/default.htm
Attempts: 61 - Request URL: www.lavatransforms.org/CuteSoft_Client/CuteEditor/Images/log.gif
Attempts: 62 - Request URL: www.lavatransforms.org/CuteSoft_Client/CuteEditor/Style/IE.css
Attempts: 63 - Request URL: www.lavatransforms.org/admin/inc/xml.xslt
Attempts: 64 - Request URL: www.lavatransforms.org/images/hwem.css
Attempts: 65 - Request URL: www.lavatransforms.org/dialog/dialog.js
Attempts: 66 - Request URL: www.lavatransforms.org/Editor.js
Attempts: 67 - Request URL: www.lavatransforms.org/images/2_11.gif
Attempts: 68 - Request URL: www.lavatransforms.org/js/buttons.js
Attempts: 69 - Request URL: www.lavatransforms.org/help/ch_gb/images/help-title.gif
Attempts: 70 - Request URL: www.lavatransforms.org/app/home/skins/default/style.css
Attempts: 71 - Request URL: www.lavatransforms.org/images/login9/login_33.jpg
Attempts: 72 - Request URL: www.lavatransforms.org/default/css/em_css.css
Attempts: 73 - Request URL: www.lavatransforms.org/admin/SouthidcEditor/Dialog/dialog.js
Attempts: 74 - Request URL: www.lavatransforms.org/admin/SouthidcEditor/ewebeditor.asp?id=57&style=southidc
Attempts: 75 - Request URL: www.lavatransforms.org/admin/SouthidcEditor/ButtonImage/standard/componentmenu.gif
Attempts: 76 - Request URL: www.lavatransforms.org/app/login.jsp
Attempts: 77 - Request URL: www.lavatransforms.org/app/js/source/wcmlib/WCMConstants.js
Attempts: 78 - Request URL: www.lavatransforms.org/console/js/CWCMDialogHead.js
Attempts: 79 - Request URL: www.lavatransforms.org/console/include/not_login.htm
Attempts: 80 - Request URL: www.lavatransforms.org/console/auth/reg_newuser.jsp
Attempts: 81 - Request URL: www.lavatransforms.org/console/js/CTRSRequestParam.js
Attempts: 82 - Request URL: www.lavatransforms.org/app/images/login/logo.png
Attempts: 83 - Request URL: www.lavatransforms.org/app/images/login/toplogo.gif
Attempts: 84 - Request URL: www.lavatransforms.org/addons/theme/stv1/_static/image/favicon.ico
Attempts: 85 - Request URL: www.lavatransforms.org/apps/admin/_static/image/login_box_bg.png
Attempts: 86 - Request URL: www.lavatransforms.org/addons/theme/stv1/_static/ts2/layout.css
Attempts: 87 - Request URL: www.lavatransforms.org/addons/theme/stv2/_static/ts2/layout.css
Attempts: 88 - Request URL: www.lavatransforms.org/404.jpg
Attempts: 89 - Request URL: www.lavatransforms.org/README.txt
Attempts: 90 - Request URL: www.lavatransforms.org/pub/guiedit/guiedit.js
Attempts: 91 - Request URL: www.lavatransforms.org/pub/skins/pmwiki/pmwiki.css
Attempts: 92 - Request URL: www.lavatransforms.org/docs/DOCUMENTATION.txt
Attempts: 93 - Request URL: www.lavatransforms.org/helpnew/faq/faq_simple_zh_CN.jsp
Attempts: 94 - Request URL: www.lavatransforms.org/ymail/images/index_r1_c4.jpg
Attempts: 95 - Request URL: www.lavatransforms.org/skin/frontend/default/modern/css/styles.css
Attempts: 96 - Request URL: www.lavatransforms.org/advfile/ad12.js
Attempts: 97 - Request URL: www.lavatransforms.org/install
Attempts: 98 - Request URL: www.lavatransforms.org/inc/playerKinds.xml
Attempts: 99 - Request URL: www.lavatransforms.org/plugin.php?id=milu_seotool:sitemap&tpl=no&myac=milu_seotool_cron&inajax=1
Attempts: more than 99 - Request URL: www.lavatransforms.org/Wq_StranJF.js
