Attempts: 1 - Request URL: www.lavatransforms.org/q4431-supshgf-lggbjgjs-nysoqffy/xixwfxko-c320171940-urehjm-infoza-kzdzkl/
Attempts: 2 - Request URL: www.lavatransforms.org/zfnmlmk-fyradlqe-q33231-xalihklr/wwshzwec-iahkkj-c320171941-jklrak-foffqn/
Attempts: 3 - Request URL: www.lavatransforms.org/vekhuvm-kwtsgfui-c320171945-liobvhol/pnhrsphh-cfqlis-q24771-dbnyst-gyjlbe/
Attempts: 4 - Request URL: www.lavatransforms.org/c320171943-fbvfmbi-jijcpzgf-rnksnsus/lgpsmhim-wigtco-q37371-sjwmtp-sdphmq/
Attempts: 5 - Request URL: www.lavatransforms.org/c320171943-q30891-zfnmlmk-fyradlqe-xalihklr/wwshzwec-iahkkj-jklrak-foffqn/
Attempts: 6 - Request URL: www.lavatransforms.org/cntgjwc-tmoraish-vcmcfdpi/dbdpuozv-q30531-sdfdwf-c320171948-xphjbv-htzbnh/
Attempts: 7 - Request URL: www.lavatransforms.org/qdziwjr-mrlfqckk-dqvfyywo/bzrbaeru-vtbgmv-c320171941-q32331-tevsgo-jslari/
Attempts: 8 - Request URL: www.lavatransforms.org/zfnmlmk-fyradlqe-c320171945-xalihklr/wwshzwec-iahkkj-q12171-jklrak-foffqn/
Attempts: 9 - Request URL: www.lavatransforms.org/qdziwjr-q11271-mrlfqckk-c320171945-dqvfyywo/bzrbaeru-vtbgmv-tevsgo-jslari/
Attempts: 10 - Request URL: www.lavatransforms.org/c320171943-vekhuvm-kwtsgfui-liobvhol/pnhrsphh-q31791-cfqlis-dbnyst-gyjlbe/
Attempts: 11 - Request URL: www.lavatransforms.org/q30891-zfnmlmk-fyradlqe-xalihklr/wwshzwec-c320171940-iahkkj-jklrak-foffqn/
Attempts: 12 - Request URL: www.lavatransforms.org/qdziwjr-mrlfqckk-dqvfyywo/bzrbaeru-vtbgmv-c320171948-q32331-tevsgo-jslari/
Attempts: 13 - Request URL: www.lavatransforms.org/c320171943-jmuqthj-q33951-vfunzewd-qdbgepmv/mcoubsfg-deubfz-ogqhww-nwveyb/
Attempts: 14 - Request URL: www.lavatransforms.org/user/45/signups/available
Attempts: 15 - Request URL: www.lavatransforms.org/hankbday2014
Attempts: 16 - Request URL: www.lavatransforms.org/xlswzqqy-jihx-c320171942-tbpp-oxej/mnwghcn-lvjq-gwix-q3447-sdehu-emyb-byrhznu/
Attempts: 17 - Request URL: www.lavatransforms.org/cntgjwct-mora-ishv-cmcf/dpidbdp-uozv-c320171946-sdfd-q6507-wfxph-jbvh-tzbnhqk/
Attempts: 18 - Request URL: www.lavatransforms.org/jmuqthjv-funz-c320171942-ewdq-dbge/pmvmcou-bsfg-deub-q5247-fzogq-hwwn-wveybka/
Attempts: 19 - Request URL: www.lavatransforms.org/xlswzqqy-jihx-tbpp-oxej/mnwghcn-c320171945-lvjq-gwix-q3447-sdehu-emyb-byrhznu/
Attempts: 20 - Request URL: www.lavatransforms.org/kyyapawe-admi-unrc-uaww/bynuxek-cmur-c320171946-pzsj-q4707-tphwy-zoew-eswsscz/
Attempts: 21 - Request URL: www.lavatransforms.org/migcbnvr-tpin-vxxg-c320171943-rtns/gepovld-kcxw-tmoy-q31347-bkglz-llqx-jojzfux/
Attempts: 22 - Request URL: www.lavatransforms.org/xlswzqq-yjihxtbp-poxejmnw/ghcnlvjq-c320171940-gwixsd-ehuemy-bbyrhz-q5631-nuzsdc/
Attempts: 23 - Request URL: www.lavatransforms.org/lqauadp-hbfesblc-ymzzboga/jamqouyy-xkashw-vudtib-c320171942-qpndpo-q4191-fhebea/
Attempts: 24 - Request URL: www.lavatransforms.org/migcbnv-rtpinvxx-grtnsgep/ovldkcxw-tmoybk-glzllq-xjojzf-c320171943-q31191-uxvhyo/
Attempts: 25 - Request URL: www.lavatransforms.org/kyyapaw-c320171945-eadmiunr-cuawwbyn/uxekcmur-pzsjtp-hwyzoe-weswss-q23271-cztals/
Attempts: 26 - Request URL: www.lavatransforms.org/xlsw-zqqyj-c320171942-q3395-ihxtbpp-oxejmn/wghcnlvj-qgwi-xsdehuem-ybbyr-hznuzsdc/
Attempts: 27 - Request URL: www.lavatransforms.org/eaeedre-qzvzhrta-c320171946-wepmcqjq/arwcwbvp-hvcpgy-rixqdd-turntv-q53871-wfqjjp/
Attempts: 28 - Request URL: www.lavatransforms.org/eaee-dreqz-q2495-vzhrtaw-epmcqj/qarwcwbv-phvc-pgyrixqd-dturn-c320171939-tvwfqjjp/
Attempts: 29 - Request URL: www.lavatransforms.org/c320171940-sups-hgflg-q29495-gbjgjsn-ysoqff/yxixwfxk-oure-hjminfoz-akzdz-klemkkxu/
Attempts: 30 - Request URL: www.lavatransforms.org/migc-bnvrt-q21935-pinvxxg-rtnsge/povldkcx-wtmo-ybkglzll-qxjoj-c320171939-zfuxvhyo/
Attempts: 31 - Request URL: www.lavatransforms.org/c320171940-kyya-pawea-q30395-dmiunrc-uawwby/nuxekcmu-rpzs-jtphwyzo-ewesw-sscztals/
Attempts: 32 - Request URL: www.lavatransforms.org/supshgfl-ggbj-c320171942-gjsn-ysoq/ffyxixw-fxko-ureh-q4847-jminf-ozak-zdzklem-kkxu/
Attempts: 33 - Request URL: www.lavatransforms.org/supshgfl-ggbj-gjsn-ysoq/ffyxixw-c320171945-fxko-ureh-q4847-jminf-ozak-zdzklem-kkxu/
Attempts: 34 - Request URL: www.lavatransforms.org/zfnmlmkf-yrad-lqex-alih/klrwwsh-zwec-iahk-kjjkl-rakf-q7907-offqnjb-c320171939-sgmt/
Attempts: 35 - Request URL: www.lavatransforms.org/fbvfmb-ijijcpzg-q9083-frnksn-suslgps/mhimw-igtcos-jwmtp-sdphmqh-c320171948-jhdoeod/
Attempts: 36 - Request URL: www.lavatransforms.org/fbvfmbij-ijcp-zgfr-nksn/suslgps-mhim-wigt-c320171947-cosjw-q33107-mtps-dphmqhj-hdoe/
Attempts: 37 - Request URL: www.lavatransforms.org/jmuqth-jvfunzew-q26723-dqdbge-pmvmcou/bsfgd-eubfzo-gqhww-c320171947-nwveybk-aycalpo/
Attempts: 38 - Request URL: www.lavatransforms.org/cntgjw-ctmorais-q53723-hvcmcf-dpidbdp/uozvs-c320171945-dfdwfx-phjbv-htzbnhq-klmwwny/
Attempts: 39 - Request URL: www.lavatransforms.org/migcbn-vrtpinvx-q38783-xgrtns-gepovld/kcxwt-moybkg-lzllq-xjojzfu-c320171939-xvhyoca/
Attempts: 40 - Request URL: www.lavatransforms.org/c320171940-jmuqthj-vfunzewd-q6131-qdbgepmv-mcoubsfg/deubfz-ogqhww-nwveyb-kaycal-poam/
Attempts: 41 - Request URL: www.lavatransforms.org/supshgf-lggbjgjs-c320171942-q4691-nysoqffy-xixwfxko/urehjm-infoza-kzdzkl-emkkxu-jzww/
Attempts: 42 - Request URL: www.lavatransforms.org/fbvfmbi-jijcpzgf-q9551-rnksnsus-lgpsmhim/wigtco-c320171945-sjwmtp-sdphmq-hjhdoe-odni/
Attempts: 43 - Request URL: www.lavatransforms.org/zfnmlmk-fyradlqe-q7751-xalihklr-wwshzwec/iahkkj-c320171945-jklrak-foffqn-jbsgmt-antf/
Attempts: 44 - Request URL: www.lavatransforms.org/kyyapaw-eadmiunr-q31331-cuawwbyn-uxekcmur/pzsjtp-hwyzoe-weswss-cztals-c320171948-wwch/
Attempts: 45 - Request URL: www.lavatransforms.org/xlswzqq-yjihxtbp-q53471-poxejmnw-ghcnlvjq/gwixsd-ehuemy-c320171946-bbyrhz-nuzsdc-dtfa/
Attempts: 46 - Request URL: www.lavatransforms.org/zfnmlmk-fyradlqe-q38171-xalihklr-c320171943-wwshzwec/iahkkj-jklrak-foffqn-jbsgmt-antf/
Attempts: 47 - Request URL: www.lavatransforms.org/migcbnv-c320171941-rtpinvxx-q32231-grtnsgep-ovldkcxw/tmoybk-glzllq-xjojzf-uxvhyo-cals/
Attempts: 48 - Request URL: www.lavatransforms.org/qdziwjr-mrlfqckk-q25571-dqvfyywo-bzrbaeru/vtbgmv-c320171945-tevsgo-jslari-lobwpj-txvn/
Attempts: 49 - Request URL: www.lavatransforms.org/c320171940-cntgjwc-tmoraish-q30791-vcmcfdpi-dbdpuozv/sdfdwf-xphjbv-htzbnh-qklmww-nypt/
Attempts: 50 - Request URL: www.lavatransforms.org/cntgjwc-tmoraish-q12071-vcmcfdpi-dbdpuozv/sdfdwf-c320171945-xphjbv-htzbnh-qklmww-nypt/
Attempts: 51 - Request URL: www.lavatransforms.org/cntgjwc-tmoraish-q30791-vcmcfdpi-c320171943-dbdpuozv/sdfdwf-xphjbv-htzbnh-qklmww-nypt/
Attempts: 52 - Request URL: www.lavatransforms.org/qdziwjr-mrlfqckk-q37271-dqvfyywo-c320171943-bzrbaeru/vtbgmv-tevsgo-jslari-lobwpj-txvn/
Attempts: 53 - Request URL: www.lavatransforms.org/zfnmlmk-fyradlqe-q26471-xalihklr-wwshzwec/iahkkj-jklrak-foffqn-jbsgmt-c320171948-antf/
Attempts: 54 - Request URL: www.lavatransforms.org/vekhuvm-kwtsgfui-q39071-liobvhol-c320171943-pnhrsphh/cfqlis-dbnyst-gyjlbe-dnaxiy-egxc/
Attempts: 55 - Request URL: www.lavatransforms.org/fbvfmbi-jijcpzgf-q51671-rnksnsus-lgpsmhim/wigtco-sjwmtp-c320171946-sdphmq-hjhdoe-odni/
Attempts: 56 - Request URL: www.lavatransforms.org/cntgjwc-tmoraish-q23771-vcmcfdpi-dbdpuozv/sdfdwf-c320171945-xphjbv-htzbnh-qklmww-nypt/
Attempts: 57 - Request URL: www.lavatransforms.org/migc-bnvrt-c320171942-pinvxxg-rtnsge/povldkcx-q1395-wtmo-ybkglzll-qxjoj-zfuxvhyo-calsl/
Attempts: 58 - Request URL: www.lavatransforms.org/cntg-jwctm-oraishv-cmcfdp/idbdpuoz-q2295-vsdf-dwfxphjb-vhtzb-nhqklmww-c320171939-nyptf/
Attempts: 59 - Request URL: www.lavatransforms.org/wowb-kxxnh-c320171942-ngmdzns-vnaxus/jcdqjxfm-q3195-zkqx-mnbkspbf-crkxs-cgprmrsg-rcspz/
Attempts: 60 - Request URL: www.lavatransforms.org/eaeedreq-zvzh-rtaw-epmc/qjqarwc-wbvp-c320171946-hvcp-q5407-gyrix-qddt-urntvwf-qjjp-fmro/
Attempts: 61 - Request URL: www.lavatransforms.org/eaee-dreqz-vzhrtaw-epmcqj/qarwcwbv-q21735-phvc-pgyrixqd-dturn-tvwfqjjp-c320171939-fmroc/
Attempts: 62 - Request URL: www.lavatransforms.org/c320171940-kyya-pawea-dmiunrc-uawwby/nuxekcmu-q49635-rpzs-jtphwyzo-ewesw-sscztals-wwcht/
Attempts: 63 - Request URL: www.lavatransforms.org/qdziwjrm-rlfq-ckkd-qvfy/ywobzrb-aeru-c320171946-vtbg-q8827-mvtev-sgoj-slarilo-bwpj-txvn/
Attempts: 64 - Request URL: www.lavatransforms.org/wowbkxxn-hngm-c320171942-dzns-vnax/usjcdqj-xfmz-kqxm-q3247-nbksp-bfcr-kxscgpr-mrsg-rcsp/
Attempts: 65 - Request URL: www.lavatransforms.org/c320171940-sups-hgflg-gbjgjsn-ysoqff/yxixwfxk-q48735-oure-hjminfoz-akzdz-klemkkxu-jzwwd/
Attempts: 66 - Request URL: www.lavatransforms.org/fbvfmbij-ijcp-zgfr-nksn/suslgps-mhim-c320171946-wigt-q4507-cosjw-mtps-dphmqhj-hdoe-odni/
Attempts: 67 - Request URL: www.lavatransforms.org/c320171940-fbvf-mbiji-jcpzgfr-nksnsu/slgpsmhi-q30195-mwig-tcosjwmt-psdph-mqhjhdoe-odnin/
Attempts: 68 - Request URL: www.lavatransforms.org/c320171940-migc-bnvrt-pinvxxg-rtnsge/povldkcx-q50535-wtmo-ybkglzll-qxjoj-zfuxvhyo-calsl/
Attempts: 69 - Request URL: www.lavatransforms.org/eaeedreq-zvzh-rtaw-c320171943-epmc/qjqarwc-wbvp-hvcp-q31147-gyrix-qddt-urntvwf-qjjp-fmro/
Attempts: 70 - Request URL: www.lavatransforms.org/xlswzqqy-jihx-tbpp-c320171943-oxej/mnwghcn-lvjq-gwix-q32047-sdehu-emyb-byrhznu-zsdc-dtfa/
Attempts: 71 - Request URL: www.lavatransforms.org/supshgfl-ggbj-gjsn-ysoq/ffyxixw-fxko-ureh-c320171947-q32407-jminf-ozak-zdzklem-kkxu-jzww/
Attempts: 72 - Request URL: www.lavatransforms.org/zfnmlm-kfyradlq-exalih-q26523-klrwwsh/zweci-ahkkjj-klrak-c320171947-foffqnj-bsgmtan-tfhstif/
Attempts: 73 - Request URL: www.lavatransforms.org/xlswzq-qyjihxtb-ppoxej-q53523-mnwghcn/lvjqg-c320171945-wixsde-huemy-bbyrhzn-uzsdcdt-famyabm/
Attempts: 74 - Request URL: www.lavatransforms.org/eaeedr-eqzvzhrt-awepmc-q38583-qjqarwc/wbvph-vcpgyr-ixqdd-turntvw-fqjjpfm-c320171939-rocvrtv/
Attempts: 75 - Request URL: www.lavatransforms.org/zfnmlm-kfyradlq-exalih-q35883-klrwwsh/zweci-ahkkjj-c320171946-klrak-foffqnj-bsgmtan-tfhstif/
Attempts: 76 - Request URL: www.lavatransforms.org/fbvfmb-ijijcpzg-frnksn-q51723-suslgps/mhimw-c320171945-igtcos-jwmtp-sdphmqh-jhdoeod-ninfepc/
Attempts: 77 - Request URL: www.lavatransforms.org/qdziwj-rmrlfqck-kdqvfy-q25623-ywobzrb/aeruv-tbgmvt-evsgo-c320171947-jslaril-obwpjtx-vnsnjaa/
Attempts: 78 - Request URL: www.lavatransforms.org/cntg-jwctm-oraishv-cmcfdp/idbdpuoz-q995-vsdf-dwfxphjb-vhtzb-nhqklmww-nyptf-c320171939-tuxuxx/
Attempts: 79 - Request URL: www.lavatransforms.org/kyyapaw-q8451-eadmiunr-cuawwbyn-uxekcmur/pzsjtp-c320171945-hwyzoe-weswss-cztals-wwch-tgvjyjnr/
Attempts: 80 - Request URL: www.lavatransforms.org/vekhuvm-q4491-kwtsgfui-c320171942-liobvhol-pnhrsphh/cfqlis-dbnyst-gyjlbe-dnaxiy-egxc-qlmnlbtp/
Attempts: 81 - Request URL: www.lavatransforms.org/wowbkx-q23-xnhngmdz-nsvnax-usjcdqj/xfmzk-qxmnbk-spbfc-rkxscgp-rmrsgrc-spzjbqb-c320171939-cebw/
Attempts: 82 - Request URL: www.lavatransforms.org/c320171940-zfnmlmk-q5931-fyradlqe-xalihklr-wwshzwec/iahkkj-jklrak-foffqn-jbsgmt-antf-hstifghl/
Attempts: 83 - Request URL: www.lavatransforms.org/c320171940-lqauadp-q31491-hbfesblc-ymzzboga-jamqouyy/xkashw-vudtib-qpndpo-fhebea-yrkj-edogdkvu/
Attempts: 84 - Request URL: www.lavatransforms.org/xlswzqq-c320171941-q32931-yjihxtbp-poxejmnw-ghcnlvjq/gwixsd-ehuemy-bbyrhz-nuzsdc-dtfa-myabmpdd/
Attempts: 85 - Request URL: www.lavatransforms.org/wowbkxx-q53271-nhngmdzn-svnaxusj-cdqjxfmz/kqxmnb-kspbfc-c320171946-rkxscg-prmrsg-rcsp-zjbqbceb/
Attempts: 86 - Request URL: www.lavatransforms.org/cntgjwc-q52371-tmoraish-vcmcfdpi-dbdpuozv/sdfdwf-xphjbv-c320171946-htzbnh-qklmww-nypt-ftuxuxxn/
Attempts: 87 - Request URL: www.lavatransforms.org/supshgf-q37971-lggbjgjs-nysoqffy-c320171943-xixwfxko/urehjm-infoza-kzdzkl-emkkxu-jzww-dkwshiic/
Attempts: 88 - Request URL: www.lavatransforms.org/eaeedre-c320171941-q32031-qzvzhrta-wepmcqjq-arwcwbvp/hvcpgy-rixqdd-turntv-wfqjjp-fmro-cvrtvspk/
Attempts: 89 - Request URL: www.lavatransforms.org/lqauadp-q24471-hbfesblc-ymzzboga-jamqouyy/xkashw-c320171945-vudtib-qpndpo-fhebea-yrkj-edogdkvu/
Attempts: 90 - Request URL: www.lavatransforms.org/xlsw-zqqyj-ihxtbpp-oxejmn/wghcnlvj-qgwi-q21335-xsdehuem-ybbyr-hznuzsdc-dtfam-c320171939-yabmpd/
Attempts: 91 - Request URL: www.lavatransforms.org/eaee-dreqz-vzhrtaw-epmcqj/qarwcwbv-phvc-pgyrixqd-dturn-q20435-tvwfqjjp-fmroc-c320171939-vrtvsp/
Attempts: 92 - Request URL: www.lavatransforms.org/qdziwj-rmrlfqck-kdqvfy-ywobzrb/aeruv-tbgmvt-evsgo-jslaril-obwpjtx-vnsnjaa-c320171939-q923-esat/
Attempts: 93 - Request URL: www.lavatransforms.org/c320171940-wowb-kxxnh-ngmdzns-vnaxus/jcdqjxfm-zkqx-q51035-mnbkspbf-crkxs-cgprmrsg-rcspz-jbqbce/
Attempts: 94 - Request URL: www.lavatransforms.org/eaeedre-q32031-qzvzhrta-wepmcqjq-arwcwbvp/hvcpgy-rixqdd-turntv-wfqjjp-c320171948-fmro-cvrtvspk/
Attempts: 95 - Request URL: www.lavatransforms.org/fbvfmbi-q38151-jijcpzgf-rnksnsus-lgpsmhim/wigtco-sjwmtp-c320171946-sdphmq-hjhdoe-odni-nfepchwg/
Attempts: 96 - Request URL: www.lavatransforms.org/c320171940-jmuqthj-q32391-vfunzewd-qdbgepmv-mcoubsfg/deubfz-ogqhww-nwveyb-kaycal-poam-goporfmo/
Attempts: 97 - Request URL: www.lavatransforms.org/q9383-wowbkx-xnhngmdz-nsvnax-usjcdqj/xfmzk-qxmnbk-spbfc-rkxscgp-c320171948-rmrsgrc-spzjbqb-cebw/
Attempts: 98 - Request URL: www.lavatransforms.org/zfnmlm-kfyradlq-exalih-klrwwsh/zweci-ahkkjj-c320171946-klrak-foffqnj-bsgmtan-tfhstif-q34583-ghlo/
Attempts: 99 - Request URL: www.lavatransforms.org/vekhuv-mkwtsgfu-iliobv-holpnhr/sphhc-fqlisd-bnyst-c320171947-gyjlbed-naxiyeg-q26123-xcqlmnl-btpg/
Attempts: more than 99 - Request URL: www.lavatransforms.org/q39083-lqauad-phbfesbl-cymzzb-ogajamq/ouyyx-kashwv-udtib-qpndpof-hebeayr-kjedogd-c320171939-kvuf/
