Attempts: 1 - Request URL: www.lavatransforms.org/c320171940-hgqzqeow-q9116-qajrma/bafikzj-zzto-kvyjcn.do
Attempts: 2 - Request URL: www.lavatransforms.org/gpjto-ptdkyl-q3260-loiv-owjrua/c320171944-qhqy-ytilnbrx-mavtn-zsakxd-lhmit.do
Attempts: 3 - Request URL: www.lavatransforms.org/event/salon717/feed/
Attempts: 4 - Request URL: www.lavatransforms.org/migc-bnvrt-pinvxxg-rtnsge/povldkcx-q36495-wtmo-ybkglzll-c320171947-qxjoj-zfuxvhyo-calsl/
Attempts: 5 - Request URL: www.lavatransforms.org/c320171940-supshg-flggbjgj/snysoq-q16703-ffyxixw-fxkou/
Attempts: 6 - Request URL: www.lavatransforms.org/arrl-c320171945-sksoe-sxkxm/jfkux-q30804-rzktf-tbzvi-wsnurzpn-qmrn.do
Attempts: 7 - Request URL: www.lavatransforms.org/xlswzq-qyjihxtb-ppoxej/q28563-mnwghcn-c320171948-lvjqg-wixsde-huemy-bbyrhzn/
Attempts: 8 - Request URL: www.lavatransforms.org/arrlsks-oesx-kxmjf-kuxrzktf-tbzviws-c320171941-nurzpnq-q7638-mrncru-imuv/
Attempts: 9 - Request URL: www.lavatransforms.org/q13850-ijmkc-zlapxv-vqvl-c320171943-uswugx-abil/
Attempts: 10 - Request URL: www.lavatransforms.org/ovlxv-uhbnzq-epdy-htghkr/q52360-hchk-nargbaqy-yvohl-c320171947-acpnzp-aeyfr-ocwucvli-oxxri-zjoyin.do
Attempts: 11 - Request URL: www.lavatransforms.org/c320171940-q44704-gpjt-optdk/ylloi-vowjr.do
Attempts: 12 - Request URL: www.lavatransforms.org/qdziw-jrmrlfq-q8489-ckkdqvfy-ywobzrb-aeru-vtbgmvte-vsgojsl-c320171947-arilobwp-jtxvns.do
Attempts: 13 - Request URL: www.lavatransforms.org/supsh-gflggbj-gjsnysoq-c320171943-ffyxixw/fxko-urehjmin-fozakzd-q29599-zklemkkx-ujzwwd-kwshii-cccmkz-ygaohspf/
Attempts: 14 - Request URL: www.lavatransforms.org/c320171948-q53992-hgqzqe-owqajrm/abafik-zjzzt.do
Attempts: 15 - Request URL: www.lavatransforms.org/eaeedre-q13311-qzvzhrta-wepmcqjq-arwcwbvp/c320171944-hvcpgy-rixqdd-turntv-wfqjjp-fmro-cvrtvspk/
Attempts: 16 - Request URL: www.lavatransforms.org/cntg-jwctm-oraishv-cmcfdp-idbdpuoz-c320171945-q12825-vsdf-dwfxphjb-vhtzb-nhqklmww-nyptf.do
Attempts: 17 - Request URL: www.lavatransforms.org/vekhuvmk-wtsg-q25967-fuil-iobv/holpnhr-sphh-cfql-c320171947-isdbn-ystg/
Attempts: 18 - Request URL: www.lavatransforms.org/event/broadway-on-my-mind-pereira/feed/
Attempts: 19 - Request URL: www.lavatransforms.org/cntgjw-ctmorais-hvcmcf-q21483-dpidbdp/uozvs-dfdwfx-phjbv-htzbnhq-c320171948-klmwwny-ptftuxu/
Attempts: 20 - Request URL: www.lavatransforms.org/yzir-efgcs-q13134-cpcjc-qtbfq-c320171947-mtdks-qzegr-qjzlvilu/
