Attempts: 1 - Request URL: www.lavatransforms.org/wp-content/cache/busting/1/wp-content-themes-event-style.css
Attempts: 2 - Request URL: www.lavatransforms.org/wp-content/cache/busting/1/wp-content-themes-event-media-queries.css
Attempts: 3 - Request URL: www.lavatransforms.org/wp-content/cache/busting/1/wp-content-plugins-builder-button-assets-style.css
Attempts: 4 - Request URL: www.lavatransforms.org/wp-content/cache/busting/1/wp-content-plugins-wp-stats-stats-css.css
Attempts: 5 - Request URL: www.lavatransforms.org/wp-content/cache/busting/1/wp-content-plugins-builder-contact-assets-style.css
Attempts: 6 - Request URL: www.lavatransforms.org/wp-content/cache/busting/1/wp-content-plugins-jetpack-modules-wpgroho.js
Attempts: 7 - Request URL: www.lavatransforms.org/wp-content/cache/busting/1/wp-content-plugins-wp-power-stats-wp-power-stats.js
Attempts: 8 - Request URL: www.lavatransforms.org/wp-content/cache/busting/1/wp-includes-js-jquery-jquery-migrate.min.js
Attempts: 9 - Request URL: www.lavatransforms.org/wp-content/cache/busting/1/wp-includes-js-wp-embed.min.js
Attempts: 10 - Request URL: www.lavatransforms.org/wp-content/cache/busting/1/wp-content-themes-event-skins-orange-style.css
Attempts: 11 - Request URL: www.lavatransforms.org/wp-content/cache/busting/1/wp-includes-js-jquery-jquery.masonry.min.js
Attempts: 12 - Request URL: www.lavatransforms.org/wp-content/cache/busting/1/wp-content-themes-event-themify-themify-builder-css-themify-builder-style.css
Attempts: 13 - Request URL: www.lavatransforms.org/wp-content/cache/busting/1/wp-content-plugins-themify-tiles-assets-themify.widegallery.js
Attempts: 14 - Request URL: www.lavatransforms.org/wp-content/cache/busting/1/wp-includes-js-imagesloaded.min.js
Attempts: 15 - Request URL: www.lavatransforms.org/wp-content/cache/busting/1/wp-content-plugins-themify-tiles-assets-script.js
Attempts: 16 - Request URL: www.lavatransforms.org/wp-content/cache/busting/1/wp-content-plugins-themify-tiles-assets-style.css
Attempts: 17 - Request URL: www.lavatransforms.org/wp-content/cache/busting/1/wp-content-plugins-builder-contact-assets-scripts.js
Attempts: 18 - Request URL: www.lavatransforms.org/wp-content/cache/busting/1/wp-content-uploads-themify-customizer.css
Attempts: 19 - Request URL: www.lavatransforms.org/wp-content/cache/busting/1/wp-content-themes-event-js-jquery.dominant-color.js
Attempts: 20 - Request URL: www.lavatransforms.org/wp-content/cache/busting/1/wp-content-themes-event-js-jquery.masonry.min.js
Attempts: 21 - Request URL: www.lavatransforms.org/wp-content/cache/busting/1/wp-content-themes-event-themify-js-main.js
Attempts: 22 - Request URL: www.lavatransforms.org/wp-content/cache/busting/1/wp-content-themes-event-themify-js-carousel.js
Attempts: 23 - Request URL: www.lavatransforms.org/wp-content/cache/busting/1/wp-content-themes-event-themify-js-themify.sidemenu.js
Attempts: 24 - Request URL: www.lavatransforms.org/wp-content/cache/busting/1/wp-content-plugins-builder-button-assets-scripts.js
Attempts: 25 - Request URL: www.lavatransforms.org/wp-content/cache/busting/1/wp-content-themes-event-themify-js-lightbox.js
Attempts: 26 - Request URL: www.lavatransforms.org/wp-content/cache/busting/1/wp-content-themes-event-themify-js-themify.gallery.js
Attempts: 27 - Request URL: www.lavatransforms.org/wp-content/cache/busting/1/wp-content-themes-event-js-themify.script.js
Attempts: 28 - Request URL: www.lavatransforms.org/wp-content/cache/busting/1/wp-content-themes-event-js-modernizr-3.3.1.min.js
Attempts: 29 - Request URL: www.lavatransforms.org/wp-content/cache/busting/1/wp-content-themes-event-themify-css-lightbox.css
Attempts: 30 - Request URL: www.lavatransforms.org/wp-content/cache/busting/1/wp-includes-js-jquery-jquery.js
Attempts: 31 - Request URL: www.lavatransforms.org/wp-content/cache/busting/1/wp-content-themes-event-themify-css-themify.framework.css
Attempts: 32 - Request URL: www.lavatransforms.org/wp-content/cache/busting/1/wp-content-plugins-themify-tiles-assets-jquery.smartresize.js
Attempts: 33 - Request URL: www.lavatransforms.org/wp-content/cache/busting/1/wp-content-plugins-themify-tiles-includes-themify-builder-css-animate.min.css
Attempts: 34 - Request URL: www.lavatransforms.org/wp-content/cache/busting/1/wp-content-plugins-jetpack-css-jetpack.css
Attempts: 35 - Request URL: www.lavatransforms.org/wp-content/cache/busting/1/wp-content-plugins-akismet-_inc-form.js
Attempts: 36 - Request URL: www.lavatransforms.org/wp-content/cache/busting/1/wp-includes-js-comment-reply.min.js
Attempts: 37 - Request URL: www.lavatransforms.org/wp-content/cache/busting/1/wp-content-plugins-jetpack-_inc-social-logos-social-logos.min.css
Attempts: 38 - Request URL: www.lavatransforms.org/wp-content/cache/busting/1/wp-content-plugins-jetpack-modules-sharedaddy-sharing.js
Attempts: 39 - Request URL: www.lavatransforms.org/wp-content/cache/busting/1/wp-content-themes-event-themify-js-lightbox-2.7.6.js
Attempts: 40 - Request URL: www.lavatransforms.org/wp-content/cache/busting/1/wp-content-themes-event-themify-js-themify.sidemenu-1.5.6.js
Attempts: 41 - Request URL: www.lavatransforms.org/wp-content/cache/busting/1/wp-content-themes-event-skins-orange-style-2.7.6.css
Attempts: 42 - Request URL: www.lavatransforms.org/wp-content/cache/busting/1/wp-content-themes-event-js-modernizr-3.3.1.min-1.5.6.js
Attempts: 43 - Request URL: www.lavatransforms.org/wp-content/cache/busting/1/wp-content-themes-event-js-themify.script-1.5.6.js
Attempts: 44 - Request URL: www.lavatransforms.org/wp-content/cache/busting/1/wp-content-themes-event-style-1.5.6.css
Attempts: 45 - Request URL: www.lavatransforms.org/wp-content/cache/busting/1/wp-content-uploads-themify-css-themify-builder-5896-generated-16.12.27.16.45.32.css
Attempts: 46 - Request URL: www.lavatransforms.org/wp-content/cache/busting/1/wp-content-themes-event-themify-js-main-2.7.6.js
Attempts: 47 - Request URL: www.lavatransforms.org/wp-content/cache/busting/1/wp-content-themes-event-themify-themify-builder-css-themify-builder-style-2.7.6.css
Attempts: 48 - Request URL: www.lavatransforms.org/wp-content/cache/busting/1/wp-content-themes-event-js-jquery.dominant-color-1.5.6.js
Attempts: 49 - Request URL: www.lavatransforms.org/wp-content/cache/busting/1/wp-content-plugins-jetpack-css-jetpack-4.5.css
Attempts: 50 - Request URL: www.lavatransforms.org/wp-content/cache/busting/1/wp-content-themes-event-js-jquery.masonry.min-1.5.6.js
Attempts: 51 - Request URL: www.lavatransforms.org/wp-content/cache/busting/1/wp-content-themes-event-themify-css-lightbox-2.7.6.css
Attempts: 52 - Request URL: www.lavatransforms.org/wp-content/cache/busting/1/wp-content-themes-event-themify-css-themify.framework-2.7.6.css
Attempts: 53 - Request URL: www.lavatransforms.org/wp-content/cache/busting/1/wp-content-themes-event-themify-js-carousel-2.7.6.js
Attempts: 54 - Request URL: www.lavatransforms.org/wp-content/cache/busting/1/wp-content-themes-event-themify-fontawesome-css-font-awesome.min-2.7.6.css
Attempts: 55 - Request URL: www.lavatransforms.org/wp-content/cache/busting/1/wp-content-themes-event-themify-fontawesome-css-font-awesome.min-1.5.6.css
Attempts: 56 - Request URL: www.lavatransforms.org/wp-content/cache/busting/1/wp-content-themes-event-media-queries-1.5.6.css
