Attempts: 1 - Request URL: www.lavatransforms.org/category/poetry/user/login
Attempts: 2 - Request URL: www.lavatransforms.org/category/spirituality/user/login
Attempts: 3 - Request URL: www.lavatransforms.org/category/spirituality/user/register
Attempts: 4 - Request URL: www.lavatransforms.org/event/raymond-chandlers-los-angeles-tour/feed/
Attempts: 5 - Request URL: www.lavatransforms.org/category/free/page/7/lavatransforms.org/flaneur-broadway-on-my-mind-6
Attempts: 6 - Request URL: www.lavatransforms.org/event/raymond-chandlers-los-angeles-3/feed/
Attempts: 7 - Request URL: www.lavatransforms.org/category/history/page/16/nydistilling.com
Attempts: 8 - Request URL: www.lavatransforms.org/category/lava-vocabulary/books/page/2/user/login
Attempts: 9 - Request URL: www.lavatransforms.org/category/lava-vocabulary/education/page/8/myspace.com/jamesadomian
Attempts: 10 - Request URL: www.lavatransforms.org/event/harveys-broiler-2017/feed/
Attempts: 11 - Request URL: www.lavatransforms.org/event/raymond-chandlers-los-angeles-3/feed/
Attempts: 12 - Request URL: www.lavatransforms.org/category/education/page/5/lavatransforms.org/scrapsteel
Attempts: 13 - Request URL: www.lavatransforms.org/category/education/page/8/myspace.com/jamesadomian
Attempts: 14 - Request URL: www.lavatransforms.org/category/lava-vocabulary/history/musso31210
Attempts: 15 - Request URL: www.lavatransforms.org/fitzgeraldwalk4
Attempts: 16 - Request URL: www.lavatransforms.org/category/art/page/5/southwestmuseum2013
Attempts: 17 - Request URL: www.lavatransforms.org/event/eastside-babylon-crime-bus-tour-3/feed/
Attempts: 18 - Request URL: www.lavatransforms.org/event/pereira-talk-aug2016/feed/
Attempts: 19 - Request URL: www.lavatransforms.org/event/echo-park-book-of-the-dead-april-23-2016/feed/
Attempts: 20 - Request URL: www.lavatransforms.org/event/the-krampus-slideshow-talk-with-costumes-late-show/feed/
Attempts: 21 - Request URL: www.lavatransforms.org/event/south-l-a-road-trip-hot-rods-adobes-googie-early-modernism-2/feed/
Attempts: 22 - Request URL: www.lavatransforms.org/event/hotel-horrors-main-street-vice-tour-5/feed/
Attempts: 23 - Request URL: www.lavatransforms.org/event/the-real-black-dahlia-crime-bus-tour-3/feed/
