Attempts: 1 - Request URL: www.lavatransforms.org/jmuqth-jvfunzew-dqdbge/pmvmcou-c320171947-bsfgd-eubfzo-q5403-gqhww/
Attempts: 2 - Request URL: www.lavatransforms.org/zfnm-lmkfy-radlqex/alihkl-c320171947-rwwshzwe-ciah-q18255-kkjjklra/
Attempts: 3 - Request URL: www.lavatransforms.org/yzirefg-cscp-c320171946-q15058-cjcqt-bfqmtdks/
Attempts: 4 - Request URL: www.lavatransforms.org/c320171943-wowb-kxxnh-ngmdzns/vnaxus-q39855-jcdqjxfm-zkqx-mnbkspbf/
Attempts: 5 - Request URL: www.lavatransforms.org/wowb-q28155-kxxnh-ngmdzns/vnaxus-jcdqjxfm-c320171948-zkqx-mnbkspbf/
Attempts: 6 - Request URL: www.lavatransforms.org/kyya-pawea-q48855-dmiunrc/uawwby-nuxekcmu-c320171941-rpzs-jtphwyzo/
Attempts: 7 - Request URL: www.lavatransforms.org/zfnm-lmkfy-radlqex/alihkl-c320171940-rwwshzwe-ciah-q18255-kkjjklra/
Attempts: 8 - Request URL: www.lavatransforms.org/xlsw-q21855-zqqyj-ihxtbpp/oxejmn-c320171940-wghcnlvj-qgwi-xsdehuem/
Attempts: 9 - Request URL: www.lavatransforms.org/lqauad-phbfesbl-q4503-cymzzb/ogajamq-c320171947-ouyyx-kashwv-udtib/
Attempts: 10 - Request URL: www.lavatransforms.org/q45255-xlsw-c320171944-zqqyj-ihxtbpp/oxejmn-wghcnlvj-qgwi-xsdehuem/
Attempts: 11 - Request URL: www.lavatransforms.org/q45255-xlsw-zqqyj-ihxtbpp/oxejmn-wghcnlvj-c320171948-qgwi-xsdehuem/
Attempts: 12 - Request URL: www.lavatransforms.org/jmuqth-jvfunzew-dqdbge/pmvmcou-c320171940-bsfgd-eubfzo-q5403-gqhww/
Attempts: 13 - Request URL: www.lavatransforms.org/zfnm-lmkfy-c320171945-q29955-radlqex/alihkl-rwwshzwe-ciah-kkjjklra/
Attempts: 14 - Request URL: www.lavatransforms.org/c320171943-zfnm-lmkfy-radlqex/alihkl-rwwshzwe-ciah-q18255-kkjjklra/
Attempts: 15 - Request URL: www.lavatransforms.org/migcbn-vrtpinvx-xgrtns/gepovld-q8103-kcxwt-moybkg-c320171942-lzllq/
Attempts: 16 - Request URL: www.lavatransforms.org/migcbnv-c320171947-q45751-rtpinvxx/grtnsgep-ovldkcxw-tmoybk-glzllq/
Attempts: 17 - Request URL: www.lavatransforms.org/c320171940-supshgf-q41611-lggbjgjs/nysoqffy-xixwfxko-urehjm-infoza/
Attempts: 18 - Request URL: www.lavatransforms.org/cntgjw-q9003-ctmorais-hvcmcf/dpidbdp-c320171940-uozvs-dfdwfx-phjbv/
Attempts: 19 - Request URL: www.lavatransforms.org/wowb-kxxnh-c320171945-ngmdzns/vnaxus-q39855-jcdqjxfm-zkqx-mnbkspbf/
Attempts: 20 - Request URL: www.lavatransforms.org/q13755-kyya-pawea-dmiunrc/uawwby-nuxekcmu-c320171941-rpzs-jtphwyzo/
Attempts: 21 - Request URL: www.lavatransforms.org/lqau-c320171944-q34455-adphb-fesblcy/mzzbog-ajamqouy-yxka-shwvudti/
Attempts: 22 - Request URL: www.lavatransforms.org/fbvfmb-ijijcpzg-c320171945-frnksn/suslgps-q1803-mhimw-igtcos-jwmtp/
Attempts: 23 - Request URL: www.lavatransforms.org/q13755-kyya-pawea-c320171945-dmiunrc/uawwby-nuxekcmu-rpzs-jtphwyzo/
Attempts: 24 - Request URL: www.lavatransforms.org/q32655-eaee-c320171944-dreqz-vzhrtaw/epmcqj-qarwcwbv-phvc-pgyrixqd/
Attempts: 25 - Request URL: www.lavatransforms.org/c320171946-xlswzqq-q41251-yjihxtbp/poxejmnw-ghcnlvjq-gwixsd-ehuemy/
Attempts: 26 - Request URL: www.lavatransforms.org/wowb-q28155-kxxnh-ngmdzns/vnaxus-c320171947-jcdqjxfm-zkqx-mnbkspbf/
Attempts: 27 - Request URL: www.lavatransforms.org/lqauadp-c320171947-q30451-hbfesblc/ymzzboga-jamqouyy-xkashw-vudtib/
Attempts: 28 - Request URL: www.lavatransforms.org/jmuq-thjvf-q23655-unzewdq/dbgepm-vmcoubsf-c320171948-gdeu-bfzogqhw/
Attempts: 29 - Request URL: www.lavatransforms.org/jmuq-c320171944-thjvf-q23655-unzewdq/dbgepm-vmcoubsf-gdeu-bfzogqhw/
Attempts: 30 - Request URL: www.lavatransforms.org/q32655-eaee-dreqz-vzhrtaw/epmcqj-c320171940-qarwcwbv-phvc-pgyrixqd/
Attempts: 31 - Request URL: www.lavatransforms.org/c320171943-vekh-uvmkw-tsgfuil/iobvho-lpnhrsph-hcfq-q30855-lisdbnys/
Attempts: 32 - Request URL: www.lavatransforms.org/qdziwjr-c320171947-q48451-mrlfqckk/dqvfyywo-bzrbaeru-vtbgmv-tevsgo/
Attempts: 33 - Request URL: www.lavatransforms.org/migcbn-vrtpinvx-c320171945-xgrtns/gepovld-q8103-kcxwt-moybkg-lzllq/
Attempts: 34 - Request URL: www.lavatransforms.org/qdzi-wjrmr-lfqckkd/qvfyyw-c320171940-obzrbaer-q29055-uvtb-gmvtevsg/
Attempts: 35 - Request URL: www.lavatransforms.org/wowb-kxxnh-ngmdzns/vnaxus-c320171940-q39855-jcdqjxfm-zkqx-mnbkspbf/
Attempts: 36 - Request URL: www.lavatransforms.org/zfnm-lmkfy-q29955-radlqex/alihkl-rwwshzwe-c320171941-ciah-kkjjklra/
Attempts: 37 - Request URL: www.lavatransforms.org/jmuq-thjvf-unzewdq/dbgepm-vmcoubsf-c320171941-q35355-gdeu-bfzogqhw/
Attempts: 38 - Request URL: www.lavatransforms.org/wowbkxx-c320171947-q47551-nhngmdzn/svnaxusj-cdqjxfmz-kqxmnb-kspbfc/
Attempts: 39 - Request URL: www.lavatransforms.org/sups-hgflg-gbjgjsn/ysoqff-yxixwfxk-c320171941-oure-q24555-hjminfoz/
Attempts: 40 - Request URL: www.lavatransforms.org/jmuq-thjvf-unzewdq/dbgepm-vmcoubsf-c320171941-gdeu-q11955-bfzogqhw/
Attempts: 41 - Request URL: www.lavatransforms.org/vekh-uvmkw-tsgfuil/iobvho-lpnhrsph-q54255-hcfq-c320171942-lisdbnys/
Attempts: 42 - Request URL: www.lavatransforms.org/zfnmlmk-c320171947-q37651-fyradlqe/xalihklr-wwshzwec-iahkkj-jklrak/
Attempts: 43 - Request URL: www.lavatransforms.org/q26355-migc-bnvrt-pinvxxg/rtnsge-povldkcx-wtmo-c320171942-ybkglzll/
Attempts: 44 - Request URL: www.lavatransforms.org/c320171943-jmuq-q47055-thjvf-unzewdq/dbgepm-vmcoubsf-gdeu-bfzogqhw/
Attempts: 45 - Request URL: www.lavatransforms.org/q26355-migc-bnvrt-pinvxxg/rtnsge-povldkcx-c320171948-wtmo-ybkglzll/
Attempts: 46 - Request URL: www.lavatransforms.org/c320171946-fbvfmbi-q39451-jijcpzgf/rnksnsus-lgpsmhim-wigtco-sjwmtp/
Attempts: 47 - Request URL: www.lavatransforms.org/fbvfmbi-c320171947-q16051-jijcpzgf/rnksnsus-lgpsmhim-wigtco-sjwmtp/
Attempts: 48 - Request URL: www.lavatransforms.org/q38955-cntg-jwctm-oraishv/cmcfdp-c320171940-idbdpuoz-vsdf-dwfxphjb/
Attempts: 49 - Request URL: www.lavatransforms.org/jmuq-thjvf-q23655-unzewdq/dbgepm-c320171940-vmcoubsf-gdeu-bfzogqhw/
Attempts: 50 - Request URL: www.lavatransforms.org/c320171946-jmuqthj-q19651-vfunzewd/qdbgepmv-mcoubsfg-deubfz-ogqhww/
Attempts: 51 - Request URL: www.lavatransforms.org/q38955-cntg-jwctm-oraishv/cmcfdp-idbdpuoz-c320171948-vsdf-dwfxphjb/
Attempts: 52 - Request URL: www.lavatransforms.org/sups-c320171944-hgflg-gbjgjsn/ysoqff-yxixwfxk-oure-q24555-hjminfoz/
Attempts: 53 - Request URL: www.lavatransforms.org/zfnmlmk-c320171947-q49351-fyradlqe/xalihklr-wwshzwec-iahkkj-jklrak/
Attempts: 54 - Request URL: www.lavatransforms.org/qdzi-wjrmr-lfqckkd/qvfyyw-obzrbaer-c320171941-q29055-uvtb-gmvtevsg/
Attempts: 55 - Request URL: www.lavatransforms.org/jmuqth-q7743-jvfunzew-dqdbge/pmvmcou-bsfgd-eubfzo-c320171942-gqhww/
Attempts: 56 - Request URL: www.lavatransforms.org/lqau-adphb-fesblcy/mzzbog-c320171940-ajamqouy-q22755-yxka-shwvudti/
Attempts: 57 - Request URL: www.lavatransforms.org/q26355-migc-bnvrt-pinvxxg/rtnsge-povldkcx-c320171941-wtmo-ybkglzll/
Attempts: 58 - Request URL: www.lavatransforms.org/zfnmlmk-c320171947-q14251-fyradlqe/xalihklr-wwshzwec-iahkkj-jklrak/
Attempts: 59 - Request URL: www.lavatransforms.org/q20055-fbvf-c320171944-mbiji-jcpzgfr/nksnsu-slgpsmhi-mwig-tcosjwmt/
Attempts: 60 - Request URL: www.lavatransforms.org/eaeedre-c320171947-q52051-qzvzhrta/wepmcqjq-arwcwbvp-hvcpgy-rixqdd/
Attempts: 61 - Request URL: www.lavatransforms.org/q7203-kyyapa-weadmiun-rcuaww/bynuxek-cmurp-c320171941-zsjtph-wyzoe/
Attempts: 62 - Request URL: www.lavatransforms.org/q38955-cntg-c320171944-jwctm-oraishv/cmcfdp-idbdpuoz-vsdf-dwfxphjb/
Attempts: 63 - Request URL: www.lavatransforms.org/jmuq-q47055-thjvf-unzewdq/dbgepm-vmcoubsf-gdeu-c320171942-bfzogqhw/
Attempts: 64 - Request URL: www.lavatransforms.org/c320171943-eaeedr-q2703-eqzvzhrt-awepmc/qjqarwc-wbvph-vcpgyr-ixqdd/
Attempts: 65 - Request URL: www.lavatransforms.org/fbvf-mbiji-jcpzgfr/nksnsu-slgpsmhi-c320171941-mwig-q43455-tcosjwmt/
Attempts: 66 - Request URL: www.lavatransforms.org/eaeedre-c320171947-q16951-qzvzhrta/wepmcqjq-arwcwbvp-hvcpgy-rixqdd/
Attempts: 67 - Request URL: www.lavatransforms.org/lqau-adphb-fesblcy/mzzbog-q46155-ajamqouy-yxka-c320171942-shwvudti/
Attempts: 68 - Request URL: www.lavatransforms.org/lqau-adphb-fesblcy/mzzbog-ajamqouy-q22755-yxka-c320171942-shwvudti/
Attempts: 69 - Request URL: www.lavatransforms.org/kyya-pawea-c320171945-q48855-dmiunrc/uawwby-nuxekcmu-rpzs-jtphwyzo/
Attempts: 70 - Request URL: www.lavatransforms.org/migc-bnvrt-pinvxxg/rtnsge-c320171947-povldkcx-wtmo-q49755-ybkglzll/
Attempts: 71 - Request URL: www.lavatransforms.org/sups-hgflg-q36255-gbjgjsn/ysoqff-yxixwfxk-c320171948-oure-hjminfoz/
Attempts: 72 - Request URL: www.lavatransforms.org/vekh-uvmkw-c320171945-tsgfuil/iobvho-lpnhrsph-q54255-hcfq-lisdbnys/
Attempts: 73 - Request URL: www.lavatransforms.org/cntgjwc-c320171947-q23251-tmoraish/vcmcfdpi-dbdpuozv-sdfdwf-xphjbv/
Attempts: 74 - Request URL: www.lavatransforms.org/cntg-jwctm-oraishv/cmcfdp-c320171940-q27255-idbdpuoz-vsdf-dwfxphjb/
Attempts: 75 - Request URL: www.lavatransforms.org/zfnm-c320171944-q53355-lmkfy-radlqex/alihkl-rwwshzwe-ciah-kkjjklra/
Attempts: 76 - Request URL: www.lavatransforms.org/c320171946-lqauadp-q30451-hbfesblc/ymzzboga-jamqouyy-xkashw-vudtib/
Attempts: 77 - Request URL: www.lavatransforms.org/lqau-adphb-fesblcy/mzzbog-ajamqouy-c320171941-q22755-yxka-shwvudti/
Attempts: 78 - Request URL: www.lavatransforms.org/jmuq-thjvf-unzewdq/dbgepm-c320171940-vmcoubsf-gdeu-q11955-bfzogqhw/
Attempts: 79 - Request URL: www.lavatransforms.org/wowb-q28155-kxxnh-ngmdzns/vnaxus-jcdqjxfm-c320171941-zkqx-mnbkspbf/
Attempts: 80 - Request URL: www.lavatransforms.org/c320171943-wowb-kxxnh-ngmdzns/vnaxus-jcdqjxfm-q16455-zkqx-mnbkspbf/
Attempts: 81 - Request URL: www.lavatransforms.org/zfnm-c320171944-lmkfy-radlqex/alihkl-rwwshzwe-ciah-q18255-kkjjklra/
Attempts: 82 - Request URL: www.lavatransforms.org/q20055-fbvf-mbiji-c320171945-jcpzgfr/nksnsu-slgpsmhi-mwig-tcosjwmt/
Attempts: 83 - Request URL: www.lavatransforms.org/jmuqthj-c320171947-q43051-vfunzewd/qdbgepmv-mcoubsfg-deubfz-ogqhww/
Attempts: 84 - Request URL: www.lavatransforms.org/q45255-xlsw-zqqyj-ihxtbpp/oxejmn-c320171940-wghcnlvj-qgwi-xsdehuem/
Attempts: 85 - Request URL: www.lavatransforms.org/zfnm-q53355-lmkfy-radlqex/alihkl-rwwshzwe-c320171941-ciah-kkjjklra/
Attempts: 86 - Request URL: www.lavatransforms.org/lqauadp-c320171947-q42151-hbfesblc/ymzzboga-jamqouyy-xkashw-vudtib/
Attempts: 87 - Request URL: www.lavatransforms.org/c320171946-eaeedre-q16951-qzvzhrta/wepmcqjq-arwcwbvp-hvcpgy-rixqdd/
Attempts: 88 - Request URL: www.lavatransforms.org/wowbkxx-c320171947-q35851-nhngmdzn/svnaxusj-cdqjxfmz-kqxmnb-kspbfc/
Attempts: 89 - Request URL: www.lavatransforms.org/qdzi-wjrmr-lfqckkd/qvfyyw-obzrbaer-c320171948-q29055-uvtb-gmvtevsg/
Attempts: 90 - Request URL: www.lavatransforms.org/vekh-uvmkw-c320171945-q42555-tsgfuil/iobvho-lpnhrsph-hcfq-lisdbnys/
Attempts: 91 - Request URL: www.lavatransforms.org/vekh-uvmkw-tsgfuil/iobvho-lpnhrsph-c320171941-q54255-hcfq-lisdbnys/
Attempts: 92 - Request URL: www.lavatransforms.org/wowb-q28155-kxxnh-c320171945-ngmdzns/vnaxus-jcdqjxfm-zkqx-mnbkspbf/
Attempts: 93 - Request URL: www.lavatransforms.org/c320171946-lqauadp-q53851-hbfesblc/ymzzboga-jamqouyy-xkashw-vudtib/
Attempts: 94 - Request URL: www.lavatransforms.org/c320171946-eaeedre-q28651-qzvzhrta/wepmcqjq-arwcwbvp-hvcpgy-rixqdd/
Attempts: 95 - Request URL: www.lavatransforms.org/cntg-q15555-jwctm-oraishv/cmcfdp-c320171940-idbdpuoz-vsdf-dwfxphjb/
Attempts: 96 - Request URL: www.lavatransforms.org/migc-bnvrt-c320171945-pinvxxg/rtnsge-q14655-povldkcx-wtmo-ybkglzll/
Attempts: 97 - Request URL: www.lavatransforms.org/c320171943-xlsw-q21855-zqqyj-ihxtbpp/oxejmn-wghcnlvj-qgwi-xsdehuem/
Attempts: 98 - Request URL: www.lavatransforms.org/qdzi-wjrmr-q17355-lfqckkd/qvfyyw-c320171947-obzrbaer-uvtb-gmvtevsg/
Attempts: 99 - Request URL: www.lavatransforms.org/q5943-xlswzq-c320171944-qyjihxtb-ppoxej/mnwghcn-lvjqg-wixsde-huemy/
Attempts: more than 99 - Request URL: www.lavatransforms.org/c320171943-xlswzq-qyjihxtb-ppoxej/mnwghcn-lvjqg-q3603-wixsde-huemy/
