Attempts: 1 - Request URL: www.lavatransforms.org/wp-content/uploads/8d4c0ea4075727d.php
Attempts: 2 - Request URL: www.lavatransforms.org/wp-content/uploads/8d4c0ea4073101a.php
Attempts: 3 - Request URL: www.lavatransforms.org/wp-content/uploads/8d4c0ea4248c257.php
Attempts: 4 - Request URL: www.lavatransforms.org/wp-content/uploads/8d4c0ea42bb33ea.php
Attempts: 5 - Request URL: www.lavatransforms.org/static/js/tiny_mce/plugins/tinybrowser/upload.php?type=file/wp-login.php
Attempts: 6 - Request URL: www.lavatransforms.org/admin/lib/tiny_mce/plugins/tinybrowser/upload.php?type=file/wp-login.php
Attempts: 7 - Request URL: www.lavatransforms.org/static/js/tiny_mce/plugins/tinybrowser/upload.php?type=file/wp-login.php
Attempts: 8 - Request URL: www.lavatransforms.org/tiny_mce/plugins/tinybrowser/upload.php?type=file/wp-login.php
Attempts: 9 - Request URL: www.lavatransforms.org/editors/tinymce/jscripts/tiny_mce/plugins/tinybrowser/upload.php?type=file/wp-login.php
Attempts: 10 - Request URL: www.lavatransforms.org/admin/lib/tiny_mce/plugins/tinybrowser/upload.php?type=file/wp-login.php
Attempts: 11 - Request URL: www.lavatransforms.org/static/js/tiny_mce/plugins/tinybrowser/upload.php?type=file/wp-login.php
Attempts: 12 - Request URL: www.lavatransforms.org/tiny_mce/plugins/tinybrowser/upload.php?type=file/wp-login.php
Attempts: 12 - Request URL: www.lavatransforms.org/admin/lib/tiny_mce/plugins/tinybrowser/upload.php?type=file/wp-login.php
Attempts: 13 - Request URL: www.lavatransforms.org/tiny_mce/plugins/tinybrowser/upload.php?type=file/wp-login.php
Attempts: 14 - Request URL: www.lavatransforms.org/editors/tinymce/jscripts/tiny_mce/plugins/tinybrowser/upload.php?type=file/wp-login.php
Attempts: 14 - Request URL: www.lavatransforms.org/editors/tinymce/jscripts/tiny_mce/plugins/tinybrowser/upload.php?type=file/wp-login.php
Attempts: 15 - Request URL: www.lavatransforms.org/uploadify/uploadify.php?folder=/
Attempts: 16 - Request URL: www.lavatransforms.org/uploadify/uploadify.php?folder=/
Attempts: 17 - Request URL: www.lavatransforms.org/static/js/tiny_mce/plugins/tinybrowser/upload.php?type=file/wp-login.php
Attempts: 18 - Request URL: www.lavatransforms.org/admin/lib/tiny_mce/plugins/tinybrowser/upload.php?type=file/wp-login.php
Attempts: 19 - Request URL: www.lavatransforms.org/wp-content/plugins/revslider/temp/update_extract/8d4c0ea4bb6f015.php
Attempts: 20 - Request URL: www.lavatransforms.org/tiny_mce/plugins/tinybrowser/upload.php?type=file/wp-login.php
Attempts: 21 - Request URL: www.lavatransforms.org/wp-content/plugins/revslider/temp/update_extract/8d4c0ea4ce5bca5.php
Attempts: 22 - Request URL: www.lavatransforms.org/editors/tinymce/jscripts/tiny_mce/plugins/tinybrowser/upload.php?type=file/wp-login.php
Attempts: 23 - Request URL: www.lavatransforms.org/license.php
Attempts: 24 - Request URL: www.lavatransforms.org/license.php
Attempts: 25 - Request URL: lavatransforms.org/uploadify/uploadify.php?folder=/
Attempts: 26 - Request URL: lavatransforms.org/uploadify/uploadify.php?folder=/
Attempts: 27 - Request URL: www.lavatransforms.org/wp-content/plugins/revslider/temp/update_extract/8d4c0ea51b19f5c.php
Attempts: 28 - Request URL: www.lavatransforms.org/wp-content/plugins/revslider/temp/update_extract/8d4c0ea534bb7a7.php
Attempts: 29 - Request URL: lavatransforms.org/license.php
Attempts: 30 - Request URL: lavatransforms.org/license.php
