Attempts: 1 - Request URL: www.lavatransforms.org/Administrator/FCKeditor/fckeditor.js
Attempts: 2 - Request URL: www.lavatransforms.org/Administrator/fckeditor/fckeditor.js
Attempts: 3 - Request URL: www.lavatransforms.org/_fckeditor/fckeditor.js
Attempts: 4 - Request URL: www.lavatransforms.org/admin/editor/fckeditor.js
Attempts: 5 - Request URL: www.lavatransforms.org/admin/fckeditor/fckeditor.js
Attempts: 6 - Request URL: www.lavatransforms.org/common/fckeditor/fckeditor.js
Attempts: 7 - Request URL: www.lavatransforms.org/fckeditor/fckeditor.js
Attempts: 8 - Request URL: www.lavatransforms.org/include/fckeditor/fckeditor.js
Attempts: 9 - Request URL: www.lavatransforms.org/FCKEditorV2/fckeditor.js
Attempts: 10 - Request URL: www.lavatransforms.org/FCKeditor/fckeditor.js
Attempts: 11 - Request URL: www.lavatransforms.org/admin/js/fckeditor/fckeditor.js
Attempts: 12 - Request URL: www.lavatransforms.org/fck/fckeditor.js
Attempts: 13 - Request URL: www.lavatransforms.org/Fckeditor/fckeditor.js
Attempts: 14 - Request URL: www.lavatransforms.org/Fckeditornew/fckeditor.js
Attempts: 15 - Request URL: www.lavatransforms.org/Fckeditorold/fckeditor.js
Attempts: 16 - Request URL: www.lavatransforms.org/Public/Js/FCKeditor/fckeditor.js
Attempts: 17 - Request URL: www.lavatransforms.org/Uploadfiles/fck/fckeditor.js
Attempts: 18 - Request URL: www.lavatransforms.org/Web/FCKeditor/fckeditor.js
Attempts: 19 - Request URL: www.lavatransforms.org/WebSite/fckeditor/fckeditor.js
Attempts: 20 - Request URL: www.lavatransforms.org/admin/fck/fckeditor.js
Attempts: 21 - Request URL: www.lavatransforms.org/admin/system/fckeditor.js
Attempts: 22 - Request URL: www.lavatransforms.org/admin/view/javascript/fckeditor/fckeditor.js
Attempts: 23 - Request URL: www.lavatransforms.org/admin/wo%5fedit/fckeditor.js
Attempts: 24 - Request URL: www.lavatransforms.org/admin/wo_edit/fckeditor.js
Attempts: 25 - Request URL: www.lavatransforms.org/admin_bg/fckeditor/fckeditor.js
Attempts: 26 - Request URL: www.lavatransforms.org/ckeditor/fckeditor.js
Attempts: 27 - Request URL: www.lavatransforms.org/ecmseditor/fckeditor/fckeditor.js
Attempts: 28 - Request URL: www.lavatransforms.org/editor/fckeditor/fckeditor.js
Attempts: 29 - Request URL: www.lavatransforms.org/editor1/fckeditor.js
Attempts: 30 - Request URL: www.lavatransforms.org/editorold/fckeditor.js
Attempts: 31 - Request URL: www.lavatransforms.org/editors/FCKeditor/fckeditor.js
Attempts: 32 - Request URL: www.lavatransforms.org/ejuyfckeditor/fckeditor.js
Attempts: 33 - Request URL: www.lavatransforms.org/expansion/fckeditor/fckeditor.js
Attempts: 34 - Request URL: www.lavatransforms.org/fk/fckeditor.js
Attempts: 35 - Request URL: www.lavatransforms.org/guestbook/fckeditor/fckeditor.js
Attempts: 36 - Request URL: www.lavatransforms.org/html/fck/fckeditor.js
Attempts: 37 - Request URL: www.lavatransforms.org/html/fckeditor/fckeditor.js
Attempts: 38 - Request URL: www.lavatransforms.org/inc/fck/fckeditor.js
Attempts: 39 - Request URL: www.lavatransforms.org/inc/fckeditor/fckeditor.js
Attempts: 40 - Request URL: www.lavatransforms.org/includes/fckeditor/fckeditor.js
Attempts: 41 - Request URL: www.lavatransforms.org/lib/FCKeditor/fckeditor.js
Attempts: 42 - Request URL: www.lavatransforms.org/mag/fckeditor/fckeditor.js
Attempts: 43 - Request URL: www.lavatransforms.org/manage/editor/fckeditor.js
Attempts: 44 - Request URL: www.lavatransforms.org/manage/fck/fckeditor.js
Attempts: 45 - Request URL: www.lavatransforms.org/manage/fckeditor/fckeditor.js
Attempts: 46 - Request URL: www.lavatransforms.org/scripts/fckeditor/fckeditor.js
Attempts: 47 - Request URL: www.lavatransforms.org/server/fckeditor/fckeditor.js
Attempts: 48 - Request URL: www.lavatransforms.org/siteadmin/FCKeditor/fckeditor.js
Attempts: 49 - Request URL: www.lavatransforms.org/sscms/fckeditor/fckeditor.js
Attempts: 50 - Request URL: www.lavatransforms.org/sysadmin/fckeditor/fckeditor.js
Attempts: 51 - Request URL: www.lavatransforms.org/system/application/plugins/fckeditor/fckeditor.js
Attempts: 52 - Request URL: www.lavatransforms.org/system/ext/FCKeditor/fckeditor.js
Attempts: 53 - Request URL: www.lavatransforms.org/system/fckeditor/fckeditor.js
Attempts: 54 - Request URL: www.lavatransforms.org/textarea/fck/fckeditor.js
Attempts: 55 - Request URL: www.lavatransforms.org/tools/fckeditor/fckeditor.js
Attempts: 56 - Request URL: www.lavatransforms.org/tyopfckeditor/fckeditor.js
Attempts: 57 - Request URL: www.lavatransforms.org/webadmin/FCKeditor/fckeditor.js
Attempts: 58 - Request URL: www.lavatransforms.org/wp-content/plugins/editormonkey/fckeditor/fckeditor.js
Attempts: 59 - Request URL: www.lavatransforms.org/html/js/editor/fckeditor/fckeditor.js
Attempts: 60 - Request URL: www.lavatransforms.org/_admin/fckeditor/fckeditor.js
Attempts: 61 - Request URL: www.lavatransforms.org/public/js/fckeditor/fckeditor.js
Attempts: 62 - Request URL: www.lavatransforms.org/webmanage/fckeditor/fckeditor.js
Attempts: 63 - Request URL: www.lavatransforms.org/agents/fckeditor/fckeditor.js
Attempts: 64 - Request URL: www.lavatransforms.org/webeditor/fckeditor.js
Attempts: 65 - Request URL: www.lavatransforms.org/Public/Js/FCKMini/fckeditor.js
