Attempts: 1 - Request URL: www.lavatransforms.org/jmuqthj-vfunzewd-qdbgepmv/mcoubsfg-deubfz-ogqhww-nwveyb-c320171943-q49551-kaycal/
Attempts: 2 - Request URL: www.lavatransforms.org/qdziwjr-mrlfqckk-dqvfyywo/bzrbaeru-vtbgmv-tevsgo-c320171942-jslari-q54951-lobwpj/
Attempts: 3 - Request URL: www.lavatransforms.org/migcbnv-c320171945-rtpinvxx-grtnsgep/ovldkcxw-tmoybk-glzllq-xjojzf-q17151-uxvhyo/
Attempts: 4 - Request URL: www.lavatransforms.org/migcbnv-rtpinvxx-grtnsgep/ovldkcxw-tmoybk-c320171941-glzllq-xjojzf-q17151-uxvhyo/
Attempts: 5 - Request URL: www.lavatransforms.org/cntgjwc-tmoraish-vcmcfdpi/dbdpuozv-sdfdwf-c320171941-xphjbv-htzbnh-q29751-qklmww/
Attempts: 6 - Request URL: www.lavatransforms.org/kyyapaw-eadmiunr-cuawwbyn/uxekcmur-pzsjtp-c320171941-hwyzoe-weswss-q27951-cztals/
Attempts: 7 - Request URL: www.lavatransforms.org/xlswzqq-yjihxtbp-poxejmnw/ghcnlvjq-gwixsd-ehuemy-bbyrhz-c320171943-q47751-nuzsdc/
Attempts: 8 - Request URL: www.lavatransforms.org/migcbnv-rtpinvxx-grtnsgep/ovldkcxw-tmoybk-glzllq-c320171942-xjojzf-q17151-uxvhyo/
Attempts: 9 - Request URL: www.lavatransforms.org/lqauadp-hbfesblc-ymzzboga/jamqouyy-xkashw-c320171941-vudtib-qpndpo-q13551-fhebea/
Attempts: 10 - Request URL: www.lavatransforms.org/jmuqthj-vfunzewd-qdbgepmv/mcoubsfg-deubfz-ogqhww-c320171942-nwveyb-q26151-kaycal/
Attempts: 11 - Request URL: www.lavatransforms.org/lavasalonhammett
Attempts: 12 - Request URL: www.lavatransforms.org/cntgjwc-tmoraish-vcmcfdpi/dbdpuozv-sdfdwf-c320171941-xphjbv-htzbnh-q53151-qklmww/
Attempts: 13 - Request URL: www.lavatransforms.org/c320171940-migcbnv-q45751-rtpinvxx/grtnsgep-ovldkcxw-tmoybk-glzllq/
Attempts: 14 - Request URL: www.lavatransforms.org/jmuqthj-q19651-vfunzewd/qdbgepmv-mcoubsfg-c320171944-deubfz-ogqhww/
Attempts: 15 - Request URL: www.lavatransforms.org/supshgf-c320171941-q32251-lggbjgjs/nysoqffy-xixwfxko-urehjm-infoza/
Attempts: 16 - Request URL: www.lavatransforms.org/fbvfmbi-q39451-jijcpzgf/rnksnsus-lgpsmhim-wigtco-c320171945-sjwmtp/
Attempts: 17 - Request URL: www.lavatransforms.org/q651-kyyapaw-eadmiunr-c320171945-cuawwbyn/uxekcmur-pzsjtp-hwyzoe-weswss/
Attempts: 18 - Request URL: www.lavatransforms.org/migcbnv-c320171944-rtpinvxx-grtnsgep/ovldkcxw-q1551-tmoybk-glzllq-xjojzf/
Attempts: 19 - Request URL: www.lavatransforms.org/qdziwjr-mrlfqckk-c320171945-q4251-dqvfyywo/bzrbaeru-vtbgmv-tevsgo-jslari/
Attempts: 20 - Request URL: www.lavatransforms.org/cntgjwc-q2451-tmoraish-vcmcfdpi/dbdpuozv-sdfdwf-c320171941-xphjbv-htzbnh/
Attempts: 21 - Request URL: www.lavatransforms.org/eaeedre-qzvzhrta-wepmcqjq/arwcwbvp-c320171940-q7851-hvcpgy-rixqdd-turntv/
Attempts: 22 - Request URL: www.lavatransforms.org/lqauadp-hbfesblc-ymzzboga/jamqouyy-xkashw-c320171941-q9651-vudtib-qpndpo/
Attempts: 23 - Request URL: www.lavatransforms.org/c320171943-qdziwjr-mrlfqckk-q4251-dqvfyywo/bzrbaeru-vtbgmv-tevsgo-jslari/
Attempts: 24 - Request URL: www.lavatransforms.org/xlswzqq-q8751-yjihxtbp-poxejmnw/ghcnlvjq-c320171940-gwixsd-ehuemy-bbyrhz/
Attempts: 25 - Request URL: www.lavatransforms.org/cntgjwc-tmoraish-q5051-vcmcfdpi-c320171943-dbdpuozv/sdfdwf-xphjbv-htzbnh-qklmww-nypt/
Attempts: 26 - Request URL: www.lavatransforms.org/fbvfmbi-jijcpzgf-q9551-rnksnsus-lgpsmhim/wigtco-sjwmtp-sdphmq-hjhdoe-c320171939-odni/
Attempts: 27 - Request URL: www.lavatransforms.org/fbvfmbi-jijcpzgf-q9551-rnksnsus-c320171943-lgpsmhim/wigtco-sjwmtp-sdphmq-hjhdoe-odni/
Attempts: 28 - Request URL: www.lavatransforms.org/jmuqthj-vfunzewd-q36551-qdbgepmv-mcoubsfg/deubfz-c320171945-ogqhww-nwveyb-kaycal-poam/
Attempts: 29 - Request URL: www.lavatransforms.org/cntgjwc-tmoraish-q51851-vcmcfdpi-c320171943-dbdpuozv/sdfdwf-xphjbv-htzbnh-qklmww-nypt/
Attempts: 30 - Request URL: www.lavatransforms.org/jmuqthj-vfunzewd-q36551-qdbgepmv-c320171943-mcoubsfg/deubfz-ogqhww-nwveyb-kaycal-poam/
Attempts: 31 - Request URL: www.lavatransforms.org/kyyapaw-eadmiunr-c320171942-q50051-cuawwbyn-uxekcmur/pzsjtp-hwyzoe-weswss-cztals-wwch/
Attempts: 32 - Request URL: www.lavatransforms.org/migcbnv-rtpinvxx-q50951-grtnsgep-ovldkcxw/tmoybk-glzllq-xjojzf-uxvhyo-c320171939-cals/
Attempts: 33 - Request URL: www.lavatransforms.org/cntgjwc-tmoraish-q40151-vcmcfdpi-c320171943-dbdpuozv/sdfdwf-xphjbv-htzbnh-qklmww-nypt/
Attempts: 34 - Request URL: www.lavatransforms.org/c320171940-jmuqthj-vfunzewd-q13151-qdbgepmv-mcoubsfg/deubfz-ogqhww-nwveyb-kaycal-poam/
Attempts: 35 - Request URL: www.lavatransforms.org/wowbkxx-nhngmdzn-q52751-svnaxusj-cdqjxfmz/kqxmnb-kspbfc-rkxscg-prmrsg-c320171939-rcsp/
Attempts: 36 - Request URL: www.lavatransforms.org/xlswzqq-yjihxtbp-c320171942-q23051-poxejmnw-ghcnlvjq/gwixsd-ehuemy-bbyrhz-nuzsdc-dtfa/
Attempts: 37 - Request URL: www.lavatransforms.org/qdziwjr-c320171941-mrlfqckk-q18551-dqvfyywo-bzrbaeru/vtbgmv-tevsgo-jslari-lobwpj-txvn/
Attempts: 38 - Request URL: www.lavatransforms.org/cntgjwc-tmoraish-q28451-vcmcfdpi-dbdpuozv/sdfdwf-c320171945-xphjbv-htzbnh-qklmww-nypt/
Attempts: 39 - Request URL: www.lavatransforms.org/c320171943-jmuqthj-vfunzewd-qdbgepmv/mcoubsfg-q45651-deubfz-ogqhww-nwveyb/
Attempts: 40 - Request URL: www.lavatransforms.org/qdziwjr-q27651-mrlfqckk-c320171945-dqvfyywo/bzrbaeru-vtbgmv-tevsgo-jslari/
Attempts: 41 - Request URL: www.lavatransforms.org/c320171943-vekhuvm-q52851-kwtsgfui-liobvhol/pnhrsphh-cfqlis-dbnyst-gyjlbe/
Attempts: 42 - Request URL: www.lavatransforms.org/qdziwjr-mrlfqckk-dqvfyywo/bzrbaeru-c320171940-q39351-vtbgmv-tevsgo-jslari/
Attempts: 43 - Request URL: www.lavatransforms.org/q19551-eaeedre-qzvzhrta-wepmcqjq/arwcwbvp-hvcpgy-c320171941-rixqdd-turntv/
Attempts: 44 - Request URL: www.lavatransforms.org/xlswzqq-yjihxtbp-poxejmnw/ghcnlvjq-gwixsd-c320171941-ehuemy-bbyrhz-q951-nuzsdc/
Attempts: 45 - Request URL: www.lavatransforms.org/qdziwjr-mrlfqckk-c320171942-q18551-dqvfyywo-bzrbaeru/vtbgmv-tevsgo-jslari-lobwpj-txvn/
Attempts: 46 - Request URL: www.lavatransforms.org/c320171940-cntgjwc-tmoraish-q28451-vcmcfdpi-dbdpuozv/sdfdwf-xphjbv-htzbnh-qklmww-nypt/
Attempts: 47 - Request URL: www.lavatransforms.org/jmuqthj-vfunzewd-q24851-qdbgepmv-c320171943-mcoubsfg/deubfz-ogqhww-nwveyb-kaycal-poam/
Attempts: 48 - Request URL: www.lavatransforms.org/eaeedre-c320171941-qzvzhrta-q33851-wepmcqjq-arwcwbvp/hvcpgy-rixqdd-turntv-wfqjjp-fmro/
Attempts: 49 - Request URL: www.lavatransforms.org/zfnmlmk-fyradlqe-q42851-xalihklr-wwshzwec/iahkkj-jklrak-foffqn-jbsgmt-c320171939-antf/
Attempts: 50 - Request URL: www.lavatransforms.org/wowbkxx-c320171941-nhngmdzn-q17651-svnaxusj-cdqjxfmz/kqxmnb-kspbfc-rkxscg-prmrsg-rcsp/
Attempts: 51 - Request URL: www.lavatransforms.org/c320171940-migcbnv-rtpinvxx-q15851-grtnsgep-ovldkcxw/tmoybk-glzllq-xjojzf-uxvhyo-cals/
Attempts: 52 - Request URL: www.lavatransforms.org/wowbkxx-c320171941-nhngmdzn-q29351-svnaxusj-cdqjxfmz/kqxmnb-kspbfc-rkxscg-prmrsg-rcsp/
Attempts: 53 - Request URL: www.lavatransforms.org/wowbkxx-nhngmdzn-q17651-svnaxusj-cdqjxfmz/kqxmnb-c320171945-kspbfc-rkxscg-prmrsg-rcsp/
Attempts: 54 - Request URL: www.lavatransforms.org/fbvfmbi-jijcpzgf-c320171942-q32951-rnksnsus-lgpsmhim/wigtco-sjwmtp-sdphmq-hjhdoe-odni/
Attempts: 55 - Request URL: www.lavatransforms.org/migcbnv-rtpinvxx-q27551-grtnsgep-c320171943-ovldkcxw/tmoybk-glzllq-xjojzf-uxvhyo-cals/
Attempts: 56 - Request URL: www.lavatransforms.org/eaeedre-qzvzhrta-q22151-wepmcqjq-c320171943-arwcwbvp/hvcpgy-rixqdd-turntv-wfqjjp-fmro/
Attempts: 57 - Request URL: www.lavatransforms.org/zfnmlmk-fyradlqe-c320171942-q42851-xalihklr-wwshzwec/iahkkj-jklrak-foffqn-jbsgmt-antf/
Attempts: 58 - Request URL: www.lavatransforms.org/c320171940-kyyapaw-eadmiunr-q26651-cuawwbyn-uxekcmur/pzsjtp-hwyzoe-weswss-cztals-wwch/
Attempts: 59 - Request URL: www.lavatransforms.org/jmuqthj-c320171941-vfunzewd-q24851-qdbgepmv-mcoubsfg/deubfz-ogqhww-nwveyb-kaycal-poam/
Attempts: 60 - Request URL: www.lavatransforms.org/xlswzqq-yjihxtbp-q23051-poxejmnw-ghcnlvjq/gwixsd-ehuemy-bbyrhz-nuzsdc-c320171939-dtfa/
Attempts: 61 - Request URL: www.lavatransforms.org/kyyapaw-eadmiunr-c320171942-q38351-cuawwbyn-uxekcmur/pzsjtp-hwyzoe-weswss-cztals-wwch/
Attempts: 62 - Request URL: www.lavatransforms.org/supshgf-lggbjgjs-c320171942-q25751-nysoqffy-xixwfxko/urehjm-infoza-kzdzkl-emkkxu-jzww/
Attempts: 63 - Request URL: www.lavatransforms.org/jmuqthj-vfunzewd-c320171942-q24851-qdbgepmv-mcoubsfg/deubfz-ogqhww-nwveyb-kaycal-poam/
Attempts: 64 - Request URL: www.lavatransforms.org/eaeedre-qzvzhrta-q33851-wepmcqjq-arwcwbvp/hvcpgy-c320171945-rixqdd-turntv-wfqjjp-fmro/
Attempts: 65 - Request URL: www.lavatransforms.org/c320171940-kyyapaw-eadmiunr-q14951-cuawwbyn-uxekcmur/pzsjtp-hwyzoe-weswss-cztals-wwch/
Attempts: 66 - Request URL: www.lavatransforms.org/wowbkxx-nhngmdzn-q29351-svnaxusj-cdqjxfmz/kqxmnb-c320171945-kspbfc-rkxscg-prmrsg-rcsp/
Attempts: 67 - Request URL: www.lavatransforms.org/zfnmlmk-fyradlqe-q31151-xalihklr-wwshzwec/iahkkj-c320171945-jklrak-foffqn-jbsgmt-antf/
Attempts: 68 - Request URL: www.lavatransforms.org/cntgjwc-tmoraish-c320171942-q28451-vcmcfdpi-dbdpuozv/sdfdwf-xphjbv-htzbnh-qklmww-nypt/
Attempts: 69 - Request URL: www.lavatransforms.org/qdziwjr-mrlfqckk-q30251-dqvfyywo-bzrbaeru/vtbgmv-c320171945-tevsgo-jslari-lobwpj-txvn/
Attempts: 70 - Request URL: www.lavatransforms.org/wowbkxx-nhngmdzn-c320171942-q52751-svnaxusj-cdqjxfmz/kqxmnb-kspbfc-rkxscg-prmrsg-rcsp/
Attempts: 71 - Request URL: www.lavatransforms.org/c320171940-zfnmlmk-fyradlqe-q42851-xalihklr-wwshzwec/iahkkj-jklrak-foffqn-jbsgmt-antf/
Attempts: 72 - Request URL: www.lavatransforms.org/cntgjwc-c320171941-tmoraish-q28451-vcmcfdpi-dbdpuozv/sdfdwf-xphjbv-htzbnh-qklmww-nypt/
Attempts: 73 - Request URL: www.lavatransforms.org/migcbnv-rtpinvxx-q50951-grtnsgep-ovldkcxw/tmoybk-c320171945-glzllq-xjojzf-uxvhyo-cals/
Attempts: 74 - Request URL: www.lavatransforms.org/kyyapaw-eadmiunr-q38351-cuawwbyn-uxekcmur/pzsjtp-hwyzoe-weswss-cztals-c320171939-wwch/
Attempts: 75 - Request URL: www.lavatransforms.org/qdziwjr-mrlfqckk-q30251-dqvfyywo-c320171943-bzrbaeru/vtbgmv-tevsgo-jslari-lobwpj-txvn/
Attempts: 76 - Request URL: www.lavatransforms.org/qdziwjr-q351-mrlfqckk-dqvfyywo-c320171943-bzrbaeru/vtbgmv-tevsgo-jslari-lobwpj-txvn-snjaaesa/
Attempts: 77 - Request URL: www.lavatransforms.org/qdziwjr-q351-mrlfqckk-c320171942-dqvfyywo-bzrbaeru/vtbgmv-tevsgo-jslari-lobwpj-txvn-snjaaesa/
Attempts: 78 - Request URL: www.lavatransforms.org/xlswzqq-c320171941-q4851-yjihxtbp-poxejmnw-ghcnlvjq/gwixsd-ehuemy-bbyrhz-nuzsdc-dtfa-myabmpdd/
Attempts: 79 - Request URL: www.lavatransforms.org/vekhuvm-q2151-kwtsgfui-liobvhol-c320171943-pnhrsphh/cfqlis-dbnyst-gyjlbe-dnaxiy-egxc-qlmnlbtp/
Attempts: 80 - Request URL: www.lavatransforms.org/eaeedre-q3951-qzvzhrta-wepmcqjq-arwcwbvp/hvcpgy-c320171945-rixqdd-turntv-wfqjjp-fmro-cvrtvspk/
Attempts: 81 - Request URL: www.lavatransforms.org/c320171940-eaeedre-q3951-qzvzhrta-wepmcqjq-arwcwbvp/hvcpgy-rixqdd-turntv-wfqjjp-fmro-cvrtvspk/
Attempts: 82 - Request URL: www.lavatransforms.org/fbvfmbi-c320171941-q3051-jijcpzgf-rnksnsus-lgpsmhim/wigtco-sjwmtp-sdphmq-hjhdoe-odni-nfepchwg/
Attempts: 83 - Request URL: www.lavatransforms.org/fbvfmbi-q3051-jijcpzgf-rnksnsus-lgpsmhim/wigtco-sjwmtp-sdphmq-hjhdoe-odni-c320171939-nfepchwg/
Attempts: 84 - Request URL: www.lavatransforms.org/eaeedre-q3951-qzvzhrta-wepmcqjq-c320171943-arwcwbvp/hvcpgy-rixqdd-turntv-wfqjjp-fmro-cvrtvspk/
Attempts: 85 - Request URL: www.lavatransforms.org/zfnmlmk-c320171941-q1251-fyradlqe-xalihklr-wwshzwec/iahkkj-jklrak-foffqn-jbsgmt-antf-hstifghl/
Attempts: 86 - Request URL: www.lavatransforms.org/fbvfmbi-q3051-jijcpzgf-rnksnsus-c320171943-lgpsmhim/wigtco-sjwmtp-sdphmq-hjhdoe-odni-nfepchwg/
Attempts: 87 - Request URL: www.lavatransforms.org/migcbnv-q9351-rtpinvxx-grtnsgep-c320171943-ovldkcxw/tmoybk-glzllq-xjojzf-uxvhyo-cals-lwgegvre/
Attempts: 88 - Request URL: www.lavatransforms.org/c320171940-zfnmlmk-q1251-fyradlqe-xalihklr-wwshzwec/iahkkj-jklrak-foffqn-jbsgmt-antf-hstifghl/
