Attempts: 1 - Request URL: www.lavatransforms.org/lqau-c320171941-adphb-fesblcy-q5855-mzzbog/ajamqouy-yxka-shwvudti-bqpnd-pofhebea-yrkje-dogdkv/
Attempts: 2 - Request URL: www.lavatransforms.org/migcb-nvrtpin-vxxgrtns-gepovld/kcxw-c320171945-tmoybkgl-zllqxjo-jzfuxvhy-ocalsl-q23859-wgegvr/
Attempts: 3 - Request URL: www.lavatransforms.org/cntgj-c320171941-wctmora-ishvcmcf-dpidbdp/uozv-sdfdwfxp-hjbvhtz-bnhqklmw-wnyptf-q13059-tuxuxx/
Attempts: 4 - Request URL: www.lavatransforms.org/fbvfm-bijijcp-zgfrnksn-suslgps/mhim-c320171945-wigtcosj-wmtpsdp-hmqhjhdo-eodnin-q29259-fepchw/
Attempts: 5 - Request URL: www.lavatransforms.org/wowbk-xxnhngm-dznsvnax-usjcdqj/xfmz-kqxmnbks-pbfcrkx-c320171947-scgprmrs-grcspz-q25659-jbqbce/
Attempts: 6 - Request URL: www.lavatransforms.org/zfnml-mkfyrad-lqexalih-klrwwsh/zwec-iahkkjjk-lrakfof-fqnjbsgm-tantfh-c320171939-q27459-stifgh/
Attempts: 7 - Request URL: www.lavatransforms.org/eaee-dreqz-vzhrtaw-epmcqj/qarwcwbv-phvc-c320171946-pgyrixqd-q4055-dturn-tvwfqjjp-fmroc-vrtvsp/
Attempts: 8 - Request URL: www.lavatransforms.org/jmuqt-hjvfunz-c320171942-ewdqdbge-pmvmcou/bsfg-deubfzog-qhwwnwv-eybkayca-lpoamg-q21159-oporfm/
Attempts: 9 - Request URL: www.lavatransforms.org/lqau-adphb-c320171942-fesblcy-q5855-mzzbog/ajamqouy-yxka-shwvudti-bqpnd-pofhebea-yrkje-dogdkv/
Attempts: 10 - Request URL: www.lavatransforms.org/c320171940-xlswz-qqyjihx-tbppoxej-mnwghcn/lvjq-gwixsdeh-uemybby-rhznuzsd-cdtfam-q19359-yabmpd/
Attempts: 11 - Request URL: www.lavatransforms.org/jmuqt-hjvfunz-ewdqdbge-pmvmcou/bsfg-c320171945-deubfzog-qhwwnwv-eybkayca-lpoamg-q32859-oporfm/
Attempts: 12 - Request URL: www.lavatransforms.org/kyyap-aweadmi-c320171942-unrcuaww-bynuxek/cmur-pzsjtphw-yzoewes-wsscztal-swwcht-q11259-gvjyjn/
Attempts: 13 - Request URL: www.lavatransforms.org/xlsw-zqqyj-ihxtbpp-oxejmn/wghcnlvj-q4955-qgwi-c320171946-xsdehuem-ybbyr-hznuzsdc-dtfam-yabmpd/
Attempts: 14 - Request URL: www.lavatransforms.org/wowbk-xxnhngm-dznsvnax-usjcdqj/xfmz-kqxmnbks-c320171946-pbfcrkx-scgprmrs-grcspz-q37359-jbqbce/
Attempts: 15 - Request URL: www.lavatransforms.org/eaee-dreqz-c320171942-vzhrtaw-epmcqj/qarwcwbv-phvc-q39155-pgyrixqd-dturn-tvwfqjjp-fmroc-vrtvsp/
Attempts: 16 - Request URL: www.lavatransforms.org/wowb-q46355-kxxnh-ngmdzns-c320171943-vnaxus/jcdqjxfm-zkqx-mnbkspbf-crkxs-cgprmrsg-rcspz-jbqbce/
Attempts: 17 - Request URL: www.lavatransforms.org/migcbnv-q21051-rtpinvxx-grtnsgep-ovldkcxw/tmoybk-glzllq-xjojzf-c320171947-uxvhyo-cals-lwgegvre/
Attempts: 18 - Request URL: www.lavatransforms.org/fbvfmbi-q38151-jijcpzgf-rnksnsus-lgpsmhim/wigtco-sjwmtp-sdphmq-hjhdoe-c320171948-odni-nfepchwg/
Attempts: 19 - Request URL: www.lavatransforms.org/xlswzqq-q28251-yjihxtbp-poxejmnw-ghcnlvjq/gwixsd-ehuemy-c320171946-bbyrhz-nuzsdc-dtfa-myabmpdd/
Attempts: 20 - Request URL: www.lavatransforms.org/xlswzq-qyjihxtb-ppoxej-mnwghcn/lvjqg-wixsde-q743-huemy-c320171947-bbyrhzn-uzsdcdt-famyabm-pddr/
Attempts: 21 - Request URL: www.lavatransforms.org/eaee-dreqz-vzhrtaw-q15755-epmcqj/qarwcwbv-phvc-pgyrixqd-c320171947-dturn-tvwfqjjp-fmroc-vrtvsp/
Attempts: 22 - Request URL: www.lavatransforms.org/fbvf-c320171941-q26555-mbiji-jcpzgfr-nksnsu/slgpsmhi-mwig-tcosjwmt-psdph-mqhjhdoe-odnin-fepchw/
Attempts: 23 - Request URL: www.lavatransforms.org/eaee-dreqz-vzhrtaw-epmcqj/qarwcwbv-phvc-q39155-pgyrixqd-c320171947-dturn-tvwfqjjp-fmroc-vrtvsp/
Attempts: 24 - Request URL: www.lavatransforms.org/cntgjwc-q33651-tmoraish-vcmcfdpi-dbdpuozv/sdfdwf-xphjbv-htzbnh-c320171947-qklmww-nypt-ftuxuxxn/
Attempts: 25 - Request URL: www.lavatransforms.org/migc-bnvrt-pinvxxg-c320171943-rtnsge/povldkcx-q44555-wtmo-ybkglzll-qxjoj-zfuxvhyo-calsl-wgegvr/
Attempts: 26 - Request URL: www.lavatransforms.org/supshgf-q42651-lggbjgjs-nysoqffy-xixwfxko/urehjm-infoza-kzdzkl-emkkxu-c320171948-jzww-dkwshiic/
Attempts: 27 - Request URL: www.lavatransforms.org/q41855-jmuq-thjvf-unzewdq-dbgepm/vmcoubsf-gdeu-c320171946-bfzogqhw-wnwve-ybkaycal-poamg-oporfm/
Attempts: 28 - Request URL: www.lavatransforms.org/sups-hgflg-gbjgjsn-c320171943-ysoqff/yxixwfxk-q54455-oure-hjminfoz-akzdz-klemkkxu-jzwwd-kwshii/
Attempts: 29 - Request URL: www.lavatransforms.org/vekh-c320171941-uvmkw-tsgfuil-iobvho/lpnhrsph-hcfq-lisdbnys-q13955-tgyjl-bednaxiy-egxcq-lmnlbt/
Attempts: 30 - Request URL: www.lavatransforms.org/fbvf-mbiji-c320171942-jcpzgfr-nksnsu/slgpsmhi-q14855-mwig-tcosjwmt-psdph-mqhjhdoe-odnin-fepchw/
Attempts: 31 - Request URL: www.lavatransforms.org/c320171940-migcbnv-q42111-rtpinvxx-grtnsgep-ovldkcxw/tmoybk-glzllq-xjojzf-uxvhyo-cals-lwgegvre/
Attempts: 32 - Request URL: www.lavatransforms.org/q12155-qdzi-wjrmr-lfqckkd-c320171943-qvfyyw/obzrbaer-uvtb-gmvtevsg-ojsla-rilobwpj-txvns-njaaes/
Attempts: 33 - Request URL: www.lavatransforms.org/migcbnv-q44451-rtpinvxx-grtnsgep-ovldkcxw/tmoybk-glzllq-xjojzf-c320171947-uxvhyo-cals-lwgegvre/
Attempts: 34 - Request URL: www.lavatransforms.org/qdziwjr-q23751-mrlfqckk-dqvfyywo-bzrbaeru/vtbgmv-tevsgo-jslari-c320171947-lobwpj-txvn-snjaaesa/
Attempts: 35 - Request URL: www.lavatransforms.org/c320171940-sups-hgflg-q31055-gbjgjsn-ysoqff/yxixwfxk-oure-hjminfoz-akzdz-klemkkxu-jzwwd-kwshii/
Attempts: 36 - Request URL: www.lavatransforms.org/jmuq-thjvf-c320171942-unzewdq-dbgepm/vmcoubsf-gdeu-bfzogqhw-q53555-wnwve-ybkaycal-poamg-oporfm/
Attempts: 37 - Request URL: www.lavatransforms.org/qdzi-wjrmr-lfqckkd-qvfyyw/obzrbaer-uvtb-gmvtevsg-c320171947-ojsla-rilobwpj-txvns-q47255-njaaes/
Attempts: 38 - Request URL: www.lavatransforms.org/xlswzq-qyjihxtb-ppoxej-mnwghcn/lvjqg-c320171945-wixsde-huemy-bbyrhzn-q33503-uzsdcdt-famyabm-pddr/
Attempts: 39 - Request URL: www.lavatransforms.org/c320171940-fbvfmb-ijijcpzg-frnksn-suslgps/mhimw-igtcos-jwmtp-sdphmqh-q43403-jhdoeod-ninfepc-hwgm/
Attempts: 40 - Request URL: www.lavatransforms.org/lqauad-phbfesbl-cymzzb-q11003-ogajamq/ouyyx-kashwv-c320171946-udtib-qpndpof-hebeayr-kjedogd-kvuf/
Attempts: 41 - Request URL: www.lavatransforms.org/zfnmlm-q41603-kfyradlq-exalih-klrwwsh/zweci-ahkkjj-klrak-foffqnj-c320171948-bsgmtan-tfhstif-ghlo/
Attempts: 42 - Request URL: www.lavatransforms.org/migcbn-vrtpinvx-c320171942-xgrtns-gepovld/kcxwt-moybkg-q14603-lzllq-xjojzfu-xvhyoca-lslwgeg-vred/
Attempts: 43 - Request URL: www.lavatransforms.org/fbvfmb-q31703-ijijcpzg-c320171942-frnksn-suslgps/mhimw-igtcos-jwmtp-sdphmqh-jhdoeod-ninfepc-hwgm/
Attempts: 44 - Request URL: www.lavatransforms.org/c320171940-wowbkx-xnhngmdz-nsvnax-usjcdqj/xfmzk-q39803-qxmnbk-spbfc-rkxscgp-rmrsgrc-spzjbqb-cebw/
Attempts: 45 - Request URL: www.lavatransforms.org/xlswzq-qyjihxtb-ppoxej-mnwghcn/lvjqg-wixsde-huemy-bbyrhzn-c320171948-q33503-uzsdcdt-famyabm-pddr/
Attempts: 46 - Request URL: www.lavatransforms.org/c320171940-cntgjw-ctmorais-hvcmcf-dpidbdp/uozvs-dfdwfx-phjbv-q38903-htzbnhq-klmwwny-ptftuxu-xxni/
Attempts: 47 - Request URL: www.lavatransforms.org/user/180
Attempts: 48 - Request URL: www.lavatransforms.org/migcbn-vrtpinvx-xgrtns-gepovld/kcxwt-q49703-moybkg-c320171946-lzllq-xjojzfu-xvhyoca-lslwgeg-vred/
Attempts: 49 - Request URL: www.lavatransforms.org/vekhuv-c320171941-mkwtsgfu-iliobv-holpnhr/sphhc-fqlisd-q54203-bnyst-gyjlbed-naxiyeg-xcqlmnl-btpg/
Attempts: 50 - Request URL: www.lavatransforms.org/kyyapa-weadmiun-rcuaww-bynuxek/cmurp-c320171945-zsjtph-wyzoe-weswssc-q13703-ztalsww-chtgvjy-jnrs/
Attempts: 51 - Request URL: www.lavatransforms.org/cntgjw-ctmorais-hvcmcf-dpidbdp/uozvs-dfdwfx-phjbv-htzbnhq-c320171948-q29543-klmwwny-ptftuxu-xxni/
Attempts: 52 - Request URL: www.lavatransforms.org/supshg-c320171941-flggbjgj-snysoq-ffyxixw/fxkou-rehjmi-q24503-nfoza-kzdzkle-mkkxujz-wwdkwsh-iicc/
Attempts: 53 - Request URL: www.lavatransforms.org/xlswzq-q21803-qyjihxtb-ppoxej-mnwghcn/lvjqg-c320171945-wixsde-huemy-bbyrhzn-uzsdcdt-famyabm-pddr/
Attempts: 54 - Request URL: www.lavatransforms.org/wowbkx-c320171941-q51503-xnhngmdz-nsvnax-usjcdqj/xfmzk-qxmnbk-spbfc-rkxscgp-rmrsgrc-spzjbqb-cebw/
Attempts: 55 - Request URL: www.lavatransforms.org/vekhuv-mkwtsgfu-iliobv-c320171943-holpnhr/sphhc-fqlisd-bnyst-gyjlbed-naxiyeg-xcqlmnl-q42503-btpg/
Attempts: 56 - Request URL: www.lavatransforms.org/wowbkx-xnhngmdz-nsvnax-usjcdqj/xfmzk-c320171945-qxmnbk-spbfc-rkxscgp-rmrsgrc-q28103-spzjbqb-cebw/
Attempts: 57 - Request URL: www.lavatransforms.org/category/food/page/4/ArchersBooks.com
Attempts: 58 - Request URL: www.lavatransforms.org/vekhuv-mkwtsgfu-iliobv-holpnhr/sphhc-fqlisd-bnyst-c320171947-gyjlbed-q35483-naxiyeg-xcqlmnl-btpg/
Attempts: 59 - Request URL: www.lavatransforms.org/qdziwj-rmrlfqck-kdqvfy-ywobzrb/aeruv-tbgmvt-c320171946-evsgo-q29003-jslaril-obwpjtx-vnsnjaa-esat/
Attempts: 60 - Request URL: www.lavatransforms.org/supshg-c320171941-flggbjgj-q36203-snysoq-ffyxixw/fxkou-rehjmi-nfoza-kzdzkle-mkkxujz-wwdkwsh-iicc/
Attempts: 61 - Request URL: www.lavatransforms.org/cntgjw-ctmorais-hvcmcf-c320171943-q50603-dpidbdp/uozvs-dfdwfx-phjbv-htzbnhq-klmwwny-ptftuxu-xxni/
Attempts: 62 - Request URL: www.lavatransforms.org/fbvfmbij-q33757-ijcp-zgfr-nksn-c320171944-suslgps-mhim-wigt-cosjw-mtps-dphmqhj-hdoe-odni.do
Attempts: 63 - Request URL: www.lavatransforms.org/lqauad-phbfesbl-q46103-cymzzb-ogajamq/ouyyx-kashwv-udtib-c320171947-qpndpof-hebeayr-kjedogd-kvuf/
Attempts: 64 - Request URL: www.lavatransforms.org/eaeedre-qzvzhrta-wepmcqjq-q311-arwcwbvp/hvcpgy-rixqdd-c320171946-turntv-wfqjjp-fmro-cvrtvspk-pdsgg/
Attempts: 65 - Request URL: www.lavatransforms.org/c320171940-wowbk-xxnhngm-q959-dznsvnax-usjcdqj/xfmz-kqxmnbks-pbfcrkx-scgprmrs-grcspz-jbqbce-bwjvnb/
Attempts: 66 - Request URL: www.lavatransforms.org/lqau-adphb-fesblcy-mzzbog/ajamqouy-yxka-c320171946-shwvudti-q655-bqpnd-pofhebea-yrkje-dogdkv-ufhac/
Attempts: 67 - Request URL: www.lavatransforms.org/wowbk-xxnhngm-q959-dznsvnax-usjcdqj/xfmz-kqxmnbks-pbfcrkx-scgprmrs-c320171948-grcspz-jbqbce-bwjvnb/
Attempts: 68 - Request URL: www.lavatransforms.org/jmuqt-hjvfunz-c320171942-ewdqdbge-pmvmcou/bsfg-deubfzog-qhwwnwv-eybkayca-q8159-lpoamg-oporfm-ozroht/
Attempts: 69 - Request URL: www.lavatransforms.org/xlswzqq-yjihxtbp-poxejmnw-ghcnlvjq/gwixsd-ehuemy-bbyrhz-nuzsdc-c320171948-dtfa-q3551-myabmpdd-rsklc/
Attempts: 70 - Request URL: www.lavatransforms.org/vekhu-vmkwtsg-fuiliobv-holpnhr/sphh-cfqlisdb-nystgyj-q3659-lbednaxi-yegxcq-lmnlbt-c320171939-pgmusw/
Attempts: 71 - Request URL: www.lavatransforms.org/q2651-eaeedre-qzvzhrta-wepmcqjq-arwcwbvp/hvcpgy-rixqdd-c320171946-turntv-wfqjjp-fmro-cvrtvspk-pdsgg/
Attempts: 72 - Request URL: www.lavatransforms.org/zfnm-lmkfy-radlqex-alihkl/rwwshzwe-ciah-kkjjklra-q7855-kfoff-qnjbsgmt-antfh-stifgh-c320171939-loidj/
Attempts: 73 - Request URL: www.lavatransforms.org/supsh-gflggbj-c320171942-gjsnysoq-ffyxixw/fxko-urehjmin-q9059-fozakzd-zklemkkx-ujzwwd-kwshii-cccmkz/
Attempts: 74 - Request URL: www.lavatransforms.org/zfnml-mkfyrad-lqexalih-klrwwsh/zwec-c320171945-iahkkjjk-lrakfof-fqnjbsgm-tantfh-q2759-stifgh-loidjj/
Attempts: 75 - Request URL: www.lavatransforms.org/jmuq-thjvf-unzewdq-c320171943-dbgepm/vmcoubsf-gdeu-bfzogqhw-q1555-wnwve-ybkaycal-poamg-oporfm-ozroh/
Attempts: 76 - Request URL: www.lavatransforms.org/cntg-jwctm-oraishv-cmcfdp/idbdpuoz-vsdf-c320171946-dwfxphjb-q5155-vhtzb-nhqklmww-nyptf-tuxuxx-niviu/
Attempts: 77 - Request URL: www.lavatransforms.org/jmuqthj-vfunzewd-qdbgepmv-mcoubsfg/deubfz-q5351-ogqhww-nwveyb-kaycal-c320171948-poam-goporfmo-zroht/
Attempts: 78 - Request URL: www.lavatransforms.org/kyyapaw-q7151-eadmiunr-cuawwbyn-uxekcmur/pzsjtp-hwyzoe-weswss-c320171947-cztals-wwch-tgvjyjnr-snreo/
Attempts: 79 - Request URL: www.lavatransforms.org/zfnm-lmkfy-radlqex-alihkl/rwwshzwe-c320171945-ciah-kkjjklra-q7855-kfoff-qnjbsgmt-antfh-stifgh-loidj/
Attempts: 80 - Request URL: www.lavatransforms.org/c320171940-eaeed-reqzvzh-rtawepmc-q5459-qjqarwc/wbvp-hvcpgyri-xqddtur-ntvwfqjj-pfmroc-vrtvsp-kpdsgg/
Attempts: 81 - Request URL: www.lavatransforms.org/zfnm-lmkfy-radlqex-alihkl/rwwshzwe-ciah-c320171946-kkjjklra-q7855-kfoff-qnjbsgmt-antfh-stifgh-loidj/
Attempts: 82 - Request URL: www.lavatransforms.org/fbvfm-bijijcp-zgfrnksn-suslgps/mhim-q4559-wigtcosj-wmtpsdp-c320171947-hmqhjhdo-eodnin-fepchw-gmywms/
Attempts: 83 - Request URL: www.lavatransforms.org/q2651-eaeedre-qzvzhrta-wepmcqjq-arwcwbvp/hvcpgy-rixqdd-turntv-wfqjjp-c320171948-fmro-cvrtvspk-pdsgg/
Attempts: 84 - Request URL: www.lavatransforms.org/zfnml-c320171941-mkfyrad-lqexalih-klrwwsh/zwec-iahkkjjk-lrakfof-fqnjbsgm-tantfh-q2759-stifgh-loidjj/
Attempts: 85 - Request URL: www.lavatransforms.org/c320171940-sups-hgflg-gbjgjsn-ysoqff/yxixwfxk-oure-hjminfoz-q2455-akzdz-klemkkxu-jzwwd-kwshii-cccmk/
Attempts: 86 - Request URL: www.lavatransforms.org/jmuq-c320171941-thjvf-unzewdq-dbgepm/vmcoubsf-gdeu-bfzogqhw-q1555-wnwve-ybkaycal-poamg-oporfm-ozroh/
Attempts: 87 - Request URL: www.lavatransforms.org/cntg-jwctm-oraishv-c320171943-cmcfdp/idbdpuoz-vsdf-dwfxphjb-q5155-vhtzb-nhqklmww-nyptf-tuxuxx-niviu/
Attempts: 88 - Request URL: www.lavatransforms.org/migc-bnvrt-pinvxxg-rtnsge/povldkcx-wtmo-ybkglzll-c320171947-q4255-qxjoj-zfuxvhyo-calsl-wgegvr-edeno/
Attempts: 89 - Request URL: www.lavatransforms.org/cntg-jwctm-oraishv-cmcfdp/idbdpuoz-c320171945-vsdf-dwfxphjb-q5155-vhtzb-nhqklmww-nyptf-tuxuxx-niviu/
Attempts: 90 - Request URL: www.lavatransforms.org/q1859-qdziw-jrmrlfq-ckkdqvfy-ywobzrb/aeru-vtbgmvte-vsgojsl-c320171947-arilobwp-jtxvns-njaaes-atogdp/
Attempts: 91 - Request URL: www.lavatransforms.org/fbvfm-bijijcp-c320171942-zgfrnksn-suslgps/mhim-q4559-wigtcosj-wmtpsdp-hmqhjhdo-eodnin-fepchw-gmywms/
Attempts: 92 - Request URL: www.lavatransforms.org/q1859-qdziw-c320171941-jrmrlfq-ckkdqvfy-ywobzrb/aeru-vtbgmvte-vsgojsl-arilobwp-jtxvns-njaaes-atogdp/
Attempts: 93 - Request URL: www.lavatransforms.org/zfnml-mkfyrad-lqexalih-c320171943-klrwwsh/zwec-iahkkjjk-lrakfof-fqnjbsgm-tantfh-q2759-stifgh-loidjj/
Attempts: 94 - Request URL: www.lavatransforms.org/vekh-uvmkw-tsgfuil-iobvho/lpnhrsph-hcfq-c320171946-lisdbnys-q8755-tgyjl-bednaxiy-egxcq-lmnlbt-pgmus/
Attempts: 95 - Request URL: www.lavatransforms.org/vekh-uvmkw-tsgfuil-iobvho/lpnhrsph-hcfq-lisdbnys-q8755-tgyjl-c320171948-bednaxiy-egxcq-lmnlbt-pgmus/
Attempts: 96 - Request URL: www.lavatransforms.org/user/87
Attempts: 97 - Request URL: www.lavatransforms.org/eaeed-reqzvzh-c320171942-q40559-rtawepmc-qjqarwc/wbvp-hvcpgyri-xqddtur-ntvwfqjj-pfmroc-vrtvsp-kpdsgg/
Attempts: 98 - Request URL: www.lavatransforms.org/sups-hgflg-c320171942-gbjgjsn-ysoqff/yxixwfxk-oure-hjminfoz-q25855-akzdz-klemkkxu-jzwwd-kwshii-cccmk/
Attempts: 99 - Request URL: www.lavatransforms.org/migc-bnvrt-pinvxxg-rtnsge/povldkcx-wtmo-ybkglzll-q39355-qxjoj-zfuxvhyo-calsl-wgegvr-c320171939-edeno/
Attempts: more than 99 - Request URL: www.lavatransforms.org/vekhuvm-kwtsgfui-liobvhol-pnhrsphh/cfqlis-dbnyst-gyjlbe-c320171947-dnaxiy-egxc-qlmnlbtp-q47651-gmusw/
Attempts: 1 - Request URL: www.lavatransforms.org/lqau-adphb-fesblcy-mzzbog/ajamqouy-c320171945-yxka-shwvudti-q47455-bqpnd-pofhebea-yrkje-dogdkv-ufhac/
Attempts: 2 - Request URL: www.lavatransforms.org/lqauad-phbfesbl-cymzzb-ogajamq/ouyyx-c320171945-kashwv-q34403-udtib-qpndpof-hebeayr-kjedogd-kvuf/
Attempts: 3 - Request URL: www.lavatransforms.org/wowbkx-xnhngmdz-q16403-nsvnax-usjcdqj/xfmzk-qxmnbk-spbfc-c320171947-rkxscgp-rmrsgrc-spzjbqb-cebw/
