Attempts: 1 - Request URL: www.lavatransforms.org/wp-config.phpOLD
Attempts: 2 - Request URL: www.lavatransforms.org/wp-config.txt
Attempts: 3 - Request URL: www.lavatransforms.org/wp-config.phpa
Attempts: 4 - Request URL: www.lavatransforms.org/wp-config.old
Attempts: 5 - Request URL: www.lavatransforms.org/wp-config.php.txt
Attempts: 6 - Request URL: www.lavatransforms.org/config
Attempts: 7 - Request URL: www.lavatransforms.org/wp-config.
Attempts: 8 - Request URL: www.lavatransforms.org/wp-config-backup.txt
Attempts: 9 - Request URL: www.lavatransforms.org/wp-config-backup
Attempts: 10 - Request URL: www.lavatransforms.org/config.bak
Attempts: 11 - Request URL: www.lavatransforms.org/config.old
Attempts: 12 - Request URL: www.lavatransforms.org/config.php~
Attempts: 13 - Request URL: www.lavatransforms.org/wp-config.data
Attempts: 14 - Request URL: www.lavatransforms.org/wp-config.backup
Attempts: 15 - Request URL: www.lavatransforms.org/wp-config.php~~
Attempts: 16 - Request URL: www.lavatransforms.org/config.
Attempts: 17 - Request URL: www.lavatransforms.org/wp-config.phpold
Attempts: 18 - Request URL: www.lavatransforms.org/wp-config.phpb
Attempts: 19 - Request URL: www.lavatransforms.org/wp-config.phpc
Attempts: 20 - Request URL: www.lavatransforms.org/wp-config
Attempts: 21 - Request URL: www.lavatransforms.org/wp-config.php-n
