Attempts: 1 - Request URL: www.lavatransforms.org/chandler125
Attempts: 2 - Request URL: www.lavatransforms.org/c320171940-qdziwj-q43303-rmrlfqck/kdqvfy-ywobzrb-aeruv-tbgmvt/
Attempts: 3 - Request URL: www.lavatransforms.org/category/lava-vocabulary/books/page/11/subscribe
Attempts: 4 - Request URL: www.lavatransforms.org/zfnml-c320171941-q5359-mkfyrad/lqexalih-klrwwsh-zwec-iahkkjjk/
Attempts: 5 - Request URL: www.lavatransforms.org/c320171946-supshg-q38803-flggbjgj/snysoq-ffyxixw-fxkou-rehjmi/
Attempts: 6 - Request URL: www.lavatransforms.org/c320171940-gpjtopt-dkyl-q28558-loivo-wjruaqhq/
Attempts: 7 - Request URL: www.lavatransforms.org/kyyapa-q51403-weadmiun/rcuaww-c320171943-bynuxek-cmurp-zsjtph/
Attempts: 8 - Request URL: www.lavatransforms.org/ijmkczl-c320171945-apxv-q23158-vqvlu-swugxabi/
Attempts: 9 - Request URL: www.lavatransforms.org/eaeedr-q11803-eqzvzhrt/awepmc-c320171943-qjqarwc-wbvph-vcpgyr/
Attempts: 10 - Request URL: www.lavatransforms.org/migcbn-c320171947-q40603-vrtpinvx/xgrtns-gepovld-kcxwt-moybkg/
Attempts: 11 - Request URL: www.lavatransforms.org/c320171940-tchdytd-xcwt-q33958-wnfom-xdjanbxk/
Attempts: 12 - Request URL: www.lavatransforms.org/c320171940-supshg-q27103-flggbjgj/snysoq-ffyxixw-fxkou-rehjmi/
Attempts: 13 - Request URL: www.lavatransforms.org/fbvfmb-c320171941-q22603-ijijcpzg/frnksn-suslgps-mhimw-igtcos/
Attempts: 14 - Request URL: www.lavatransforms.org/lqauad-q37003-phbfesbl/cymzzb-ogajamq-c320171944-ouyyx-kashwv/
Attempts: 15 - Request URL: www.lavatransforms.org/c320171946-fbvfmb-q10903-ijijcpzg/frnksn-suslgps-mhimw-igtcos/
Attempts: 16 - Request URL: www.lavatransforms.org/c320171944-hgqzqe-owqajrm-q22402-abafik-zjzzt/
Attempts: 17 - Request URL: www.lavatransforms.org/c320171945-arrl-sksoe-sxkxm-jfkux-q8054-rzktf/
Attempts: 18 - Request URL: www.lavatransforms.org/c320171946-supshg-q15403-flggbjgj/snysoq-ffyxixw-fxkou-rehjmi/
Attempts: 19 - Request URL: www.lavatransforms.org/vekhuv-q33403-mkwtsgfu/iliobv-holpnhr-sphhc-c320171939-fqlisd/
Attempts: 20 - Request URL: www.lavatransforms.org/dkbjgs-yudhoya-q40402-ymjzql-c320171943-lexer/
Attempts: 21 - Request URL: www.lavatransforms.org/rtcyio-zsukwfh-q33202-oukpev-c320171939-tvtue/
Attempts: 22 - Request URL: www.lavatransforms.org/uxxp-nlnix-qkoye-c320171943-gzhyy-q4454-ocvdz/
Attempts: 23 - Request URL: www.lavatransforms.org/nwooxi-c320171941-upvmdbw-q29602-pwilrd-iwrmy/
Attempts: 24 - Request URL: www.lavatransforms.org/c320171946-qdziw-q4459-jrmrlfq/ckkdqvfy-ywobzrb-aeru-vtbgmvte/
Attempts: 25 - Request URL: www.lavatransforms.org/lqaua-c320171941-q9859-dphbfes/blcymzzb-ogajamq-ouyy-xkashwvu/
Attempts: 26 - Request URL: www.lavatransforms.org/c320171940-vekhuv-q21703-mkwtsgfu/iliobv-holpnhr-sphhc-fqlisd/
Attempts: 27 - Request URL: www.lavatransforms.org/uxxpnl-nixqkoy-c320171942-q16102-egzhyy-ocvdz/
Attempts: 28 - Request URL: www.lavatransforms.org/supshg-q50503-flggbjgj/snysoq-ffyxixw-fxkou-c320171939-rehjmi/
Attempts: 29 - Request URL: www.lavatransforms.org/vekhuv-q45103-mkwtsgfu/iliobv-holpnhr-sphhc-c320171945-fqlisd/
Attempts: 30 - Request URL: www.lavatransforms.org/eaeedr-c320171941-q23503-eqzvzhrt/awepmc-qjqarwc-wbvph-vcpgyr/
Attempts: 31 - Request URL: www.lavatransforms.org/bhdnfy-c320171941-bgleuus-q36802-htejcp-picgv/
Attempts: 32 - Request URL: www.lavatransforms.org/c320171946-supshg-q27103-flggbjgj/snysoq-ffyxixw-fxkou-rehjmi/
Attempts: 33 - Request URL: www.lavatransforms.org/c320171940-uxxpnln-ixqk-q24058-oyegz-hyyocvdz/
Attempts: 34 - Request URL: www.lavatransforms.org/lqauad-q25303-phbfesbl/cymzzb-c320171943-ogajamq-ouyyx-kashwv/
Attempts: 35 - Request URL: www.lavatransforms.org/cntgjw-c320171941-q29803-ctmorais/hvcmcf-dpidbdp-uozvs-dfdwfx/
Attempts: 36 - Request URL: www.lavatransforms.org/xlswzq-q12703-qyjihxtb/ppoxej-c320171943-mnwghcn-lvjqg-wixsde/
Attempts: 37 - Request URL: www.lavatransforms.org/zfnml-q5359-mkfyrad/lqexalih-c320171943-klrwwsh-zwec-iahkkjjk/
Attempts: 38 - Request URL: www.lavatransforms.org/wowbkx-q54103-xnhngmdz/nsvnax-c320171943-usjcdqj-xfmzk-qxmnbk/
Attempts: 39 - Request URL: www.lavatransforms.org/fbvfm-q7159-bijijcp/zgfrnksn-suslgps-mhim-c320171939-wigtcosj/
Attempts: 40 - Request URL: www.lavatransforms.org/c320171940-gpjtopt-dkyl-q16858-loivo-wjruaqhq/
Attempts: 41 - Request URL: www.lavatransforms.org/cntgjw-q29803-ctmorais/hvcmcf-dpidbdp-uozvs-c320171945-dfdwfx/
Attempts: 42 - Request URL: www.lavatransforms.org/c320171946-cntgjw-q29803-ctmorais/hvcmcf-dpidbdp-uozvs-dfdwfx/
Attempts: 43 - Request URL: www.lavatransforms.org/supshg-q50503-flggbjgj/snysoq-ffyxixw-fxkou-c320171945-rehjmi/
Attempts: 44 - Request URL: www.lavatransforms.org/migcbn-q28903-vrtpinvx/xgrtns-gepovld-kcxwt-c320171945-moybkg/
Attempts: 45 - Request URL: www.lavatransforms.org/bhdnfyb-c320171941-gleu-q44758-ushte-jcppicgv/
Attempts: 46 - Request URL: www.lavatransforms.org/c320171946-qdziwj-q19903-rmrlfqck/kdqvfy-ywobzrb-aeruv-tbgmvt/
Attempts: 47 - Request URL: www.lavatransforms.org/ovlxvuh-bnzq-q32158-epdyh-c320171943-tghkrhch/
Attempts: 48 - Request URL: www.lavatransforms.org/tchdytd-xcwt-c320171946-q33958-wnfom-xdjanbxk/
Attempts: 49 - Request URL: www.lavatransforms.org/c320171940-xlswzq-q24403-qyjihxtb/ppoxej-mnwghcn-lvjqg-wixsde/
Attempts: 50 - Request URL: www.lavatransforms.org/zfnmlm-q44203-kfyradlq/exalih-klrwwsh-c320171944-zweci-ahkkjj/
Attempts: 51 - Request URL: www.lavatransforms.org/dkbjgs-c320171945-yudhoya-q52102-ymjzql-lexer/
Attempts: 52 - Request URL: www.lavatransforms.org/jmuqth-c320171947-q37903-jvfunzew/dqdbge-pmvmcou-bsfgd-eubfzo/
Attempts: 53 - Request URL: www.lavatransforms.org/gpjtopt-dkyl-q28558-loivo-c320171939-wjruaqhq/
Attempts: 54 - Request URL: www.lavatransforms.org/c320171940-qdziwj-q31603-rmrlfqck/kdqvfy-ywobzrb-aeruv-tbgmvt/
Attempts: 55 - Request URL: www.lavatransforms.org/cntgjw-q29803-ctmorais/hvcmcf-dpidbdp-uozvs-c320171939-dfdwfx/
Attempts: 56 - Request URL: www.lavatransforms.org/bhdnfy-bgleuus-q13402-htejcp-c320171947-picgv/
Attempts: 57 - Request URL: www.lavatransforms.org/uxxpnl-nixqkoy-q51202-egzhyy-c320171947-ocvdz/
Attempts: 58 - Request URL: www.lavatransforms.org/c320171948-tchdyt-dxcwtwn-q14302-fomxdj-anbxk/
Attempts: 59 - Request URL: www.lavatransforms.org/hgqzqeo-wqaj-q18658-rmaba-c320171939-fikzjzzt/
Attempts: 60 - Request URL: www.lavatransforms.org/eaeed-q8059-reqzvzh/rtawepmc-qjqarwc-wbvp-c320171939-hvcpgyri/
Attempts: 61 - Request URL: www.lavatransforms.org/c320171940-sups-hgflg-gbjgjsn-ysoqff/yxixwfxk-q44055-oure-hjminfoz-akzdz-klemkkxu-jzwwd/
Attempts: 62 - Request URL: www.lavatransforms.org/c320171946-cntgj-q14359-wctmora/ishvcmcf-dpidbdp-uozv-sdfdwfxp/
Attempts: 63 - Request URL: www.lavatransforms.org/fbvfm-q30559-bijijcp/zgfrnksn-suslgps-mhim-c320171945-wigtcosj/
Attempts: 64 - Request URL: www.lavatransforms.org/cntgj-c320171941-q49459-wctmora/ishvcmcf-dpidbdp-uozv-sdfdwfxp/
Attempts: 65 - Request URL: www.lavatransforms.org/arrlsks-c320171945-oesx-q51058-kxmjf-kuxrzktf/
Attempts: 66 - Request URL: www.lavatransforms.org/tchdyt-dxcwtwn-q14302-fomxdj-c320171947-anbxk/
Attempts: 67 - Request URL: www.lavatransforms.org/yziref-gcscpcj-q28162-cqtbfq-c320171943-mtdks/
Attempts: 68 - Request URL: www.lavatransforms.org/c320171945-q710-uxxpn-lnixqk-oyeg-zhyyoc-vdzs/
Attempts: 69 - Request URL: www.lavatransforms.org/zfnml-c320171941-q28759-mkfyrad/lqexalih-klrwwsh-zwec-iahkkjjk/
Attempts: 70 - Request URL: www.lavatransforms.org/lqaua-q33259-dphbfes/blcymzzb-ogajamq-ouyy-c320171945-xkashwvu/
Attempts: 71 - Request URL: www.lavatransforms.org/qdziw-q16159-jrmrlfq/ckkdqvfy-ywobzrb-c320171944-aeru-vtbgmvte/
Attempts: 72 - Request URL: www.lavatransforms.org/kyyap-c320171941-q47659-aweadmi/unrcuaww-bynuxek-cmur-pzsjtphw/
Attempts: 73 - Request URL: www.lavatransforms.org/c320171946-migcb-q13459-nvrtpin/vxxgrtns-gepovld-kcxw-tmoybkgl/
Attempts: 74 - Request URL: www.lavatransforms.org/jmuqt-q22459-hjvfunz/ewdqdbge-pmvmcou-bsfg-c320171939-deubfzog/
Attempts: 75 - Request URL: www.lavatransforms.org/eaeed-c320171947-q19759-reqzvzh/rtawepmc-qjqarwc-wbvp-hvcpgyri/
Attempts: 76 - Request URL: www.lavatransforms.org/c320171948-hgqzqe-owqajrm-q45802-abafik-zjzzt/
Attempts: 77 - Request URL: www.lavatransforms.org/tchdyt-dxcwtwn-c320171942-q14302-fomxdj-anbxk/
Attempts: 78 - Request URL: www.lavatransforms.org/dkbjgsyu-dhoyay-q6706-mjzqlle-c320171943-xerm/
Attempts: 79 - Request URL: www.lavatransforms.org/xlswz-q44059-qqyjihx/tbppoxej-mnwghcn-lvjq-c320171945-gwixsdeh/
Attempts: 80 - Request URL: www.lavatransforms.org/c320171940-wowbk-q50359-xxnhngm/dznsvnax-usjcdqj-xfmz-kqxmnbks/
Attempts: 81 - Request URL: www.lavatransforms.org/c320171940-cntgj-q26059-wctmora/ishvcmcf-dpidbdp-uozv-sdfdwfxp/
Attempts: 82 - Request URL: www.lavatransforms.org/zfnml-c320171947-q52159-mkfyrad/lqexalih-klrwwsh-zwec-iahkkjjk/
Attempts: 83 - Request URL: www.lavatransforms.org/nwooxiu-pvmd-c320171942-q37558-bwpwi-lrdiwrmy/
Attempts: 84 - Request URL: www.lavatransforms.org/cntgj-q37759-wctmora/ishvcmcf-dpidbdp-uozv-c320171945-sdfdwfxp/
Attempts: 85 - Request URL: www.lavatransforms.org/ijmkcz-lapxvvq-q26902-vluswu-c320171943-gxabi/
Attempts: 86 - Request URL: www.lavatransforms.org/c320171940-hgqzqe-owqajrm-q10702-abafik-zjzzt/
Attempts: 87 - Request URL: www.lavatransforms.org/c320171946-zfnml-q52159-mkfyrad/lqexalih-klrwwsh-zwec-iahkkjjk/
Attempts: 88 - Request URL: www.lavatransforms.org/migcb-c320171941-q36859-nvrtpin/vxxgrtns-gepovld-kcxw-tmoybkgl/
Attempts: 89 - Request URL: www.lavatransforms.org/hgqzqeo-wqaj-q18658-rmaba-c320171943-fikzjzzt/
Attempts: 90 - Request URL: www.lavatransforms.org/c320171946-qdziw-q16159-jrmrlfq/ckkdqvfy-ywobzrb-aeru-vtbgmvte/
Attempts: 91 - Request URL: www.lavatransforms.org/nwooxi-upvmdbw-q17902-pwilrd-c320171947-iwrmy/
Attempts: 92 - Request URL: www.lavatransforms.org/ovlxvuh-c320171941-bnzq-q20458-epdyh-tghkrhch/
Attempts: 93 - Request URL: www.lavatransforms.org/kyyap-c320171941-q24259-aweadmi/unrcuaww-bynuxek-cmur-pzsjtphw/
Attempts: 94 - Request URL: www.lavatransforms.org/cntgj-c320171947-q14359-wctmora/ishvcmcf-dpidbdp-uozv-sdfdwfxp/
Attempts: 95 - Request URL: www.lavatransforms.org/c320171948-ijmkczl-apxv-q11458-vqvlu-swugxabi/
Attempts: 96 - Request URL: www.lavatransforms.org/supsh-q23359-gflggbj/gjsnysoq-c320171943-ffyxixw-fxko-urehjmin/
Attempts: 97 - Request URL: www.lavatransforms.org/c320171940-jmuqt-q34159-hjvfunz/ewdqdbge-pmvmcou-bsfg-deubfzog/
Attempts: 98 - Request URL: www.lavatransforms.org/jmuqt-c320171941-q10759-hjvfunz/ewdqdbge-pmvmcou-bsfg-deubfzog/
Attempts: 99 - Request URL: www.lavatransforms.org/zfnm-lmkfy-c320171942-q1355-radlqex-alihkl/rwwshzwe-ciah-kkjjklra-kfoff-qnjbsgmt-antfh-stifgh/
Attempts: more than 99 - Request URL: www.lavatransforms.org/c320171946-migcb-q36859-nvrtpin/vxxgrtns-gepovld-kcxw-tmoybkgl/
