Attempts: 1 - Request URL: www.lavatransforms.org/wp-content/cache/busting/1/wp-content-themes-event-themify-fontawesome-css-font-awesome.min-1.6.6.css
Attempts: 2 - Request URL: www.lavatransforms.org/wp-content/cache/busting/1/wp-content-themes-event-js-jquery.masonry.min-1.6.6.js
Attempts: 3 - Request URL: www.lavatransforms.org/wp-content/cache/busting/1/wp-content-themes-event-js-jquery.dominant-color-1.6.6.js
Attempts: 4 - Request URL: www.lavatransforms.org/wp-content/cache/busting/1/wp-content-themes-event-themify-js-main-3.1.0.js
Attempts: 5 - Request URL: www.lavatransforms.org/wp-content/cache/busting/1/wp-content-themes-event-themify-js-themify.sidemenu-1.6.6.js
Attempts: 6 - Request URL: www.lavatransforms.org/wp-content/cache/busting/1/wp-content-themes-event-style-1.6.6.css
Attempts: 7 - Request URL: www.lavatransforms.org/wp-content/cache/busting/1/wp-content-themes-event-skins-orange-style-3.1.0.css
Attempts: 8 - Request URL: www.lavatransforms.org/wp-content/cache/busting/1/wp-content-themes-event-js-modernizr-3.3.1.min-1.6.6.js
Attempts: 9 - Request URL: www.lavatransforms.org/wp-content/cache/busting/1/wp-content-themes-event-js-themify.script-1.6.6.js
Attempts: 10 - Request URL: www.lavatransforms.org/wp-content/cache/busting/1/wp-content-themes-event-themify-js-carousel-3.1.0.js
Attempts: 11 - Request URL: www.lavatransforms.org/wp-content/cache/busting/1/wp-content-themes-event-media-queries-1.6.6.css
Attempts: 12 - Request URL: www.lavatransforms.org/wp-content/cache/busting/1/wp-content-themes-event-themify-css-lightbox-3.1.0.css
Attempts: 13 - Request URL: www.lavatransforms.org/wp-content/cache/busting/1/wp-content-themes-event-themify-js-lightbox-3.1.0.js
Attempts: 14 - Request URL: www.lavatransforms.org/wp-content/cache/busting/1/wp-content-themes-event-themify-js-main-2.7.6.js
Attempts: 15 - Request URL: www.lavatransforms.org/wp-content/cache/busting/1/wp-content-themes-event-themify-fontawesome-css-font-awesome.min-1.5.6.css
Attempts: 16 - Request URL: www.lavatransforms.org/wp-content/cache/busting/1/wp-content-themes-event-js-modernizr-3.3.1.min-1.5.6.js
Attempts: 17 - Request URL: www.lavatransforms.org/wp-content/cache/busting/1/wp-content-themes-event-themify-js-lightbox-2.7.6.js
Attempts: 18 - Request URL: www.lavatransforms.org/wp-content/cache/busting/1/wp-content-themes-event-js-jquery.dominant-color-1.5.6.js
Attempts: 19 - Request URL: www.lavatransforms.org/wp-content/cache/busting/1/wp-content-themes-event-js-jquery.masonry.min-1.5.6.js
Attempts: 20 - Request URL: www.lavatransforms.org/wp-content/cache/busting/1/wp-content-themes-event-themify-fontawesome-css-font-awesome.min-2.7.6.css
Attempts: 21 - Request URL: www.lavatransforms.org/wp-content/cache/busting/1/wp-content-themes-event-themify-js-carousel-2.7.6.js
Attempts: 22 - Request URL: www.lavatransforms.org/wp-content/cache/busting/1/wp-content-themes-event-themify-css-lightbox-2.7.6.css
Attempts: 23 - Request URL: www.lavatransforms.org/wp-content/cache/busting/1/wp-content-themes-event-skins-orange-style-2.7.6.css
Attempts: 24 - Request URL: www.lavatransforms.org/wp-content/cache/busting/1/wp-content-themes-event-themify-js-themify.sidemenu-1.5.6.js
Attempts: 25 - Request URL: www.lavatransforms.org/wp-content/cache/busting/1/wp-content-themes-event-style-1.5.6.css
Attempts: 26 - Request URL: www.lavatransforms.org/wp-content/cache/busting/1/wp-content-themes-event-js-themify.script-1.5.6.js
Attempts: 27 - Request URL: www.lavatransforms.org/wp-content/cache/busting/1/wp-content-themes-event-themify-css-themify.framework-2.7.6.css
Attempts: 28 - Request URL: www.lavatransforms.org/wp-content/cache/busting/1/wp-content-themes-event-themify-themify-builder-css-themify-builder-style-2.7.6.css
Attempts: 29 - Request URL: www.lavatransforms.org/wp-content/cache/busting/1/wp-content-themes-event-media-queries-1.5.6.css
