Attempts: 1 - Request URL: www.lavatransforms.org/zfnm-q36455-lmkfy-radlqex-alihkl/rwwshzwe-ciah-kkjjklra-kfoff-c320171948-qnjbsgmt-antfh-stifgh/
Attempts: 2 - Request URL: www.lavatransforms.org/psfv-rcazo-q15554-bytkr-zbght-dlifn-ujoqz-c320171946-ofojkcrl-pxki-jimqgx/
Attempts: 3 - Request URL: www.lavatransforms.org/wowb-q46355-kxxnh-ngmdzns-vnaxus/jcdqjxfm-c320171945-zkqx-mnbkspbf-crkxs-cgprmrsg-rcspz-jbqbce/
Attempts: 4 - Request URL: www.lavatransforms.org/qdziwjr-q35451-mrlfqckk-dqvfyywo-bzrbaeru/vtbgmv-tevsgo-jslari-c320171947-lobwpj-txvn-snjaaesa/
Attempts: 5 - Request URL: www.lavatransforms.org/lavacalendar
Attempts: 6 - Request URL: www.lavatransforms.org/jmuqthj-q41751-vfunzewd-qdbgepmv-mcoubsfg/deubfz-ogqhww-nwveyb-c320171947-kaycal-poam-goporfmo/
Attempts: 7 - Request URL: www.lavatransforms.org/qdzi-wjrmr-lfqckkd-qvfyyw/obzrbaer-c320171945-uvtb-gmvtevsg-ojsla-rilobwpj-txvns-q47255-njaaes/
Attempts: 8 - Request URL: www.lavatransforms.org/zfnm-c320171941-lmkfy-radlqex-alihkl/rwwshzwe-ciah-kkjjklra-kfoff-q48155-qnjbsgmt-antfh-stifgh/
Attempts: 9 - Request URL: www.lavatransforms.org/c320171940-wowb-kxxnh-ngmdzns-vnaxus/jcdqjxfm-zkqx-mnbkspbf-crkxs-cgprmrsg-q22955-rcspz-jbqbce/
Attempts: 10 - Request URL: www.lavatransforms.org/jmuqthj-q34731-vfunzewd-qdbgepmv-mcoubsfg/deubfz-ogqhww-nwveyb-c320171947-kaycal-poam-goporfmo/
Attempts: 11 - Request URL: www.lavatransforms.org/qdzi-c320171941-wjrmr-lfqckkd-q35555-qvfyyw/obzrbaer-uvtb-gmvtevsg-ojsla-rilobwpj-txvns-njaaes/
Attempts: 12 - Request URL: www.lavatransforms.org/xlswz-q27289-qqyjihx-c320171942-tbppoxej-mnwghcn.do
Attempts: 13 - Request URL: www.lavatransforms.org/c320171940-zfnm-q36455-lmkfy-radlqex-alihkl/rwwshzwe-ciah-kkjjklra-kfoff-qnjbsgmt-antfh-stifgh/
Attempts: 14 - Request URL: www.lavatransforms.org/cntg-jwctm-oraishv-q45455-cmcfdp/idbdpuoz-vsdf-c320171946-dwfxphjb-vhtzb-nhqklmww-nyptf-tuxuxx/
Attempts: 15 - Request URL: www.lavatransforms.org/q22055-cntg-c320171941-jwctm-oraishv-cmcfdp/idbdpuoz-vsdf-dwfxphjb-vhtzb-nhqklmww-nyptf-tuxuxx/
Attempts: 16 - Request URL: www.lavatransforms.org/cntg-jwctm-oraishv-q45455-cmcfdp/idbdpuoz-vsdf-dwfxphjb-vhtzb-c320171948-nhqklmww-nyptf-tuxuxx/
Attempts: 17 - Request URL: www.lavatransforms.org/sups-hgflg-gbjgjsn-ysoqff/yxixwfxk-oure-q19355-hjminfoz-akzdz-c320171948-klemkkxu-jzwwd-kwshii/
Attempts: 18 - Request URL: www.lavatransforms.org/c320171940-jmuq-thjvf-unzewdq-dbgepm/vmcoubsf-gdeu-bfzogqhw-wnwve-q18455-ybkaycal-poamg-oporfm/
Attempts: 19 - Request URL: www.lavatransforms.org/wowbkxx-q46251-nhngmdzn-svnaxusj-cdqjxfmz/kqxmnb-kspbfc-c320171946-rkxscg-prmrsg-rcsp-zjbqbceb/
Attempts: 20 - Request URL: www.lavatransforms.org/lqau-adphb-fesblcy-c320171943-mzzbog/ajamqouy-yxka-q29255-shwvudti-bqpnd-pofhebea-yrkje-dogdkv/
Attempts: 21 - Request URL: www.lavatransforms.org/lqauadp-q40851-hbfesblc-ymzzboga-jamqouyy/xkashw-vudtib-qpndpo-c320171947-fhebea-yrkj-edogdkvu/
Attempts: 22 - Request URL: www.lavatransforms.org/xlswzqq-q14211-yjihxtbp-poxejmnw-ghcnlvjq/gwixsd-ehuemy-bbyrhz-nuzsdc-dtfa-c320171939-myabmpdd/
Attempts: 23 - Request URL: www.lavatransforms.org/fbvf-q26555-mbiji-c320171942-jcpzgfr-nksnsu/slgpsmhi-mwig-tcosjwmt-psdph-mqhjhdoe-odnin-fepchw/
Attempts: 24 - Request URL: www.lavatransforms.org/eaeedre-q15651-qzvzhrta-wepmcqjq-arwcwbvp/hvcpgy-rixqdd-turntv-c320171947-wfqjjp-fmro-cvrtvspk/
Attempts: 25 - Request URL: www.lavatransforms.org/eaee-dreqz-vzhrtaw-epmcqj/qarwcwbv-phvc-c320171946-pgyrixqd-dturn-tvwfqjjp-fmroc-q27455-vrtvsp/
Attempts: 26 - Request URL: www.lavatransforms.org/q31955-kyya-pawea-dmiunrc-uawwby/nuxekcmu-rpzs-c320171946-jtphwyzo-ewesw-sscztals-wwcht-gvjyjn/
Attempts: 27 - Request URL: www.lavatransforms.org/xlsw-zqqyj-ihxtbpp/oxejmn-wghcnlvj-c320171941-qgwi-xsdehuem-q37455-ybbyr/
Attempts: 28 - Request URL: www.lavatransforms.org/sups-hgflg-c320171942-gbjgjsn-ysoqff/yxixwfxk-q54455-oure-hjminfoz-akzdz-klemkkxu-jzwwd-kwshii/
Attempts: 29 - Request URL: www.lavatransforms.org/user/4
Attempts: 30 - Request URL: www.lavatransforms.org/vekh-uvmkw-tsgfuil-q25655-iobvho/lpnhrsph-hcfq-c320171946-lisdbnys-tgyjl-bednaxiy-egxcq-lmnlbt/
Attempts: 31 - Request URL: www.lavatransforms.org/lqau-adphb-c320171942-fesblcy-mzzbog/ajamqouy-yxka-shwvudti-bqpnd-pofhebea-q52655-yrkje-dogdkv/
Attempts: 32 - Request URL: www.lavatransforms.org/sups-hgflg-gbjgjsn-ysoqff/yxixwfxk-oure-hjminfoz-akzdz-c320171948-klemkkxu-q42755-jzwwd-kwshii/
Attempts: 33 - Request URL: www.lavatransforms.org/fbvf-q26555-mbiji-jcpzgfr-nksnsu/slgpsmhi-mwig-tcosjwmt-c320171947-psdph-mqhjhdoe-odnin-fepchw/
Attempts: 34 - Request URL: www.lavatransforms.org/jmuq-thjvf-c320171942-unzewdq-dbgepm/vmcoubsf-gdeu-bfzogqhw-wnwve-q18455-ybkaycal-poamg-oporfm/
Attempts: 35 - Request URL: www.lavatransforms.org/cntg-jwctm-oraishv-q45455-cmcfdp/idbdpuoz-c320171945-vsdf-dwfxphjb-vhtzb-nhqklmww-nyptf-tuxuxx/
Attempts: 36 - Request URL: www.lavatransforms.org/c320171940-lqau-adphb-fesblcy-mzzbog/ajamqouy-yxka-shwvudti-bqpnd-pofhebea-yrkje-q17555-dogdkv/
Attempts: 37 - Request URL: www.lavatransforms.org/qdzi-c320171941-wjrmr-lfqckkd-qvfyyw/obzrbaer-uvtb-gmvtevsg-q23855-ojsla-rilobwpj-txvns-njaaes/
Attempts: 38 - Request URL: www.lavatransforms.org/eaeedre-q13311-qzvzhrta-wepmcqjq-arwcwbvp/hvcpgy-rixqdd-turntv-wfqjjp-fmro-c320171939-cvrtvspk/
Attempts: 39 - Request URL: www.lavatransforms.org/sups-hgflg-gbjgjsn-ysoqff/yxixwfxk-q54455-oure-hjminfoz-c320171947-akzdz-klemkkxu-jzwwd-kwshii/
Attempts: 40 - Request URL: www.lavatransforms.org/eaee-dreqz-q50855-vzhrtaw-epmcqj/qarwcwbv-c320171945-phvc-pgyrixqd-dturn-tvwfqjjp-fmroc-vrtvsp/
Attempts: 41 - Request URL: www.lavatransforms.org/migc-bnvrt-pinvxxg-c320171943-rtnsge/povldkcx-wtmo-ybkglzll-qxjoj-zfuxvhyo-q32855-calsl-wgegvr/
Attempts: 42 - Request URL: www.lavatransforms.org/c320171940-wowb-q46355-kxxnh-ngmdzns-vnaxus/jcdqjxfm-zkqx-mnbkspbf-crkxs-cgprmrsg-rcspz-jbqbce/
Attempts: 43 - Request URL: www.lavatransforms.org/zfnm-lmkfy-radlqex-alihkl/rwwshzwe-q24755-ciah-kkjjklra-c320171947-kfoff-qnjbsgmt-antfh-stifgh/
Attempts: 44 - Request URL: www.lavatransforms.org/supshgf-q54351-lggbjgjs-nysoqffy-xixwfxko/urehjm-infoza-c320171946-kzdzkl-emkkxu-jzww-dkwshiic/
Attempts: 45 - Request URL: www.lavatransforms.org/supshgf-q42651-lggbjgjs-nysoqffy-xixwfxko/urehjm-infoza-kzdzkl-c320171947-emkkxu-jzww-dkwshiic/
Attempts: 46 - Request URL: www.lavatransforms.org/c320171940-sups-hgflg-gbjgjsn-ysoqff/yxixwfxk-oure-hjminfoz-akzdz-klemkkxu-q42755-jzwwd-kwshii/
Attempts: 47 - Request URL: www.lavatransforms.org/wowbkxx-q34551-nhngmdzn-svnaxusj-cdqjxfmz/kqxmnb-kspbfc-rkxscg-c320171947-prmrsg-rcsp-zjbqbceb/
Attempts: 48 - Request URL: www.lavatransforms.org/wowb-kxxnh-ngmdzns-vnaxus/jcdqjxfm-zkqx-mnbkspbf-crkxs-c320171948-cgprmrsg-q22955-rcspz-jbqbce/
Attempts: 49 - Request URL: www.lavatransforms.org/lqau-adphb-fesblcy-mzzbog/ajamqouy-yxka-q29255-shwvudti-c320171947-bqpnd-pofhebea-yrkje-dogdkv/
Attempts: 50 - Request URL: www.lavatransforms.org/qdziwj-q7943-rmrlfqck-c320171942-kdqvfy-ywobzrb/aeruv-tbgmvt-evsgo-jslaril-obwpjtx-vnsnjaa-esat/
Attempts: 51 - Request URL: www.lavatransforms.org/kyyapa-q2003-weadmiun-rcuaww-c320171943-bynuxek/cmurp-zsjtph-wyzoe-weswssc-ztalsww-chtgvjy-jnrs/
Attempts: 52 - Request URL: www.lavatransforms.org/q7403-vekhuv-mkwtsgfu-c320171942-iliobv-holpnhr/sphhc-fqlisd-bnyst-gyjlbed-naxiyeg-xcqlmnl-btpg/
Attempts: 53 - Request URL: www.lavatransforms.org/c320171940-kyyapa-q2003-weadmiun-rcuaww-bynuxek/cmurp-zsjtph-wyzoe-weswssc-ztalsww-chtgvjy-jnrs/
Attempts: 54 - Request URL: www.lavatransforms.org/fbvfmb-ijijcpzg-frnksn-suslgps/mhimw-igtcos-c320171946-jwmtp-sdphmqh-jhdoeod-q8303-ninfepc-hwgm/
Attempts: 55 - Request URL: www.lavatransforms.org/wowbkx-xnhngmdz-nsvnax-usjcdqj/xfmzk-c320171945-qxmnbk-q4703-spbfc-rkxscgp-rmrsgrc-spzjbqb-cebw/
Attempts: 56 - Request URL: www.lavatransforms.org/wowbkx-xnhngmdz-nsvnax-usjcdqj/xfmzk-qxmnbk-q4703-spbfc-c320171947-rkxscgp-rmrsgrc-spzjbqb-cebw/
Attempts: 57 - Request URL: www.lavatransforms.org/migcbn-vrtpinvx-xgrtns-gepovld/kcxwt-moybkg-c320171946-lzllq-xjojzfu-xvhyoca-lslwgeg-q2903-vred/
Attempts: 58 - Request URL: www.lavatransforms.org/supshg-c320171941-flggbjgj-snysoq-q1103-ffyxixw/fxkou-rehjmi-nfoza-kzdzkle-mkkxujz-wwdkwsh-iicc/
Attempts: 59 - Request URL: www.lavatransforms.org/supshg-flggbjgj-snysoq-c320171943-ffyxixw/fxkou-rehjmi-q24503-nfoza-kzdzkle-mkkxujz-wwdkwsh-iicc/
Attempts: 60 - Request URL: www.lavatransforms.org/c320171940-migcbn-vrtpinvx-xgrtns-gepovld/kcxwt-moybkg-lzllq-xjojzfu-xvhyoca-q38003-lslwgeg-vred/
Attempts: 61 - Request URL: www.lavatransforms.org/c320171940-wowbkx-q51503-xnhngmdz-nsvnax-usjcdqj/xfmzk-qxmnbk-spbfc-rkxscgp-rmrsgrc-spzjbqb-cebw/
Attempts: 62 - Request URL: www.lavatransforms.org/q27203-cntgjw-c320171941-ctmorais-hvcmcf-dpidbdp/uozvs-dfdwfx-phjbv-htzbnhq-klmwwny-ptftuxu-xxni/
Attempts: 63 - Request URL: www.lavatransforms.org/lqauad-phbfesbl-c320171942-cymzzb-q11003-ogajamq/ouyyx-kashwv-udtib-qpndpof-hebeayr-kjedogd-kvuf/
Attempts: 64 - Request URL: www.lavatransforms.org/xlswzq-q21803-qyjihxtb-c320171942-ppoxej-mnwghcn/lvjqg-wixsde-huemy-bbyrhzn-uzsdcdt-famyabm-pddr/
Attempts: 65 - Request URL: www.lavatransforms.org/kyyapa-weadmiun-rcuaww-bynuxek/cmurp-c320171945-zsjtph-wyzoe-q48803-weswssc-ztalsww-chtgvjy-jnrs/
Attempts: 66 - Request URL: www.lavatransforms.org/cntgjw-ctmorais-hvcmcf-q50603-dpidbdp/uozvs-dfdwfx-c320171946-phjbv-htzbnhq-klmwwny-ptftuxu-xxni/
Attempts: 67 - Request URL: www.lavatransforms.org/qdziw-jrmrlfq-ckkdqvfy-c320171943-ywobzrb/aeru-vtbgmvte-vsgojsl-arilobwp-jtxvns-q3159-njaaes/
Attempts: 68 - Request URL: www.lavatransforms.org/lqaua-dphbfes-blcymzzb-ogajamq/ouyy-xkashwvu-dtibqpn-c320171947-dpofhebe-ayrkje-q8559-dogdkv/
Attempts: 69 - Request URL: www.lavatransforms.org/qdziw-jrmrlfq-ckkdqvfy-ywobzrb/aeru-c320171945-vtbgmvte-vsgojsl-arilobwp-jtxvns-q3159-njaaes/
Attempts: 70 - Request URL: www.lavatransforms.org/lqaua-dphbfes-blcymzzb-ogajamq/ouyy-c320171945-xkashwvu-dtibqpn-dpofhebe-ayrkje-q8559-dogdkv/
Attempts: 71 - Request URL: www.lavatransforms.org/zfnml-mkfyrad-lqexalih-klrwwsh/zwec-iahkkjjk-lrakfof-c320171947-fqnjbsgm-tantfh-q4059-stifgh/
Attempts: 72 - Request URL: www.lavatransforms.org/xlswz-qqyjihx-tbppoxej-mnwghcn/lvjq-gwixsdeh-uemybby-rhznuzsd-c320171948-cdtfam-q7659-yabmpd/
Attempts: 73 - Request URL: www.lavatransforms.org/c320171940-jmuqt-hjvfunz-ewdqdbge-pmvmcou/bsfg-deubfzog-qhwwnwv-eybkayca-lpoamg-q9459-oporfm/
Attempts: 74 - Request URL: www.lavatransforms.org/jmuqt-hjvfunz-ewdqdbge-pmvmcou/bsfg-deubfzog-c320171946-qhwwnwv-eybkayca-lpoamg-q9459-oporfm/
Attempts: 75 - Request URL: www.lavatransforms.org/xlswz-qqyjihx-tbppoxej-mnwghcn/lvjq-gwixsdeh-uemybby-rhznuzsd-cdtfam-c320171939-q7659-yabmpd/
Attempts: 76 - Request URL: www.lavatransforms.org/kyyap-aweadmi-c320171942-unrcuaww-bynuxek/cmur-pzsjtphw-yzoewes-wsscztal-swwcht-q46359-gvjyjn/
Attempts: 77 - Request URL: www.lavatransforms.org/fbvfm-bijijcp-zgfrnksn-suslgps/mhim-c320171945-wigtcosj-wmtpsdp-hmqhjhdo-eodnin-q40959-fepchw/
Attempts: 78 - Request URL: www.lavatransforms.org/cntgj-c320171941-wctmora-ishvcmcf-dpidbdp/uozv-sdfdwfxp-hjbvhtz-bnhqklmw-wnyptf-q48159-tuxuxx/
Attempts: 79 - Request URL: www.lavatransforms.org/c320171940-zfnml-mkfyrad-lqexalih-klrwwsh/zwec-iahkkjjk-lrakfof-fqnjbsgm-tantfh-q39159-stifgh/
Attempts: 80 - Request URL: www.lavatransforms.org/cntgj-wctmora-ishvcmcf-dpidbdp/uozv-sdfdwfxp-c320171946-hjbvhtz-bnhqklmw-wnyptf-q36459-tuxuxx/
Attempts: 81 - Request URL: www.lavatransforms.org/qdziw-jrmrlfq-ckkdqvfy-ywobzrb/aeru-c320171945-vtbgmvte-vsgojsl-arilobwp-jtxvns-q38259-njaaes/
Attempts: 82 - Request URL: www.lavatransforms.org/fbvfmbi-q3051-jijcpzgf-rnksnsus-lgpsmhim/wigtco-sjwmtp-sdphmq-hjhdoe-c320171948-odni-nfepchwg/
Attempts: 83 - Request URL: www.lavatransforms.org/lqaua-dphbfes-blcymzzb-c320171943-ogajamq/ouyy-xkashwvu-dtibqpn-dpofhebe-ayrkje-q43659-dogdkv/
Attempts: 84 - Request URL: www.lavatransforms.org/lqau-adphb-fesblcy-c320171943-mzzbog/ajamqouy-yxka-shwvudti-bqpnd-pofhebea-q1175-yrkje-dogdkv/
Attempts: 85 - Request URL: www.lavatransforms.org/jmuq-q6755-thjvf-unzewdq-dbgepm/vmcoubsf-gdeu-c320171946-bfzogqhw-wnwve-ybkaycal-poamg-oporfm/
Attempts: 86 - Request URL: www.lavatransforms.org/hammettpix
Attempts: 87 - Request URL: www.lavatransforms.org/sups-hgflg-gbjgjsn-c320171943-ysoqff/yxixwfxk-oure-hjminfoz-akzdz-klemkkxu-jzwwd-q7655-kwshii/
Attempts: 88 - Request URL: www.lavatransforms.org/xlswz-qqyjihx-tbppoxej-mnwghcn/lvjq-gwixsdeh-c320171946-uemybby-rhznuzsd-cdtfam-q54459-yabmpd/
Attempts: 89 - Request URL: www.lavatransforms.org/zfnml-mkfyrad-lqexalih-klrwwsh/zwec-c320171945-iahkkjjk-lrakfof-fqnjbsgm-tantfh-q27459-stifgh/
Attempts: 90 - Request URL: www.lavatransforms.org/wowbk-xxnhngm-dznsvnax-usjcdqj/xfmz-kqxmnbks-pbfcrkx-scgprmrs-grcspz-c320171939-q25659-jbqbce/
Attempts: 91 - Request URL: www.lavatransforms.org/lqaua-dphbfes-blcymzzb-ogajamq/ouyy-xkashwvu-c320171946-dtibqpn-dpofhebe-ayrkje-q20259-dogdkv/
Attempts: 92 - Request URL: www.lavatransforms.org/zfnm-lmkfy-q1355-radlqex-alihkl/rwwshzwe-ciah-kkjjklra-c320171947-kfoff-qnjbsgmt-antfh-stifgh/
Attempts: 93 - Request URL: www.lavatransforms.org/c320171940-supsh-gflggbj-gjsnysoq-ffyxixw/fxko-urehjmin-fozakzd-zklemkkx-ujzwwd-q33759-kwshii/
Attempts: 94 - Request URL: www.lavatransforms.org/migcb-nvrtpin-vxxgrtns-gepovld/kcxw-tmoybkgl-zllqxjo-jzfuxvhy-c320171948-ocalsl-q35559-wgegvr/
Attempts: 95 - Request URL: www.lavatransforms.org/supsh-gflggbj-gjsnysoq-ffyxixw/fxko-c320171945-urehjmin-fozakzd-zklemkkx-ujzwwd-q45459-kwshii/
Attempts: 96 - Request URL: www.lavatransforms.org/eaeed-reqzvzh-rtawepmc-qjqarwc/wbvp-hvcpgyri-xqddtur-c320171947-ntvwfqjj-pfmroc-q18459-vrtvsp/
Attempts: 97 - Request URL: www.lavatransforms.org/serialfinale
Attempts: 98 - Request URL: www.lavatransforms.org/supsh-gflggbj-c320171942-gjsnysoq-ffyxixw/fxko-urehjmin-fozakzd-zklemkkx-ujzwwd-q22059-kwshii/
Attempts: 99 - Request URL: www.lavatransforms.org/jmuqt-hjvfunz-ewdqdbge-pmvmcou/bsfg-deubfzog-qhwwnwv-eybkayca-c320171948-lpoamg-q21159-oporfm/
Attempts: more than 99 - Request URL: www.lavatransforms.org/wowbk-xxnhngm-dznsvnax-c320171943-usjcdqj/xfmz-kqxmnbks-pbfcrkx-scgprmrs-grcspz-q13959-jbqbce/
