Attempts: 1 - Request URL: www.lavatransforms.org/fitzgeraldwalk1THE
Attempts: 2 - Request URL: www.lavatransforms.org/fitzgeraldwalk3
Attempts: 3 - Request URL: www.lavatransforms.org/fitzgeraldwalk4
Attempts: 4 - Request URL: www.lavatransforms.org/fitzgeraldwalk4
Attempts: 5 - Request URL: www.lavatransforms.org/flaneur-br
Attempts: 6 - Request URL: www.lavatransforms.org/flaneur-broadway-feb2013
Attempts: 7 - Request URL: www.lavatransforms.org/flaneur-broadway-feb2013PODCAST:
Attempts: 8 - Request URL: www.lavatransforms.org/flaneur-broadway-master1
Attempts: 9 - Request URL: www.lavatransforms.org/flaneur-broadway-on-m
Attempts: 10 - Request URL: www.lavatransforms.org/flaneur-broadway-on-my-mind-10
Attempts: 11 - Request URL: www.lavatransforms.org/flaneur-broadway-on-my-mind-11
Attempts: 12 - Request URL: www.lavatransforms.org/flaneur-broadway-on-my-mind-12
Attempts: 13 - Request URL: www.lavatransforms.org/flaneur-broadway-on-my-mind-13
Attempts: 14 - Request URL: www.lavatransforms.org/flaneur-broadway-on-my-mind-2
Attempts: 15 - Request URL: www.lavatransforms.org/flaneur-broadway-on-my-mind-2PODCAST:
Attempts: 16 - Request URL: www.lavatransforms.org/flaneur-broadway-on-my-mind-3
Attempts: 17 - Request URL: www.lavatransforms.org/flaneur-broadway-on-my-mind-4
Attempts: 18 - Request URL: www.lavatransforms.org/flaneur-broadway-on-my-mind-5
Attempts: 19 - Request URL: www.lavatransforms.org/flaneur-broadway-on-my-mind-6
Attempts: 20 - Request URL: www.lavatransforms.org/flaneur-broadway-on-my-mind-8
Attempts: 21 - Request URL: www.lavatransforms.org/flaneur-broadway-on-my-mind-landing
Attempts: 22 - Request URL: www.lavatransforms.org/flaneur-broadway-on-my-mind...
