Attempts: 1 - Request URL: www.lavatransforms.org/zfnmlmk-fyradlqe-xalihklr/wwshzwec-c320171940-iahkkj-jklrak-foffqn-q20751-jbsgmt/
Attempts: 2 - Request URL: www.lavatransforms.org/kyyapaw-eadmiunr-cuawwbyn/uxekcmur-pzsjtp-hwyzoe-c320171942-weswss-q51351-cztals/
Attempts: 3 - Request URL: www.lavatransforms.org/eaeedre-qzvzhrta-wepmcqjq/arwcwbvp-c320171940-hvcpgy-rixqdd-turntv-q35151-wfqjjp/
Attempts: 4 - Request URL: www.lavatransforms.org/fbvfmbi-jijcpzgf-rnksnsus/lgpsmhim-wigtco-sjwmtp-sdphmq-c320171943-q45951-hjhdoe/
Attempts: 5 - Request URL: www.lavatransforms.org/xlswzqq-c320171945-yjihxtbp-poxejmnw/ghcnlvjq-gwixsd-ehuemy-bbyrhz-q47751-nuzsdc/
Attempts: 6 - Request URL: www.lavatransforms.org/vekhuvm-c320171945-kwtsgfui-liobvhol/pnhrsphh-cfqlis-dbnyst-gyjlbe-q33351-dnaxiy/
Attempts: 7 - Request URL: www.lavatransforms.org/c320171944-fbvfmbi-jijcpzgf-rnksnsus/lgpsmhim-wigtco-sjwmtp-sdphmq-q45951-hjhdoe/
Attempts: 8 - Request URL: www.lavatransforms.org/c320171944-migcbnv-rtpinvxx-grtnsgep/ovldkcxw-tmoybk-glzllq-xjojzf-q40551-uxvhyo/
Attempts: 9 - Request URL: www.lavatransforms.org/fbvfmbi-c320171945-jijcpzgf-rnksnsus/lgpsmhim-wigtco-sjwmtp-sdphmq-q45951-hjhdoe/
Attempts: 10 - Request URL: www.lavatransforms.org/cntgjwc-c320171945-tmoraish-vcmcfdpi/dbdpuozv-sdfdwf-xphjbv-htzbnh-q29751-qklmww/
Attempts: 11 - Request URL: www.lavatransforms.org/eaeedre-qzvzhrta-wepmcqjq/arwcwbvp-hvcpgy-c320171941-rixqdd-turntv-q35151-wfqjjp/
Attempts: 12 - Request URL: www.lavatransforms.org/supshgf-lggbjgjs-nysoqffy/xixwfxko-urehjm-infoza-kzdzkl-c320171943-q15351-emkkxu/
Attempts: 13 - Request URL: www.lavatransforms.org/zfnmlmk-c320171945-fyradlqe-xalihklr/wwshzwec-iahkkj-jklrak-foffqn-q44151-jbsgmt/
Attempts: 14 - Request URL: www.lavatransforms.org/zfnmlmk-q25951-fyradlqe/xalihklr-wwshzwec-c320171944-iahkkj-jklrak/
Attempts: 15 - Request URL: www.lavatransforms.org/xlswzqq-c320171941-q17851-yjihxtbp/poxejmnw-ghcnlvjq-gwixsd-ehuemy/
Attempts: 16 - Request URL: www.lavatransforms.org/wowbkxx-q24151-nhngmdzn/svnaxusj-cdqjxfmz-c320171944-kqxmnb-kspbfc/
Attempts: 17 - Request URL: www.lavatransforms.org/wowbkxx-q12451-nhngmdzn/svnaxusj-cdqjxfmz-kqxmnb-c320171945-kspbfc/
Attempts: 18 - Request URL: www.lavatransforms.org/fbvfmbi-c320171941-q39451-jijcpzgf/rnksnsus-lgpsmhim-wigtco-sjwmtp/
Attempts: 19 - Request URL: www.lavatransforms.org/xlswzqq-q8751-yjihxtbp-poxejmnw/ghcnlvjq-gwixsd-c320171941-ehuemy-bbyrhz/
Attempts: 20 - Request URL: www.lavatransforms.org/q6951-fbvfmbi-jijcpzgf-rnksnsus/lgpsmhim-wigtco-c320171941-sjwmtp-sdphmq/
Attempts: 21 - Request URL: www.lavatransforms.org/wowbkxx-nhngmdzn-svnaxusj/cdqjxfmz-kqxmnb-c320171941-q3351-kspbfc-rkxscg/
Attempts: 22 - Request URL: www.lavatransforms.org/eaeedre-c320171944-qzvzhrta-wepmcqjq/arwcwbvp-q7851-hvcpgy-rixqdd-turntv/
Attempts: 23 - Request URL: www.lavatransforms.org/qdziwjr-mrlfqckk-q4251-dqvfyywo/bzrbaeru-vtbgmv-tevsgo-c320171942-jslari/
Attempts: 24 - Request URL: www.lavatransforms.org/c320171943-xlswzqq-q8751-yjihxtbp-poxejmnw/ghcnlvjq-gwixsd-ehuemy-bbyrhz/
Attempts: 25 - Request URL: www.lavatransforms.org/wowbkxx-nhngmdzn-c320171945-svnaxusj/cdqjxfmz-kqxmnb-q3351-kspbfc-rkxscg/
Attempts: 26 - Request URL: www.lavatransforms.org/migcbnv-rtpinvxx-grtnsgep/ovldkcxw-c320171940-q1551-tmoybk-glzllq-xjojzf/
Attempts: 27 - Request URL: www.lavatransforms.org/q6951-fbvfmbi-jijcpzgf-c320171945-rnksnsus/lgpsmhim-wigtco-sjwmtp-sdphmq/
Attempts: 28 - Request URL: www.lavatransforms.org/lqauadp-hbfesblc-ymzzboga/jamqouyy-c320171940-xkashw-q9651-vudtib-qpndpo/
Attempts: 29 - Request URL: www.lavatransforms.org/c320171940-jmuqthj-vfunzewd-q1451-qdbgepmv-mcoubsfg/deubfz-ogqhww-nwveyb-kaycal-poam/
Attempts: 30 - Request URL: www.lavatransforms.org/qdziwjr-c320171941-mrlfqckk-q6851-dqvfyywo-bzrbaeru/vtbgmv-tevsgo-jslari-lobwpj-txvn/
Attempts: 31 - Request URL: www.lavatransforms.org/supshgf-c320171941-lggbjgjs-q2351-nysoqffy-xixwfxko/urehjm-infoza-kzdzkl-emkkxu-jzww/
Attempts: 32 - Request URL: www.lavatransforms.org/c320171940-qdziwjr-mrlfqckk-q6851-dqvfyywo-bzrbaeru/vtbgmv-tevsgo-jslari-lobwpj-txvn/
Attempts: 33 - Request URL: www.lavatransforms.org/crimelabaug2015
Attempts: 34 - Request URL: www.lavatransforms.org/c320171940-kyyapaw-eadmiunr-q3251-cuawwbyn-uxekcmur/pzsjtp-hwyzoe-weswss-cztals-wwch/
Attempts: 35 - Request URL: www.lavatransforms.org/c320171940-migcbnv-rtpinvxx-q4151-grtnsgep-ovldkcxw/tmoybk-glzllq-xjojzf-uxvhyo-cals/
Attempts: 36 - Request URL: www.lavatransforms.org/vekhuvm-kwtsgfui-q8651-liobvhol-c320171943-pnhrsphh/cfqlis-dbnyst-gyjlbe-dnaxiy-egxc/
Attempts: 37 - Request URL: www.lavatransforms.org/qdziwjr-mrlfqckk-q18551-dqvfyywo-c320171943-bzrbaeru/vtbgmv-tevsgo-jslari-lobwpj-txvn/
Attempts: 38 - Request URL: www.lavatransforms.org/vekhuvm-kwtsgfui-c320171942-q43751-liobvhol-pnhrsphh/cfqlis-dbnyst-gyjlbe-dnaxiy-egxc/
Attempts: 39 - Request URL: www.lavatransforms.org/wowbkxx-nhngmdzn-q41051-svnaxusj-cdqjxfmz/kqxmnb-kspbfc-rkxscg-prmrsg-c320171939-rcsp/
Attempts: 40 - Request URL: www.lavatransforms.org/eaeedre-qzvzhrta-q45551-wepmcqjq-arwcwbvp/hvcpgy-c320171945-rixqdd-turntv-wfqjjp-fmro/
Attempts: 41 - Request URL: www.lavatransforms.org/supshgf-c320171941-lggbjgjs-q37451-nysoqffy-xixwfxko/urehjm-infoza-kzdzkl-emkkxu-jzww/
Attempts: 42 - Request URL: www.lavatransforms.org/xlswzqq-c320171941-yjihxtbp-q11351-poxejmnw-ghcnlvjq/gwixsd-ehuemy-bbyrhz-nuzsdc-dtfa/
Attempts: 43 - Request URL: www.lavatransforms.org/xlswzqq-c320171941-yjihxtbp-q23051-poxejmnw-ghcnlvjq/gwixsd-ehuemy-bbyrhz-nuzsdc-dtfa/
Attempts: 44 - Request URL: www.lavatransforms.org/supshgf-lggbjgjs-q49151-nysoqffy-xixwfxko/urehjm-infoza-kzdzkl-emkkxu-c320171939-jzww/
Attempts: 45 - Request URL: www.lavatransforms.org/migcbnv-rtpinvxx-c320171945-q48351-grtnsgep/ovldkcxw-tmoybk-glzllq-xjojzf/
Attempts: 46 - Request URL: www.lavatransforms.org/vekhuvm-q52851-kwtsgfui-liobvhol/pnhrsphh-cfqlis-dbnyst-c320171942-gyjlbe/
Attempts: 47 - Request URL: www.lavatransforms.org/vekhuvm-kwtsgfui-q29451-liobvhol/pnhrsphh-c320171940-cfqlis-dbnyst-gyjlbe/
Attempts: 48 - Request URL: www.lavatransforms.org/supshgf-lggbjgjs-nysoqffy/xixwfxko-urehjm-infoza-c320171942-q11451-kzdzkl/
Attempts: 49 - Request URL: www.lavatransforms.org/vekhuvm-q52851-kwtsgfui-liobvhol/pnhrsphh-cfqlis-c320171941-dbnyst-gyjlbe/
Attempts: 50 - Request URL: www.lavatransforms.org/jmuqthj-vfunzewd-c320171945-qdbgepmv/mcoubsfg-q45651-deubfz-ogqhww-nwveyb/
Attempts: 51 - Request URL: www.lavatransforms.org/sitemap/sitemap4.xml
Attempts: 52 - Request URL: www.lavatransforms.org/xlswzqq-c320171945-yjihxtbp-poxejmnw/ghcnlvjq-gwixsd-ehuemy-bbyrhz-q951-nuzsdc/
Attempts: 53 - Request URL: www.lavatransforms.org/eaeedre-qzvzhrta-q45551-wepmcqjq-c320171943-arwcwbvp/hvcpgy-rixqdd-turntv-wfqjjp-fmro/
Attempts: 54 - Request URL: www.lavatransforms.org/fbvfmbi-jijcpzgf-c320171942-q44651-rnksnsus-lgpsmhim/wigtco-sjwmtp-sdphmq-hjhdoe-odni/
Attempts: 55 - Request URL: www.lavatransforms.org/eaeedre-qzvzhrta-q10451-wepmcqjq-arwcwbvp/hvcpgy-rixqdd-turntv-wfqjjp-c320171939-fmro/
Attempts: 56 - Request URL: www.lavatransforms.org/lqauadp-hbfesblc-q12251-ymzzboga-jamqouyy/xkashw-c320171945-vudtib-qpndpo-fhebea-yrkj/
Attempts: 57 - Request URL: www.lavatransforms.org/qdziwjr-mrlfqckk-q41951-dqvfyywo-bzrbaeru/vtbgmv-c320171945-tevsgo-jslari-lobwpj-txvn/
Attempts: 58 - Request URL: www.lavatransforms.org/zfnmlmk-fyradlqe-q31151-xalihklr-c320171943-wwshzwec/iahkkj-jklrak-foffqn-jbsgmt-antf/
Attempts: 59 - Request URL: www.lavatransforms.org/lqauadp-hbfesblc-q47351-ymzzboga-jamqouyy/xkashw-c320171945-vudtib-qpndpo-fhebea-yrkj/
Attempts: 60 - Request URL: www.lavatransforms.org/jmuqthj-vfunzewd-c320171942-q13151-qdbgepmv-mcoubsfg/deubfz-ogqhww-nwveyb-kaycal-poam/
Attempts: 61 - Request URL: www.lavatransforms.org/c320171940-supshgf-lggbjgjs-q37451-nysoqffy-xixwfxko/urehjm-infoza-kzdzkl-emkkxu-jzww/
Attempts: 62 - Request URL: www.lavatransforms.org/kyyapaw-eadmiunr-q14951-cuawwbyn-uxekcmur/pzsjtp-c320171945-hwyzoe-weswss-cztals-wwch/
Attempts: 63 - Request URL: www.lavatransforms.org/vekhuvm-kwtsgfui-q43751-liobvhol-c320171943-pnhrsphh/cfqlis-dbnyst-gyjlbe-dnaxiy-egxc/
Attempts: 64 - Request URL: www.lavatransforms.org/c320171940-kyyapaw-eadmiunr-q50051-cuawwbyn-uxekcmur/pzsjtp-hwyzoe-weswss-cztals-wwch/
Attempts: 65 - Request URL: www.lavatransforms.org/supshgf-lggbjgjs-q25751-nysoqffy-xixwfxko/urehjm-infoza-kzdzkl-emkkxu-c320171939-jzww/
Attempts: 66 - Request URL: www.lavatransforms.org/c320171940-cntgjwc-tmoraish-q16751-vcmcfdpi-dbdpuozv/sdfdwf-xphjbv-htzbnh-qklmww-nypt/
Attempts: 67 - Request URL: www.lavatransforms.org/jmuqthj-vfunzewd-c320171942-q48251-qdbgepmv-mcoubsfg/deubfz-ogqhww-nwveyb-kaycal-poam/
Attempts: 68 - Request URL: www.lavatransforms.org/supshgf-c320171941-lggbjgjs-q14051-nysoqffy-xixwfxko/urehjm-infoza-kzdzkl-emkkxu-jzww/
Attempts: 69 - Request URL: www.lavatransforms.org/c320171940-fbvfmbi-jijcpzgf-q32951-rnksnsus-lgpsmhim/wigtco-sjwmtp-sdphmq-hjhdoe-odni/
Attempts: 70 - Request URL: www.lavatransforms.org/c320171940-lqauadp-hbfesblc-q23951-ymzzboga-jamqouyy/xkashw-vudtib-qpndpo-fhebea-yrkj/
Attempts: 71 - Request URL: www.lavatransforms.org/c320171940-migcbnv-rtpinvxx-q50951-grtnsgep-ovldkcxw/tmoybk-glzllq-xjojzf-uxvhyo-cals/
Attempts: 72 - Request URL: www.lavatransforms.org/fbvfmbi-jijcpzgf-q44651-rnksnsus-lgpsmhim/wigtco-c320171945-sjwmtp-sdphmq-hjhdoe-odni/
Attempts: 73 - Request URL: www.lavatransforms.org/zfnmlmk-fyradlqe-q42851-xalihklr-c320171943-wwshzwec/iahkkj-jklrak-foffqn-jbsgmt-antf/
Attempts: 74 - Request URL: www.lavatransforms.org/supshgf-lggbjgjs-q14051-nysoqffy-xixwfxko/urehjm-infoza-kzdzkl-emkkxu-c320171939-jzww/
Attempts: 75 - Request URL: www.lavatransforms.org/c320171940-vekhuvm-kwtsgfui-q32051-liobvhol-pnhrsphh/cfqlis-dbnyst-gyjlbe-dnaxiy-egxc/
Attempts: 76 - Request URL: www.lavatransforms.org/zfnmlmk-fyradlqe-c320171942-q54551-xalihklr-wwshzwec/iahkkj-jklrak-foffqn-jbsgmt-antf/
Attempts: 77 - Request URL: www.lavatransforms.org/xlswzqq-yjihxtbp-c320171942-q11351-poxejmnw-ghcnlvjq/gwixsd-ehuemy-bbyrhz-nuzsdc-dtfa/
Attempts: 78 - Request URL: www.lavatransforms.org/zfnmlmk-c320171941-fyradlqe-q31151-xalihklr-wwshzwec/iahkkj-jklrak-foffqn-jbsgmt-antf/
Attempts: 79 - Request URL: www.lavatransforms.org/c320171940-qdziwjr-q351-mrlfqckk-dqvfyywo-bzrbaeru/vtbgmv-tevsgo-jslari-lobwpj-txvn-snjaaesa/
Attempts: 80 - Request URL: www.lavatransforms.org/qdziwjr-c320171941-q351-mrlfqckk-dqvfyywo-bzrbaeru/vtbgmv-tevsgo-jslari-lobwpj-txvn-snjaaesa/
Attempts: 81 - Request URL: www.lavatransforms.org/lqauadp-q5751-hbfesblc-ymzzboga-jamqouyy/xkashw-vudtib-qpndpo-fhebea-yrkj-c320171939-edogdkvu/
Attempts: 82 - Request URL: www.lavatransforms.org/jmuqthj-q6651-vfunzewd-qdbgepmv-c320171943-mcoubsfg/deubfz-ogqhww-nwveyb-kaycal-poam-goporfmo/
Attempts: 83 - Request URL: www.lavatransforms.org/zfnmlmk-q1251-fyradlqe-xalihklr-wwshzwec/iahkkj-c320171945-jklrak-foffqn-jbsgmt-antf-hstifghl/
Attempts: 84 - Request URL: www.lavatransforms.org/jmuqthj-q6651-vfunzewd-qdbgepmv-mcoubsfg/deubfz-ogqhww-nwveyb-kaycal-poam-c320171939-goporfmo/
Attempts: 85 - Request URL: www.lavatransforms.org/c320171940-kyyapaw-q8451-eadmiunr-cuawwbyn-uxekcmur/pzsjtp-hwyzoe-weswss-cztals-wwch-tgvjyjnr/
Attempts: 86 - Request URL: www.lavatransforms.org/lqauadp-q5751-hbfesblc-ymzzboga-c320171943-jamqouyy/xkashw-vudtib-qpndpo-fhebea-yrkj-edogdkvu/
Attempts: 87 - Request URL: www.lavatransforms.org/xlswzqq-q4851-yjihxtbp-c320171942-poxejmnw-ghcnlvjq/gwixsd-ehuemy-bbyrhz-nuzsdc-dtfa-myabmpdd/
Attempts: 88 - Request URL: www.lavatransforms.org/lqauadp-c320171941-q5751-hbfesblc-ymzzboga-jamqouyy/xkashw-vudtib-qpndpo-fhebea-yrkj-edogdkvu/
Attempts: 89 - Request URL: www.lavatransforms.org/zfnmlmk-q1251-fyradlqe-c320171942-xalihklr-wwshzwec/iahkkj-jklrak-foffqn-jbsgmt-antf-hstifghl/
Attempts: 90 - Request URL: www.lavatransforms.org/nwooxi-c320171941-upvmdbw/q52352-pwilrd-iwrmy-euxeasxa.do
Attempts: 91 - Request URL: www.lavatransforms.org/tchd-ytdxc/wtwnf-c320171943-omxdj-q20204-anbxk.do
Attempts: 92 - Request URL: www.lavatransforms.org/c320171940-fbvfmbi-q3051-jijcpzgf-rnksnsus-lgpsmhim/wigtco-sjwmtp-sdphmq-hjhdoe-odni-nfepchwg/
Attempts: 93 - Request URL: www.lavatransforms.org/supshgf-q7551-lggbjgjs-nysoqffy-xixwfxko/urehjm-infoza-kzdzkl-emkkxu-jzww-c320171939-dkwshiic/
Attempts: 94 - Request URL: www.lavatransforms.org/supshgf-q7551-lggbjgjs-c320171942-nysoqffy-xixwfxko/urehjm-infoza-kzdzkl-emkkxu-jzww-dkwshiic/
Attempts: 95 - Request URL: www.lavatransforms.org/migcbnv-q9351-rtpinvxx-c320171942-grtnsgep-ovldkcxw/tmoybk-glzllq-xjojzf-uxvhyo-cals-lwgegvre/
