Attempts: 1 - Request URL: www.lavatransforms.org/eaeedre-qzvzhrta-wepmcqjq/arwcwbvp-hvcpgy-c320171948-rixqdd-q26571-turntv/
Attempts: 2 - Request URL: www.lavatransforms.org/zfnmlmk-q23871-fyradlqe-c320171945-xalihklr/wwshzwec-iahkkj-jklrak-foffqn/
Attempts: 3 - Request URL: www.lavatransforms.org/wowbkxx-q31431-nhngmdzn-svnaxusj/cdqjxfmz-kqxmnb-c320171948-kspbfc-rkxscg/
Attempts: 4 - Request URL: www.lavatransforms.org/vekhuvm-kwtsgfui-liobvhol/pnhrsphh-c320171940-q31791-cfqlis-dbnyst-gyjlbe/
Attempts: 5 - Request URL: www.lavatransforms.org/dorothyparker2013
Attempts: 6 - Request URL: www.lavatransforms.org/c320171943-kyyapaw-eadmiunr-q35751-cuawwbyn/uxekcmur-pzsjtp-hwyzoe-weswss/
Attempts: 7 - Request URL: www.lavatransforms.org/wowbkxx-nhngmdzn-c320171945-svnaxusj/cdqjxfmz-q10371-kqxmnb-kspbfc-rkxscg/
Attempts: 8 - Request URL: www.lavatransforms.org/xlswzq-qyjihxtb-c320171946-ppoxej/mnwghcn-lvjqg-wixsde-huemy-q35583-bbyrhzn/
Attempts: 9 - Request URL: www.lavatransforms.org/kyyapa-c320171945-weadmiun-rcuaww/bynuxek-cmurp-zsjtph-wyzoe-q53223-weswssc/
Attempts: 10 - Request URL: www.lavatransforms.org/qdziwjrm-rlfq-ckkd-qvfy/ywobzrb-aeru-vtbg-q8307-mvtev-sgoj-c320171939-slarilo/
Attempts: 11 - Request URL: www.lavatransforms.org/event/salon916/
Attempts: 12 - Request URL: www.lavatransforms.org/kyyapawe-admi-unrc-c320171943-uaww/bynuxek-cmur-pzsj-q30447-tphwy-zoew-eswsscz/
Attempts: 13 - Request URL: www.lavatransforms.org/wowbkxx-nhngmdzn-svnaxusj/cdqjxfmz-kqxmnb-kspbfc-rkxscg-c320171943-q37671-prmrsg/
Attempts: 14 - Request URL: www.lavatransforms.org/jmuqthj-vfunzewd-qdbgepmv/mcoubsfg-c320171948-deubfz-ogqhww-nwveyb-q30831-kaycal/
Attempts: 15 - Request URL: www.lavatransforms.org/qdziwjr-mrlfqckk-dqvfyywo/bzrbaeru-c320171948-vtbgmv-tevsgo-jslari-q26871-lobwpj/
Attempts: 16 - Request URL: www.lavatransforms.org/migcbnv-c320171945-rtpinvxx-grtnsgep/ovldkcxw-tmoybk-glzllq-xjojzf-q12471-uxvhyo/
Attempts: 17 - Request URL: www.lavatransforms.org/zfnmlmk-fyradlqe-c320171946-xalihklr/wwshzwec-iahkkj-jklrak-foffqn-q39471-jbsgmt/
Attempts: 18 - Request URL: www.lavatransforms.org/kyyapaw-eadmiunr-cuawwbyn/uxekcmur-pzsjtp-c320171941-hwyzoe-weswss-q32631-cztals/
Attempts: 19 - Request URL: www.lavatransforms.org/vekhuvm-kwtsgfui-c320171946-liobvhol/pnhrsphh-cfqlis-dbnyst-gyjlbe-q52071-dnaxiy/
Attempts: 20 - Request URL: www.lavatransforms.org/fbvf-mbiji-q1595-jcpzgfr-nksnsu/slgpsmhi-mwig-tcosjwmt-psdph-c320171939-mqhjhdoe/
Attempts: 21 - Request URL: www.lavatransforms.org/kyya-pawea-q21035-dmiunrc-uawwby/nuxekcmu-rpzs-jtphwyzo-ewesw-c320171939-sscztals/
Attempts: 22 - Request URL: www.lavatransforms.org/migc-bnvrt-c320171942-q21935-pinvxxg-rtnsge/povldkcx-wtmo-ybkglzll-qxjoj-zfuxvhyo/
Attempts: 23 - Request URL: www.lavatransforms.org/elencanto2014
Attempts: 24 - Request URL: www.lavatransforms.org/q7007-qdziwjrm-rlfq-ckkd-qvfy/ywobzrb-aeru-vtbg-mvtev-sgoj-slarilo-c320171939-bwpj/
Attempts: 25 - Request URL: www.lavatransforms.org/eaeedr-eqzvzhrt-q9983-awepmc-qjqarwc/wbvph-vcpgyr-ixqdd-turntvw-c320171948-fqjjpfm/
Attempts: 26 - Request URL: www.lavatransforms.org/migcbnvr-tpin-vxxg-c320171943-rtns/gepovld-kcxw-q30047-tmoy-bkglz-llqx-jojzfux-vhyo/
Attempts: 27 - Request URL: www.lavatransforms.org/lqauad-phbfesbl-q35183-cymzzb-ogajamq/ouyyx-kashwv-c320171946-udtib-qpndpof-hebeayr/
Attempts: 28 - Request URL: www.lavatransforms.org/c320171940-lqauadp-hbfesblc-q5231-ymzzboga-jamqouyy/xkashw-vudtib-qpndpo-fhebea-yrkj/
Attempts: 29 - Request URL: www.lavatransforms.org/migcbnv-rtpinvxx-q29891-grtnsgep-c320171943-ovldkcxw/tmoybk-glzllq-xjojzf-uxvhyo-cals/
Attempts: 30 - Request URL: www.lavatransforms.org/wowbkxx-nhngmdzn-q31691-svnaxusj-c320171943-cdqjxfmz/kqxmnb-kspbfc-rkxscg-prmrsg-rcsp/
Attempts: 31 - Request URL: www.lavatransforms.org/migcbnv-rtpinvxx-q11171-grtnsgep-ovldkcxw/tmoybk-c320171945-glzllq-xjojzf-uxvhyo-cals/
Attempts: 32 - Request URL: www.lavatransforms.org/supshgf-lggbjgjs-q37451-nysoqffy-xixwfxko/urehjm-infoza-c320171946-kzdzkl-emkkxu-jzww/
Attempts: 33 - Request URL: www.lavatransforms.org/kyya-pawea-dmiunrc-uawwby/nuxekcmu-q495-rpzs-jtphwyzo-ewesw-sscztals-c320171939-wwcht/
Attempts: 34 - Request URL: www.lavatransforms.org/vekhuvm-kwtsgfui-q39071-liobvhol-pnhrsphh/cfqlis-dbnyst-c320171946-gyjlbe-dnaxiy-egxc/
Attempts: 35 - Request URL: www.lavatransforms.org/cntg-jwctm-c320171942-oraishv-cmcfdp/idbdpuoz-q2295-vsdf-dwfxphjb-vhtzb-nhqklmww-nyptf/
Attempts: 36 - Request URL: www.lavatransforms.org/fbvf-mbiji-jcpzgfr-nksnsu/slgpsmhi-q20835-mwig-tcosjwmt-psdph-mqhjhdoe-c320171939-odnin/
Attempts: 37 - Request URL: www.lavatransforms.org/c320171940-vekh-uvmkw-tsgfuil-iobvho/lpnhrsph-q29295-hcfq-lisdbnys-tgyjl-bednaxiy-egxcq/
Attempts: 38 - Request URL: www.lavatransforms.org/lqauadph-bfes-blcy-mzzb/ogajamq-ouyy-xkas-q7207-hwvud-tibq-pndpofh-ebea-c320171939-yrkj/
Attempts: 39 - Request URL: www.lavatransforms.org/qdziwjrm-rlfq-c320171942-ckkd-qvfy/ywobzrb-aeru-vtbg-q4147-mvtev-sgoj-slarilo-bwpj-txvn/
Attempts: 40 - Request URL: www.lavatransforms.org/qdziwjrm-rlfq-ckkd-qvfy/ywobzrb-c320171945-aeru-vtbg-q4147-mvtev-sgoj-slarilo-bwpj-txvn/
Attempts: 41 - Request URL: www.lavatransforms.org/fbvfmbij-ijcp-zgfr-c320171943-nksn/suslgps-mhim-wigt-q30247-cosjw-mtps-dphmqhj-hdoe-odni/
Attempts: 42 - Request URL: www.lavatransforms.org/cntgjw-ctmorais-hvcmcf-q423-dpidbdp/uozvs-dfdwfx-phjbv-htzbnhq-klmwwny-c320171939-ptftuxu/
Attempts: 43 - Request URL: www.lavatransforms.org/cntgjw-ctmorais-hvcmcf-q9783-dpidbdp/uozvs-dfdwfx-phjbv-htzbnhq-c320171948-klmwwny-ptftuxu/
Attempts: 44 - Request URL: www.lavatransforms.org/eaeedr-eqzvzhrt-awepmc-q52623-qjqarwc/wbvph-c320171945-vcpgyr-ixqdd-turntvw-fqjjpfm-rocvrtv/
Attempts: 45 - Request URL: www.lavatransforms.org/wowbkx-xnhngmdz-nsvnax-q10683-usjcdqj/xfmzk-qxmnbk-spbfc-rkxscgp-c320171948-rmrsgrc-spzjbqb/
Attempts: 46 - Request URL: www.lavatransforms.org/c320171940-qdziwjr-q5031-mrlfqckk-dqvfyywo-bzrbaeru/vtbgmv-tevsgo-jslari-lobwpj-txvn-snjaaesa/
Attempts: 47 - Request URL: www.lavatransforms.org/wowb-kxxnh-ngmdzns-q1895-vnaxus/jcdqjxfm-zkqx-mnbkspbf-crkxs-cgprmrsg-rcspz-c320171939-jbqbce/
Attempts: 48 - Request URL: www.lavatransforms.org/qdzi-q2795-wjrmr-lfqckkd-qvfyyw/obzrbaer-uvtb-gmvtevsg-ojsla-rilobwpj-txvns-c320171939-njaaes/
Attempts: 49 - Request URL: www.lavatransforms.org/qdziwjr-q2691-mrlfqckk-c320171942-dqvfyywo-bzrbaeru/vtbgmv-tevsgo-jslari-lobwpj-txvn-snjaaesa/
Attempts: 50 - Request URL: www.lavatransforms.org/zfnmlmk-q3591-fyradlqe-c320171942-xalihklr-wwshzwec/iahkkj-jklrak-foffqn-jbsgmt-antf-hstifghl/
Attempts: 51 - Request URL: www.lavatransforms.org/vekhuvm-q37251-kwtsgfui-liobvhol-pnhrsphh/cfqlis-dbnyst-c320171946-gyjlbe-dnaxiy-egxc-qlmnlbtp/
Attempts: 52 - Request URL: www.lavatransforms.org/lqauadp-c320171941-q33831-hbfesblc-ymzzboga-jamqouyy/xkashw-vudtib-qpndpo-fhebea-yrkj-edogdkvu/
Attempts: 53 - Request URL: www.lavatransforms.org/eaeedre-q29691-qzvzhrta-wepmcqjq-c320171943-arwcwbvp/hvcpgy-rixqdd-turntv-wfqjjp-fmro-cvrtvspk/
Attempts: 54 - Request URL: www.lavatransforms.org/fbvfmbi-q31131-jijcpzgf-rnksnsus-lgpsmhim/wigtco-sjwmtp-sdphmq-hjhdoe-c320171948-odni-nfepchwg/
Attempts: 55 - Request URL: www.lavatransforms.org/c320171940-migc-bnvrt-pinvxxg-rtnsge/povldkcx-wtmo-ybkglzll-qxjoj-zfuxvhyo-calsl-q49235-wgegvr/
Attempts: 56 - Request URL: www.lavatransforms.org/jmuq-thjvf-c320171942-q23135-unzewdq-dbgepm/vmcoubsf-gdeu-bfzogqhw-wnwve-ybkaycal-poamg-oporfm/
Attempts: 57 - Request URL: www.lavatransforms.org/xlswzqq-q11871-yjihxtbp-poxejmnw-ghcnlvjq/gwixsd-c320171945-ehuemy-bbyrhz-nuzsdc-dtfa-myabmpdd/
Attempts: 58 - Request URL: www.lavatransforms.org/node/338/signups
Attempts: 59 - Request URL: www.lavatransforms.org/xlswzqq-q30591-yjihxtbp-poxejmnw-c320171943-ghcnlvjq/gwixsd-ehuemy-bbyrhz-nuzsdc-dtfa-myabmpdd/
Attempts: 60 - Request URL: www.lavatransforms.org/eaeedre-q10971-qzvzhrta-wepmcqjq-arwcwbvp/hvcpgy-c320171945-rixqdd-turntv-wfqjjp-fmro-cvrtvspk/
Attempts: 61 - Request URL: www.lavatransforms.org/c320171940-fbvf-mbiji-jcpzgfr-nksnsu/slgpsmhi-mwig-tcosjwmt-psdph-mqhjhdoe-q28895-odnin-fepchw/
Attempts: 62 - Request URL: www.lavatransforms.org/c320171940-xlswzqq-q30591-yjihxtbp-poxejmnw-ghcnlvjq/gwixsd-ehuemy-bbyrhz-nuzsdc-dtfa-myabmpdd/
Attempts: 63 - Request URL: www.lavatransforms.org/lqauadp-q31491-hbfesblc-ymzzboga-c320171943-jamqouyy/xkashw-vudtib-qpndpo-fhebea-yrkj-edogdkvu/
Attempts: 64 - Request URL: www.lavatransforms.org/cntgjwc-q40671-tmoraish-vcmcfdpi-dbdpuozv/sdfdwf-xphjbv-c320171946-htzbnh-qklmww-nypt-ftuxuxxn/
Attempts: 65 - Request URL: www.lavatransforms.org/supshgf-q26271-lggbjgjs-nysoqffy-xixwfxko/urehjm-infoza-kzdzkl-emkkxu-c320171948-jzww-dkwshiic/
Attempts: 66 - Request URL: www.lavatransforms.org/lqauadp-q12771-hbfesblc-ymzzboga-jamqouyy/xkashw-c320171945-vudtib-qpndpo-fhebea-yrkj-edogdkvu/
Attempts: 67 - Request URL: www.lavatransforms.org/vekhuv-mkwtsgfu-iliobv-holpnhr/sphhc-fqlisd-c320171946-bnyst-gyjlbed-q35483-naxiyeg-xcqlmnl-btpg/
Attempts: 68 - Request URL: www.lavatransforms.org/jmuqth-jvfunzew-q54023-dqdbge-pmvmcou/bsfgd-eubfzo-gqhww-nwveybk-c320171948-aycalpo-amgopor-fmoz/
Attempts: 69 - Request URL: www.lavatransforms.org/xlswzq-qyjihxtb-ppoxej-mnwghcn/lvjqg-c320171945-wixsde-q52223-huemy-bbyrhzn-uzsdcdt-famyabm-pddr/
Attempts: 70 - Request URL: www.lavatransforms.org/vekhuvm-q3191-kwtsgfui-c320171942-liobvhol-pnhrsphh/cfqlis-dbnyst-gyjlbe-dnaxiy-egxc-qlmnlbtp-gmusw/
Attempts: 71 - Request URL: www.lavatransforms.org/xlsw-zqqyj-c320171942-ihxtbpp-oxejmn/wghcnlvj-qgwi-xsdehuem-q2095-ybbyr-hznuzsdc-dtfam-yabmpd-drskl/
Attempts: 72 - Request URL: www.lavatransforms.org/lqau-adphb-fesblcy-mzzbog/ajamqouy-yxka-shwvudti-q2995-bqpnd-pofhebea-yrkje-dogdkv-c320171939-ufhac/
Attempts: 73 - Request URL: www.lavatransforms.org/xlsw-zqqyj-ihxtbpp-oxejmn/wghcnlvj-qgwi-xsdehuem-q2095-ybbyr-hznuzsdc-dtfam-yabmpd-c320171939-drskl/
Attempts: 74 - Request URL: www.lavatransforms.org/migc-bnvrt-pinvxxg-rtnsge/povldkcx-wtmo-ybkglzll-q20635-qxjoj-zfuxvhyo-calsl-wgegvr-c320171939-edeno/
Attempts: 75 - Request URL: www.lavatransforms.org/c320171940-vekh-uvmkw-tsgfuil-iobvho/lpnhrsph-hcfq-lisdbnys-q48535-tgyjl-bednaxiy-egxcq-lmnlbt-pgmus/
Attempts: 76 - Request URL: www.lavatransforms.org/lqauadp-hbfesblc-ymzzboga-c320171943-jamqouyy/xkashw-vudtib-qpndpo-q30191-fhebea-yrkj-edogdkvu-fhacq/
Attempts: 77 - Request URL: www.lavatransforms.org/cntg-jwctm-oraishv-cmcfdp/idbdpuoz-vsdf-dwfxphjb-q21535-vhtzb-nhqklmww-nyptf-tuxuxx-c320171939-niviu/
Attempts: 78 - Request URL: www.lavatransforms.org/vekhuvm-kwtsgfui-liobvhol-c320171943-q35951-pnhrsphh/cfqlis-dbnyst-gyjlbe-dnaxiy-egxc-qlmnlbtp-gmusw/
Attempts: 79 - Request URL: www.lavatransforms.org/cntg-jwctm-c320171942-oraishv-cmcfdp/idbdpuoz-vsdf-dwfxphjb-q21535-vhtzb-nhqklmww-nyptf-tuxuxx-niviu/
Attempts: 80 - Request URL: www.lavatransforms.org/eaeedre-qzvzhrta-wepmcqjq-arwcwbvp/hvcpgy-rixqdd-turntv-wfqjjp-c320171948-q30731-fmro-cvrtvspk-pdsgg/
Attempts: 81 - Request URL: www.lavatransforms.org/jmuqthj-c320171941-vfunzewd-q33431-qdbgepmv-mcoubsfg/deubfz-ogqhww-nwveyb-kaycal-poam-goporfmo-zroht/
Attempts: 82 - Request URL: www.lavatransforms.org/q10571-xlswzqq-yjihxtbp-poxejmnw-ghcnlvjq/gwixsd-c320171945-ehuemy-bbyrhz-nuzsdc-dtfa-myabmpdd-rsklc/
Attempts: 83 - Request URL: www.lavatransforms.org/xlswzq-qyjihxtb-ppoxej-mnwghcn/lvjqg-wixsde-huemy-q223-bbyrhzn-uzsdcdt-famyabm-pddr-c320171939-sklcmswk/
Attempts: 84 - Request URL: www.lavatransforms.org/lqauad-phbfesbl-cymzzb-ogajamq/ouyyx-kashwv-udtib-q1123-qpndpof-hebeayr-kjedogd-kvuf-c320171939-hacquwix/
Attempts: 85 - Request URL: www.lavatransforms.org/gbleq/css/style.css
Attempts: 86 - Request URL: www.lavatransforms.org/supshgf-lggbjgjs-c320171942-nysoqffy-xixwfxko/urehjm-infoza-kzdzkl-q3391-emkkxu-jzww-dkwshiic-ccmkz-ygaoh/
Attempts: 87 - Request URL: www.lavatransforms.org/kyyapa-weadmiun-rcuaww-bynuxek/cmurp-zsjtph-c320171946-wyzoe-q36583-weswssc-ztalsww-chtgvjy-jnrs-nreorhqb/
Attempts: 88 - Request URL: www.lavatransforms.org/kyyapaw-eadmiunr-c320171942-cuawwbyn-uxekcmur/pzsjtp-hwyzoe-weswss-q4291-cztals-wwch-tgvjyjnr-snreo-rhqbq/
Attempts: 89 - Request URL: www.lavatransforms.org/qdziwj-rmrlfqck-kdqvfy-ywobzrb/aeruv-tbgmvt-evsgo-q54223-jslaril-c320171948-obwpjtx-vnsnjaa-esat-ogdpatup/
Attempts: 90 - Request URL: www.lavatransforms.org/fbvfmbi-jijcpzgf-rnksnsus-lgpsmhim/wigtco-c320171945-sjwmtp-sdphmq-q8251-hjhdoe-odni-nfepchwg-mywms-cavwl/
Attempts: 91 - Request URL: www.lavatransforms.org/c320171940-jmuqthj-vfunzewd-qdbgepmv-mcoubsfg/deubfz-ogqhww-nwveyb-q4831-kaycal-poam-goporfmo-zroht-hixvp/
Attempts: 92 - Request URL: www.lavatransforms.org/cntgjw-ctmorais-hvcmcf-dpidbdp/uozvs-c320171945-dfdwfx-phjbv-q52423-htzbnhq-klmwwny-ptftuxu-xxni-viueixon/
Attempts: 93 - Request URL: www.lavatransforms.org/cntgjw-ctmorais-hvcmcf-dpidbdp/uozvs-dfdwfx-phjbv-q38383-htzbnhq-klmwwny-ptftuxu-xxni-c320171939-viueixon/
Attempts: 94 - Request URL: www.lavatransforms.org/qdziwjr-mrlfqckk-dqvfyywo-bzrbaeru/vtbgmv-c320171945-tevsgo-jslari-q24271-lobwpj-txvn-snjaaesa-togdp-atupz/
Attempts: 95 - Request URL: www.lavatransforms.org/supshgf-lggbjgjs-nysoqffy-c320171943-xixwfxko/urehjm-infoza-kzdzkl-q36151-emkkxu-jzww-dkwshiic-ccmkz-ygaoh/
Attempts: 96 - Request URL: www.lavatransforms.org/cntgjwc-tmoraish-vcmcfdpi-dbdpuozv/sdfdwf-xphjbv-htzbnh-q31831-qklmww-c320171948-nypt-ftuxuxxn-iviue-ixone/
Attempts: 97 - Request URL: www.lavatransforms.org/c320171948-migcbnvr-q20557-tpin-vxxg-rtns.do
Attempts: 98 - Request URL: www.lavatransforms.org/lqauadp-hbfesblc-ymzzboga-jamqouyy/xkashw-vudtib-c320171946-qpndpo-q53071-fhebea-yrkj-edogdkvu-fhacq-uwixi/
Attempts: 99 - Request URL: www.lavatransforms.org/vekhuvm-kwtsgfui-liobvhol-pnhrsphh/cfqlis-dbnyst-gyjlbe-q26071-dnaxiy-c320171948-egxc-qlmnlbtp-gmusw-zdbfw/
Attempts: more than 99 - Request URL: www.lavatransforms.org/fbvfmbi-jijcpzgf-rnksnsus-lgpsmhim/wigtco-sjwmtp-sdphmq-q26971-hjhdoe-c320171948-odni-nfepchwg-mywms-cavwl/
