Attempts: 1 - Request URL: www.lavatransforms.org/category/lava-vocabulary/art/page/5/elalisal2013
Attempts: 2 - Request URL: www.lavatransforms.org/urmwalk4
Attempts: 3 - Request URL: www.lavatransforms.org/user/register?destination=node%2F1291%23comment-form
Attempts: 4 - Request URL: www.lavatransforms.org/2012/12/04/full-no-more-signups-save-the-date-cellar-tour-of-the-king-eddy-saloon-730pm/cellartourkingeddydec2012
Attempts: 5 - Request URL: www.lavatransforms.org/2017-1-8-harveysbroiler_150353/
Attempts: 6 - Request URL: www.lavatransforms.org/category/lava-exclusives/user/login
Attempts: 7 - Request URL: www.lavatransforms.org/category/lava-vocabulary/history/page/34/lavatransforms.org/scrapsteel
Attempts: 8 - Request URL: www.lavatransforms.org/category/lava-vocabulary/lava-exclusives/page/14/cityscapes
Attempts: 9 - Request URL: www.lavatransforms.org/category/politics/page/4/itotushy
Attempts: 10 - Request URL: www.lavatransforms.org/category/architecturedesign/page/13/southwestmuseum2013
Attempts: 11 - Request URL: www.lavatransforms.org/category/lava-vocabulary/preservation/page/2/user/login
Attempts: 12 - Request URL: www.lavatransforms.org/category/history/page/34/lavatransforms.org/scrapsteel
Attempts: 13 - Request URL: www.lavatransforms.org/user/1494
Attempts: 14 - Request URL: www.lavatransforms.org/category/history/page/34/lavatransforms.org/scrapsteel
Attempts: 15 - Request URL: www.lavatransforms.org/user/4
Attempts: 16 - Request URL: www.lavatransforms.org/lavasalonhank
Attempts: 17 - Request URL: www.lavatransforms.org/category/architecturedesign/page/12/southwestmuseum2013
Attempts: 18 - Request URL: www.lavatransforms.org/flaneur-broadway-master1
Attempts: 19 - Request URL: www.lavatransforms.org/category/history/page/21/elalisal2013
Attempts: 20 - Request URL: www.lavatransforms.org/category/history/page/22/cellartourkingeddydec2012
Attempts: 21 - Request URL: www.lavatransforms.org/category/history/page/21/elalisal2013
Attempts: 22 - Request URL: www.lavatransforms.org/category/history/page/22/cellartourkingeddydec2012
Attempts: 23 - Request URL: www.lavatransforms.org/category/history/page/21/elalisal2013
Attempts: 24 - Request URL: www.lavatransforms.org/category/history/page/22/cellartourkingeddydec2012
Attempts: 25 - Request URL: www.lavatransforms.org/category/art/page/5/southwestmuseum2013
Attempts: 26 - Request URL: www.lavatransforms.org/category/education/page/5/lavatransforms.org/scrapsteel
Attempts: 27 - Request URL: www.lavatransforms.org/category/education/page/8/myspace.com/jamesadomian
Attempts: 28 - Request URL: www.lavatransforms.org/fitzgeraldwalk4
Attempts: 29 - Request URL: www.lavatransforms.org/category/lava-vocabulary/history/musso31210
Attempts: 30 - Request URL: www.lavatransforms.org/gbleq/glotir.php?hl=internet-gratis-selamanya-opok-AXIS
Attempts: 31 - Request URL: www.lavatransforms.org/category/lava-vocabulary/occult/user/register
Attempts: 32 - Request URL: www.lavatransforms.org/category/free/page/12/salon213
Attempts: 33 - Request URL: www.lavatransforms.org/category/books/user/login
Attempts: 34 - Request URL: www.lavatransforms.org/video-category/lava-sunday-salon/page/5/http:derangedlacrimes.com
