Attempts: 1 - Request URL: www.lavatransforms.org/nwooxiup-vmdbwp-wilrdiw-rmye-uxeasx-c320171945-anpeu-q28926-gzdtkhu-lmugdpyv-iphxu-bbev/
Attempts: 2 - Request URL: www.lavatransforms.org/jmuqthjv-funz-q53867-ewdq-dbge/pmvmcou-bsfg-deub-fzogq-c320171948-hwwn/
Attempts: 3 - Request URL: www.lavatransforms.org/user/register
Attempts: 4 - Request URL: www.lavatransforms.org/c320171940-cntgjwc-q43921-tmoraish-vcmcfdpi-dbdpuozv.do
Attempts: 5 - Request URL: www.lavatransforms.org/c320171944-kyya-q31825-pawea-dmiunrc-uawwby.do
Attempts: 6 - Request URL: www.lavatransforms.org/q19250-gpjto-ptdkyl-loiv-owjrua-c320171944-qhqy/
Attempts: 7 - Request URL: www.lavatransforms.org/yzire-fgcscp-cjcq/tbfqmt-q9780-dksq-zegrqjzl-vilum-c320171943-recumc.do
Attempts: 8 - Request URL: www.lavatransforms.org/qdziwjr-q8801-mrlfqckk-c320171947-dqvfyywo-bzrbaeru-vtbgmv.do
Attempts: 9 - Request URL: www.lavatransforms.org/uxxpnln-ixqk-oyegz-hyyocvdz-svljtak-yojnerw-fixvgo-nacg-q21978-jgyrlgr-c320171939-ikyu/
Attempts: 10 - Request URL: www.lavatransforms.org/c320171940-cntgjw-ctmorais/hvcmcf-q39943-dpidbdp/
Attempts: 11 - Request URL: www.lavatransforms.org/q20080-uxxpn-lnixqk/oyeg-c320171939-zhyyoc.do
Attempts: 12 - Request URL: www.lavatransforms.org/nwooxi-upvmdbw-q5292-pwilrd-iwrmy/euxeasxa-npeugzd-tkhu-lmugdpy-viphxubb-c320171939-evmsu.do
Attempts: 13 - Request URL: www.lavatransforms.org/event/sla-2-11-17/feed/
Attempts: 14 - Request URL: www.lavatransforms.org/web/20140519171846/http:/cinematreasures.org/theaters/5
Attempts: 15 - Request URL: www.lavatransforms.org/web/20140519171846/http:/en.wikipedia.org/wiki/Ray_Bradbury
Attempts: 16 - Request URL: www.lavatransforms.org/web/20140519171846/http:/en.wikipedia.org/wiki/Los_Angeles_Science_Fantasy_Society
Attempts: 17 - Request URL: www.lavatransforms.org/web/20140519171846/http:/en.wikipedia.org/wiki/Murray_Leinster
Attempts: 18 - Request URL: www.lavatransforms.org/web/20140519171846/http:/en.wikipedia.org/wiki/Marion_Zimmer_Bradley
Attempts: 19 - Request URL: www.lavatransforms.org/web/20140519171846/http:/en.wikipedia.org/wiki/Kurt_Vonnegut
Attempts: 20 - Request URL: www.lavatransforms.org/web/20140519171846/https:/sites.google.com/site/historylosangeles/schaber-s-cafeteria
Attempts: 21 - Request URL: www.lavatransforms.org/eaeedr-eqzvzhrt-awepmc-q49373-qjqarwc-c320171939-wbvph.do
Attempts: 22 - Request URL: www.lavatransforms.org/supshgfl-q32797-ggbj-c320171946-gjsn-ysoq.do
Attempts: 23 - Request URL: www.lavatransforms.org/vekhuvmk-wtsg-c320171942-fuil-iobv/holpnhr-sphh-cfql-q28827-isdbn-ystg-yjlbedn/
Attempts: 24 - Request URL: www.lavatransforms.org/web/20140312061813/http:/lavatransforms.org/cliftonsalons
Attempts: 25 - Request URL: www.lavatransforms.org/web/20140312061813/http:/www.jwhagins.com/nervecowboy.html%20target=
Attempts: 26 - Request URL: www.lavatransforms.org/web/20140312061813/http:/silverbirchpress.wordpress.com/
Attempts: 27 - Request URL: www.lavatransforms.org/web/20140312061813/http:/astore.amazon.com/bubble1-20/detail/1402739400
Attempts: 28 - Request URL: www.lavatransforms.org/web/20140312061813/http:/astore.amazon.com/bubble1-20/detail/1402754604
Attempts: 29 - Request URL: www.lavatransforms.org/web/20140312061813/https:/sites.google.com/site/historylosangeles/schaber-s-cafeteria
Attempts: 30 - Request URL: www.lavatransforms.org/web/20140312061813/http:/astore.amazon.com/bubble1-20/detail/1402766831
Attempts: 31 - Request URL: www.lavatransforms.org/web/20140312061813/http:/astore.amazon.com/bubble1-20/detail/0615702287%20target=
Attempts: 32 - Request URL: www.lavatransforms.org/web/20140312061813/http:/lavatransforms.org/flaneur-broadway-on-my-mind-landing
Attempts: 33 - Request URL: www.lavatransforms.org/video/salon214/lavatransforms.org/flaneur-broadway-on-my-mind-6
Attempts: 34 - Request URL: www.lavatransforms.org/web/20140312061813/http:/www.countsmokula.com/home.htm
Attempts: 35 - Request URL: www.lavatransforms.org/cntgjwct-q44857-mora-c320171942-ishv-cmcf.do
Attempts: 36 - Request URL: www.lavatransforms.org/web/20151004234105/http:/lavatransforms.org/cliftonsalons
Attempts: 37 - Request URL: www.lavatransforms.org/web/20151004234105/http:/astore.amazon.com/bubble1-20/detail/0500251959
Attempts: 38 - Request URL: www.lavatransforms.org/web/20151004234105/http:/astore.amazon.com/bubble1-20/detail/0500251789
Attempts: 39 - Request URL: www.lavatransforms.org/web/20151004234105/http:/www.lamag.com/crimeinla/2013/07/26/did-las-top-crime-reporter-of-the-1930s-and-40s-crack-the-black-dahlia-case
Attempts: 40 - Request URL: www.lavatransforms.org/web/20151004234105/https:/www.facebook.com/LesNocesDuFigaro
Attempts: 41 - Request URL: www.lavatransforms.org/q9816-nwooxiup-vmdbwp-wilrdiw/rmye-c320171940-uxeasx-anpeu-gzdtkhu-lmugdpyv.do
Attempts: 42 - Request URL: www.lavatransforms.org/ijmkcz-lapxvvq-c320171946-vluswu/gxabi-q8052-lifndgee-btuzcut-bvph-ivkpjwx.do
Attempts: 43 - Request URL: www.lavatransforms.org/ovlxvuhb-nzqepd-yhtghkr-c320171943-hchk-nargba-qyyvo-hlacpnz-paeyfroc-wucvl-ioxx-q2986-rizjoyi-nxbp/
Attempts: 44 - Request URL: www.lavatransforms.org/c320171940-vekhuv-q49393-mkwtsgfu-iliobv-holpnhr.do
Attempts: 45 - Request URL: www.lavatransforms.org/uxxpnl-nixqkoy-q5442-egzhyy-c320171939-ocvdz-svljtaky-ojnerwf-ixvg-onacgjg/
Attempts: 46 - Request URL: www.lavatransforms.org/qdzi-wjrmr-lfqckkd/c320171939-qvfyyw-obzrbaer-uvtb-gmvtevsg-q35295-ojsla/
Attempts: 47 - Request URL: www.lavatransforms.org/wowbk-xxnhngm-c320171942-dznsvnax-usjcdqj/xfmz-kqxmnbks-pbfcrkx-q33199-scgprmrs-grcspz-jbqbce-bwjvnb-slgdspkc/
Attempts: 48 - Request URL: www.lavatransforms.org/hank20years
Attempts: 49 - Request URL: www.lavatransforms.org/ovlx-c320171946-vuhbn-zqepd-yhtgh-q12554-krhch/
Attempts: 50 - Request URL: www.lavatransforms.org/roeblingtile
Attempts: 51 - Request URL: www.lavatransforms.org/category/books/page/2/user/register
Attempts: 52 - Request URL: www.lavatransforms.org/node/545/signups
Attempts: 53 - Request URL: www.lavatransforms.org/nwooxi-upvmdbw-q5942-pwilrd-iwrmy-euxeasxa-npeugzd-tkhu-lmugdpy-c320171939-viphxubb/
Attempts: 54 - Request URL: www.lavatransforms.org/zfnm-lmkfy-c320171942-radlqex-alihkl/rwwshzwe-q50495-ciah-kkjjklra-kfoff-qnjbsgmt-antfh-stifgh/
Attempts: 55 - Request URL: www.lavatransforms.org/elencanto2014
