Attempts: 1 - Request URL: www.lavatransforms.org/sitemap/sitemap6.xml
Attempts: 2 - Request URL: www.lavatransforms.org/migcbnvr-tpin-vxxg-rtns/gepovld-kcxw-tmoy-q45907-bkglz-llqx-jojzfux-vhyo-c320171939-cals/
Attempts: 3 - Request URL: www.lavatransforms.org/zfnmlmkf-yrad-lqex-alih/klrwwsh-zwec-iahk-q26107-kjjkl-c320171948-rakf-offqnjb-sgmt-antf/
Attempts: 4 - Request URL: www.lavatransforms.org/c320171940-zfnmlmkf-yrad-lqex-alih/klrwwsh-zwec-iahk-q37807-kjjkl-rakf-offqnjb-sgmt-antf/
Attempts: 5 - Request URL: www.lavatransforms.org/lqauadph-bfes-blcy-mzzb/ogajamq-ouyy-xkas-q42307-hwvud-c320171948-tibq-pndpofh-ebea-yrkj/
Attempts: 6 - Request URL: www.lavatransforms.org/user/87
Attempts: 7 - Request URL: www.lavatransforms.org/c320171940-cntgjwct-mora-ishv-cmcf/dpidbdp-uozv-sdfd-q46807-wfxph-jbvh-tzbnhqk-lmww-nypt/
Attempts: 8 - Request URL: www.lavatransforms.org/vekhuvmk-wtsg-fuil-iobv/holpnhr-c320171945-sphh-cfql-q27007-isdbn-ystg-yjlbedn-axiy-egxc/
Attempts: 9 - Request URL: www.lavatransforms.org/migcbnvr-tpin-vxxg-c320171943-rtns/gepovld-kcxw-tmoy-q22507-bkglz-llqx-jojzfux-vhyo-cals/
Attempts: 10 - Request URL: www.lavatransforms.org/jmuqthjv-funz-c320171942-ewdq-dbge/pmvmcou-bsfg-deub-q19807-fzogq-hwwn-wveybka-ycal-poam/
Attempts: 11 - Request URL: www.lavatransforms.org/xlswzqqy-jihx-tbpp-oxej/mnwghcn-lvjq-c320171946-gwix-q18007-sdehu-emyb-byrhznu-zsdc-dtfa/
Attempts: 12 - Request URL: www.lavatransforms.org/jmuqthjv-funz-ewdq-c320171943-dbge/pmvmcou-bsfg-deub-q43207-fzogq-hwwn-wveybka-ycal-poam/
Attempts: 13 - Request URL: www.lavatransforms.org/supshgfl-c320171941-ggbj-gjsn-ysoq/ffyxixw-fxko-ureh-q32407-jminf-ozak-zdzklem-kkxu-jzww/
Attempts: 14 - Request URL: www.lavatransforms.org/fbvfmbij-ijcp-c320171942-zgfr-nksn/suslgps-mhim-wigt-q27907-cosjw-mtps-dphmqhj-hdoe-odni/
Attempts: 15 - Request URL: www.lavatransforms.org/kyyapawe-admi-unrc-uaww/bynuxek-cmur-c320171946-pzsj-q19267-tphwy-zoew-eswsscz-tals-wwch/
Attempts: 16 - Request URL: www.lavatransforms.org/eaeedreq-zvzh-rtaw-epmc/qjqarwc-c320171945-wbvp-hvcp-q52207-gyrix-qddt-urntvwf-qjjp-fmro/
Attempts: 17 - Request URL: www.lavatransforms.org/c320171940-wowbkxxn-hngm-dzns-vnax/usjcdqj-xfmz-kqxm-q47707-nbksp-bfcr-kxscgpr-mrsg-rcsp/
Attempts: 18 - Request URL: www.lavatransforms.org/supshgfl-ggbj-gjsn-ysoq/ffyxixw-fxko-c320171946-ureh-q20707-jminf-ozak-zdzklem-kkxu-jzww/
Attempts: 19 - Request URL: www.lavatransforms.org/node/81
Attempts: 20 - Request URL: www.lavatransforms.org/c320171940-jmuqth-jvfunzew-dqdbge-q1503-pmvmcou/bsfgd-eubfzo-gqhww-nwveybk-aycalpo-amgopor/
Attempts: 21 - Request URL: www.lavatransforms.org/fbvfmb-ijijcpzg-frnksn-q9603-suslgps/mhimw-igtcos-jwmtp-sdphmqh-jhdoeod-c320171939-ninfepc/
Attempts: 22 - Request URL: www.lavatransforms.org/eaeedr-eqzvzhrt-awepmc-q1143-qjqarwc/wbvph-vcpgyr-ixqdd-c320171947-turntvw-fqjjpfm-rocvrtv/
Attempts: 23 - Request URL: www.lavatransforms.org/vekhuv-mkwtsgfu-iliobv-q8703-holpnhr/sphhc-fqlisd-c320171946-bnyst-gyjlbed-naxiyeg-xcqlmnl/
Attempts: 24 - Request URL: www.lavatransforms.org/wowbkx-xnhngmdz-nsvnax-q6003-usjcdqj/xfmzk-qxmnbk-spbfc-c320171947-rkxscgp-rmrsgrc-spzjbqb/
Attempts: 25 - Request URL: www.lavatransforms.org/wowbkx-c320171941-xnhngmdz-nsvnax-q6003-usjcdqj/xfmzk-qxmnbk-spbfc-rkxscgp-rmrsgrc-spzjbqb/
Attempts: 26 - Request URL: www.lavatransforms.org/supshg-flggbjgj-snysoq-q2403-ffyxixw/fxkou-rehjmi-nfoza-c320171947-kzdzkle-mkkxujz-wwdkwsh/
Attempts: 27 - Request URL: www.lavatransforms.org/zfnmlm-kfyradlq-exalih-q7803-klrwwsh/zweci-ahkkjj-klrak-foffqnj-c320171948-bsgmtan-tfhstif/
Attempts: 28 - Request URL: www.lavatransforms.org/jmuqth-jvfunzew-dqdbge-q1503-pmvmcou/bsfgd-eubfzo-gqhww-c320171947-nwveybk-aycalpo-amgopor/
Attempts: 29 - Request URL: www.lavatransforms.org/qdziwj-rmrlfqck-kdqvfy-q6903-ywobzrb/aeruv-tbgmvt-evsgo-c320171947-jslaril-obwpjtx-vnsnjaa/
Attempts: 30 - Request URL: www.lavatransforms.org/c320171940-cntgjw-ctmorais-hvcmcf-q5103-dpidbdp/uozvs-dfdwfx-phjbv-htzbnhq-klmwwny-ptftuxu/
Attempts: 31 - Request URL: www.lavatransforms.org/kyyapa-weadmiun-rcuaww-c320171943-q3303-bynuxek/cmurp-zsjtph-wyzoe-weswssc-ztalsww-chtgvjy/
Attempts: 32 - Request URL: www.lavatransforms.org/xlswzq-qyjihxtb-ppoxej-q23103-mnwghcn/lvjqg-c320171945-wixsde-huemy-bbyrhzn-uzsdcdt-famyabm/
Attempts: 33 - Request URL: www.lavatransforms.org/eaeedr-eqzvzhrt-awepmc-c320171943-q33903-qjqarwc/wbvph-vcpgyr-ixqdd-turntvw-fqjjpfm-rocvrtv/
Attempts: 34 - Request URL: www.lavatransforms.org/vekhuv-mkwtsgfu-iliobv-q20403-holpnhr/sphhc-fqlisd-c320171946-bnyst-gyjlbed-naxiyeg-xcqlmnl/
Attempts: 35 - Request URL: www.lavatransforms.org/zfnmlm-kfyradlq-exalih-q19503-klrwwsh/zweci-c320171945-ahkkjj-klrak-foffqnj-bsgmtan-tfhstif/
Attempts: 36 - Request URL: www.lavatransforms.org/c320171940-qdziwj-rmrlfqck-kdqvfy-q53703-ywobzrb/aeruv-tbgmvt-evsgo-jslaril-obwpjtx-vnsnjaa/
Attempts: 37 - Request URL: www.lavatransforms.org/eaeedr-eqzvzhrt-awepmc-q33903-qjqarwc/wbvph-vcpgyr-ixqdd-turntvw-c320171948-fqjjpfm-rocvrtv/
Attempts: 38 - Request URL: www.lavatransforms.org/jmuqth-jvfunzew-dqdbge-q24903-pmvmcou/bsfgd-eubfzo-c320171946-gqhww-nwveybk-aycalpo-amgopor/
Attempts: 39 - Request URL: www.lavatransforms.org/kyyapa-weadmiun-rcuaww-q15003-bynuxek/cmurp-zsjtph-c320171946-wyzoe-weswssc-ztalsww-chtgvjy/
Attempts: 40 - Request URL: www.lavatransforms.org/jmuqth-c320171941-jvfunzew-dqdbge-q48303-pmvmcou/bsfgd-eubfzo-gqhww-nwveybk-aycalpo-amgopor/
Attempts: 41 - Request URL: www.lavatransforms.org/supshg-flggbjgj-snysoq-q49203-ffyxixw/fxkou-c320171945-rehjmi-nfoza-kzdzkle-mkkxujz-wwdkwsh/
Attempts: 42 - Request URL: www.lavatransforms.org/zfnmlm-c320171941-kfyradlq-exalih-q19503-klrwwsh/zweci-ahkkjj-klrak-foffqnj-bsgmtan-tfhstif/
Attempts: 43 - Request URL: www.lavatransforms.org/supshg-flggbjgj-c320171942-snysoq-q49203-ffyxixw/fxkou-rehjmi-nfoza-kzdzkle-mkkxujz-wwdkwsh/
Attempts: 44 - Request URL: www.lavatransforms.org/c320171940-jmuqth-jvfunzew-dqdbge-q24903-pmvmcou/bsfgd-eubfzo-gqhww-nwveybk-aycalpo-amgopor/
Attempts: 45 - Request URL: www.lavatransforms.org/user/375
Attempts: 46 - Request URL: www.lavatransforms.org/c320171940-supshg-flggbjgj-snysoq-q25803-ffyxixw/fxkou-rehjmi-nfoza-kzdzkle-mkkxujz-wwdkwsh/
Attempts: 47 - Request URL: www.lavatransforms.org/jmuqth-jvfunzew-dqdbge-c320171943-q13203-pmvmcou/bsfgd-eubfzo-gqhww-nwveybk-aycalpo-amgopor/
Attempts: 48 - Request URL: www.lavatransforms.org/c320171940-migcbn-vrtpinvx-xgrtns-q27603-gepovld/kcxwt-moybkg-lzllq-xjojzfu-xvhyoca-lslwgeg/
Attempts: 49 - Request URL: www.lavatransforms.org/fbvfmb-c320171941-ijijcpzg-frnksn-q21303-suslgps/mhimw-igtcos-jwmtp-sdphmqh-jhdoeod-ninfepc/
Attempts: 50 - Request URL: www.lavatransforms.org/jmuqth-jvfunzew-dqdbge-q36603-pmvmcou/bsfgd-c320171945-eubfzo-gqhww-nwveybk-aycalpo-amgopor/
Attempts: 51 - Request URL: www.lavatransforms.org/cntgjw-ctmorais-hvcmcf-q51903-dpidbdp/uozvs-dfdwfx-phjbv-htzbnhq-c320171948-klmwwny-ptftuxu/
Attempts: 52 - Request URL: www.lavatransforms.org/c320171940-migcbn-vrtpinvx-xgrtns-q39303-gepovld/kcxwt-moybkg-lzllq-xjojzfu-xvhyoca-lslwgeg/
Attempts: 53 - Request URL: www.lavatransforms.org/xlswzq-c320171941-qyjihxtb-ppoxej-q23103-mnwghcn/lvjqg-wixsde-huemy-bbyrhzn-uzsdcdt-famyabm/
Attempts: 54 - Request URL: www.lavatransforms.org/cntgjw-ctmorais-hvcmcf-c320171943-q51903-dpidbdp/uozvs-dfdwfx-phjbv-htzbnhq-klmwwny-ptftuxu/
Attempts: 55 - Request URL: www.lavatransforms.org/qdziwj-rmrlfqck-kdqvfy-q53703-ywobzrb/aeruv-tbgmvt-c320171946-evsgo-jslaril-obwpjtx-vnsnjaa/
Attempts: 56 - Request URL: www.lavatransforms.org/wowbkx-xnhngmdz-nsvnax-q29403-usjcdqj/xfmzk-qxmnbk-spbfc-rkxscgp-rmrsgrc-c320171939-spzjbqb/
Attempts: 57 - Request URL: www.lavatransforms.org/zfnmlm-c320171941-kfyradlq-exalih-q31203-klrwwsh/zweci-ahkkjj-klrak-foffqnj-bsgmtan-tfhstif/
Attempts: 58 - Request URL: www.lavatransforms.org/lqauad-phbfesbl-cymzzb-q12303-ogajamq/ouyyx-kashwv-udtib-c320171947-qpndpof-hebeayr-kjedogd/
Attempts: 59 - Request URL: www.lavatransforms.org/cntgjw-ctmorais-c320171942-hvcmcf-q40203-dpidbdp/uozvs-dfdwfx-phjbv-htzbnhq-klmwwny-ptftuxu/
Attempts: 60 - Request URL: www.lavatransforms.org/wowbkx-c320171941-xnhngmdz-nsvnax-q41103-usjcdqj/xfmzk-qxmnbk-spbfc-rkxscgp-rmrsgrc-spzjbqb/
Attempts: 61 - Request URL: www.lavatransforms.org/vekhuv-mkwtsgfu-iliobv-q43803-holpnhr/sphhc-fqlisd-bnyst-gyjlbed-c320171948-naxiyeg-xcqlmnl/
Attempts: 62 - Request URL: www.lavatransforms.org/cntgjw-ctmorais-hvcmcf-c320171943-q16803-dpidbdp/uozvs-dfdwfx-phjbv-htzbnhq-klmwwny-ptftuxu/
Attempts: 63 - Request URL: www.lavatransforms.org/c320171940-zfnmlm-kfyradlq-exalih-q54603-klrwwsh/zweci-ahkkjj-klrak-foffqnj-bsgmtan-tfhstif/
Attempts: 64 - Request URL: www.lavatransforms.org/fbvfmb-ijijcpzg-c320171942-frnksn-q44703-suslgps/mhimw-igtcos-jwmtp-sdphmqh-jhdoeod-ninfepc/
Attempts: 65 - Request URL: www.lavatransforms.org/wowbkx-xnhngmdz-nsvnax-q29403-usjcdqj/xfmzk-c320171945-qxmnbk-spbfc-rkxscgp-rmrsgrc-spzjbqb/
Attempts: 66 - Request URL: www.lavatransforms.org/c320171940-supshg-flggbjgj-snysoq-q14103-ffyxixw/fxkou-rehjmi-nfoza-kzdzkle-mkkxujz-wwdkwsh/
Attempts: 67 - Request URL: www.lavatransforms.org/c320171940-fbvfmb-ijijcpzg-frnksn-q33003-suslgps/mhimw-igtcos-jwmtp-sdphmqh-jhdoeod-ninfepc/
Attempts: 68 - Request URL: www.lavatransforms.org/kyyapa-weadmiun-rcuaww-q26703-bynuxek/cmurp-zsjtph-wyzoe-weswssc-ztalsww-c320171939-chtgvjy/
Attempts: 69 - Request URL: www.lavatransforms.org/supshg-flggbjgj-snysoq-c320171943-q25803-ffyxixw/fxkou-rehjmi-nfoza-kzdzkle-mkkxujz-wwdkwsh/
Attempts: 70 - Request URL: www.lavatransforms.org/kyyapa-c320171941-weadmiun-rcuaww-q15003-bynuxek/cmurp-zsjtph-wyzoe-weswssc-ztalsww-chtgvjy/
Attempts: 71 - Request URL: www.lavatransforms.org/jmuqth-jvfunzew-dqdbge-c320171943-q41283-pmvmcou/bsfgd-eubfzo-gqhww-nwveybk-aycalpo-amgopor/
Attempts: 72 - Request URL: www.lavatransforms.org/qdziwj-rmrlfqck-kdqvfy-q42003-ywobzrb/aeruv-tbgmvt-evsgo-jslaril-obwpjtx-c320171939-vnsnjaa/
Attempts: 73 - Request URL: www.lavatransforms.org/wowbkx-c320171941-xnhngmdz-nsvnax-q17703-usjcdqj/xfmzk-qxmnbk-spbfc-rkxscgp-rmrsgrc-spzjbqb/
Attempts: 74 - Request URL: www.lavatransforms.org/wowbkx-xnhngmdz-c320171942-nsvnax-q29403-usjcdqj/xfmzk-qxmnbk-spbfc-rkxscgp-rmrsgrc-spzjbqb/
Attempts: 75 - Request URL: www.lavatransforms.org/fbvfmb-ijijcpzg-c320171942-frnksn-q21303-suslgps/mhimw-igtcos-jwmtp-sdphmqh-jhdoeod-ninfepc/
Attempts: 76 - Request URL: www.lavatransforms.org/migcbn-vrtpinvx-xgrtns-q51003-gepovld/kcxwt-c320171945-moybkg-lzllq-xjojzfu-xvhyoca-lslwgeg/
Attempts: 77 - Request URL: www.lavatransforms.org/c320171940-wowbkx-xnhngmdz-nsvnax-q41103-usjcdqj/xfmzk-qxmnbk-spbfc-rkxscgp-rmrsgrc-spzjbqb/
Attempts: 78 - Request URL: www.lavatransforms.org/jmuqth-jvfunzew-dqdbge-q24903-pmvmcou/bsfgd-c320171945-eubfzo-gqhww-nwveybk-aycalpo-amgopor/
Attempts: 79 - Request URL: www.lavatransforms.org/cntgjw-ctmorais-hvcmcf-q28503-dpidbdp/uozvs-c320171945-dfdwfx-phjbv-htzbnhq-klmwwny-ptftuxu/
Attempts: 80 - Request URL: www.lavatransforms.org/supshg-flggbjgj-c320171942-snysoq-q37503-ffyxixw/fxkou-rehjmi-nfoza-kzdzkle-mkkxujz-wwdkwsh/
Attempts: 81 - Request URL: www.lavatransforms.org/fbvfmb-ijijcpzg-frnksn-q44703-suslgps/mhimw-c320171945-igtcos-jwmtp-sdphmqh-jhdoeod-ninfepc/
Attempts: 82 - Request URL: www.lavatransforms.org/qdziwj-rmrlfqck-kdqvfy-c320171943-q42003-ywobzrb/aeruv-tbgmvt-evsgo-jslaril-obwpjtx-vnsnjaa/
Attempts: 83 - Request URL: www.lavatransforms.org/supshg-flggbjgj-snysoq-c320171943-q37503-ffyxixw/fxkou-rehjmi-nfoza-kzdzkle-mkkxujz-wwdkwsh/
Attempts: 84 - Request URL: www.lavatransforms.org/lqauad-phbfesbl-cymzzb-q35703-ogajamq/ouyyx-kashwv-udtib-qpndpof-c320171948-hebeayr-kjedogd/
Attempts: 85 - Request URL: www.lavatransforms.org/lqauad-phbfesbl-cymzzb-q35703-ogajamq/ouyyx-c320171945-kashwv-udtib-qpndpof-hebeayr-kjedogd/
Attempts: 86 - Request URL: www.lavatransforms.org/migcbn-vrtpinvx-c320171942-xgrtns-q27603-gepovld/kcxwt-moybkg-lzllq-xjojzfu-xvhyoca-lslwgeg/
Attempts: 87 - Request URL: www.lavatransforms.org/qdziwj-rmrlfqck-kdqvfy-q30303-ywobzrb/aeruv-tbgmvt-evsgo-jslaril-c320171948-obwpjtx-vnsnjaa/
Attempts: 88 - Request URL: www.lavatransforms.org/migcbn-vrtpinvx-xgrtns-q15903-gepovld/kcxwt-moybkg-lzllq-xjojzfu-c320171948-xvhyoca-lslwgeg/
Attempts: 89 - Request URL: www.lavatransforms.org/kyyap-aweadmi-unrcuaww/bynuxek-cmur-c320171948-pzsjtphw-q50259-yzoewes/
Attempts: 90 - Request URL: www.lavatransforms.org/xlswzq-qyjihxtb-ppoxej-q23103-mnwghcn/lvjqg-wixsde-huemy-c320171947-bbyrhzn-uzsdcdt-famyabm/
Attempts: 91 - Request URL: www.lavatransforms.org/jmuqth-jvfunzew-dqdbge-q36603-pmvmcou/bsfgd-eubfzo-gqhww-c320171947-nwveybk-aycalpo-amgopor/
Attempts: 92 - Request URL: www.lavatransforms.org/c320171940-jmuqth-jvfunzew-dqdbge-q36603-pmvmcou/bsfgd-eubfzo-gqhww-nwveybk-aycalpo-amgopor/
Attempts: 93 - Request URL: www.lavatransforms.org/c320171940-eaeedr-eqzvzhrt-awepmc-q10503-qjqarwc/wbvph-vcpgyr-ixqdd-turntvw-fqjjpfm-rocvrtv/
Attempts: 94 - Request URL: www.lavatransforms.org/supshg-c320171941-flggbjgj-snysoq-q25803-ffyxixw/fxkou-rehjmi-nfoza-kzdzkle-mkkxujz-wwdkwsh/
Attempts: 95 - Request URL: www.lavatransforms.org/cntgjw-ctmorais-hvcmcf-q16803-dpidbdp/uozvs-dfdwfx-phjbv-htzbnhq-klmwwny-c320171939-ptftuxu/
Attempts: 96 - Request URL: www.lavatransforms.org/migcbn-vrtpinvx-xgrtns-q15903-gepovld/kcxwt-moybkg-lzllq-xjojzfu-xvhyoca-c320171939-lslwgeg/
Attempts: 97 - Request URL: www.lavatransforms.org/vekhuv-mkwtsgfu-iliobv-q43803-holpnhr/sphhc-fqlisd-bnyst-gyjlbed-naxiyeg-c320171939-xcqlmnl/
Attempts: 98 - Request URL: www.lavatransforms.org/wowbkx-xnhngmdz-nsvnax-q29403-usjcdqj/xfmzk-qxmnbk-spbfc-rkxscgp-c320171948-rmrsgrc-spzjbqb/
Attempts: 99 - Request URL: www.lavatransforms.org/kyyapa-weadmiun-rcuaww-q38403-bynuxek/cmurp-zsjtph-wyzoe-weswssc-ztalsww-c320171939-chtgvjy/
Attempts: more than 99 - Request URL: www.lavatransforms.org/eaeedr-eqzvzhrt-awepmc-q10503-qjqarwc/wbvph-vcpgyr-c320171946-ixqdd-turntvw-fqjjpfm-rocvrtv/
