Attempts: 1 - Request URL: www.lavatransforms.org/category/lava-vocabulary/preservation/page/12/elalisal2013
Attempts: 2 - Request URL: www.lavatransforms.org/web/20151005163600/https:/www.facebook.com/LesNocesDuFigaro
Attempts: 3 - Request URL: www.lavatransforms.org/category/preservation/page/22/itotushy
Attempts: 4 - Request URL: www.lavatransforms.org/category/dance/feed/user/login
Attempts: 5 - Request URL: www.lavatransforms.org/category/lava-vocabulary/books/page/11/subscribe
Attempts: 6 - Request URL: www.lavatransforms.org/category/tours/page/32/newsletter/subscriptions
Attempts: 7 - Request URL: www.lavatransforms.org/user/2201
Attempts: 8 - Request URL: www.lavatransforms.org/category/lava-vocabulary/preservation/page/12/salon213
Attempts: 9 - Request URL: www.lavatransforms.org/category/lava-vocabulary/history/musso31210
Attempts: 10 - Request URL: www.lavatransforms.org/category/food/page/3/Mikethepoetla.tumblr.com
Attempts: 11 - Request URL: www.lavatransforms.org/event/hollywood-april-2-2016/feed/
Attempts: 12 - Request URL: www.lavatransforms.org/buk1114
Attempts: 13 - Request URL: www.lavatransforms.org/category/lava-exclusives/page/15/newsletter/subscriptions
Attempts: 14 - Request URL: www.lavatransforms.org/web/20140519171846/http:/www.lasfsinc.info/
Attempts: 15 - Request URL: www.lavatransforms.org/web/20151005000523/https:/www.facebook.com/LesNocesDuFigaro
Attempts: 16 - Request URL: www.lavatransforms.org/web/20151005041519/http:/lavatransforms.org/flaneur-broadway-on-my-mind-5
Attempts: 17 - Request URL: www.lavatransforms.org/web/20151005014436/https:/sites.google.com/site/historylosangeles/schaber-s-cafeteria
Attempts: 18 - Request URL: www.lavatransforms.org/web/20111111220337/http:/www.ult-la.org/
Attempts: 19 - Request URL: www.lavatransforms.org/category/lava-vocabulary/poetry/user/login
Attempts: 20 - Request URL: www.lavatransforms.org/event/hollywood-4/feed/
Attempts: 21 - Request URL: www.lavatransforms.org/salonvideofeb2013
Attempts: 22 - Request URL: www.lavatransforms.org/event/echo-park-book-of-the-dead-3/feed/
Attempts: 23 - Request URL: www.lavatransforms.org/category/lava-vocabulary/lava-exclusives/page/15/newsletter/subscriptions
Attempts: 24 - Request URL: www.lavatransforms.org/echopark415
Attempts: 25 - Request URL: www.lavatransforms.org/category/lava-vocabulary/free/page/12/salon213
Attempts: 26 - Request URL: www.lavatransforms.org/sites/default/files/imagecache/sidebar/crime_1.jpg
Attempts: 27 - Request URL: www.lavatransforms.org/web/20151005163600/http:/lareviewofbooks.org/contributor/fanny-daubigny
Attempts: 28 - Request URL: www.lavatransforms.org/web/20140312061813/http:/astore.amazon.com/bubble1-20/detail/1852248467
Attempts: 29 - Request URL: www.lavatransforms.org/category/lava-vocabulary/occult/user/login
Attempts: 30 - Request URL: www.lavatransforms.org/category/lava-vocabulary/food/page/4/ArchersBooks.com
Attempts: 31 - Request URL: www.lavatransforms.org/category/lava-vocabulary/education/page/8/myspace.com/jamesadomian
Attempts: 32 - Request URL: www.lavatransforms.org/event/scrapsteel6/feed/
Attempts: 33 - Request URL: www.lavatransforms.org/event/weird-west-adams-crime-bus-tour-5/feed/
Attempts: 34 - Request URL: www.lavatransforms.org/web/20151005101802/http:/www.paulrogersstudio.com/
Attempts: 35 - Request URL: www.lavatransforms.org/category/lava-vocabulary/art/page/5/elalisal2013
Attempts: 36 - Request URL: www.lavatransforms.org/category/history/page/23/ArchersBooks.com
Attempts: 37 - Request URL: www.lavatransforms.org/category/lava-vocabulary/food/page/4/subscribe
Attempts: 38 - Request URL: www.lavatransforms.org/lavasalonhammett/
Attempts: 39 - Request URL: www.lavatransforms.org/category/history/page/21/salon213
Attempts: 40 - Request URL: www.lavatransforms.org/category/forensic-science-seminar/page/3/newsletter/subscriptions
Attempts: 41 - Request URL: www.lavatransforms.org/category/lava-vocabulary/books/page/11/subscribe
Attempts: 42 - Request URL: www.lavatransforms.org/user/2201
Attempts: 43 - Request URL: www.lavatransforms.org/pasadena315
Attempts: 44 - Request URL: www.lavatransforms.org/salon-sennett-july2013
Attempts: 45 - Request URL: www.lavatransforms.org/category/food/page/2/lavatransforms.org/flaneur-broadway-on-my-mind-6
Attempts: 46 - Request URL: www.lavatransforms.org/web/20151005041519/http:/astore.amazon.com/bubble1-20/detail/B000YRY7VC
Attempts: 47 - Request URL: www.lavatransforms.org/web/20151005041218/http:/www.openstreetmap.org/
Attempts: 48 - Request URL: www.lavatransforms.org/web/20140425213428/http:/lavatransforms.org/cliftonsalons
Attempts: 49 - Request URL: www.lavatransforms.org/web/20151005041218/http:/astore.amazon.com/bubble1-20/detail/0786477113
Attempts: 50 - Request URL: www.lavatransforms.org/category/history/page/21/elalisal2013
Attempts: 51 - Request URL: www.lavatransforms.org/category/free/page/19/lavatransforms.org/scrapsteel
Attempts: 52 - Request URL: www.lavatransforms.org/event/harveys-broiler-2017/feed/
Attempts: 53 - Request URL: www.lavatransforms.org/category/lava-vocabulary/education/page/5/lavatransforms.org/scrapsteel
Attempts: 54 - Request URL: www.lavatransforms.org/event/chandler-11-7-15/feed/
Attempts: 55 - Request URL: www.lavatransforms.org/event/pasadena-confidential-tour/feed/
Attempts: 56 - Request URL: www.lavatransforms.org/category/lava-exclusives/page/5/nydistilling.com
Attempts: 57 - Request URL: www.lavatransforms.org/category/preservation/page/12/southwestmuseum2013
Attempts: 58 - Request URL: www.lavatransforms.org/category/theater/page/4/signups
Attempts: 59 - Request URL: www.lavatransforms.org/category/lava-vocabulary/talks/page/18/newsletter/subscriptions
Attempts: 60 - Request URL: www.lavatransforms.org/eastside15
Attempts: 61 - Request URL: www.lavatransforms.org/category/lava-vocabulary/technology/user/register
Attempts: 62 - Request URL: www.lavatransforms.org/category/free/page/12/salon213
Attempts: 63 - Request URL: www.lavatransforms.org/category/lava-vocabulary/tours/page/15/salon213
Attempts: 64 - Request URL: www.lavatransforms.org/category/lava-vocabulary/talks/page/6/nydistilling.com
Attempts: 65 - Request URL: www.lavatransforms.org/category/lava-vocabulary/free/page/12/salon213
Attempts: 66 - Request URL: www.lavatransforms.org/category/talks/user/register
Attempts: 67 - Request URL: www.lavatransforms.org/web/20140312061813/http:/astore.amazon.com/bubble1-20/detail/1852248467
Attempts: 68 - Request URL: www.lavatransforms.org/video-category/lava-sunday-salon/page/2/lavatransforms.org/flaneur-broadway-on-my-mind-6
Attempts: 69 - Request URL: www.lavatransforms.org/category/lava-vocabulary/poetry/user/register
Attempts: 70 - Request URL: www.lavatransforms.org/event/hotel-horrors-main-street-vice-tour-4/feed/
Attempts: 71 - Request URL: www.lavatransforms.org/category/lava-vocabulary/history/page/2/user/login
Attempts: 72 - Request URL: www.lavatransforms.org/category/lava-vocabulary/education/page/8/myspace.com/jamesadomian
Attempts: 73 - Request URL: www.lavatransforms.org/category/lava-vocabulary/history/page/41/signups
Attempts: 74 - Request URL: www.lavatransforms.org/salon-rice-november2013
Attempts: 75 - Request URL: www.lavatransforms.org/user/2996
Attempts: 76 - Request URL: www.lavatransforms.org/category/lava-vocabulary/spirituality/page/3/lavatransforms.org/flaneur-broadway-on-my-mind-6
Attempts: 77 - Request URL: www.lavatransforms.org/event/the-real-black-dahlia-crime-bus-tour-5/feed/
Attempts: 78 - Request URL: www.lavatransforms.org/web/20140425213428/http:/www.insroland.org/user/653
Attempts: 79 - Request URL: www.lavatransforms.org/category/lava-vocabulary/free/page/12/cellartourkingeddydec2012
Attempts: 80 - Request URL: www.lavatransforms.org/node/1471
Attempts: 81 - Request URL: www.lavatransforms.org/event/the-lowdown-on-downtown-tour-3/feed/
Attempts: 82 - Request URL: www.lavatransforms.org/user/login
Attempts: 83 - Request URL: www.lavatransforms.org/web/20151005041218/http:/www.figarobistrot.com/
