Attempts: 1 - Request URL: www.lavatransforms.org/qdziwj-q27313-rmrlfqck-kdqvfy-ywobzrb-c320171944-aeruv-tbgmvt-evsgo-jslaril-obwpjtx-vnsnjaa-esat-ogdpatup.do
Attempts: 2 - Request URL: www.lavatransforms.org/jmuqt-hjvfunz-ewdqdbge-c320171943-pmvmcou-bsfg-deubfzog-qhwwnwv-eybkayca-lpoamg-q29349-oporfm.do
Attempts: 3 - Request URL: www.lavatransforms.org/flaneur-broadway-on-my-mind-10
Attempts: 4 - Request URL: www.lavatransforms.org/web/20151005014436/https:/www.facebook.com/LesNocesDuFigaro
Attempts: 5 - Request URL: www.lavatransforms.org/web/20151005014436/http:/artdock.net/
Attempts: 6 - Request URL: www.lavatransforms.org/web/20151005014436/http:/aetherius.org/
Attempts: 7 - Request URL: www.lavatransforms.org/web/20151005014436/http:/lavatransforms.org/flaneur-broadway-on-my-mind-2
Attempts: 8 - Request URL: www.lavatransforms.org/jmuq-thjvf-unzewdq-dbgepm/vmcoubsf-q45495-gdeu-c320171946-bfzogqhw-wnwve-ybkaycal-poamg/
Attempts: 9 - Request URL: www.lavatransforms.org/savannah2013
Attempts: 10 - Request URL: www.lavatransforms.org/web/20151005101751/http:/cinematreasures.org/theaters/5
Attempts: 11 - Request URL: www.lavatransforms.org/flaneur-broadway-on-my-mind-11
Attempts: 12 - Request URL: www.lavatransforms.org/jmuqthj-q16271-vfunzewd/qdbgepmv-mcoubsfg-c320171939-deubfz/
Attempts: 13 - Request URL: www.lavatransforms.org/fbvfmb-c320171941-q44053-ijijcpzg-frnksn-suslgps-mhimw-igtcos-jwmtp-sdphmqh-jhdoeod-ninfepc-hwgm-ywmscavw.do
Attempts: 14 - Request URL: www.lavatransforms.org/cntgjw-ctmorais-hvcmcf/q48003-dpidbdp-uozvs-dfdwfx-c320171942-phjbv-htzbnhq/
Attempts: 15 - Request URL: www.lavatransforms.org/kyyapaw-eadmiunr-cuawwbyn-uxekcmur/pzsjtp-hwyzoe-c320171946-weswss-cztals-q18851-wwch-tgvjyjnr-snreo/
Attempts: 16 - Request URL: www.lavatransforms.org/zfnmlmkf-c320171945-yrad/lqex-q37027-alih/
Attempts: 17 - Request URL: www.lavatransforms.org/jmuqt-hjvfunz-ewdqdbge-pmvmcou-bsfg-deubfzog-c320171946-qhwwnwv-eybkayca-lpoamg-q38709-oporfm.do
Attempts: 18 - Request URL: www.lavatransforms.org/qdzi-wjrmr-lfqckkd-qvfyyw-obzrbaer-q33345-uvtb-c320171946-gmvtevsg-ojsla-rilobwpj-txvns.do
Attempts: 19 - Request URL: www.lavatransforms.org/salon914
Attempts: 20 - Request URL: www.lavatransforms.org/uxxp-nlnix/c320171942-qkoye-gzhyy-q44104-ocvdz-svljt.do
Attempts: 21 - Request URL: www.lavatransforms.org/wowb-kxxnh-ngmdzns-vnaxus-c320171948-jcdqjxfm-q49605-zkqx-mnbkspbf-crkxs.do
Attempts: 22 - Request URL: www.lavatransforms.org/gpjt-c320171944-optdk-ylloi-vowjr-uaqhq-q17274-yytil-nbrxmavt/
Attempts: 23 - Request URL: www.lavatransforms.org/crimelabjan2015
Attempts: 24 - Request URL: www.lavatransforms.org/lavasalonsfigaro
Attempts: 25 - Request URL: www.lavatransforms.org/flaneur-broadway-on-my-mind-4
