Attempts: 1 - Request URL: www.lavatransforms.org/2017-1-8-harveysbroiler_150645/
Attempts: 2 - Request URL: www.lavatransforms.org/blog/4/itotushy
Attempts: 3 - Request URL: www.lavatransforms.org/category/lava-vocabulary/tours/page/32/newsletter/subscriptions
Attempts: 4 - Request URL: www.lavatransforms.org/event/bridging-losangeles/feed/
Attempts: 5 - Request URL: www.lavatransforms.org/crimelabjan2015
Attempts: 6 - Request URL: www.lavatransforms.org/category/preservation/page/13/cellartourkingeddydec2012
Attempts: 7 - Request URL: www.lavatransforms.org/2017-1-8-harveysbroiler_161702/
Attempts: 8 - Request URL: www.lavatransforms.org/gbleq/glotir.php?hl=mere-rakshe-ka-mar-adio-so
Attempts: 9 - Request URL: www.lavatransforms.org/category/lava-vocabulary/history/page/3/user/login
Attempts: 10 - Request URL: www.lavatransforms.org/event/crimelabaugust2017/feed/
Attempts: 11 - Request URL: www.lavatransforms.org/event/sla-2-11-17/feed/
Attempts: 12 - Request URL: www.lavatransforms.org/user/103
Attempts: 13 - Request URL: www.lavatransforms.org/user/2184
Attempts: 14 - Request URL: www.lavatransforms.org/video/salon910/lavatransforms.org/garyleonard910
Attempts: 15 - Request URL: www.lavatransforms.org/category/blog/page/13/itotushy
Attempts: 16 - Request URL: www.lavatransforms.org/nefflamirada2013
Attempts: 17 - Request URL: www.lavatransforms.org/salon-chevalier-january2014
Attempts: 18 - Request URL: www.lavatransforms.org/category/lava-vocabulary/spirituality/user/register
Attempts: 19 - Request URL: www.lavatransforms.org/2017-1-8-harveysbroiler-09088/
Attempts: 20 - Request URL: www.lavatransforms.org/nefflamirada2013
Attempts: 21 - Request URL: www.lavatransforms.org/salon-chevalier-january2014
Attempts: 22 - Request URL: www.lavatransforms.org/category/lava-vocabulary/spirituality/user/register
Attempts: 23 - Request URL: www.lavatransforms.org/2017-1-8-harveysbroiler-09088/
Attempts: 24 - Request URL: www.lavatransforms.org/2012/12/04/full-no-more-signups-save-the-date-cellar-tour-of-the-king-eddy-saloon-7pm/cellartourkingeddydec2012
Attempts: 25 - Request URL: www.lavatransforms.org/category/history/page/23/subscribe
Attempts: 26 - Request URL: www.lavatransforms.org/user/login?destination=node%2F935%23comment-form
Attempts: 27 - Request URL: www.lavatransforms.org/video-category/cliftons-sunday-salon/page/2/lavatransforms.org/garyleonard910
Attempts: 28 - Request URL: www.lavatransforms.org/category/lava-vocabulary/lava-exclusives/user/login
Attempts: 29 - Request URL: www.lavatransforms.org/category/lava-vocabulary/talks/page/5/lavatransforms.org/flaneur-broadway-on-my-mind-6
Attempts: 30 - Request URL: www.lavatransforms.org/category/lava-vocabulary/lava-exclusives/page/15/newsletter/subscriptions
Attempts: 31 - Request URL: www.lavatransforms.org/event/the-lowdown-on-downtown-tour-august-2016/feed/
Attempts: 32 - Request URL: www.lavatransforms.org/event/shoes/feed/
Attempts: 33 - Request URL: www.lavatransforms.org/category/lava-vocabulary/preservation/page/12/salon213
Attempts: 34 - Request URL: www.lavatransforms.org/event/hollywood-april-2-2016/feed/
Attempts: 35 - Request URL: www.lavatransforms.org/crimelabaug2015
Attempts: 36 - Request URL: www.lavatransforms.org/2017-1-8-harveysbroiler_140038/
Attempts: 37 - Request URL: www.lavatransforms.org/category/lava-vocabulary/food/page/8/cityscapes
Attempts: 38 - Request URL: www.lavatransforms.org/2017-1-8-harveysbroiler_144047/
Attempts: 39 - Request URL: www.lavatransforms.org/category/lava-exclusives/page/5/nydistilling.com
Attempts: 40 - Request URL: www.lavatransforms.org/category/talks/page/2/user/register
Attempts: 41 - Request URL: www.lavatransforms.org/img_20170301_123851/
Attempts: 42 - Request URL: www.lavatransforms.org/event/hollywood-april-2-2016/feed/
Attempts: 43 - Request URL: www.lavatransforms.org/2017-1-8-harveysbroiler_140038/
Attempts: 44 - Request URL: www.lavatransforms.org/category/lava-vocabulary/food/page/8/cityscapes
Attempts: 45 - Request URL: www.lavatransforms.org/2017-1-8-harveysbroiler_144047/
Attempts: 46 - Request URL: www.lavatransforms.org/category/lava-vocabulary/history/page/23/ArchersBooks.com
Attempts: 47 - Request URL: www.lavatransforms.org/category/food/page/4/ArchersBooks.com
Attempts: 48 - Request URL: www.lavatransforms.org/gbleq/glotir.php?hl=pehli-baar-choot-marne-ka-teika
Attempts: 49 - Request URL: www.lavatransforms.org/user/2096
Attempts: 50 - Request URL: www.lavatransforms.org/event/broadway-on-my-mind-16
Attempts: 51 - Request URL: www.lavatransforms.org/user/272
Attempts: 52 - Request URL: www.lavatransforms.org/user/375
Attempts: 53 - Request URL: www.lavatransforms.org/user
Attempts: 54 - Request URL: www.lavatransforms.org/user/275
