Attempts: 1 - Request URL: www.lavatransforms.org/wp-content/cache/min/1/cbc15f29c8fe567a0f10dc11c25fe3bf.css
Attempts: 2 - Request URL: www.lavatransforms.org/wp-content/cache/min/1/7bbee998884dc396c96af8e3596b5ea9.css
Attempts: 3 - Request URL: www.lavatransforms.org/wp-content/cache/min/1/1ae1e7d70c148267ec31900e4f10c8e6.js
Attempts: 4 - Request URL: www.lavatransforms.org/wp-content/cache/min/1/603a62f3645b4af7ce7955e8947fd5e3.js
Attempts: 5 - Request URL: www.lavatransforms.org/wp-content/cache/min/1/a2afe2fadc2cc97f3418b33171b71237.js
Attempts: 6 - Request URL: www.lavatransforms.org/wp-content/cache/min/1/76a7e40b7c274619bf3c6fb39ec98146.css
Attempts: 7 - Request URL: www.lavatransforms.org/wp-content/cache/min/1/28654baf6518f6a3d1026f35c4d8f4c3.css
Attempts: 8 - Request URL: www.lavatransforms.org/wp-content/cache/min/1/57d5ad183ffd461fd5e5d3d60a751d4e.js
Attempts: 9 - Request URL: www.lavatransforms.org/wp-content/cache/min/1/ebf21e49fe31f96d7bb1eb4fabf33aa6.css
Attempts: 10 - Request URL: www.lavatransforms.org/wp-content/cache/min/1/6959c67a11655417e9ee91592154887e.css
Attempts: 11 - Request URL: www.lavatransforms.org/wp-content/cache/min/1/7490de2923d671fa4d7888941bda1360.js
Attempts: 12 - Request URL: www.lavatransforms.org/wp-content/cache/min/1/683e6b85ad8e24a2e3c0ae2ae15927ea.css
Attempts: 13 - Request URL: www.lavatransforms.org/wp-content/cache/min/1/d02dcf74abf89ce005f876382659fe8d.js
Attempts: 14 - Request URL: www.lavatransforms.org/wp-content/cache/min/1/a7aa80d506fcafa10935231b31cfb6e9.js
Attempts: 15 - Request URL: www.lavatransforms.org/wp-content/cache/busting/1/wp-includes-js-wp-emoji-release.min-4.7.1.js
Attempts: 16 - Request URL: www.lavatransforms.org/wp-content/cache/busting/1/wp-includes-js-comment-reply.min-4.7.1.js
Attempts: 17 - Request URL: www.lavatransforms.org/wp-content/cache/busting/1/wp-includes-js-wp-embed.min-4.7.1.js
Attempts: 18 - Request URL: www.lavatransforms.org/wp-content/cache/busting/1/wp-content-plugins-jetpack-modules-wpgroho-4.7.1.js
Attempts: 19 - Request URL: www.lavatransforms.org/wp-content/cache/busting/1/wp-content-themes-event-themify-js-themify.gallery-4.7.1.js
Attempts: 20 - Request URL: www.lavatransforms.org/wp-content/cache/busting/1/wp-content-plugins-jetpack-css-jetpack-4.4.2.css
Attempts: 21 - Request URL: www.lavatransforms.org/wp-content/cache/busting/1/wp-content-plugins-jetpack-modules-sharedaddy-sharing-4.7.1.js
Attempts: 22 - Request URL: www.lavatransforms.org/wp-content/cache/busting/1/wp-content-plugins-jetpack-css-jetpack-4.7.1.css
