Attempts: 1 - Request URL: www.lavatransforms.org/c320171946-xlswzq-q47803-qyjihxtb/ppoxej-mnwghcn-lvjqg-wixsde/
Attempts: 2 - Request URL: www.lavatransforms.org/lqaua-q9859-dphbfes/blcymzzb-ogajamq-c320171944-ouyy-xkashwvu/
Attempts: 3 - Request URL: www.lavatransforms.org/xlswz-q8959-qqyjihx/tbppoxej-mnwghcn-lvjq-c320171939-gwixsdeh/
Attempts: 4 - Request URL: www.lavatransforms.org/wowbk-c320171941-q26959-xxnhngm/dznsvnax-usjcdqj-xfmz-kqxmnbks/
Attempts: 5 - Request URL: www.lavatransforms.org/bhdnfyb-gleu-c320171946-q33058-ushte-jcppicgv/
Attempts: 6 - Request URL: www.lavatransforms.org/tchdyt-dxcwtwn-c320171942-q26002-fomxdj-anbxk/
Attempts: 7 - Request URL: www.lavatransforms.org/cntg-jwctm-oraishv/cmcfdp-idbdpuoz-q3855-vsdf-c320171942-dwfxphjb/
Attempts: 8 - Request URL: www.lavatransforms.org/qdziwjrm-rlfq-ckkd/qvfy-ywobzrb-c320171941-aeru-vtbg-q51207-mvtev/
Attempts: 9 - Request URL: www.lavatransforms.org/event/broadway-on-my-mind-15/
Attempts: 10 - Request URL: www.lavatransforms.org/vekhuvmk-wtsg-c320171946-fuil/iobv-holpnhr-sphh-cfql-q53007-isdbn/
Attempts: 11 - Request URL: www.lavatransforms.org/vekhuvmk-wtsg-fuil/iobv-c320171940-holpnhr-sphh-cfql-q29607-isdbn/
Attempts: 12 - Request URL: www.lavatransforms.org/q1155-sups-hgflg-gbjgjsn/ysoqff-c320171947-yxixwfxk-oure-hjminfoz/
Attempts: 13 - Request URL: www.lavatransforms.org/bhdnfy-c320171941-bgleuus-q13402-htejcp-picgv/
Attempts: 14 - Request URL: www.lavatransforms.org/arrlsks-oesx-q15958-kxmjf-c320171939-kuxrzktf/
Attempts: 15 - Request URL: www.lavatransforms.org/supshgfl-ggbj-gjsn/ysoq-c320171948-ffyxixw-fxko-ureh-q35007-jminf/
Attempts: 16 - Request URL: www.lavatransforms.org/migcbnvr-tpin-vxxg/rtns-gepovld-kcxw-tmoy-c320171943-q13407-bkglz/
Attempts: 17 - Request URL: www.lavatransforms.org/vekhuvmk-wtsg-fuil/iobv-holpnhr-c320171941-sphh-cfql-q53007-isdbn/
Attempts: 18 - Request URL: www.lavatransforms.org/ijmkczl-apxv-q11458-vqvlu-c320171943-swugxabi/
Attempts: 19 - Request URL: www.lavatransforms.org/q7455-vekh-uvmkw-tsgfuil/iobvho-c320171947-lpnhrsph-hcfq-lisdbnys/
Attempts: 20 - Request URL: www.lavatransforms.org/wowbkxxn-hngm-dzns/vnax-c320171948-usjcdqj-xfmz-kqxm-q38607-nbksp/
Attempts: 21 - Request URL: www.lavatransforms.org/fbvfmbij-ijcp-zgfr/nksn-suslgps-c320171941-mhim-wigt-q18807-cosjw/
Attempts: 22 - Request URL: www.lavatransforms.org/qdzi-wjrmr-c320171945-lfqckkd/qvfyyw-obzrbaer-uvtb-q5655-gmvtevsg/
Attempts: 23 - Request URL: www.lavatransforms.org/cntgjwct-mora-ishv/cmcf-dpidbdp-uozv-sdfd-c320171943-q49407-wfxph/
Attempts: 24 - Request URL: www.lavatransforms.org/c320171948-uxxpnln-ixqk-q47458-oyegz-hyyocvdz/
Attempts: 25 - Request URL: www.lavatransforms.org/psfv-rcazo/bytkr-c320171943-zbght-q5804-dlifn.do
Attempts: 26 - Request URL: www.lavatransforms.org/eaeedreq-q13857-zvzh-rtaw-c320171947-epmc-qjqarwc-wbvp-hvcp-gyrix.do
Attempts: 27 - Request URL: www.lavatransforms.org/gpjtopt-dkyl-loivo-wjruaqhq/yytilnb-c320171945-rxmavtn-zsakxd-lhmi-tbqxynq-bhil-q12308-ubzvemls.do
Attempts: 28 - Request URL: www.lavatransforms.org/qdzi-wjrmr-lfqckkd/qvfyyw-c320171947-obzrbaer-uvtb-q5655-gmvtevsg/
Attempts: 29 - Request URL: www.lavatransforms.org/kyya-pawea-dmiunrc/uawwby-c320171940-q2055-nuxekcmu-rpzs-jtphwyzo/
Attempts: 30 - Request URL: www.lavatransforms.org/vekhuvmk-wtsg-fuil/iobv-holpnhr-c320171941-sphh-cfql-q29607-isdbn/
Attempts: 31 - Request URL: www.lavatransforms.org/jmuqthjv-funz-c320171946-ewdq/dbge-pmvmcou-bsfg-deub-q22407-fzogq/
Attempts: 32 - Request URL: www.lavatransforms.org/vekhuvm-q8131-kwtsgfui/liobvhol-pnhrsphh-cfqlis-c320171939-dbnyst/
Attempts: 33 - Request URL: www.lavatransforms.org/eaeedreq-zvzh-c320171946-rtaw/epmc-qjqarwc-wbvp-hvcp-q31407-gyrix/
Attempts: 34 - Request URL: www.lavatransforms.org/c320171944-vekhuvmk-wtsg-fuil/iobv-holpnhr-sphh-cfql-q29607-isdbn/
Attempts: 35 - Request URL: www.lavatransforms.org/c320171940-tchdytdx-cwtwnf-q6346-omxdjan-bxkf/
Attempts: 36 - Request URL: www.lavatransforms.org/kyyapawe-admi-unrc/uaww-bynuxek-cmur-pzsj-c320171943-q24207-tphwy/
Attempts: 37 - Request URL: www.lavatransforms.org/q52408-ijmkczl-apxv/c320171942-vqvlu-swugxabi.do
Attempts: 38 - Request URL: www.lavatransforms.org/lqauadph-bfes/q51407-blcy-c320171943-mzzb-ogajamq/
Attempts: 39 - Request URL: www.lavatransforms.org/qdziwj-rmrlfqck/c320171946-kdqvfy-q4303-ywobzrb/
Attempts: 40 - Request URL: www.lavatransforms.org/c320171940-q3952-rtcyio-zsukwfh/oukpev-tvtue.do
Attempts: 41 - Request URL: www.lavatransforms.org/user/36/signups/available
Attempts: 42 - Request URL: www.lavatransforms.org/gamegirlsMarch2015
Attempts: 43 - Request URL: www.lavatransforms.org/uxxpn-lnixqk-oyeg-c320171943-zhyyoc/q20860-vdzs-vljtakyo-jnerw-fixvgo-nacgj-gyrlgrik-yukuy-wnygyh.do
Attempts: 44 - Request URL: www.lavatransforms.org/salon914
Attempts: 45 - Request URL: www.lavatransforms.org/user/2150
