Attempts: 1 - Request URL: www.lavatransforms.org/category/food/page/2/lavatransforms.org/flaneur-broadway-on-my-mind-6
Attempts: 2 - Request URL: www.lavatransforms.org/category/lava-vocabulary/dance/page/2/lavatransforms.org/flaneur-broadway-on-my-mind-6
Attempts: 3 - Request URL: www.lavatransforms.org/category/lava-vocabulary/tours/page/15/salon213
Attempts: 4 - Request URL: www.lavatransforms.org/category/lava-exclusives/page/8/cellartourkingeddydec2012
Attempts: 5 - Request URL: www.lavatransforms.org/category/lava-vocabulary/history/page/41/signups
Attempts: 6 - Request URL: www.lavatransforms.org/category/preservation/page/20/lavatransforms.org/scrapsteel
Attempts: 7 - Request URL: www.lavatransforms.org/category/theater/page/4/signups
Attempts: 8 - Request URL: www.lavatransforms.org/category/music/musso31210
Attempts: 9 - Request URL: www.lavatransforms.org/event/salon117/feed/
Attempts: 10 - Request URL: www.lavatransforms.org/category/nature/page/4/newsletter/subscriptions
Attempts: 11 - Request URL: www.lavatransforms.org/category/books/page/2/user/register
Attempts: 12 - Request URL: www.lavatransforms.org/2012/10/09/the-lava-salon-jim-tully-a-hobo-in-hollywood/ArchersBooks.com
Attempts: 13 - Request URL: www.lavatransforms.org/event/hollywood-saturday-may-13th/feed/
Attempts: 14 - Request URL: www.lavatransforms.org/event/hotelcalifornian-neon/feed/
Attempts: 15 - Request URL: www.lavatransforms.org/category/lava-vocabulary/user/login
Attempts: 16 - Request URL: www.lavatransforms.org/flaneur-broadway-feb2013
Attempts: 17 - Request URL: www.lavatransforms.org/category/lava-vocabulary/history/page/12/lavatransforms.org/flaneur-broadway-on-my-mind-6
Attempts: 18 - Request URL: www.lavatransforms.org/event/graft-fruit/feed/
Attempts: 19 - Request URL: www.lavatransforms.org/event/the-real-black-dahlia-crime-bus-tour-july-2016/feed/
Attempts: 20 - Request URL: www.lavatransforms.org/user/29
Attempts: 21 - Request URL: www.lavatransforms.org/category/history/page/2/user/register
Attempts: 22 - Request URL: www.lavatransforms.org/category/lava-exclusives/page/15/signups
Attempts: 23 - Request URL: www.lavatransforms.org/category/lava-vocabulary/history/page/2/user/register
Attempts: 24 - Request URL: www.lavatransforms.org/harveys1958/
Attempts: 25 - Request URL: www.lavatransforms.org/category/history/page/40/cityscapes
Attempts: 26 - Request URL: www.lavatransforms.org/gbleq/glotir.php?hl=mere-rashkey-kmar-mp3-song-rahat-fatey-ali-khan
Attempts: 27 - Request URL: www.lavatransforms.org/2015/01/29/lavas-41st-sunday-salon/user/register
Attempts: 28 - Request URL: www.lavatransforms.org/2015/02/18/lavas-42nd-sunday-salon/user/login
Attempts: 29 - Request URL: www.lavatransforms.org/category/lava-vocabulary/books/page/11/subscribe
Attempts: 30 - Request URL: www.lavatransforms.org/category/lava-vocabulary/lava-exclusives/user/register
Attempts: 31 - Request URL: www.lavatransforms.org/category/spirituality/page/3/lavatransforms.org/flaneur-broadway-on-my-mind-6
Attempts: 32 - Request URL: www.lavatransforms.org/event/hotel-horrors-main-street-vice-3-26-16/feed/
Attempts: 33 - Request URL: www.lavatransforms.org/user/259
Attempts: 34 - Request URL: www.lavatransforms.org/johniesdemo2007-2/
Attempts: 35 - Request URL: www.lavatransforms.org/video-category/uncategorized/ArchersBooks.com
Attempts: 36 - Request URL: www.lavatransforms.org/2013/01/30/tour-is-full-tour-of-judson-glass-studios/southwestmuseum2013
Attempts: 37 - Request URL: www.lavatransforms.org/category/lava-vocabulary/nature/user/login
Attempts: 38 - Request URL: www.lavatransforms.org/category/lava-vocabulary/talks/page/10/subscribe
Attempts: 39 - Request URL: www.lavatransforms.org/category/lava-vocabulary/tours/page/15/southwestmuseum2013
Attempts: 40 - Request URL: www.lavatransforms.org/event/weird-west-adams-crime-bus-tour-2/feed/
Attempts: 41 - Request URL: www.lavatransforms.org/event/weird-west-adams-crime-bus-tour-2/feed/
Attempts: 42 - Request URL: www.lavatransforms.org/event/the-real-black-dahlia-april-17-2016/feed/
Attempts: 43 - Request URL: www.lavatransforms.org/category/free/page/11/southwestmuseum2013
Attempts: 44 - Request URL: www.lavatransforms.org/event/crawling-down-cahuenga-tom-waits-l-a-tour/feed/
Attempts: 45 - Request URL: www.lavatransforms.org/category/lava-vocabulary/talks/user/login
Attempts: 46 - Request URL: www.lavatransforms.org/event/south-l-a-road-trip-hot-rods-adobes-googie-early-modernism-august-2016/feed/
Attempts: 47 - Request URL: www.lavatransforms.org/category/lava-exclusives/page/8/salon213
Attempts: 48 - Request URL: www.lavatransforms.org/user/45
Attempts: 49 - Request URL: www.lavatransforms.org/event/salon517/feed/
