Attempts: 1 - Request URL: www.lavatransforms.org/maja0610
Attempts: 2 - Request URL: www.lavatransforms.org/wowb-kxxnh-c320171942-q54155-ngmdzns-vnaxus/jcdqjxfm-zkqx-mnbkspbf-crkxs-cgprmrsg/
Attempts: 3 - Request URL: www.lavatransforms.org/lqau-adphb-c320171942-q13655-fesblcy-mzzbog/ajamqouy-yxka-shwvudti-bqpnd-pofhebea/
Attempts: 4 - Request URL: www.lavatransforms.org/fbvf-c320171941-mbiji-q22655-jcpzgfr-nksnsu/slgpsmhi-mwig-tcosjwmt-psdph-mqhjhdoe/
Attempts: 5 - Request URL: www.lavatransforms.org/wowbkxxn-hngm-dzns-vnax/usjcdqj-xfmz-c320171946-kqxm-nbksp-q52907-bfcr-kxscgpr-mrsg/
Attempts: 6 - Request URL: www.lavatransforms.org/c320171940-cntgjwct-mora-ishv-cmcf/dpidbdp-uozv-sdfd-q28607-wfxph-jbvh-tzbnhqk-lmww/
Attempts: 7 - Request URL: www.lavatransforms.org/fbvfmbij-q21407-ijcp-zgfr-nksn/suslgps-mhim-wigt-cosjw-mtps-dphmqhj-c320171939-hdoe/
Attempts: 8 - Request URL: www.lavatransforms.org/lavacalendar
Attempts: 9 - Request URL: www.lavatransforms.org/vekhuvmk-wtsg-fuil-q20507-iobv/holpnhr-sphh-c320171946-cfql-isdbn-ystg-yjlbedn-axiy/
Attempts: 10 - Request URL: www.lavatransforms.org/fbvfmb-c320171941-ijijcpzg-q13763-frnksn-suslgps/mhimw-igtcos-jwmtp-sdphmqh-jhdoeod/
Attempts: 11 - Request URL: www.lavatransforms.org/c320171940-fbvf-mbiji-jcpzgfr-nksnsu/slgpsmhi-q39555-mwig-tcosjwmt-psdph-mqhjhdoe-odnin/
Attempts: 12 - Request URL: www.lavatransforms.org/fbvf-mbiji-jcpzgfr-nksnsu/slgpsmhi-c320171945-q27855-mwig-tcosjwmt-psdph-mqhjhdoe-odnin/
Attempts: 13 - Request URL: www.lavatransforms.org/lqau-c320171941-adphb-fesblcy-mzzbog/ajamqouy-q18855-yxka-shwvudti-bqpnd-pofhebea-yrkje/
Attempts: 14 - Request URL: www.lavatransforms.org/cntg-jwctm-oraishv-c320171943-cmcfdp/idbdpuoz-q11655-vsdf-dwfxphjb-vhtzb-nhqklmww-nyptf/
Attempts: 15 - Request URL: www.lavatransforms.org/zfnm-lmkfy-c320171942-radlqex-alihkl/rwwshzwe-q49455-ciah-kkjjklra-kfoff-qnjbsgmt-antfh/
Attempts: 16 - Request URL: www.lavatransforms.org/qdzi-c320171941-wjrmr-lfqckkd-qvfyyw/obzrbaer-q25155-uvtb-gmvtevsg-ojsla-rilobwpj-txvns/
Attempts: 17 - Request URL: www.lavatransforms.org/c320171940-xlsw-zqqyj-ihxtbpp-oxejmn/wghcnlvj-q29655-qgwi-xsdehuem-ybbyr-hznuzsdc-dtfam/
Attempts: 18 - Request URL: www.lavatransforms.org/eaee-dreqz-vzhrtaw-epmcqj/qarwcwbv-q17055-phvc-pgyrixqd-dturn-tvwfqjjp-c320171939-fmroc/
Attempts: 19 - Request URL: www.lavatransforms.org/c320171940-zfnm-lmkfy-radlqex-alihkl/rwwshzwe-q37755-ciah-kkjjklra-kfoff-qnjbsgmt-antfh/
Attempts: 20 - Request URL: www.lavatransforms.org/vekh-uvmkw-tsgfuil-iobvho/lpnhrsph-q50355-hcfq-c320171946-lisdbnys-tgyjl-bednaxiy-egxcq/
Attempts: 21 - Request URL: www.lavatransforms.org/eaee-c320171941-dreqz-vzhrtaw-epmcqj/qarwcwbv-q52155-phvc-pgyrixqd-dturn-tvwfqjjp-fmroc/
Attempts: 22 - Request URL: www.lavatransforms.org/wowb-kxxnh-c320171942-ngmdzns-vnaxus/jcdqjxfm-q12555-zkqx-mnbkspbf-crkxs-cgprmrsg-rcspz/
Attempts: 23 - Request URL: www.lavatransforms.org/crimelabaug2015
Attempts: 24 - Request URL: www.lavatransforms.org/node/129
