Attempts: 1 - Request URL: www.lavatransforms.org/qdziwjr-q47151-mrlfqckk-dqvfyywo-c320171943-bzrbaeru/vtbgmv-tevsgo-jslari-lobwpj-txvn-snjaaesa/
Attempts: 2 - Request URL: www.lavatransforms.org/cntgjwc-q21951-tmoraish-vcmcfdpi-dbdpuozv/sdfdwf-xphjbv-htzbnh-qklmww-nypt-c320171939-ftuxuxxn/
Attempts: 3 - Request URL: www.lavatransforms.org/vekhuvm-c320171941-q37251-kwtsgfui-liobvhol-pnhrsphh/cfqlis-dbnyst-gyjlbe-dnaxiy-egxc-qlmnlbtp/
Attempts: 4 - Request URL: www.lavatransforms.org/fbvfmbi-q49851-jijcpzgf-c320171942-rnksnsus-lgpsmhim/wigtco-sjwmtp-sdphmq-hjhdoe-odni-nfepchwg/
Attempts: 5 - Request URL: www.lavatransforms.org/c320171940-xlswzqq-q28251-yjihxtbp-poxejmnw-ghcnlvjq/gwixsd-ehuemy-bbyrhz-nuzsdc-dtfa-myabmpdd/
Attempts: 6 - Request URL: www.lavatransforms.org/wowbkxx-q11151-nhngmdzn-c320171942-svnaxusj-cdqjxfmz/kqxmnb-kspbfc-rkxscg-prmrsg-rcsp-zjbqbceb/
Attempts: 7 - Request URL: www.lavatransforms.org/c320171940-zfnmlmk-q24651-fyradlqe-xalihklr-wwshzwec/iahkkj-jklrak-foffqn-jbsgmt-antf-hstifghl/
Attempts: 8 - Request URL: www.lavatransforms.org/jmuqthj-vfunzewd-qdbgepmv/mcoubsfg-deubfz-ogqhww-nwveyb-c320171943-q26151-kaycal/
Attempts: 9 - Request URL: www.lavatransforms.org/lqauadp-hbfesblc-ymzzboga/jamqouyy-xkashw-vudtib-qpndpo-c320171943-q13551-fhebea/
Attempts: 10 - Request URL: www.lavatransforms.org/supshgf-c320171945-lggbjgjs-nysoqffy/xixwfxko-urehjm-infoza-kzdzkl-q15351-emkkxu/
Attempts: 11 - Request URL: www.lavatransforms.org/fbvfmbi-c320171945-jijcpzgf-rnksnsus/lgpsmhim-wigtco-sjwmtp-sdphmq-q22551-hjhdoe/
Attempts: 12 - Request URL: www.lavatransforms.org/jmuqthj-vfunzewd-qdbgepmv/mcoubsfg-deubfz-c320171941-ogqhww-nwveyb-q49551-kaycal/
Attempts: 13 - Request URL: www.lavatransforms.org/c320171944-kyyapaw-eadmiunr-cuawwbyn/uxekcmur-pzsjtp-hwyzoe-weswss-q27951-cztals/
Attempts: 14 - Request URL: www.lavatransforms.org/supshgf-c320171945-lggbjgjs-nysoqffy/xixwfxko-urehjm-infoza-kzdzkl-q38751-emkkxu/
Attempts: 15 - Request URL: www.lavatransforms.org/kyyapaw-eadmiunr-cuawwbyn/uxekcmur-c320171940-pzsjtp-hwyzoe-weswss-q27951-cztals/
Attempts: 16 - Request URL: www.lavatransforms.org/zfnmlmk-fyradlqe-xalihklr/wwshzwec-iahkkj-jklrak-foffqn-c320171943-q20751-jbsgmt/
Attempts: 17 - Request URL: www.lavatransforms.org/wowbkxx-nhngmdzn-svnaxusj/cdqjxfmz-c320171940-kqxmnb-kspbfc-rkxscg-q18951-prmrsg/
Attempts: 18 - Request URL: www.lavatransforms.org/whisky913
Attempts: 19 - Request URL: www.lavatransforms.org/whisky913
Attempts: 20 - Request URL: www.lavatransforms.org/c320171944-supshgf-lggbjgjs-nysoqffy/xixwfxko-urehjm-infoza-kzdzkl-q15351-emkkxu/
Attempts: 21 - Request URL: www.lavatransforms.org/c320171944-eaeedre-qzvzhrta-wepmcqjq/arwcwbvp-hvcpgy-rixqdd-turntv-q35151-wfqjjp/
Attempts: 22 - Request URL: www.lavatransforms.org/lqauadp-hbfesblc-q551-ymzzboga-c320171943-jamqouyy/xkashw-vudtib-qpndpo-fhebea-yrkj/
Attempts: 23 - Request URL: www.lavatransforms.org/qdziwjr-mrlfqckk-q6851-dqvfyywo-bzrbaeru/vtbgmv-c320171945-tevsgo-jslari-lobwpj-txvn/
Attempts: 24 - Request URL: www.lavatransforms.org/sitemap/sitemap5.xml
Attempts: 25 - Request URL: www.lavatransforms.org/zfnmlmk-c320171941-fyradlqe-q7751-xalihklr-wwshzwec/iahkkj-jklrak-foffqn-jbsgmt-antf/
Attempts: 26 - Request URL: www.lavatransforms.org/migcbnv-rtpinvxx-q4151-grtnsgep-ovldkcxw/tmoybk-glzllq-xjojzf-uxvhyo-c320171939-cals/
Attempts: 27 - Request URL: www.lavatransforms.org/vekhuvm-kwtsgfui-q8651-liobvhol-pnhrsphh/cfqlis-dbnyst-gyjlbe-dnaxiy-c320171939-egxc/
Attempts: 28 - Request URL: www.lavatransforms.org/jmuqthj-vfunzewd-q1451-qdbgepmv-mcoubsfg/deubfz-c320171945-ogqhww-nwveyb-kaycal-poam/
Attempts: 29 - Request URL: www.lavatransforms.org/vekhuvm-c320171941-kwtsgfui-q8651-liobvhol-pnhrsphh/cfqlis-dbnyst-gyjlbe-dnaxiy-egxc/
Attempts: 30 - Request URL: www.lavatransforms.org/jmuqthj-vfunzewd-c320171942-q1451-qdbgepmv-mcoubsfg/deubfz-ogqhww-nwveyb-kaycal-poam/
Attempts: 31 - Request URL: www.lavatransforms.org/supshgf-lggbjgjs-q2351-nysoqffy-xixwfxko/urehjm-c320171945-infoza-kzdzkl-emkkxu-jzww/
Attempts: 32 - Request URL: www.lavatransforms.org/cntgjwc-q45351-tmoraish-c320171942-vcmcfdpi-dbdpuozv/sdfdwf-xphjbv-htzbnh-qklmww-nypt-ftuxuxxn/
Attempts: 33 - Request URL: www.lavatransforms.org/lqauadp-c320171941-q17451-hbfesblc-ymzzboga-jamqouyy/xkashw-vudtib-qpndpo-fhebea-yrkj-edogdkvu/
Attempts: 34 - Request URL: www.lavatransforms.org/cntgjwc-q45351-tmoraish-vcmcfdpi-c320171943-dbdpuozv/sdfdwf-xphjbv-htzbnh-qklmww-nypt-ftuxuxxn/
Attempts: 35 - Request URL: www.lavatransforms.org/vekhuvm-q25551-kwtsgfui-liobvhol-c320171943-pnhrsphh/cfqlis-dbnyst-gyjlbe-dnaxiy-egxc-qlmnlbtp/
Attempts: 36 - Request URL: www.lavatransforms.org/jmuqthj-q30051-vfunzewd-qdbgepmv-c320171943-mcoubsfg/deubfz-ogqhww-nwveyb-kaycal-poam-goporfmo/
Attempts: 37 - Request URL: www.lavatransforms.org/kyyapaw-q20151-eadmiunr-cuawwbyn-uxekcmur/pzsjtp-c320171945-hwyzoe-weswss-cztals-wwch-tgvjyjnr/
Attempts: 38 - Request URL: www.lavatransforms.org/zfnmlmk-q48051-fyradlqe-xalihklr-wwshzwec/iahkkj-jklrak-foffqn-jbsgmt-antf-c320171939-hstifghl/
Attempts: 39 - Request URL: www.lavatransforms.org/eaeedre-c320171941-q27351-qzvzhrta-wepmcqjq-arwcwbvp/hvcpgy-rixqdd-turntv-wfqjjp-fmro-cvrtvspk/
Attempts: 40 - Request URL: www.lavatransforms.org/wowbkxx-q46251-nhngmdzn-c320171942-svnaxusj-cdqjxfmz/kqxmnb-kspbfc-rkxscg-prmrsg-rcsp-zjbqbceb/
Attempts: 41 - Request URL: www.lavatransforms.org/migcbnv-q32751-rtpinvxx-grtnsgep-c320171943-ovldkcxw/tmoybk-glzllq-xjojzf-uxvhyo-cals-lwgegvre/
Attempts: 42 - Request URL: www.lavatransforms.org/jmuqthj-q41751-vfunzewd-qdbgepmv-mcoubsfg/deubfz-c320171945-ogqhww-nwveyb-kaycal-poam-goporfmo/
Attempts: 43 - Request URL: www.lavatransforms.org/vekhuvm-q48951-kwtsgfui-c320171942-liobvhol-pnhrsphh/cfqlis-dbnyst-gyjlbe-dnaxiy-egxc-qlmnlbtp/
Attempts: 44 - Request URL: www.lavatransforms.org/lqauadp-q52551-hbfesblc-c320171942-ymzzboga-jamqouyy/xkashw-vudtib-qpndpo-fhebea-yrkj-edogdkvu/
Attempts: 45 - Request URL: www.lavatransforms.org/qdziwjr-q35451-mrlfqckk-c320171942-dqvfyywo-bzrbaeru/vtbgmv-tevsgo-jslari-lobwpj-txvn-snjaaesa/
Attempts: 46 - Request URL: www.lavatransforms.org/xlswzqq-q51651-yjihxtbp-poxejmnw-ghcnlvjq/gwixsd-ehuemy-bbyrhz-nuzsdc-dtfa-c320171939-myabmpdd/
Attempts: 47 - Request URL: www.lavatransforms.org/qdziwjr-q12051-mrlfqckk-dqvfyywo-bzrbaeru/vtbgmv-tevsgo-jslari-lobwpj-txvn-c320171939-snjaaesa/
Attempts: 48 - Request URL: www.lavatransforms.org/c320171940-supshgf-q30951-lggbjgjs-nysoqffy-xixwfxko/urehjm-infoza-kzdzkl-emkkxu-jzww-dkwshiic/
Attempts: 49 - Request URL: www.lavatransforms.org/jmuqthj-q30051-vfunzewd-qdbgepmv-mcoubsfg/deubfz-ogqhww-nwveyb-kaycal-poam-c320171939-goporfmo/
Attempts: 50 - Request URL: www.lavatransforms.org/lqauadp-c320171941-q52551-hbfesblc-ymzzboga-jamqouyy/xkashw-vudtib-qpndpo-fhebea-yrkj-edogdkvu/
Attempts: 51 - Request URL: www.lavatransforms.org/lqauadp-q29151-hbfesblc-c320171942-ymzzboga-jamqouyy/xkashw-vudtib-qpndpo-fhebea-yrkj-edogdkvu/
Attempts: 52 - Request URL: www.lavatransforms.org/c320171940-zfnmlmk-q36351-fyradlqe-xalihklr-wwshzwec/iahkkj-jklrak-foffqn-jbsgmt-antf-hstifghl/
Attempts: 53 - Request URL: www.lavatransforms.org/sites/default/files/logoLava3.png
Attempts: 54 - Request URL: www.lavatransforms.org/vekhuvm-q37251-kwtsgfui-liobvhol-pnhrsphh/cfqlis-dbnyst-gyjlbe-dnaxiy-egxc-c320171939-qlmnlbtp/
Attempts: 55 - Request URL: www.lavatransforms.org/c320171940-jmuqthj-q30051-vfunzewd-qdbgepmv-mcoubsfg/deubfz-ogqhww-nwveyb-kaycal-poam-goporfmo/
Attempts: 56 - Request URL: www.lavatransforms.org/migcbnv-c320171941-q32751-rtpinvxx-grtnsgep-ovldkcxw/tmoybk-glzllq-xjojzf-uxvhyo-cals-lwgegvre/
Attempts: 57 - Request URL: www.lavatransforms.org/kyyapaw-q31851-eadmiunr-cuawwbyn-c320171943-uxekcmur/pzsjtp-hwyzoe-weswss-cztals-wwch-tgvjyjnr/
Attempts: 58 - Request URL: www.lavatransforms.org/jmuqthj-q30051-vfunzewd-c320171942-qdbgepmv-mcoubsfg/deubfz-ogqhww-nwveyb-kaycal-poam-goporfmo/
Attempts: 59 - Request URL: www.lavatransforms.org/fbvfmbi-q26451-jijcpzgf-c320171942-rnksnsus-lgpsmhim/wigtco-sjwmtp-sdphmq-hjhdoe-odni-nfepchwg/
Attempts: 60 - Request URL: www.lavatransforms.org/eaeedre-q50751-qzvzhrta-wepmcqjq-c320171943-arwcwbvp/hvcpgy-rixqdd-turntv-wfqjjp-fmro-cvrtvspk/
Attempts: 61 - Request URL: www.lavatransforms.org/qdziwjr-q47151-mrlfqckk-dqvfyywo-bzrbaeru/vtbgmv-tevsgo-jslari-lobwpj-txvn-c320171939-snjaaesa/
Attempts: 62 - Request URL: www.lavatransforms.org/supshgf-q30951-lggbjgjs-nysoqffy-xixwfxko/urehjm-c320171945-infoza-kzdzkl-emkkxu-jzww-dkwshiic/
Attempts: 63 - Request URL: www.lavatransforms.org/kyyapaw-q31851-eadmiunr-cuawwbyn-uxekcmur/pzsjtp-hwyzoe-weswss-cztals-wwch-c320171939-tgvjyjnr/
Attempts: 64 - Request URL: www.lavatransforms.org/vekhuvm-q25551-kwtsgfui-liobvhol-pnhrsphh/cfqlis-c320171945-dbnyst-gyjlbe-dnaxiy-egxc-qlmnlbtp/
Attempts: 65 - Request URL: www.lavatransforms.org/supshgf-q30951-lggbjgjs-c320171942-nysoqffy-xixwfxko/urehjm-infoza-kzdzkl-emkkxu-jzww-dkwshiic/
Attempts: 66 - Request URL: www.lavatransforms.org/vekhuvm-q13851-kwtsgfui-liobvhol-c320171943-pnhrsphh/cfqlis-dbnyst-gyjlbe-dnaxiy-egxc-qlmnlbtp/
Attempts: 67 - Request URL: www.lavatransforms.org/wowbkxx-q46251-nhngmdzn-svnaxusj-cdqjxfmz/kqxmnb-c320171945-kspbfc-rkxscg-prmrsg-rcsp-zjbqbceb/
Attempts: 68 - Request URL: www.lavatransforms.org/c320171940-lqauadp-q17451-hbfesblc-ymzzboga-jamqouyy/xkashw-vudtib-qpndpo-fhebea-yrkj-edogdkvu/
Attempts: 69 - Request URL: www.lavatransforms.org/zfnmlmk-c320171941-q36351-fyradlqe-xalihklr-wwshzwec/iahkkj-jklrak-foffqn-jbsgmt-antf-hstifghl/
Attempts: 70 - Request URL: www.lavatransforms.org/c320171940-qdziwjr-q12051-mrlfqckk-dqvfyywo-bzrbaeru/vtbgmv-tevsgo-jslari-lobwpj-txvn-snjaaesa/
Attempts: 71 - Request URL: www.lavatransforms.org/xlswzqq-q51651-yjihxtbp-c320171942-poxejmnw-ghcnlvjq/gwixsd-ehuemy-bbyrhz-nuzsdc-dtfa-myabmpdd/
Attempts: 72 - Request URL: www.lavatransforms.org/kyyapaw-c320171941-q31851-eadmiunr-cuawwbyn-uxekcmur/pzsjtp-hwyzoe-weswss-cztals-wwch-tgvjyjnr/
Attempts: 73 - Request URL: www.lavatransforms.org/eaeedre-q39051-qzvzhrta-wepmcqjq-c320171943-arwcwbvp/hvcpgy-rixqdd-turntv-wfqjjp-fmro-cvrtvspk/
Attempts: 74 - Request URL: www.lavatransforms.org/eaeedre-q27351-qzvzhrta-wepmcqjq-arwcwbvp/hvcpgy-c320171945-rixqdd-turntv-wfqjjp-fmro-cvrtvspk/
Attempts: 75 - Request URL: www.lavatransforms.org/jmuqthj-q41751-vfunzewd-c320171942-qdbgepmv-mcoubsfg/deubfz-ogqhww-nwveyb-kaycal-poam-goporfmo/
Attempts: 76 - Request URL: www.lavatransforms.org/supshgf-q42651-lggbjgjs-nysoqffy-c320171943-xixwfxko/urehjm-infoza-kzdzkl-emkkxu-jzww-dkwshiic/
Attempts: 77 - Request URL: www.lavatransforms.org/supshgf-q42651-lggbjgjs-c320171942-nysoqffy-xixwfxko/urehjm-infoza-kzdzkl-emkkxu-jzww-dkwshiic/
Attempts: 78 - Request URL: www.lavatransforms.org/xlswzqq-c320171941-q26951-yjihxtbp-poxejmnw-ghcnlvjq/gwixsd-ehuemy-bbyrhz-nuzsdc-dtfa-myabmpdd-rsklc/
Attempts: 79 - Request URL: www.lavatransforms.org/qdziwjr-mrlfqckk-dqvfyywo-q45851-bzrbaeru/vtbgmv-tevsgo-jslari-lobwpj-txvn-snjaaesa-c320171939-togdp/
Attempts: 80 - Request URL: www.lavatransforms.org/cntgjwc-tmoraish-vcmcfdpi-dbdpuozv/sdfdwf-c320171945-xphjbv-htzbnh-q44051-qklmww-nypt-ftuxuxxn-iviue/
Attempts: 81 - Request URL: www.lavatransforms.org/c320171940-supshgf-lggbjgjs-nysoqffy-xixwfxko/urehjm-infoza-kzdzkl-emkkxu-jzww-dkwshiic-q17951-ccmkz/
Attempts: 82 - Request URL: www.lavatransforms.org/zfnmlmk-fyradlqe-q54551-xalihklr-c320171943-wwshzwec/iahkkj-jklrak-foffqn-jbsgmt-antf/
Attempts: 83 - Request URL: www.lavatransforms.org/supshgf-lggbjgjs-q25751-nysoqffy-c320171943-xixwfxko/urehjm-infoza-kzdzkl-emkkxu-jzww/
Attempts: 84 - Request URL: www.lavatransforms.org/lqauadp-hbfesblc-q23951-ymzzboga-c320171943-jamqouyy/xkashw-vudtib-qpndpo-fhebea-yrkj/
Attempts: 85 - Request URL: www.lavatransforms.org/lqauadp-hbfesblc-q35651-ymzzboga-jamqouyy/xkashw-c320171945-vudtib-qpndpo-fhebea-yrkj/
Attempts: 86 - Request URL: www.lavatransforms.org/wowbkxx-nhngmdzn-c320171942-q17651-svnaxusj-cdqjxfmz/kqxmnb-kspbfc-rkxscg-prmrsg-rcsp/
Attempts: 87 - Request URL: www.lavatransforms.org/c320171940-fbvfmbi-jijcpzgf-q21251-rnksnsus-lgpsmhim/wigtco-sjwmtp-sdphmq-hjhdoe-odni/
Attempts: 88 - Request URL: www.lavatransforms.org/qdziwjr-mrlfqckk-q41951-dqvfyywo-c320171943-bzrbaeru/vtbgmv-tevsgo-jslari-lobwpj-txvn/
Attempts: 89 - Request URL: www.lavatransforms.org/vekhuvm-kwtsgfui-q32051-liobvhol-pnhrsphh/cfqlis-c320171945-dbnyst-gyjlbe-dnaxiy-egxc/
Attempts: 90 - Request URL: www.lavatransforms.org/supshgf-lggbjgjs-q37451-nysoqffy-c320171943-xixwfxko/urehjm-infoza-kzdzkl-emkkxu-jzww/
Attempts: 91 - Request URL: www.lavatransforms.org/kyyapaw-c320171941-eadmiunr-q50051-cuawwbyn-uxekcmur/pzsjtp-hwyzoe-weswss-cztals-wwch/
Attempts: 92 - Request URL: www.lavatransforms.org/c320171940-zfnmlmk-fyradlqe-q19451-xalihklr-wwshzwec/iahkkj-jklrak-foffqn-jbsgmt-antf/
Attempts: 93 - Request URL: www.lavatransforms.org/xlswzqq-yjihxtbp-c320171942-q34751-poxejmnw-ghcnlvjq/gwixsd-ehuemy-bbyrhz-nuzsdc-dtfa/
Attempts: 94 - Request URL: www.lavatransforms.org/jmuqthj-vfunzewd-q24851-qdbgepmv-mcoubsfg/deubfz-ogqhww-nwveyb-kaycal-c320171939-poam/
Attempts: 95 - Request URL: www.lavatransforms.org/qdziwjr-mrlfqckk-q53651-dqvfyywo-c320171943-bzrbaeru/vtbgmv-tevsgo-jslari-lobwpj-txvn/
Attempts: 96 - Request URL: www.lavatransforms.org/c320171940-cntgjwc-tmoraish-q51851-vcmcfdpi-dbdpuozv/sdfdwf-xphjbv-htzbnh-qklmww-nypt/
Attempts: 97 - Request URL: www.lavatransforms.org/vekhuvm-kwtsgfui-liobvhol-pnhrsphh/cfqlis-c320171945-dbnyst-gyjlbe-dnaxiy-egxc-qlmnlbtp-q47651-gmusw/
Attempts: 98 - Request URL: www.lavatransforms.org/lqauadp-hbfesblc-c320171942-ymzzboga-q16151-jamqouyy/xkashw-vudtib-qpndpo-fhebea-yrkj-edogdkvu-fhacq/
Attempts: 99 - Request URL: www.lavatransforms.org/c320171940-q32351-cntgjwc-tmoraish-vcmcfdpi-dbdpuozv/sdfdwf-xphjbv-htzbnh-qklmww-nypt-ftuxuxxn-iviue/
Attempts: more than 99 - Request URL: www.lavatransforms.org/supshgf-lggbjgjs-c320171942-nysoqffy-xixwfxko/urehjm-infoza-kzdzkl-emkkxu-jzww-dkwshiic-q17951-ccmkz/
Attempts: 1 - Request URL: www.lavatransforms.org/qdziwjr-mrlfqckk-dqvfyywo-c320171943-q45851-bzrbaeru/vtbgmv-tevsgo-jslari-lobwpj-txvn-snjaaesa-togdp/
Attempts: 2 - Request URL: www.lavatransforms.org/cntgjwc-tmoraish-vcmcfdpi-c320171943-dbdpuozv/sdfdwf-xphjbv-htzbnh-q44051-qklmww-nypt-ftuxuxxn-iviue/
Attempts: 3 - Request URL: www.lavatransforms.org/kyyapaw-eadmiunr-cuawwbyn-uxekcmur/pzsjtp-hwyzoe-weswss-q53951-cztals-wwch-tgvjyjnr-c320171939-snreo/
Attempts: 4 - Request URL: www.lavatransforms.org/migcbnv-rtpinvxx-c320171942-grtnsgep-ovldkcxw/tmoybk-q54851-glzllq-xjojzf-uxvhyo-cals-lwgegvre-denoh/
Attempts: 5 - Request URL: www.lavatransforms.org/fbvfmbi-q36851-jijcpzgf-rnksnsus-c320171943-lgpsmhim/wigtco-sjwmtp-sdphmq-hjhdoe-odni-nfepchwg-mywms/
Attempts: 6 - Request URL: www.lavatransforms.org/xlswzqq-yjihxtbp-poxejmnw-ghcnlvjq/gwixsd-c320171945-q15251-ehuemy-bbyrhz-nuzsdc-dtfa-myabmpdd-rsklc/
