Attempts: 1 - Request URL: www.lavatransforms.org/event/hotel-horrors-main-street-vice-tour/feed/
Attempts: 2 - Request URL: www.lavatransforms.org/category/poetry/page/2/Mikethepoetla.tumblr.com
Attempts: 3 - Request URL: www.lavatransforms.org/southwestmuseum2013
Attempts: 4 - Request URL: www.lavatransforms.org/cascades100
Attempts: 5 - Request URL: www.lavatransforms.org/category/free/page/12/cellartourkingeddydec2012
Attempts: 6 - Request URL: www.lavatransforms.org/category/lava-vocabulary/occult/page/5/signups
Attempts: 7 - Request URL: www.lavatransforms.org/web/20140519171846/http:/lavatransforms.org/flaneur-broadway-on-my-mind-landing
Attempts: 8 - Request URL: www.lavatransforms.org/web/20140312061813/http:/lavatransforms.org/flaneur-broadway-on-my-mind-landing
Attempts: 9 - Request URL: www.lavatransforms.org/category/free/page/13/cellartourkingeddydec2012
Attempts: 10 - Request URL: www.lavatransforms.org/event/broadway-on-my-mind-16
Attempts: 11 - Request URL: www.lavatransforms.org/category/technology/user/login
Attempts: 12 - Request URL: www.lavatransforms.org/2010/08/16/the-science-and-art-of-forensic-investigations-criminalistics-from-test-tube-to-testimony/newsletter/subscriptions
Attempts: 13 - Request URL: www.lavatransforms.org/web/20151005041519/http:/anndvorak.com/
Attempts: 14 - Request URL: www.lavatransforms.org/web/20140519171846/http:/en.wikipedia.org/wiki/Ray_Bradbury
Attempts: 15 - Request URL: www.lavatransforms.org/nefflamirada2013
Attempts: 16 - Request URL: www.lavatransforms.org/lavacalendar/2013-10-28
Attempts: 17 - Request URL: www.lavatransforms.org/web/20140519171846/http:/en.wikipedia.org/wiki/Aerojet
Attempts: 18 - Request URL: www.lavatransforms.org/event/hotel-horrors-main-street-vice-tour-5/feed/
Attempts: 19 - Request URL: www.lavatransforms.org/category/lava-vocabulary/nature/user/login
Attempts: 20 - Request URL: www.lavatransforms.org/category/lava-vocabulary/spirituality/user/login
Attempts: 21 - Request URL: www.lavatransforms.org/category/lava-exclusives/user/login
Attempts: 22 - Request URL: www.lavatransforms.org/celebratethearts2013
