Attempts: 1 - Request URL: www.lavatransforms.org/category/history/musso31210
Attempts: 2 - Request URL: www.lavatransforms.org/category/free/user/register
Attempts: 3 - Request URL: www.lavatransforms.org/event/salon916/
Attempts: 4 - Request URL: www.lavatransforms.org/event/salon816/
Attempts: 5 - Request URL: www.lavatransforms.org/lavacalendar
Attempts: 6 - Request URL: www.lavatransforms.org/category/dance/user/register
Attempts: 7 - Request URL: www.lavatransforms.org/category/books/user/register
Attempts: 8 - Request URL: www.lavatransforms.org/category/talks/user/register
Attempts: 9 - Request URL: www.lavatransforms.org/event/broadway-on-my-mind-14/
Attempts: 10 - Request URL: www.lavatransforms.org/flaneur-broadway-on-my-mind-3
Attempts: 11 - Request URL: www.lavatransforms.org/category/poetry/user/register
Attempts: 12 - Request URL: www.lavatransforms.org/event/salon716/
Attempts: 13 - Request URL: www.lavatransforms.org/flaneur-broadway-on-my-mind-4
Attempts: 14 - Request URL: www.lavatransforms.org/flaneur-broadway-on-my-mind-5
Attempts: 15 - Request URL: www.lavatransforms.org/flaneur-broadway-on-my-mind-9
Attempts: 16 - Request URL: www.lavatransforms.org/event/salon616/
Attempts: 17 - Request URL: www.lavatransforms.org/category/occult/user/register
Attempts: 18 - Request URL: www.lavatransforms.org/category/nature/user/register
Attempts: 19 - Request URL: www.lavatransforms.org/flaneur-broadway-on-my-mind-7
Attempts: 20 - Request URL: www.lavatransforms.org/flaneur-broadway-on-my-mind-2
Attempts: 21 - Request URL: www.lavatransforms.org/flaneur-broadway-on-my-mind-13
Attempts: 22 - Request URL: www.lavatransforms.org/flaneur-broadway-on-my-mind-11
Attempts: 23 - Request URL: www.lavatransforms.org/category/occult/page/5/signups
Attempts: 24 - Request URL: www.lavatransforms.org/category/tours/page/31/signups
Attempts: 25 - Request URL: www.lavatransforms.org/category/food/page/4/subscribe
Attempts: 26 - Request URL: www.lavatransforms.org/flaneur-broadway-on-my-mind-10
Attempts: 27 - Request URL: www.lavatransforms.org/category/free/page/12/salon213
Attempts: 28 - Request URL: www.lavatransforms.org/category/blog/page/13/itotushy
Attempts: 29 - Request URL: www.lavatransforms.org/flaneur-broadway-on-my-mind-12
Attempts: 30 - Request URL: www.lavatransforms.org/about/newsletter/subscriptions
Attempts: 31 - Request URL: www.lavatransforms.org/category/technology/user/login
Attempts: 32 - Request URL: www.lavatransforms.org/category/nature/page/4/newsletter/subscriptions
Attempts: 33 - Request URL: www.lavatransforms.org/category/free/page/13/cellartourkingeddydec2012
Attempts: 34 - Request URL: www.lavatransforms.org/category/free/page/12/cellartourkingeddydec2012
Attempts: 35 - Request URL: www.lavatransforms.org/category/poetry/page/2/Mikethepoetla.tumblr.com
Attempts: 36 - Request URL: www.lavatransforms.org/category/talks/page/18/newsletter/subscriptions
Attempts: 37 - Request URL: www.lavatransforms.org/category/tours/page/32/newsletter/subscriptions
Attempts: 38 - Request URL: www.lavatransforms.org/2013/01/30/lummis-house-tour/southwestmuseum2013
Attempts: 39 - Request URL: www.lavatransforms.org/category/lava-exclusives/page/5/nydistilling.com
Attempts: 40 - Request URL: www.lavatransforms.org/category/theater/page/5/myspace.com/jamesadomian
Attempts: 41 - Request URL: www.lavatransforms.org/2015/04/06/lavas-43rd-sunday-salon/user/register
Attempts: 42 - Request URL: www.lavatransforms.org/2015/01/29/lavas-41st-sunday-salon/user/register
Attempts: 43 - Request URL: www.lavatransforms.org/video/salon910/lavatransforms.org/garyleonard910
Attempts: 44 - Request URL: www.lavatransforms.org/2015/02/18/lavas-42nd-sunday-salon/user/register
Attempts: 45 - Request URL: www.lavatransforms.org/category/architecturedesign/page/12/elalisal2013
Attempts: 46 - Request URL: www.lavatransforms.org/category/lava-exclusives/page/9/ArchersBooks.com
Attempts: 47 - Request URL: www.lavatransforms.org/category/preservation/page/12/southwestmuseum2013
Attempts: 48 - Request URL: www.lavatransforms.org/category/education/page/8/myspace.com/jamesadomian
Attempts: 49 - Request URL: www.lavatransforms.org/category/education/page/7/newsletter/subscriptions
Attempts: 50 - Request URL: www.lavatransforms.org/category/history/page/22/cellartourkingeddydec2012
Attempts: 51 - Request URL: www.lavatransforms.org/category/free/page/19/lavatransforms.org/scrapsteel
Attempts: 52 - Request URL: www.lavatransforms.org/category/lava-exclusives/page/8/southwestmuseum2013
Attempts: 53 - Request URL: www.lavatransforms.org/category/blog/page/10/lavatransforms.org/scrapsteel
Attempts: 54 - Request URL: www.lavatransforms.org/category/talks/page/13/lavatransforms.org/scrapsteel
Attempts: 55 - Request URL: www.lavatransforms.org/2010/10/08/the-great-million-dollar-ghost-hunt/signups
Attempts: 56 - Request URL: www.lavatransforms.org/category/history/page/34/lavatransforms.org/scrapsteel
Attempts: 57 - Request URL: www.lavatransforms.org/2015/05/27/canceled-lavas-44th-sunday-salon/user/login
Attempts: 58 - Request URL: www.lavatransforms.org/category/education/page/5/lavatransforms.org/scrapsteel
Attempts: 59 - Request URL: www.lavatransforms.org/category/preservation/page/13/cellartourkingeddydec2012
Attempts: 60 - Request URL: www.lavatransforms.org/category/architecturedesign/page/12/southwestmuseum2013
Attempts: 61 - Request URL: www.lavatransforms.org/category/architecturedesign/page/13/southwestmuseum2013
Attempts: 62 - Request URL: www.lavatransforms.org/category/lava-exclusives/page/8/cellartourkingeddydec2012
Attempts: 63 - Request URL: www.lavatransforms.org/2015/05/27/canceled-lavas-44th-sunday-salon/user/register
Attempts: 64 - Request URL: www.lavatransforms.org/category/lava-exclusives/page/9/cellartourkingeddydec2012
Attempts: 65 - Request URL: www.lavatransforms.org/category/lava-exclusives/page/15/newsletter/subscriptions
Attempts: 66 - Request URL: www.lavatransforms.org/video-category/musso-frank-literary-salons/ArchersBooks.com
Attempts: 67 - Request URL: www.lavatransforms.org/2010/05/salon510
Attempts: 68 - Request URL: www.lavatransforms.org/category/preservation/page/20/lavatransforms.org/scrapsteel
Attempts: 69 - Request URL: www.lavatransforms.org/category/architecturedesign/page/13/cellartourkingeddydec2012
Attempts: 70 - Request URL: www.lavatransforms.org/video/salon214/lavatransforms.org/flaneur-broadway-on-my-mind-6
Attempts: 71 - Request URL: www.lavatransforms.org/category/forensic-science-seminar/page/3/newsletter/subscriptions
Attempts: 72 - Request URL: www.lavatransforms.org/2013/01/30/tour-is-full-tour-of-judson-glass-studios/elalisal2013
Attempts: 73 - Request URL: www.lavatransforms.org/category/free/page/7/lavatransforms.org/flaneur-broadway-on-my-mind-6
Attempts: 74 - Request URL: www.lavatransforms.org/category/food/page/2/lavatransforms.org/flaneur-broadway-on-my-mind-6
Attempts: 75 - Request URL: www.lavatransforms.org/2011/11/01/sold-out-the-lava-salon-at-musso-frank-featuring-dan-fante/
Attempts: 76 - Request URL: www.lavatransforms.org/2013/09/24/dorothy-parker-book-release-cocktail-party/nydistilling.com
Attempts: 77 - Request URL: www.lavatransforms.org/category/dance/page/2/lavatransforms.org/flaneur-broadway-on-my-mind-6
Attempts: 78 - Request URL: www.lavatransforms.org/category/talks/page/5/lavatransforms.org/flaneur-broadway-on-my-mind-6
Attempts: 79 - Request URL: www.lavatransforms.org/category/books/page/6/lavatransforms.org/flaneur-broadway-on-my-mind-6
Attempts: 80 - Request URL: www.lavatransforms.org/2012/10/09/the-lava-salon-jim-tully-a-hobo-in-hollywood/ArchersBooks.com
Attempts: 81 - Request URL: www.lavatransforms.org/2013/01/30/tour-is-full-tour-of-judson-glass-studios/southwestmuseum2013
Attempts: 82 - Request URL: www.lavatransforms.org/category/history/page/12/lavatransforms.org/flaneur-broadway-on-my-mind-6
Attempts: 83 - Request URL: www.lavatransforms.org/video-category/lava-sunday-salon/page/5/lavatransforms.org/garyleonard910
Attempts: 84 - Request URL: www.lavatransforms.org/category/spirituality/page/3/lavatransforms.org/flaneur-broadway-on-my-mind-6
Attempts: 85 - Request URL: www.lavatransforms.org/video-category/cliftons-sunday-salon/page/2/lavatransforms.org/garyleonard910
Attempts: 86 - Request URL: www.lavatransforms.org/category/lava-exclusives/page/4/lavatransforms.org/flaneur-broadway-on-my-mind-6
Attempts: 87 - Request URL: www.lavatransforms.org/2013/09/09/whisky-poetry-salon-with-mike-the-poet-sonksen/Mikethepoetla.tumblr.com
Attempts: 88 - Request URL: www.lavatransforms.org/2014/01/16/lavas-33rd-sunday-salon/lavatransforms.org/flaneur-broadway-on-my-mind-6
Attempts: 89 - Request URL: www.lavatransforms.org/video-category/lava-sunday-salon/page/2/lavatransforms.org/flaneur-broadway-on-my-mind-6
Attempts: 90 - Request URL: www.lavatransforms.org/2010/04/14/826las-dead-author-readings-at-upright-citizens-brigade/myspace.com/jamesadomian
Attempts: 91 - Request URL: www.lavatransforms.org/2012/01/27/the-lava-salon-at-musso-frank-down-these-mean-streets-raymond-chandlers-underworld/
Attempts: 92 - Request URL: www.lavatransforms.org/video-category/les-noces-du-figaro-sunday-salon/lavatransforms.org/flaneur-broadway-on-my-mind-6
