Attempts: 1 - Request URL: www.lavatransforms.org/web/20151005014436/http:/astore.amazon.com/bubble1-20/detail/1461082102
Attempts: 2 - Request URL: www.lavatransforms.org/ijmkczl-apxv-q33168-vqvlu/c320171946-swugxabi-lifndge-ebtuzcu-tbvphi.do
Attempts: 3 - Request URL: www.lavatransforms.org/vekhuv-q22873-mkwtsgfu-iliobv-holpnhr-c320171944-sphhc-fqlisd.do
Attempts: 4 - Request URL: www.lavatransforms.org/supshgfl-ggbj/c320171942-gjsn-q3547-ysoq/
Attempts: 5 - Request URL: www.lavatransforms.org/event/eastside-babylon-crime-bus-tour-5/feed/
Attempts: 6 - Request URL: www.lavatransforms.org/vekh-q30595-uvmkw/tsgfuil-iobvho-c320171944-lpnhrsph-hcfq/
Attempts: 7 - Request URL: www.lavatransforms.org/nwoox-q41900-iupvmd-bwpw-ilrdiw/rmye-uxeasxan-peugz-dtkhul-c320171948-mugdp-yviphxub-bevms.do
Attempts: 8 - Request URL: www.lavatransforms.org/c320171945-jmuqthjv-funz-q1997-ewdq-dbge-pmvmcou.do
Attempts: 9 - Request URL: www.lavatransforms.org/c320171940-gpjt-optdk-ylloi-vowjr-q40154-uaqhq-yytil-nbrxmavt-nzsa-kxdlhm-itbqxy-nqbhilub/
Attempts: 10 - Request URL: www.lavatransforms.org/c320171944-ovlxv-uhbnzq-q17650-epdy-htghkr/
Attempts: 11 - Request URL: www.lavatransforms.org/jmuqthj-vfunzewd-qdbgepmv-mcoubsfg-deubfz-c320171941-q14061-ogqhww-nwveyb.do
Attempts: 12 - Request URL: www.lavatransforms.org/c320171940-supshg-flggbjgj-snysoq-ffyxixw/fxkou-rehjmi-q50243-nfoza-kzdzkle-mkkxujz-wwdkwsh-iicc/
Attempts: 13 - Request URL: www.lavatransforms.org/migcbnvr-q26797-tpin-vxxg-c320171943-rtns-gepovld-kcxw.do
Attempts: 14 - Request URL: www.lavatransforms.org/q50030-psfvr-cazoby-tkrz-c320171943-bghtdl-ifnu/
Attempts: 15 - Request URL: www.lavatransforms.org/rtcyi-ozsukw-fhou-kpevtv/q2860-tuej-fydydlbp-wfaay-oadefz-c320171948-rwold-sedqrmxq-jkopf-dktctj.do
Attempts: 16 - Request URL: www.lavatransforms.org/supshg-flggbjgj-snysoq/q42963-ffyxixw-fxkou-rehjmi-nfoza-c320171943-kzdzkle/
Attempts: 17 - Request URL: www.lavatransforms.org/xlswzq-qyjihxtb-ppoxej-q38313-mnwghcn-lvjqg-wixsde-huemy-c320171947-bbyrhzn-uzsdcdt-famyabm.do
Attempts: 18 - Request URL: www.lavatransforms.org/pasadena2015
Attempts: 19 - Request URL: www.lavatransforms.org/chandler125
Attempts: 20 - Request URL: www.lavatransforms.org/migcbn-vrtpinvx-xgrtns/q35403-gepovld-kcxwt-moybkg-lzllq-c320171943-xjojzfu/
Attempts: 21 - Request URL: www.lavatransforms.org/q14432-tchdyt-c320171941-dxcwtwn-fomxdj-anbxk/ftitkltf-glwxqcc-guql-axbqakr-tuiqdklm-drqkf-owkqbup.do
Attempts: 22 - Request URL: www.lavatransforms.org/event/crimelabapril2017/feed/
Attempts: 23 - Request URL: www.lavatransforms.org/fbvfmb-ijijcpzg-frnksn-q27413-suslgps-c320171944-mhimw.do
Attempts: 24 - Request URL: www.lavatransforms.org/ijmkcz-c320171941-lapxvvq-q43282-vluswu-gxabi/
Attempts: 25 - Request URL: www.lavatransforms.org/web/20151005014436/http:/www.figarobistrot.com/
Attempts: 26 - Request URL: www.lavatransforms.org/jmuqt-q30649-hjvfunz-ewdqdbge-c320171943-pmvmcou-bsfg-deubfzog.do
Attempts: 27 - Request URL: www.lavatransforms.org/nwooxi-upvmdbw-q31942-pwilrd-c320171947-iwrmy/
Attempts: 28 - Request URL: www.lavatransforms.org/c320171940-gpjt-optdk-ylloi-vowjr-q6354-uaqhq-yytil-nbrxmavt-nzsa-kxdlhm-itbqxy/
