Attempts: 1 - Request URL: www.lavatransforms.org/category/lava-exclusives/page/9/subscribe
Attempts: 2 - Request URL: www.lavatransforms.org/web/20151005000523/http:/lavatransforms.org/fitzgeraldwalk3
Attempts: 3 - Request URL: www.lavatransforms.org/web/20151005000523/http:/lavatransforms.org/fitzgeraldwalk4
Attempts: 4 - Request URL: www.lavatransforms.org/2010/06/12/la-street-/d-fests-summer-tasting-event/
Attempts: 5 - Request URL: www.lavatransforms.org/category/art/user/login
Attempts: 6 - Request URL: www.lavatransforms.org/salon-zemeckis-october2013
Attempts: 7 - Request URL: www.lavatransforms.org/user/1557/track
Attempts: 8 - Request URL: www.lavatransforms.org/category/architecturedesign/page/12/southwestmuseum2013
Attempts: 9 - Request URL: www.lavatransforms.org/event/south-l-a-road-trip-hot-rods-adobes-googie-early-modernism-3/feed/
Attempts: 10 - Request URL: www.lavatransforms.org/event/hotelcalifornian-neon/feed/
Attempts: 11 - Request URL: www.lavatransforms.org/category/free/page/7/lavatransforms.org/flaneur-broadway-on-my-mind-6
Attempts: 12 - Request URL: www.lavatransforms.org/user/1523/track
Attempts: 13 - Request URL: www.lavatransforms.org/broadwaysignage-may2014
Attempts: 14 - Request URL: www.lavatransforms.org/user/259
Attempts: 15 - Request URL: www.lavatransforms.org/taxonomy/term/31
Attempts: 16 - Request URL: www.lavatransforms.org/2013/09/09/whisky-poetry-salon-with-mike-the-poet-sonksen/Mikethepoetla.tumblr.com
Attempts: 17 - Request URL: www.lavatransforms.org/category/free/page/8/nydistilling.com
Attempts: 18 - Request URL: www.lavatransforms.org/user/13/track
Attempts: 19 - Request URL: www.lavatransforms.org/user/1523
Attempts: 20 - Request URL: www.lavatransforms.org/event/eastside-babylon-crime-bus-tour-5/feed/
Attempts: 21 - Request URL: www.lavatransforms.org/event/crimelabapril2017/feed/
Attempts: 22 - Request URL: www.lavatransforms.org/event/desert-visionaries-llano-del-rio-antelope-valley-indian-museum-aldous-huxleys-pearblossom-ranch-saturday-june-17th/feed/
Attempts: 23 - Request URL: www.lavatransforms.org/dahlia115
Attempts: 24 - Request URL: www.lavatransforms.org/category/lava-vocabulary/tours/page/15/elalisal2013
Attempts: 25 - Request URL: www.lavatransforms.org/category/lava-vocabulary/dance/user/register
Attempts: 26 - Request URL: www.lavatransforms.org/event/salon717/feed/
Attempts: 27 - Request URL: www.lavatransforms.org/category/history/page/41/signups
Attempts: 28 - Request URL: www.lavatransforms.org/category/lava-vocabulary/books/page/6/lavatransforms.org/flaneur-broadway-on-my-mind-6
Attempts: 29 - Request URL: www.lavatransforms.org/web/20140519171846/http:/en.wikipedia.org/wiki/Los_Angeles_Science_Fantasy_Society
Attempts: 30 - Request URL: www.lavatransforms.org/web/20151005000523/http:/lavatransforms.org/fitzgeraldwalk3
