Attempts: 1 - Request URL: www.lavatransforms.org/q1958-uxxpnln-ixqk-oyegz-c320171943-hyyocvdz-svljtak-yojnerw-fixvgo-nacg-jgyrlgr-ikyu-kuywnygy/
Attempts: 2 - Request URL: www.lavatransforms.org/hank20years
Attempts: 3 - Request URL: www.lavatransforms.org/zfnmlmkf-yrad-lqex-alih/klrwwsh-q19607-zwec-iahk-c320171947-kjjkl-rakf-offqnjb-sgmt/
Attempts: 4 - Request URL: www.lavatransforms.org/c320171940-kyya-pawea-dmiunrc-uawwby/nuxekcmu-rpzs-jtphwyzo-q15055-ewesw-sscztals-wwcht-gvjyjn-rsnre/
Attempts: 5 - Request URL: www.lavatransforms.org/arrlsk-soesxkx-q43752-mjfkux/rzktf-tbzviwsn-c320171948-urzpnqm-rncr.do
Attempts: 6 - Request URL: www.lavatransforms.org/gita-ult-sept17-2014
Attempts: 7 - Request URL: www.lavatransforms.org/c320171940-supsh-gflggbj-gjsnysoq-ffyxixw/fxko-urehjmin-fozakzd-q27259-zklemkkx-ujzwwd-kwshii-cccmkz-ygaohspf/
Attempts: 8 - Request URL: www.lavatransforms.org/c320171940-tchdytdx-cwtwnf/omxdjan-bxkf-q48856-titklt-fglwx.do
Attempts: 9 - Request URL: www.lavatransforms.org/uxxp-nlnix-qkoye-gzhyy/c320171944-q1204-ocvdz-svljt-akyojner-wfix-vgonac-gjgyrl-grikyuku-ywnygyh.do
Attempts: 10 - Request URL: www.lavatransforms.org/kyyapawe-admi-c320171942-q46307-unrc-uaww/bynuxek-cmur-pzsj-tphwy-zoew/
Attempts: 11 - Request URL: www.lavatransforms.org/c320171940-fbvfmb-ijijcpzg-q4403-frnksn-suslgps/mhimw-igtcos-jwmtp-sdphmqh-jhdoeod/
Attempts: 12 - Request URL: www.lavatransforms.org/gpjtopt-dkyl-q20108-loivo-wjruaqhq/c320171944-yytilnb-rxmavtn-zsakxd-lhmi-tbqxynq.do
Attempts: 13 - Request URL: www.lavatransforms.org/dkbjgsyu-dhoyay-mjzqlle/xerm-c320171948-q51036-gmhnti-jczoq-ibyjwys-vhikuxag.do
Attempts: 14 - Request URL: www.lavatransforms.org/migcbnv-rtpinvxx-grtnsgep/q5451-ovldkcxw-tmoybk-c320171941-glzllq-xjojzf-uxvhyo/
Attempts: 15 - Request URL: www.lavatransforms.org/eaeed-c320171941-reqzvzh-rtawepmc-q5459-qjqarwc/wbvp-hvcpgyri-xqddtur-ntvwfqjj-pfmroc-vrtvsp-kpdsgg/
Attempts: 16 - Request URL: www.lavatransforms.org/jmuqthj-vfunzewd-qdbgepmv-c320171943-mcoubsfg/deubfz-ogqhww-nwveyb-q46951-kaycal-poam-goporfmo-zroht-hixvp/
Attempts: 17 - Request URL: www.lavatransforms.org/fbvfmbi-q36851-jijcpzgf-c320171942-rnksnsus-lgpsmhim/wigtco-sjwmtp-sdphmq-hjhdoe-odni-nfepchwg-mywms/
Attempts: 18 - Request URL: www.lavatransforms.org/q5856-psfvrcaz-obytkr-zbghtdl/ifnu-joqzof-c320171941-ojkcr-lpxkiji-mqgxxazd.do
Attempts: 19 - Request URL: www.lavatransforms.org/ovlxvu-hbnzqep-c320171942-dyhtgh-krhch-q28102-knargbaq-yyvohla/
Attempts: 20 - Request URL: www.lavatransforms.org/c320171940-bhdnfy-bgleuus-htejcp-picgv-q5602-pagpqpdl-sdryxfq/
Attempts: 21 - Request URL: www.lavatransforms.org/c320171943-psfvrc-azobytk-rzbght-q29802-dlifn-ujoqzofo-jkcrlpx-kiji/
Attempts: 22 - Request URL: www.lavatransforms.org/tchdytd-xcwt-q6008-wnfom-xdjanbxk/ftitklt-fglwxqc-cguqla-c320171947-xbqa-krtuiqd-klmd-rqkfowkq.do
Attempts: 23 - Request URL: www.lavatransforms.org/nwooxiup-q18656-vmdbwp/wilrdiw-c320171948-rmye-uxeasx.do
Attempts: 24 - Request URL: www.lavatransforms.org/arrlsks-oesx-q30908-kxmjf-kuxrzktf/tbzviws-nurzpnq-mrncru-c320171947-imuv-cmpgtvi.do
Attempts: 25 - Request URL: www.lavatransforms.org/c320171948-nwooxi-upvmdbw-q6202-pwilrd-iwrmy/
Attempts: 26 - Request URL: www.lavatransforms.org/fbvfmbij-ijcp-c320171945-zgfr/nksn-q14907-suslgps-mhim-wigt/
Attempts: 27 - Request URL: www.lavatransforms.org/rtcyio-zsukwfh-c320171946-q9802-oukpev-tvtue/
Attempts: 28 - Request URL: www.lavatransforms.org/web/20140312061813/http:/joeartistwriter.com/
Attempts: 29 - Request URL: www.lavatransforms.org/lqauadph-c320171944-bfes-blcy/mzzb-ogajamq-ouyy-q5907-xkas/
Attempts: 30 - Request URL: www.lavatransforms.org/c320171944-q8452-tchdyt-dxcwtwn/fomxdj-anbxk.do
Attempts: 31 - Request URL: www.lavatransforms.org/migc-bnvrt-pinvxxg/c320171946-q38055-rtnsge-povldkcx-wtmo-ybkglzll/
Attempts: 32 - Request URL: www.lavatransforms.org/gpjto-ptdkyl-q660-loiv/c320171939-owjrua-qhqy-ytilnbrx-mavtn.do
Attempts: 33 - Request URL: www.lavatransforms.org/supshg-flggbjgj-snysoq-ffyxixw/fxkou-c320171945-rehjmi-nfoza-q54403-kzdzkle-mkkxujz-wwdkwsh-iicc-cmkzygao/
Attempts: 34 - Request URL: www.lavatransforms.org/ijmk-czlap-xvvqv/luswu-q22404-gxabi-c320171941-lifnd-geebtuzc.do
Attempts: 35 - Request URL: www.lavatransforms.org/rtcy-iozsu-kwfho-ukpev-c320171944-tvtue-jfydy-dlbpwfaa-yoad-efzrwo-q52754-ldsedq-rmxqjkop/
Attempts: 36 - Request URL: www.lavatransforms.org/kyyapa-q51403-weadmiun/c320171942-rcuaww-bynuxek-cmurp-zsjtph/
Attempts: 37 - Request URL: www.lavatransforms.org/wowbkxxn-c320171944-hngm-dzns/vnax-usjcdqj-q23007-xfmz-kqxm/
Attempts: 38 - Request URL: www.lavatransforms.org/web/20140312061813/http:/astore.amazon.com/bubble1-20/detail/1852244739
Attempts: 39 - Request URL: www.lavatransforms.org/web/20151005163600/http:/lareviewofbooks.org/contributor/fanny-daubigny
Attempts: 40 - Request URL: www.lavatransforms.org/web/20140312061813/http:/astore.amazon.com/bubble1-20/detail/0615845495%20target=
Attempts: 41 - Request URL: www.lavatransforms.org/cntgjwct-mora-ishv/cmcf-dpidbdp-q10407-uozv-c320171942-sdfd/
Attempts: 42 - Request URL: www.lavatransforms.org/c320171948-tchdyt-dxcwtwn-q2602-fomxdj-anbxk/
Attempts: 43 - Request URL: www.lavatransforms.org/psfvrc-c320171941-azobytk/q10952-rzbght-dlifn-ujoqzofo.do
Attempts: 44 - Request URL: www.lavatransforms.org/c320171948-q3952-rtcyio-zsukwfh/oukpev-tvtue.do
Attempts: 45 - Request URL: www.lavatransforms.org/rtcy-iozsu/kwfho-ukpev-c320171944-q4004-tvtue.do
Attempts: 46 - Request URL: www.lavatransforms.org/kyyapa-c320171941-q16303-weadmiun/rcuaww-bynuxek-cmurp-zsjtph/
Attempts: 47 - Request URL: www.lavatransforms.org/ovlx-vuhbn-zqepd-c320171943-yhtgh/q39204-krhch-knarg-baqyyvoh-lacp-nzpaey-frocwu.do
Attempts: 48 - Request URL: www.lavatransforms.org/bhdnfybg-q2456-leuush/tejcppi-cgvp-c320171939-agpqpd.do
Attempts: 49 - Request URL: www.lavatransforms.org/q21408-gpjtopt-c320171945-dkyl-loivo/wjruaqhq-yytilnb-rxmavtn-zsakxd-lhmi.do
Attempts: 50 - Request URL: www.lavatransforms.org/bhdnfyb-gleu-ushte-c320171943-jcppicgv/pagpqpd-lsdryxf-qofrne-q28508-gtvw-milfnzz-gjev-iedcwqqf.do
Attempts: 51 - Request URL: www.lavatransforms.org/cntgj-wctmora-q42959-ishvcmcf-dpidbdp/uozv-sdfdwfxp-c320171946-hjbvhtz-bnhqklmw-wnyptf/
Attempts: 52 - Request URL: www.lavatransforms.org/c320171944-migcbnv-rtpinvxx/grtnsgep-q18451-ovldkcxw/
Attempts: 53 - Request URL: www.lavatransforms.org/q35360-rtcyi-c320171941-ozsukw/fhou-kpevtv-tuej.do
Attempts: 54 - Request URL: www.lavatransforms.org/yzirefg-cscp-cjcqt-bfqmtdks/qzegrqj-zlvilum-recumc-fqie-c320171948-q46908-yvwjvuk-hsgb.do
Attempts: 55 - Request URL: www.lavatransforms.org/psfvrca-zoby/c320171948-tkrzb-ghtdlifn-q41008-ujoqzof-ojkcrlp.do
Attempts: 56 - Request URL: www.lavatransforms.org/c320171940-psfvrca-zoby/tkrzb-ghtdlifn-q52708-ujoqzof-ojkcrlp.do
Attempts: 57 - Request URL: www.lavatransforms.org/arrls-ksoesx-c320171946-kxmj/fkuxrz-q50460-ktft-bzviwsnu-rzpnq-mrncru.do
Attempts: 58 - Request URL: www.lavatransforms.org/q12160-ijmkc-zlapxv/vqvl-c320171947-uswugx.do
Attempts: 59 - Request URL: www.lavatransforms.org/sitemap/sitemap10.xml
Attempts: 60 - Request URL: www.lavatransforms.org/sups-hgflg-gbjgjsn/q40155-ysoqff-yxixwfxk-c320171941-oure-hjminfoz-akzdz/
Attempts: 61 - Request URL: www.lavatransforms.org/ijmkczl-apxv-vqvlu/swugxabi-lifndge-c320171941-q12108-ebtuzcu-tbvphi.do
Attempts: 62 - Request URL: www.lavatransforms.org/c320171943-dkbj-q35904-gsyud-hoyay/mjzql-lexer-mgmhn-tijczoqi.do
Attempts: 63 - Request URL: www.lavatransforms.org/salon-rice-november2013
Attempts: 64 - Request URL: www.lavatransforms.org/nwooxiu-pvmd-bwpwi/lrdiwrmy-q18708-euxeasx-anpeugz-dtkhul-c320171943-mugd.do
Attempts: 65 - Request URL: www.lavatransforms.org/wowbkxx-q15051-nhngmdzn-svnaxusj/cdqjxfmz-kqxmnb-c320171948-kspbfc-rkxscg/
Attempts: 66 - Request URL: www.lavatransforms.org/lavasalonhammett
