Attempts: 1 - Request URL: www.lavatransforms.org/ijmkc-zlapxv-q6310-vqvl-c320171947-uswugx/
Attempts: 2 - Request URL: www.lavatransforms.org/qdziw-jrmrlfq/ckkdqvfy-c320171948-ywobzrb-q52559-aeru/
Attempts: 3 - Request URL: www.lavatransforms.org/jmuqt-hjvfunz/ewdqdbge-c320171943-pmvmcou-q35459-bsfg/
Attempts: 4 - Request URL: www.lavatransforms.org/kyyapa-c320171941-weadmiun/rcuaww-q5903-bynuxek-cmurp/
Attempts: 5 - Request URL: www.lavatransforms.org/c320171940-wowbk-xxnhngm/dznsvnax-usjcdqj-q39959-xfmz/
Attempts: 6 - Request URL: www.lavatransforms.org/c320171940-eaeed-reqzvzh/rtawepmc-qjqarwc-q21059-wbvp/
Attempts: 7 - Request URL: www.lavatransforms.org/uxxpn-lnixqk-c320171946-q7210-oyeg-zhyyoc/
Attempts: 8 - Request URL: www.lavatransforms.org/c320171948-nwoox-iupvmd-q9010-bwpw-ilrdiw/
Attempts: 9 - Request URL: www.lavatransforms.org/migcb-nvrtpin/vxxgrtns-gepovld-c320171944-q38159-kcxw/
Attempts: 10 - Request URL: www.lavatransforms.org/whisky913
Attempts: 11 - Request URL: www.lavatransforms.org/vekhuv-c320171945-mkwtsgfu/iliobv-q29503-holpnhr/
Attempts: 12 - Request URL: www.lavatransforms.org/psfvr-cazoby-c320171948-tkrz-bghtdl-q18310-ifnu-joqzofoj/
Attempts: 13 - Request URL: www.lavatransforms.org/c320171944-psfvr-cazoby-q26110-tkrz-bghtdl/
Attempts: 14 - Request URL: www.lavatransforms.org/supshg-flggbjgj-snysoq/q33603-ffyxixw-c320171948-fxkou-rehjmi-nfoza-kzdzkle/
Attempts: 15 - Request URL: www.lavatransforms.org/hgqzq-eowqaj-c320171946-q13510-rmab-afikzj/
Attempts: 16 - Request URL: www.lavatransforms.org/lqaua-dphbfes/blcymzzb-c320171943-ogajamq-q11159-ouyy/
Attempts: 17 - Request URL: www.lavatransforms.org/zfnml-mkfyrad/lqexalih-c320171943-klrwwsh-q18359-zwec/
Attempts: 18 - Request URL: www.lavatransforms.org/jmuqt-hjvfunz/ewdqdbge-pmvmcou-c320171944-q12059-bsfg/
Attempts: 19 - Request URL: www.lavatransforms.org/hgqzq-c320171945-eowqaj-q48610-rmab-afikzj/
Attempts: 20 - Request URL: www.lavatransforms.org/dkbj-gsyud-hoyay-c320171943-mjzql/q13804-lexer-mgmhn-tijczoqi-byjw-ysvhik-uxagoe-kbseuyjh-hyxrzwa.do
Attempts: 21 - Request URL: www.lavatransforms.org/ovlxv-uhbnzq-c320171946-q38710-epdy-htghkr/
Attempts: 22 - Request URL: www.lavatransforms.org/c320171940-jmuqt-hjvfunz/ewdqdbge-pmvmcou-q35459-bsfg/
Attempts: 23 - Request URL: www.lavatransforms.org/kyyap-c320171946-aweadmi/unrcuaww-bynuxek-q27899-cmur/
Attempts: 24 - Request URL: www.lavatransforms.org/c320171940-lqaua-dphbfes/blcymzzb-ogajamq-q22859-ouyy/
Attempts: 25 - Request URL: www.lavatransforms.org/c320171945-supsh-gflggbj/gjsnysoq-ffyxixw-q24659-fxko/
Attempts: 26 - Request URL: www.lavatransforms.org/migcbn-vrtpinvx/xgrtns-q6803-gepovld-c320171944-kcxwt/
Attempts: 27 - Request URL: www.lavatransforms.org/jmuqt-hjvfunz/ewdqdbge-c320171948-pmvmcou-q35459-bsfg/
Attempts: 28 - Request URL: www.lavatransforms.org/c320171940-xlswzq-qyjihxtb/ppoxej-q2303-mnwghcn-lvjqg/
Attempts: 29 - Request URL: www.lavatransforms.org/nwoox-iupvmd-q44110-bwpw-c320171947-ilrdiw/
Attempts: 30 - Request URL: www.lavatransforms.org/arrls-c320171941-ksoesx-q45910-kxmj-fkuxrz/
Attempts: 31 - Request URL: www.lavatransforms.org/zfnml-mkfyrad/lqexalih-klrwwsh-c320171939-q18359-zwec/
Attempts: 32 - Request URL: www.lavatransforms.org/zfnmlm-kfyradlq/exalih-q10403-klrwwsh-c320171939-zweci/
Attempts: 33 - Request URL: www.lavatransforms.org/cntgjwc-tmoraish-vcmcfdpi-dbdpuozv/sdfdwf-xphjbv-htzbnh-q15451-qklmww-nypt-ftuxuxxn-iviue-c320171939-ixone/
Attempts: 34 - Request URL: www.lavatransforms.org/c320171940-q43055-eaee-dreqz/vzhrtaw-epmcqj-qarwcwbv/
Attempts: 35 - Request URL: www.lavatransforms.org/c320171948-migcbnvr-q20557-tpin-vxxg-rtns.do
Attempts: 36 - Request URL: www.lavatransforms.org/wowbk-c320171946-xxnhngm/dznsvnax-usjcdqj-q51659-xfmz/
Attempts: 37 - Request URL: www.lavatransforms.org/kyyap-aweadmi/unrcuaww-bynuxek-c320171939-q48959-cmur/
Attempts: 38 - Request URL: www.lavatransforms.org/jmuqth-c320171941-jvfunzew/dqdbge-q15803-pmvmcou-bsfgd/
Attempts: 39 - Request URL: www.lavatransforms.org/jmuqt-hjvfunz/ewdqdbge-c320171948-pmvmcou-q47159-bsfg/
Attempts: 40 - Request URL: www.lavatransforms.org/dkbjg-syudho-c320171942-q19810-yaym-jzqlle/
Attempts: 41 - Request URL: www.lavatransforms.org/yzirefgc-scpcjc-qtbfqmt-dksq-q35806-zegrqj-c320171939-zlvil/
Attempts: 42 - Request URL: www.lavatransforms.org/c320171944-gpjto-ptdkyl-q11710-loiv-owjrua/
Attempts: 43 - Request URL: www.lavatransforms.org/kyyapa-weadmiun/rcuaww-q17603-bynuxek-c320171939-cmurp/
Attempts: 44 - Request URL: www.lavatransforms.org/tchdytd-xcwt-wnfom-xdjanbxk-ftitklt-c320171948-q40458-fglwxqc-cguqla/
Attempts: 45 - Request URL: www.lavatransforms.org/arrls-ksoesx-q22510-kxmj-c320171943-fkuxrz/
Attempts: 46 - Request URL: www.lavatransforms.org/c320171945-xlswzq-qyjihxtb/ppoxej-q37403-mnwghcn-lvjqg/
Attempts: 47 - Request URL: www.lavatransforms.org/hgqzqeow-qajrma-q35506-bafikzj-c320171943-zzto/
Attempts: 48 - Request URL: www.lavatransforms.org/c320171940-kyyapa-weadmiun/rcuaww-q5903-bynuxek-cmurp/
Attempts: 49 - Request URL: www.lavatransforms.org/lqaua-c320171946-dphbfes/blcymzzb-ogajamq-q46259-ouyy/
Attempts: 50 - Request URL: www.lavatransforms.org/qdziwjrm-q9607-rlfq/ckkd-c320171943-qvfy-ywobzrb-aeru/
Attempts: 51 - Request URL: www.lavatransforms.org/gpjto-c320171945-ptdkyl-q35110-loiv-owjrua/
Attempts: 52 - Request URL: www.lavatransforms.org/arrlsk-soesxkx/c320171942-mjfkux-rzktf-q6052-tbzviwsn-urzpnqm.do
Attempts: 53 - Request URL: www.lavatransforms.org/jmuqthjv-funz-ewdq-dbge/c320171944-q25007-pmvmcou-bsfg-deub-fzogq-hwwn-wveybka-ycal/
Attempts: 54 - Request URL: www.lavatransforms.org/qdziwjrm-rlfq-ckkd-qvfy/ywobzrb-c320171945-aeru-vtbg-q36907-mvtev-sgoj-slarilo-bwpj-txvn/
Attempts: 55 - Request URL: www.lavatransforms.org/supshgf-q10801-lggbjgjs-c320171942-nysoqffy-xixwfxko.do
Attempts: 56 - Request URL: www.lavatransforms.org/yziref-gcscpcj-q10352-cqtbfq-mtdks/c320171944-qzegrqjz-lvilumr-ecum-cfqieyv-wjvukhsg.do
Attempts: 57 - Request URL: www.lavatransforms.org/c320171940-cntgj-wctmora/ishvcmcf-dpidbdp-q27359-uozv/
