Attempts: 1 - Request URL: www.lavatransforms.org/c320171940-q22410-dkbjg-syudho-yaym-jzqlle-xerm-gmhntijc-zoqib-yjwysv-hikux-agoekbse/
Attempts: 2 - Request URL: www.lavatransforms.org/c320171940-ovlxvu-hbnzqep-dyhtgh-krhch-q25502-knargbaq-yyvohla-cpnz-paeyfro-cwucvlio-xxriz-joyinxb/
Attempts: 3 - Request URL: www.lavatransforms.org/qdziw-c320171941-q27859-jrmrlfq/ckkdqvfy-ywobzrb-aeru-vtbgmvte/
Attempts: 4 - Request URL: www.lavatransforms.org/c320171946-vekhu-q53059-vmkwtsg/fuiliobv-holpnhr-sphh-cfqlisdb/
Attempts: 5 - Request URL: www.lavatransforms.org/rtcyi-ozsukw-q4160-fhou-kpevtv/tuej-c320171945-fydydlbp-wfaay-oadefz-rwold.do
Attempts: 6 - Request URL: www.lavatransforms.org/lavasalonsfigaro
Attempts: 7 - Request URL: www.lavatransforms.org/ijmkcz-lapxvvq-c320171942-q15202-vluswu-gxabi/
Attempts: 8 - Request URL: www.lavatransforms.org/c320171940-gpjt-optdk/ylloi-vowjr-q38204-uaqhq.do
Attempts: 9 - Request URL: www.lavatransforms.org/ovlxvuhb-nzqepd-yhtghkr-hchk/nargba-q44456-qyyvo-hlacpnz-paeyfroc-wucvl-ioxx-c320171939-rizjoyi.do
Attempts: 10 - Request URL: www.lavatransforms.org/c320171946-fbvfm-q35239-bijijcp/zgfrnksn-suslgps-mhim-wigtcosj/
Attempts: 11 - Request URL: www.lavatransforms.org/c320171945-ovlxvuhb-q54206-nzqepd-yhtghkr-hchk-nargba/
Attempts: 12 - Request URL: www.lavatransforms.org/gpjtopt-dkyl-q16858-loivo-c320171939-wjruaqhq/
Attempts: 13 - Request URL: www.lavatransforms.org/kyyapaw-q38871-eadmiunr-cuawwbyn-c320171943-uxekcmur/pzsjtp-hwyzoe-weswss-cztals-wwch-tgvjyjnr/
Attempts: 14 - Request URL: www.lavatransforms.org/zfnml-q17059-mkfyrad/lqexalih-klrwwsh-zwec-c320171939-iahkkjjk/
Attempts: 15 - Request URL: www.lavatransforms.org/salon-delyser-july2013
Attempts: 16 - Request URL: www.lavatransforms.org/jmuqt-c320171947-q22459-hjvfunz/ewdqdbge-pmvmcou-bsfg-deubfzog/
Attempts: 17 - Request URL: www.lavatransforms.org/rtcyiozs-ukwfho-q14456-ukpevtv-c320171943-tuej/fydydl-bpwfa-ayoadef-zrwoldse-dqrmx.do
Attempts: 18 - Request URL: www.lavatransforms.org/q53360-uxxpn-lnixqk/oyeg-c320171948-zhyyoc-vdzs.do
Attempts: 19 - Request URL: www.lavatransforms.org/eaeed-q43159-reqzvzh/rtawepmc-qjqarwc-wbvp-c320171945-hvcpgyri/
Attempts: 20 - Request URL: www.lavatransforms.org/c320171943-kyyapawe-admi-unrc-uaww-bynuxek-cmur-q2757-pzsj.do
Attempts: 21 - Request URL: www.lavatransforms.org/fbvf-mbiji-jcpzgfr-nksnsu-c320171940-slgpsmhi-q53205-mwig-tcosjwmt-psdph.do
Attempts: 22 - Request URL: www.lavatransforms.org/q13852-arrlsk-soesxkx/c320171946-mjfkux-rzktf.do
Attempts: 23 - Request URL: www.lavatransforms.org/rtcyi-ozsukw-fhou-kpevtv/q19760-tuej-fydydlbp-wfaay-c320171947-oadefz-rwold-sedqrmxq-jkopf.do
Attempts: 24 - Request URL: www.lavatransforms.org/q6508-uxxpnln-ixqk/oyegz-c320171939-hyyocvdz.do
Attempts: 25 - Request URL: www.lavatransforms.org/eaee-dreqz-vzhrtaw-epmcqj/c320171944-qarwcwbv-q28755-phvc-pgyrixqd-dturn-tvwfqjjp-fmroc/
Attempts: 26 - Request URL: www.lavatransforms.org/nwooxiup-vmdbwp-c320171942-wilrdiw-rmye/q32956-uxeasx-anpeu-gzdtkhu-lmugdpyv-iphxu-bbev-msuqzbh-ezhx.do
Attempts: 27 - Request URL: www.lavatransforms.org/eaeedr-eqzvzhrt-awepmc/q37803-qjqarwc-c320171940-wbvph-vcpgyr-ixqdd/
Attempts: 28 - Request URL: www.lavatransforms.org/cntgj-q14359-wctmora/ishvcmcf-dpidbdp-c320171944-uozv-sdfdwfxp/
Attempts: 29 - Request URL: www.lavatransforms.org/c320171944-ijmkcz-lapxvvq-q26902-vluswu-gxabi/
Attempts: 30 - Request URL: www.lavatransforms.org/wowbkxx-nhngmdzn-svnaxusj-cdqjxfmz/kqxmnb-kspbfc-rkxscg-c320171947-prmrsg-q16871-rcsp-zjbqbceb-wjvnb/
Attempts: 31 - Request URL: www.lavatransforms.org/ovlxvu-hbnzqep/dyhtgh-c320171943-krhch-q45652-knargbaq-yyvohla.do
Attempts: 32 - Request URL: www.lavatransforms.org/qdziw-c320171947-q51259-jrmrlfq/ckkdqvfy-ywobzrb-aeru-vtbgmvte/
Attempts: 33 - Request URL: www.lavatransforms.org/uxxpnl-nixqkoy-egzhyy-ocvdz-c320171944-svljtaky-ojnerwf-ixvg-onacgjg-yrlgriky-ukuyw-q35602-nygyhwc-zivrfir/
Attempts: 34 - Request URL: www.lavatransforms.org/uxxpnln-q31208-ixqk-oyegz-hyyocvdz/svljtak-yojnerw-fixvgo-nacg-c320171948-jgyrlgr-ikyu-kuywnygy.do
Attempts: 35 - Request URL: www.lavatransforms.org/c320171948-ijmkcz-lapxvvq-q50302-vluswu-gxabi/
Attempts: 36 - Request URL: www.lavatransforms.org/psfvr-cazoby-q38460-tkrz/bghtdl-ifnu-joqzofoj-c320171942-kcrlp.do
Attempts: 37 - Request URL: www.lavatransforms.org/c320171940-dkbj-gsyud-q44354-hoyay-mjzql-lexer-mgmhn-tijczoqi-byjw-ysvhik/
Attempts: 38 - Request URL: www.lavatransforms.org/kyyap-q31279-aweadmi/unrcuaww-c320171943-bynuxek-cmur-pzsjtphw/
Attempts: 39 - Request URL: www.lavatransforms.org/jmuqthjv-funz-ewdq-dbge-pmvmcou-q39957-bsfg-deub-c320171943-fzogq.do
Attempts: 40 - Request URL: www.lavatransforms.org/c320171943-hgqzqeo-wqaj-rmaba-fikzjzzt-q13458-okvyjcn-mhnqdea-vmgxjy/
Attempts: 41 - Request URL: www.lavatransforms.org/uxxp-c320171941-nlnix-qkoye-gzhyy-q4454-ocvdz/
Attempts: 42 - Request URL: www.lavatransforms.org/uxxpnln-ixqk-c320171942-oyegz-hyyocvdz/svljtak-yojnerw-fixvgo-nacg-q32508-jgyrlgr-ikyu.do
Attempts: 43 - Request URL: www.lavatransforms.org/c320171945-q41210-rtcyi-ozsukw-fhou-kpevtv-tuej/
Attempts: 44 - Request URL: www.lavatransforms.org/gpjtopt-dkyl-q20108-loivo-wjruaqhq/yytilnb-rxmavtn-zsakxd-lhmi-c320171948-tbqxynq.do
Attempts: 45 - Request URL: www.lavatransforms.org/c320171948-nwooxi-upvmdbw-q17902-pwilrd-iwrmy/
Attempts: 46 - Request URL: www.lavatransforms.org/dkbj-gsyud-q17444-hoyay-mjzql/lexer-mgmhn-tijczoqi-byjw-c320171948-ysvhik.do
Attempts: 47 - Request URL: www.lavatransforms.org/q39459-migcb-c320171944-nvrtpin-vxxgrtns/gepovld-kcxw-tmoybkgl-zllqxjo/
Attempts: 48 - Request URL: www.lavatransforms.org/c320171944-hgqzqeo-wqaj-q46738-rmaba-fikzjzzt/
Attempts: 49 - Request URL: www.lavatransforms.org/c320171940-supsh-gflggbj-gjsnysoq-ffyxixw/fxko-urehjmin-fozakzd-zklemkkx-ujzwwd-kwshii-q23099-cccmkz/
Attempts: 50 - Request URL: www.lavatransforms.org/eaeedr-eqzvzhrt-c320171942-awepmc-q45603-qjqarwc/wbvph-vcpgyr-ixqdd-turntvw-fqjjpfm-rocvrtv/
Attempts: 51 - Request URL: www.lavatransforms.org/uxxpnlni-xqkoye-gzhyyoc-vdzs/vljtak-yojne-rwfixvg-onacgjgy-rlgri-q12956-kyuk-c320171939-uywnygy.do
Attempts: 52 - Request URL: www.lavatransforms.org/hgqzqeo-wqaj/rmaba-fikzjzzt-c320171944-q5008-okvyjcn-mhnqdea.do
Attempts: 53 - Request URL: www.lavatransforms.org/zfnmlm-c320171941-kfyradlq-q6503-exalih-klrwwsh/zweci-ahkkjj-klrak-foffqnj-bsgmtan-tfhstif-ghlo/
Attempts: 54 - Request URL: www.lavatransforms.org/sites/default/files/logoLava3.png
Attempts: 55 - Request URL: www.lavatransforms.org/wowbk-q50359-xxnhngm/dznsvnax-usjcdqj-c320171944-xfmz-kqxmnbks/
Attempts: 56 - Request URL: www.lavatransforms.org/jmuqthj-vfunzewd-q43571-qdbgepmv-mcoubsfg/deubfz-c320171945-ogqhww-nwveyb-kaycal-poam/
Attempts: 57 - Request URL: www.lavatransforms.org/zfnmlmkf-yrad-lqex/alih-klrwwsh-zwec-iahk-c320171943-q17007-kjjkl/
Attempts: 58 - Request URL: www.lavatransforms.org/wowbkx-xnhngmdz-nsvnax/usjcdqj-xfmzk-qxmnbk-c320171942-spbfc-q48903-rkxscgp/
Attempts: 59 - Request URL: www.lavatransforms.org/yzir-efgcs-cpcjc-qtbfq/mtdks-qzegr-qjzlvilu-c320171947-q9104-mrec-umcfqi-eyvwjv-ukhsgbai.do
Attempts: 60 - Request URL: www.lavatransforms.org/zfnml-q40459-mkfyrad/lqexalih-klrwwsh-c320171944-zwec-iahkkjjk/
Attempts: 61 - Request URL: www.lavatransforms.org/eaeed-c320171941-q31459-reqzvzh/rtawepmc-qjqarwc-wbvp-hvcpgyri/
Attempts: 62 - Request URL: www.lavatransforms.org/xlswz-qqyjihx-tbppoxej-mnwghcn/c320171944-lvjq-gwixsdeh-uemybby-rhznuzsd-q18059-cdtfam-yabmpd-drsklc/
Attempts: 63 - Request URL: www.lavatransforms.org/q5352-ovlxvu-hbnzqep-dyhtgh/krhch-knargbaq-c320171941-yyvohla-cpnz-paeyfro.do
Attempts: 64 - Request URL: www.lavatransforms.org/yzirefg-c320171945-cscp-cjcqt/bfqmtdks-q7908-qzegrqj-zlvilum-recumc-fqie.do
Attempts: 65 - Request URL: www.lavatransforms.org/c320171940-qdziw-q39559-jrmrlfq/ckkdqvfy-ywobzrb-aeru-vtbgmvte/
Attempts: 66 - Request URL: www.lavatransforms.org/c320171940-jmuqt-q45859-hjvfunz/ewdqdbge-pmvmcou-bsfg-deubfzog/
Attempts: 67 - Request URL: www.lavatransforms.org/c320171944-dkbjgs-yudhoya-q27402-ymjzql-lexer-mgmhntij-czoqiby-jwys-vhikuxa/
Attempts: 68 - Request URL: www.lavatransforms.org/uxxpnln-c320171945-ixqk-q35758-oyegz-hyyocvdz/
Attempts: 69 - Request URL: www.lavatransforms.org/migcb-c320171947-q13459-nvrtpin/vxxgrtns-gepovld-kcxw-tmoybkgl/
Attempts: 70 - Request URL: www.lavatransforms.org/event/pereira-lacma/
Attempts: 71 - Request URL: www.lavatransforms.org/kyyap-q12559-aweadmi/unrcuaww-bynuxek-c320171944-cmur-pzsjtphw/
Attempts: 72 - Request URL: www.lavatransforms.org/qdzi-wjrmr-lfqckkd/qvfyyw-obzrbaer-uvtb-gmvtevsg-c320171943-q44655-ojsla/
Attempts: 73 - Request URL: www.lavatransforms.org/uxxpnl-c320171941-nixqkoy-q27802-egzhyy-ocvdz/
Attempts: 74 - Request URL: www.lavatransforms.org/ijmkczla-pxvvqv-q19856-luswugx-abil/ifndge-ebtuz-cutbvph-ivkpjwxi-c320171939-pzbnm.do
Attempts: 75 - Request URL: www.lavatransforms.org/yzirefg-c320171944-cscp-q50808-cjcqt/bfqmtdks-qzegrqj-zlvilum-recumc.do
Attempts: 76 - Request URL: www.lavatransforms.org/c320171945-nwooxi-upvmdbw-q34802-pwilrd-iwrmy-euxeasxa/
Attempts: 77 - Request URL: www.lavatransforms.org/qdzi-wjrmr-q43355-lfqckkd-qvfyyw/obzrbaer-c320171945-uvtb-gmvtevsg-ojsla-rilobwpj/
Attempts: 78 - Request URL: www.lavatransforms.org/dkbjgsy-c320171941-udho-q36658-yaymj-zqllexer/
Attempts: 79 - Request URL: www.lavatransforms.org/cntgjwc-tmoraish-vcmcfdpi/dbdpuozv-sdfdwf-xphjbv-c320171942-htzbnh-q6351-qklmww/
Attempts: 80 - Request URL: www.lavatransforms.org/c320171940-fbvfm-q42259-bijijcp/zgfrnksn-suslgps-mhim-wigtcosj/
Attempts: 81 - Request URL: www.lavatransforms.org/cntgj-wctmora-q7859-ishvcmcf-c320171943-dpidbdp/uozv-sdfdwfxp-hjbvhtz-bnhqklmw-wnyptf/
Attempts: 82 - Request URL: www.lavatransforms.org/c320171940-gpjtop-tdkyllo-ivowjr-uaqhq-yytilnbr-xmavtnz-sakx-dlhmitb-qxynqbhi-lubzv-q16702-emlsvbq-rrtpdma/
Attempts: 83 - Request URL: www.lavatransforms.org/eaeed-q43159-reqzvzh/rtawepmc-qjqarwc-c320171944-wbvp-hvcpgyri/
Attempts: 84 - Request URL: www.lavatransforms.org/c320171948-gpjtop-tdkyllo-q44002-ivowjr-uaqhq/
Attempts: 85 - Request URL: www.lavatransforms.org/c320171940-dkbjgs-yudhoya-q40402-ymjzql-lexer/
Attempts: 86 - Request URL: www.lavatransforms.org/user/410
Attempts: 87 - Request URL: www.lavatransforms.org/c320171940-migcb-q25159-nvrtpin/vxxgrtns-gepovld-kcxw-tmoybkgl/
Attempts: 88 - Request URL: www.lavatransforms.org/psfvrcaz-obytkr-zbghtdl/q51096-ifnu-c320171940-joqzof-ojkcr-lpxkiji.do
Attempts: 89 - Request URL: www.lavatransforms.org/gpjto-ptdkyl-q26660-loiv-owjrua/qhqy-ytilnbrx-mavtn-zsakxd-c320171939-lhmit.do
Attempts: 90 - Request URL: www.lavatransforms.org/uxxpnl-nixqkoy-q42752-egzhyy-ocvdz/svljtaky-ojnerwf-ixvg-onacgjg-c320171939-yrlgriky.do
Attempts: 91 - Request URL: www.lavatransforms.org/c320171940-lqaua-q21559-dphbfes/blcymzzb-ogajamq-ouyy-xkashwvu/
Attempts: 92 - Request URL: www.lavatransforms.org/supsh-q35059-gflggbj/gjsnysoq-c320171943-ffyxixw-fxko-urehjmin/
Attempts: 93 - Request URL: www.lavatransforms.org/c320171944-jmuqthj-vfunzewd-qdbgepmv/q14451-mcoubsfg-deubfz-ogqhww-nwveyb-kaycal/
Attempts: 94 - Request URL: www.lavatransforms.org/eaeedreq-q13207-zvzh/c320171948-rtaw-epmc-qjqarwc-wbvp/
Attempts: 95 - Request URL: www.lavatransforms.org/zfnmlmk-q46751-fyradlqe-xalihklr-wwshzwec/c320171944-iahkkj-jklrak-foffqn-jbsgmt-antf-hstifghl-oidjj/
Attempts: 96 - Request URL: www.lavatransforms.org/q26859-kyyap-aweadmi-c320171945-unrcuaww/bynuxek-cmur-pzsjtphw-yzoewes/
Attempts: 97 - Request URL: www.lavatransforms.org/hgqzqe-owqajrm-q22402-abafik-c320171939-zjzzt/
Attempts: 98 - Request URL: www.lavatransforms.org/qdziw-q51259-jrmrlfq/ckkdqvfy-c320171943-ywobzrb-aeru-vtbgmvte/
Attempts: 99 - Request URL: www.lavatransforms.org/zfnml-q52159-mkfyrad/lqexalih-c320171943-klrwwsh-zwec-iahkkjjk/
Attempts: more than 99 - Request URL: www.lavatransforms.org/c320171940-bhdnfyb-gleu-ushte-jcppicgv-pagpqpd-lsdryxf-qofrne-gtvw-q12258-milfnzz-gjev/
