Attempts: 1 - Request URL: www.lavatransforms.org/user
Attempts: 2 - Request URL: www.lavatransforms.org/web/20140312061813/https:/www.facebook.com/LesNocesDuFigaro
Attempts: 3 - Request URL: www.lavatransforms.org/web/20151005101802/http:/cinematreasures.org/theaters/5
Attempts: 4 - Request URL: www.lavatransforms.org/event/broadway-on-my-mind-14
Attempts: 5 - Request URL: www.lavatransforms.org/web/20140312061813/http:/astore.amazon.com/bubble1-20/detail/0615845495%20target=
Attempts: 5 - Request URL: www.lavatransforms.org/web/20151005101751/http:/onbunkerhill.org/georgemannshop
Attempts: 6 - Request URL: www.lavatransforms.org/web/20140312061813/http:/astore.amazon.com/bubble1-20/detail/1402739400
Attempts: 6 - Request URL: www.lavatransforms.org/video/lavatransforms.org/flaneur-broadway-on-my-mind-6
Attempts: 7 - Request URL: www.lavatransforms.org/web/20140312061813/http:/lavatransforms.org/flaneur-broadway-on-my-mind-landing
Attempts: 8 - Request URL: www.lavatransforms.org/web/20151005101802/https:/sites.google.com/site/historylosangeles/schaber-s-cafeteria
Attempts: 9 - Request URL: www.lavatransforms.org/web/20151005000523/http:/lavatransforms.org/fitzgeraldwalk4
Attempts: 9 - Request URL: www.lavatransforms.org/web/20151005000523/http:/lavatransforms.org/fitzgeraldwalk3
Attempts: 10 - Request URL: www.lavatransforms.org/web/20151005101813/http:/en.wikipedia.org/wiki/Pershing_Square_(Los_Angeles_Metro_station)
Attempts: 11 - Request URL: www.lavatransforms.org/web/20151005000523/http:/lavatransforms.org/cliftonsalons
Attempts: 12 - Request URL: www.lavatransforms.org/newsletter/subscriptions
Attempts: 13 - Request URL: www.lavatransforms.org/web/20111112142522/http:/lavatransforms.org/user/259%20target=
Attempts: 14 - Request URL: www.lavatransforms.org/web/20140312061813/http:/astore.amazon.com/bubble1-20/detail/1852244739
Attempts: 15 - Request URL: www.lavatransforms.org/web/20151005162031/http:/lavatransforms.org/flaneur-broadway-on-my-mind-12
Attempts: 16 - Request URL: www.lavatransforms.org/web/20151005101751/http:/cinematreasures.org/theaters/5
Attempts: 17 - Request URL: www.lavatransforms.org/web/20140312061813/http:/www.jwhagins.com/nervecowboy.html%20target=
Attempts: 18 - Request URL: www.lavatransforms.org/web/20151005101751/http:/jscottsmithphotography.com/J.%20Scott%20Smith%2029%20Palms.html
Attempts: 19 - Request URL: www.lavatransforms.org/web/20151005101802/http:/lavatransforms.org/flaneur-broadway-on-my-mind-landing
Attempts: 20 - Request URL: www.lavatransforms.org/flaneur-broadway-on-my-mind-5
Attempts: 21 - Request URL: www.lavatransforms.org/web/20151005000523/http:/cinematreasures.org/theaters/5
Attempts: 22 - Request URL: www.lavatransforms.org/web/20140312061813/http:/astore.amazon.com/bubble1-20/detail/0615702287%20target=
Attempts: 23 - Request URL: www.lavatransforms.org/web/20151005000523/https:/sites.google.com/site/historylosangeles/schaber-s-cafeteria
Attempts: 24 - Request URL: www.lavatransforms.org/web/20151005101813/http:/biola.edu
Attempts: 25 - Request URL: www.lavatransforms.org/web/20151005101813/https:/www.facebook.com/LesNocesDuFigaro
Attempts: 26 - Request URL: www.lavatransforms.org/web/20120103160829/http:/www.youtube.com/user/ianwhitcomb
Attempts: 27 - Request URL: www.lavatransforms.org/flaneur-broadway-master1
Attempts: 28 - Request URL: www.lavatransforms.org/user/87
Attempts: 29 - Request URL: www.lavatransforms.org/web/20151005162031/https:/sites.google.com/site/historylosangeles/schaber-s-cafeteria
Attempts: 30 - Request URL: www.lavatransforms.org/web/20140312061813/http:/astore.amazon.com/bubble1-20/detail/1402754604
Attempts: 31 - Request URL: www.lavatransforms.org/category/education/page/lavatransforms.org/scrapsteel
Attempts: 32 - Request URL: www.lavatransforms.org/web/20151005101813/http:/astore.amazon.com/bubble1-20/detail/B004I45MUC
Attempts: 33 - Request URL: www.lavatransforms.org/crimelabaug2015
Attempts: 34 - Request URL: www.lavatransforms.org/web/20140519171846/http:/en.wikipedia.org/wiki/Octavia_E._Butler
Attempts: 35 - Request URL: www.lavatransforms.org/web/20140519171846/http:/en.wikipedia.org/wiki/Marion_Zimmer_Bradley
Attempts: 36 - Request URL: www.lavatransforms.org/web/20140312061813/http:/astore.amazon.com/bubble1-20/detail/1402766831
Attempts: 36 - Request URL: www.lavatransforms.org/web/20140519171846/https:/sites.google.com/site/historylosangeles/schaber-s-cafeteria
Attempts: 37 - Request URL: www.lavatransforms.org/web/20140312061813/https:/sites.google.com/site/historylosangeles/schaber-s-cafeteria
Attempts: 38 - Request URL: www.lavatransforms.org/web/20140519171846/http:/cinematreasures.org/theaters/5
Attempts: 39 - Request URL: www.lavatransforms.org/web/20140519171846/http:/en.wikipedia.org/wiki/Murray_Leinster
Attempts: 40 - Request URL: www.lavatransforms.org/urmwalk4
Attempts: 41 - Request URL: www.lavatransforms.org/web/20151005101813/https:/sites.google.com/site/historylosangeles/schaber-s-cafeteria
Attempts: 42 - Request URL: www.lavatransforms.org/flaneur-broadway-on-my-mind-landing
Attempts: 43 - Request URL: www.lavatransforms.org/web/20151005101751/http:/lavatransforms.org/cliftonsalons
Attempts: 44 - Request URL: www.lavatransforms.org/web/20151005162031/https:/www.facebook.com/LesNocesDuFigaro
Attempts: 45 - Request URL: www.lavatransforms.org/event/salon916
Attempts: 46 - Request URL: www.lavatransforms.org/salon-marsak-april2014
Attempts: 47 - Request URL: www.lavatransforms.org/web/20151005101802/http:/astore.amazon.com/bubble1-20/detail/0914421336
Attempts: 48 - Request URL: www.lavatransforms.org/web/20151005162031/http:/www.starsapphire-oto.org
Attempts: 49 - Request URL: www.lavatransforms.org/web/20151005025900/http:/lavatransforms.org/cliftonsalons
Attempts: 50 - Request URL: www.lavatransforms.org/web/20151005101813/http:/lavatransforms.org/cliftonsalons
Attempts: 51 - Request URL: www.lavatransforms.org/web/20120103160829/http:/www.picklehead.com/ian.html
Attempts: 52 - Request URL: www.lavatransforms.org/web/20140519171846/https:/www.facebook.com/LesNocesDuFigaro
Attempts: 53 - Request URL: www.lavatransforms.org/scrapsteel5
Attempts: 54 - Request URL: www.lavatransforms.org/web/20151005000523/https:/www.facebook.com/LesNocesDuFigaro
Attempts: 55 - Request URL: www.lavatransforms.org/web/20151005101813/http:/cinematreasures.org/theaters/5
Attempts: 56 - Request URL: www.lavatransforms.org/web/20140519171846/http:/en.wikipedia.org/wiki/Poul_Anderson
Attempts: 57 - Request URL: www.lavatransforms.org/event/salon816
Attempts: 58 - Request URL: www.lavatransforms.org/web/20151005101802/http:/lavatransforms.org/flaneur-broadway-on-my-mind-7
Attempts: 59 - Request URL: www.lavatransforms.org/web/20140519171846/http:/en.wikipedia.org/wiki/Ray_Bradbury
Attempts: 60 - Request URL: www.lavatransforms.org/author
Attempts: 61 - Request URL: www.lavatransforms.org/user/11
Attempts: 62 - Request URL: www.lavatransforms.org/event/pereira-lacma
Attempts: 62 - Request URL: www.lavatransforms.org/web/20140519171846/http:/lavatransforms.org/cliftonsalons
Attempts: 63 - Request URL: www.lavatransforms.org/category/lava-exclusives/page/lavatransforms.org/flaneur-broadway-on-my-mind-6
Attempts: 64 - Request URL: www.lavatransforms.org/web/20151005000523/http:/astore.amazon.com/bubble1-20/detail/1466218959
Attempts: 65 - Request URL: www.lavatransforms.org/web/20151005013328/https:/www.facebook.com/LesNocesDuFigaro
Attempts: 66 - Request URL: www.lavatransforms.org/user/33
Attempts: 66 - Request URL: www.lavatransforms.org/web/20140519171846/http:/en.wikipedia.org/wiki/Kurt_Vonnegut
Attempts: 67 - Request URL: www.lavatransforms.org/web/20111112142522/http:/www.tandhhighlights.co.uk/9780500251782.html
Attempts: 68 - Request URL: www.lavatransforms.org/user/37
Attempts: 69 - Request URL: www.lavatransforms.org/web/20140312061813/http:/lavatransforms.org/cliftonsalons
Attempts: 70 - Request URL: www.lavatransforms.org/web/20140519171846/http:/en.wikipedia.org/wiki/Philip_K._Dick
Attempts: 71 - Request URL: www.lavatransforms.org/web/20140312061813/http:/cinematreasures.org/theaters/5
Attempts: 72 - Request URL: www.lavatransforms.org/web/20151005101751/http:/en.wikipedia.org/wiki/Washingtonia_filifera
Attempts: 73 - Request URL: www.lavatransforms.org/event/salon616
Attempts: 74 - Request URL: www.lavatransforms.org/cliftonsalons
Attempts: 75 - Request URL: www.lavatransforms.org/web/20140519171846/http:/en.wikipedia.org/wiki/Aleister_Crowley
Attempts: 76 - Request URL: www.lavatransforms.org/category/user/login
Attempts: 77 - Request URL: www.lavatransforms.org/web/20140312061813/http:/astore.amazon.com/bubble1-20/detail/1852248467
Attempts: 78 - Request URL: www.lavatransforms.org/web/20151005162031/http:/lavatransforms.org/flaneur-broadway-on-my-mind-landing
Attempts: 79 - Request URL: www.lavatransforms.org/web/20140519171846/http:/www.lasfsinc.info
Attempts: 80 - Request URL: www.lavatransforms.org/web/20151005013328/http:/lavatransforms.org/cliftonsalons
Attempts: 81 - Request URL: www.lavatransforms.org/web/20140519171846/http:/en.wikipedia.org/wiki/Jack_Williamson
Attempts: 82 - Request URL: www.lavatransforms.org/web/20151005025900/http:/www.lavatransforms.org/lavavisionary2014
Attempts: 83 - Request URL: www.lavatransforms.org/web/20140312061813/http:/www.countsmokula.com/home.htm
Attempts: 84 - Request URL: www.lavatransforms.org/web/20151005162031/http:/cinematreasures.org/theaters/5
Attempts: 85 - Request URL: www.lavatransforms.org/web/20151005101802/http:/www.thekeptgirl.com/p/the-kept-girl.html
Attempts: 86 - Request URL: www.lavatransforms.org/user/212
Attempts: 87 - Request URL: www.lavatransforms.org/web/20151005162031/http:/astore.amazon.com/bubble1-20/detail/146713130X
Attempts: 88 - Request URL: www.lavatransforms.org/web/20151005025900/https:/sites.google.com/site/historylosangeles/schaber-s-cafeteria
Attempts: 89 - Request URL: www.lavatransforms.org/web/20151005000523/http:/puzzledpictures.com/oviatts
Attempts: 90 - Request URL: www.lavatransforms.org/user/192
Attempts: 91 - Request URL: www.lavatransforms.org/video/lavatransforms.org/garyleonard910
Attempts: 92 - Request URL: www.lavatransforms.org/web/20151005101802/https:/www.facebook.com/LesNocesDuFigaro
Attempts: 93 - Request URL: www.lavatransforms.org/web/20151005162031/http:/lavatransforms.org/cliftonsalons
Attempts: 94 - Request URL: www.lavatransforms.org/web/20151005025900/http:/astore.amazon.com/bubble1-20/detail/1883318963
Attempts: 95 - Request URL: www.lavatransforms.org/web/20120103160829/http:/astore.amazon.com/lavatransforms-20/detail/057803610X
Attempts: 96 - Request URL: www.lavatransforms.org/web/20151005025900/https:/www.facebook.com/LesNocesDuFigaro
Attempts: 97 - Request URL: www.lavatransforms.org/web/20140519171846/http:/en.wikipedia.org/wiki/Aerojet
Attempts: 98 - Request URL: www.lavatransforms.org/web/20151005101802/http:/lavatransforms.org/cliftonsalons
Attempts: 99 - Request URL: www.lavatransforms.org/web/20151005101813/http:/lavatransforms.org/flaneur-broadway-on-my-mind-4
