Attempts: 1 - Request URL: www.lavatransforms.org/category/talks/feed/user/login
Attempts: 2 - Request URL: www.lavatransforms.org/category/lava-vocabulary/books/page/2/user/login
Attempts: 3 - Request URL: www.lavatransforms.org/category/poetry/user/login
Attempts: 4 - Request URL: www.lavatransforms.org/user/26
Attempts: 5 - Request URL: www.lavatransforms.org/web/20151005041519/http:/lavatransforms.org/cliftonsalons
Attempts: 6 - Request URL: www.lavatransforms.org/2012/10/09/the-lava-salon-jim-tully-a-hobo-in-hollywood/ArchersBooks.com
Attempts: 7 - Request URL: www.lavatransforms.org/salon-nugent-august2013
Attempts: 8 - Request URL: www.lavatransforms.org/lavacalendar/2013-10-31
Attempts: 9 - Request URL: www.lavatransforms.org/web/20140312061813/http:/lavatransforms.org/cliftonsalons
Attempts: 10 - Request URL: www.lavatransforms.org/category/lava-vocabulary/history/page/23/subscribe
Attempts: 11 - Request URL: www.lavatransforms.org/web/20151005041218/http:/lavatransforms.org/cliftonsalons
Attempts: 12 - Request URL: www.lavatransforms.org/video-category/cliftons-sunday-salon/page/2/lavatransforms.org/garyleonard910
Attempts: 13 - Request URL: www.lavatransforms.org/event/the-real-black-dahlia-crime-bus-tour-4/feed/
Attempts: 14 - Request URL: www.lavatransforms.org/category/talks/user/login
Attempts: 15 - Request URL: www.lavatransforms.org/category/lava-vocabulary/lava-exclusives/page/15/signups
Attempts: 16 - Request URL: www.lavatransforms.org/category/lava-vocabulary/nature/user/register
Attempts: 17 - Request URL: www.lavatransforms.org/category/talks/page/2/user/login
Attempts: 18 - Request URL: www.lavatransforms.org/event/broadway-on-my-mind-13/feed/
Attempts: 19 - Request URL: www.lavatransforms.org/category/lava-vocabulary/history/page/3/user/register
Attempts: 20 - Request URL: www.lavatransforms.org/category/lava-vocabulary/education/page/7/newsletter/subscriptions
Attempts: 21 - Request URL: www.lavatransforms.org/category/dance/page/2/lavatransforms.org/flaneur-broadway-on-my-mind-6
Attempts: 22 - Request URL: www.lavatransforms.org/category/books/page/6/lavatransforms.org/flaneur-broadway-on-my-mind-6
Attempts: 23 - Request URL: www.lavatransforms.org/category/lava-vocabulary/tours/page/30/itotushy
Attempts: 24 - Request URL: www.lavatransforms.org/event/thanksgiving2015/feed/
Attempts: 25 - Request URL: www.lavatransforms.org/boyle815
Attempts: 26 - Request URL: www.lavatransforms.org/category/history/page/22/cellartourkingeddydec2012
Attempts: 27 - Request URL: www.lavatransforms.org/serialfinale
Attempts: 28 - Request URL: www.lavatransforms.org/category/lava-exclusives/feed/user/login
Attempts: 29 - Request URL: www.lavatransforms.org/event/salon517/feed/
Attempts: 30 - Request URL: www.lavatransforms.org/event/raymond-chandlers-los-angeles-2/feed/
Attempts: 31 - Request URL: www.lavatransforms.org/event/fort-anthony/feed/
Attempts: 32 - Request URL: www.lavatransforms.org/category/lava-vocabulary/history/page/16/nydistilling.com
Attempts: 33 - Request URL: www.lavatransforms.org/web/20151005041218/http:/www.openhistoricalmap.org/
Attempts: 34 - Request URL: www.lavatransforms.org/category/lava-vocabulary/nature/page/4/newsletter/subscriptions
Attempts: 35 - Request URL: www.lavatransforms.org/2015/04/06/lavas-43rd-sunday-salon/user/login
Attempts: 36 - Request URL: www.lavatransforms.org/lavacalendar/2013-11-12
Attempts: 37 - Request URL: www.lavatransforms.org/category/free/page/11/southwestmuseum2013
Attempts: 38 - Request URL: www.lavatransforms.org/lummislecture2013
Attempts: 39 - Request URL: www.lavatransforms.org/westadams615
Attempts: 40 - Request URL: www.lavatransforms.org/category/art/page/5/southwestmuseum2013
Attempts: 41 - Request URL: www.lavatransforms.org/web/20151004234105/http:/lavatransforms.org/cliftonsalons
Attempts: 42 - Request URL: www.lavatransforms.org/event/haunts-of-a-dirty-old-man-charles-bukowskis-los-angeles-tour-3/feed/
Attempts: 43 - Request URL: www.lavatransforms.org/category/books/page/2/user/login
Attempts: 44 - Request URL: www.lavatransforms.org/event/boyle-heights-the-san-gabriel-valley-the-hidden-histories-of-l-a-s-melting-pot-tour-august-2016/feed/
Attempts: 45 - Request URL: www.lavatransforms.org/category/occult/feed/user/login
Attempts: 46 - Request URL: www.lavatransforms.org/gita-ult-may21-2014
Attempts: 47 - Request URL: www.lavatransforms.org/user/1458
Attempts: 48 - Request URL: www.lavatransforms.org/category/lava-vocabulary/free/page/8/nydistilling.com
Attempts: 49 - Request URL: www.lavatransforms.org/category/lava-vocabulary/talks/user/login
Attempts: 50 - Request URL: www.lavatransforms.org/category/technology/feed/user/login
Attempts: 51 - Request URL: www.lavatransforms.org/category/lava-exclusives/page/14/cityscapes
Attempts: 52 - Request URL: www.lavatransforms.org/web/20151005041519/https:/sites.google.com/site/historylosangeles/schaber-s-cafeteria
Attempts: 53 - Request URL: www.lavatransforms.org/event/salon317/feed/
Attempts: 54 - Request URL: www.lavatransforms.org/keptgirl214
Attempts: 55 - Request URL: www.lavatransforms.org/video-category/uncategorized/ArchersBooks.com
Attempts: 56 - Request URL: www.lavatransforms.org/salon-miltstevens-june2014
Attempts: 57 - Request URL: www.lavatransforms.org/category/lava-vocabulary/spirituality/user/register
Attempts: 58 - Request URL: www.lavatransforms.org/dahlia415
Attempts: 59 - Request URL: www.lavatransforms.org/video-category/musso-frank-literary-salons/ArchersBooks.com
Attempts: 60 - Request URL: www.lavatransforms.org/event/hollywood-10-10-15/feed/
Attempts: 61 - Request URL: www.lavatransforms.org/category/architecturedesign/page/22/itotushy
Attempts: 62 - Request URL: www.lavatransforms.org/2015/04/06/lavas-43rd-sunday-salon/user/register
Attempts: 63 - Request URL: www.lavatransforms.org/category/education/page/8/myspace.com/jamesadomian
