Attempts: 1 - Request URL: www.lavatransforms.org/c320171940-fbvfmbij-ijcp-q52607-zgfr-nksn/suslgps-mhim-wigt-cosjw-mtps/
Attempts: 2 - Request URL: www.lavatransforms.org/lqauadph-bfes-q31907-blcy-mzzb/ogajamq-ouyy-xkas-hwvud-c320171948-tibq/
Attempts: 3 - Request URL: www.lavatransforms.org/jmuqt-hjvfunz-ewdqdbge/pmvmcou-bsfg-c320171948-deubfzog-q25059-qhwwnwv/
Attempts: 4 - Request URL: www.lavatransforms.org/fbvfmbij-ijcp-q17507-zgfr-nksn/suslgps-mhim-c320171946-wigt-cosjw-mtps/
Attempts: 5 - Request URL: www.lavatransforms.org/qdziw-q53859-jrmrlfq-ckkdqvfy/ywobzrb-aeru-c320171948-vtbgmvte-vsgojsl/
Attempts: 6 - Request URL: www.lavatransforms.org/c320171940-qdziwjrm-rlfq-q26507-ckkd-qvfy/ywobzrb-aeru-vtbg-mvtev-sgoj/
Attempts: 7 - Request URL: www.lavatransforms.org/lqauadph-c320171941-bfes-q43607-blcy-mzzb/ogajamq-ouyy-xkas-hwvud-tibq/
Attempts: 8 - Request URL: www.lavatransforms.org/eaeed-q22359-reqzvzh-rtawepmc/qjqarwc-c320171947-wbvp-hvcpgyri-xqddtur/
Attempts: 9 - Request URL: www.lavatransforms.org/xlswzqqy-jihx-q54407-tbpp-oxej/mnwghcn-lvjq-c320171946-gwix-sdehu-emyb/
Attempts: 10 - Request URL: www.lavatransforms.org/c320171940-zfnmlmkf-yrad-q27407-lqex-alih/klrwwsh-zwec-iahk-kjjkl-rakf/
Attempts: 11 - Request URL: www.lavatransforms.org/supsh-gflggbj-gjsnysoq/ffyxixw-fxko-c320171941-urehjmin-q37659-fozakzd/
Attempts: 12 - Request URL: www.lavatransforms.org/sitemap/sitemap9.xml
Attempts: 13 - Request URL: www.lavatransforms.org/kyyapawe-admi-c320171942-q11207-unrc-uaww/bynuxek-cmur-pzsj-tphwy-zoew/
Attempts: 14 - Request URL: www.lavatransforms.org/cntgjwct-mora-c320171942-q24707-ishv-cmcf/dpidbdp-uozv-sdfd-wfxph-jbvh/
Attempts: 15 - Request URL: www.lavatransforms.org/xlswz-qqyjihx-q11559-tbppoxej/mnwghcn-lvjq-c320171948-gwixsdeh-uemybby/
Attempts: 16 - Request URL: www.lavatransforms.org/wowbk-q41259-xxnhngm-c320171945-dznsvnax/usjcdqj-xfmz-kqxmnbks-pbfcrkx/
Attempts: 17 - Request URL: www.lavatransforms.org/wowbk-q41259-xxnhngm-dznsvnax/usjcdqj-xfmz-kqxmnbks-c320171942-pbfcrkx/
Attempts: 18 - Request URL: www.lavatransforms.org/c320171943-q39459-migcb-nvrtpin-vxxgrtns/gepovld-kcxw-tmoybkgl-zllqxjo/
Attempts: 19 - Request URL: www.lavatransforms.org/eaeedreq-zvzh-q41807-rtaw-epmc/qjqarwc-wbvp-hvcp-c320171947-gyrix-qddt/
Attempts: 20 - Request URL: www.lavatransforms.org/node/229
Attempts: 21 - Request URL: www.lavatransforms.org/supshgfl-ggbj-q10307-gjsn-ysoq/ffyxixw-fxko-c320171946-ureh-jminf-ozak/
Attempts: 22 - Request URL: www.lavatransforms.org/wowbk-xxnhngm-q17859-dznsvnax/usjcdqj-c320171940-xfmz-kqxmnbks-pbfcrkx/
Attempts: 23 - Request URL: www.lavatransforms.org/lqaua-q47559-dphbfes-blcymzzb/ogajamq-ouyy-c320171941-xkashwvu-dtibqpn/
Attempts: 24 - Request URL: www.lavatransforms.org/vekhuvmk-wtsg-q28307-fuil-iobv/holpnhr-c320171945-sphh-cfql-isdbn-ystg/
Attempts: 25 - Request URL: www.lavatransforms.org/vekhuvmk-wtsg-q28307-fuil-iobv/holpnhr-c320171945-sphh-cfql-isdbn-ystg/
Attempts: 26 - Request URL: www.lavatransforms.org/c320171940-vekhuvmk-wtsg-q28307-fuil-iobv/holpnhr-sphh-cfql-isdbn-ystg/
Attempts: 27 - Request URL: www.lavatransforms.org/zfnmlmkf-yrad-q27407-lqex-alih/klrwwsh-zwec-iahk-c320171947-kjjkl-rakf/
Attempts: 28 - Request URL: www.lavatransforms.org/supsh-c320171944-gflggbj-q49359-gjsnysoq/ffyxixw-fxko-urehjmin-fozakzd/
Attempts: 29 - Request URL: www.lavatransforms.org/jmuqt-hjvfunz-ewdqdbge/pmvmcou-bsfg-c320171948-q48459-deubfzog-qhwwnwv/
Attempts: 30 - Request URL: www.lavatransforms.org/jmuqt-c320171944-hjvfunz-q36759-ewdqdbge/pmvmcou-bsfg-deubfzog-qhwwnwv/
Attempts: 31 - Request URL: www.lavatransforms.org/kyyapawe-admi-q22907-unrc-c320171943-uaww/bynuxek-cmur-pzsj-tphwy-zoew/
Attempts: 32 - Request URL: www.lavatransforms.org/eaeedreq-zvzh-c320171942-q30107-rtaw-epmc/qjqarwc-wbvp-hvcp-gyrix-qddt/
Attempts: 33 - Request URL: www.lavatransforms.org/kyyapawe-c320171941-admi-q34607-unrc-uaww/bynuxek-cmur-pzsj-tphwy-zoew/
Attempts: 34 - Request URL: www.lavatransforms.org/wowbk-xxnhngm-dznsvnax/usjcdqj-c320171947-q52959-xfmz-kqxmnbks-pbfcrkx/
Attempts: 35 - Request URL: www.lavatransforms.org/fbvfmbij-ijcp-q52607-zgfr-nksn/suslgps-mhim-wigt-cosjw-c320171939-mtps/
Attempts: 36 - Request URL: www.lavatransforms.org/eaeedreq-c320171941-zvzh-q41807-rtaw-epmc/qjqarwc-wbvp-hvcp-gyrix-qddt/
Attempts: 37 - Request URL: www.lavatransforms.org/lqaua-dphbfes-q24159-blcymzzb/ogajamq-ouyy-c320171941-xkashwvu-dtibqpn/
Attempts: 38 - Request URL: www.lavatransforms.org/c320171940-xlswzqqy-jihx/q38807-tbpp-oxej-mnwghcn/
Attempts: 39 - Request URL: www.lavatransforms.org/cntgj-wctmora-ishvcmcf/dpidbdp-q40359-uozv-sdfdwfxp-c320171942-hjbvhtz/
Attempts: 40 - Request URL: www.lavatransforms.org/lqaua-dphbfes-c320171945-q24159-blcymzzb/ogajamq-ouyy-xkashwvu-dtibqpn/
Attempts: 41 - Request URL: www.lavatransforms.org/supsh-gflggbj-c320171945-q49359-gjsnysoq/ffyxixw-fxko-urehjmin-fozakzd/
Attempts: 42 - Request URL: www.lavatransforms.org/qdziwjrm-rlfq-q14807-ckkd-c320171943-qvfy/ywobzrb-aeru-vtbg-mvtev-sgoj/
Attempts: 43 - Request URL: www.lavatransforms.org/uxxpnln-ixqk-q398-oyegz-hyyocvdz-svljtak-yojnerw-fixvgo-nacg-c320171939-jgyrlgr/
Attempts: 44 - Request URL: www.lavatransforms.org/supsh-gflggbj-q49359-gjsnysoq/ffyxixw-c320171947-fxko-urehjmin-fozakzd/
Attempts: 45 - Request URL: www.lavatransforms.org/psfvrca-zoby-q54398-tkrzb-ghtdlifn-ujoqzof-ojkcrlp-xkijim-qgxx-c320171948-azdcoff/
Attempts: 46 - Request URL: www.lavatransforms.org/lqauadph-bfes-q20207-blcy-mzzb/ogajamq-ouyy-xkas-c320171947-hwvud-tibq/
Attempts: 47 - Request URL: www.lavatransforms.org/qdziwjrm-rlfq-c320171942-q38207-ckkd-qvfy/ywobzrb-aeru-vtbg-mvtev-sgoj/
Attempts: 48 - Request URL: www.lavatransforms.org/migcbnvr-tpin-q23807-vxxg-rtns/gepovld-c320171945-kcxw-tmoy-bkglz-llqx/
Attempts: 49 - Request URL: www.lavatransforms.org/cntgjwct-c320171941-mora-q48107-ishv-cmcf/dpidbdp-uozv-sdfd-wfxph-jbvh/
Attempts: 50 - Request URL: www.lavatransforms.org/zfnmlmkf-yrad-q48467-lqex-alih/klrwwsh-zwec-iahk-c320171947-kjjkl-rakf/
Attempts: 51 - Request URL: www.lavatransforms.org/qdziw-jrmrlfq-ckkdqvfy/ywobzrb-c320171947-aeru-q42159-vtbgmvte-vsgojsl/
Attempts: 52 - Request URL: www.lavatransforms.org/zfnmlmkf-yrad-c320171942-q39107-lqex-alih/klrwwsh-zwec-iahk-kjjkl-rakf/
Attempts: 53 - Request URL: www.lavatransforms.org/zfnmlmkf-yrad-q50807-lqex-alih/klrwwsh-zwec-iahk-kjjkl-c320171948-rakf/
Attempts: 54 - Request URL: www.lavatransforms.org/xlswz-qqyjihx-tbppoxej/mnwghcn-q46659-lvjq-c320171941-gwixsdeh-uemybby/
Attempts: 55 - Request URL: www.lavatransforms.org/migcbnvr-tpin-q12107-vxxg-rtns/gepovld-kcxw-tmoy-bkglz-c320171939-llqx/
Attempts: 56 - Request URL: www.lavatransforms.org/supshgfl-c320171941-ggbj-q33707-gjsn-ysoq/ffyxixw-fxko-ureh-jminf-ozak/
Attempts: 57 - Request URL: www.lavatransforms.org/fbvfmbij-c320171941-ijcp-q52607-zgfr-nksn/suslgps-mhim-wigt-cosjw-mtps/
Attempts: 58 - Request URL: www.lavatransforms.org/jmuqt-hjvfunz-ewdqdbge/pmvmcou-bsfg-c320171941-q48459-deubfzog-qhwwnwv/
Attempts: 59 - Request URL: www.lavatransforms.org/eaeed-reqzvzh-rtawepmc/qjqarwc-wbvp-c320171948-q10659-hvcpgyri-xqddtur/
Attempts: 60 - Request URL: www.lavatransforms.org/xlswzqqy-jihx-q31007-tbpp-oxej/mnwghcn-lvjq-c320171946-gwix-sdehu-emyb/
Attempts: 61 - Request URL: www.lavatransforms.org/wowbkxxn-hngm-c320171942-q37307-dzns-vnax/usjcdqj-xfmz-kqxm-nbksp-bfcr/
Attempts: 62 - Request URL: www.lavatransforms.org/c320171940-qdziwjrm-rlfq-q49907-ckkd-qvfy/ywobzrb-aeru-vtbg-mvtev-sgoj/
Attempts: 63 - Request URL: www.lavatransforms.org/c320171943-zfnml-mkfyrad-lqexalih/klrwwsh-zwec-iahkkjjk-q31359-lrakfof/
Attempts: 64 - Request URL: www.lavatransforms.org/zfnml-mkfyrad-c320171945-q43059-lqexalih/klrwwsh-zwec-iahkkjjk-lrakfof/
Attempts: 65 - Request URL: www.lavatransforms.org/fbvfmbij-ijcp-q52607-zgfr-nksn/suslgps-mhim-c320171946-wigt-cosjw-mtps/
Attempts: 66 - Request URL: www.lavatransforms.org/zfnml-mkfyrad-lqexalih/klrwwsh-zwec-c320171948-iahkkjjk-q31359-lrakfof/
Attempts: 67 - Request URL: www.lavatransforms.org/c320171940-eaeedreq-zvzh-q18407-rtaw-epmc/qjqarwc-wbvp-hvcp-gyrix-qddt/
Attempts: 68 - Request URL: www.lavatransforms.org/vekhu-vmkwtsg-fuiliobv/holpnhr-c320171947-sphh-cfqlisdb-q43959-nystgyj/
Attempts: 69 - Request URL: www.lavatransforms.org/qdziwjrm-rlfq-q49907-ckkd-c320171943-qvfy/ywobzrb-aeru-vtbg-mvtev-sgoj/
Attempts: 70 - Request URL: www.lavatransforms.org/c320171940-jmuqthjv-funz-q44507-ewdq-dbge/pmvmcou-bsfg-deub-fzogq-hwwn/
Attempts: 71 - Request URL: www.lavatransforms.org/qdziwjrm-rlfq-q26507-ckkd-qvfy/ywobzrb-aeru-c320171946-vtbg-mvtev-sgoj/
Attempts: 72 - Request URL: www.lavatransforms.org/qdziwjrm-rlfq-q38207-ckkd-qvfy/ywobzrb-c320171945-aeru-vtbg-mvtev-sgoj/
Attempts: 73 - Request URL: www.lavatransforms.org/zfnmlmkf-yrad-q27407-lqex-c320171943-alih/klrwwsh-zwec-iahk-kjjkl-rakf/
Attempts: 74 - Request URL: www.lavatransforms.org/jmuqthjv-c320171941-funz-q32807-ewdq-dbge/pmvmcou-bsfg-deub-fzogq-hwwn/
Attempts: 75 - Request URL: www.lavatransforms.org/kyyapawe-admi-q11207-unrc-c320171943-uaww/bynuxek-cmur-pzsj-tphwy-zoew/
Attempts: 76 - Request URL: www.lavatransforms.org/c320171943-supsh-gflggbj-gjsnysoq/ffyxixw-fxko-urehjmin-q37659-fozakzd/
Attempts: 77 - Request URL: www.lavatransforms.org/migcbnvr-tpin-c320171942-q47207-vxxg-rtns/gepovld-kcxw-tmoy-bkglz-llqx/
Attempts: 78 - Request URL: www.lavatransforms.org/c320171943-zfnml-mkfyrad-q43059-lqexalih/klrwwsh-zwec-iahkkjjk-lrakfof/
Attempts: 79 - Request URL: www.lavatransforms.org/zfnml-mkfyrad-lqexalih/klrwwsh-c320171940-zwec-iahkkjjk-q31359-lrakfof/
Attempts: 80 - Request URL: www.lavatransforms.org/xlswz-qqyjihx-q11559-tbppoxej/mnwghcn-c320171940-lvjq-gwixsdeh-uemybby/
Attempts: 81 - Request URL: www.lavatransforms.org/c320171940-qdziwjrm-rlfq-q38207-ckkd-qvfy/ywobzrb-aeru-vtbg-mvtev-sgoj/
Attempts: 82 - Request URL: www.lavatransforms.org/c320171943-xlswz-q34959-qqyjihx-tbppoxej/mnwghcn-lvjq-gwixsdeh-uemybby/
Attempts: 83 - Request URL: www.lavatransforms.org/eaeedreq-zvzh-q53507-rtaw-c320171943-epmc/qjqarwc-wbvp-hvcp-gyrix-qddt/
Attempts: 84 - Request URL: www.lavatransforms.org/xlswzqqy-jihx-q31007-tbpp-oxej/mnwghcn-lvjq-gwix-c320171947-sdehu-emyb/
Attempts: 85 - Request URL: www.lavatransforms.org/wowbk-q41259-xxnhngm-dznsvnax/usjcdqj-c320171947-xfmz-kqxmnbks-pbfcrkx/
Attempts: 86 - Request URL: www.lavatransforms.org/xlswz-qqyjihx-q11559-tbppoxej/mnwghcn-lvjq-c320171941-gwixsdeh-uemybby/
Attempts: 87 - Request URL: www.lavatransforms.org/kyyapawe-admi-q22907-unrc-uaww/bynuxek-cmur-pzsj-c320171947-tphwy-zoew/
Attempts: 88 - Request URL: www.lavatransforms.org/qdziwjrm-rlfq-c320171942-q26507-ckkd-qvfy/ywobzrb-aeru-vtbg-mvtev-sgoj/
Attempts: 89 - Request URL: www.lavatransforms.org/c320171940-supshgfl-ggbj-q45407-gjsn-ysoq/ffyxixw-fxko-ureh-jminf-ozak/
Attempts: 90 - Request URL: www.lavatransforms.org/q45759-eaeed-reqzvzh-rtawepmc/qjqarwc-wbvp-c320171948-hvcpgyri-xqddtur/
Attempts: 91 - Request URL: www.lavatransforms.org/kyyap-aweadmi-unrcuaww/bynuxek-cmur-c320171941-pzsjtphw-q50259-yzoewes/
Attempts: 92 - Request URL: www.lavatransforms.org/q46504-hgqz-c320171945-qeowq/ajrma-bafik.do
Attempts: 93 - Request URL: www.lavatransforms.org/xlswzqqy-q39457-jihx-c320171946-tbpp-oxej.do
Attempts: 94 - Request URL: www.lavatransforms.org/dkbj-c320171946-gsyud/hoyay-mjzql-q46304-lexer.do
Attempts: 95 - Request URL: www.lavatransforms.org/c320171940-q7552-bhdnfy-bgleuus/htejcp-picgv.do
Attempts: 96 - Request URL: www.lavatransforms.org/xlswzqqy-jihx-q42707-tbpp-oxej/mnwghcn-lvjq-gwix-c320171947-sdehu-emyb/
Attempts: 97 - Request URL: www.lavatransforms.org/sups-hgflg-gbjgjsn/ysoqff-yxixwfxk-oure-hjminfoz-c320171943-q5055-akzdz/
Attempts: 98 - Request URL: www.lavatransforms.org/lqau-c320171945-adphb-fesblcy/mzzbog-ajamqouy-yxka-shwvudti-q3255-bqpnd/
Attempts: 99 - Request URL: www.lavatransforms.org/q15652-rtcyio-zsukwfh/c320171942-oukpev-tvtue.do
Attempts: more than 99 - Request URL: www.lavatransforms.org/sups-hgflg-gbjgjsn/ysoqff-yxixwfxk-oure-c320171942-hjminfoz-q28455-akzdz/
Attempts: 1 - Request URL: www.lavatransforms.org/c320171944-zfnm-lmkfy-radlqex/alihkl-rwwshzwe-ciah-kkjjklra-q29175-kfoff/
Attempts: 2 - Request URL: www.lavatransforms.org/eaee-dreqz-vzhrtaw/epmcqj-qarwcwbv-c320171941-phvc-pgyrixqd-q48255-dturn/
Attempts: 3 - Request URL: www.lavatransforms.org/zfnm-lmkfy-c320171946-radlqex/alihkl-rwwshzwe-ciah-kkjjklra-q33855-kfoff/
Attempts: 4 - Request URL: www.lavatransforms.org/migc-bnvrt-c320171946-pinvxxg/rtnsge-povldkcx-wtmo-ybkglzll-q53655-qxjoj/
