Attempts: 1 - Request URL: www.lavatransforms.org/category/lava-vocabulary/talks/page/6/nydistilling.com
Attempts: 2 - Request URL: www.lavatransforms.org/category/preservation/page/12/elalisal2013
Attempts: 3 - Request URL: www.lavatransforms.org/category/technology/user/register
Attempts: 4 - Request URL: www.lavatransforms.org/newsletter/subscriptions
Attempts: 5 - Request URL: www.lavatransforms.org/user/43
Attempts: 6 - Request URL: www.lavatransforms.org/category/lava-vocabulary/education/page/7/newsletter/subscriptions
Attempts: 7 - Request URL: www.lavatransforms.org/2013/01/30/tour-is-full-tour-of-judson-glass-studios/elalisal2013
Attempts: 8 - Request URL: www.lavatransforms.org/event/palos-verdes-ancient-modern-saturday-april-8th/feed/
Attempts: 9 - Request URL: www.lavatransforms.org/category/art/user/register
Attempts: 10 - Request URL: www.lavatransforms.org/category/preservation/page/2/user/login
Attempts: 11 - Request URL: www.lavatransforms.org/user/26
Attempts: 12 - Request URL: www.lavatransforms.org/2017-1-8-harveysbroiler_145908/
Attempts: 13 - Request URL: www.lavatransforms.org/category/education/page/7/newsletter/subscriptions
Attempts: 14 - Request URL: www.lavatransforms.org/category/talks/page/10/subscribe
Attempts: 15 - Request URL: www.lavatransforms.org/2010/05/salon510
Attempts: 16 - Request URL: www.lavatransforms.org/wehoreadsnoir
Attempts: 17 - Request URL: www.lavatransforms.org/category/lava-vocabulary/history/page/21/salon213
Attempts: 18 - Request URL: www.lavatransforms.org/video-category/blank/http:derangedlacrimes.com
Attempts: 19 - Request URL: www.lavatransforms.org/video/salon410/http:derangedlacrimes.com
Attempts: 20 - Request URL: www.lavatransforms.org/event/raymond-chandlers-los-angeles-saturday-may-14-2016/feed/
Attempts: 21 - Request URL: www.lavatransforms.org/category/lava-vocabulary/lava-exclusives/page/9/cellartourkingeddydec2012
Attempts: 22 - Request URL: www.lavatransforms.org/category/technology/user/login
Attempts: 23 - Request URL: www.lavatransforms.org/flaneur-broadway-on-my-mind-landing
Attempts: 24 - Request URL: www.lavatransforms.org/category/lava-vocabulary/preservation/page/12/elalisal2013
Attempts: 25 - Request URL: www.lavatransforms.org/event/mwd-hearing/feed/
Attempts: 26 - Request URL: www.lavatransforms.org/category/lava-vocabulary/books/user/login
Attempts: 27 - Request URL: www.lavatransforms.org/category/lava-vocabulary/talks/page/18/newsletter/subscriptions
Attempts: 28 - Request URL: www.lavatransforms.org/about-lava/newsletter/subscriptions
Attempts: 29 - Request URL: www.lavatransforms.org/event/south-l-a-road-trip-hot-rods-adobes-googie-early-modernism-3/feed/
Attempts: 30 - Request URL: www.lavatransforms.org/savannah2013
Attempts: 31 - Request URL: www.lavatransforms.org/category/blog/page/13/cityscapes
Attempts: 32 - Request URL: www.lavatransforms.org/category/food/musso31210
Attempts: 33 - Request URL: www.lavatransforms.org/event/the-krampus-slideshow-talk-with-costumes-early-show/feed/
Attempts: 34 - Request URL: www.lavatransforms.org/img_20170301_115827/
Attempts: 35 - Request URL: www.lavatransforms.org/event/urmwalk5/feed/
Attempts: 36 - Request URL: www.lavatransforms.org/event/eastside-babylon-crime-bus-tour-5/feed/
Attempts: 37 - Request URL: www.lavatransforms.org/event/eastside-babylon-crime-bus-tour-2/feed/
Attempts: 38 - Request URL: www.lavatransforms.org/event/historic-peabody-werden-house-moved-across-first-street/feed/
Attempts: 39 - Request URL: www.lavatransforms.org/event/hotel-horrors-main-street-vice-tour-4/feed/
Attempts: 40 - Request URL: www.lavatransforms.org/event/crimelabjan2016/feed/
