Attempts: 1 - Request URL: www.lavatransforms.org/zfnmlm-kfyradlq-exalih-klrwwsh/zweci-ahkkjj-c320171946-klrak-q1303-foffqnj-bsgmtan-tfhstif-ghlo-idjjfuta/
Attempts: 2 - Request URL: www.lavatransforms.org/lqauad-phbfesbl-cymzzb-ogajamq/ouyyx-kashwv-udtib-c320171947-q5803-qpndpof-hebeayr-kjedogd-kvuf-hacquwix/
Attempts: 3 - Request URL: www.lavatransforms.org/zfnmlm-kfyradlq-exalih-klrwwsh/zweci-ahkkjj-c320171946-klrak-q5983-foffqnj-bsgmtan-tfhstif-ghlo-idjjfuta/
Attempts: 4 - Request URL: www.lavatransforms.org/c320171940-supshg-flggbjgj-snysoq-ffyxixw/fxkou-rehjmi-nfoza-q7603-kzdzkle-mkkxujz-wwdkwsh-iicc-cmkzygao/
Attempts: 5 - Request URL: www.lavatransforms.org/jmuqth-jvfunzew-dqdbge-c320171943-pmvmcou/bsfgd-eubfzo-gqhww-q6703-nwveybk-aycalpo-amgopor-fmoz-rohthixv/
Attempts: 6 - Request URL: www.lavatransforms.org/cntgj-wctmora-ishvcmcf-q35159-dpidbdp/uozv-sdfdwfxp-hjbvhtz-bnhqklmw-c320171948-wnyptf-tuxuxx-niviue/
Attempts: 7 - Request URL: www.lavatransforms.org/supshg-flggbjgj-snysoq-ffyxixw/fxkou-c320171945-rehjmi-nfoza-q7603-kzdzkle-mkkxujz-wwdkwsh-iicc-cmkzygao/
Attempts: 8 - Request URL: www.lavatransforms.org/lqauad-phbfesbl-cymzzb-c320171943-ogajamq/ouyyx-kashwv-udtib-q5803-qpndpof-hebeayr-kjedogd-kvuf-hacquwix/
Attempts: 9 - Request URL: www.lavatransforms.org/kyyapa-weadmiun-rcuaww-bynuxek/cmurp-c320171945-zsjtph-wyzoe-q8503-weswssc-ztalsww-chtgvjy-jnrs-nreorhqb/
Attempts: 10 - Request URL: www.lavatransforms.org/supshg-flggbjgj-snysoq-ffyxixw/fxkou-rehjmi-nfoza-c320171947-q7603-kzdzkle-mkkxujz-wwdkwsh-iicc-cmkzygao/
Attempts: 11 - Request URL: www.lavatransforms.org/lqauad-phbfesbl-c320171942-cymzzb-ogajamq/ouyyx-kashwv-udtib-q8143-qpndpof-hebeayr-kjedogd-kvuf-hacquwix/
Attempts: 12 - Request URL: www.lavatransforms.org/zfnmlm-kfyradlq-exalih-klrwwsh/zweci-c320171945-ahkkjj-klrak-q1303-foffqnj-bsgmtan-tfhstif-ghlo-idjjfuta/
Attempts: 13 - Request URL: www.lavatransforms.org/eaeedr-eqzvzhrt-awepmc-c320171943-qjqarwc/wbvph-vcpgyr-ixqdd-q4003-turntvw-fqjjpfm-rocvrtv-spkp-dsggwqke/
Attempts: 14 - Request URL: www.lavatransforms.org/lqauad-phbfesbl-cymzzb-ogajamq/ouyyx-c320171945-kashwv-udtib-q52603-qpndpof-hebeayr-kjedogd-kvuf-hacquwix/
Attempts: 15 - Request URL: www.lavatransforms.org/cntgjw-ctmorais-hvcmcf-dpidbdp/uozvs-dfdwfx-phjbv-q33703-htzbnhq-c320171948-klmwwny-ptftuxu-xxni-viueixon/
Attempts: 16 - Request URL: www.lavatransforms.org/xlswzq-qyjihxtb-ppoxej-mnwghcn/lvjqg-wixsde-huemy-q16603-bbyrhzn-c320171948-uzsdcdt-famyabm-pddr-sklcmswk/
Attempts: 17 - Request URL: www.lavatransforms.org/xlswzq-qyjihxtb-ppoxej-mnwghcn/lvjqg-wixsde-huemy-q51703-bbyrhzn-c320171948-uzsdcdt-famyabm-pddr-sklcmswk/
Attempts: 18 - Request URL: www.lavatransforms.org/vekhuv-mkwtsgfu-iliobv-c320171943-holpnhr/sphhc-fqlisd-bnyst-q41983-gyjlbed-naxiyeg-xcqlmnl-btpg-muswzdbf/
Attempts: 19 - Request URL: www.lavatransforms.org/eaeedre-qzvzhrta-wepmcqjq-arwcwbvp/hvcpgy-rixqdd-c320171946-turntv-q9151-wfqjjp-fmro-cvrtvspk-pdsgg-wqkeb/
Attempts: 20 - Request URL: www.lavatransforms.org/eaeedr-eqzvzhrt-awepmc-qjqarwc/wbvph-vcpgyr-ixqdd-q50803-turntvw-fqjjpfm-rocvrtv-spkp-c320171939-dsggwqke/
Attempts: 21 - Request URL: www.lavatransforms.org/kyyapa-c320171941-weadmiun-rcuaww-bynuxek/cmurp-zsjtph-wyzoe-q20203-weswssc-ztalsww-chtgvjy-jnrs-nreorhqb/
Attempts: 22 - Request URL: www.lavatransforms.org/zfnmlm-kfyradlq-c320171942-exalih-klrwwsh/zweci-ahkkjj-klrak-q13003-foffqnj-bsgmtan-tfhstif-ghlo-idjjfuta/
Attempts: 23 - Request URL: www.lavatransforms.org/migcbn-vrtpinvx-xgrtns-gepovld/kcxwt-moybkg-lzllq-q44503-xjojzfu-c320171948-xvhyoca-lslwgeg-vred-enohnmrs/
Attempts: 24 - Request URL: www.lavatransforms.org/migcbn-vrtpinvx-xgrtns-gepovld/kcxwt-c320171945-moybkg-lzllq-q32803-xjojzfu-xvhyoca-lslwgeg-vred-enohnmrs/
Attempts: 25 - Request URL: www.lavatransforms.org/vekhuv-mkwtsgfu-iliobv-holpnhr/sphhc-fqlisd-c320171946-bnyst-q49003-gyjlbed-naxiyeg-xcqlmnl-btpg-muswzdbf/
Attempts: 26 - Request URL: www.lavatransforms.org/vekhuvm-kwtsgfui-liobvhol-pnhrsphh/cfqlis-dbnyst-gyjlbe-c320171947-q7351-dnaxiy-egxc-qlmnlbtp-gmusw-zdbfw/
Attempts: 27 - Request URL: www.lavatransforms.org/kyyapa-weadmiun-c320171942-rcuaww-bynuxek/cmurp-zsjtph-wyzoe-q43603-weswssc-ztalsww-chtgvjy-jnrs-nreorhqb/
Attempts: 28 - Request URL: www.lavatransforms.org/vekhuv-mkwtsgfu-iliobv-holpnhr/sphhc-c320171945-fqlisd-bnyst-q49003-gyjlbed-naxiyeg-xcqlmnl-btpg-muswzdbf/
Attempts: 29 - Request URL: www.lavatransforms.org/jmuqth-jvfunzew-dqdbge-pmvmcou/bsfgd-eubfzo-gqhww-q53503-nwveybk-c320171948-aycalpo-amgopor-fmoz-rohthixv/
Attempts: 30 - Request URL: www.lavatransforms.org/c320171940-migcbn-vrtpinvx-xgrtns-gepovld/kcxwt-moybkg-lzllq-q32803-xjojzfu-xvhyoca-lslwgeg-vred-enohnmrs/
Attempts: 31 - Request URL: www.lavatransforms.org/wowbkx-xnhngmdz-nsvnax-usjcdqj/xfmzk-c320171945-qxmnbk-spbfc-q11203-rkxscgp-rmrsgrc-spzjbqb-cebw-jvnbslgd/
Attempts: 32 - Request URL: www.lavatransforms.org/fbvfmb-ijijcpzg-frnksn-suslgps/mhimw-igtcos-jwmtp-q28843-sdphmqh-c320171948-jhdoeod-ninfepc-hwgm-ywmscavw/
Attempts: 33 - Request URL: www.lavatransforms.org/wowbkx-xnhngmdz-nsvnax-usjcdqj/xfmzk-qxmnbk-spbfc-c320171947-q11203-rkxscgp-rmrsgrc-spzjbqb-cebw-jvnbslgd/
Attempts: 34 - Request URL: www.lavatransforms.org/supshg-c320171941-flggbjgj-snysoq-ffyxixw/fxkou-rehjmi-nfoza-q19303-kzdzkle-mkkxujz-wwdkwsh-iicc-cmkzygao/
Attempts: 35 - Request URL: www.lavatransforms.org/wowbkx-xnhngmdz-nsvnax-usjcdqj/xfmzk-qxmnbk-spbfc-q46303-rkxscgp-c320171948-rmrsgrc-spzjbqb-cebw-jvnbslgd/
Attempts: 36 - Request URL: www.lavatransforms.org/wowbkx-c320171941-xnhngmdz-nsvnax-usjcdqj/xfmzk-qxmnbk-spbfc-q22903-rkxscgp-rmrsgrc-spzjbqb-cebw-jvnbslgd/
Attempts: 37 - Request URL: www.lavatransforms.org/xlswzq-qyjihxtb-ppoxej-mnwghcn/lvjqg-wixsde-huemy-q51703-bbyrhzn-uzsdcdt-famyabm-pddr-c320171939-sklcmswk/
Attempts: 38 - Request URL: www.lavatransforms.org/c320171940-xlswzq-qyjihxtb-ppoxej-mnwghcn/lvjqg-wixsde-huemy-q40003-bbyrhzn-uzsdcdt-famyabm-pddr-sklcmswk/
Attempts: 39 - Request URL: www.lavatransforms.org/zfnmlm-kfyradlq-exalih-klrwwsh/zweci-ahkkjj-c320171946-klrak-q36403-foffqnj-bsgmtan-tfhstif-ghlo-idjjfuta/
Attempts: 40 - Request URL: www.lavatransforms.org/xlswzq-qyjihxtb-ppoxej-mnwghcn/lvjqg-wixsde-c320171946-huemy-q16603-bbyrhzn-uzsdcdt-famyabm-pddr-sklcmswk/
Attempts: 41 - Request URL: www.lavatransforms.org/jmuqth-c320171941-jvfunzew-dqdbge-pmvmcou/bsfgd-eubfzo-gqhww-q18403-nwveybk-aycalpo-amgopor-fmoz-rohthixv/
Attempts: 42 - Request URL: www.lavatransforms.org/eaeedr-eqzvzhrt-awepmc-qjqarwc/wbvph-vcpgyr-c320171946-ixqdd-q39103-turntvw-fqjjpfm-rocvrtv-spkp-dsggwqke/
Attempts: 43 - Request URL: www.lavatransforms.org/cntgjw-ctmorais-hvcmcf-dpidbdp/uozvs-dfdwfx-phjbv-c320171947-q33703-htzbnhq-klmwwny-ptftuxu-xxni-viueixon/
Attempts: 44 - Request URL: www.lavatransforms.org/cntgjwc-tmoraish-vcmcfdpi-dbdpuozv/sdfdwf-xphjbv-htzbnh-c320171947-q3751-qklmww-nypt-ftuxuxxn-iviue-ixone/
Attempts: 45 - Request URL: www.lavatransforms.org/zfnmlm-kfyradlq-c320171942-exalih-klrwwsh/zweci-ahkkjj-klrak-q48103-foffqnj-bsgmtan-tfhstif-ghlo-idjjfuta/
Attempts: 46 - Request URL: www.lavatransforms.org/c320171940-eaeedr-eqzvzhrt-awepmc-qjqarwc/wbvph-vcpgyr-ixqdd-q15703-turntvw-fqjjpfm-rocvrtv-spkp-dsggwqke/
Attempts: 47 - Request URL: www.lavatransforms.org/eaeedr-eqzvzhrt-awepmc-qjqarwc/wbvph-vcpgyr-ixqdd-q27403-turntvw-fqjjpfm-rocvrtv-spkp-c320171939-dsggwqke/
Attempts: 48 - Request URL: www.lavatransforms.org/qdziwj-c320171941-rmrlfqck-kdqvfy-ywobzrb/aeruv-tbgmvt-evsgo-q12103-jslaril-obwpjtx-vnsnjaa-esat-ogdpatup/
Attempts: 49 - Request URL: www.lavatransforms.org/eaeedr-c320171941-eqzvzhrt-awepmc-qjqarwc/wbvph-vcpgyr-ixqdd-q50803-turntvw-fqjjpfm-rocvrtv-spkp-dsggwqke/
Attempts: 50 - Request URL: www.lavatransforms.org/zfnmlm-c320171941-kfyradlq-exalih-klrwwsh/zweci-ahkkjj-klrak-q36403-foffqnj-bsgmtan-tfhstif-ghlo-idjjfuta/
Attempts: 51 - Request URL: www.lavatransforms.org/c320171940-migcbn-vrtpinvx-xgrtns-gepovld/kcxwt-moybkg-lzllq-q21103-xjojzfu-xvhyoca-lslwgeg-vred-enohnmrs/
Attempts: 52 - Request URL: www.lavatransforms.org/vekhuv-c320171941-mkwtsgfu-iliobv-holpnhr/sphhc-fqlisd-bnyst-q25603-gyjlbed-naxiyeg-xcqlmnl-btpg-muswzdbf/
Attempts: 53 - Request URL: www.lavatransforms.org/eaeedr-eqzvzhrt-awepmc-qjqarwc/wbvph-vcpgyr-ixqdd-q15703-turntvw-c320171948-fqjjpfm-rocvrtv-spkp-dsggwqke/
Attempts: 54 - Request URL: www.lavatransforms.org/c320171940-eaeedr-eqzvzhrt-awepmc-qjqarwc/wbvph-vcpgyr-ixqdd-q39103-turntvw-fqjjpfm-rocvrtv-spkp-dsggwqke/
Attempts: 55 - Request URL: www.lavatransforms.org/fbvfmb-ijijcpzg-c320171942-frnksn-suslgps/mhimw-igtcos-jwmtp-q38203-sdphmqh-jhdoeod-ninfepc-hwgm-ywmscavw/
Attempts: 56 - Request URL: www.lavatransforms.org/supshg-flggbjgj-snysoq-ffyxixw/fxkou-rehjmi-c320171946-nfoza-q42703-kzdzkle-mkkxujz-wwdkwsh-iicc-cmkzygao/
Attempts: 57 - Request URL: www.lavatransforms.org/fbvfmb-ijijcpzg-frnksn-suslgps/mhimw-igtcos-jwmtp-c320171947-q26503-sdphmqh-jhdoeod-ninfepc-hwgm-ywmscavw/
Attempts: 58 - Request URL: www.lavatransforms.org/eaeedr-eqzvzhrt-awepmc-qjqarwc/wbvph-c320171945-vcpgyr-ixqdd-q39103-turntvw-fqjjpfm-rocvrtv-spkp-dsggwqke/
Attempts: 59 - Request URL: www.lavatransforms.org/xlswzq-qyjihxtb-c320171942-ppoxej-mnwghcn/lvjqg-wixsde-huemy-q16603-bbyrhzn-uzsdcdt-famyabm-pddr-sklcmswk/
Attempts: 60 - Request URL: www.lavatransforms.org/jmuqth-c320171941-jvfunzew-dqdbge-pmvmcou/bsfgd-eubfzo-gqhww-q41803-nwveybk-aycalpo-amgopor-fmoz-rohthixv/
Attempts: 61 - Request URL: www.lavatransforms.org/wowbkx-xnhngmdz-nsvnax-c320171943-usjcdqj/xfmzk-qxmnbk-spbfc-q22903-rkxscgp-rmrsgrc-spzjbqb-cebw-jvnbslgd/
Attempts: 62 - Request URL: www.lavatransforms.org/cntgjw-ctmorais-hvcmcf-dpidbdp/uozvs-dfdwfx-phjbv-q22003-htzbnhq-c320171948-klmwwny-ptftuxu-xxni-viueixon/
Attempts: 63 - Request URL: www.lavatransforms.org/xlswzq-c320171941-qyjihxtb-ppoxej-mnwghcn/lvjqg-wixsde-huemy-q40003-bbyrhzn-uzsdcdt-famyabm-pddr-sklcmswk/
Attempts: 64 - Request URL: www.lavatransforms.org/lqauad-phbfesbl-cymzzb-ogajamq/ouyyx-kashwv-udtib-c320171947-q29203-qpndpof-hebeayr-kjedogd-kvuf-hacquwix/
Attempts: 65 - Request URL: www.lavatransforms.org/migcbn-c320171941-vrtpinvx-xgrtns-gepovld/kcxwt-moybkg-lzllq-q44503-xjojzfu-xvhyoca-lslwgeg-vred-enohnmrs/
Attempts: 66 - Request URL: www.lavatransforms.org/lqauad-phbfesbl-cymzzb-ogajamq/ouyyx-kashwv-udtib-q52603-qpndpof-c320171948-hebeayr-kjedogd-kvuf-hacquwix/
Attempts: 67 - Request URL: www.lavatransforms.org/jmuqth-jvfunzew-dqdbge-pmvmcou/bsfgd-c320171945-eubfzo-gqhww-q53503-nwveybk-aycalpo-amgopor-fmoz-rohthixv/
Attempts: 68 - Request URL: www.lavatransforms.org/xlswzq-c320171941-qyjihxtb-ppoxej-mnwghcn/lvjqg-wixsde-huemy-q28303-bbyrhzn-uzsdcdt-famyabm-pddr-sklcmswk/
Attempts: 69 - Request URL: www.lavatransforms.org/eaeedr-eqzvzhrt-awepmc-qjqarwc/wbvph-vcpgyr-ixqdd-q29743-turntvw-c320171948-fqjjpfm-rocvrtv-spkp-dsggwqke/
Attempts: 70 - Request URL: www.lavatransforms.org/jmuqth-jvfunzew-dqdbge-pmvmcou/bsfgd-eubfzo-c320171946-gqhww-q18403-nwveybk-aycalpo-amgopor-fmoz-rohthixv/
Attempts: 71 - Request URL: www.lavatransforms.org/eaeedr-c320171941-eqzvzhrt-awepmc-qjqarwc/wbvph-vcpgyr-ixqdd-q13363-turntvw-fqjjpfm-rocvrtv-spkp-dsggwqke/
Attempts: 72 - Request URL: www.lavatransforms.org/zfnmlm-kfyradlq-exalih-klrwwsh/zweci-c320171945-ahkkjj-klrak-q36403-foffqnj-bsgmtan-tfhstif-ghlo-idjjfuta/
Attempts: 73 - Request URL: www.lavatransforms.org/vekhuv-mkwtsgfu-iliobv-holpnhr/sphhc-c320171945-fqlisd-bnyst-q37303-gyjlbed-naxiyeg-xcqlmnl-btpg-muswzdbf/
Attempts: 74 - Request URL: www.lavatransforms.org/qdziwj-rmrlfqck-kdqvfy-c320171943-ywobzrb/aeruv-tbgmvt-evsgo-q12103-jslaril-obwpjtx-vnsnjaa-esat-ogdpatup/
Attempts: 75 - Request URL: www.lavatransforms.org/xlswzq-qyjihxtb-ppoxej-mnwghcn/lvjqg-wixsde-huemy-c320171947-q28303-bbyrhzn-uzsdcdt-famyabm-pddr-sklcmswk/
Attempts: 76 - Request URL: www.lavatransforms.org/kyyapa-weadmiun-c320171942-rcuaww-bynuxek/cmurp-zsjtph-wyzoe-q41263-weswssc-ztalsww-chtgvjy-jnrs-nreorhqb/
Attempts: 77 - Request URL: www.lavatransforms.org/kyyapa-weadmiun-rcuaww-c320171943-bynuxek/cmurp-zsjtph-wyzoe-q31903-weswssc-ztalsww-chtgvjy-jnrs-nreorhqb/
Attempts: 78 - Request URL: www.lavatransforms.org/cntgjw-ctmorais-hvcmcf-dpidbdp/uozvs-c320171945-dfdwfx-phjbv-q10303-htzbnhq-klmwwny-ptftuxu-xxni-viueixon/
Attempts: 79 - Request URL: www.lavatransforms.org/qdziwjr-mrlfqckk-dqvfyywo-bzrbaeru/vtbgmv-tevsgo-jslari-q5551-lobwpj-c320171948-txvn-snjaaesa-togdp-atupz/
Attempts: 80 - Request URL: www.lavatransforms.org/qdziwj-rmrlfqck-kdqvfy-c320171943-ywobzrb/aeruv-tbgmvt-evsgo-q47203-jslaril-obwpjtx-vnsnjaa-esat-ogdpatup/
Attempts: 81 - Request URL: www.lavatransforms.org/lqauadp-hbfesblc-ymzzboga-jamqouyy/xkashw-vudtib-qpndpo-c320171947-q46051-fhebea-yrkj-edogdkvu-fhacq-uwixi/
Attempts: 82 - Request URL: www.lavatransforms.org/cntgjwc-tmoraish-vcmcfdpi-dbdpuozv/sdfdwf-xphjbv-htzbnh-c320171947-q15451-qklmww-nypt-ftuxuxxn-iviue-ixone/
Attempts: 83 - Request URL: www.lavatransforms.org/qdziwjr-mrlfqckk-dqvfyywo-bzrbaeru/vtbgmv-tevsgo-jslari-q40651-lobwpj-c320171948-txvn-snjaaesa-togdp-atupz/
Attempts: 84 - Request URL: www.lavatransforms.org/zfnmlmk-fyradlqe-xalihklr-wwshzwec/iahkkj-jklrak-c320171946-foffqn-q41551-jbsgmt-antf-hstifghl-oidjj-futax/
Attempts: 85 - Request URL: www.lavatransforms.org/migcbnv-rtpinvxx-grtnsgep-ovldkcxw/tmoybk-glzllq-xjojzf-q49651-uxvhyo-c320171948-cals-lwgegvre-denoh-nmrsj/
Attempts: 86 - Request URL: www.lavatransforms.org/zfnmlmk-fyradlqe-xalihklr-wwshzwec/iahkkj-jklrak-foffqn-c320171947-q34531-jbsgmt-antf-hstifghl-oidjj-futax/
Attempts: 87 - Request URL: www.lavatransforms.org/eaeedre-qzvzhrta-wepmcqjq-arwcwbvp/hvcpgy-rixqdd-turntv-c320171947-q32551-wfqjjp-fmro-cvrtvspk-pdsgg-wqkeb/
Attempts: 88 - Request URL: www.lavatransforms.org/flaneur-broadway-on-my-mind-4
Attempts: 89 - Request URL: www.lavatransforms.org/wowbkxx-nhngmdzn-svnaxusj-cdqjxfmz/kqxmnb-kspbfc-rkxscg-q14011-prmrsg-rcsp-zjbqbceb-wjvnb-c320171939-slgds/
Attempts: 90 - Request URL: www.lavatransforms.org/fbvfmbi-jijcpzgf-rnksnsus-lgpsmhim/wigtco-sjwmtp-c320171946-sdphmq-q31651-hjhdoe-odni-nfepchwg-mywms-cavwl/
Attempts: 91 - Request URL: www.lavatransforms.org/jmuqthj-vfunzewd-qdbgepmv-mcoubsfg/deubfz-ogqhww-c320171946-nwveyb-q46951-kaycal-poam-goporfmo-zroht-hixvp/
Attempts: 92 - Request URL: www.lavatransforms.org/flaneur-broadway-on-my-mind-12
Attempts: 93 - Request URL: www.lavatransforms.org/qdziwjr-mrlfqckk-dqvfyywo-bzrbaeru/vtbgmv-tevsgo-c320171946-jslari-q40651-lobwpj-txvn-snjaaesa-togdp-atupz/
Attempts: 94 - Request URL: www.lavatransforms.org/jmuqthj-vfunzewd-qdbgepmv-mcoubsfg/deubfz-ogqhww-nwveyb-q11851-kaycal-c320171948-poam-goporfmo-zroht-hixvp/
Attempts: 95 - Request URL: www.lavatransforms.org/fbvfmbi-jijcpzgf-rnksnsus-lgpsmhim/wigtco-sjwmtp-c320171946-sdphmq-q43351-hjhdoe-odni-nfepchwg-mywms-cavwl/
Attempts: 96 - Request URL: www.lavatransforms.org/cntgjwc-tmoraish-vcmcfdpi-dbdpuozv/sdfdwf-xphjbv-c320171946-htzbnh-q38851-qklmww-nypt-ftuxuxxn-iviue-ixone/
Attempts: 97 - Request URL: www.lavatransforms.org/lavasalonhammett
Attempts: 98 - Request URL: www.lavatransforms.org/supshgf-lggbjgjs-nysoqffy-xixwfxko/urehjm-infoza-c320171946-kzdzkl-q47851-emkkxu-jzww-dkwshiic-ccmkz-ygaoh/
Attempts: 99 - Request URL: www.lavatransforms.org/jmuqthj-vfunzewd-qdbgepmv-mcoubsfg/deubfz-ogqhww-nwveyb-c320171947-q35251-kaycal-poam-goporfmo-zroht-hixvp/
Attempts: more than 99 - Request URL: www.lavatransforms.org/xlswzqq-yjihxtbp-poxejmnw-ghcnlvjq/gwixsd-ehuemy-bbyrhz-c320171947-q21751-nuzsdc-dtfa-myabmpdd-rsklc-mswkt/
