Attempts: 1 - Request URL: www.lavatransforms.org/hgqzqe-c320171946-owqajrm/q21752-abafik-zjzzt-okvyjcnm.do
Attempts: 2 - Request URL: www.lavatransforms.org/ovlxvuhb-nzqepd-q5456-yhtghkr-hchk/nargba-qyyvo-hlacpnz-paeyfroc-c320171939-wucvl.do
Attempts: 3 - Request URL: www.lavatransforms.org/hgqz-qeowq-c320171942-ajrma-bafik/q30904-zjzzt-okvyj-cnmhnqde-avmg-xjycct-outsnf-thvfqqwc-xhsljxx.do
Attempts: 4 - Request URL: www.lavatransforms.org/xlswzqq-q8751-yjihxtbp-poxejmnw/c320171939-ghcnlvjq-gwixsd-ehuemy-bbyrhz/
Attempts: 5 - Request URL: www.lavatransforms.org/q5210-gpjto-c320171946-ptdkyl-loiv-owjrua-qhqy/
Attempts: 6 - Request URL: www.lavatransforms.org/hgqzqeo-wqaj-rmaba-fikzjzzt/okvyjcn-c320171945-mhnqdea-q14108-vmgxjy-ccto-utsnfth-vfqq-wcxhsljx.do
Attempts: 7 - Request URL: www.lavatransforms.org/migcb-q25159-nvrtpin/c320171948-vxxgrtns-gepovld-kcxw-tmoybkgl/
Attempts: 8 - Request URL: www.lavatransforms.org/c320171940-rtcyiozs-ukwfho-ukpevtv-q52286-tuej-fydydl-bpwfa-ayoadef-zrwoldse-dqrmx-qjko-pfdktct/
Attempts: 9 - Request URL: www.lavatransforms.org/q22355-jmuq-thjvf/c320171942-unzewdq-dbgepm-vmcoubsf/
Attempts: 10 - Request URL: www.lavatransforms.org/dkbjgsyu-dhoyay-mjzqlle-xerm/gmhnti-jczoq-c320171946-ibyjwys-q13856-vhikuxag-oekbs-euyj-hhyxrzw.do
Attempts: 11 - Request URL: www.lavatransforms.org/ovlxvuh-bnzq-epdyh-tghkrhch/q10708-knargba-qyyvohl-acpnzp-aeyf-c320171948-rocwucv-liox-xrizjoyi-nxbpkp.do
Attempts: 12 - Request URL: www.lavatransforms.org/q34560-psfvr-cazoby-tkrz-bghtdl/ifnu-joqzofoj-kcrlp-xkijim-c320171948-qgxxa-zdcoffzu.do
Attempts: 13 - Request URL: www.lavatransforms.org/psfvrc-azobytk-rzbght/dlifn-c320171940-ujoqzofo-q23952-jkcrlpx-kiji.do
Attempts: 14 - Request URL: www.lavatransforms.org/hgqzqeo-wqaj-rmaba-fikzjzzt/q32308-okvyjcn-mhnqdea-vmgxjy-ccto-utsnfth-vfqq-wcxhsljx-c320171939-xpzbao.do
Attempts: 15 - Request URL: www.lavatransforms.org/hgqzqeow-qajrma-c320171942-bafikzj-zzto-kvyjcn-mhnqd-q38106-eavmgxj-ycctouts-nfthv-fqqw/
Attempts: 16 - Request URL: www.lavatransforms.org/uxxpn-c320171941-lnixqk-q45560-oyeg-zhyyoc/vdzs-vljtakyo-jnerw-fixvgo-nacgj.do
Attempts: 17 - Request URL: www.lavatransforms.org/hgqzqeow-qajrma-c320171942-q406-bafikzj-zzto/
Attempts: 18 - Request URL: www.lavatransforms.org/fbvfmbij-q3207-ijcp-zgfr/nksn-c320171947-suslgps-mhim-wigt/
Attempts: 19 - Request URL: www.lavatransforms.org/yzir-efgcs/cpcjc-c320171943-qtbfq-q1304-mtdks.do
Attempts: 20 - Request URL: www.lavatransforms.org/q7707-supshgfl-ggbj-gjsn/ysoq-ffyxixw-fxko-c320171942-ureh/
Attempts: 21 - Request URL: www.lavatransforms.org/gpjtopt-dkyl-c320171946-q5158-loivo-wjruaqhq/
Attempts: 22 - Request URL: www.lavatransforms.org/c320171940-zfnm-lmkfy-q44255-radlqex-alihkl/rwwshzwe-ciah-kkjjklra-kfoff-qnjbsgmt/
Attempts: 23 - Request URL: www.lavatransforms.org/web/20140312061813/http:/astore.amazon.com/bubble1-20/detail/1402766831
Attempts: 24 - Request URL: www.lavatransforms.org/ovlx-vuhbn-c320171947-zqepd-yhtgh-q854-krhch/
Attempts: 25 - Request URL: www.lavatransforms.org/web/20130208072647/http:/esotouric.com/
Attempts: 26 - Request URL: www.lavatransforms.org/web/20140312061813/http:/www.jwhagins.com/nervecowboy.html%20target=
Attempts: 27 - Request URL: www.lavatransforms.org/web/20151005163600/http:/en.wikipedia.org/wiki/Circuit_bending
Attempts: 28 - Request URL: www.lavatransforms.org/yziref-gcscpcj-c320171946-q7102-cqtbfq-mtdks/
Attempts: 29 - Request URL: www.lavatransforms.org/xlswzqqy-jihx-q5007-tbpp/oxej-mnwghcn-c320171948-lvjq-gwix/
Attempts: 30 - Request URL: www.lavatransforms.org/tchdyt-dxcwtwn-c320171946-q2602-fomxdj-anbxk/
Attempts: 31 - Request URL: www.lavatransforms.org/vekhuvm-q4751-kwtsgfui/liobvhol-c320171948-pnhrsphh-cfqlis/
Attempts: 32 - Request URL: www.lavatransforms.org/web/20130208072647/http:/1947project.com/
Attempts: 33 - Request URL: www.lavatransforms.org/c320171944-arrlsks-oesx-q4258-kxmjf-kuxrzktf/
Attempts: 34 - Request URL: www.lavatransforms.org/q1407-zfnmlmkf-c320171944-yrad-lqex/alih-klrwwsh-zwec-iahk/
Attempts: 35 - Request URL: www.lavatransforms.org/web/20151005162000/http:/macksennett.blogspot.com/
Attempts: 36 - Request URL: www.lavatransforms.org/lqauadph-q41007-bfes-blcy/mzzb-c320171947-ogajamq-ouyy-xkas/
Attempts: 37 - Request URL: www.lavatransforms.org/web/20151005162000/http:/www.figarobistrot.com/
Attempts: 38 - Request URL: www.lavatransforms.org/web/20140312061813/http:/silverbirchpress.wordpress.com/
Attempts: 39 - Request URL: www.lavatransforms.org/c320171944-nwooxi-upvmdbw-q6202-pwilrd-iwrmy/
Attempts: 40 - Request URL: www.lavatransforms.org/web/20151005162000/http:/lavatransforms.org/cliftonsalons
Attempts: 41 - Request URL: www.lavatransforms.org/c320171943-cntgjwct-q22107-mora-ishv/cmcf-dpidbdp-uozv-sdfd/
Attempts: 42 - Request URL: www.lavatransforms.org/q9156-yzirefgc-scpcjc-qtbfqmt/dksq-c320171940-zegrqj-zlvil-umrecum.do
Attempts: 43 - Request URL: www.lavatransforms.org/web/20151005101751/http:/cinematreasures.org/theaters/5
Attempts: 44 - Request URL: www.lavatransforms.org/xlswzqqy-jihx-q5007-tbpp/oxej-mnwghcn-lvjq-c320171942-gwix/
Attempts: 45 - Request URL: www.lavatransforms.org/web/20130208072647/https:/sites.google.com/site/historylosangeles/schaber-s-cafeteria
Attempts: 46 - Request URL: www.lavatransforms.org/migcbnvr-tpin-vxxg/rtns-q21207-gepovld-kcxw-c320171942-tmoy/
Attempts: 47 - Request URL: www.lavatransforms.org/cntgjwct-q22107-mora-c320171945-ishv/cmcf-dpidbdp-uozv-sdfd/
Attempts: 48 - Request URL: www.lavatransforms.org/lqauadph-bfes-blcy/mzzb-ogajamq-q29307-ouyy-c320171942-xkas/
Attempts: 49 - Request URL: www.lavatransforms.org/c320171943-kyyapawe-admi-unrc/uaww-bynuxek-cmur-q43707-pzsj/
Attempts: 50 - Request URL: www.lavatransforms.org/web/20130208072647/http:/onbunkerhill.org/
Attempts: 51 - Request URL: www.lavatransforms.org/web/20151005163600/http:/lavatransforms.org/flaneur-broadway-on-my-mind-9
Attempts: 52 - Request URL: www.lavatransforms.org/lqauadph-bfes-q17607-blcy/mzzb-ogajamq-ouyy-c320171942-xkas/
Attempts: 53 - Request URL: www.lavatransforms.org/web/20151005162000/http:/lavatransforms.org/flaneur-broadway-master1
Attempts: 54 - Request URL: www.lavatransforms.org/kyyapaw-q11051-eadmiunr/cuawwbyn-c320171948-uxekcmur-pzsjtp/
Attempts: 55 - Request URL: www.lavatransforms.org/vekhuvmk-wtsg-q49107-fuil/iobv-holpnhr-c320171941-sphh-cfql/
Attempts: 56 - Request URL: www.lavatransforms.org/web/20130208072647/http:/www.lavatransforms.org/flaneur-broadway-feb2013
Attempts: 57 - Request URL: www.lavatransforms.org/uxxpnl-c320171945-nixqkoy-q2062-egzhyy-ocvdz/
Attempts: 58 - Request URL: www.lavatransforms.org/nwooxiu-pvmd-c320171946-q2458-bwpwi-lrdiwrmy/
Attempts: 59 - Request URL: www.lavatransforms.org/kyyapawe-c320171944-admi-unrc/uaww-q8607-bynuxek-cmur-pzsj/
Attempts: 60 - Request URL: www.lavatransforms.org/psfvrca-c320171945-zoby-q7858-tkrzb-ghtdlifn/
Attempts: 61 - Request URL: www.lavatransforms.org/category/lava-vocabulary/food/page/2/lavatransforms.org/flaneur-broadway-on-my-mind-6
Attempts: 62 - Request URL: www.lavatransforms.org/web/20151005014436/https:/sites.google.com/site/historylosangeles/schaber-s-cafeteria
Attempts: 63 - Request URL: www.lavatransforms.org/yziref-gcscpcj-q7102-cqtbfq-c320171943-mtdks/
Attempts: 64 - Request URL: www.lavatransforms.org/wowbkxx-c320171946-q13751-nhngmdzn/svnaxusj-cdqjxfmz-kqxmnb/
Attempts: 65 - Request URL: www.lavatransforms.org/c320171943-eaeedreq-q15807-zvzh-rtaw/epmc-qjqarwc-wbvp-hvcp/
Attempts: 66 - Request URL: www.lavatransforms.org/web/20151005162000/https:/www.facebook.com/LesNocesDuFigaro
Attempts: 67 - Request URL: www.lavatransforms.org/eaeedreq-zvzh-c320171945-rtaw/epmc-q27507-qjqarwc-wbvp-hvcp/
Attempts: 68 - Request URL: www.lavatransforms.org/web/20151005025900/https:/www.facebook.com/LesNocesDuFigaro
Attempts: 69 - Request URL: www.lavatransforms.org/zfnmlmkf-yrad-q36507-lqex/alih-c320171940-klrwwsh-zwec-iahk/
Attempts: 70 - Request URL: www.lavatransforms.org/web/20151005025900/http:/astore.amazon.com/bubble1-20/detail/1883318963
Attempts: 71 - Request URL: www.lavatransforms.org/web/20151005014436/https:/www.laconservancy.org/issues/james-k-hill-sons-pickle-works-building
Attempts: 72 - Request URL: www.lavatransforms.org/web/20151005162000/http:/astore.amazon.com/bubble1-20/detail/0786477113
Attempts: 73 - Request URL: www.lavatransforms.org/q12808-hgqzqeo-wqaj/c320171942-rmaba-fikzjzzt.do
Attempts: 74 - Request URL: www.lavatransforms.org/q29404-dkbj-gsyud/hoyay-c320171939-mjzql.do
Attempts: 75 - Request URL: www.lavatransforms.org/web/20130208072647/http:/lavatransforms.org/cliftonsalons
Attempts: 76 - Request URL: www.lavatransforms.org/web/20151005025900/http:/www.lavatransforms.org/lavavisionary2014
Attempts: 77 - Request URL: www.lavatransforms.org/c320171948-jmuqthjv-q41257-funz-ewdq-dbge.do
Attempts: 78 - Request URL: www.lavatransforms.org/web/20151005101751/http:/www.figarobistrot.com/
Attempts: 79 - Request URL: www.lavatransforms.org/qdziwjrm-c320171941-rlfq/q34307-ckkd-qvfy-ywobzrb/
Attempts: 80 - Request URL: www.lavatransforms.org/uxxp-nlnix-qkoye-gzhyy-c320171944-q27854-ocvdz/
Attempts: 81 - Request URL: www.lavatransforms.org/event/salon816/
Attempts: 82 - Request URL: www.lavatransforms.org/qdzi-wjrmr-lfqckkd-qvfyyw/obzrbaer-uvtb-c320171946-gmvtevsg-q42055-ojsla-rilobwpj-txvns-njaaes-atogd/
Attempts: 83 - Request URL: www.lavatransforms.org/hgqz-qeowq/ajrma-bafik-q41044-zjzzt-c320171945-okvyj.do
Attempts: 84 - Request URL: www.lavatransforms.org/psfv-rcazo/bytkr-c320171943-zbght-q27904-dlifn-ujoqz.do
Attempts: 85 - Request URL: www.lavatransforms.org/lqauadp-hbfesblc-c320171942-ymzzboga-jamqouyy/xkashw-vudtib-qpndpo-fhebea-yrkj-edogdkvu-q27851-fhacq/
Attempts: 86 - Request URL: www.lavatransforms.org/hgqzqeow-q23156-qajrma/c320171942-bafikzj-zzto-kvyjcn.do
Attempts: 87 - Request URL: www.lavatransforms.org/c320171940-vekhuvm-kwtsgfui-liobvhol-pnhrsphh-cfqlis-dbnyst-gyjlbe-dnaxiy-egxc-q18401-qlmnlbtp-gmusw.do
Attempts: 88 - Request URL: www.lavatransforms.org/lqauad-phbfesbl-q4503-cymzzb/c320171946-ogajamq-ouyyx-kashwv-udtib/
Attempts: 89 - Request URL: www.lavatransforms.org/category/lava-vocabulary/talks/page/10/subscribe
Attempts: 90 - Request URL: www.lavatransforms.org/category/lava-vocabulary/talks/page/10/ArchersBooks.com
Attempts: 91 - Request URL: www.lavatransforms.org/migcbnv-rtpinvxx-q39251-grtnsgep-ovldkcxw/c320171944-tmoybk-glzllq-xjojzf-uxvhyo-cals/
Attempts: 92 - Request URL: www.lavatransforms.org/hgqzqeo-wqaj-q6958-rmaba-c320171939-fikzjzzt/
Attempts: 93 - Request URL: www.lavatransforms.org/jmuqthj-c320171946-q32651-vfunzewd/qdbgepmv-mcoubsfg-deubfz/
Attempts: 94 - Request URL: www.lavatransforms.org/web/20151005163600/http:/www.figarobistrot.com/
Attempts: 95 - Request URL: www.lavatransforms.org/migc-bnvrt-q28955-pinvxxg-c320171943-rtnsge/povldkcx-wtmo-ybkglzll-qxjoj-zfuxvhyo/
Attempts: 96 - Request URL: www.lavatransforms.org/wowbkxxn-hngm-dzns/vnax-usjcdqj-c320171941-q23007-xfmz-kqxm/
Attempts: 97 - Request URL: www.lavatransforms.org/jmuqthjv-funz-ewdq/dbge-pmvmcou-c320171941-q41907-bsfg-deub/
Attempts: 98 - Request URL: www.lavatransforms.org/web/20151005025900/http:/cinematreasures.org/theaters/5
Attempts: 99 - Request URL: www.lavatransforms.org/web/20130208072647/http:/www.calstatela.edu/faculty/mwild/
Attempts: more than 99 - Request URL: www.lavatransforms.org/q32907-migcbnvr-tpin-vxxg/rtns-c320171940-gepovld-kcxw-tmoy/
