Attempts: 1 - Request URL: www.lavatransforms.org/event/crawling-down-cahuenga-tom-waits-l-a-tour/feed/
Attempts: 2 - Request URL: www.lavatransforms.org/event/south-l-a-road-trip-hot-rods-adobes-googie-early-modernism-august-2016/feed/
Attempts: 3 - Request URL: www.lavatransforms.org/category/lava-vocabulary/talks/user/login
Attempts: 4 - Request URL: www.lavatransforms.org/category/lava-exclusives/page/8/salon213
Attempts: 5 - Request URL: www.lavatransforms.org/user/45
Attempts: 6 - Request URL: www.lavatransforms.org/event/salon517/feed/
Attempts: 7 - Request URL: www.lavatransforms.org/category/architecturedesign/page/13/salon213
Attempts: 8 - Request URL: www.lavatransforms.org/category/history/page/39/itotushy
Attempts: 9 - Request URL: www.lavatransforms.org/event/broadway-on-my-mind-pereira/feed/
Attempts: 10 - Request URL: www.lavatransforms.org/2015/05/27/canceled-lavas-44th-sunday-salon/user/register
Attempts: 11 - Request URL: www.lavatransforms.org/event/haunts-of-a-dirty-old-man-charles-bukowskis-los-angeles-tour-4/feed/
Attempts: 12 - Request URL: www.lavatransforms.org/category/free/page/7/lavatransforms.org/flaneur-broadway-on-my-mind-6
Attempts: 13 - Request URL: www.lavatransforms.org/category/poetry/user/login
Attempts: 14 - Request URL: www.lavatransforms.org/category/spirituality/user/login
Attempts: 15 - Request URL: www.lavatransforms.org/category/spirituality/user/register
Attempts: 16 - Request URL: www.lavatransforms.org/event/raymond-chandlers-los-angeles-tour/feed/
Attempts: 17 - Request URL: www.lavatransforms.org/salon-cooper-rogers-march2014
Attempts: 18 - Request URL: www.lavatransforms.org/category/dance/user/register
Attempts: 19 - Request URL: www.lavatransforms.org/category/lava-vocabulary/technology/user/register
Attempts: 20 - Request URL: www.lavatransforms.org/category/lava-exclusives/page/8/southwestmuseum2013
Attempts: 21 - Request URL: www.lavatransforms.org/event/harveys-broiler-2017/feed/
Attempts: 22 - Request URL: www.lavatransforms.org/category/lava-vocabulary/education/page/8/myspace.com/jamesadomian
Attempts: 23 - Request URL: www.lavatransforms.org/category/lava-vocabulary/books/page/2/user/login
Attempts: 24 - Request URL: www.lavatransforms.org/category/history/page/16/nydistilling.com
Attempts: 25 - Request URL: www.lavatransforms.org/johnies1_sam/
Attempts: 26 - Request URL: www.lavatransforms.org/category/lava-vocabulary/lava-exclusives/page/8/elalisal2013
Attempts: 27 - Request URL: www.lavatransforms.org/category/books/page/6/lavatransforms.org/flaneur-broadway-on-my-mind-6
Attempts: 28 - Request URL: www.lavatransforms.org/category/lava-vocabulary/preservation/page/13/cellartourkingeddydec2012
Attempts: 29 - Request URL: www.lavatransforms.org/event/pasadena-confidential-april-9-2016/feed/
Attempts: 30 - Request URL: www.lavatransforms.org/event/echo-park-book-of-the-dead-april-23-2016/feed/
Attempts: 31 - Request URL: www.lavatransforms.org/event/the-krampus-slideshow-talk-with-costumes-late-show/feed/
