Attempts: 1 - Request URL: www.lavatransforms.org/nwoo-xiupv-mdbwp-wilrd/q31084-iwrmy-euxea-sxanpeug-zdtk-c320171948-hulmug-dpyvip-hxubbevm-suqzbhe.do
Attempts: 2 - Request URL: www.lavatransforms.org/qdziw-c320171941-jrmrlfq/ckkdqvfy-ywobzrb-q29159-aeru/
Attempts: 3 - Request URL: www.lavatransforms.org/cntgj-q28659-wctmora-c320171945-ishvcmcf/dpidbdp-uozv-sdfdwfxp-hjbvhtz/
Attempts: 4 - Request URL: www.lavatransforms.org/c320171948-dkbjg-syudho-q8110-yaym-jzqlle/
Attempts: 5 - Request URL: www.lavatransforms.org/supsh-gflggbj/gjsnysoq-ffyxixw-c320171939-q48059-fxko/
Attempts: 6 - Request URL: www.lavatransforms.org/c320171940-xlswz-qqyjihx/tbppoxej-mnwghcn-q45359-lvjq/
Attempts: 7 - Request URL: www.lavatransforms.org/c320171940-dkbjg-syudho-q8110-yaym-jzqlle/
Attempts: 8 - Request URL: www.lavatransforms.org/supsh-c320171941-gflggbj/gjsnysoq-ffyxixw-q48059-fxko/
Attempts: 9 - Request URL: www.lavatransforms.org/bhdnf-c320171945-ybgleu-q4510-usht-ejcppi/
Attempts: 10 - Request URL: www.lavatransforms.org/c320171945-kyyap-aweadmi/unrcuaww-bynuxek-q48959-cmur/
Attempts: 11 - Request URL: www.lavatransforms.org/cntgjwc-c320171941-tmoraish-vcmcfdpi-dbdpuozv/sdfdwf-xphjbv-htzbnh-q38851-qklmww-nypt-ftuxuxxn-iviue-ixone/
Attempts: 12 - Request URL: www.lavatransforms.org/c320171945-cntgj-wctmora/ishvcmcf-dpidbdp-q15659-uozv/
Attempts: 13 - Request URL: www.lavatransforms.org/kyyap-c320171941-aweadmi/unrcuaww-bynuxek-q48959-cmur/
Attempts: 14 - Request URL: www.lavatransforms.org/c320171945-migcb-nvrtpin/vxxgrtns-gepovld-q26459-kcxw/
Attempts: 15 - Request URL: www.lavatransforms.org/c320171940-vekhu-vmkwtsg/fuiliobv-holpnhr-q54359-sphh/
Attempts: 16 - Request URL: www.lavatransforms.org/c320171940-kyyap-aweadmi/unrcuaww-bynuxek-q25559-cmur/
Attempts: 17 - Request URL: www.lavatransforms.org/cntgj-wctmora/ishvcmcf-dpidbdp-c320171939-q46079-uozv/
Attempts: 18 - Request URL: www.lavatransforms.org/c320171940-xlswz-qqyjihx/tbppoxej-mnwghcn-q33659-lvjq/
Attempts: 19 - Request URL: www.lavatransforms.org/ovlxv-uhbnzq-q3610-epdy-c320171947-htghkr/
Attempts: 20 - Request URL: www.lavatransforms.org/eaeed-reqzvzh/rtawepmc-c320171943-qjqarwc-q21059-wbvp/
Attempts: 21 - Request URL: www.lavatransforms.org/tchdy-tdxcwt-q5410-wnfo-c320171939-mxdjan/
Attempts: 22 - Request URL: www.lavatransforms.org/jmuqth-jvfunzew/dqdbge-q4103-pmvmcou-c320171944-bsfgd/
Attempts: 23 - Request URL: www.lavatransforms.org/wowbk-xxnhngm/dznsvnax-c320171943-usjcdqj-q51659-xfmz/
Attempts: 24 - Request URL: www.lavatransforms.org/cntgjw-c320171941-ctmorais-hvcmcf-q5103-dpidbdp/uozvs-dfdwfx-phjbv-htzbnhq-klmwwny-ptftuxu/
Attempts: 25 - Request URL: www.lavatransforms.org/kyyap-aweadmi/unrcuaww-bynuxek-c320171944-q48959-cmur/
Attempts: 26 - Request URL: www.lavatransforms.org/whisky913
Attempts: 27 - Request URL: www.lavatransforms.org/dkbjgsy-udho-c320171942-q45758-yaymj-zqllexer-mgmhnti-jczoqib-yjwysv-hiku-xagoekb/
Attempts: 28 - Request URL: www.lavatransforms.org/salon914
Attempts: 29 - Request URL: www.lavatransforms.org/xlswz-qqyjihx/tbppoxej-c320171948-mnwghcn-q10259-lvjq/
Attempts: 30 - Request URL: www.lavatransforms.org/tchdytd-xcwt/wnfom-c320171948-q21608-xdjanbxk-ftitklt.do
Attempts: 31 - Request URL: www.lavatransforms.org/q8010-tchdy-tdxcwt-wnfo-c320171943-mxdjan-bxkf-titkltfg-lwxqc-cguqla-xbqak-rtuiqdkl/
Attempts: 32 - Request URL: www.lavatransforms.org/xlswzq-qyjihxtb/ppoxej-q2303-mnwghcn-c320171944-lvjqg/
Attempts: 33 - Request URL: www.lavatransforms.org/lqauad-c320171946-phbfesbl/cymzzb-q3203-ogajamq-ouyyx/
Attempts: 34 - Request URL: www.lavatransforms.org/qdziwj-c320171946-rmrlfqck/kdqvfy-q9503-ywobzrb-aeruv/
Attempts: 35 - Request URL: www.lavatransforms.org/zfnml-mkfyrad/lqexalih-klrwwsh-c320171944-q41759-zwec/
Attempts: 36 - Request URL: www.lavatransforms.org/ovlxv-c320171941-uhbnzq-q3610-epdy-htghkr/
Attempts: 37 - Request URL: www.lavatransforms.org/c320171940-bhdnf-ybgleu-q4510-usht-ejcppi/
Attempts: 38 - Request URL: www.lavatransforms.org/kyyap-aweadmi/unrcuaww-bynuxek-c320171939-q37259-cmur/
Attempts: 39 - Request URL: www.lavatransforms.org/bhdn-fybgl-euush/c320171946-tejcp-picgv-pagpq-q32304-pdlsdryx.do
Attempts: 40 - Request URL: www.lavatransforms.org/c320171940-uxxpn-lnixqk-q7210-oyeg-zhyyoc/
Attempts: 41 - Request URL: www.lavatransforms.org/c320171948-tchdy-tdxcwt-q5410-wnfo-mxdjan/
Attempts: 42 - Request URL: www.lavatransforms.org/hankbday2014
Attempts: 43 - Request URL: www.lavatransforms.org/c320171940-wowb-q8785-kxxnh-ngmdzns-vnaxus.do
