Attempts: 1 - Request URL: www.lavatransforms.org/category/lava-vocabulary/talks/page/18/newsletter/subscriptions
Attempts: 2 - Request URL: www.lavatransforms.org/about-lava/newsletter/subscriptions
Attempts: 3 - Request URL: www.lavatransforms.org/event/south-l-a-road-trip-hot-rods-adobes-googie-early-modernism-3/feed/
Attempts: 4 - Request URL: www.lavatransforms.org/savannah2013
Attempts: 5 - Request URL: www.lavatransforms.org/category/blog/page/13/cityscapes
Attempts: 6 - Request URL: www.lavatransforms.org/category/food/musso31210
Attempts: 7 - Request URL: www.lavatransforms.org/event/the-krampus-slideshow-talk-with-costumes-early-show/feed/
Attempts: 8 - Request URL: www.lavatransforms.org/img_20170301_115827/
Attempts: 9 - Request URL: www.lavatransforms.org/event/urmwalk5/feed/
Attempts: 10 - Request URL: www.lavatransforms.org/event/eastside-babylon-crime-bus-tour-5/feed/
Attempts: 11 - Request URL: www.lavatransforms.org/event/eastside-babylon-crime-bus-tour-2/feed/
Attempts: 12 - Request URL: www.lavatransforms.org/event/historic-peabody-werden-house-moved-across-first-street/feed/
Attempts: 13 - Request URL: www.lavatransforms.org/event/hotel-horrors-main-street-vice-tour-4/feed/
Attempts: 14 - Request URL: www.lavatransforms.org/event/crimelabjan2016/feed/
Attempts: 15 - Request URL: www.lavatransforms.org/event/haunts-of-a-dirty-old-man-april-30-2016/feed/
Attempts: 16 - Request URL: www.lavatransforms.org/event/the-real-black-dahlia-crime-bus-tour/feed/
Attempts: 17 - Request URL: www.lavatransforms.org/event/the-real-black-dahlia-crime-bus-tour-4/feed/
Attempts: 18 - Request URL: www.lavatransforms.org/event/eastside-babylon-crime-bus-tour-4/feed/
Attempts: 19 - Request URL: www.lavatransforms.org/event/the-birth-of-noir-james-m-cains-southern-california-nightmare-tour/feed/
Attempts: 20 - Request URL: www.lavatransforms.org/author/kim-cooper/page/26/itotushy
Attempts: 21 - Request URL: www.lavatransforms.org/blog/4/page/3/
Attempts: 22 - Request URL: www.lavatransforms.org/category/history/page/2/user/login
Attempts: 23 - Request URL: www.lavatransforms.org/category/lava-exclusives/page/15/newsletter/subscriptions
Attempts: 24 - Request URL: www.lavatransforms.org/category/talks/page/16/cityscapes
Attempts: 25 - Request URL: www.lavatransforms.org/maja0610
Attempts: 26 - Request URL: www.lavatransforms.org/event/richards-47th-birthday-bus-tour-of-the-palos-verdes-peninsula-southern-californias-best-kept-secret/feed/
