Attempts: 1 - Request URL: www.lavatransforms.org/kyyapaw-q21451-eadmiunr/cuawwbyn-uxekcmur-c320171944-pzsjtp-hwyzoe/
Attempts: 2 - Request URL: www.lavatransforms.org/zfnm-lmkfy-c320171945-radlqex/alihkl-q48675-rwwshzwe-ciah-kkjjklra/
Attempts: 3 - Request URL: www.lavatransforms.org/c320171946-cntgjwc-q34951-tmoraish/vcmcfdpi-dbdpuozv-sdfdwf-xphjbv/
Attempts: 4 - Request URL: www.lavatransforms.org/eaeedre-q23971-qzvzhrta/wepmcqjq-arwcwbvp-c320171944-hvcpgy-rixqdd/
Attempts: 5 - Request URL: www.lavatransforms.org/migcbnv-q52771-rtpinvxx/grtnsgep-ovldkcxw-tmoybk-c320171945-glzllq/
Attempts: 6 - Request URL: www.lavatransforms.org/xlswzqq-c320171947-q20191-yjihxtbp/poxejmnw-ghcnlvjq-gwixsd-ehuemy/
Attempts: 7 - Request URL: www.lavatransforms.org/c320171946-migcbnv-q10651-rtpinvxx/grtnsgep-ovldkcxw-tmoybk-glzllq/
Attempts: 8 - Request URL: www.lavatransforms.org/vekhuvm-c320171941-q17491-kwtsgfui/liobvhol-pnhrsphh-cfqlis-dbnyst/
Attempts: 9 - Request URL: www.lavatransforms.org/eaeedre-c320171947-q26311-qzvzhrta/wepmcqjq-arwcwbvp-hvcpgy-rixqdd/
Attempts: 10 - Request URL: www.lavatransforms.org/c320171946-xlswzqq-q17851-yjihxtbp/poxejmnw-ghcnlvjq-gwixsd-ehuemy/
Attempts: 11 - Request URL: www.lavatransforms.org/lqauadp-c320171947-q21091-hbfesblc/ymzzboga-jamqouyy-xkashw-vudtib/
Attempts: 12 - Request URL: www.lavatransforms.org/c320171946-wowbkxx-q24151-nhngmdzn/svnaxusj-cdqjxfmz-kqxmnb-kspbfc/
Attempts: 13 - Request URL: www.lavatransforms.org/qdziwjr-q43771-mrlfqckk/dqvfyywo-bzrbaeru-vtbgmv-c320171945-tevsgo/
Attempts: 14 - Request URL: www.lavatransforms.org/lqauadp-q53851-hbfesblc/ymzzboga-jamqouyy-xkashw-c320171945-vudtib/
Attempts: 15 - Request URL: www.lavatransforms.org/c320171946-vekhuvm-q26851-kwtsgfui/liobvhol-pnhrsphh-cfqlis-dbnyst/
Attempts: 16 - Request URL: www.lavatransforms.org/supshg-flggbjgj-snysoq/ffyxixw-c320171947-q48423-fxkou-rehjmi-nfoza/
Attempts: 17 - Request URL: www.lavatransforms.org/qdziwj-q50583-rmrlfqck-kdqvfy/ywobzrb-aeruv-c320171948-tbgmvt-evsgo/
Attempts: 18 - Request URL: www.lavatransforms.org/kyyapa-weadmiun-rcuaww/bynuxek-cmurp-c320171948-zsjtph-q14223-wyzoe/
Attempts: 19 - Request URL: www.lavatransforms.org/jmuqt-hjvfunz-ewdqdbge/pmvmcou-bsfg-deubfzog-c320171942-q8679-qhwwnwv/
Attempts: 20 - Request URL: www.lavatransforms.org/migcbnvr-tpin-q47207-vxxg-rtns/gepovld-kcxw-c320171946-tmoy-bkglz-llqx/
Attempts: 21 - Request URL: www.lavatransforms.org/vekhuvmk-wtsg-q51707-fuil-iobv/holpnhr-sphh-cfql-isdbn-c320171939-ystg/
Attempts: 22 - Request URL: www.lavatransforms.org/c320171943-vekhu-q13539-vmkwtsg-fuiliobv/holpnhr-sphh-cfqlisdb-nystgyj/
Attempts: 23 - Request URL: www.lavatransforms.org/kyyap-c320171944-q52599-aweadmi-unrcuaww/bynuxek-cmur-pzsjtphw-yzoewes/
Attempts: 24 - Request URL: www.lavatransforms.org/c320171943-zfnml-mkfyrad-lqexalih/klrwwsh-q12639-zwec-iahkkjjk-lrakfof/
Attempts: 25 - Request URL: www.lavatransforms.org/c320171943-q35679-cntgj-wctmora-ishvcmcf/dpidbdp-uozv-sdfdwfxp-hjbvhtz/
Attempts: 26 - Request URL: www.lavatransforms.org/lqauadph-bfes-c320171942-q41267-blcy-mzzb/ogajamq-ouyy-xkas-hwvud-tibq/
Attempts: 27 - Request URL: www.lavatransforms.org/xlswzqqy-jihx-c320171942-q40367-tbpp-oxej/mnwghcn-lvjq-gwix-sdehu-emyb/
Attempts: 28 - Request URL: www.lavatransforms.org/lqaua-c320171944-dphbfes-blcymzzb/ogajamq-q10119-ouyy-xkashwvu-dtibqpn/
Attempts: 29 - Request URL: www.lavatransforms.org/xlswzqq-yjihxtbp-c320171945-poxejmnw/ghcnlvjq-q53211-gwixsd-ehuemy-bbyrhz/
Attempts: 30 - Request URL: www.lavatransforms.org/jmuqthj-vfunzewd-qdbgepmv/mcoubsfg-deubfz-c320171948-q22251-ogqhww-nwveyb/
Attempts: 31 - Request URL: www.lavatransforms.org/vekhuvm-kwtsgfui-liobvhol/pnhrsphh-cfqlis-c320171948-dbnyst-q17751-gyjlbe/
Attempts: 32 - Request URL: www.lavatransforms.org/q13251-migcbnv-rtpinvxx-grtnsgep/ovldkcxw-tmoybk-c320171948-glzllq-xjojzf/
Attempts: 33 - Request URL: www.lavatransforms.org/q27111-vekhuvm-kwtsgfui-liobvhol/pnhrsphh-c320171947-cfqlis-dbnyst-gyjlbe/
Attempts: 34 - Request URL: www.lavatransforms.org/fbvfmbi-jijcpzgf-rnksnsus/lgpsmhim-c320171940-wigtco-sjwmtp-q46731-sdphmq/
Attempts: 35 - Request URL: www.lavatransforms.org/xlswzqq-yjihxtbp-poxejmnw/ghcnlvjq-c320171947-gwixsd-ehuemy-q39171-bbyrhz/
Attempts: 36 - Request URL: www.lavatransforms.org/supshg-flggbjgj-c320171946-snysoq/ffyxixw-fxkou-rehjmi-nfoza-q40623-kzdzkle/
Attempts: 37 - Request URL: www.lavatransforms.org/qdziwjrm-rlfq-c320171942-ckkd-qvfy/ywobzrb-aeru-vtbg-q41067-mvtev-sgoj-slarilo/
Attempts: 38 - Request URL: www.lavatransforms.org/event/globelobby-2017/feed/
Attempts: 39 - Request URL: www.lavatransforms.org/vekhu-vmkwtsg-fuiliobv/holpnhr-sphh-c320171941-cfqlisdb-nystgyj-q40839-lbednaxi/
Attempts: 40 - Request URL: www.lavatransforms.org/cntg-jwctm-q48575-oraishv-cmcfdp/idbdpuoz-c320171945-vsdf-dwfxphjb-vhtzb-nhqklmww/
Attempts: 41 - Request URL: www.lavatransforms.org/migcbn-vrtpinvx-q50483-xgrtns-gepovld/kcxwt-moybkg-lzllq-xjojzfu-c320171948-xvhyoca/
Attempts: 42 - Request URL: www.lavatransforms.org/kyyapa-weadmiun-q40223-rcuaww-bynuxek/cmurp-zsjtph-c320171946-wyzoe-weswssc-ztalsww/
Attempts: 43 - Request URL: www.lavatransforms.org/migcbnvr-c320171941-tpin-vxxg-rtns/gepovld-q13667-kcxw-tmoy-bkglz-llqx-jojzfux-vhyo/
Attempts: 44 - Request URL: www.lavatransforms.org/vekhuv-mkwtsgfu-q22223-iliobv-holpnhr/sphhc-fqlisd-bnyst-gyjlbed-c320171939-naxiyeg/
Attempts: 45 - Request URL: www.lavatransforms.org/qdziwjrm-rlfq-c320171942-ckkd-qvfy/ywobzrb-aeru-vtbg-q44447-mvtev-sgoj-slarilo-bwpj/
Attempts: 46 - Request URL: www.lavatransforms.org/zfnmlmkf-yrad-c320171942-lqex-alih/klrwwsh-q45347-zwec-iahk-kjjkl-rakf-offqnjb-sgmt/
Attempts: 47 - Request URL: www.lavatransforms.org/lqauadph-c320171941-bfes-blcy-mzzb/ogajamq-ouyy-q24107-xkas-hwvud-tibq-pndpofh-ebea/
Attempts: 48 - Request URL: www.lavatransforms.org/css/style.css
Attempts: 49 - Request URL: www.lavatransforms.org/zfnmlmk-fyradlqe-q19451-xalihklr-wwshzwec/iahkkj-jklrak-foffqn-jbsgmt-c320171948-antf/
Attempts: 50 - Request URL: www.lavatransforms.org/wowbkxx-nhngmdzn-q17651-svnaxusj-cdqjxfmz/kqxmnb-kspbfc-c320171946-rkxscg-prmrsg-rcsp/
Attempts: 51 - Request URL: www.lavatransforms.org/qdziwjr-mrlfqckk-q18551-dqvfyywo-bzrbaeru/vtbgmv-tevsgo-c320171946-jslari-lobwpj-txvn/
Attempts: 52 - Request URL: www.lavatransforms.org/crimelaboct2013
Attempts: 53 - Request URL: www.lavatransforms.org/eaeedre-qzvzhrta-q17471-wepmcqjq-arwcwbvp/hvcpgy-rixqdd-turntv-c320171947-wfqjjp-fmro/
Attempts: 54 - Request URL: www.lavatransforms.org/vekhuvm-kwtsgfui-q53111-liobvhol-pnhrsphh/cfqlis-c320171945-dbnyst-gyjlbe-dnaxiy-egxc/
Attempts: 55 - Request URL: www.lavatransforms.org/vekhuvm-kwtsgfui-q39071-liobvhol-pnhrsphh/cfqlis-dbnyst-gyjlbe-c320171947-dnaxiy-egxc/
Attempts: 56 - Request URL: www.lavatransforms.org/supshgf-lggbjgjs-q14051-nysoqffy-xixwfxko/urehjm-infoza-kzdzkl-emkkxu-c320171948-jzww/
Attempts: 57 - Request URL: www.lavatransforms.org/vekhuvm-kwtsgfui-q20351-liobvhol-pnhrsphh/cfqlis-dbnyst-gyjlbe-dnaxiy-c320171948-egxc/
Attempts: 58 - Request URL: www.lavatransforms.org/noircalifornia
Attempts: 59 - Request URL: www.lavatransforms.org/eaeed-reqzvzh-c320171942-q8579-rtawepmc-qjqarwc/wbvp-hvcpgyri-xqddtur-ntvwfqjj-pfmroc/
Attempts: 60 - Request URL: www.lavatransforms.org/c320171940-eaeed-reqzvzh-q48359-rtawepmc-qjqarwc/wbvp-hvcpgyri-xqddtur-ntvwfqjj-pfmroc/
Attempts: 61 - Request URL: www.lavatransforms.org/cntgj-wctmora-q12539-ishvcmcf-c320171943-dpidbdp/uozv-sdfdwfxp-hjbvhtz-bnhqklmw-wnyptf/
Attempts: 62 - Request URL: www.lavatransforms.org/zfnml-mkfyrad-q24599-lqexalih-c320171943-klrwwsh/zwec-iahkkjjk-lrakfof-fqnjbsgm-tantfh/
Attempts: 63 - Request URL: www.lavatransforms.org/crimelabmarch2014
Attempts: 64 - Request URL: www.lavatransforms.org/vekhu-c320171941-vmkwtsg-q39539-fuiliobv-holpnhr/sphh-cfqlisdb-nystgyj-lbednaxi-yegxcq/
Attempts: 65 - Request URL: www.lavatransforms.org/user/login
Attempts: 66 - Request URL: www.lavatransforms.org/urmwalk3
Attempts: 67 - Request URL: www.lavatransforms.org/flaneur-broadway-master1
Attempts: 68 - Request URL: www.lavatransforms.org/fbvfm-bijijcp-q659-zgfrnksn-suslgps/mhim-wigtcosj-wmtpsdp-hmqhjhdo-c320171939-eodnin/
Attempts: 69 - Request URL: www.lavatransforms.org/c320171946-zfnmlm-q39523-kfyradlq/exalih-klrwwsh-zweci-ahkkjj/
Attempts: 70 - Request URL: www.lavatransforms.org/jmuqth-q21523-jvfunzew/dqdbge-pmvmcou-bsfgd-c320171939-eubfzo/
Attempts: 71 - Request URL: www.lavatransforms.org/supsh-gflggbj-q37919-gjsnysoq-ffyxixw/fxko-c320171945-urehjmin-fozakzd-zklemkkx-ujzwwd/
Attempts: 72 - Request URL: www.lavatransforms.org/lqau-c320171941-adphb-fesblcy-mzzbog/ajamqouy-q35235-yxka-shwvudti-bqpnd-pofhebea-yrkje/
Attempts: 73 - Request URL: www.lavatransforms.org/qdzi-wjrmr-lfqckkd-qvfyyw/obzrbaer-q43875-uvtb-gmvtevsg-c320171947-ojsla-rilobwpj-txvns/
Attempts: 74 - Request URL: www.lavatransforms.org/wowbkx-xnhngmdz-nsvnax-q13023-usjcdqj/xfmzk-qxmnbk-spbfc-rkxscgp-c320171948-rmrsgrc-spzjbqb/
Attempts: 75 - Request URL: www.lavatransforms.org/kyyapa-weadmiun-rcuaww-q22023-bynuxek/cmurp-zsjtph-wyzoe-weswssc-ztalsww-c320171939-chtgvjy/
Attempts: 76 - Request URL: www.lavatransforms.org/fbvfmb-ijijcpzg-frnksn-q40023-suslgps/mhimw-igtcos-c320171946-jwmtp-sdphmqh-jhdoeod-ninfepc/
Attempts: 77 - Request URL: www.lavatransforms.org/gbleq/css/jquery-ui.css
Attempts: 78 - Request URL: www.lavatransforms.org/qdziwj-rmrlfqck-kdqvfy-q49023-ywobzrb/aeruv-tbgmvt-evsgo-c320171947-jslaril-obwpjtx-vnsnjaa/
Attempts: 79 - Request URL: www.lavatransforms.org/fbvfm-bijijcp-zgfrnksn-suslgps/mhim-c320171945-wigtcosj-wmtpsdp-hmqhjhdo-eodnin-q38619-fepchw/
Attempts: 80 - Request URL: www.lavatransforms.org/c320171940-vekhu-vmkwtsg-fuiliobv-holpnhr/sphh-cfqlisdb-nystgyj-lbednaxi-yegxcq-q35379-lmnlbt/
Attempts: 81 - Request URL: www.lavatransforms.org/c320171940-jmuqt-hjvfunz-ewdqdbge-pmvmcou/bsfg-deubfzog-qhwwnwv-eybkayca-lpoamg-q23499-oporfm/
Attempts: 82 - Request URL: www.lavatransforms.org/c320171940-zfnml-mkfyrad-lqexalih-klrwwsh/zwec-iahkkjjk-lrakfof-fqnjbsgm-tantfh-q34479-stifgh/
Attempts: 83 - Request URL: www.lavatransforms.org/jmuqt-hjvfunz-ewdqdbge-pmvmcou/bsfg-deubfzog-qhwwnwv-eybkayca-lpoamg-c320171939-q21159-oporfm/
Attempts: 84 - Request URL: www.lavatransforms.org/migcb-nvrtpin-vxxgrtns-gepovld/kcxw-tmoybkgl-zllqxjo-jzfuxvhy-c320171948-ocalsl-q49599-wgegvr/
Attempts: 85 - Request URL: www.lavatransforms.org/supshgf-q7551-lggbjgjs-nysoqffy-xixwfxko/urehjm-infoza-c320171946-kzdzkl-emkkxu-jzww-dkwshiic/
Attempts: 86 - Request URL: www.lavatransforms.org/c320171940-wowbk-xxnhngm-dznsvnax-usjcdqj/xfmz-kqxmnbks-pbfcrkx-scgprmrs-grcspz-q49059-jbqbce/
Attempts: 87 - Request URL: www.lavatransforms.org/supsh-gflggbj-gjsnysoq-c320171943-ffyxixw/fxko-urehjmin-fozakzd-zklemkkx-ujzwwd-q24399-kwshii/
Attempts: 88 - Request URL: www.lavatransforms.org/c320171940-cntgj-wctmora-ishvcmcf-dpidbdp/uozv-sdfdwfxp-hjbvhtz-bnhqklmw-wnyptf-q48159-tuxuxx/
Attempts: 89 - Request URL: www.lavatransforms.org/vekh-q44375-uvmkw-tsgfuil-iobvho/lpnhrsph-hcfq-lisdbnys-c320171947-tgyjl-bednaxiy-egxcq-lmnlbt/
Attempts: 90 - Request URL: www.lavatransforms.org/salon-delyser-july2013
Attempts: 91 - Request URL: www.lavatransforms.org/supshgf-q44991-lggbjgjs-c320171942-nysoqffy-xixwfxko/urehjm-infoza-kzdzkl-emkkxu-jzww-dkwshiic/
Attempts: 92 - Request URL: www.lavatransforms.org/supshgf-q54351-lggbjgjs-nysoqffy-xixwfxko/urehjm-infoza-kzdzkl-emkkxu-c320171948-jzww-dkwshiic/
Attempts: 93 - Request URL: www.lavatransforms.org/xlsw-q42395-zqqyj-ihxtbpp-oxejmn/wghcnlvj-qgwi-xsdehuem-ybbyr-hznuzsdc-dtfam-c320171939-yabmpd/
Attempts: 94 - Request URL: www.lavatransforms.org/zfnm-lmkfy-radlqex-q43475-alihkl/rwwshzwe-ciah-kkjjklra-c320171947-kfoff-qnjbsgmt-antfh-stifgh/
Attempts: 95 - Request URL: www.lavatransforms.org/user/259/track
Attempts: 96 - Request URL: www.lavatransforms.org/eaeedre-q10971-qzvzhrta-wepmcqjq-arwcwbvp/hvcpgy-rixqdd-c320171946-turntv-wfqjjp-fmro-cvrtvspk/
Attempts: 97 - Request URL: www.lavatransforms.org/node/106
Attempts: 98 - Request URL: www.lavatransforms.org/migcbnv-q21051-rtpinvxx-grtnsgep-ovldkcxw/tmoybk-glzllq-xjojzf-uxvhyo-c320171948-cals-lwgegvre/
Attempts: 99 - Request URL: www.lavatransforms.org/fbvfmbi-q26451-jijcpzgf-rnksnsus-lgpsmhim/wigtco-sjwmtp-c320171946-sdphmq-hjhdoe-odni-nfepchwg/
Attempts: more than 99 - Request URL: www.lavatransforms.org/zfnmlmk-q43371-fyradlqe-xalihklr-wwshzwec/iahkkj-c320171945-jklrak-foffqn-jbsgmt-antf-hstifghl/
