Attempts: 1 - Request URL: www.lavatransforms.org/category/food/page/8/cityscapes
Attempts: 2 - Request URL: www.lavatransforms.org/category/lava-vocabulary/lava-exclusives/page/8/southwestmuseum2013
Attempts: 3 - Request URL: www.lavatransforms.org/event/pasadena-confidential-tour-july-2016/feed/
Attempts: 4 - Request URL: www.lavatransforms.org/2013/09/09/whisky-poetry-salon-with-mike-the-poet-sonksen/Mikethepoetla.tumblr.com
Attempts: 5 - Request URL: www.lavatransforms.org/about/newsletter/subscriptions
Attempts: 6 - Request URL: www.lavatransforms.org/blog/4/page/2/
Attempts: 7 - Request URL: www.lavatransforms.org/event/crimelabdecember2016/feed/
Attempts: 8 - Request URL: www.lavatransforms.org/user/2181
Attempts: 9 - Request URL: www.lavatransforms.org/event/broadway-on-my-mind-14/
Attempts: 10 - Request URL: www.lavatransforms.org/category/food/page/8/cityscapes
Attempts: 11 - Request URL: www.lavatransforms.org/category/lava-vocabulary/lava-exclusives/page/8/southwestmuseum2013
Attempts: 12 - Request URL: www.lavatransforms.org/event/pasadena-confidential-tour-july-2016/feed/
Attempts: 13 - Request URL: www.lavatransforms.org/category/lava-vocabulary/tours/page/31/signups
Attempts: 14 - Request URL: www.lavatransforms.org/event/crimelabjune2016/feed/
Attempts: 15 - Request URL: www.lavatransforms.org/event/haunts-of-a-dirty-old-man-charles-bukowskis-los-angeles-tour-july-2016/feed/
Attempts: 16 - Request URL: www.lavatransforms.org/event/salon317/feed/
Attempts: 17 - Request URL: www.lavatransforms.org/img_20170301_121316/
Attempts: 18 - Request URL: www.lavatransforms.org/video-category/musso-frank-literary-salons/ArchersBooks.com
Attempts: 19 - Request URL: www.lavatransforms.org/category/lava-vocabulary/talks/page/13/lavatransforms.org/scrapsteel
Attempts: 20 - Request URL: www.lavatransforms.org/serialfinale
Attempts: 21 - Request URL: www.lavatransforms.org/category/history/musso31210
Attempts: 22 - Request URL: www.lavatransforms.org/serialfinale
Attempts: 23 - Request URL: www.lavatransforms.org/category/lava-vocabulary/dance/user/login
Attempts: 24 - Request URL: www.lavatransforms.org/category/history/musso31210
Attempts: 25 - Request URL: www.lavatransforms.org/category/lava-vocabulary/dance/user/login
Attempts: 26 - Request URL: www.lavatransforms.org/event/hotel-horrors-main-street-vice-tour-2/feed/
Attempts: 27 - Request URL: www.lavatransforms.org/2017-1-8-harveysbroiler_142305/
Attempts: 28 - Request URL: www.lavatransforms.org/category/lava-vocabulary/lava-exclusives/page/8/salon213
Attempts: 29 - Request URL: www.lavatransforms.org/category/lava-vocabulary/talks/user/register
Attempts: 30 - Request URL: www.lavatransforms.org/2015/01/29/lavas-41st-sunday-salon/user/login
Attempts: 31 - Request URL: www.lavatransforms.org/category/lava-vocabulary/talks/page/2/user/login
Attempts: 32 - Request URL: www.lavatransforms.org/category/lava-vocabulary/talks/page/2/user/register
Attempts: 33 - Request URL: www.lavatransforms.org/2012/12/04/full-no-more-signups-save-the-date-cellar-tour-of-the-king-eddy-saloon-715pm/cellartourkingeddydec2012
Attempts: 34 - Request URL: www.lavatransforms.org/event/hotel-horrors-main-street-vice-tour-2/feed/
Attempts: 35 - Request URL: www.lavatransforms.org/2017-1-8-harveysbroiler_142305/
Attempts: 36 - Request URL: www.lavatransforms.org/category/lava-vocabulary/lava-exclusives/page/8/salon213
Attempts: 37 - Request URL: www.lavatransforms.org/taxonomy/term/54
Attempts: 38 - Request URL: www.lavatransforms.org/event/hotel-horrors-main-street-vice-tour-2/feed/
Attempts: 39 - Request URL: www.lavatransforms.org/2017-1-8-harveysbroiler_142305/
Attempts: 40 - Request URL: www.lavatransforms.org/category/lava-vocabulary/lava-exclusives/page/8/salon213
Attempts: 41 - Request URL: www.lavatransforms.org/event/pereira-mwd/feed/
Attempts: 42 - Request URL: www.lavatransforms.org/event/hotel-horrors-main-street-vice-tour-3/feed/
Attempts: 43 - Request URL: www.lavatransforms.org/category/architecturedesign/page/13/cellartourkingeddydec2012
Attempts: 44 - Request URL: www.lavatransforms.org/crimelaboct2013
Attempts: 45 - Request URL: www.lavatransforms.org/category/lava-vocabulary/lava-exclusives/page/9/subscribe
Attempts: 46 - Request URL: www.lavatransforms.org/category/preservation/page/12/southwestmuseum2013
Attempts: 47 - Request URL: www.lavatransforms.org/event/broadway-on-my-mind-13/feed/
Attempts: 48 - Request URL: www.lavatransforms.org/category/theater/page/5/myspace.com/jamesadomian
Attempts: 49 - Request URL: www.lavatransforms.org/event/buk1015/feed/
Attempts: 50 - Request URL: www.lavatransforms.org/category/talks/page/5/lavatransforms.org/flaneur-broadway-on-my-mind-6
Attempts: 51 - Request URL: www.lavatransforms.org/event/crimelaboct2015/feed/
