Attempts: 1 - Request URL: www.lavatransforms.org/category/lava-vocabulary/poetry/user/login
Attempts: 2 - Request URL: www.lavatransforms.org/category/lava-vocabulary/preservation/page/2/user/register
Attempts: 3 - Request URL: www.lavatransforms.org/flaneur-broadway-on-my-mind-13
Attempts: 4 - Request URL: www.lavatransforms.org/category/talks/page/10/ArchersBooks.com
Attempts: 5 - Request URL: www.lavatransforms.org/event/hollywood-10-10-15/feed/
Attempts: 6 - Request URL: www.lavatransforms.org/user/register?destination=node%2F1347%23comment-form
Attempts: 7 - Request URL: www.lavatransforms.org/event-category/la-history/http:1947project.com
Attempts: 8 - Request URL: www.lavatransforms.org/2015/04/06/lavas-43rd-sunday-salon/user/login
Attempts: 9 - Request URL: www.lavatransforms.org/category/blog/page/10/lavatransforms.org/scrapsteel
Attempts: 10 - Request URL: www.lavatransforms.org/2010/04/musso31210
Attempts: 11 - Request URL: www.lavatransforms.org/category/history/page/12/lavatransforms.org/flaneur-broadway-on-my-mind-6
Attempts: 12 - Request URL: www.lavatransforms.org/category/preservation/page/22/itotushy
Attempts: 13 - Request URL: www.lavatransforms.org/cliftonsalons
Attempts: 14 - Request URL: www.lavatransforms.org/event/raymond-chandlers-los-angeles-saturday-october-22nd/feed/
Attempts: 15 - Request URL: www.lavatransforms.org/video-category/lava-sunday-salon/page/5/lavatransforms.org/garyleonard910
Attempts: 16 - Request URL: www.lavatransforms.org/video/lavasalonvideotemplate/http:derangedlacrimes.com
Attempts: 17 - Request URL: www.lavatransforms.org/category/tours/page/32/newsletter/subscriptions
Attempts: 18 - Request URL: www.lavatransforms.org/salonvideo2may2013
Attempts: 19 - Request URL: www.lavatransforms.org/category/lava-vocabulary/history/page/21/elalisal2013
Attempts: 20 - Request URL: www.lavatransforms.org/category/lava-vocabulary/occult/page/5/signups
Attempts: 21 - Request URL: www.lavatransforms.org/category/lava-vocabulary/history/page/22/cellartourkingeddydec2012
Attempts: 22 - Request URL: www.lavatransforms.org/event/thanksgiving2015/feed/
Attempts: 23 - Request URL: www.lavatransforms.org/user/2098
Attempts: 24 - Request URL: www.lavatransforms.org/event/wild-wild-westside-crime-bus-tour/
Attempts: 25 - Request URL: www.lavatransforms.org/category/lava-vocabulary/food/page/3/Mikethepoetla.tumblr.com
Attempts: 26 - Request URL: www.lavatransforms.org/event/haunts-of-a-dirty-old-man-charles-bukowskis-los-angeles-tour-5/feed/
Attempts: 27 - Request URL: www.lavatransforms.org/flaneur-broadway-on-my-mind-10
Attempts: 28 - Request URL: www.lavatransforms.org/scrapsteel5
Attempts: 29 - Request URL: www.lavatransforms.org/category/lava-vocabulary/spirituality/user/login
Attempts: 30 - Request URL: www.lavatransforms.org/event/crimelabapril2016/feed/
Attempts: 31 - Request URL: www.lavatransforms.org/user/39
Attempts: 32 - Request URL: www.lavatransforms.org/event/raymond-chandlers-los-angeles-2/feed/
Attempts: 33 - Request URL: www.lavatransforms.org/event/south-l-a-road-trip-hot-rods-adobes-googie-early-modernism/feed/
Attempts: 34 - Request URL: www.lavatransforms.org/event/competition-finalists-present-their-pershing-square-design-entries/feed/
Attempts: 35 - Request URL: www.lavatransforms.org/2015/05/27/canceled-lavas-44th-sunday-salon/user/login
Attempts: 36 - Request URL: www.lavatransforms.org/category/free/page/12/cellartourkingeddydec2012
Attempts: 37 - Request URL: www.lavatransforms.org/category/lava-vocabulary/books/page/6/lavatransforms.org/flaneur-broadway-on-my-mind-6
Attempts: 38 - Request URL: www.lavatransforms.org/category/food/page/2/lavatransforms.org/flaneur-broadway-on-my-mind-6
Attempts: 39 - Request URL: www.lavatransforms.org/category/lava-vocabulary/dance/page/2/lavatransforms.org/flaneur-broadway-on-my-mind-6
Attempts: 40 - Request URL: www.lavatransforms.org/category/lava-vocabulary/tours/page/15/salon213
Attempts: 41 - Request URL: www.lavatransforms.org/event/eastside-babylon-crime-bus-tour/feed/
Attempts: 42 - Request URL: www.lavatransforms.org/crimelabjuly14
Attempts: 43 - Request URL: www.lavatransforms.org/event/another-test-event/feed/
Attempts: 44 - Request URL: www.lavatransforms.org/category/music/musso31210
Attempts: 45 - Request URL: www.lavatransforms.org/category/lava-vocabulary/food/page/4/subscribe
Attempts: 46 - Request URL: www.lavatransforms.org/category/tours/page/30/itotushy
Attempts: 47 - Request URL: www.lavatransforms.org/2012/10/09/the-lava-salon-jim-tully-a-hobo-in-hollywood/ArchersBooks.com
Attempts: 48 - Request URL: www.lavatransforms.org/event/hollywood-saturday-may-13th/feed/
Attempts: 49 - Request URL: www.lavatransforms.org/pasadena2015
Attempts: 50 - Request URL: www.lavatransforms.org/flaneur-broadway-feb2013
Attempts: 51 - Request URL: www.lavatransforms.org/category/history/page/2/user/register
Attempts: 52 - Request URL: www.lavatransforms.org/category/history/page/40/cityscapes
Attempts: 53 - Request URL: www.lavatransforms.org/category/lava-exclusives/page/15/signups
Attempts: 54 - Request URL: www.lavatransforms.org/category/lava-vocabulary/history/page/2/user/register
Attempts: 55 - Request URL: www.lavatransforms.org/harveys1958/
Attempts: 56 - Request URL: www.lavatransforms.org/category/lava-exclusives/page/8/cellartourkingeddydec2012
Attempts: 57 - Request URL: www.lavatransforms.org/category/lava-vocabulary/history/page/41/signups
Attempts: 58 - Request URL: www.lavatransforms.org/category/preservation/page/20/lavatransforms.org/scrapsteel
Attempts: 59 - Request URL: www.lavatransforms.org/category/theater/page/4/signups
