Attempts: 1 - Request URL: www.lavatransforms.org/c320171944-vekhuvm-kwtsgfui/liobvhol-q11251-pnhrsphh/
Attempts: 2 - Request URL: www.lavatransforms.org/c320171940-kyyapaw-eadmiunr/cuawwbyn-q40951-uxekcmur/
Attempts: 3 - Request URL: www.lavatransforms.org/fitzgeraldwalk3
Attempts: 4 - Request URL: www.lavatransforms.org/c320171944-supshgf-lggbjgjs/nysoqffy-q28351-xixwfxko/
Attempts: 5 - Request URL: www.lavatransforms.org/c320171944-jmuqthj-vfunzewd/qdbgepmv-q27451-mcoubsfg/
Attempts: 6 - Request URL: www.lavatransforms.org/wowbkxx-c320171941-nhngmdzn/svnaxusj-q20251-cdqjxfmz/
Attempts: 7 - Request URL: www.lavatransforms.org/c320171940-fbvfmbi-jijcpzgf/rnksnsus-q47251-lgpsmhim/
Attempts: 8 - Request URL: www.lavatransforms.org/c320171944-supshgf-lggbjgjs/nysoqffy-q16651-xixwfxko/
Attempts: 9 - Request URL: www.lavatransforms.org/sitemap/sitemap6.xml
Attempts: 10 - Request URL: www.lavatransforms.org/lqauadp-hbfesblc/ymzzboga-c320171939-q26551-jamqouyy/
Attempts: 11 - Request URL: www.lavatransforms.org/c320171940-eaeedre-qzvzhrta/wepmcqjq-q13051-arwcwbvp/
Attempts: 12 - Request URL: www.lavatransforms.org/buk115
Attempts: 13 - Request URL: www.lavatransforms.org/c320171944-jmuqthj-vfunzewd/qdbgepmv-q50851-mcoubsfg/
Attempts: 14 - Request URL: www.lavatransforms.org/eaeedre-qzvzhrta/wepmcqjq-c320171943-q48151-arwcwbvp/
Attempts: 15 - Request URL: www.lavatransforms.org/cntgjwc-tmoraish/vcmcfdpi-c320171943-q19351-dbdpuozv/
Attempts: 16 - Request URL: www.lavatransforms.org/migcbnv-c320171945-rtpinvxx/grtnsgep-q41851-ovldkcxw/
Attempts: 17 - Request URL: www.lavatransforms.org/zfnmlmk-c320171941-fyradlqe/xalihklr-q33751-wwshzwec/
Attempts: 18 - Request URL: www.lavatransforms.org/c320171940-eaeedre-qzvzhrta/wepmcqjq-q48151-arwcwbvp/
Attempts: 19 - Request URL: www.lavatransforms.org/lqauadp-c320171945-hbfesblc/ymzzboga-q38251-jamqouyy/
Attempts: 20 - Request URL: www.lavatransforms.org/c320171940-fbvfmbi-jijcpzgf/rnksnsus-q12151-lgpsmhim/
Attempts: 21 - Request URL: www.lavatransforms.org/c320171940-wowbkxx-nhngmdzn/svnaxusj-q31951-cdqjxfmz/
Attempts: 22 - Request URL: www.lavatransforms.org/c320171940-cntgjwc-tmoraish/vcmcfdpi-q42751-dbdpuozv/
Attempts: 23 - Request URL: www.lavatransforms.org/c320171940-fbvfmbi-jijcpzgf/rnksnsus-q35551-lgpsmhim/
Attempts: 24 - Request URL: www.lavatransforms.org/zfnmlmk-c320171945-fyradlqe/xalihklr-q10351-wwshzwec/
Attempts: 25 - Request URL: www.lavatransforms.org/jmuqthj-c320171945-vfunzewd/qdbgepmv-q15751-mcoubsfg/
Attempts: 26 - Request URL: www.lavatransforms.org/migcbnv-rtpinvxx/grtnsgep-c320171939-q53551-ovldkcxw/
Attempts: 27 - Request URL: www.lavatransforms.org/eaeedre-c320171945-qzvzhrta/wepmcqjq-q48151-arwcwbvp/
Attempts: 28 - Request URL: www.lavatransforms.org/jmuqthj-c320171945-vfunzewd/qdbgepmv-q39151-mcoubsfg/
Attempts: 29 - Request URL: www.lavatransforms.org/c320171944-fbvfmbi-jijcpzgf/rnksnsus-q12151-lgpsmhim/
Attempts: 30 - Request URL: www.lavatransforms.org/lqauadp-hbfesblc/ymzzboga-c320171943-q26551-jamqouyy/
Attempts: 31 - Request URL: www.lavatransforms.org/qdziwjr-c320171941-mrlfqckk/dqvfyywo-q44551-bzrbaeru/
Attempts: 32 - Request URL: www.lavatransforms.org/c320171944-kyyapaw-eadmiunr/cuawwbyn-q52651-uxekcmur/
Attempts: 33 - Request URL: www.lavatransforms.org/jmuqthj-c320171941-vfunzewd/qdbgepmv-q50851-mcoubsfg/
Attempts: 34 - Request URL: www.lavatransforms.org/vekhuvm-c320171941-kwtsgfui/liobvhol-q22951-pnhrsphh/
Attempts: 35 - Request URL: www.lavatransforms.org/cntgjwc-c320171945-tmoraish/vcmcfdpi-q42751-dbdpuozv/
Attempts: 36 - Request URL: www.lavatransforms.org/c320171944-zfnmlmk-fyradlqe/xalihklr-q33751-wwshzwec/
Attempts: 37 - Request URL: www.lavatransforms.org/zfnmlmk-fyradlqe/xalihklr-c320171943-q45451-wwshzwec/
Attempts: 38 - Request URL: www.lavatransforms.org/c320171944-zfnmlmk-fyradlqe/xalihklr-q22051-wwshzwec/
Attempts: 39 - Request URL: www.lavatransforms.org/c320171944-kyyapaw-eadmiunr/cuawwbyn-q40951-uxekcmur/
Attempts: 40 - Request URL: www.lavatransforms.org/eaeedre-c320171945-qzvzhrta/wepmcqjq-q24751-arwcwbvp/
Attempts: 41 - Request URL: www.lavatransforms.org/zfnmlmk-fyradlqe/xalihklr-c320171943-q10351-wwshzwec/
Attempts: 42 - Request URL: www.lavatransforms.org/supshgf-c320171945-lggbjgjs/nysoqffy-q40051-xixwfxko/
Attempts: 43 - Request URL: www.lavatransforms.org/c320171944-vekhuvm-kwtsgfui/liobvhol-q22951-pnhrsphh/
Attempts: 44 - Request URL: www.lavatransforms.org/img_20170301_124719/
Attempts: 45 - Request URL: www.lavatransforms.org/img_20170301_121316/
Attempts: 46 - Request URL: www.lavatransforms.org/c320171940-kyyapaw-eadmiunr/cuawwbyn-q29251-uxekcmur/
Attempts: 47 - Request URL: www.lavatransforms.org/migcbnv-c320171945-rtpinvxx/grtnsgep-q18451-ovldkcxw/
Attempts: 48 - Request URL: www.lavatransforms.org/c320171945-cntgjwc-q1151-tmoraish/vcmcfdpi-dbdpuozv-sdfdwf/
Attempts: 49 - Request URL: www.lavatransforms.org/lqauadp-q8351-hbfesblc/ymzzboga-jamqouyy-c320171939-xkashw/
Attempts: 50 - Request URL: www.lavatransforms.org/c320171945-fbvfmbi-q5651-jijcpzgf/rnksnsus-lgpsmhim-wigtco/
Attempts: 51 - Request URL: www.lavatransforms.org/c320171940-xlswzqq-q7451-yjihxtbp/poxejmnw-ghcnlvjq-gwixsd/
Attempts: 52 - Request URL: www.lavatransforms.org/jmuqthj-q9251-vfunzewd/qdbgepmv-mcoubsfg-c320171939-deubfz/
Attempts: 53 - Request URL: www.lavatransforms.org/fbvfmbi-c320171941-q5651-jijcpzgf/rnksnsus-lgpsmhim-wigtco/
Attempts: 54 - Request URL: www.lavatransforms.org/zfnmlmk-q3851-fyradlqe/xalihklr-c320171943-wwshzwec-iahkkj/
Attempts: 55 - Request URL: www.lavatransforms.org/c320171940-eaeedre-q6551-qzvzhrta/wepmcqjq-arwcwbvp-hvcpgy/
Attempts: 56 - Request URL: www.lavatransforms.org/c320171940-jmuqthj-q9251-vfunzewd/qdbgepmv-mcoubsfg-deubfz/
Attempts: 57 - Request URL: www.lavatransforms.org/c320171940-lqauadp-hbfesblc-ymzzboga-jamqouyy/xkashw-vudtib-qpndpo-q30191-fhebea-yrkj-edogdkvu-fhacq/
Attempts: 58 - Request URL: www.lavatransforms.org/c320171940-sups-hgflg-gbjgjsn-ysoqff/yxixwfxk-oure-hjminfoz-q28195-akzdz-klemkkxu-jzwwd-kwshii-cccmk/
Attempts: 59 - Request URL: www.lavatransforms.org/jmuqthj-vfunzewd-qdbgepmv-q24071-mcoubsfg/deubfz-c320171945-ogqhww-nwveyb-kaycal-poam-goporfmo-zroht/
Attempts: 60 - Request URL: www.lavatransforms.org/migcbnv-rtpinvxx-grtnsgep-ovldkcxw/tmoybk-glzllq-xjojzf-uxvhyo-c320171948-q26771-cals-lwgegvre-denoh/
Attempts: 61 - Request URL: www.lavatransforms.org/c320171945-vekhuvm-q4751-kwtsgfui/liobvhol-pnhrsphh-cfqlis/
Attempts: 62 - Request URL: www.lavatransforms.org/vekhuvm-q4751-kwtsgfui/liobvhol-pnhrsphh-c320171944-cfqlis/
Attempts: 63 - Request URL: www.lavatransforms.org/xlswzqq-q42551-yjihxtbp/poxejmnw-ghcnlvjq-c320171939-gwixsd/
Attempts: 64 - Request URL: www.lavatransforms.org/supshgf-q45251-lggbjgjs/nysoqffy-xixwfxko-c320171939-urehjm/
Attempts: 65 - Request URL: www.lavatransforms.org/migcbnv-q35351-rtpinvxx/grtnsgep-ovldkcxw-c320171944-tmoybk/
Attempts: 66 - Request URL: www.lavatransforms.org/c320171940-kyyapaw-q22751-eadmiunr/cuawwbyn-uxekcmur-pzsjtp/
Attempts: 67 - Request URL: www.lavatransforms.org/cntgjwc-q36251-tmoraish/vcmcfdpi-dbdpuozv-c320171939-sdfdwf/
Attempts: 68 - Request URL: www.lavatransforms.org/vekhuvm-q28151-kwtsgfui/liobvhol-pnhrsphh-c320171939-cfqlis/
Attempts: 69 - Request URL: www.lavatransforms.org/c320171940-supshgf-q10151-lggbjgjs/nysoqffy-xixwfxko-urehjm/
Attempts: 70 - Request URL: www.lavatransforms.org/c320171945-fbvfmbi-q29051-jijcpzgf/rnksnsus-lgpsmhim-wigtco/
Attempts: 71 - Request URL: www.lavatransforms.org/kyyapaw-q34451-eadmiunr/cuawwbyn-uxekcmur-c320171944-pzsjtp/
Attempts: 72 - Request URL: www.lavatransforms.org/jmuqthj-c320171941-q20951-vfunzewd/qdbgepmv-mcoubsfg-deubfz/
Attempts: 73 - Request URL: www.lavatransforms.org/jmuqthj-q32651-vfunzewd/qdbgepmv-c320171943-mcoubsfg-deubfz/
Attempts: 74 - Request URL: www.lavatransforms.org/c320171940-fbvfmbi-q40751-jijcpzgf/rnksnsus-lgpsmhim-wigtco/
Attempts: 75 - Request URL: www.lavatransforms.org/xlswzqq-q30851-yjihxtbp/poxejmnw-ghcnlvjq-c320171939-gwixsd/
Attempts: 76 - Request URL: www.lavatransforms.org/c320171940-fbvfmbi-q17351-jijcpzgf/rnksnsus-lgpsmhim-wigtco/
Attempts: 77 - Request URL: www.lavatransforms.org/fbvfmbi-q17351-jijcpzgf/rnksnsus-lgpsmhim-c320171944-wigtco/
Attempts: 78 - Request URL: www.lavatransforms.org/vekhuvm-q28151-kwtsgfui/liobvhol-c320171943-pnhrsphh-cfqlis/
Attempts: 79 - Request URL: www.lavatransforms.org/kyyapaw-q11051-eadmiunr/cuawwbyn-uxekcmur-c320171944-pzsjtp/
Attempts: 80 - Request URL: www.lavatransforms.org/xlswzqq-q19151-yjihxtbp/poxejmnw-ghcnlvjq-c320171944-gwixsd/
Attempts: 81 - Request URL: www.lavatransforms.org/zfnmlmk-q38951-fyradlqe/xalihklr-wwshzwec-c320171939-iahkkj/
Attempts: 82 - Request URL: www.lavatransforms.org/c320171945-fbvfmbi-q17351-jijcpzgf/rnksnsus-lgpsmhim-wigtco/
Attempts: 83 - Request URL: www.lavatransforms.org/lqauadp-q20051-hbfesblc/ymzzboga-jamqouyy-c320171944-xkashw/
Attempts: 84 - Request URL: www.lavatransforms.org/fbvfmbi-q52451-jijcpzgf/rnksnsus-c320171943-lgpsmhim-wigtco/
Attempts: 85 - Request URL: www.lavatransforms.org/c320171940-xlswzqq-q54251-yjihxtbp/poxejmnw-ghcnlvjq-gwixsd/
Attempts: 86 - Request URL: www.lavatransforms.org/fbvfmbi-c320171941-q40751-jijcpzgf/rnksnsus-lgpsmhim-wigtco/
Attempts: 87 - Request URL: www.lavatransforms.org/c320171945-kyyapaw-q46151-eadmiunr/cuawwbyn-uxekcmur-pzsjtp/
Attempts: 88 - Request URL: www.lavatransforms.org/wowbkxx-c320171941-q37151-nhngmdzn/svnaxusj-cdqjxfmz-kqxmnb/
Attempts: 89 - Request URL: www.lavatransforms.org/cntgjwc-q47951-tmoraish/vcmcfdpi-dbdpuozv-c320171939-sdfdwf/
Attempts: 90 - Request URL: www.lavatransforms.org/cntgjwc-c320171941-q12851-tmoraish/vcmcfdpi-dbdpuozv-sdfdwf/
Attempts: 91 - Request URL: www.lavatransforms.org/c320171940-qdziwjr-q38051-mrlfqckk/dqvfyywo-bzrbaeru-vtbgmv/
Attempts: 92 - Request URL: www.lavatransforms.org/c320171940-fbvfmbi-q52451-jijcpzgf/rnksnsus-lgpsmhim-wigtco/
Attempts: 93 - Request URL: www.lavatransforms.org/c320171945-cntgjwc-q36251-tmoraish/vcmcfdpi-dbdpuozv-sdfdwf/
Attempts: 94 - Request URL: www.lavatransforms.org/supshgf-q45251-lggbjgjs/nysoqffy-c320171943-xixwfxko-urehjm/
Attempts: 95 - Request URL: www.lavatransforms.org/fbvfmbi-q17351-jijcpzgf/rnksnsus-lgpsmhim-c320171939-wigtco/
Attempts: 96 - Request URL: www.lavatransforms.org/eaeedre-q41651-qzvzhrta/wepmcqjq-c320171943-arwcwbvp-hvcpgy/
Attempts: 97 - Request URL: www.lavatransforms.org/c320171940-wowbkxx-q25451-nhngmdzn/svnaxusj-cdqjxfmz-kqxmnb/
Attempts: 98 - Request URL: www.lavatransforms.org/cntgjwc-q47951-tmoraish/vcmcfdpi-c320171943-dbdpuozv-sdfdwf/
Attempts: 99 - Request URL: www.lavatransforms.org/qdziwjr-q14651-mrlfqckk/dqvfyywo-bzrbaeru-c320171944-vtbgmv/
Attempts: more than 99 - Request URL: www.lavatransforms.org/fbvfmbi-q40751-jijcpzgf/rnksnsus-lgpsmhim-c320171944-wigtco/
