Attempts: 1 - Request URL: www.lavatransforms.org/2010/05/salon510
Attempts: 2 - Request URL: www.lavatransforms.org/category/education/page/7/newsletter/subscriptions
Attempts: 3 - Request URL: www.lavatransforms.org/category/talks/page/10/subscribe
Attempts: 4 - Request URL: www.lavatransforms.org/event/mwd-hearing/feed/
Attempts: 5 - Request URL: www.lavatransforms.org/category/lava-vocabulary/books/user/login
Attempts: 6 - Request URL: www.lavatransforms.org/category/lava-vocabulary/talks/page/18/newsletter/subscriptions
Attempts: 7 - Request URL: www.lavatransforms.org/video-category/blank/http:derangedlacrimes.com
Attempts: 8 - Request URL: www.lavatransforms.org/video/salon410/http:derangedlacrimes.com
Attempts: 9 - Request URL: www.lavatransforms.org/category/lava-vocabulary/history/page/21/salon213
Attempts: 10 - Request URL: www.lavatransforms.org/category/blog/page/13/cityscapes
Attempts: 11 - Request URL: www.lavatransforms.org/event/the-krampus-slideshow-talk-with-costumes-early-show/feed/
Attempts: 12 - Request URL: www.lavatransforms.org/img_20170301_115827/
Attempts: 13 - Request URL: www.lavatransforms.org/category/food/musso31210
Attempts: 14 - Request URL: www.lavatransforms.org/category/lava-vocabulary/lava-exclusives/page/9/cellartourkingeddydec2012
Attempts: 15 - Request URL: www.lavatransforms.org/category/lava-vocabulary/preservation/page/12/elalisal2013
Attempts: 16 - Request URL: www.lavatransforms.org/category/technology/user/login
Attempts: 17 - Request URL: www.lavatransforms.org/flaneur-broadway-on-my-mind-landing
Attempts: 18 - Request URL: www.lavatransforms.org/event/urmwalk5/feed/
Attempts: 19 - Request URL: www.lavatransforms.org/event/eastside-babylon-crime-bus-tour-5/feed/
Attempts: 20 - Request URL: www.lavatransforms.org/event/eastside-babylon-crime-bus-tour-2/feed/
Attempts: 21 - Request URL: www.lavatransforms.org/about-lava/newsletter/subscriptions
Attempts: 22 - Request URL: www.lavatransforms.org/savannah2013
Attempts: 23 - Request URL: www.lavatransforms.org/event/historic-peabody-werden-house-moved-across-first-street/feed/
Attempts: 24 - Request URL: www.lavatransforms.org/event/hotel-horrors-main-street-vice-tour-4/feed/
Attempts: 25 - Request URL: www.lavatransforms.org/event/crimelabjan2016/feed/
Attempts: 26 - Request URL: www.lavatransforms.org/event/the-real-black-dahlia-crime-bus-tour/feed/
Attempts: 27 - Request URL: www.lavatransforms.org/2017-1-8-harveysbroiler-09080/
Attempts: 28 - Request URL: www.lavatransforms.org/event/the-real-black-dahlia-crime-bus-tour-4/feed/
