Attempts: 1 - Request URL: www.lavatransforms.org/2013/01/30/lummis-house-tour/southwestmuseum2013
Attempts: 2 - Request URL: www.lavatransforms.org/category/dance/user/login
Attempts: 3 - Request URL: www.lavatransforms.org/category/lava-vocabulary/books/page/11/ArchersBooks.com
Attempts: 4 - Request URL: www.lavatransforms.org/category/lava-vocabulary/spirituality/page/3/lavatransforms.org/flaneur-broadway-on-my-mind-6
Attempts: 5 - Request URL: www.lavatransforms.org/img_20170301_120644/
Attempts: 6 - Request URL: www.lavatransforms.org/category/free/user/register
Attempts: 7 - Request URL: www.lavatransforms.org/category/lava-vocabulary/art/user/login
Attempts: 8 - Request URL: www.lavatransforms.org/category/lava-vocabulary/talks/page/16/cityscapes
Attempts: 9 - Request URL: www.lavatransforms.org/node/545/signups
Attempts: 10 - Request URL: www.lavatransforms.org/category/poetry/user/register
Attempts: 11 - Request URL: www.lavatransforms.org/broadwayonmymind1
Attempts: 12 - Request URL: www.lavatransforms.org/category/occult/page/5/signups
Attempts: 13 - Request URL: www.lavatransforms.org/category/lava-vocabulary/nature/page/4/newsletter/subscriptions
Attempts: 14 - Request URL: www.lavatransforms.org/flaneur-broadway-on-my-mind-12
Attempts: 15 - Request URL: www.lavatransforms.org/img_20170301_122301/
Attempts: 16 - Request URL: www.lavatransforms.org/user/52
Attempts: 17 - Request URL: www.lavatransforms.org/user/login?destination=user/238
Attempts: 18 - Request URL: www.lavatransforms.org/category/architecturedesign/page/12/elalisal2013
Attempts: 19 - Request URL: www.lavatransforms.org/category/preservation/page/12/salon213
Attempts: 20 - Request URL: www.lavatransforms.org/category/tours/page/15/elalisal2013
Attempts: 21 - Request URL: www.lavatransforms.org/scrapsteel4
Attempts: 22 - Request URL: www.lavatransforms.org/user/212
Attempts: 23 - Request URL: www.lavatransforms.org/user/55
Attempts: 24 - Request URL: www.lavatransforms.org/flaneur-broadway-on-my-mind-11
Attempts: 25 - Request URL: www.lavatransforms.org/event/raymond-chandlers-los-angeles/feed/
Attempts: 26 - Request URL: www.lavatransforms.org/category/lava-exclusives/page/9/cellartourkingeddydec2012
Attempts: 27 - Request URL: www.lavatransforms.org/category/lava-vocabulary/history/page/16/nydistilling.com
Attempts: 28 - Request URL: www.lavatransforms.org/category/talks/page/6/nydistilling.com
Attempts: 29 - Request URL: www.lavatransforms.org/event/traditional-krampus-play-and-films-late-show/feed/
Attempts: 30 - Request URL: www.lavatransforms.org/2017-1-8-harveysbroiler_144957/
Attempts: 31 - Request URL: www.lavatransforms.org/2011/01/17/boyle-heights-tour/itotushy
Attempts: 32 - Request URL: www.lavatransforms.org/user/37
Attempts: 33 - Request URL: www.lavatransforms.org/img_20170301_131344/
Attempts: 34 - Request URL: www.lavatransforms.org/category/lava-exclusives/page/9/ArchersBooks.com
Attempts: 35 - Request URL: www.lavatransforms.org/category/lava-vocabulary/preservation/page/22/itotushy
Attempts: 36 - Request URL: www.lavatransforms.org/elalisal2013
Attempts: 37 - Request URL: www.lavatransforms.org/event/the-birth-of-noir-james-m-cains-southern-california-nightmare-tour-2/feed/
Attempts: 38 - Request URL: www.lavatransforms.org/user/36
Attempts: 39 - Request URL: www.lavatransforms.org/category/occult/user/login
Attempts: 40 - Request URL: www.lavatransforms.org/user/33
Attempts: 41 - Request URL: www.lavatransforms.org/category/lava-vocabulary/free/user/register
Attempts: 42 - Request URL: www.lavatransforms.org/category/nature/user/register
Attempts: 43 - Request URL: www.lavatransforms.org/event/hollywood-saturday-october-1st/feed/
Attempts: 44 - Request URL: www.lavatransforms.org/img_20170301_124352/
Attempts: 45 - Request URL: www.lavatransforms.org/category/free/page/19/lavatransforms.org/scrapsteel
Attempts: 46 - Request URL: www.lavatransforms.org/crimelabjan2015or
Attempts: 47 - Request URL: www.lavatransforms.org/event/salon417/feed/
Attempts: 48 - Request URL: www.lavatransforms.org/user/224
Attempts: 49 - Request URL: www.lavatransforms.org/video/angelsflight-reopening-2017/
Attempts: 50 - Request URL: www.lavatransforms.org/event/crimelabapril2017/feed/
Attempts: 51 - Request URL: www.lavatransforms.org/category/dance/page/2/lavatransforms.org/flaneur-broadway-on-my-mind-6
Attempts: 52 - Request URL: www.lavatransforms.org/node/338/signups
Attempts: 53 - Request URL: www.lavatransforms.org/2017-1-8-harveysbroiler-09090/
