Attempts: 1 - Request URL: www.lavatransforms.org/supshgf-q19251-lggbjgjs-nysoqffy-xixwfxko/urehjm-infoza-kzdzkl-emkkxu-jzww-c320171939-dkwshiic/
Attempts: 2 - Request URL: www.lavatransforms.org/fbvfmbi-q14751-jijcpzgf-rnksnsus-lgpsmhim/wigtco-sjwmtp-sdphmq-hjhdoe-odni-c320171939-nfepchwg/
Attempts: 3 - Request URL: www.lavatransforms.org/xlswzqq-c320171941-q51651-yjihxtbp-poxejmnw-ghcnlvjq/gwixsd-ehuemy-bbyrhz-nuzsdc-dtfa-myabmpdd/
Attempts: 4 - Request URL: www.lavatransforms.org/xlswzqq-q28251-yjihxtbp-poxejmnw-ghcnlvjq/gwixsd-ehuemy-bbyrhz-nuzsdc-dtfa-c320171939-myabmpdd/
Attempts: 5 - Request URL: www.lavatransforms.org/jmuqthj-vfunzewd-qdbgepmv/mcoubsfg-deubfz-c320171941-ogqhww-nwveyb-q26151-kaycal/
Attempts: 6 - Request URL: www.lavatransforms.org/fbvfmbi-jijcpzgf-rnksnsus/lgpsmhim-wigtco-sjwmtp-c320171942-sdphmq-q22551-hjhdoe/
Attempts: 7 - Request URL: www.lavatransforms.org/eaeedre-qzvzhrta-wepmcqjq/arwcwbvp-hvcpgy-rixqdd-turntv-c320171943-q11751-wfqjjp/
Attempts: 8 - Request URL: www.lavatransforms.org/vekhuvm-kwtsgfui-liobvhol/pnhrsphh-cfqlis-dbnyst-c320171942-gyjlbe-q33351-dnaxiy/
Attempts: 9 - Request URL: www.lavatransforms.org/qdziwjr-mrlfqckk-dqvfyywo/bzrbaeru-vtbgmv-tevsgo-jslari-c320171943-q31551-lobwpj/
Attempts: 10 - Request URL: www.lavatransforms.org/zfnmlmk-fyradlqe-xalihklr/wwshzwec-iahkkj-jklrak-c320171942-foffqn-q20751-jbsgmt/
Attempts: 11 - Request URL: www.lavatransforms.org/supshgf-lggbjgjs-nysoqffy/xixwfxko-c320171940-urehjm-infoza-kzdzkl-q38751-emkkxu/
Attempts: 12 - Request URL: www.lavatransforms.org/c320171944-supshgf-lggbjgjs-nysoqffy/xixwfxko-urehjm-infoza-kzdzkl-q38751-emkkxu/
Attempts: 13 - Request URL: www.lavatransforms.org/migcbnv-rtpinvxx-grtnsgep/ovldkcxw-tmoybk-glzllq-xjojzf-c320171943-q40551-uxvhyo/
Attempts: 14 - Request URL: www.lavatransforms.org/salon914
Attempts: 15 - Request URL: www.lavatransforms.org/qdziwjr-c320171945-mrlfqckk-dqvfyywo/bzrbaeru-vtbgmv-tevsgo-jslari-q31551-lobwpj/
Attempts: 16 - Request URL: www.lavatransforms.org/supshgf-lggbjgjs-nysoqffy/xixwfxko-urehjm-infoza-c320171942-kzdzkl-q15351-emkkxu/
Attempts: 17 - Request URL: www.lavatransforms.org/jmuqthj-vfunzewd-q1451-qdbgepmv-c320171943-mcoubsfg/deubfz-ogqhww-nwveyb-kaycal-poam/
Attempts: 18 - Request URL: www.lavatransforms.org/zfnmlmk-fyradlqe-q7751-xalihklr-wwshzwec/iahkkj-jklrak-foffqn-jbsgmt-c320171939-antf/
Attempts: 19 - Request URL: www.lavatransforms.org/migcbnv-rtpinvxx-c320171942-q4151-grtnsgep-ovldkcxw/tmoybk-glzllq-xjojzf-uxvhyo-cals/
Attempts: 20 - Request URL: www.lavatransforms.org/supshgf-lggbjgjs-c320171942-q2351-nysoqffy-xixwfxko/urehjm-infoza-kzdzkl-emkkxu-jzww/
Attempts: 21 - Request URL: www.lavatransforms.org/qdziwjr-mrlfqckk-q6851-dqvfyywo-c320171943-bzrbaeru/vtbgmv-tevsgo-jslari-lobwpj-txvn/
Attempts: 22 - Request URL: www.lavatransforms.org/wowbkxx-c320171941-q22851-nhngmdzn-svnaxusj-cdqjxfmz/kqxmnb-kspbfc-rkxscg-prmrsg-rcsp-zjbqbceb/
Attempts: 23 - Request URL: www.lavatransforms.org/migcbnv-q44451-rtpinvxx-grtnsgep-ovldkcxw/tmoybk-c320171945-glzllq-xjojzf-uxvhyo-cals-lwgegvre/
Attempts: 24 - Request URL: www.lavatransforms.org/c320171940-jmuqthj-q53451-vfunzewd-qdbgepmv-mcoubsfg/deubfz-ogqhww-nwveyb-kaycal-poam-goporfmo/
Attempts: 25 - Request URL: www.lavatransforms.org/xlswzqq-c320171941-q28251-yjihxtbp-poxejmnw-ghcnlvjq/gwixsd-ehuemy-bbyrhz-nuzsdc-dtfa-myabmpdd/
Attempts: 26 - Request URL: www.lavatransforms.org/fbvfmbi-c320171941-q49851-jijcpzgf-rnksnsus-lgpsmhim/wigtco-sjwmtp-sdphmq-hjhdoe-odni-nfepchwg/
Attempts: 27 - Request URL: www.lavatransforms.org/zfnmlmk-q48051-fyradlqe-xalihklr-wwshzwec/iahkkj-c320171945-jklrak-foffqn-jbsgmt-antf-hstifghl/
Attempts: 28 - Request URL: www.lavatransforms.org/wowbkxx-c320171941-q11151-nhngmdzn-svnaxusj-cdqjxfmz/kqxmnb-kspbfc-rkxscg-prmrsg-rcsp-zjbqbceb/
Attempts: 29 - Request URL: www.lavatransforms.org/vekhuvm-c320171941-q25551-kwtsgfui-liobvhol-pnhrsphh/cfqlis-dbnyst-gyjlbe-dnaxiy-egxc-qlmnlbtp/
Attempts: 30 - Request URL: www.lavatransforms.org/lqauadp-q40851-hbfesblc-c320171942-ymzzboga-jamqouyy/xkashw-vudtib-qpndpo-fhebea-yrkj-edogdkvu/
Attempts: 31 - Request URL: www.lavatransforms.org/zfnmlmk-q36351-fyradlqe-xalihklr-wwshzwec/iahkkj-c320171945-jklrak-foffqn-jbsgmt-antf-hstifghl/
Attempts: 32 - Request URL: www.lavatransforms.org/supshgf-c320171941-q30951-lggbjgjs-nysoqffy-xixwfxko/urehjm-infoza-kzdzkl-emkkxu-jzww-dkwshiic/
Attempts: 33 - Request URL: www.lavatransforms.org/kyyapaw-q43551-eadmiunr-cuawwbyn-uxekcmur/pzsjtp-c320171945-hwyzoe-weswss-cztals-wwch-tgvjyjnr/
Attempts: 34 - Request URL: www.lavatransforms.org/c320171940-cntgjwc-q33651-tmoraish-vcmcfdpi-dbdpuozv/sdfdwf-xphjbv-htzbnh-qklmww-nypt-ftuxuxxn/
Attempts: 35 - Request URL: www.lavatransforms.org/jmuqthj-c320171941-q41751-vfunzewd-qdbgepmv-mcoubsfg/deubfz-ogqhww-nwveyb-kaycal-poam-goporfmo/
Attempts: 36 - Request URL: www.lavatransforms.org/qdziwjr-q35451-mrlfqckk-dqvfyywo-bzrbaeru/vtbgmv-c320171945-tevsgo-jslari-lobwpj-txvn-snjaaesa/
Attempts: 37 - Request URL: www.lavatransforms.org/c320171940-xlswzqq-q16551-yjihxtbp-poxejmnw-ghcnlvjq/gwixsd-ehuemy-bbyrhz-nuzsdc-dtfa-myabmpdd/
Attempts: 38 - Request URL: www.lavatransforms.org/zfnmlmk-q12951-fyradlqe-xalihklr-wwshzwec/iahkkj-jklrak-foffqn-jbsgmt-antf-c320171939-hstifghl/
Attempts: 39 - Request URL: www.lavatransforms.org/eaeedre-q39051-qzvzhrta-c320171942-wepmcqjq-arwcwbvp/hvcpgy-rixqdd-turntv-wfqjjp-fmro-cvrtvspk/
Attempts: 40 - Request URL: www.lavatransforms.org/cntgjwc-q33651-tmoraish-c320171942-vcmcfdpi-dbdpuozv/sdfdwf-xphjbv-htzbnh-qklmww-nypt-ftuxuxxn/
Attempts: 41 - Request URL: www.lavatransforms.org/wowbkxx-q46251-nhngmdzn-svnaxusj-c320171943-cdqjxfmz/kqxmnb-kspbfc-rkxscg-prmrsg-rcsp-zjbqbceb/
Attempts: 42 - Request URL: www.lavatransforms.org/kyyapaw-q20151-eadmiunr-cuawwbyn-c320171943-uxekcmur/pzsjtp-hwyzoe-weswss-cztals-wwch-tgvjyjnr/
Attempts: 43 - Request URL: www.lavatransforms.org/jmuqthj-c320171941-q53451-vfunzewd-qdbgepmv-mcoubsfg/deubfz-ogqhww-nwveyb-kaycal-poam-goporfmo/
Attempts: 44 - Request URL: www.lavatransforms.org/xlswzqq-q39951-yjihxtbp-c320171942-poxejmnw-ghcnlvjq/gwixsd-ehuemy-bbyrhz-nuzsdc-dtfa-myabmpdd/
Attempts: 45 - Request URL: www.lavatransforms.org/vekhuvm-q48951-kwtsgfui-liobvhol-pnhrsphh/cfqlis-dbnyst-gyjlbe-dnaxiy-egxc-c320171939-qlmnlbtp/
Attempts: 46 - Request URL: www.lavatransforms.org/user/32
Attempts: 47 - Request URL: www.lavatransforms.org/eaeedre-q15651-qzvzhrta-wepmcqjq-arwcwbvp/hvcpgy-rixqdd-turntv-wfqjjp-fmro-c320171939-cvrtvspk/
Attempts: 48 - Request URL: www.lavatransforms.org/eaeedre-q50751-qzvzhrta-wepmcqjq-arwcwbvp/hvcpgy-c320171945-rixqdd-turntv-wfqjjp-fmro-cvrtvspk/
Attempts: 49 - Request URL: www.lavatransforms.org/c320171940-cntgjwc-q10251-tmoraish-vcmcfdpi-dbdpuozv/sdfdwf-xphjbv-htzbnh-qklmww-nypt-ftuxuxxn/
Attempts: 50 - Request URL: www.lavatransforms.org/jmuqthj-q18351-vfunzewd-c320171942-qdbgepmv-mcoubsfg/deubfz-ogqhww-nwveyb-kaycal-poam-goporfmo/
Attempts: 51 - Request URL: www.lavatransforms.org/zfnmlmk-q48051-fyradlqe-c320171942-xalihklr-wwshzwec/iahkkj-jklrak-foffqn-jbsgmt-antf-hstifghl/
Attempts: 52 - Request URL: www.lavatransforms.org/migcbnv-q44451-rtpinvxx-c320171942-grtnsgep-ovldkcxw/tmoybk-glzllq-xjojzf-uxvhyo-cals-lwgegvre/
Attempts: 53 - Request URL: www.lavatransforms.org/jmuqthj-q53451-vfunzewd-qdbgepmv-c320171943-mcoubsfg/deubfz-ogqhww-nwveyb-kaycal-poam-goporfmo/
Attempts: 54 - Request URL: www.lavatransforms.org/cntgjwc-c320171941-q21951-tmoraish-vcmcfdpi-dbdpuozv/sdfdwf-xphjbv-htzbnh-qklmww-nypt-ftuxuxxn/
Attempts: 55 - Request URL: www.lavatransforms.org/c320171940-lqauadp-q40851-hbfesblc-ymzzboga-jamqouyy/xkashw-vudtib-qpndpo-fhebea-yrkj-edogdkvu/
Attempts: 56 - Request URL: www.lavatransforms.org/zfnmlmk-c320171941-q12951-fyradlqe-xalihklr-wwshzwec/iahkkj-jklrak-foffqn-jbsgmt-antf-hstifghl/
Attempts: 57 - Request URL: www.lavatransforms.org/xlswzqq-q39951-yjihxtbp-poxejmnw-c320171943-ghcnlvjq/gwixsd-ehuemy-bbyrhz-nuzsdc-dtfa-myabmpdd/
Attempts: 58 - Request URL: www.lavatransforms.org/xlswzqq-q16551-yjihxtbp-poxejmnw-ghcnlvjq/gwixsd-ehuemy-bbyrhz-nuzsdc-dtfa-c320171939-myabmpdd/
Attempts: 59 - Request URL: www.lavatransforms.org/jmuqthj-q18351-vfunzewd-qdbgepmv-c320171943-mcoubsfg/deubfz-ogqhww-nwveyb-kaycal-poam-goporfmo/
Attempts: 60 - Request URL: www.lavatransforms.org/zfnmlmk-q12951-fyradlqe-c320171942-xalihklr-wwshzwec/iahkkj-jklrak-foffqn-jbsgmt-antf-hstifghl/
Attempts: 61 - Request URL: www.lavatransforms.org/user/32
Attempts: 62 - Request URL: www.lavatransforms.org/cntgjwc-q21951-tmoraish-vcmcfdpi-c320171943-dbdpuozv/sdfdwf-xphjbv-htzbnh-qklmww-nypt-ftuxuxxn/
Attempts: 63 - Request URL: www.lavatransforms.org/wowbkxx-nhngmdzn-svnaxusj-c320171943-cdqjxfmz/kqxmnb-kspbfc-q9851-rkxscg-prmrsg-rcsp-zjbqbceb-wjvnb/
Attempts: 64 - Request URL: www.lavatransforms.org/migcbnv-rtpinvxx-grtnsgep-ovldkcxw/tmoybk-c320171945-glzllq-xjojzf-uxvhyo-cals-q43151-lwgegvre-denoh/
Attempts: 65 - Request URL: www.lavatransforms.org/qdziwjr-mrlfqckk-dqvfyywo-q45851-bzrbaeru/vtbgmv-c320171945-tevsgo-jslari-lobwpj-txvn-snjaaesa-togdp/
Attempts: 66 - Request URL: www.lavatransforms.org/c320171940-zfnmlmk-fyradlqe-q11651-xalihklr-wwshzwec/iahkkj-jklrak-foffqn-jbsgmt-antf-hstifghl-oidjj/
Attempts: 67 - Request URL: www.lavatransforms.org/qdziwjr-mrlfqckk-q41951-dqvfyywo-bzrbaeru/vtbgmv-tevsgo-jslari-lobwpj-c320171939-txvn/
Attempts: 68 - Request URL: www.lavatransforms.org/cntgjwc-tmoraish-q16751-vcmcfdpi-c320171943-dbdpuozv/sdfdwf-xphjbv-htzbnh-qklmww-nypt/
Attempts: 69 - Request URL: www.lavatransforms.org/jmuqthj-c320171941-vfunzewd-q36551-qdbgepmv-mcoubsfg/deubfz-ogqhww-nwveyb-kaycal-poam/
Attempts: 70 - Request URL: www.lavatransforms.org/jmuqthj-c320171941-vfunzewd-q13151-qdbgepmv-mcoubsfg/deubfz-ogqhww-nwveyb-kaycal-poam/
Attempts: 71 - Request URL: www.lavatransforms.org/c320171940-lqauadp-hbfesblc-q47351-ymzzboga-jamqouyy/xkashw-vudtib-qpndpo-fhebea-yrkj/
Attempts: 72 - Request URL: www.lavatransforms.org/fbvfmbi-jijcpzgf-q21251-rnksnsus-lgpsmhim/wigtco-c320171945-sjwmtp-sdphmq-hjhdoe-odni/
Attempts: 73 - Request URL: www.lavatransforms.org/c320171940-supshgf-lggbjgjs-q49151-nysoqffy-xixwfxko/urehjm-infoza-kzdzkl-emkkxu-jzww/
Attempts: 74 - Request URL: www.lavatransforms.org/cntgjwc-tmoraish-c320171942-q51851-vcmcfdpi-dbdpuozv/sdfdwf-xphjbv-htzbnh-qklmww-nypt/
Attempts: 75 - Request URL: www.lavatransforms.org/c320171940-eaeedre-qzvzhrta-q33851-wepmcqjq-arwcwbvp/hvcpgy-rixqdd-turntv-wfqjjp-fmro/
Attempts: 76 - Request URL: www.lavatransforms.org/supshgf-lggbjgjs-q37451-nysoqffy-xixwfxko/urehjm-infoza-kzdzkl-emkkxu-c320171939-jzww/
Attempts: 77 - Request URL: www.lavatransforms.org/vekhuvm-kwtsgfui-q43751-liobvhol-pnhrsphh/cfqlis-c320171945-dbnyst-gyjlbe-dnaxiy-egxc/
Attempts: 78 - Request URL: www.lavatransforms.org/jmuqthj-vfunzewd-q36551-qdbgepmv-mcoubsfg/deubfz-ogqhww-nwveyb-kaycal-c320171939-poam/
Attempts: 79 - Request URL: www.lavatransforms.org/eaeedre-qzvzhrta-q45551-wepmcqjq-arwcwbvp/hvcpgy-rixqdd-turntv-wfqjjp-c320171939-fmro/
Attempts: 80 - Request URL: www.lavatransforms.org/lqauadp-hbfesblc-q47351-ymzzboga-c320171943-jamqouyy/xkashw-vudtib-qpndpo-fhebea-yrkj/
Attempts: 81 - Request URL: www.lavatransforms.org/qdziwjr-c320171941-mrlfqckk-q30251-dqvfyywo-bzrbaeru/vtbgmv-tevsgo-jslari-lobwpj-txvn/
Attempts: 82 - Request URL: www.lavatransforms.org/migcbnv-c320171941-rtpinvxx-q27551-grtnsgep-ovldkcxw/tmoybk-glzllq-xjojzf-uxvhyo-cals/
Attempts: 83 - Request URL: www.lavatransforms.org/kyyapaw-eadmiunr-q26651-cuawwbyn-c320171943-uxekcmur/pzsjtp-hwyzoe-weswss-cztals-wwch/
Attempts: 84 - Request URL: www.lavatransforms.org/migcbnv-rtpinvxx-q15851-grtnsgep-ovldkcxw/tmoybk-c320171945-glzllq-xjojzf-uxvhyo-cals/
Attempts: 85 - Request URL: www.lavatransforms.org/event/broadway-on-my-mind-16/
Attempts: 86 - Request URL: www.lavatransforms.org/jmuqthj-vfunzewd-q13151-qdbgepmv-c320171943-mcoubsfg/deubfz-ogqhww-nwveyb-kaycal-poam/
Attempts: 87 - Request URL: www.lavatransforms.org/kyyapaw-eadmiunr-q14951-cuawwbyn-c320171943-uxekcmur/pzsjtp-hwyzoe-weswss-cztals-wwch/
Attempts: 88 - Request URL: www.lavatransforms.org/c320171940-jmuqthj-vfunzewd-q36551-qdbgepmv-mcoubsfg/deubfz-ogqhww-nwveyb-kaycal-poam/
Attempts: 89 - Request URL: www.lavatransforms.org/q12551-vekhuvm-kwtsgfui-liobvhol-c320171943-pnhrsphh/cfqlis-dbnyst-gyjlbe-dnaxiy-egxc-qlmnlbtp-gmusw/
Attempts: 90 - Request URL: www.lavatransforms.org/supshgf-lggbjgjs-nysoqffy-xixwfxko/urehjm-infoza-q29651-kzdzkl-emkkxu-jzww-dkwshiic-c320171939-ccmkz/
Attempts: 91 - Request URL: www.lavatransforms.org/supshgf-lggbjgjs-q41351-nysoqffy-c320171943-xixwfxko/urehjm-infoza-kzdzkl-emkkxu-jzww-dkwshiic-ccmkz/
Attempts: 92 - Request URL: www.lavatransforms.org/c320171940-qdziwjr-mrlfqckk-dqvfyywo-bzrbaeru/vtbgmv-tevsgo-jslari-q34151-lobwpj-txvn-snjaaesa-togdp/
Attempts: 93 - Request URL: www.lavatransforms.org/xlswzqq-q26951-yjihxtbp-poxejmnw-c320171943-ghcnlvjq/gwixsd-ehuemy-bbyrhz-nuzsdc-dtfa-myabmpdd-rsklc/
Attempts: 94 - Request URL: www.lavatransforms.org/qdziwjr-mrlfqckk-c320171942-dqvfyywo-q45851-bzrbaeru/vtbgmv-tevsgo-jslari-lobwpj-txvn-snjaaesa-togdp/
Attempts: 95 - Request URL: www.lavatransforms.org/jmuqthj-vfunzewd-qdbgepmv-mcoubsfg/deubfz-ogqhww-nwveyb-kaycal-q28751-poam-goporfmo-c320171939-zroht/
Attempts: 96 - Request URL: www.lavatransforms.org/xlswzqq-yjihxtbp-c320171942-poxejmnw-ghcnlvjq/gwixsd-q15251-ehuemy-bbyrhz-nuzsdc-dtfa-myabmpdd-rsklc/
Attempts: 97 - Request URL: www.lavatransforms.org/lqauadp-hbfesblc-ymzzboga-q16151-jamqouyy/xkashw-vudtib-qpndpo-fhebea-yrkj-edogdkvu-c320171939-fhacq/
Attempts: 98 - Request URL: www.lavatransforms.org/fbvfmbi-c320171941-jijcpzgf-rnksnsus-lgpsmhim/wigtco-sjwmtp-sdphmq-hjhdoe-q48551-odni-nfepchwg-mywms/
Attempts: 99 - Request URL: www.lavatransforms.org/eaeedre-qzvzhrta-wepmcqjq-q26051-arwcwbvp/hvcpgy-rixqdd-turntv-wfqjjp-fmro-cvrtvspk-c320171939-pdsgg/
Attempts: more than 99 - Request URL: www.lavatransforms.org/q42251-kyyapaw-eadmiunr-cuawwbyn-uxekcmur/pzsjtp-c320171945-hwyzoe-weswss-cztals-wwch-tgvjyjnr-snreo/
Attempts: 1 - Request URL: www.lavatransforms.org/q42251-kyyapaw-eadmiunr-cuawwbyn-c320171943-uxekcmur/pzsjtp-hwyzoe-weswss-cztals-wwch-tgvjyjnr-snreo/
Attempts: 2 - Request URL: www.lavatransforms.org/supshgf-c320171941-lggbjgjs-nysoqffy-xixwfxko/urehjm-infoza-kzdzkl-emkkxu-jzww-q53051-dkwshiic-ccmkz/
