Attempts: 1 - Request URL: www.lavatransforms.org/wp-content/cache/busting/1/wp-content-themes-event-js-modernizr-3.3.1.min-1.6.6.js
Attempts: 2 - Request URL: www.lavatransforms.org/wp-content/cache/busting/1/wp-content-themes-event-media-queries-1.6.6.css
Attempts: 3 - Request URL: www.lavatransforms.org/wp-content/cache/busting/1/wp-content-plugins-jetpack-css-jetpack-4.7.1.css
Attempts: 4 - Request URL: www.lavatransforms.org/wp-content/cache/busting/1/wp-content-themes-event-js-themify.script-1.6.6.js
Attempts: 5 - Request URL: www.lavatransforms.org/wp-content/cache/busting/1/wp-content-themes-event-themify-fontawesome-css-font-awesome.min-1.6.6.css
Attempts: 6 - Request URL: www.lavatransforms.org/wp-content/cache/busting/1/wp-content-themes-event-themify-js-main-3.1.0.js
Attempts: 7 - Request URL: www.lavatransforms.org/wp-content/cache/busting/1/wp-content-themes-event-themify-js-lightbox-3.1.0.js
Attempts: 8 - Request URL: www.lavatransforms.org/wp-content/cache/busting/1/wp-content-themes-event-skins-orange-style-3.1.0.css
Attempts: 9 - Request URL: www.lavatransforms.org/wp-content/cache/busting/1/wp-content-themes-event-themify-css-lightbox-3.1.0.css
Attempts: 10 - Request URL: www.lavatransforms.org/wp-content/cache/busting/1/wp-content-themes-event-js-jquery.masonry.min-1.6.6.js
Attempts: 11 - Request URL: www.lavatransforms.org/wp-content/cache/busting/1/wp-content-themes-event-themify-js-carousel-3.1.0.js
Attempts: 12 - Request URL: www.lavatransforms.org/wp-content/cache/busting/1/wp-content-themes-event-js-jquery.dominant-color-1.6.6.js
Attempts: 13 - Request URL: www.lavatransforms.org/wp-content/cache/busting/1/wp-content-themes-event-style-1.6.6.css
Attempts: 14 - Request URL: www.lavatransforms.org/wp-content/cache/busting/1/wp-content-plugins-jetpack-modules-sharedaddy-sharing-4.7.1.js
Attempts: 15 - Request URL: www.lavatransforms.org/wp-content/cache/busting/1/wp-content-themes-event-themify-js-themify.sidemenu-1.6.6.js
Attempts: 16 - Request URL: www.lavatransforms.org/wp-content/uploads/2015/10/arsonTitle-1024x635.jpg
Attempts: 17 - Request URL: www.lavatransforms.org/wp-content/cache/min/1/711d23ea1634a06b5d1fc1e75d52a0c3.js
Attempts: 18 - Request URL: www.lavatransforms.org/wp-content/cache/min/1/683e6b85ad8e24a2e3c0ae2ae15927ea.css
Attempts: 19 - Request URL: www.lavatransforms.org/wp-content/cache/min/1/28654baf6518f6a3d1026f35c4d8f4c3.css
Attempts: 20 - Request URL: www.lavatransforms.org/wp-content/cache/min/1/cbc15f29c8fe567a0f10dc11c25fe3bf.css
Attempts: 21 - Request URL: www.lavatransforms.org/wp-content/cache/min/1/6959c67a11655417e9ee91592154887e.css
Attempts: 22 - Request URL: www.lavatransforms.org/wp-content/cache/min/1/7bbee998884dc396c96af8e3596b5ea9.css
Attempts: 23 - Request URL: www.lavatransforms.org/wp-content/cache/min/1/52788d7140cef92241b169066fa30264.js
Attempts: 24 - Request URL: www.lavatransforms.org/wp-content/cache/min/1/76a7e40b7c274619bf3c6fb39ec98146.css
Attempts: 25 - Request URL: www.lavatransforms.org/wp-content/cache/min/1/1ae1e7d70c148267ec31900e4f10c8e6.js
Attempts: 26 - Request URL: www.lavatransforms.org/wp-content/cache/min/1/ebf21e49fe31f96d7bb1eb4fabf33aa6.css
Attempts: 27 - Request URL: www.lavatransforms.org/wp-content/cache/min/1/b5ba285ac2e2f7ac53a3b8f9702e910e.js
Attempts: 28 - Request URL: www.lavatransforms.org/wp-content/cache/min/1/a12902a920581631a0bc12bfadd6136e.js
Attempts: 29 - Request URL: www.lavatransforms.org/wp-content/cache/min/1/50577963e4ef770e4acafdd92b23a4b3.js
Attempts: 30 - Request URL: www.lavatransforms.org/wp-content/cache/min/1/87c4fa924853309847a740afb2bfeb7e.js
Attempts: 31 - Request URL: www.lavatransforms.org/wp-content/cache/min/1/a7aa80d506fcafa10935231b31cfb6e9.js
Attempts: 32 - Request URL: www.lavatransforms.org/wp-content/cache/min/1/5c51993ba2aa6faf9f456cce02cb4858.js
Attempts: 33 - Request URL: www.lavatransforms.org/wp-content/cache/busting/1/wp-content-plugins-akismet-_inc-form-3.2.js
Attempts: 34 - Request URL: www.lavatransforms.org/wp-content/cache/busting/1/wp-content-plugins-jetpack-modules-sharedaddy-sharing-4.5.js
Attempts: 35 - Request URL: www.lavatransforms.org/wp-content/cache/busting/1/wp-includes-js-comment-reply.min-4.7.js
Attempts: 36 - Request URL: www.lavatransforms.org/wp-content/cache/busting/1/wp-includes-js-wp-emoji-release.min-4.7.js
Attempts: 36 - Request URL: www.lavatransforms.org/wp-content/cache/busting/1/wp-content-themes-event-themify-js-themify.gallery-4.7.js
Attempts: 37 - Request URL: www.lavatransforms.org/wp-content/cache/busting/1/wp-includes-js-wp-embed.min-4.7.js
Attempts: 38 - Request URL: www.lavatransforms.org/wp-content/cache/busting/1/wp-content-plugins-jetpack-modules-wpgroho-4.7.js
Attempts: 39 - Request URL: www.lavatransforms.org/wp-content/cache/busting/1/wp-content-plugins-jetpack-css-jetpack-4.4.2.css
Attempts: 40 - Request URL: www.lavatransforms.org/wp-content/cache/busting/1/wp-content-plugins-jetpack-modules-sharedaddy-sharing-4.4.2.js
