Attempts: 1 - Request URL: www.lavatransforms.org/gbleq/glotir.php?hl=nyimbo-mpya-za-abby-skills-wewe-unatabiambaya
Attempts: 2 - Request URL: www.lavatransforms.org/category/lava-vocabulary/lava-exclusives/page/15/signups
Attempts: 3 - Request URL: www.lavatransforms.org/category/tours/page/15/southwestmuseum2013
Attempts: 4 - Request URL: www.lavatransforms.org/category/architecturedesign/page/22/itotushy
Attempts: 5 - Request URL: www.lavatransforms.org/category/talks/user/login
Attempts: 6 - Request URL: www.lavatransforms.org/2010/12/10/lavas-sunday-salon-7/cityscapes
Attempts: 7 - Request URL: www.lavatransforms.org/2010/12/10/lavas-sunday-salon-7/cityscapes
Attempts: 8 - Request URL: www.lavatransforms.org/video/musso-salon-fante-3/http:derangedlacrimes.com
Attempts: 9 - Request URL: www.lavatransforms.org/boyle214
Attempts: 10 - Request URL: www.lavatransforms.org/category/books/page/11/subscribe
Attempts: 11 - Request URL: www.lavatransforms.org/user/17
Attempts: 12 - Request URL: www.lavatransforms.org/2010/12/10/lavas-sunday-salon-7/cityscapes
Attempts: 13 - Request URL: www.lavatransforms.org/user/2895
Attempts: 14 - Request URL: www.lavatransforms.org/user/12
Attempts: 15 - Request URL: www.lavatransforms.org/user/2895
Attempts: 16 - Request URL: www.lavatransforms.org/2012/01/27/the-lava-salon-at-musso-frank-down-these-mean-streets-raymond-chandlers-underworld/
Attempts: 17 - Request URL: www.lavatransforms.org/barryday
Attempts: 18 - Request URL: www.lavatransforms.org/category/forensic-science-seminar/page/3/newsletter/subscriptions
Attempts: 19 - Request URL: www.lavatransforms.org/category/lava-vocabulary/free/page/8/nydistilling.com
Attempts: 20 - Request URL: www.lavatransforms.org/event/hotel-horrors-main-street-vice-tour-july11-2016/feed/
Attempts: 21 - Request URL: www.lavatransforms.org/category/lava-vocabulary/free/page/12/salon213
Attempts: 22 - Request URL: www.lavatransforms.org/user/2771
Attempts: 23 - Request URL: www.lavatransforms.org/2012/12/04/full-no-more-signups-save-the-date-cellar-tour-of-the-king-eddy-saloon-745pm/cellartourkingeddydec2012
Attempts: 24 - Request URL: www.lavatransforms.org/category/lava-vocabulary/food/page/2/lavatransforms.org/flaneur-broadway-on-my-mind-6
Attempts: 25 - Request URL: www.lavatransforms.org/event/pasadena-confidential-tour-4/feed/
Attempts: 26 - Request URL: www.lavatransforms.org/hank20years
Attempts: 27 - Request URL: www.lavatransforms.org/user/register
Attempts: 28 - Request URL: www.lavatransforms.org/2017-1-8-harveysbroiler-09082/
Attempts: 29 - Request URL: www.lavatransforms.org/category/art/page/5/elalisal2013
Attempts: 30 - Request URL: www.lavatransforms.org/category/lava-vocabulary/theater/page/5/myspace.com/jamesadomian
Attempts: 31 - Request URL: www.lavatransforms.org/category/talks/page/2/user/login
Attempts: 32 - Request URL: www.lavatransforms.org/event/birthdaybus-2016/feed/
Attempts: 33 - Request URL: www.lavatransforms.org/user/2186
Attempts: 34 - Request URL: www.lavatransforms.org/event/broadway-on-my-mind-14/
Attempts: 35 - Request URL: www.lavatransforms.org/event/broadway-on-my-mind-14/
