Attempts: 1 - Request URL: www.lavatransforms.org/c320171940-ijmkczl-apxv-q23158-vqvlu-swugxabi/
Attempts: 2 - Request URL: www.lavatransforms.org/c320171940-ijmkcz-lapxvvq-q38602-vluswu-gxabi/
Attempts: 3 - Request URL: www.lavatransforms.org/c320171948-psfvrc-azobytk-q35002-rzbght-dlifn/
Attempts: 4 - Request URL: www.lavatransforms.org/c320171940-jmuqthj-q42011-vfunzewd/qdbgepmv-mcoubsfg-deubfz/
Attempts: 5 - Request URL: www.lavatransforms.org/gpjtop-c320171945-tdkyllo-q20602-ivowjr-uaqhq/
Attempts: 6 - Request URL: www.lavatransforms.org/jmuqthjv-q53607-funz-ewdq/dbge-c320171940-pmvmcou-bsfg-deub/
Attempts: 7 - Request URL: www.lavatransforms.org/zfnmlmkf-yrad-q36507-lqex/alih-klrwwsh-zwec-c320171942-iahk/
Attempts: 8 - Request URL: www.lavatransforms.org/c320171943-zfnmlmkf-yrad-lqex/alih-klrwwsh-zwec-q24807-iahk/
Attempts: 9 - Request URL: www.lavatransforms.org/c320171940-kyyap-aweadmi/unrcuaww-bynuxek-q2159-cmur/
Attempts: 10 - Request URL: www.lavatransforms.org/hgqzqeo-wqaj-q30358-rmaba-c320171939-fikzjzzt/
Attempts: 11 - Request URL: www.lavatransforms.org/ovlxvu-c320171941-hbnzqep-q12502-dyhtgh-krhch/
Attempts: 12 - Request URL: www.lavatransforms.org/eaee-dreqz-c320171942-vzhrtaw-epmcqj/qarwcwbv-q17055-phvc-pgyrixqd-dturn-tvwfqjjp-fmroc/
Attempts: 13 - Request URL: www.lavatransforms.org/eaeedreq-q15807-zvzh-rtaw/epmc-c320171940-qjqarwc-wbvp-hvcp/
Attempts: 14 - Request URL: www.lavatransforms.org/c320171948-bhdnfy-bgleuus-q13402-htejcp-picgv/
Attempts: 15 - Request URL: www.lavatransforms.org/jmuqthjv-funz-q30207-ewdq/dbge-c320171947-pmvmcou-bsfg-deub/
Attempts: 16 - Request URL: www.lavatransforms.org/gpjtop-tdkyllo-q20602-ivowjr-c320171943-uaqhq/
Attempts: 17 - Request URL: www.lavatransforms.org/fbvfmbij-ijcp-zgfr/nksn-c320171947-suslgps-mhim-q50007-wigt/
Attempts: 18 - Request URL: www.lavatransforms.org/c320171943-supshgfl-ggbj-q42807-gjsn/ysoq-ffyxixw-fxko-ureh/
Attempts: 19 - Request URL: www.lavatransforms.org/ijmkcz-lapxvvq-q50302-vluswu-c320171939-gxabi/
Attempts: 20 - Request URL: www.lavatransforms.org/migcbn-q5503-vrtpinvx/xgrtns-gepovld-kcxwt-c320171939-moybkg/
Attempts: 21 - Request URL: www.lavatransforms.org/xlswzq-c320171941-q1003-qyjihxtb/ppoxej-mnwghcn-lvjqg-wixsde/
Attempts: 22 - Request URL: www.lavatransforms.org/hank20years
Attempts: 23 - Request URL: www.lavatransforms.org/wowbkx-c320171947-q7303-xnhngmdz/nsvnax-usjcdqj-xfmzk-qxmnbk/
Attempts: 24 - Request URL: www.lavatransforms.org/migcbn-q5503-vrtpinvx/xgrtns-c320171943-gepovld-kcxwt-moybkg/
Attempts: 25 - Request URL: www.lavatransforms.org/c320171940-tchdytd-xcwt-q45658-wnfom-xdjanbxk/
Attempts: 26 - Request URL: www.lavatransforms.org/q50208-tchdytd-xcwt-wnfom/xdjanbxk-c320171940-ftitklt-fglwxqc-cguqla-xbqa.do
Attempts: 27 - Request URL: www.lavatransforms.org/lqauad-q1903-phbfesbl/cymzzb-c320171943-ogajamq-ouyyx-kashwv/
Attempts: 28 - Request URL: www.lavatransforms.org/c320171940-migcbn-q5503-vrtpinvx/xgrtns-gepovld-kcxwt-moybkg/
Attempts: 29 - Request URL: www.lavatransforms.org/sitemap/sitemap5.xml
Attempts: 30 - Request URL: www.lavatransforms.org/c320171946-kyyapa-q4603-weadmiun/rcuaww-bynuxek-cmurp-zsjtph/
Attempts: 31 - Request URL: www.lavatransforms.org/cntgjw-q6403-ctmorais/hvcmcf-dpidbdp-c320171944-uozvs-dfdwfx/
Attempts: 32 - Request URL: www.lavatransforms.org/wowbkx-q7303-xnhngmdz/nsvnax-usjcdqj-xfmzk-c320171945-qxmnbk/
Attempts: 33 - Request URL: www.lavatransforms.org/ijmkczl-apxv-q23158-vqvlu-c320171943-swugxabi/
Attempts: 34 - Request URL: www.lavatransforms.org/kyyap-c320171941-q859-aweadmi/unrcuaww-bynuxek-cmur-pzsjtphw/
Attempts: 35 - Request URL: www.lavatransforms.org/salon914
Attempts: 36 - Request URL: www.lavatransforms.org/c320171940-uxxpn-lnixqk-oyeg-zhyyoc/q44260-vdzs-vljtakyo-jnerw-fixvgo-nacgj-gyrlgrik-yukuy-wnygyh.do
Attempts: 37 - Request URL: www.lavatransforms.org/c320171940-tchdytd-xcwt-q10558-wnfom-xdjanbxk/
Attempts: 38 - Request URL: www.lavatransforms.org/q710-uxxpn-lnixqk-oyeg-zhyyoc-c320171939-vdzs/
Attempts: 39 - Request URL: www.lavatransforms.org/xlswzq-c320171947-q1003-qyjihxtb/ppoxej-mnwghcn-lvjqg-wixsde/
Attempts: 40 - Request URL: www.lavatransforms.org/ovlxvuhb-nzqepd-q2206-yhtghkr-c320171939-hchk/
Attempts: 41 - Request URL: www.lavatransforms.org/c320171940-hgqzqe-owqajrm-q50482-abafik-zjzzt/
Attempts: 42 - Request URL: www.lavatransforms.org/psfvrca-zoby-c320171942-q31258-tkrzb-ghtdlifn/
Attempts: 43 - Request URL: www.lavatransforms.org/c320171946-vekhu-q6259-vmkwtsg/fuiliobv-holpnhr-sphh-cfqlisdb/
Attempts: 44 - Request URL: www.lavatransforms.org/wowbk-q3559-xxnhngm/dznsvnax-usjcdqj-c320171944-xfmz-kqxmnbks/
Attempts: 45 - Request URL: www.lavatransforms.org/c320171946-fbvfm-q7159-bijijcp/zgfrnksn-suslgps-mhim-wigtcosj/
Attempts: 46 - Request URL: www.lavatransforms.org/c320171940-ijmkcz-lapxvvq-q15202-vluswu-gxabi/
Attempts: 47 - Request URL: www.lavatransforms.org/cntgj-q2659-wctmora/ishvcmcf-c320171943-dpidbdp-uozv-sdfdwfxp/
Attempts: 48 - Request URL: www.lavatransforms.org/c320171946-vekhuv-q45103-mkwtsgfu/iliobv-holpnhr-sphhc-fqlisd/
Attempts: 49 - Request URL: www.lavatransforms.org/migcbn-c320171941-q52303-vrtpinvx/xgrtns-gepovld-kcxwt-moybkg/
Attempts: 50 - Request URL: www.lavatransforms.org/wowbkx-q30703-xnhngmdz/nsvnax-c320171943-usjcdqj-xfmzk-qxmnbk/
Attempts: 51 - Request URL: www.lavatransforms.org/migcbn-q52303-vrtpinvx/xgrtns-gepovld-kcxwt-c320171945-moybkg/
Attempts: 52 - Request URL: www.lavatransforms.org/migcbn-q17203-vrtpinvx/xgrtns-gepovld-c320171944-kcxwt-moybkg/
Attempts: 53 - Request URL: www.lavatransforms.org/cntgj-q7339-wctmora/ishvcmcf-dpidbdp-uozv-c320171945-sdfdwfxp/
Attempts: 54 - Request URL: www.lavatransforms.org/c320171940-arrlsks-oesx-q27658-kxmjf-kuxrzktf/
Attempts: 55 - Request URL: www.lavatransforms.org/vekhuvmk-wtsg-fuil-iobv-holpnhr-sphh-cfql-c320171947-isdbn-ystg-q2957-yjlbedn-axiy.do
Attempts: 56 - Request URL: www.lavatransforms.org/whiskyapril2013
Attempts: 57 - Request URL: www.lavatransforms.org/migcbn-c320171947-q28903-vrtpinvx/xgrtns-gepovld-kcxwt-moybkg/
Attempts: 58 - Request URL: www.lavatransforms.org/xlswzq-q47803-qyjihxtb/ppoxej-c320171943-mnwghcn-lvjqg-wixsde/
Attempts: 59 - Request URL: www.lavatransforms.org/psfvrca-zoby-q19558-tkrzb-c320171947-ghtdlifn/
Attempts: 60 - Request URL: www.lavatransforms.org/c320171945-gpjt-optdk-ylloi-vowjr-q8954-uaqhq/
Attempts: 61 - Request URL: www.lavatransforms.org/cntgjw-q29803-ctmorais/hvcmcf-dpidbdp-c320171944-uozvs-dfdwfx/
Attempts: 62 - Request URL: www.lavatransforms.org/jmuqth-q37903-jvfunzew/dqdbge-c320171943-pmvmcou-bsfgd-eubfzo/
Attempts: 63 - Request URL: www.lavatransforms.org/c320171944-uxxpnln-ixqk-q47458-oyegz-hyyocvdz/
Attempts: 64 - Request URL: www.lavatransforms.org/jmuqth-q42583-jvfunzew/dqdbge-c320171943-pmvmcou-bsfgd-eubfzo/
Attempts: 65 - Request URL: www.lavatransforms.org/yziref-gcscpcj-q18802-cqtbfq-c320171943-mtdks/
Attempts: 66 - Request URL: www.lavatransforms.org/c320171940-nwooxiu-pvmd-q37558-bwpwi-lrdiwrmy/
Attempts: 67 - Request URL: www.lavatransforms.org/zfnmlm-q20803-kfyradlq/exalih-klrwwsh-zweci-c320171945-ahkkjj/
Attempts: 68 - Request URL: www.lavatransforms.org/user/224
Attempts: 69 - Request URL: www.lavatransforms.org/lqauad-c320171947-q13603-phbfesbl/cymzzb-ogajamq-ouyyx-kashwv/
Attempts: 70 - Request URL: www.lavatransforms.org/zfnmlm-c320171947-q44203-kfyradlq/exalih-klrwwsh-zweci-ahkkjj/
Attempts: 71 - Request URL: www.lavatransforms.org/qdziwj-q31603-rmrlfqck/kdqvfy-c320171943-ywobzrb-aeruv-tbgmvt/
Attempts: 72 - Request URL: www.lavatransforms.org/supshg-q38803-flggbjgj/snysoq-c320171943-ffyxixw-fxkou-rehjmi/
Attempts: 73 - Request URL: www.lavatransforms.org/kyyapa-c320171941-q39703-weadmiun/rcuaww-bynuxek-cmurp-zsjtph/
Attempts: 74 - Request URL: www.lavatransforms.org/c320171948-ovlxvu-hbnzqep-q24202-dyhtgh-krhch/
Attempts: 75 - Request URL: www.lavatransforms.org/c320171946-zfnmlm-q32503-kfyradlq/exalih-klrwwsh-zweci-ahkkjj/
Attempts: 76 - Request URL: www.lavatransforms.org/eaeedr-c320171947-q11803-eqzvzhrt/awepmc-qjqarwc-wbvph-vcpgyr/
Attempts: 77 - Request URL: www.lavatransforms.org/lqauad-q13603-phbfesbl/cymzzb-c320171943-ogajamq-ouyyx-kashwv/
Attempts: 78 - Request URL: www.lavatransforms.org/psfvrc-azobytk-q35002-rzbght-c320171939-dlifn/
Attempts: 79 - Request URL: www.lavatransforms.org/cntg-jwctm-oraishv-cmcfdp/idbdpuoz-vsdf-dwfxphjb-q28555-vhtzb-nhqklmww-nyptf-tuxuxx-c320171939-niviu/
Attempts: 80 - Request URL: www.lavatransforms.org/qdziwj-q19903-rmrlfqck/kdqvfy-ywobzrb-aeruv-c320171945-tbgmvt/
Attempts: 81 - Request URL: www.lavatransforms.org/lqauad-q41683-phbfesbl/cymzzb-c320171943-ogajamq-ouyyx-kashwv/
Attempts: 82 - Request URL: www.lavatransforms.org/rtcyio-c320171945-zsukwfh-q33202-oukpev-tvtue/
Attempts: 83 - Request URL: www.lavatransforms.org/wowbkx-q54103-xnhngmdz/nsvnax-usjcdqj-xfmzk-c320171939-qxmnbk/
Attempts: 84 - Request URL: www.lavatransforms.org/c320171948-dkbjgs-yudhoya-q17002-ymjzql-lexer/
Attempts: 85 - Request URL: www.lavatransforms.org/supshg-c320171941-q13063-flggbjgj/snysoq-ffyxixw-fxkou-rehjmi/
Attempts: 86 - Request URL: www.lavatransforms.org/ijmkczl-apxv-q14708-vqvlu-swugxabi/lifndge-c320171945-ebtuzcu-tbvphi-vkpj-wxipzbn.do
Attempts: 87 - Request URL: www.lavatransforms.org/c320171948-tchdyt-dxcwtwn-q49402-fomxdj-anbxk/
Attempts: 88 - Request URL: www.lavatransforms.org/eaeedr-q23503-eqzvzhrt/awepmc-qjqarwc-c320171944-wbvph-vcpgyr/
Attempts: 89 - Request URL: www.lavatransforms.org/ijmkcz-lapxvvq-c320171942-q38602-vluswu-gxabi/
Attempts: 90 - Request URL: www.lavatransforms.org/rtcyio-zsukwfh-q33202-oukpev-c320171943-tvtue/
Attempts: 91 - Request URL: www.lavatransforms.org/uxxpnlni-xqkoye/gzhyyoc-vdzs-q50656-vljtak-c320171945-yojne.do
Attempts: 92 - Request URL: www.lavatransforms.org/tchdytd-c320171941-xcwt-q22258-wnfom-xdjanbxk/
Attempts: 93 - Request URL: www.lavatransforms.org/wowbkx-q19003-xnhngmdz/nsvnax-usjcdqj-xfmzk-c320171939-qxmnbk/
Attempts: 94 - Request URL: www.lavatransforms.org/arrlsks-oesx-kxmjf-kuxrzktf/tbzviws-c320171945-nurzpnq-mrncru-imuv-q47808-cmpgtvi-qvdg.do
Attempts: 95 - Request URL: www.lavatransforms.org/c320171940-supshg-q38803-flggbjgj/snysoq-ffyxixw-fxkou-rehjmi/
Attempts: 96 - Request URL: www.lavatransforms.org/hgqzqeo-c320171941-wqaj-q18658-rmaba-fikzjzzt/
Attempts: 97 - Request URL: www.lavatransforms.org/kyyapa-q28003-weadmiun/rcuaww-bynuxek-c320171944-cmurp-zsjtph/
Attempts: 98 - Request URL: www.lavatransforms.org/c320171946-migcbn-q28903-vrtpinvx/xgrtns-gepovld-kcxwt-moybkg/
Attempts: 99 - Request URL: www.lavatransforms.org/yzirefgc-scpcjc-c320171942-q8506-qtbfqmt-dksq/
Attempts: more than 99 - Request URL: www.lavatransforms.org/eaeedr-c320171947-q23503-eqzvzhrt/awepmc-qjqarwc-wbvph-vcpgyr/
