Attempts: 1 - Request URL: www.lavatransforms.org/event/weird-west-adams-crime-bus-tour-4/feed/
Attempts: 2 - Request URL: www.lavatransforms.org/category/lava-vocabulary/poetry/user/register
Attempts: 3 - Request URL: www.lavatransforms.org/2013/09/24/dorothy-parker-book-release-cocktail-party/nydistilling.com
Attempts: 4 - Request URL: www.lavatransforms.org/category/forensic-science-seminar/page/3/newsletter/subscriptions
Attempts: 5 - Request URL: www.lavatransforms.org/category/lava-vocabulary/free/page/8/nydistilling.com
Attempts: 6 - Request URL: www.lavatransforms.org/2012/01/27/the-lava-salon-at-musso-frank-down-these-mean-streets-raymond-chandlers-underworld/
Attempts: 7 - Request URL: www.lavatransforms.org/event/m-fundraiser-angelsflight/feed/
Attempts: 8 - Request URL: www.lavatransforms.org/event/talk-and-book-signing-in-conversation-with-liz-goldwyn/feed/
Attempts: 9 - Request URL: www.lavatransforms.org/event/hotel-horrors-main-street-vice-tour/feed/
Attempts: 10 - Request URL: www.lavatransforms.org/event/kim-cooper-signing-at-the-37th-annual-los-angeles-vintage-paperback-show/feed/
Attempts: 11 - Request URL: www.lavatransforms.org/2012/12/04/full-no-more-signups-save-the-date-cellar-tour-of-the-king-eddy-saloon-745pm/cellartourkingeddydec2012
Attempts: 12 - Request URL: www.lavatransforms.org/2017-1-8-harveysbroiler-09082/
Attempts: 13 - Request URL: www.lavatransforms.org/category/art/page/5/elalisal2013
Attempts: 14 - Request URL: www.lavatransforms.org/category/lava-vocabulary/theater/page/5/myspace.com/jamesadomian
Attempts: 15 - Request URL: www.lavatransforms.org/category/talks/page/2/user/login
Attempts: 16 - Request URL: www.lavatransforms.org/user/register
Attempts: 17 - Request URL: www.lavatransforms.org/event/crimelabdecember2016/feed/
Attempts: 18 - Request URL: www.lavatransforms.org/about/newsletter/subscriptions
Attempts: 19 - Request URL: www.lavatransforms.org/user/2181
Attempts: 20 - Request URL: www.lavatransforms.org/blog/4/page/2/
Attempts: 21 - Request URL: www.lavatransforms.org/2013/09/09/whisky-poetry-salon-with-mike-the-poet-sonksen/Mikethepoetla.tumblr.com
Attempts: 22 - Request URL: www.lavatransforms.org/event/raymond-chandlers-los-angeles-saturday-july-30th/feed/
Attempts: 23 - Request URL: www.lavatransforms.org/event/echo-park-book-of-the-dead/feed/
Attempts: 24 - Request URL: www.lavatransforms.org/category/lava-vocabulary/talks/page/13/lavatransforms.org/scrapsteel
Attempts: 25 - Request URL: www.lavatransforms.org/user/2895
Attempts: 26 - Request URL: www.lavatransforms.org/barryday
Attempts: 27 - Request URL: www.lavatransforms.org/event/hotel-horrors-main-street-vice-tour-july11-2016/feed/
Attempts: 28 - Request URL: www.lavatransforms.org/category/lava-vocabulary/dance/user/login
Attempts: 29 - Request URL: www.lavatransforms.org/category/lava-vocabulary/free/page/12/salon213
Attempts: 30 - Request URL: www.lavatransforms.org/user/2771
Attempts: 31 - Request URL: www.lavatransforms.org/category/lava-vocabulary/talks/user/register
Attempts: 32 - Request URL: www.lavatransforms.org/2012/12/04/full-no-more-signups-save-the-date-cellar-tour-of-the-king-eddy-saloon-715pm/cellartourkingeddydec2012
Attempts: 33 - Request URL: www.lavatransforms.org/2015/01/29/lavas-41st-sunday-salon/user/login
Attempts: 34 - Request URL: www.lavatransforms.org/category/lava-vocabulary/talks/page/2/user/login
Attempts: 35 - Request URL: www.lavatransforms.org/category/lava-vocabulary/talks/page/2/user/register
Attempts: 36 - Request URL: www.lavatransforms.org/category/lava-vocabulary/food/page/2/lavatransforms.org/flaneur-broadway-on-my-mind-6
Attempts: 37 - Request URL: www.lavatransforms.org/event/pasadena-confidential-tour-4/feed/
Attempts: 38 - Request URL: www.lavatransforms.org/taxonomy/term/54
