Attempts: 1 - Request URL: www.lavatransforms.org/2010/11/30/backing-up-to-keep-up-to-date/(http:/www.latimes.com/entertainment/news/la-et-0911-phil-dance-pictures,0,5346715.photogallery
Attempts: 2 - Request URL: www.lavatransforms.org/web/20151004234105/http:/astore.amazon.com/bubble1-20/detail/0500251789
Attempts: 3 - Request URL: www.lavatransforms.org/web/20151004234105/http:/astore.amazon.com/bubble1-20/detail/0500251959
Attempts: 4 - Request URL: www.lavatransforms.org/web/20151004234105/http:/cinematreasures.org/theaters/5
Attempts: 5 - Request URL: www.lavatransforms.org/web/20151004234105/http:/derangedlacrimes.com/
Attempts: 6 - Request URL: www.lavatransforms.org/web/20151004234105/http:/empiredelamort.com/
Attempts: 7 - Request URL: www.lavatransforms.org/web/20151004234105/http:/lavatransforms.org/cliftonsalons
Attempts: 8 - Request URL: www.lavatransforms.org/web/20151004234105/http:/lavatransforms.org/flaneur-broadway-on-my-mind-3
Attempts: 9 - Request URL: www.lavatransforms.org/web/20151004234105/http:/www.figarobistrot.com/
Attempts: 10 - Request URL: www.lavatransforms.org/web/20151004234105/http:/www.lamag.com/crimeinla/2013/07/26/did-las-top-crime-reporter-of-the-1930s-and-40s-crack-the-black-dahlia-case
Attempts: 11 - Request URL: www.lavatransforms.org/web/20151004234105/https:/sites.google.com/site/historylosangeles/schaber-s-cafeteria
Attempts: 12 - Request URL: www.lavatransforms.org/web/20151004234105/https:/www.facebook.com/LesNocesDuFigaro
Attempts: 13 - Request URL: www.lavatransforms.org/web/20151005000523/http:/astore.amazon.com/bubble1-20/detail/1466218959
Attempts: 14 - Request URL: www.lavatransforms.org/web/20151005000523/http:/cinematreasures.org/theaters/5
Attempts: 15 - Request URL: www.lavatransforms.org/web/20151005000523/http:/lavatransforms.org/cliftonsalons
Attempts: 16 - Request URL: www.lavatransforms.org/web/20151005000523/http:/lavatransforms.org/fitzgeraldwalk3
Attempts: 17 - Request URL: www.lavatransforms.org/web/20151005000523/http:/lavatransforms.org/fitzgeraldwalk4
Attempts: 18 - Request URL: www.lavatransforms.org/web/20151005000523/http:/puzzledpictures.com/oviatts/
Attempts: 19 - Request URL: www.lavatransforms.org/web/20151005000523/http:/www.figarobistrot.com/
Attempts: 20 - Request URL: www.lavatransforms.org/web/20151005000523/http:/www.martinturnbull.com/
Attempts: 21 - Request URL: www.lavatransforms.org/web/20151005000523/https:/sites.google.com/site/historylosangeles/schaber-s-cafeteria
Attempts: 22 - Request URL: www.lavatransforms.org/web/20151005000523/https:/www.facebook.com/LesNocesDuFigaro
