Attempts: 1 - Request URL: www.lavatransforms.org/images/xxu.php
Attempts: 2 - Request URL: www.lavatransforms.org/x.php
Attempts: 3 - Request URL: www.lavatransforms.org/images/1ndex.php?z3=a3VPWEJ0LnBocA%3d%3d&z4=L2ltYWdlcy8%3d
Attempts: 4 - Request URL: www.lavatransforms.org/images/1ndex.php?z3=a3VPWEJ0LnBocA%3d%3d&z4=L2ltYWdlcy8%3d
Attempts: 5 - Request URL: www.lavatransforms.org/sqlbak.php?z3=a3VPWEJ0LnBocA%3d%3d&z4=Lw%3d%3d
Attempts: 6 - Request URL: www.lavatransforms.org/sqlbak.php?z3=a3VPWEJ0LnBocA%3d%3d&z4=Lw%3d%3d
Attempts: 7 - Request URL: www.lavatransforms.org/email.php?z3=a3VPWEJ0LnBocA%3d%3d&z4=Lw%3d%3d
Attempts: 8 - Request URL: www.lavatransforms.org/email.php?z3=a3VPWEJ0LnBocA%3d%3d&z4=Lw%3d%3d
Attempts: 9 - Request URL: www.lavatransforms.org/functions.php?z3=a3VPWEJ0LnBocA%3d%3d&z4=Lw%3d%3d
Attempts: 10 - Request URL: www.lavatransforms.org/functions.php?z3=a3VPWEJ0LnBocA%3d%3d&z4=Lw%3d%3d
Attempts: 11 - Request URL: www.lavatransforms.org/logs.asp?z3=a3VPWEJ0LnBocA%3d%3d&z4=Lw%3d%3d
Attempts: 12 - Request URL: www.lavatransforms.org/logs.asp?z3=a3VPWEJ0LnBocA%3d%3d&z4=Lw%3d%3d
Attempts: 13 - Request URL: www.lavatransforms.org/cache/news.php?z3=a3VPWEJ0LnBocA%3d%3d&z4=L2NhY2hlLw%3d%3d
Attempts: 14 - Request URL: www.lavatransforms.org/cache/news.php?z3=a3VPWEJ0LnBocA%3d%3d&z4=L2NhY2hlLw%3d%3d
Attempts: 15 - Request URL: www.lavatransforms.org/tmp.php?z3=a3VPWEJ0LnBocA%3d%3d&z4=Lw%3d%3d
Attempts: 16 - Request URL: www.lavatransforms.org/tmp.php?z3=a3VPWEJ0LnBocA%3d%3d&z4=Lw%3d%3d
Attempts: 17 - Request URL: www.lavatransforms.org/shootme.php?z3=a3VPWEJ0LnBocA%3d%3d&z4=Lw%3d%3d
Attempts: 18 - Request URL: www.lavatransforms.org/shootme.php?z3=a3VPWEJ0LnBocA%3d%3d&z4=Lw%3d%3d
Attempts: 19 - Request URL: www.lavatransforms.org/configurationbak.php?z3=a3VPWEJ0LnBocA%3d%3d&z4=Lw%3d%3d
Attempts: 20 - Request URL: www.lavatransforms.org/configurationbak.php?z3=a3VPWEJ0LnBocA%3d%3d&z4=Lw%3d%3d
Attempts: 21 - Request URL: www.lavatransforms.org/robots.txt.php?z3=a3VPWEJ0LnBocA%3d%3d&z4=Lw%3d%3d
Attempts: 22 - Request URL: www.lavatransforms.org/robots.txt.php?z3=a3VPWEJ0LnBocA%3d%3d&z4=Lw%3d%3d
Attempts: 23 - Request URL: www.lavatransforms.org/jconfig.php?z3=a3VPWEJ0LnBocA%3d%3d&z4=Lw%3d%3d
Attempts: 24 - Request URL: www.lavatransforms.org/jconfig.php?z3=a3VPWEJ0LnBocA%3d%3d&z4=Lw%3d%3d
Attempts: 25 - Request URL: www.lavatransforms.org/media/reads.php?z3=a3VPWEJ0LnBocA%3d%3d&z4=L21lZGlhLw%3d%3d
Attempts: 26 - Request URL: www.lavatransforms.org/media/reads.php?z3=a3VPWEJ0LnBocA%3d%3d&z4=L21lZGlhLw%3d%3d
Attempts: 27 - Request URL: www.lavatransforms.org/media/1ndex.php?z3=a3VPWEJ0LnBocA%3d%3d&z4=L21lZGlhLw%3d%3d
Attempts: 28 - Request URL: www.lavatransforms.org/media/1ndex.php?z3=a3VPWEJ0LnBocA%3d%3d&z4=L21lZGlhLw%3d%3d
Attempts: 29 - Request URL: www.lavatransforms.org/sql_dump.php?z3=a3VPWEJ0LnBocA%3d%3d&z4=Lw%3d%3d
Attempts: 30 - Request URL: www.lavatransforms.org/sql_dump.php?z3=a3VPWEJ0LnBocA%3d%3d&z4=Lw%3d%3d
Attempts: 31 - Request URL: www.lavatransforms.org/images/laj.php?z3=a3VPWEJ0LnBocA%3d%3d&z4=L2ltYWdlcy8%3d
Attempts: 32 - Request URL: www.lavatransforms.org/images/laj.php?z3=a3VPWEJ0LnBocA%3d%3d&z4=L2ltYWdlcy8%3d
Attempts: 33 - Request URL: www.lavatransforms.org/tmp.php?z3=a3VPWEJ0LnBocA%3d%3d&z4=Lw%3d%3d
Attempts: 34 - Request URL: www.lavatransforms.org/tmp.php?z3=a3VPWEJ0LnBocA%3d%3d&z4=Lw%3d%3d
Attempts: 35 - Request URL: www.lavatransforms.org/media/404.php?z3=a3VPWEJ0LnBocA%3d%3d&z4=L21lZGlhLw%3d%3d
Attempts: 36 - Request URL: www.lavatransforms.org/media/404.php?z3=a3VPWEJ0LnBocA%3d%3d&z4=L21lZGlhLw%3d%3d
Attempts: 37 - Request URL: www.lavatransforms.org/media/tmp.php?z3=a3VPWEJ0LnBocA%3d%3d&z4=L21lZGlhLw%3d%3d
Attempts: 38 - Request URL: www.lavatransforms.org/media/tmp.php?z3=a3VPWEJ0LnBocA%3d%3d&z4=L21lZGlhLw%3d%3d
Attempts: 39 - Request URL: www.lavatransforms.org/r3x.php?z3=a3VPWEJ0LnBocA%3d%3d&z4=Lw%3d%3d
Attempts: 40 - Request URL: www.lavatransforms.org/r3x.php?z3=a3VPWEJ0LnBocA%3d%3d&z4=Lw%3d%3d
Attempts: 41 - Request URL: www.lavatransforms.org/log.php?z3=a3VPWEJ0LnBocA%3d%3d&z4=Lw%3d%3d
Attempts: 42 - Request URL: www.lavatransforms.org/log.php?z3=a3VPWEJ0LnBocA%3d%3d&z4=Lw%3d%3d
Attempts: 43 - Request URL: www.lavatransforms.org/images/stories/0day.php?z3=a3VPWEJ0LnBocA%3d%3d&z4=L2ltYWdlcy9zdG9yaWVzLw%3d%3d
Attempts: 44 - Request URL: www.lavatransforms.org/images/stories/0day.php?z3=a3VPWEJ0LnBocA%3d%3d&z4=L2ltYWdlcy9zdG9yaWVzLw%3d%3d
Attempts: 45 - Request URL: www.lavatransforms.org/includes/u2p.php?z3=a3VPWEJ0LnBocA%3d%3d&z4=L2luY2x1ZGVzLw%3d%3d
Attempts: 46 - Request URL: www.lavatransforms.org/includes/u2p.php?z3=a3VPWEJ0LnBocA%3d%3d&z4=L2luY2x1ZGVzLw%3d%3d
Attempts: 47 - Request URL: www.lavatransforms.org/images/xxx.php?z3=a3VPWEJ0LnBocA%3d%3d&z4=L2ltYWdlcy8%3d
Attempts: 48 - Request URL: www.lavatransforms.org/images/xxx.php?z3=a3VPWEJ0LnBocA%3d%3d&z4=L2ltYWdlcy8%3d
Attempts: 49 - Request URL: www.lavatransforms.org/al277.php?z3=a3VPWEJ0LnBocA%3d%3d&z4=Lw%3d%3d
Attempts: 50 - Request URL: www.lavatransforms.org/al277.php?z3=a3VPWEJ0LnBocA%3d%3d&z4=Lw%3d%3d
Attempts: 51 - Request URL: www.lavatransforms.org/cache/cache_aqbmkwwx.php?z3=a3VPWEJ0LnBocA%3d%3d&z4=L2NhY2hlLw%3d%3d
Attempts: 52 - Request URL: www.lavatransforms.org/cache/cache_aqbmkwwx.php?z3=a3VPWEJ0LnBocA%3d%3d&z4=L2NhY2hlLw%3d%3d
Attempts: 53 - Request URL: www.lavatransforms.org/install.php?z3=a3VPWEJ0LnBocA%3d%3d&z4=Lw%3d%3d
Attempts: 54 - Request URL: www.lavatransforms.org/install.php?z3=a3VPWEJ0LnBocA%3d%3d&z4=Lw%3d%3d
Attempts: 55 - Request URL: www.lavatransforms.org/dswat.org/wsdl.php?z3=a3VPWEJ0LnBocA%3d%3d&z4=L2Rzd2F0Lm9yZy8%3d
Attempts: 56 - Request URL: www.lavatransforms.org/dswat.org/wsdl.php?z3=a3VPWEJ0LnBocA%3d%3d&z4=L2Rzd2F0Lm9yZy8%3d
Attempts: 57 - Request URL: www.lavatransforms.org/robot.php?z3=a3VPWEJ0LnBocA%3d%3d&z4=Lw%3d%3d
Attempts: 58 - Request URL: www.lavatransforms.org/robot.php?z3=a3VPWEJ0LnBocA%3d%3d&z4=Lw%3d%3d
Attempts: 59 - Request URL: www.lavatransforms.org/wsdl.php?z3=a3VPWEJ0LnBocA%3d%3d&z4=Lw%3d%3d
Attempts: 60 - Request URL: www.lavatransforms.org/wsdl.php?z3=a3VPWEJ0LnBocA%3d%3d&z4=Lw%3d%3d
Attempts: 61 - Request URL: www.lavatransforms.org/goog1es.php?z3=a3VPWEJ0LnBocA%3d%3d&z4=Lw%3d%3d
Attempts: 62 - Request URL: www.lavatransforms.org/goog1es.php?z3=a3VPWEJ0LnBocA%3d%3d&z4=Lw%3d%3d
Attempts: 63 - Request URL: www.lavatransforms.org/site/tmp/cTivrC.php?z3=a3VPWEJ0LnBocA%3d%3d&z4=L3NpdGUvdG1wLw%3d%3d
Attempts: 64 - Request URL: www.lavatransforms.org/site/tmp/cTivrC.php?z3=a3VPWEJ0LnBocA%3d%3d&z4=L3NpdGUvdG1wLw%3d%3d
Attempts: 65 - Request URL: www.lavatransforms.org/update.php?z3=a3VPWEJ0LnBocA%3d%3d&z4=Lw%3d%3d
Attempts: 66 - Request URL: www.lavatransforms.org/update.php?z3=a3VPWEJ0LnBocA%3d%3d&z4=Lw%3d%3d
Attempts: 67 - Request URL: www.lavatransforms.org/includes.php?z3=a3VPWEJ0LnBocA%3d%3d&z4=Lw%3d%3d
Attempts: 68 - Request URL: www.lavatransforms.org/includes.php?z3=a3VPWEJ0LnBocA%3d%3d&z4=Lw%3d%3d
Attempts: 69 - Request URL: www.lavatransforms.org/wp-main.php?z3=a3VPWEJ0LnBocA%3d%3d&z4=Lw%3d%3d
Attempts: 70 - Request URL: www.lavatransforms.org/wp-main.php?z3=a3VPWEJ0LnBocA%3d%3d&z4=Lw%3d%3d
Attempts: 71 - Request URL: www.lavatransforms.org/news.php?z3=a3VPWEJ0LnBocA%3d%3d&z4=Lw%3d%3d
Attempts: 72 - Request URL: www.lavatransforms.org/news.php?z3=a3VPWEJ0LnBocA%3d%3d&z4=Lw%3d%3d
Attempts: 73 - Request URL: www.lavatransforms.org/images/al277.php?z3=a3VPWEJ0LnBocA%3d%3d&z4=L2ltYWdlcy8%3d
Attempts: 74 - Request URL: www.lavatransforms.org/images/al277.php?z3=a3VPWEJ0LnBocA%3d%3d&z4=L2ltYWdlcy8%3d
Attempts: 75 - Request URL: www.lavatransforms.org/webconfig.txt.php?z3=a3VPWEJ0LnBocA%3d%3d&z4=Lw%3d%3d
Attempts: 76 - Request URL: www.lavatransforms.org/webconfig.txt.php?z3=a3VPWEJ0LnBocA%3d%3d&z4=Lw%3d%3d
Attempts: 77 - Request URL: www.lavatransforms.org/administrator/webconfig.txt.php?z3=a3VPWEJ0LnBocA%3d%3d&z4=L2FkbWluaXN0cmF0b3Iv
Attempts: 78 - Request URL: www.lavatransforms.org/administrator/webconfig.txt.php?z3=a3VPWEJ0LnBocA%3d%3d&z4=L2FkbWluaXN0cmF0b3Iv
Attempts: 79 - Request URL: www.lavatransforms.org/cache/cachee.php?z3=a3VPWEJ0LnBocA%3d%3d&z4=L2NhY2hlLw%3d%3d
Attempts: 80 - Request URL: www.lavatransforms.org/cache/cachee.php?z3=a3VPWEJ0LnBocA%3d%3d&z4=L2NhY2hlLw%3d%3d
Attempts: 81 - Request URL: www.lavatransforms.org/thumb.php?z3=a3VPWEJ0LnBocA%3d%3d&z4=Lw%3d%3d
Attempts: 82 - Request URL: www.lavatransforms.org/thumb.php?z3=a3VPWEJ0LnBocA%3d%3d&z4=Lw%3d%3d
Attempts: 83 - Request URL: www.lavatransforms.org/administrator/dbconfig.php?z3=a3VPWEJ0LnBocA%3d%3d&z4=L2FkbWluaXN0cmF0b3Iv
Attempts: 84 - Request URL: www.lavatransforms.org/administrator/dbconfig.php?z3=a3VPWEJ0LnBocA%3d%3d&z4=L2FkbWluaXN0cmF0b3Iv
Attempts: 85 - Request URL: www.lavatransforms.org/administrator/administrator.php?z3=a3VPWEJ0LnBocA%3d%3d&z4=L2FkbWluaXN0cmF0b3Iv
Attempts: 86 - Request URL: www.lavatransforms.org/administrator/administrator.php?z3=a3VPWEJ0LnBocA%3d%3d&z4=L2FkbWluaXN0cmF0b3Iv
Attempts: 87 - Request URL: www.lavatransforms.org/SessionController.php?z3=a3VPWEJ0LnBocA%3d%3d&z4=Lw%3d%3d
Attempts: 88 - Request URL: www.lavatransforms.org/SessionController.php?z3=a3VPWEJ0LnBocA%3d%3d&z4=Lw%3d%3d
Attempts: 89 - Request URL: www.lavatransforms.org/maill.php?z3=a3VPWEJ0LnBocA%3d%3d&z4=Lw%3d%3d
Attempts: 90 - Request URL: www.lavatransforms.org/maill.php?z3=a3VPWEJ0LnBocA%3d%3d&z4=Lw%3d%3d
Attempts: 91 - Request URL: www.lavatransforms.org/webconfig.txt.php.suspected?z3=a3VPWEJ0LnBocA%3d%3d&z4=Lw%3d%3d
Attempts: 92 - Request URL: www.lavatransforms.org/webconfig.txt.php.suspected?z3=a3VPWEJ0LnBocA%3d%3d&z4=Lw%3d%3d
Attempts: 93 - Request URL: www.lavatransforms.org/error-log.php?z3=a3VPWEJ0LnBocA%3d%3d&z4=Lw%3d%3d
Attempts: 94 - Request URL: www.lavatransforms.org/error-log.php?z3=a3VPWEJ0LnBocA%3d%3d&z4=Lw%3d%3d
Attempts: 95 - Request URL: www.lavatransforms.org/authenticating.php?z3=a3VPWEJ0LnBocA%3d%3d&z4=Lw%3d%3d
Attempts: 96 - Request URL: www.lavatransforms.org/authenticating.php?z3=a3VPWEJ0LnBocA%3d%3d&z4=Lw%3d%3d
Attempts: 97 - Request URL: www.lavatransforms.org/google-assist.php?z3=a3VPWEJ0LnBocA%3d%3d&z4=Lw%3d%3d
Attempts: 98 - Request URL: www.lavatransforms.org/google-assist.php?z3=a3VPWEJ0LnBocA%3d%3d&z4=Lw%3d%3d
Attempts: 99 - Request URL: www.lavatransforms.org/images/google-assist.php?z3=a3VPWEJ0LnBocA%3d%3d&z4=L2ltYWdlcy8%3d
Attempts: more than 99 - Request URL: www.lavatransforms.org/images/google-assist.php?z3=a3VPWEJ0LnBocA%3d%3d&z4=L2ltYWdlcy8%3d
