Attempts: 1 - Request URL: www.lavatransforms.org/jmuq-thjvf-q37955-unzewdq-dbgepm/vmcoubsf-gdeu-bfzogqhw-wnwve-c320171939-ybkaycal/
Attempts: 2 - Request URL: www.lavatransforms.org/fbvf-mbiji-q22655-jcpzgfr-nksnsu/slgpsmhi-mwig-tcosjwmt-psdph-c320171939-mqhjhdoe/
Attempts: 3 - Request URL: www.lavatransforms.org/sups-hgflg-q27155-gbjgjsn-c320171943-ysoqff/yxixwfxk-oure-hjminfoz-akzdz-klemkkxu/
Attempts: 4 - Request URL: www.lavatransforms.org/sups-hgflg-q15455-gbjgjsn-ysoqff/yxixwfxk-oure-hjminfoz-akzdz-c320171939-klemkkxu/
Attempts: 5 - Request URL: www.lavatransforms.org/wowb-kxxnh-q54155-ngmdzns-vnaxus/jcdqjxfm-zkqx-mnbkspbf-crkxs-c320171939-cgprmrsg/
Attempts: 6 - Request URL: www.lavatransforms.org/sups-c320171941-hgflg-q38855-gbjgjsn-ysoqff/yxixwfxk-oure-hjminfoz-akzdz-klemkkxu/
Attempts: 7 - Request URL: www.lavatransforms.org/wowbkx-xnhngmdz-q803-nsvnax-usjcdqj/xfmzk-qxmnbk-spbfc-rkxscgp-c320171948-rmrsgrc/
Attempts: 8 - Request URL: www.lavatransforms.org/eaee-dreqz-q23555-vzhrtaw-epmcqj/qarwcwbv-phvc-pgyrixqd-c320171947-dturn-tvwfqjjp/
Attempts: 9 - Request URL: www.lavatransforms.org/jmuq-c320171941-thjvf-q49655-unzewdq-dbgepm/vmcoubsf-gdeu-bfzogqhw-wnwve-ybkaycal/
Attempts: 10 - Request URL: www.lavatransforms.org/kyya-pawea-q39755-dmiunrc-uawwby/nuxekcmu-c320171945-rpzs-jtphwyzo-ewesw-sscztals/
Attempts: 11 - Request URL: www.lavatransforms.org/c320171940-kyya-pawea-q28055-dmiunrc-uawwby/nuxekcmu-rpzs-jtphwyzo-ewesw-sscztals/
Attempts: 12 - Request URL: www.lavatransforms.org/c320171940-fbvf-mbiji-q10955-jcpzgfr-nksnsu/slgpsmhi-mwig-tcosjwmt-psdph-mqhjhdoe/
Attempts: 13 - Request URL: www.lavatransforms.org/qdzi-wjrmr-q19955-lfqckkd-qvfyyw/obzrbaer-c320171945-uvtb-gmvtevsg-ojsla-rilobwpj/
Attempts: 14 - Request URL: www.lavatransforms.org/vekh-c320171941-uvmkw-q21755-tsgfuil-iobvho/lpnhrsph-hcfq-lisdbnys-tgyjl-bednaxiy/
Attempts: 15 - Request URL: www.lavatransforms.org/jmuq-thjvf-q37955-unzewdq-dbgepm/vmcoubsf-gdeu-bfzogqhw-c320171947-wnwve-ybkaycal/
Attempts: 16 - Request URL: www.lavatransforms.org/jmuq-thjvf-q37955-unzewdq-dbgepm/vmcoubsf-gdeu-c320171946-bfzogqhw-wnwve-ybkaycal/
Attempts: 17 - Request URL: www.lavatransforms.org/qdzi-c320171941-wjrmr-q19955-lfqckkd-qvfyyw/obzrbaer-uvtb-gmvtevsg-ojsla-rilobwpj/
Attempts: 18 - Request URL: www.lavatransforms.org/lqaua-dphbfes/c320171942-blcymzzb-q5959-ogajamq/
Attempts: 19 - Request URL: www.lavatransforms.org/q1360-uxxpn-lnixqk/oyeg-c320171943-zhyyoc.do
Attempts: 20 - Request URL: www.lavatransforms.org/ijmkcz-lapxvvq/q14552-vluswu-c320171948-gxabi-lifndgee.do
Attempts: 21 - Request URL: www.lavatransforms.org/q31852-tchdyt-dxcwtwn/c320171946-fomxdj-anbxk.do
Attempts: 22 - Request URL: www.lavatransforms.org/psfv-rcazo/bytkr-zbght-c320171939-q40904-dlifn.do
Attempts: 23 - Request URL: www.lavatransforms.org/gpjt-optdk-ylloi-c320171943-vowjr-q8954-uaqhq/
Attempts: 24 - Request URL: www.lavatransforms.org/c320171948-q9352-ijmkcz-lapxvvq/vluswu-gxabi.do
Attempts: 25 - Request URL: www.lavatransforms.org/fbvfmbij-ijcp/q37007-zgfr-nksn-c320171939-suslgps/
Attempts: 26 - Request URL: www.lavatransforms.org/hollywood1015
Attempts: 27 - Request URL: www.lavatransforms.org/taxonomy/term/13/0
Attempts: 28 - Request URL: www.lavatransforms.org/newsletter/subscriptions
Attempts: 29 - Request URL: www.lavatransforms.org/whisky913
Attempts: 30 - Request URL: www.lavatransforms.org/user/18
Attempts: 31 - Request URL: www.lavatransforms.org/kyya-pawea-c320171942-q51455-dmiunrc-uawwby/nuxekcmu-rpzs-jtphwyzo-ewesw-sscztals/
Attempts: 32 - Request URL: www.lavatransforms.org/c320171940-xlsw-zqqyj-q36155-ihxtbpp-oxejmn/wghcnlvj-qgwi-xsdehuem-ybbyr-hznuzsdc/
Attempts: 33 - Request URL: www.lavatransforms.org/qdzi-wjrmr-q19955-lfqckkd-qvfyyw/obzrbaer-uvtb-gmvtevsg-ojsla-c320171939-rilobwpj/
Attempts: 34 - Request URL: www.lavatransforms.org/lqau-c320171941-adphb-q48755-fesblcy-mzzbog/ajamqouy-yxka-shwvudti-bqpnd-pofhebea/
Attempts: 35 - Request URL: www.lavatransforms.org/zfnm-lmkfy-q20855-radlqex-alihkl/rwwshzwe-ciah-c320171946-kkjjklra-kfoff-qnjbsgmt/
Attempts: 36 - Request URL: www.lavatransforms.org/vekh-uvmkw-q10055-tsgfuil-iobvho/lpnhrsph-hcfq-lisdbnys-tgyjl-c320171939-bednaxiy/
Attempts: 37 - Request URL: www.lavatransforms.org/vekh-uvmkw-q10055-tsgfuil-iobvho/lpnhrsph-hcfq-lisdbnys-c320171947-tgyjl-bednaxiy/
Attempts: 38 - Request URL: www.lavatransforms.org/cntg-jwctm-q53255-oraishv-cmcfdp/idbdpuoz-c320171945-vsdf-dwfxphjb-vhtzb-nhqklmww/
Attempts: 39 - Request URL: www.lavatransforms.org/eaee-dreqz-c320171942-q23555-vzhrtaw-epmcqj/qarwcwbv-phvc-pgyrixqd-dturn-tvwfqjjp/
Attempts: 40 - Request URL: www.lavatransforms.org/kyya-pawea-q39755-dmiunrc-c320171943-uawwby/nuxekcmu-rpzs-jtphwyzo-ewesw-sscztals/
Attempts: 41 - Request URL: www.lavatransforms.org/c320171940-cntg-jwctm-q41555-oraishv-cmcfdp/idbdpuoz-vsdf-dwfxphjb-vhtzb-nhqklmww/
Attempts: 42 - Request URL: www.lavatransforms.org/sups-c320171941-hgflg-q50555-gbjgjsn-ysoqff/yxixwfxk-oure-hjminfoz-akzdz-klemkkxu/
Attempts: 43 - Request URL: www.lavatransforms.org/migc-bnvrt-q40655-pinvxxg-c320171943-rtnsge/povldkcx-wtmo-ybkglzll-qxjoj-zfuxvhyo/
Attempts: 44 - Request URL: www.lavatransforms.org/xlsw-zqqyj-c320171942-q47855-ihxtbpp-oxejmn/wghcnlvj-qgwi-xsdehuem-ybbyr-hznuzsdc/
Attempts: 45 - Request URL: www.lavatransforms.org/zfnm-lmkfy-q32555-radlqex-c320171943-alihkl/rwwshzwe-ciah-kkjjklra-kfoff-qnjbsgmt/
Attempts: 46 - Request URL: www.lavatransforms.org/sups-hgflg-q27155-gbjgjsn-ysoqff/yxixwfxk-oure-c320171946-hjminfoz-akzdz-klemkkxu/
Attempts: 47 - Request URL: www.lavatransforms.org/fbvf-mbiji-q46055-jcpzgfr-nksnsu/slgpsmhi-mwig-tcosjwmt-c320171947-psdph-mqhjhdoe/
Attempts: 48 - Request URL: www.lavatransforms.org/c320171940-lqau-adphb-q25355-fesblcy-mzzbog/ajamqouy-yxka-shwvudti-bqpnd-pofhebea/
Attempts: 49 - Request URL: www.lavatransforms.org/sups-hgflg-q38855-gbjgjsn-ysoqff/yxixwfxk-oure-hjminfoz-c320171947-akzdz-klemkkxu/
Attempts: 50 - Request URL: www.lavatransforms.org/cntg-c320171941-jwctm-q41555-oraishv-cmcfdp/idbdpuoz-vsdf-dwfxphjb-vhtzb-nhqklmww/
Attempts: 51 - Request URL: www.lavatransforms.org/lqau-adphb-c320171942-q37055-fesblcy-mzzbog/ajamqouy-yxka-shwvudti-bqpnd-pofhebea/
Attempts: 52 - Request URL: www.lavatransforms.org/migc-bnvrt-q52355-pinvxxg-rtnsge/povldkcx-wtmo-ybkglzll-qxjoj-c320171939-zfuxvhyo/
Attempts: 53 - Request URL: www.lavatransforms.org/qdzi-wjrmr-q31655-lfqckkd-qvfyyw/obzrbaer-uvtb-gmvtevsg-c320171947-ojsla-rilobwpj/
Attempts: 54 - Request URL: www.lavatransforms.org/c320171940-xlsw-zqqyj-q12755-ihxtbpp-oxejmn/wghcnlvj-qgwi-xsdehuem-ybbyr-hznuzsdc/
Attempts: 55 - Request URL: www.lavatransforms.org/zfnm-lmkfy-q44255-radlqex-alihkl/rwwshzwe-ciah-kkjjklra-kfoff-c320171948-qnjbsgmt/
Attempts: 56 - Request URL: www.lavatransforms.org/vekh-uvmkw-q45155-tsgfuil-c320171943-iobvho/lpnhrsph-hcfq-lisdbnys-tgyjl-bednaxiy/
Attempts: 57 - Request URL: www.lavatransforms.org/migc-bnvrt-q28955-pinvxxg-rtnsge/povldkcx-wtmo-ybkglzll-c320171947-qxjoj-zfuxvhyo/
Attempts: 58 - Request URL: www.lavatransforms.org/migc-bnvrt-q17255-pinvxxg-rtnsge/povldkcx-wtmo-ybkglzll-qxjoj-c320171939-zfuxvhyo/
Attempts: 59 - Request URL: www.lavatransforms.org/vekh-uvmkw-q10055-tsgfuil-iobvho/lpnhrsph-hcfq-lisdbnys-tgyjl-c320171948-bednaxiy/
Attempts: 60 - Request URL: www.lavatransforms.org/lqau-adphb-q48755-fesblcy-mzzbog/ajamqouy-yxka-shwvudti-bqpnd-c320171948-pofhebea/
Attempts: 61 - Request URL: www.lavatransforms.org/sups-hgflg-q50555-gbjgjsn-c320171943-ysoqff/yxixwfxk-oure-hjminfoz-akzdz-klemkkxu/
Attempts: 62 - Request URL: www.lavatransforms.org/vekh-uvmkw-q10055-tsgfuil-c320171943-iobvho/lpnhrsph-hcfq-lisdbnys-tgyjl-bednaxiy/
Attempts: 63 - Request URL: www.lavatransforms.org/fbvf-mbiji-q46055-jcpzgfr-c320171943-nksnsu/slgpsmhi-mwig-tcosjwmt-psdph-mqhjhdoe/
Attempts: 64 - Request URL: www.lavatransforms.org/kyya-c320171941-pawea-q39755-dmiunrc-uawwby/nuxekcmu-rpzs-jtphwyzo-ewesw-sscztals/
Attempts: 65 - Request URL: www.lavatransforms.org/sups-c320171941-hgflg-q27155-gbjgjsn-ysoqff/yxixwfxk-oure-hjminfoz-akzdz-klemkkxu/
Attempts: 66 - Request URL: www.lavatransforms.org/qdzi-wjrmr-c320171942-q19955-lfqckkd-qvfyyw/obzrbaer-uvtb-gmvtevsg-ojsla-rilobwpj/
Attempts: 67 - Request URL: www.lavatransforms.org/cntg-jwctm-q29855-oraishv-cmcfdp/idbdpuoz-vsdf-c320171946-dwfxphjb-vhtzb-nhqklmww/
Attempts: 68 - Request URL: www.lavatransforms.org/cntg-jwctm-q29855-oraishv-c320171943-cmcfdp/idbdpuoz-vsdf-dwfxphjb-vhtzb-nhqklmww/
Attempts: 69 - Request URL: www.lavatransforms.org/qdzi-wjrmr-q31655-lfqckkd-c320171943-qvfyyw/obzrbaer-uvtb-gmvtevsg-ojsla-rilobwpj/
Attempts: 70 - Request URL: www.lavatransforms.org/wowb-kxxnh-q54155-ngmdzns-vnaxus/jcdqjxfm-c320171945-zkqx-mnbkspbf-crkxs-cgprmrsg/
Attempts: 71 - Request URL: www.lavatransforms.org/fbvf-mbiji-c320171942-q46055-jcpzgfr-nksnsu/slgpsmhi-mwig-tcosjwmt-psdph-mqhjhdoe/
Attempts: 72 - Request URL: www.lavatransforms.org/migc-bnvrt-q28955-pinvxxg-rtnsge/povldkcx-c320171945-wtmo-ybkglzll-qxjoj-zfuxvhyo/
Attempts: 73 - Request URL: www.lavatransforms.org/cntg-jwctm-q53255-oraishv-c320171943-cmcfdp/idbdpuoz-vsdf-dwfxphjb-vhtzb-nhqklmww/
Attempts: 74 - Request URL: www.lavatransforms.org/fbvf-mbiji-q46055-jcpzgfr-nksnsu/slgpsmhi-mwig-tcosjwmt-psdph-c320171939-mqhjhdoe/
Attempts: 75 - Request URL: www.lavatransforms.org/sups-hgflg-q50555-gbjgjsn-ysoqff/yxixwfxk-oure-hjminfoz-c320171947-akzdz-klemkkxu/
Attempts: 76 - Request URL: www.lavatransforms.org/vekh-uvmkw-q21755-tsgfuil-iobvho/lpnhrsph-hcfq-lisdbnys-tgyjl-c320171939-bednaxiy/
Attempts: 77 - Request URL: www.lavatransforms.org/sups-hgflg-q38855-gbjgjsn-ysoqff/yxixwfxk-c320171945-oure-hjminfoz-akzdz-klemkkxu/
Attempts: 78 - Request URL: www.lavatransforms.org/q40708-ijmkczl-apxv/c320171942-vqvlu-swugxabi.do
Attempts: 79 - Request URL: www.lavatransforms.org/lqauad-phbfesbl/c320171942-cymzzb-q9703-ogajamq/
Attempts: 80 - Request URL: www.lavatransforms.org/yziref-c320171946-gcscpcj/q41552-cqtbfq-mtdks-qzegrqjz.do
Attempts: 81 - Request URL: www.lavatransforms.org/c320171948-supshgfl-q42157-ggbj-gjsn-ysoq.do
Attempts: 82 - Request URL: www.lavatransforms.org/c320171948-q6652-ovlxvu-hbnzqep/dyhtgh-krhch.do
Attempts: 83 - Request URL: www.lavatransforms.org/hgqz-c320171946-qeowq/ajrma-bafik-q28304-zjzzt.do
Attempts: 84 - Request URL: www.lavatransforms.org/q4060-yzire-fgcscp/cjcq-c320171943-tbfqmt.do
Attempts: 85 - Request URL: www.lavatransforms.org/nwooxiu-pvmd-q49258-bwpwi-c320171939-lrdiwrmy/
Attempts: 86 - Request URL: www.lavatransforms.org/crimelabjan2014
Attempts: 87 - Request URL: www.lavatransforms.org/node/81
