Attempts: 1 - Request URL: www.lavatransforms.org/nfpdl33319.txt
Attempts: 2 - Request URL: www.lavatransforms.org/plus/mytag_js.php
Attempts: 3 - Request URL: www.lavatransforms.org/FCKeditor/editor/filemanager/connectors/aspx/connector.aspx
Attempts: 4 - Request URL: www.lavatransforms.org/FCKeditor/editor/filemanager/browser/default/connectors/aspx/connector.aspx
Attempts: 5 - Request URL: www.lavatransforms.org/FCKeditor/editor/filemanager/connectors/php/connector.php
Attempts: 6 - Request URL: www.lavatransforms.org/FCKeditor/editor/filemanager/browser/default/connectors/php/connector.php
Attempts: 7 - Request URL: www.lavatransforms.org/FCKeditor/editor/filemanager/browser/default/connectors/asp/connector.asp
Attempts: 8 - Request URL: www.lavatransforms.org/FCKeditor/editor/filemanager/connectors/asp/connector.asp
Attempts: 9 - Request URL: www.lavatransforms.org/admin/FCKeditor/editor/filemanager/connectors/aspx/connector.aspx
Attempts: 10 - Request URL: www.lavatransforms.org/admin/FCKeditor/editor/filemanager/browser/default/connectors/aspx/connector.aspx
Attempts: 11 - Request URL: www.lavatransforms.org/admin/FCKeditor/editor/filemanager/connectors/php/connector.php
Attempts: 12 - Request URL: www.lavatransforms.org/admin/FCKeditor/editor/filemanager/browser/default/connectors/php/connector.php
Attempts: 13 - Request URL: www.lavatransforms.org/admin/FCKeditor/editor/filemanager/browser/default/connectors/asp/connector.asp
Attempts: 14 - Request URL: www.lavatransforms.org/admin/FCKeditor/editor/filemanager/connectors/asp/connector.asp
Attempts: 15 - Request URL: www.lavatransforms.org/editor/editor/filemanager/connectors/aspx/connector.aspx
Attempts: 16 - Request URL: www.lavatransforms.org/editor/editor/filemanager/browser/default/connectors/aspx/connector.aspx
Attempts: 17 - Request URL: www.lavatransforms.org/editor/editor/filemanager/connectors/php/connector.php
Attempts: 18 - Request URL: www.lavatransforms.org/editor/editor/filemanager/browser/default/connectors/php/connector.php
Attempts: 19 - Request URL: www.lavatransforms.org/editor/editor/filemanager/browser/default/connectors/asp/connector.asp
Attempts: 20 - Request URL: www.lavatransforms.org/editor/editor/filemanager/connectors/asp/connector.asp
