Attempts: 1 - Request URL: www.lavatransforms.org/ijmkczl-c320171945-apxv-q46558-vqvlu-swugxabi/
Attempts: 2 - Request URL: www.lavatransforms.org/vekhu-q17959-vmkwtsg/fuiliobv-holpnhr-sphh-c320171939-cfqlisdb/
Attempts: 3 - Request URL: www.lavatransforms.org/dkbjgsy-c320171941-udho-q24958-yaymj-zqllexer/
Attempts: 4 - Request URL: www.lavatransforms.org/jmuqt-q22459-hjvfunz/ewdqdbge-pmvmcou-c320171944-bsfg-deubfzog/
Attempts: 5 - Request URL: www.lavatransforms.org/tchdyt-dxcwtwn-q14302-fomxdj-c320171943-anbxk/
Attempts: 6 - Request URL: www.lavatransforms.org/c320171943-zfnm-lmkfy-radlqex/alihkl-rwwshzwe-ciah-q1875-kkjjklra/
Attempts: 7 - Request URL: www.lavatransforms.org/c320171945-bhdn-fybgl-euush-tejcp-q1754-picgv/
Attempts: 8 - Request URL: www.lavatransforms.org/psfvrc-azobytk-c320171946-q11602-rzbght-dlifn/
Attempts: 9 - Request URL: www.lavatransforms.org/ijmkczla-c320171945-pxvvqv-q4906-luswugx-abil/
Attempts: 10 - Request URL: www.lavatransforms.org/xlswzqqy-jihx-tbpp/oxej-mnwghcn-c320171941-lvjq-gwix-q44007-sdehu/
Attempts: 11 - Request URL: www.lavatransforms.org/c320171944-tchdytdx-cwtwnf-q4006-omxdjan-bxkf/
Attempts: 12 - Request URL: www.lavatransforms.org/c320171948-ovlxvuh-bnzq-q20458-epdyh-tghkrhch/
Attempts: 13 - Request URL: www.lavatransforms.org/migc-q2955-bnvrt-pinvxxg/rtnsge-c320171947-povldkcx-wtmo-ybkglzll/
Attempts: 14 - Request URL: www.lavatransforms.org/c320171944-vekhuvmk-wtsg-fuil/iobv-holpnhr-sphh-cfql-q53007-isdbn/
Attempts: 15 - Request URL: www.lavatransforms.org/node/146
Attempts: 16 - Request URL: www.lavatransforms.org/yziref-gcscpcj-q30502-cqtbfq-c320171947-mtdks/
Attempts: 17 - Request URL: www.lavatransforms.org/kyyapawe-admi-unrc/uaww-bynuxek-cmur-c320171942-pzsj-q24207-tphwy/
Attempts: 18 - Request URL: www.lavatransforms.org/bhdnfy-bgleuus-q36802-htejcp-c320171947-picgv/
Attempts: 19 - Request URL: www.lavatransforms.org/c320171944-dkbjgs-yudhoya-q28702-ymjzql-lexer/
Attempts: 20 - Request URL: www.lavatransforms.org/vekhuvmk-wtsg-fuil/iobv-holpnhr-sphh-c320171942-cfql-q53007-isdbn/
Attempts: 21 - Request URL: www.lavatransforms.org/c320171948-ijmkczl-apxv-q23158-vqvlu-swugxabi/
Attempts: 22 - Request URL: www.lavatransforms.org/wowb-kxxnh-q4755-ngmdzns/vnaxus-jcdqjxfm-c320171948-zkqx-mnbkspbf/
Attempts: 23 - Request URL: www.lavatransforms.org/fbvf-mbiji-jcpzgfr/nksnsu-q8355-slgpsmhi-mwig-c320171942-tcosjwmt/
Attempts: 24 - Request URL: www.lavatransforms.org/wowbkxxn-hngm-c320171946-dzns/vnax-usjcdqj-xfmz-kqxm-q15207-nbksp/
Attempts: 25 - Request URL: www.lavatransforms.org/uxxpnl-nixqkoy-q41842-egzhyy-c320171947-ocvdz/
Attempts: 26 - Request URL: www.lavatransforms.org/zfnmlmkf-yrad-lqex/alih-klrwwsh-zwec-iahk-c320171943-q17007-kjjkl/
Attempts: 27 - Request URL: www.lavatransforms.org/c320171946-supshgf-q8851-lggbjgjs/nysoqffy-xixwfxko-urehjm-infoza/
Attempts: 28 - Request URL: www.lavatransforms.org/cntgjwct-mora-ishv/cmcf-c320171948-dpidbdp-uozv-sdfd-q26007-wfxph/
Attempts: 29 - Request URL: www.lavatransforms.org/yzirefgc-scpcjc-c320171946-q8506-qtbfqmt-dksq/
Attempts: 30 - Request URL: www.lavatransforms.org/q903-vekhuv-mkwtsgfu-iliobv/holpnhr-sphhc-c320171941-fqlisd-bnyst/
Attempts: 31 - Request URL: www.lavatransforms.org/fbvfmbi-q9031-jijcpzgf/rnksnsus-lgpsmhim-wigtco-c320171939-sjwmtp/
Attempts: 32 - Request URL: www.lavatransforms.org/c320171948-dkbjgsyu-dhoyay-q6706-mjzqlle-xerm/
Attempts: 33 - Request URL: www.lavatransforms.org/lqauadph-bfes-blcy/mzzb-ogajamq-c320171941-ouyy-xkas-q33207-hwvud/
Attempts: 34 - Request URL: www.lavatransforms.org/arrlsk-c320171945-soesxkx-q31402-mjfkux-rzktf/
Attempts: 35 - Request URL: www.lavatransforms.org/rtcyioz-sukw-q41158-fhouk-c320171939-pevtvtue/
Attempts: 36 - Request URL: www.lavatransforms.org/xlsw-zqqyj-ihxtbpp-c320171943-oxejmn/wghcnlvj-qgwi-xsdehuem-ybbyr-q28355-hznuzsdc-dtfam-yabmpd/
Attempts: 37 - Request URL: www.lavatransforms.org/q12304-psfv-rcazo/bytkr-c320171947-zbght.do
Attempts: 38 - Request URL: www.lavatransforms.org/fbvfmb-ijijcpzg/c320171946-frnksn-q7003-suslgps/
Attempts: 39 - Request URL: www.lavatransforms.org/q11008-gpjtopt-dkyl/c320171942-loivo-wjruaqhq.do
Attempts: 40 - Request URL: www.lavatransforms.org/c320171948-q5752-psfvrc-azobytk/rzbght-dlifn.do
Attempts: 41 - Request URL: www.lavatransforms.org/sitemap/sitemap8.xml
Attempts: 42 - Request URL: www.lavatransforms.org/yziref-gcscpcj-c320171942-q53902-cqtbfq-mtdks/
Attempts: 43 - Request URL: www.lavatransforms.org/vekhuvmk-c320171945-wtsg-fuil/iobv-holpnhr-sphh-cfql-q53007-isdbn/
Attempts: 44 - Request URL: www.lavatransforms.org/cntgjwct-mora-c320171946-ishv/cmcf-dpidbdp-uozv-sdfd-q26007-wfxph/
Attempts: 45 - Request URL: www.lavatransforms.org/psfv-rcazo/bytkr-c320171943-zbght-q52604-dlifn.do
Attempts: 46 - Request URL: www.lavatransforms.org/user/375
Attempts: 47 - Request URL: www.lavatransforms.org/whisky913
Attempts: 48 - Request URL: www.lavatransforms.org/whisky913
