Attempts: 1 - Request URL: www.lavatransforms.org/whisky913
Attempts: 2 - Request URL: www.lavatransforms.org/salon914
Attempts: 3 - Request URL: www.lavatransforms.org/yzire-c320171941-fgcscp-q21610-cjcq-tbfqmt/
Attempts: 4 - Request URL: www.lavatransforms.org/eaeedr-eqzvzhrt/awepmc-q48203-qjqarwc-c320171939-wbvph/
Attempts: 5 - Request URL: www.lavatransforms.org/xlswzq-qyjihxtb-ppoxej/mnwghcn-c320171940-lvjqg-wixsde-huemy-q54303-bbyrhzn/
Attempts: 6 - Request URL: www.lavatransforms.org/qdziwj-rmrlfqck/kdqvfy-q44603-ywobzrb-c320171939-aeruv/
Attempts: 7 - Request URL: www.lavatransforms.org/supshgfl-q40207-ggbj/gjsn-ysoq-ffyxixw-c320171945-fxko/
Attempts: 8 - Request URL: www.lavatransforms.org/xlswzqqy-jihx-tbpp-oxej/mnwghcn-lvjq-gwix-c320171947-q24507-sdehu-emyb-byrhznu/
Attempts: 9 - Request URL: www.lavatransforms.org/sitemap/sitemap6.xml
Attempts: 10 - Request URL: www.lavatransforms.org/cntgjwc-c320171941-q39501-tmoraish-vcmcfdpi-dbdpuozv-sdfdwf-xphjbv-htzbnh-qklmww-nypt-ftuxuxxn.do
Attempts: 11 - Request URL: www.lavatransforms.org/yzire-fgcscp-cjcq-tbfqmt/dksq-zegrqjzl-q28760-vilum-recumc-c320171948-fqiey-vwjvukhs-gbaic.do
Attempts: 12 - Request URL: www.lavatransforms.org/lowelldarling
Attempts: 13 - Request URL: www.lavatransforms.org/roarshack313
Attempts: 14 - Request URL: www.lavatransforms.org/lqau-q20155-adphb/fesblcy-c320171943-mzzbog-ajamqouy-yxka/
Attempts: 15 - Request URL: www.lavatransforms.org/qdzi-c320171941-q49855-wjrmr/lfqckkd-qvfyyw-obzrbaer-uvtb/
Attempts: 16 - Request URL: www.lavatransforms.org/c320171940-arrlsks-oesx-q4258-kxmjf-kuxrzktf/
Attempts: 17 - Request URL: www.lavatransforms.org/jmuq-c320171941-q21055-thjvf/unzewdq-dbgepm-vmcoubsf-gdeu/
Attempts: 18 - Request URL: www.lavatransforms.org/sups-q33655-hgflg/gbjgjsn-ysoqff-c320171944-yxixwfxk-oure/
Attempts: 19 - Request URL: www.lavatransforms.org/arrlsks-oesx-q4258-kxmjf-c320171947-kuxrzktf/
Attempts: 20 - Request URL: www.lavatransforms.org/category/lava-vocabulary/talks/user/register
Attempts: 21 - Request URL: www.lavatransforms.org/category/lava-vocabulary/talks/page/2/user/login
Attempts: 22 - Request URL: www.lavatransforms.org/wowbkxx-nhngmdzn-svnaxusj-cdqjxfmz/kqxmnb-kspbfc-q9851-rkxscg-c320171947-prmrsg-rcsp-zjbqbceb-wjvnb/
Attempts: 23 - Request URL: www.lavatransforms.org/q43460-nwoox-iupvmd/bwpw-ilrdiw-c320171939-rmye.do
Attempts: 24 - Request URL: www.lavatransforms.org/lavasalonhammett
Attempts: 25 - Request URL: www.lavatransforms.org/sitemap/sitemap4.xml
