Attempts: 1 - Request URL: www.lavatransforms.org/event/the-real-black-dahlia-crime-bus-tour-5/feed/
Attempts: 2 - Request URL: www.lavatransforms.org/event/the-real-black-dahlia-crime-bus-tour-2/feed/
Attempts: 3 - Request URL: www.lavatransforms.org/event/pasadena-confidential-tour/feed/
Attempts: 4 - Request URL: www.lavatransforms.org/event/halloweenhorrors2015/feed/
Attempts: 5 - Request URL: www.lavatransforms.org/event/haunts-of-a-dirty-old-man-charles-bukowskis-los-angeles-tour/feed/
Attempts: 6 - Request URL: www.lavatransforms.org/event/hobo-graffiti-river/feed/
Attempts: 7 - Request URL: www.lavatransforms.org/event/crimelabjanuary2017/feed/
Attempts: 8 - Request URL: www.lavatransforms.org/category/nature/feed/user/register
Attempts: 9 - Request URL: www.lavatransforms.org/event/weird-west-adams-crime-bus-tour/feed/
Attempts: 10 - Request URL: www.lavatransforms.org/2013/09/24/dorothy-parker-book-release-cocktail-party/nydistilling.com
Attempts: 11 - Request URL: www.lavatransforms.org/event/weird-west-adams-crime-bus-tour-4/feed/
Attempts: 12 - Request URL: www.lavatransforms.org/category/lava-vocabulary/poetry/user/register
Attempts: 13 - Request URL: www.lavatransforms.org/event/talk-and-book-signing-in-conversation-with-liz-goldwyn/feed/
Attempts: 14 - Request URL: www.lavatransforms.org/event/hotel-horrors-main-street-vice-tour/feed/
Attempts: 15 - Request URL: www.lavatransforms.org/event/the-lowdown-on-downtown-tour-2/feed/
Attempts: 16 - Request URL: www.lavatransforms.org/event/scrapsteel6/feed/
Attempts: 17 - Request URL: www.lavatransforms.org/user/12
Attempts: 18 - Request URL: www.lavatransforms.org/category/forensic-science-seminar/page/3/newsletter/subscriptions
Attempts: 19 - Request URL: www.lavatransforms.org/category/lava-vocabulary/free/page/8/nydistilling.com
Attempts: 20 - Request URL: www.lavatransforms.org/event/m-fundraiser-angelsflight/feed/
Attempts: 21 - Request URL: www.lavatransforms.org/2012/01/27/the-lava-salon-at-musso-frank-down-these-mean-streets-raymond-chandlers-underworld/
Attempts: 22 - Request URL: www.lavatransforms.org/event/raymond-chandlers-los-angeles-saturday-july-30th/feed/
