Attempts: 1 - Request URL: www.lavatransforms.org/flaneur-broadway-feb2013
Attempts: 2 - Request URL: www.lavatransforms.org/johniesdemo2007-2/
Attempts: 3 - Request URL: www.lavatransforms.org/video-category/uncategorized/ArchersBooks.com
Attempts: 4 - Request URL: www.lavatransforms.org/category/lava-vocabulary/nature/user/login
Attempts: 5 - Request URL: www.lavatransforms.org/category/lava-vocabulary/tours/page/15/southwestmuseum2013
Attempts: 6 - Request URL: www.lavatransforms.org/category/lava-vocabulary/talks/page/10/subscribe
Attempts: 7 - Request URL: www.lavatransforms.org/2013/01/30/tour-is-full-tour-of-judson-glass-studios/southwestmuseum2013
Attempts: 8 - Request URL: www.lavatransforms.org/category/history/page/2/user/register
Attempts: 9 - Request URL: www.lavatransforms.org/category/history/page/40/cityscapes
Attempts: 10 - Request URL: www.lavatransforms.org/category/lava-vocabulary/history/page/2/user/register
Attempts: 11 - Request URL: www.lavatransforms.org/harveys1958/
Attempts: 12 - Request URL: www.lavatransforms.org/category/lava-exclusives/page/15/signups
Attempts: 13 - Request URL: www.lavatransforms.org/category/free/page/11/southwestmuseum2013
Attempts: 14 - Request URL: www.lavatransforms.org/event/the-real-black-dahlia-april-17-2016/feed/
Attempts: 15 - Request URL: www.lavatransforms.org/event/weird-west-adams-crime-bus-tour-2/feed/
Attempts: 16 - Request URL: www.lavatransforms.org/event/south-l-a-road-trip-hot-rods-adobes-googie-early-modernism-august-2016/feed/
Attempts: 17 - Request URL: www.lavatransforms.org/event/crawling-down-cahuenga-tom-waits-l-a-tour/feed/
Attempts: 18 - Request URL: www.lavatransforms.org/category/lava-vocabulary/talks/user/login
Attempts: 19 - Request URL: www.lavatransforms.org/category/lava-exclusives/page/8/salon213
Attempts: 20 - Request URL: www.lavatransforms.org/user/45
Attempts: 21 - Request URL: www.lavatransforms.org/event/salon517/feed/
Attempts: 22 - Request URL: www.lavatransforms.org/category/architecturedesign/page/13/salon213
Attempts: 23 - Request URL: www.lavatransforms.org/category/history/page/39/itotushy
Attempts: 24 - Request URL: www.lavatransforms.org/event/raymond-chandlers-los-angeles-tour/feed/
Attempts: 25 - Request URL: www.lavatransforms.org/category/spirituality/user/register
Attempts: 26 - Request URL: www.lavatransforms.org/category/free/page/7/lavatransforms.org/flaneur-broadway-on-my-mind-6
Attempts: 27 - Request URL: www.lavatransforms.org/category/poetry/user/login
Attempts: 28 - Request URL: www.lavatransforms.org/category/spirituality/user/login
Attempts: 29 - Request URL: www.lavatransforms.org/event/broadway-on-my-mind-pereira/feed/
Attempts: 30 - Request URL: www.lavatransforms.org/event/harveys-broiler-2017/feed/
Attempts: 31 - Request URL: www.lavatransforms.org/event/haunts-of-a-dirty-old-man-charles-bukowskis-los-angeles-tour-4/feed/
Attempts: 32 - Request URL: www.lavatransforms.org/2015/05/27/canceled-lavas-44th-sunday-salon/user/register
Attempts: 33 - Request URL: www.lavatransforms.org/category/lava-vocabulary/education/page/8/myspace.com/jamesadomian
Attempts: 34 - Request URL: www.lavatransforms.org/category/lava-vocabulary/books/page/2/user/login
Attempts: 35 - Request URL: www.lavatransforms.org/category/history/page/16/nydistilling.com
Attempts: 36 - Request URL: www.lavatransforms.org/event/broadway-on-my-mind-pereira/feed/
Attempts: 37 - Request URL: www.lavatransforms.org/2015/05/27/canceled-lavas-44th-sunday-salon/user/register
Attempts: 38 - Request URL: www.lavatransforms.org/event/haunts-of-a-dirty-old-man-charles-bukowskis-los-angeles-tour-4/feed/
Attempts: 39 - Request URL: www.lavatransforms.org/salon-cooper-rogers-march2014
