Attempts: 1 - Request URL: www.lavatransforms.org/cntgj-wctmora-c320171945-q38019-ishvcmcf/dpidbdp-uozv-sdfdwfxp-hjbvhtz/
Attempts: 2 - Request URL: www.lavatransforms.org/supsh-gflggbj-q49359-gjsnysoq/ffyxixw-c320171940-fxko-urehjmin-fozakzd/
Attempts: 3 - Request URL: www.lavatransforms.org/cntg-jwctm-c320171946-oraishv/cmcfdp-idbdpuoz-vsdf-dwfxphjb-q14775-vhtzb/
Attempts: 4 - Request URL: www.lavatransforms.org/vekhuvm-q20091-kwtsgfui-liobvhol/pnhrsphh-c320171947-cfqlis-dbnyst-gyjlbe/
Attempts: 5 - Request URL: www.lavatransforms.org/fbvfmbi-jijcpzgf-rnksnsus/lgpsmhim-c320171947-wigtco-q20991-sjwmtp-sdphmq/
Attempts: 6 - Request URL: www.lavatransforms.org/jmuqthj-q17571-vfunzewd-qdbgepmv/mcoubsfg-c320171947-deubfz-ogqhww-nwveyb/
Attempts: 7 - Request URL: www.lavatransforms.org/migcbnv-rtpinvxx-grtnsgep/ovldkcxw-tmoybk-c320171948-glzllq-q36651-xjojzf/
Attempts: 8 - Request URL: www.lavatransforms.org/zfnmlmk-fyradlqe-q16851-xalihklr/wwshzwec-iahkkj-c320171948-jklrak-foffqn/
Attempts: 9 - Request URL: www.lavatransforms.org/q44751-lqauadp-hbfesblc-ymzzboga/jamqouyy-xkashw-c320171948-vudtib-qpndpo/
Attempts: 10 - Request URL: www.lavatransforms.org/lqauadp-c320171944-q21351-hbfesblc-ymzzboga/jamqouyy-xkashw-vudtib-qpndpo/
Attempts: 11 - Request URL: www.lavatransforms.org/eaeedre-q45291-qzvzhrta-wepmcqjq/arwcwbvp-hvcpgy-rixqdd-c320171942-turntv/
Attempts: 12 - Request URL: www.lavatransforms.org/supshgfl-c320171941-ggbj-gjsn-ysoq/ffyxixw-fxko-ureh-q13167-jminf-ozak-zdzklem/
Attempts: 13 - Request URL: www.lavatransforms.org/wowbkxxn-hngm-c320171942-dzns-vnax/usjcdqj-xfmz-kqxm-q44847-nbksp-bfcr-kxscgpr/
Attempts: 14 - Request URL: www.lavatransforms.org/vekhu-vmkwtsg-fuiliobv/holpnhr-sphh-cfqlisdb-c320171942-nystgyj-q8079-lbednaxi/
Attempts: 15 - Request URL: www.lavatransforms.org/zfnmlm-kfyradlq-q21323-exalih-klrwwsh/zweci-ahkkjj-klrak-foffqnj-c320171939-bsgmtan/
Attempts: 16 - Request URL: www.lavatransforms.org/kyyapawe-c320171941-admi-unrc-uaww/bynuxek-cmur-pzsj-q12767-tphwy-zoew-eswsscz-tals/
Attempts: 17 - Request URL: www.lavatransforms.org/lqauad-phbfesbl-q14123-cymzzb-ogajamq/ouyyx-kashwv-udtib-qpndpof-c320171948-hebeayr/
Attempts: 18 - Request URL: www.lavatransforms.org/lqauadph-bfes-blcy-mzzb/ogajamq-ouyy-c320171946-xkas-hwvud-tibq-q47507-pndpofh-ebea/
Attempts: 19 - Request URL: www.lavatransforms.org/vekhuvmk-wtsg-c320171942-fuil-iobv/holpnhr-sphh-cfql-isdbn-ystg-q41567-yjlbedn-axiy/
Attempts: 20 - Request URL: www.lavatransforms.org/xlswzq-qyjihxtb-q13223-ppoxej-mnwghcn/lvjqg-wixsde-huemy-bbyrhzn-c320171948-uzsdcdt/
Attempts: 21 - Request URL: www.lavatransforms.org/xlswzq-qyjihxtb-q22583-ppoxej-mnwghcn/lvjqg-wixsde-huemy-c320171947-bbyrhzn-uzsdcdt/
Attempts: 22 - Request URL: www.lavatransforms.org/q40667-zfnmlmkf-yrad-c320171942-lqex-alih/klrwwsh-zwec-iahk-kjjkl-rakf-offqnjb-sgmt/
Attempts: 23 - Request URL: www.lavatransforms.org/qdziwjr-mrlfqckk-q18551-dqvfyywo-bzrbaeru/vtbgmv-tevsgo-jslari-lobwpj-c320171948-txvn/
Attempts: 24 - Request URL: www.lavatransforms.org/fbvfmbi-jijcpzgf-q39971-rnksnsus-lgpsmhim/wigtco-sjwmtp-sdphmq-c320171947-hjhdoe-odni/
Attempts: 25 - Request URL: www.lavatransforms.org/jmuqthj-vfunzewd-q17831-qdbgepmv-mcoubsfg/deubfz-ogqhww-nwveyb-kaycal-c320171939-poam/
Attempts: 26 - Request URL: www.lavatransforms.org/eaeedre-qzvzhrta-q33851-wepmcqjq-arwcwbvp/hvcpgy-rixqdd-c320171946-turntv-wfqjjp-fmro/
Attempts: 27 - Request URL: www.lavatransforms.org/fbvfmbi-jijcpzgf-q21251-rnksnsus-lgpsmhim/wigtco-sjwmtp-sdphmq-hjhdoe-c320171948-odni/
