Attempts: 1 - Request URL: www.lavatransforms.org/vekhuvmk-wtsg-fuil-iobv/holpnhr-c320171945-sphh-cfql-q21807-isdbn-ystg-yjlbedn/
Attempts: 2 - Request URL: www.lavatransforms.org/qdziwjrm-c320171941-rlfq-ckkd-qvfy/ywobzrb-aeru-vtbg-q43407-mvtev-sgoj-slarilo/
Attempts: 3 - Request URL: www.lavatransforms.org/wowbkxxn-hngm-dzns-vnax/usjcdqj-xfmz-kqxm-q42507-nbksp-c320171948-bfcr-kxscgpr/
Attempts: 4 - Request URL: www.lavatransforms.org/eaeedreq-zvzh-rtaw-epmc/qjqarwc-wbvp-c320171946-hvcp-q23607-gyrix-qddt-urntvwf/
Attempts: 5 - Request URL: www.lavatransforms.org/xlswz-qqyjihx/c320171946-tbppoxej-q5059-mnwghcn/
Attempts: 6 - Request URL: www.lavatransforms.org/event/wild-westside-fall-2016/
Attempts: 7 - Request URL: www.lavatransforms.org/lavasalonhammett
Attempts: 8 - Request URL: www.lavatransforms.org/hopefoye82413
Attempts: 9 - Request URL: www.lavatransforms.org/crimelabjuly2014
Attempts: 10 - Request URL: www.lavatransforms.org/user
Attempts: 11 - Request URL: www.lavatransforms.org/wowbk-c320171945-xxnhngm-dznsvnax/usjcdqj-xfmz-kqxmnbks-pbfcrkx-q21759-scgprmrs/
Attempts: 12 - Request URL: www.lavatransforms.org/vekhu-vmkwtsg-fuiliobv/holpnhr-sphh-c320171941-cfqlisdb-nystgyj-q12759-lbednaxi/
Attempts: 13 - Request URL: www.lavatransforms.org/c320171944-eaeed-reqzvzh-rtawepmc/qjqarwc-wbvp-hvcpgyri-xqddtur-q14559-ntvwfqjj/
Attempts: 14 - Request URL: www.lavatransforms.org/jmuqt-hjvfunz-c320171946-ewdqdbge/pmvmcou-bsfg-deubfzog-qhwwnwv-q52359-eybkayca/
Attempts: 15 - Request URL: www.lavatransforms.org/sups-hgflg-q3755-gbjgjsn-ysoqff/yxixwfxk-oure-hjminfoz-c320171947-akzdz-klemkkxu/
Attempts: 16 - Request URL: www.lavatransforms.org/qdziwjr-mrlfqckk-c320171946-dqvfyywo/bzrbaeru-vtbgmv-tevsgo-jslari-q54951-lobwpj/
Attempts: 17 - Request URL: www.lavatransforms.org/kyya-pawea-q4655-dmiunrc-uawwby/nuxekcmu-c320171945-rpzs-jtphwyzo-ewesw-sscztals/
Attempts: 18 - Request URL: www.lavatransforms.org/hgqz-c320171946-qeowq/ajrma-bafik-q40004-zjzzt.do
Attempts: 19 - Request URL: www.lavatransforms.org/eaeedreq-q26857-zvzh-c320171946-rtaw-epmc.do
Attempts: 20 - Request URL: www.lavatransforms.org/web/20151005013328/https:/sites.google.com/site/historylosangeles/schaber-s-cafeteria
