Attempts: 1 - Request URL: www.lavatransforms.org/kyyapaw-q51871-eadmiunr/cuawwbyn-uxekcmur-pzsjtp-c320171945-hwyzoe/
Attempts: 2 - Request URL: www.lavatransforms.org/xlswzqq-q24871-yjihxtbp/poxejmnw-ghcnlvjq-c320171944-gwixsd-ehuemy/
Attempts: 3 - Request URL: www.lavatransforms.org/c320171946-fbvfmbi-q11371-jijcpzgf/rnksnsus-lgpsmhim-wigtco-sjwmtp/
Attempts: 4 - Request URL: www.lavatransforms.org/xlswzqq-c320171947-q27211-yjihxtbp/poxejmnw-ghcnlvjq-gwixsd-ehuemy/
Attempts: 5 - Request URL: www.lavatransforms.org/c320171940-lqauadp-q46831-hbfesblc/ymzzboga-jamqouyy-xkashw-vudtib/
Attempts: 6 - Request URL: www.lavatransforms.org/kyya-pawea-dmiunrc/uawwby-c320171947-nuxekcmu-q44175-rpzs-jtphwyzo/
Attempts: 7 - Request URL: www.lavatransforms.org/c320171946-fbvfmbi-q16051-jijcpzgf/rnksnsus-lgpsmhim-wigtco-sjwmtp/
Attempts: 8 - Request URL: www.lavatransforms.org/sups-hgflg-gbjgjsn/ysoqff-yxixwfxk-c320171941-q15195-oure-hjminfoz/
Attempts: 9 - Request URL: www.lavatransforms.org/qdziwjr-q18031-mrlfqckk/dqvfyywo-bzrbaeru-vtbgmv-c320171939-tevsgo/
Attempts: 10 - Request URL: www.lavatransforms.org/supshgf-q53311-lggbjgjs/nysoqffy-xixwfxko-urehjm-c320171945-infoza/
Attempts: 11 - Request URL: www.lavatransforms.org/q36435-fbvf-mbiji-jcpzgfr/nksnsu-slgpsmhi-c320171941-mwig-tcosjwmt/
Attempts: 12 - Request URL: www.lavatransforms.org/zfnmlm-kfyradlq-exalih/klrwwsh-zweci-c320171948-q51483-ahkkjj-klrak/
Attempts: 13 - Request URL: www.lavatransforms.org/jmuqth-jvfunzew-dqdbge/pmvmcou-c320171947-bsfgd-eubfzo-q21783-gqhww/
Attempts: 14 - Request URL: www.lavatransforms.org/lqaua-dphbfes-q7779-blcymzzb/ogajamq-ouyy-xkashwvu-c320171942-dtibqpn/
Attempts: 15 - Request URL: www.lavatransforms.org/zfnmlmkf-c320171941-yrad-q13367-lqex-alih/klrwwsh-zwec-iahk-kjjkl-rakf/
Attempts: 16 - Request URL: www.lavatransforms.org/supsh-c320171944-gflggbj-gjsnysoq/ffyxixw-q51699-fxko-urehjmin-fozakzd/
Attempts: 17 - Request URL: www.lavatransforms.org/qdziwjrm-c320171941-rlfq-q12467-ckkd-qvfy/ywobzrb-aeru-vtbg-mvtev-sgoj/
Attempts: 18 - Request URL: www.lavatransforms.org/fbvfm-bijijcp-zgfrnksn/suslgps-c320171940-mhim-wigtcosj-q23799-wmtpsdp/
Attempts: 19 - Request URL: www.lavatransforms.org/lqaua-c320171944-dphbfes-q40539-blcymzzb/ogajamq-ouyy-xkashwvu-dtibqpn/
Attempts: 20 - Request URL: www.lavatransforms.org/kyyapaw-c320171941-eadmiunr-q17291-cuawwbyn-uxekcmur/pzsjtp-hwyzoe-weswss-cztals-wwch/
Attempts: 21 - Request URL: www.lavatransforms.org/xlswzqq-yjihxtbp-q48791-poxejmnw-ghcnlvjq/gwixsd-ehuemy-bbyrhz-nuzsdc-c320171948-dtfa/
Attempts: 22 - Request URL: www.lavatransforms.org/supshgf-lggbjgjs-q25751-nysoqffy-xixwfxko/urehjm-infoza-c320171946-kzdzkl-emkkxu-jzww/
Attempts: 23 - Request URL: www.lavatransforms.org/xlswzqq-yjihxtbp-q23051-poxejmnw-ghcnlvjq/gwixsd-ehuemy-bbyrhz-nuzsdc-c320171948-dtfa/
Attempts: 24 - Request URL: www.lavatransforms.org/xlswzqq-yjihxtbp-q34751-poxejmnw-ghcnlvjq/gwixsd-ehuemy-c320171946-bbyrhz-nuzsdc-dtfa/
Attempts: 25 - Request URL: www.lavatransforms.org/qdziwjr-mrlfqckk-q53651-dqvfyywo-bzrbaeru/vtbgmv-c320171945-tevsgo-jslari-lobwpj-txvn/
Attempts: 26 - Request URL: www.lavatransforms.org/jmuqthj-vfunzewd-q24851-qdbgepmv-mcoubsfg/deubfz-ogqhww-nwveyb-kaycal-c320171948-poam/
Attempts: 27 - Request URL: www.lavatransforms.org/kyyapaw-eadmiunr-q14951-cuawwbyn-uxekcmur/pzsjtp-hwyzoe-c320171946-weswss-cztals-wwch/
Attempts: 28 - Request URL: www.lavatransforms.org/fbvfm-bijijcp-c320171942-q7679-zgfrnksn-suslgps/mhim-wigtcosj-wmtpsdp-hmqhjhdo-eodnin/
Attempts: 29 - Request URL: www.lavatransforms.org/vekhu-vmkwtsg-q25499-fuiliobv-c320171943-holpnhr/sphh-cfqlisdb-nystgyj-lbednaxi-yegxcq/
Attempts: 30 - Request URL: www.lavatransforms.org/c320171940-vekh-uvmkw-tsgfuil-iobvho/lpnhrsph-q8235-hcfq-lisdbnys-tgyjl-bednaxiy-egxcq/
Attempts: 31 - Request URL: www.lavatransforms.org/qdziw-c320171947-q27859-jrmrlfq/ckkdqvfy-ywobzrb-aeru-vtbgmvte/
Attempts: 32 - Request URL: www.lavatransforms.org/wowbk-c320171941-q22279-xxnhngm/dznsvnax-usjcdqj-xfmz-kqxmnbks/
Attempts: 33 - Request URL: www.lavatransforms.org/qdziw-jrmrlfq-ckkdqvfy/ywobzrb-q49179-aeru-vtbgmvte-c320171942-vsgojsl/
Attempts: 34 - Request URL: www.lavatransforms.org/zfnml-q50079-mkfyrad-lqexalih/klrwwsh-zwec-iahkkjjk-c320171942-lrakfof/
Attempts: 35 - Request URL: www.lavatransforms.org/cntgj-wctmora-c320171942-q49979-ishvcmcf-dpidbdp/uozv-sdfdwfxp-hjbvhtz-bnhqklmw-wnyptf/
Attempts: 36 - Request URL: www.lavatransforms.org/migcb-nvrtpin-c320171942-q49079-vxxgrtns-gepovld/kcxw-tmoybkgl-zllqxjo-jzfuxvhy-ocalsl/
Attempts: 37 - Request URL: www.lavatransforms.org/cntgj-wctmora-ishvcmcf-dpidbdp/uozv-sdfdwfxp-hjbvhtz-bnhqklmw-wnyptf-c320171939-q1359-tuxuxx/
Attempts: 38 - Request URL: www.lavatransforms.org/zfnmlmk-c320171946-q10871-fyradlqe/xalihklr-wwshzwec-iahkkj/
Attempts: 39 - Request URL: www.lavatransforms.org/cntgjwc-c320171946-q24551-tmoraish/vcmcfdpi-dbdpuozv-sdfdwf/
Attempts: 40 - Request URL: www.lavatransforms.org/c320171940-fbvf-mbiji-jcpzgfr-nksnsu/slgpsmhi-q9135-mwig-tcosjwmt-psdph-mqhjhdoe-odnin/
Attempts: 41 - Request URL: www.lavatransforms.org/vekh-uvmkw-tsgfuil-iobvho/lpnhrsph-q22275-hcfq-lisdbnys-c320171947-tgyjl-bednaxiy-egxcq/
Attempts: 42 - Request URL: www.lavatransforms.org/sups-hgflg-gbjgjsn-ysoqff/yxixwfxk-q15975-oure-c320171946-hjminfoz-akzdz-klemkkxu-jzwwd/
Attempts: 43 - Request URL: www.lavatransforms.org/xlsw-zqqyj-ihxtbpp-oxejmn/wghcnlvj-c320171945-q48375-qgwi-xsdehuem-ybbyr-hznuzsdc-dtfam/
Attempts: 44 - Request URL: www.lavatransforms.org/eaee-dreqz-vzhrtaw-epmcqj/qarwcwbv-c320171945-q47475-phvc-pgyrixqd-dturn-tvwfqjjp-fmroc/
Attempts: 45 - Request URL: www.lavatransforms.org/xlsw-zqqyj-ihxtbpp-oxejmn/wghcnlvj-q43695-qgwi-xsdehuem-ybbyr-hznuzsdc-c320171939-dtfam/
Attempts: 46 - Request URL: www.lavatransforms.org/jmuq-c320171941-thjvf-unzewdq-dbgepm/vmcoubsf-q36135-gdeu-bfzogqhw-wnwve-ybkaycal-poamg/
Attempts: 47 - Request URL: www.lavatransforms.org/fbvfmbij-ijcp-zgfr-nksn/suslgps-mhim-wigt-q51307-cosjw-mtps-dphmqhj-hdoe-c320171939-odni/
Attempts: 48 - Request URL: www.lavatransforms.org/jmuqthjv-funz-c320171942-ewdq-dbge/pmvmcou-bsfg-deub-q40867-fzogq-hwwn-wveybka-ycal-poam/
Attempts: 49 - Request URL: www.lavatransforms.org/jmuqthjv-funz-c320171942-ewdq-dbge/pmvmcou-bsfg-deub-q45547-fzogq-hwwn-wveybka-ycal-poam/
Attempts: 50 - Request URL: www.lavatransforms.org/qdziwj-rmrlfqck-kdqvfy-q13923-ywobzrb/aeruv-tbgmvt-evsgo-jslaril-c320171948-obwpjtx-vnsnjaa/
Attempts: 51 - Request URL: www.lavatransforms.org/gbleq/js/jquery.rating.css
Attempts: 52 - Request URL: www.lavatransforms.org/gbleq/css/style.css
Attempts: 53 - Request URL: www.lavatransforms.org/cntgj-wctmora-c320171942-ishvcmcf-dpidbdp/uozv-sdfdwfxp-hjbvhtz-bnhqklmw-wnyptf-q8379-tuxuxx/
Attempts: 54 - Request URL: www.lavatransforms.org/migcbnv-q9351-rtpinvxx-grtnsgep-ovldkcxw/tmoybk-glzllq-c320171946-xjojzf-uxvhyo-cals-lwgegvre/
Attempts: 55 - Request URL: www.lavatransforms.org/vekhu-vmkwtsg-fuiliobv-holpnhr/sphh-c320171945-cfqlisdb-nystgyj-lbednaxi-yegxcq-q37719-lmnlbt/
Attempts: 56 - Request URL: www.lavatransforms.org/xlswz-qqyjihx-tbppoxej-c320171943-mnwghcn/lvjq-gwixsdeh-uemybby-rhznuzsd-cdtfam-q12339-yabmpd/
Attempts: 57 - Request URL: www.lavatransforms.org/kyyap-aweadmi-unrcuaww-c320171943-bynuxek/cmur-pzsjtphw-yzoewes-wsscztal-swwcht-q25299-gvjyjn/
Attempts: 58 - Request URL: www.lavatransforms.org/kyyap-c320171941-aweadmi-unrcuaww-bynuxek/cmur-pzsjtphw-yzoewes-wsscztal-swwcht-q39339-gvjyjn/
Attempts: 59 - Request URL: www.lavatransforms.org/vekhu-vmkwtsg-fuiliobv-c320171943-holpnhr/sphh-cfqlisdb-nystgyj-lbednaxi-yegxcq-q35379-lmnlbt/
Attempts: 60 - Request URL: www.lavatransforms.org/kyyapaw-q52911-eadmiunr-cuawwbyn-uxekcmur/pzsjtp-c320171945-hwyzoe-weswss-cztals-wwch-tgvjyjnr/
Attempts: 61 - Request URL: www.lavatransforms.org/qdziwjr-q49491-mrlfqckk-dqvfyywo-bzrbaeru/vtbgmv-tevsgo-jslari-lobwpj-c320171948-txvn-snjaaesa/
Attempts: 62 - Request URL: www.lavatransforms.org/eaee-dreqz-vzhrtaw-epmcqj/qarwcwbv-q22775-phvc-pgyrixqd-c320171947-dturn-tvwfqjjp-fmroc-vrtvsp/
Attempts: 63 - Request URL: www.lavatransforms.org/migcbnv-q39771-rtpinvxx-grtnsgep-ovldkcxw/tmoybk-glzllq-xjojzf-c320171947-uxvhyo-cals-lwgegvre/
Attempts: 64 - Request URL: www.lavatransforms.org/cntgjwc-q10251-tmoraish-vcmcfdpi-dbdpuozv/sdfdwf-xphjbv-c320171946-htzbnh-qklmww-nypt-ftuxuxxn/
Attempts: 65 - Request URL: www.lavatransforms.org/jmuqthj-q18351-vfunzewd-qdbgepmv-mcoubsfg/deubfz-ogqhww-nwveyb-kaycal-c320171948-poam-goporfmo/
Attempts: 66 - Request URL: www.lavatransforms.org/lqauadp-q52551-hbfesblc-ymzzboga-jamqouyy/xkashw-c320171945-vudtib-qpndpo-fhebea-yrkj-edogdkvu/
Attempts: 67 - Request URL: www.lavatransforms.org/wowbkxx-q34551-nhngmdzn-svnaxusj-cdqjxfmz/kqxmnb-kspbfc-c320171946-rkxscg-prmrsg-rcsp-zjbqbceb/
Attempts: 68 - Request URL: www.lavatransforms.org/fbvf-mbiji-jcpzgfr-nksnsu/slgpsmhi-mwig-tcosjwmt-c320171947-q21875-psdph-mqhjhdoe-odnin-fepchw/
Attempts: 69 - Request URL: www.lavatransforms.org/migcbnv-q21051-rtpinvxx-grtnsgep-ovldkcxw/tmoybk-glzllq-c320171946-xjojzf-uxvhyo-cals-lwgegvre/
Attempts: 70 - Request URL: www.lavatransforms.org/jmuqthj-q20691-vfunzewd-qdbgepmv-mcoubsfg/deubfz-ogqhww-nwveyb-c320171947-kaycal-poam-goporfmo/
Attempts: 71 - Request URL: www.lavatransforms.org/zfnm-c320171941-lmkfy-radlqex-alihkl/rwwshzwe-ciah-q15395-kkjjklra-kfoff-qnjbsgmt-antfh-stifgh/
Attempts: 72 - Request URL: www.lavatransforms.org/sups-c320171941-hgflg-gbjgjsn-ysoqff/yxixwfxk-oure-hjminfoz-q35735-akzdz-klemkkxu-jzwwd-kwshii/
Attempts: 73 - Request URL: www.lavatransforms.org/wowbkxx-q22851-nhngmdzn-svnaxusj-cdqjxfmz/kqxmnb-kspbfc-rkxscg-prmrsg-c320171948-rcsp-zjbqbceb/
Attempts: 74 - Request URL: www.lavatransforms.org/xlswzqq-q51651-yjihxtbp-poxejmnw-ghcnlvjq/gwixsd-c320171945-ehuemy-bbyrhz-nuzsdc-dtfa-myabmpdd/
Attempts: 75 - Request URL: www.lavatransforms.org/wowbkxx-q48591-nhngmdzn-svnaxusj-cdqjxfmz/kqxmnb-kspbfc-rkxscg-prmrsg-c320171948-rcsp-zjbqbceb/
Attempts: 76 - Request URL: www.lavatransforms.org/jmuqth-jvfunzew-dqdbge-pmvmcou/bsfgd-q51683-eubfzo-gqhww-nwveybk-c320171948-aycalpo-amgopor-fmoz/
Attempts: 77 - Request URL: www.lavatransforms.org/migcbn-vrtpinvx-xgrtns-gepovld/kcxwt-moybkg-lzllq-xjojzfu-q21623-xvhyoca-lslwgeg-c320171939-vred/
Attempts: 78 - Request URL: www.lavatransforms.org/pershingsquarenewnov2014
Attempts: 79 - Request URL: www.lavatransforms.org/migcbnv-rtpinvxx-grtnsgep-ovldkcxw/tmoybk-glzllq-c320171946-xjojzf-uxvhyo-cals-lwgegvre-q8051-denoh/
Attempts: 80 - Request URL: www.lavatransforms.org/wowbkxx-nhngmdzn-svnaxusj-cdqjxfmz/kqxmnb-kspbfc-c320171946-q9851-rkxscg-prmrsg-rcsp-zjbqbceb-wjvnb/
Attempts: 81 - Request URL: www.lavatransforms.org/qdziw-jrmrlfq-c320171942-q8879-ckkdqvfy-ywobzrb/aeru-vtbgmvte-vsgojsl-arilobwp-jtxvns-njaaes-atogdp/
Attempts: 82 - Request URL: www.lavatransforms.org/cntgjwc-tmoraish-q39371-vcmcfdpi-dbdpuozv/sdfdwf-xphjbv-htzbnh-c320171947-qklmww-nypt-ftuxuxxn-iviue/
Attempts: 83 - Request URL: www.lavatransforms.org/supshgf-lggbjgjs-nysoqffy-xixwfxko/urehjm-infoza-kzdzkl-c320171947-q20291-emkkxu-jzww-dkwshiic-ccmkz/
Attempts: 84 - Request URL: www.lavatransforms.org/supshgf-lggbjgjs-nysoqffy-xixwfxko/urehjm-infoza-kzdzkl-emkkxu-c320171948-jzww-dkwshiic-q17951-ccmkz/
Attempts: 85 - Request URL: www.lavatransforms.org/kyya-pawea-dmiunrc-uawwby/nuxekcmu-rpzs-jtphwyzo-c320171947-q22075-ewesw-sscztals-wwcht-gvjyjn-rsnre/
Attempts: 86 - Request URL: www.lavatransforms.org/wowbkxx-nhngmdzn-q21551-svnaxusj-cdqjxfmz/kqxmnb-kspbfc-rkxscg-prmrsg-c320171948-rcsp-zjbqbceb-wjvnb/
Attempts: 87 - Request URL: www.lavatransforms.org/q42251-kyyapaw-eadmiunr-cuawwbyn-uxekcmur/pzsjtp-hwyzoe-weswss-cztals-c320171948-wwch-tgvjyjnr-snreo/
Attempts: 88 - Request URL: www.lavatransforms.org/q26411-jmuqthj-vfunzewd-qdbgepmv-mcoubsfg/deubfz-ogqhww-nwveyb-c320171947-kaycal-poam-goporfmo-zroht/
Attempts: 89 - Request URL: www.lavatransforms.org/c320171940-kyyap-aweadmi-unrcuaww-bynuxek/cmur-pzsjtphw-yzoewes-wsscztal-q23999-swwcht-gvjyjn-rsnreo/
Attempts: 90 - Request URL: www.lavatransforms.org/supshgf-lggbjgjs-nysoqffy-xixwfxko/urehjm-infoza-c320171946-kzdzkl-emkkxu-jzww-dkwshiic-q17951-ccmkz/
Attempts: 91 - Request URL: www.lavatransforms.org/xlswzqq-yjihxtbp-poxejmnw-ghcnlvjq/gwixsd-q15251-ehuemy-bbyrhz-nuzsdc-c320171948-dtfa-myabmpdd-rsklc/
Attempts: 92 - Request URL: www.lavatransforms.org/fbvfm-bijijcp-zgfrnksn-suslgps/mhim-c320171945-wigtcosj-wmtpsdp-q37319-hmqhjhdo-eodnin-fepchw-gmywms/
Attempts: 93 - Request URL: www.lavatransforms.org/jmuqthj-q17051-vfunzewd-qdbgepmv-mcoubsfg/deubfz-ogqhww-nwveyb-kaycal-c320171948-poam-goporfmo-zroht/
Attempts: 94 - Request URL: www.lavatransforms.org/vekhuvm-kwtsgfui-c320171946-liobvhol/pnhrsphh-cfqlis-dbnyst-gyjlbe-q9951-dnaxiy/
Attempts: 95 - Request URL: www.lavatransforms.org/jmuqt-c320171945-hjvfunz-ewdqdbge/pmvmcou-bsfg-deubfzog-qhwwnwv-q38319-eybkayca/
Attempts: 96 - Request URL: www.lavatransforms.org/fbvfm-bijijcp-zgfrnksn/suslgps-c320171940-mhim-wigtcosj-wmtpsdp-q48759-hmqhjhdo/
Attempts: 97 - Request URL: www.lavatransforms.org/qdziw-jrmrlfq-ckkdqvfy/ywobzrb-aeru-c320171941-vtbgmvte-vsgojsl-q39039-arilobwp/
