Attempts: 1 - Request URL: www.lavatransforms.org/xlswz-qqyjihx-tbppoxej-mnwghcn/lvjq-gwixsdeh-uemybby-c320171947-rhznuzsd-cdtfam-q54459-yabmpd/
Attempts: 2 - Request URL: www.lavatransforms.org/vekhu-vmkwtsg-fuiliobv-holpnhr/sphh-c320171945-cfqlisdb-nystgyj-lbednaxi-yegxcq-q51759-lmnlbt/
Attempts: 3 - Request URL: www.lavatransforms.org/jmuq-q6755-thjvf-unzewdq-dbgepm/vmcoubsf-c320171945-gdeu-bfzogqhw-wnwve-ybkaycal-poamg-oporfm/
Attempts: 4 - Request URL: www.lavatransforms.org/vekhu-vmkwtsg-fuiliobv-holpnhr/sphh-cfqlisdb-nystgyj-lbednaxi-yegxcq-c320171939-q28359-lmnlbt/
Attempts: 5 - Request URL: www.lavatransforms.org/supsh-gflggbj-gjsnysoq-ffyxixw/fxko-urehjmin-fozakzd-c320171947-zklemkkx-ujzwwd-q22059-kwshii/
Attempts: 6 - Request URL: www.lavatransforms.org/c320171940-eaeed-reqzvzh-rtawepmc-qjqarwc/wbvp-hvcpgyri-xqddtur-ntvwfqjj-pfmroc-q18459-vrtvsp/
Attempts: 7 - Request URL: www.lavatransforms.org/kyyap-c320171941-aweadmi-unrcuaww-bynuxek/cmur-pzsjtphw-yzoewes-wsscztal-swwcht-q34659-gvjyjn/
Attempts: 8 - Request URL: www.lavatransforms.org/vekhu-vmkwtsg-fuiliobv-c320171943-holpnhr/sphh-cfqlisdb-nystgyj-lbednaxi-yegxcq-q40059-lmnlbt/
Attempts: 9 - Request URL: www.lavatransforms.org/fbvfm-bijijcp-zgfrnksn-suslgps/mhim-c320171945-wigtcosj-wmtpsdp-hmqhjhdo-eodnin-q52659-fepchw/
Attempts: 10 - Request URL: www.lavatransforms.org/jmuqthj-q30051-vfunzewd-qdbgepmv-mcoubsfg/deubfz-ogqhww-nwveyb-kaycal-c320171948-poam-goporfmo/
Attempts: 11 - Request URL: www.lavatransforms.org/lqau-adphb-q40955-fesblcy-mzzbog/ajamqouy-yxka-shwvudti-bqpnd-pofhebea-yrkje-c320171939-dogdkv/
Attempts: 12 - Request URL: www.lavatransforms.org/c320171940-q31955-kyya-pawea-dmiunrc-uawwby/nuxekcmu-rpzs-jtphwyzo-ewesw-sscztals-wwcht-gvjyjn/
Attempts: 13 - Request URL: www.lavatransforms.org/supshgf-q42651-lggbjgjs-nysoqffy-xixwfxko/urehjm-infoza-c320171946-kzdzkl-emkkxu-jzww-dkwshiic/
Attempts: 14 - Request URL: www.lavatransforms.org/xlswzqq-q39951-yjihxtbp-poxejmnw-ghcnlvjq/gwixsd-ehuemy-bbyrhz-nuzsdc-c320171948-dtfa-myabmpdd/
Attempts: 15 - Request URL: www.lavatransforms.org/c320171940-vekh-uvmkw-tsgfuil-iobvho/lpnhrsph-hcfq-lisdbnys-tgyjl-bednaxiy-egxcq-q37355-lmnlbt/
Attempts: 16 - Request URL: www.lavatransforms.org/xlsw-zqqyj-ihxtbpp-oxejmn/wghcnlvj-qgwi-xsdehuem-ybbyr-c320171948-q28355-hznuzsdc-dtfam-yabmpd/
Attempts: 17 - Request URL: www.lavatransforms.org/qdzi-wjrmr-c320171942-lfqckkd-q35555-qvfyyw/obzrbaer-uvtb-gmvtevsg-ojsla-rilobwpj-txvns-njaaes/
Attempts: 18 - Request URL: www.lavatransforms.org/eaee-dreqz-q50855-vzhrtaw-epmcqj/qarwcwbv-phvc-c320171946-pgyrixqd-dturn-tvwfqjjp-fmroc-vrtvsp/
Attempts: 19 - Request URL: www.lavatransforms.org/c320171940-migc-bnvrt-q21155-pinvxxg-rtnsge/povldkcx-wtmo-ybkglzll-qxjoj-zfuxvhyo-calsl-wgegvr/
Attempts: 20 - Request URL: www.lavatransforms.org/xlswzqq-q51651-yjihxtbp-poxejmnw-ghcnlvjq/gwixsd-ehuemy-c320171946-bbyrhz-nuzsdc-dtfa-myabmpdd/
Attempts: 21 - Request URL: www.lavatransforms.org/zfnmlmk-q48051-fyradlqe-xalihklr-wwshzwec/iahkkj-jklrak-c320171946-foffqn-jbsgmt-antf-hstifghl/
Attempts: 22 - Request URL: www.lavatransforms.org/fbvf-mbiji-jcpzgfr-nksnsu/slgpsmhi-q14855-mwig-tcosjwmt-c320171947-psdph-mqhjhdoe-odnin-fepchw/
Attempts: 23 - Request URL: www.lavatransforms.org/eaee-dreqz-c320171942-vzhrtaw-epmcqj/qarwcwbv-phvc-pgyrixqd-dturn-tvwfqjjp-fmroc-q27455-vrtvsp/
Attempts: 24 - Request URL: www.lavatransforms.org/xlsw-q16655-zqqyj-ihxtbpp-c320171943-oxejmn/wghcnlvj-qgwi-xsdehuem-ybbyr-hznuzsdc-dtfam-yabmpd/
Attempts: 25 - Request URL: www.lavatransforms.org/sups-hgflg-gbjgjsn-ysoqff/yxixwfxk-oure-q19355-hjminfoz-c320171947-akzdz-klemkkxu-jzwwd-kwshii/
Attempts: 26 - Request URL: www.lavatransforms.org/lqau-adphb-fesblcy-mzzbog/ajamqouy-yxka-shwvudti-c320171947-bqpnd-pofhebea-yrkje-q17555-dogdkv/
Attempts: 27 - Request URL: www.lavatransforms.org/fbvfmbi-q14751-jijcpzgf-rnksnsus-lgpsmhim/wigtco-sjwmtp-sdphmq-c320171947-hjhdoe-odni-nfepchwg/
Attempts: 28 - Request URL: www.lavatransforms.org/fitzgeraldwalk3
Attempts: 29 - Request URL: www.lavatransforms.org/q22055-cntg-jwctm-oraishv-cmcfdp/idbdpuoz-vsdf-dwfxphjb-c320171947-vhtzb-nhqklmww-nyptf-tuxuxx/
Attempts: 30 - Request URL: www.lavatransforms.org/lqau-adphb-q40955-fesblcy-c320171943-mzzbog/ajamqouy-yxka-shwvudti-bqpnd-pofhebea-yrkje-dogdkv/
Attempts: 31 - Request URL: www.lavatransforms.org/cntgjwc-q45351-tmoraish-vcmcfdpi-dbdpuozv/sdfdwf-xphjbv-c320171946-htzbnh-qklmww-nypt-ftuxuxxn/
Attempts: 32 - Request URL: www.lavatransforms.org/q41855-jmuq-thjvf-c320171942-unzewdq-dbgepm/vmcoubsf-gdeu-bfzogqhw-wnwve-ybkaycal-poamg-oporfm/
Attempts: 33 - Request URL: www.lavatransforms.org/qdzi-wjrmr-lfqckkd-q35555-qvfyyw/obzrbaer-uvtb-gmvtevsg-ojsla-rilobwpj-txvns-c320171939-njaaes/
Attempts: 34 - Request URL: www.lavatransforms.org/wowb-kxxnh-ngmdzns-vnaxus/jcdqjxfm-zkqx-mnbkspbf-c320171947-crkxs-cgprmrsg-q22955-rcspz-jbqbce/
Attempts: 35 - Request URL: www.lavatransforms.org/user/224
Attempts: 36 - Request URL: www.lavatransforms.org/cntgjwc-q10251-tmoraish-vcmcfdpi-dbdpuozv/sdfdwf-xphjbv-htzbnh-c320171947-qklmww-nypt-ftuxuxxn/
Attempts: 37 - Request URL: www.lavatransforms.org/wowb-kxxnh-q11255-ngmdzns-c320171943-vnaxus/jcdqjxfm-zkqx-mnbkspbf-crkxs-cgprmrsg-rcspz-jbqbce/
Attempts: 38 - Request URL: www.lavatransforms.org/qdzi-wjrmr-lfqckkd-qvfyyw/obzrbaer-uvtb-gmvtevsg-ojsla-rilobwpj-txvns-c320171939-q47255-njaaes/
Attempts: 39 - Request URL: www.lavatransforms.org/vekh-uvmkw-tsgfuil-iobvho/lpnhrsph-c320171945-hcfq-lisdbnys-tgyjl-bednaxiy-egxcq-q37355-lmnlbt/
Attempts: 40 - Request URL: www.lavatransforms.org/zfnm-lmkfy-radlqex-alihkl/rwwshzwe-c320171945-ciah-kkjjklra-kfoff-q48155-qnjbsgmt-antfh-stifgh/
Attempts: 41 - Request URL: www.lavatransforms.org/wowb-kxxnh-c320171942-ngmdzns-vnaxus/jcdqjxfm-zkqx-mnbkspbf-crkxs-cgprmrsg-q22955-rcspz-jbqbce/
Attempts: 42 - Request URL: www.lavatransforms.org/lqau-adphb-fesblcy-mzzbog/ajamqouy-c320171945-yxka-shwvudti-bqpnd-pofhebea-q52655-yrkje-dogdkv/
Attempts: 43 - Request URL: www.lavatransforms.org/eaeedr-eqzvzhrt-awepmc-qjqarwc/wbvph-vcpgyr-q44303-ixqdd-c320171947-turntvw-fqjjpfm-rocvrtv-spkp/
Attempts: 44 - Request URL: www.lavatransforms.org/zfnmlm-kfyradlq-exalih-klrwwsh/zweci-q29903-ahkkjj-klrak-foffqnj-bsgmtan-tfhstif-c320171939-ghlo/
Attempts: 45 - Request URL: www.lavatransforms.org/vekhuv-c320171941-mkwtsgfu-iliobv-holpnhr/sphhc-fqlisd-bnyst-gyjlbed-naxiyeg-xcqlmnl-q42503-btpg/
Attempts: 46 - Request URL: www.lavatransforms.org/migcbn-vrtpinvx-xgrtns-gepovld/kcxwt-moybkg-q14603-lzllq-xjojzfu-xvhyoca-lslwgeg-c320171939-vred/
Attempts: 47 - Request URL: www.lavatransforms.org/eaeedr-c320171941-eqzvzhrt-awepmc-q20903-qjqarwc/wbvph-vcpgyr-ixqdd-turntvw-fqjjpfm-rocvrtv-spkp/
Attempts: 48 - Request URL: www.lavatransforms.org/kyyapa-weadmiun-rcuaww-c320171943-bynuxek/cmurp-zsjtph-wyzoe-weswssc-q13703-ztalsww-chtgvjy-jnrs/
Attempts: 49 - Request URL: www.lavatransforms.org/fbvfmb-ijijcpzg-c320171942-frnksn-suslgps/mhimw-igtcos-jwmtp-sdphmqh-jhdoeod-q34043-ninfepc-hwgm/
Attempts: 50 - Request URL: www.lavatransforms.org/migcbn-vrtpinvx-xgrtns-c320171943-gepovld/kcxwt-moybkg-q14603-lzllq-xjojzfu-xvhyoca-lslwgeg-vred/
Attempts: 51 - Request URL: www.lavatransforms.org/cntgjw-c320171941-ctmorais-hvcmcf-dpidbdp/uozvs-dfdwfx-phjbv-q13163-htzbnhq-klmwwny-ptftuxu-xxni/
Attempts: 52 - Request URL: www.lavatransforms.org/tchdytdx-cwtwnf/omxdjan-c320171943-bxkf-q13756-titklt-fglwx.do
Attempts: 53 - Request URL: www.lavatransforms.org/fbvfmb-c320171941-q31703-ijijcpzg-frnksn-suslgps/mhimw-igtcos-jwmtp-sdphmqh-jhdoeod-ninfepc-hwgm/
Attempts: 54 - Request URL: www.lavatransforms.org/c320171940-xlswzq-qyjihxtb-ppoxej-mnwghcn/lvjqg-q10103-wixsde-huemy-bbyrhzn-uzsdcdt-famyabm-pddr/
Attempts: 55 - Request URL: www.lavatransforms.org/kyyapa-weadmiun-rcuaww-bynuxek/cmurp-zsjtph-c320171946-wyzoe-weswssc-q13703-ztalsww-chtgvjy-jnrs/
Attempts: 56 - Request URL: www.lavatransforms.org/xlswzq-qyjihxtb-ppoxej-mnwghcn/lvjqg-wixsde-huemy-bbyrhzn-q33503-uzsdcdt-famyabm-c320171939-pddr/
Attempts: 57 - Request URL: www.lavatransforms.org/migcbn-vrtpinvx-xgrtns-gepovld/kcxwt-moybkg-lzllq-c320171947-xjojzfu-xvhyoca-q38003-lslwgeg-vred/
Attempts: 58 - Request URL: www.lavatransforms.org/c320171940-vekhuv-mkwtsgfu-iliobv-q30803-holpnhr/sphhc-fqlisd-bnyst-gyjlbed-naxiyeg-xcqlmnl-btpg/
Attempts: 59 - Request URL: www.lavatransforms.org/q33143-vekhuv-mkwtsgfu-c320171942-iliobv-holpnhr/sphhc-fqlisd-bnyst-gyjlbed-naxiyeg-xcqlmnl-btpg/
Attempts: 60 - Request URL: www.lavatransforms.org/qdziwj-c320171941-rmrlfqck-kdqvfy-q40703-ywobzrb/aeruv-tbgmvt-evsgo-jslaril-obwpjtx-vnsnjaa-esat/
Attempts: 61 - Request URL: www.lavatransforms.org/kyyapa-weadmiun-rcuaww-bynuxek/cmurp-zsjtph-wyzoe-c320171947-weswssc-q13703-ztalsww-chtgvjy-jnrs/
Attempts: 62 - Request URL: www.lavatransforms.org/eaeedr-eqzvzhrt-awepmc-c320171943-qjqarwc/wbvph-vcpgyr-q44303-ixqdd-turntvw-fqjjpfm-rocvrtv-spkp/
Attempts: 63 - Request URL: www.lavatransforms.org/supshg-flggbjgj-q36203-snysoq-ffyxixw/fxkou-c320171945-rehjmi-nfoza-kzdzkle-mkkxujz-wwdkwsh-iicc/
Attempts: 64 - Request URL: www.lavatransforms.org/wowbk-xxnhngm-c320171942-q959-dznsvnax-usjcdqj/xfmz-kqxmnbks-pbfcrkx-scgprmrs-grcspz-jbqbce-bwjvnb/
Attempts: 65 - Request URL: www.lavatransforms.org/wowbk-xxnhngm-q959-dznsvnax-usjcdqj/xfmz-c320171945-kqxmnbks-pbfcrkx-scgprmrs-grcspz-jbqbce-bwjvnb/
Attempts: 66 - Request URL: www.lavatransforms.org/vekh-c320171941-uvmkw-tsgfuil-iobvho/lpnhrsph-hcfq-lisdbnys-q8755-tgyjl-bednaxiy-egxcq-lmnlbt-pgmus/
Attempts: 67 - Request URL: www.lavatransforms.org/jmuq-thjvf-unzewdq-dbgepm/vmcoubsf-c320171945-gdeu-bfzogqhw-q1555-wnwve-ybkaycal-poamg-oporfm-ozroh/
Attempts: 68 - Request URL: www.lavatransforms.org/xlswz-q6359-qqyjihx-tbppoxej-mnwghcn/lvjq-gwixsdeh-c320171946-uemybby-rhznuzsd-cdtfam-yabmpd-drsklc/
Attempts: 69 - Request URL: www.lavatransforms.org/xlswz-c320171941-q6359-qqyjihx-tbppoxej-mnwghcn/lvjq-gwixsdeh-uemybby-rhznuzsd-cdtfam-yabmpd-drsklc/
Attempts: 70 - Request URL: www.lavatransforms.org/zfnml-mkfyrad-lqexalih-q7439-klrwwsh/zwec-c320171945-iahkkjjk-lrakfof-fqnjbsgm-tantfh-stifgh-loidjj/
Attempts: 71 - Request URL: www.lavatransforms.org/supsh-gflggbj-gjsnysoq-ffyxixw/fxko-urehjmin-c320171946-q9059-fozakzd-zklemkkx-ujzwwd-kwshii-cccmkz/
Attempts: 72 - Request URL: www.lavatransforms.org/sitemap/sitemap3.xml
Attempts: 73 - Request URL: www.lavatransforms.org/lqaua-dphbfes-blcymzzb-c320171943-ogajamq/ouyy-xkashwvu-dtibqpn-dpofhebe-ayrkje-dogdkv-q7259-ufhacq/
Attempts: 74 - Request URL: www.lavatransforms.org/vekhu-vmkwtsg-fuiliobv-c320171943-holpnhr/sphh-cfqlisdb-nystgyj-q3659-lbednaxi-yegxcq-lmnlbt-pgmusw/
Attempts: 75 - Request URL: www.lavatransforms.org/xlswz-q6359-qqyjihx-tbppoxej-c320171943-mnwghcn/lvjq-gwixsdeh-uemybby-rhznuzsd-cdtfam-yabmpd-drsklc/
Attempts: 76 - Request URL: www.lavatransforms.org/c320171940-q1859-qdziw-jrmrlfq-ckkdqvfy-ywobzrb/aeru-vtbgmvte-vsgojsl-arilobwp-jtxvns-njaaes-atogdp/
Attempts: 77 - Request URL: www.lavatransforms.org/wowb-kxxnh-ngmdzns-vnaxus/jcdqjxfm-zkqx-c320171946-mnbkspbf-q6055-crkxs-cgprmrsg-rcspz-jbqbce-bwjvn/
Attempts: 78 - Request URL: www.lavatransforms.org/eaeed-reqzvzh-rtawepmc-q5459-qjqarwc/wbvp-hvcpgyri-xqddtur-ntvwfqjj-c320171948-pfmroc-vrtvsp-kpdsgg/
Attempts: 79 - Request URL: www.lavatransforms.org/vekh-uvmkw-c320171942-tsgfuil-iobvho/lpnhrsph-hcfq-lisdbnys-q8755-tgyjl-bednaxiy-egxcq-lmnlbt-pgmus/
Attempts: 80 - Request URL: www.lavatransforms.org/sups-hgflg-gbjgjsn-ysoqff/yxixwfxk-oure-c320171946-hjminfoz-q2455-akzdz-klemkkxu-jzwwd-kwshii-cccmk/
Attempts: 81 - Request URL: www.lavatransforms.org/eaeed-reqzvzh-rtawepmc-q5459-qjqarwc/wbvp-hvcpgyri-c320171946-xqddtur-ntvwfqjj-pfmroc-vrtvsp-kpdsgg/
Attempts: 82 - Request URL: www.lavatransforms.org/fbvf-mbiji-jcpzgfr-nksnsu/slgpsmhi-c320171945-mwig-tcosjwmt-q9655-psdph-mqhjhdoe-odnin-fepchw-gmywm/
Attempts: 83 - Request URL: www.lavatransforms.org/wowb-kxxnh-ngmdzns-c320171943-vnaxus/jcdqjxfm-zkqx-mnbkspbf-q1375-crkxs-cgprmrsg-rcspz-jbqbce-bwjvn/
Attempts: 84 - Request URL: www.lavatransforms.org/lqauadp-hbfesblc-ymzzboga-jamqouyy/xkashw-vudtib-qpndpo-q4451-fhebea-c320171948-yrkj-edogdkvu-fhacq/
Attempts: 85 - Request URL: www.lavatransforms.org/zfnm-lmkfy-radlqex-c320171943-alihkl/rwwshzwe-ciah-kkjjklra-q7855-kfoff-qnjbsgmt-antfh-stifgh-loidj/
Attempts: 86 - Request URL: www.lavatransforms.org/xlswzqq-q1211-yjihxtbp-poxejmnw-ghcnlvjq/gwixsd-ehuemy-c320171946-bbyrhz-nuzsdc-dtfa-myabmpdd-rsklc/
Attempts: 87 - Request URL: www.lavatransforms.org/qdzi-wjrmr-lfqckkd-qvfyyw/obzrbaer-uvtb-c320171946-gmvtevsg-q6955-ojsla-rilobwpj-txvns-njaaes-atogd/
Attempts: 88 - Request URL: www.lavatransforms.org/zfnml-mkfyrad-lqexalih-klrwwsh/zwec-iahkkjjk-lrakfof-c320171947-fqnjbsgm-tantfh-q2759-stifgh-loidjj/
Attempts: 89 - Request URL: www.lavatransforms.org/c320171940-supsh-gflggbj-gjsnysoq-ffyxixw/fxko-urehjmin-q9059-fozakzd-zklemkkx-ujzwwd-kwshii-cccmkz/
Attempts: 90 - Request URL: www.lavatransforms.org/qdzi-wjrmr-lfqckkd-qvfyyw/obzrbaer-uvtb-gmvtevsg-q6955-ojsla-c320171948-rilobwpj-txvns-njaaes-atogd/
Attempts: 91 - Request URL: www.lavatransforms.org/migcb-nvrtpin-vxxgrtns-gepovld/kcxw-tmoybkgl-zllqxjo-c320171947-jzfuxvhy-ocalsl-q22559-wgegvr-edenoh/
Attempts: 92 - Request URL: www.lavatransforms.org/vekh-uvmkw-tsgfuil-iobvho/lpnhrsph-hcfq-lisdbnys-c320171947-q20455-tgyjl-bednaxiy-egxcq-lmnlbt-pgmus/
Attempts: 93 - Request URL: www.lavatransforms.org/sups-hgflg-c320171942-gbjgjsn-ysoqff/yxixwfxk-oure-hjminfoz-q37555-akzdz-klemkkxu-jzwwd-kwshii-cccmk/
Attempts: 94 - Request URL: www.lavatransforms.org/jmuqt-hjvfunz-ewdqdbge-c320171943-pmvmcou/bsfg-deubfzog-qhwwnwv-q43259-eybkayca-lpoamg-oporfm-ozroht/
Attempts: 95 - Request URL: www.lavatransforms.org/cntg-jwctm-oraishv-cmcfdp/idbdpuoz-vsdf-dwfxphjb-q16855-vhtzb-nhqklmww-nyptf-tuxuxx-c320171939-niviu/
Attempts: 96 - Request URL: www.lavatransforms.org/vekhu-vmkwtsg-fuiliobv-c320171943-q15359-holpnhr/sphh-cfqlisdb-nystgyj-lbednaxi-yegxcq-lmnlbt-pgmusw/
Attempts: 97 - Request URL: www.lavatransforms.org/wowbkx-xnhngmdz-nsvnax-c320171943-usjcdqj/xfmzk-qxmnbk-spbfc-rkxscgp-rmrsgrc-q28103-spzjbqb-cebw/
Attempts: 98 - Request URL: www.lavatransforms.org/zfnmlm-kfyradlq-exalih-klrwwsh/zweci-ahkkjj-c320171946-klrak-foffqnj-q53303-bsgmtan-tfhstif-ghlo/
Attempts: 99 - Request URL: www.lavatransforms.org/qdziwj-c320171941-rmrlfqck-kdqvfy-ywobzrb/aeruv-tbgmvt-evsgo-q29003-jslaril-obwpjtx-vnsnjaa-esat/
Attempts: more than 99 - Request URL: www.lavatransforms.org/wowbkx-c320171941-xnhngmdz-nsvnax-usjcdqj/xfmzk-q39803-qxmnbk-spbfc-rkxscgp-rmrsgrc-spzjbqb-cebw/
