Attempts: 1 - Request URL: www.lavatransforms.org/zfnmlm-kfyradlq-exalih-klrwwsh/zweci-ahkkjj-klrak-c320171947-q1303-foffqnj-bsgmtan-tfhstif-ghlo-idjjfuta/
Attempts: 2 - Request URL: www.lavatransforms.org/c320171940-lqauad-phbfesbl-cymzzb-ogajamq/ouyyx-kashwv-udtib-q5803-qpndpof-hebeayr-kjedogd-kvuf-hacquwix/
Attempts: 3 - Request URL: www.lavatransforms.org/xlswzq-qyjihxtb-ppoxej-mnwghcn/lvjqg-c320171945-wixsde-huemy-q4903-bbyrhzn-uzsdcdt-famyabm-pddr-sklcmswk/
Attempts: 4 - Request URL: www.lavatransforms.org/jmuqth-jvfunzew-dqdbge-pmvmcou/bsfgd-eubfzo-gqhww-q6703-nwveybk-c320171948-aycalpo-amgopor-fmoz-rohthixv/
Attempts: 5 - Request URL: www.lavatransforms.org/vekhuv-mkwtsgfu-iliobv-holpnhr/sphhc-c320171945-fqlisd-bnyst-q2203-gyjlbed-naxiyeg-xcqlmnl-btpg-muswzdbf/
Attempts: 6 - Request URL: www.lavatransforms.org/eaeedr-eqzvzhrt-awepmc-qjqarwc/wbvph-vcpgyr-ixqdd-c320171947-q4003-turntvw-fqjjpfm-rocvrtv-spkp-dsggwqke/
Attempts: 7 - Request URL: www.lavatransforms.org/xlswzq-qyjihxtb-ppoxej-c320171943-mnwghcn/lvjqg-wixsde-huemy-q4903-bbyrhzn-uzsdcdt-famyabm-pddr-sklcmswk/
Attempts: 8 - Request URL: www.lavatransforms.org/migcbn-vrtpinvx-xgrtns-gepovld/kcxwt-moybkg-lzllq-q9403-xjojzfu-xvhyoca-lslwgeg-vred-c320171939-enohnmrs/
Attempts: 9 - Request URL: www.lavatransforms.org/fbvfmb-ijijcpzg-frnksn-c320171943-suslgps/mhimw-igtcos-jwmtp-q3103-sdphmqh-jhdoeod-ninfepc-hwgm-ywmscavw/
Attempts: 10 - Request URL: www.lavatransforms.org/supshg-flggbjgj-snysoq-ffyxixw/fxkou-rehjmi-c320171946-nfoza-q7603-kzdzkle-mkkxujz-wwdkwsh-iicc-cmkzygao/
Attempts: 11 - Request URL: www.lavatransforms.org/c320171940-zfnmlm-kfyradlq-exalih-klrwwsh/zweci-ahkkjj-klrak-q1303-foffqnj-bsgmtan-tfhstif-ghlo-idjjfuta/
Attempts: 12 - Request URL: www.lavatransforms.org/migcbnv-rtpinvxx-grtnsgep-ovldkcxw/tmoybk-glzllq-c320171946-xjojzf-q511-uxvhyo-cals-lwgegvre-denoh-nmrsj/
Attempts: 13 - Request URL: www.lavatransforms.org/jmuqth-jvfunzew-c320171942-dqdbge-pmvmcou/bsfgd-eubfzo-gqhww-q30103-nwveybk-aycalpo-amgopor-fmoz-rohthixv/
Attempts: 14 - Request URL: www.lavatransforms.org/vekhuv-mkwtsgfu-iliobv-holpnhr/sphhc-fqlisd-bnyst-c320171947-q37303-gyjlbed-naxiyeg-xcqlmnl-btpg-muswzdbf/
Attempts: 15 - Request URL: www.lavatransforms.org/sitemap/sitemap8.xml
Attempts: 16 - Request URL: www.lavatransforms.org/cntgjwc-tmoraish-vcmcfdpi-dbdpuozv/sdfdwf-xphjbv-c320171946-htzbnh-q1411-qklmww-nypt-ftuxuxxn-iviue-ixone/
Attempts: 17 - Request URL: www.lavatransforms.org/jmuqth-jvfunzew-dqdbge-pmvmcou/bsfgd-eubfzo-gqhww-q30103-nwveybk-aycalpo-amgopor-fmoz-c320171939-rohthixv/
Attempts: 18 - Request URL: www.lavatransforms.org/kyyapa-weadmiun-c320171942-rcuaww-bynuxek/cmurp-zsjtph-wyzoe-q20203-weswssc-ztalsww-chtgvjy-jnrs-nreorhqb/
Attempts: 19 - Request URL: www.lavatransforms.org/jmuqth-jvfunzew-dqdbge-pmvmcou/bsfgd-eubfzo-gqhww-q30103-nwveybk-c320171948-aycalpo-amgopor-fmoz-rohthixv/
Attempts: 20 - Request URL: www.lavatransforms.org/vekhuv-mkwtsgfu-iliobv-c320171943-holpnhr/sphhc-fqlisd-bnyst-q13903-gyjlbed-naxiyeg-xcqlmnl-btpg-muswzdbf/
Attempts: 21 - Request URL: www.lavatransforms.org/jmuqth-jvfunzew-dqdbge-c320171943-pmvmcou/bsfgd-eubfzo-gqhww-q30103-nwveybk-aycalpo-amgopor-fmoz-rohthixv/
Attempts: 22 - Request URL: www.lavatransforms.org/lqauad-c320171941-phbfesbl-cymzzb-ogajamq/ouyyx-kashwv-udtib-q17503-qpndpof-hebeayr-kjedogd-kvuf-hacquwix/
Attempts: 23 - Request URL: www.lavatransforms.org/lqauad-phbfesbl-cymzzb-ogajamq/ouyyx-kashwv-udtib-q40903-qpndpof-c320171948-hebeayr-kjedogd-kvuf-hacquwix/
Attempts: 24 - Request URL: www.lavatransforms.org/c320171940-vekhuv-mkwtsgfu-iliobv-holpnhr/sphhc-fqlisd-bnyst-q25603-gyjlbed-naxiyeg-xcqlmnl-btpg-muswzdbf/
Attempts: 25 - Request URL: www.lavatransforms.org/xlswzq-qyjihxtb-ppoxej-mnwghcn/lvjqg-wixsde-huemy-q28303-bbyrhzn-c320171948-uzsdcdt-famyabm-pddr-sklcmswk/
Attempts: 26 - Request URL: www.lavatransforms.org/fbvfmb-c320171941-ijijcpzg-frnksn-suslgps/mhimw-igtcos-jwmtp-q14803-sdphmqh-jhdoeod-ninfepc-hwgm-ywmscavw/
Attempts: 27 - Request URL: www.lavatransforms.org/migcbn-vrtpinvx-xgrtns-gepovld/kcxwt-moybkg-c320171946-lzllq-q44503-xjojzfu-xvhyoca-lslwgeg-vred-enohnmrs/
Attempts: 28 - Request URL: www.lavatransforms.org/c320171940-fbvfmb-ijijcpzg-frnksn-suslgps/mhimw-igtcos-jwmtp-q26503-sdphmqh-jhdoeod-ninfepc-hwgm-ywmscavw/
Attempts: 29 - Request URL: www.lavatransforms.org/supshg-flggbjgj-snysoq-ffyxixw/fxkou-c320171945-rehjmi-nfoza-q19303-kzdzkle-mkkxujz-wwdkwsh-iicc-cmkzygao/
Attempts: 30 - Request URL: www.lavatransforms.org/node/2
Attempts: 31 - Request URL: www.lavatransforms.org/cntgjwc-tmoraish-vcmcfdpi-dbdpuozv/sdfdwf-xphjbv-htzbnh-q8431-qklmww-nypt-ftuxuxxn-iviue-c320171939-ixone/
Attempts: 32 - Request URL: www.lavatransforms.org/c320171940-cntgjw-ctmorais-hvcmcf-dpidbdp/uozvs-dfdwfx-phjbv-q22003-htzbnhq-klmwwny-ptftuxu-xxni-viueixon/
Attempts: 33 - Request URL: www.lavatransforms.org/c320171940-cntgjw-ctmorais-hvcmcf-dpidbdp/uozvs-dfdwfx-phjbv-q33703-htzbnhq-klmwwny-ptftuxu-xxni-viueixon/
Attempts: 34 - Request URL: www.lavatransforms.org/c320171940-jmuqth-jvfunzew-dqdbge-pmvmcou/bsfgd-eubfzo-gqhww-q18403-nwveybk-aycalpo-amgopor-fmoz-rohthixv/
Attempts: 35 - Request URL: www.lavatransforms.org/wowbkxx-nhngmdzn-svnaxusj-cdqjxfmz/kqxmnb-kspbfc-rkxscg-q9331-prmrsg-rcsp-zjbqbceb-wjvnb-c320171939-slgds/
Attempts: 36 - Request URL: www.lavatransforms.org/xlswzq-qyjihxtb-ppoxej-mnwghcn/lvjqg-wixsde-huemy-c320171947-q51703-bbyrhzn-uzsdcdt-famyabm-pddr-sklcmswk/
Attempts: 37 - Request URL: www.lavatransforms.org/c320171940-supshg-flggbjgj-snysoq-ffyxixw/fxkou-rehjmi-nfoza-q54403-kzdzkle-mkkxujz-wwdkwsh-iicc-cmkzygao/
Attempts: 38 - Request URL: www.lavatransforms.org/fbvfmb-ijijcpzg-frnksn-suslgps/mhimw-c320171945-igtcos-jwmtp-q49903-sdphmqh-jhdoeod-ninfepc-hwgm-ywmscavw/
Attempts: 39 - Request URL: www.lavatransforms.org/xlswzq-qyjihxtb-ppoxej-mnwghcn/lvjqg-c320171945-wixsde-huemy-q51703-bbyrhzn-uzsdcdt-famyabm-pddr-sklcmswk/
Attempts: 40 - Request URL: www.lavatransforms.org/fbvfmb-ijijcpzg-frnksn-c320171943-suslgps/mhimw-igtcos-jwmtp-q38203-sdphmqh-jhdoeod-ninfepc-hwgm-ywmscavw/
Attempts: 41 - Request URL: www.lavatransforms.org/migcbn-vrtpinvx-xgrtns-c320171943-gepovld/kcxwt-moybkg-lzllq-q35143-xjojzfu-xvhyoca-lslwgeg-vred-enohnmrs/
Attempts: 42 - Request URL: www.lavatransforms.org/lqauad-c320171941-phbfesbl-cymzzb-ogajamq/ouyyx-kashwv-udtib-q40903-qpndpof-hebeayr-kjedogd-kvuf-hacquwix/
Attempts: 43 - Request URL: www.lavatransforms.org/wowbkx-xnhngmdz-nsvnax-c320171943-usjcdqj/xfmzk-qxmnbk-spbfc-q34603-rkxscgp-rmrsgrc-spzjbqb-cebw-jvnbslgd/
Attempts: 44 - Request URL: www.lavatransforms.org/lqauad-phbfesbl-cymzzb-ogajamq/ouyyx-c320171945-kashwv-udtib-q29203-qpndpof-hebeayr-kjedogd-kvuf-hacquwix/
Attempts: 45 - Request URL: www.lavatransforms.org/xlswzq-qyjihxtb-c320171942-ppoxej-mnwghcn/lvjqg-wixsde-huemy-q51703-bbyrhzn-uzsdcdt-famyabm-pddr-sklcmswk/
Attempts: 46 - Request URL: www.lavatransforms.org/migcbn-vrtpinvx-xgrtns-gepovld/kcxwt-moybkg-lzllq-q44503-xjojzfu-xvhyoca-lslwgeg-vred-c320171939-enohnmrs/
Attempts: 47 - Request URL: www.lavatransforms.org/eaeedr-eqzvzhrt-awepmc-qjqarwc/wbvph-vcpgyr-c320171946-ixqdd-q15703-turntvw-fqjjpfm-rocvrtv-spkp-dsggwqke/
Attempts: 48 - Request URL: www.lavatransforms.org/migcbnv-rtpinvxx-grtnsgep-ovldkcxw/tmoybk-glzllq-xjojzf-q2851-uxvhyo-c320171948-cals-lwgegvre-denoh-nmrsj/
Attempts: 49 - Request URL: www.lavatransforms.org/salon-neon-july2013
Attempts: 50 - Request URL: www.lavatransforms.org/fbvfmb-ijijcpzg-frnksn-suslgps/mhimw-c320171945-igtcos-jwmtp-q14803-sdphmqh-jhdoeod-ninfepc-hwgm-ywmscavw/
Attempts: 51 - Request URL: www.lavatransforms.org/eaeedr-eqzvzhrt-awepmc-qjqarwc/wbvph-vcpgyr-ixqdd-q50803-turntvw-c320171948-fqjjpfm-rocvrtv-spkp-dsggwqke/
Attempts: 52 - Request URL: www.lavatransforms.org/jmuqth-jvfunzew-dqdbge-pmvmcou/bsfgd-eubfzo-gqhww-c320171947-q34783-nwveybk-aycalpo-amgopor-fmoz-rohthixv/
Attempts: 53 - Request URL: www.lavatransforms.org/zfnmlm-kfyradlq-exalih-klrwwsh/zweci-ahkkjj-klrak-c320171947-q24703-foffqnj-bsgmtan-tfhstif-ghlo-idjjfuta/
Attempts: 54 - Request URL: www.lavatransforms.org/fbvfmb-ijijcpzg-frnksn-suslgps/mhimw-igtcos-jwmtp-q49903-sdphmqh-jhdoeod-ninfepc-hwgm-c320171939-ywmscavw/
Attempts: 55 - Request URL: www.lavatransforms.org/jmuqth-jvfunzew-dqdbge-pmvmcou/bsfgd-eubfzo-gqhww-q41803-nwveybk-c320171948-aycalpo-amgopor-fmoz-rohthixv/
Attempts: 56 - Request URL: www.lavatransforms.org/jmuqth-jvfunzew-dqdbge-pmvmcou/bsfgd-eubfzo-gqhww-c320171947-q41803-nwveybk-aycalpo-amgopor-fmoz-rohthixv/
Attempts: 57 - Request URL: www.lavatransforms.org/zfnmlm-kfyradlq-exalih-klrwwsh/zweci-ahkkjj-klrak-c320171947-q36403-foffqnj-bsgmtan-tfhstif-ghlo-idjjfuta/
Attempts: 58 - Request URL: www.lavatransforms.org/vekhuv-mkwtsgfu-iliobv-holpnhr/sphhc-fqlisd-bnyst-q37303-gyjlbed-c320171948-naxiyeg-xcqlmnl-btpg-muswzdbf/
Attempts: 59 - Request URL: www.lavatransforms.org/jmuqth-jvfunzew-dqdbge-pmvmcou/bsfgd-eubfzo-c320171946-gqhww-q30103-nwveybk-aycalpo-amgopor-fmoz-rohthixv/
Attempts: 60 - Request URL: www.lavatransforms.org/wowbkxx-nhngmdzn-svnaxusj-cdqjxfmz/kqxmnb-kspbfc-rkxscg-c320171947-q4651-prmrsg-rcsp-zjbqbceb-wjvnb-slgds/
Attempts: 61 - Request URL: www.lavatransforms.org/jmuqth-jvfunzew-dqdbge-pmvmcou/bsfgd-eubfzo-gqhww-q53503-nwveybk-aycalpo-amgopor-fmoz-c320171939-rohthixv/
Attempts: 62 - Request URL: www.lavatransforms.org/vekhuv-mkwtsgfu-iliobv-holpnhr/sphhc-fqlisd-bnyst-q25603-gyjlbed-naxiyeg-xcqlmnl-btpg-c320171939-muswzdbf/
Attempts: 63 - Request URL: www.lavatransforms.org/zfnmlm-kfyradlq-exalih-c320171943-klrwwsh/zweci-ahkkjj-klrak-q36403-foffqnj-bsgmtan-tfhstif-ghlo-idjjfuta/
Attempts: 64 - Request URL: www.lavatransforms.org/eaeedr-eqzvzhrt-awepmc-qjqarwc/wbvph-vcpgyr-ixqdd-q15703-turntvw-fqjjpfm-rocvrtv-spkp-c320171939-dsggwqke/
Attempts: 65 - Request URL: www.lavatransforms.org/vekhuv-mkwtsgfu-iliobv-holpnhr/sphhc-c320171945-fqlisd-bnyst-q25603-gyjlbed-naxiyeg-xcqlmnl-btpg-muswzdbf/
Attempts: 66 - Request URL: www.lavatransforms.org/supshg-flggbjgj-c320171942-snysoq-ffyxixw/fxkou-rehjmi-nfoza-q33343-kzdzkle-mkkxujz-wwdkwsh-iicc-cmkzygao/
Attempts: 67 - Request URL: www.lavatransforms.org/qdziwj-rmrlfqck-kdqvfy-ywobzrb/aeruv-c320171945-tbgmvt-evsgo-q12103-jslaril-obwpjtx-vnsnjaa-esat-ogdpatup/
Attempts: 68 - Request URL: www.lavatransforms.org/vekhuv-mkwtsgfu-iliobv-holpnhr/sphhc-fqlisd-bnyst-c320171947-q25603-gyjlbed-naxiyeg-xcqlmnl-btpg-muswzdbf/
Attempts: 69 - Request URL: www.lavatransforms.org/qdziwj-rmrlfqck-kdqvfy-ywobzrb/aeruv-tbgmvt-evsgo-q35503-jslaril-obwpjtx-vnsnjaa-esat-c320171939-ogdpatup/
Attempts: 70 - Request URL: www.lavatransforms.org/eaeedr-eqzvzhrt-awepmc-qjqarwc/wbvph-c320171945-vcpgyr-ixqdd-q15703-turntvw-fqjjpfm-rocvrtv-spkp-dsggwqke/
Attempts: 71 - Request URL: www.lavatransforms.org/qdziwj-rmrlfqck-kdqvfy-ywobzrb/aeruv-tbgmvt-evsgo-q47203-jslaril-obwpjtx-vnsnjaa-esat-c320171939-ogdpatup/
Attempts: 72 - Request URL: www.lavatransforms.org/qdziwj-rmrlfqck-kdqvfy-ywobzrb/aeruv-tbgmvt-evsgo-c320171947-q23803-jslaril-obwpjtx-vnsnjaa-esat-ogdpatup/
Attempts: 73 - Request URL: www.lavatransforms.org/node/55
Attempts: 74 - Request URL: www.lavatransforms.org/kyyapa-weadmiun-c320171942-rcuaww-bynuxek/cmurp-zsjtph-wyzoe-q31903-weswssc-ztalsww-chtgvjy-jnrs-nreorhqb/
Attempts: 75 - Request URL: www.lavatransforms.org/kyyapa-weadmiun-rcuaww-c320171943-bynuxek/cmurp-zsjtph-wyzoe-q34243-weswssc-ztalsww-chtgvjy-jnrs-nreorhqb/
Attempts: 76 - Request URL: www.lavatransforms.org/migcbn-vrtpinvx-xgrtns-gepovld/kcxwt-moybkg-lzllq-q21103-xjojzfu-xvhyoca-lslwgeg-vred-c320171939-enohnmrs/
Attempts: 77 - Request URL: www.lavatransforms.org/fbvfmbi-jijcpzgf-rnksnsus-lgpsmhim/wigtco-sjwmtp-c320171946-sdphmq-q19951-hjhdoe-odni-nfepchwg-mywms-cavwl/
Attempts: 78 - Request URL: www.lavatransforms.org/vekhuvm-kwtsgfui-liobvhol-pnhrsphh/cfqlis-dbnyst-gyjlbe-c320171947-q42451-dnaxiy-egxc-qlmnlbtp-gmusw-zdbfw/
Attempts: 79 - Request URL: www.lavatransforms.org/event/broadway-on-my-mind-16
Attempts: 80 - Request URL: www.lavatransforms.org/xlswzqq-yjihxtbp-poxejmnw-ghcnlvjq/gwixsd-ehuemy-bbyrhz-q33451-nuzsdc-c320171948-dtfa-myabmpdd-rsklc-mswkt/
Attempts: 81 - Request URL: www.lavatransforms.org/qdziwjr-mrlfqckk-dqvfyywo-bzrbaeru/vtbgmv-tevsgo-jslari-c320171947-q17251-lobwpj-txvn-snjaaesa-togdp-atupz/
Attempts: 82 - Request URL: www.lavatransforms.org/c320171940-eaeedre-qzvzhrta-wepmcqjq-arwcwbvp/hvcpgy-rixqdd-turntv-q41911-wfqjjp-fmro-cvrtvspk-pdsgg-wqkeb/
Attempts: 83 - Request URL: www.lavatransforms.org/migcbnv-rtpinvxx-grtnsgep-ovldkcxw/tmoybk-glzllq-xjojzf-q26251-uxvhyo-c320171948-cals-lwgegvre-denoh-nmrsj/
Attempts: 84 - Request URL: www.lavatransforms.org/zfnmlmk-fyradlqe-xalihklr-wwshzwec/iahkkj-jklrak-foffqn-c320171947-q29851-jbsgmt-antf-hstifghl-oidjj-futax/
Attempts: 85 - Request URL: www.lavatransforms.org/zfnmlmk-fyradlqe-xalihklr-wwshzwec/iahkkj-jklrak-foffqn-q53251-jbsgmt-c320171948-antf-hstifghl-oidjj-futax/
Attempts: 86 - Request URL: www.lavatransforms.org/eaeedre-qzvzhrta-wepmcqjq-arwcwbvp/hvcpgy-rixqdd-c320171946-turntv-q32551-wfqjjp-fmro-cvrtvspk-pdsgg-wqkeb/
Attempts: 87 - Request URL: www.lavatransforms.org/wowbkxx-nhngmdzn-svnaxusj-cdqjxfmz/kqxmnb-kspbfc-c320171946-rkxscg-q39751-prmrsg-rcsp-zjbqbceb-wjvnb-slgds/
Attempts: 88 - Request URL: www.lavatransforms.org/cntgjwc-tmoraish-vcmcfdpi-dbdpuozv/sdfdwf-xphjbv-htzbnh-q13111-qklmww-nypt-ftuxuxxn-iviue-c320171939-ixone/
Attempts: 89 - Request URL: www.lavatransforms.org/vekhuvm-kwtsgfui-liobvhol-pnhrsphh/cfqlis-dbnyst-c320171946-gyjlbe-q42451-dnaxiy-egxc-qlmnlbtp-gmusw-zdbfw/
Attempts: 90 - Request URL: www.lavatransforms.org/xlswzqq-yjihxtbp-poxejmnw-ghcnlvjq/gwixsd-ehuemy-bbyrhz-c320171947-q33451-nuzsdc-dtfa-myabmpdd-rsklc-mswkt/
Attempts: 91 - Request URL: www.lavatransforms.org/fbvfmbi-jijcpzgf-rnksnsus-lgpsmhim/wigtco-sjwmtp-c320171946-sdphmq-q55051-hjhdoe-odni-nfepchwg-mywms-cavwl/
Attempts: 92 - Request URL: www.lavatransforms.org/jmuqthj-vfunzewd-qdbgepmv-mcoubsfg/deubfz-ogqhww-c320171946-nwveyb-q11851-kaycal-poam-goporfmo-zroht-hixvp/
Attempts: 93 - Request URL: www.lavatransforms.org/eaeedre-qzvzhrta-wepmcqjq-arwcwbvp/hvcpgy-rixqdd-turntv-c320171947-q44251-wfqjjp-fmro-cvrtvspk-pdsgg-wqkeb/
Attempts: 94 - Request URL: www.lavatransforms.org/jmuqthj-vfunzewd-qdbgepmv-mcoubsfg/deubfz-ogqhww-nwveyb-c320171947-q23551-kaycal-poam-goporfmo-zroht-hixvp/
Attempts: 95 - Request URL: www.lavatransforms.org/jmuqt-hjvfunz-ewdqdbge-pmvmcou/bsfg-deubfzog-qhwwnwv-c320171947-q2959-eybkayca-lpoamg-oporfm-ozroht-hixvpubw/
Attempts: 96 - Request URL: www.lavatransforms.org/wowbk-xxnhngm-dznsvnax-usjcdqj/xfmz-kqxmnbks-pbfcrkx-c320171947-q7459-scgprmrs-grcspz-jbqbce-bwjvnb-slgdspkc/
Attempts: 97 - Request URL: www.lavatransforms.org/wowbk-xxnhngm-dznsvnax-usjcdqj/xfmz-c320171945-kqxmnbks-pbfcrkx-q7459-scgprmrs-grcspz-jbqbce-bwjvnb-slgdspkc/
Attempts: 98 - Request URL: www.lavatransforms.org/qdziw-jrmrlfq-ckkdqvfy-ywobzrb/aeru-c320171945-vtbgmvte-vsgojsl-q8359-arilobwp-jtxvns-njaaes-atogdp-atupziqz/
Attempts: 99 - Request URL: www.lavatransforms.org/supsh-gflggbj-gjsnysoq-ffyxixw/fxko-urehjmin-fozakzd-q3859-zklemkkx-ujzwwd-kwshii-cccmkz-c320171939-ygaohspf/
Attempts: more than 99 - Request URL: www.lavatransforms.org/lqaua-c320171941-dphbfes-blcymzzb-ogajamq/ouyy-xkashwvu-dtibqpn-q2059-dpofhebe-ayrkje-dogdkv-ufhacq-uwixicns/
