Attempts: 1 - Request URL: www.lavatransforms.org/qdziwj-rmrlfqck-kdqvfy-ywobzrb/aeruv-tbgmvt-evsgo-c320171947-jslaril-obwpjtx-vnsnjaa-q52403-esat/
Attempts: 2 - Request URL: www.lavatransforms.org/vekhuv-mkwtsgfu-iliobv-holpnhr/sphhc-c320171945-fqlisd-bnyst-q19103-gyjlbed-naxiyeg-xcqlmnl-btpg/
Attempts: 3 - Request URL: www.lavatransforms.org/c320171940-lqauad-phbfesbl-q46103-cymzzb-ogajamq/ouyyx-kashwv-udtib-qpndpof-hebeayr-kjedogd-kvuf/
Attempts: 4 - Request URL: www.lavatransforms.org/zfnmlm-c320171941-kfyradlq-exalih-klrwwsh/zweci-ahkkjj-klrak-foffqnj-q53303-bsgmtan-tfhstif-ghlo/
Attempts: 5 - Request URL: www.lavatransforms.org/zfnmlm-c320171941-q41603-kfyradlq-exalih-klrwwsh/zweci-ahkkjj-klrak-foffqnj-bsgmtan-tfhstif-ghlo/
Attempts: 6 - Request URL: www.lavatransforms.org/lqauad-phbfesbl-cymzzb-ogajamq/ouyyx-kashwv-c320171946-q34403-udtib-qpndpof-hebeayr-kjedogd-kvuf/
Attempts: 7 - Request URL: www.lavatransforms.org/fbvf-mbiji-jcpzgfr-nksnsu/slgpsmhi-mwig-tcosjwmt-q33055-psdph-c320171948-mqhjhdoe-odnin-fepchw-gmywm/
Attempts: 8 - Request URL: www.lavatransforms.org/eaeed-reqzvzh-rtawepmc-c320171943-qjqarwc/wbvp-hvcpgyri-xqddtur-ntvwfqjj-pfmroc-q52259-vrtvsp-kpdsgg/
Attempts: 9 - Request URL: www.lavatransforms.org/c320171940-qdzi-wjrmr-lfqckkd-qvfyyw/obzrbaer-uvtb-gmvtevsg-q18655-ojsla-rilobwpj-txvns-njaaes-atogd/
Attempts: 10 - Request URL: www.lavatransforms.org/eaeed-c320171941-reqzvzh-q40559-rtawepmc-qjqarwc/wbvp-hvcpgyri-xqddtur-ntvwfqjj-pfmroc-vrtvsp-kpdsgg/
Attempts: 11 - Request URL: www.lavatransforms.org/vekhu-vmkwtsg-fuiliobv-q15359-holpnhr/sphh-cfqlisdb-c320171946-nystgyj-lbednaxi-yegxcq-lmnlbt-pgmusw/
Attempts: 12 - Request URL: www.lavatransforms.org/zfnmlmk-fyradlqe-xalihklr-wwshzwec/iahkkj-jklrak-c320171946-foffqn-jbsgmt-antf-q23351-hstifghl-oidjj/
Attempts: 13 - Request URL: www.lavatransforms.org/lqau-c320171941-adphb-fesblcy-mzzbog/ajamqouy-yxka-shwvudti-q47455-bqpnd-pofhebea-yrkje-dogdkv-ufhac/
Attempts: 14 - Request URL: www.lavatransforms.org/q11759-cntgj-wctmora-ishvcmcf-dpidbdp/uozv-sdfdwfxp-hjbvhtz-bnhqklmw-c320171948-wnyptf-tuxuxx-niviue/
Attempts: 15 - Request URL: www.lavatransforms.org/xlsw-zqqyj-ihxtbpp-c320171943-oxejmn/wghcnlvj-qgwi-xsdehuem-q34855-ybbyr-hznuzsdc-dtfam-yabmpd-drskl/
Attempts: 16 - Request URL: www.lavatransforms.org/q53339-qdziw-jrmrlfq-ckkdqvfy-c320171943-ywobzrb/aeru-vtbgmvte-vsgojsl-arilobwp-jtxvns-njaaes-atogdp/
Attempts: 17 - Request URL: www.lavatransforms.org/kyya-pawea-dmiunrc-uawwby/nuxekcmu-rpzs-c320171946-jtphwyzo-q50155-ewesw-sscztals-wwcht-gvjyjn-rsnre/
Attempts: 18 - Request URL: www.lavatransforms.org/qdzi-wjrmr-lfqckkd-qvfyyw/obzrbaer-uvtb-c320171946-gmvtevsg-q30355-ojsla-rilobwpj-txvns-njaaes-atogd/
Attempts: 19 - Request URL: www.lavatransforms.org/c320171940-zfnm-lmkfy-radlqex-alihkl/rwwshzwe-ciah-kkjjklra-q19555-kfoff-qnjbsgmt-antfh-stifgh-loidj/
Attempts: 20 - Request URL: www.lavatransforms.org/wowb-c320171941-kxxnh-ngmdzns-vnaxus/jcdqjxfm-zkqx-mnbkspbf-q41155-crkxs-cgprmrsg-rcspz-jbqbce-bwjvn/
Attempts: 21 - Request URL: www.lavatransforms.org/c320171940-kyya-pawea-dmiunrc-uawwby/nuxekcmu-rpzs-jtphwyzo-q26755-ewesw-sscztals-wwcht-gvjyjn-rsnre/
Attempts: 22 - Request URL: www.lavatransforms.org/zfnm-c320171941-lmkfy-radlqex-alihkl/rwwshzwe-ciah-kkjjklra-q19555-kfoff-qnjbsgmt-antfh-stifgh-loidj/
Attempts: 23 - Request URL: www.lavatransforms.org/zfnmlmk-q46751-fyradlqe-xalihklr-wwshzwec/iahkkj-jklrak-c320171946-foffqn-jbsgmt-antf-hstifghl-oidjj/
Attempts: 24 - Request URL: www.lavatransforms.org/migc-bnvrt-pinvxxg-rtnsge/povldkcx-wtmo-c320171946-ybkglzll-q39355-qxjoj-zfuxvhyo-calsl-wgegvr-edeno/
Attempts: 25 - Request URL: www.lavatransforms.org/wowb-kxxnh-ngmdzns-vnaxus/jcdqjxfm-zkqx-mnbkspbf-q17755-crkxs-c320171948-cgprmrsg-rcspz-jbqbce-bwjvn/
Attempts: 26 - Request URL: www.lavatransforms.org/eaee-dreqz-vzhrtaw-epmcqj/qarwcwbv-phvc-pgyrixqd-c320171947-q45655-dturn-tvwfqjjp-fmroc-vrtvsp-kpdsg/
Attempts: 27 - Request URL: www.lavatransforms.org/eaeed-reqzvzh-rtawepmc-qjqarwc/wbvp-c320171945-hvcpgyri-q28859-xqddtur-ntvwfqjj-pfmroc-vrtvsp-kpdsgg/
Attempts: 28 - Request URL: www.lavatransforms.org/zfnm-lmkfy-radlqex-alihkl/rwwshzwe-c320171945-ciah-kkjjklra-q42955-kfoff-qnjbsgmt-antfh-stifgh-loidj/
Attempts: 29 - Request URL: www.lavatransforms.org/vekh-uvmkw-tsgfuil-c320171943-iobvho/lpnhrsph-hcfq-lisdbnys-q32155-tgyjl-bednaxiy-egxcq-lmnlbt-pgmus/
Attempts: 30 - Request URL: www.lavatransforms.org/supsh-gflggbj-q20759-gjsnysoq-ffyxixw/fxko-urehjmin-c320171946-fozakzd-zklemkkx-ujzwwd-kwshii-cccmkz/
Attempts: 31 - Request URL: www.lavatransforms.org/eaeed-reqzvzh-rtawepmc-qjqarwc/wbvp-c320171945-hvcpgyri-xqddtur-ntvwfqjj-pfmroc-q52259-vrtvsp-kpdsgg/
Attempts: 32 - Request URL: www.lavatransforms.org/wowb-c320171941-kxxnh-ngmdzns-vnaxus/jcdqjxfm-zkqx-mnbkspbf-q52855-crkxs-cgprmrsg-rcspz-jbqbce-bwjvn/
Attempts: 33 - Request URL: www.lavatransforms.org/vekhu-vmkwtsg-fuiliobv-holpnhr/sphh-c320171945-cfqlisdb-nystgyj-lbednaxi-yegxcq-lmnlbt-q27059-pgmusw/
Attempts: 34 - Request URL: www.lavatransforms.org/lqaua-dphbfes-q30659-blcymzzb-ogajamq/ouyy-c320171945-xkashwvu-dtibqpn-dpofhebe-ayrkje-dogdkv-ufhacq/
Attempts: 35 - Request URL: www.lavatransforms.org/cntgj-wctmora-ishvcmcf-dpidbdp/uozv-sdfdwfxp-hjbvhtz-bnhqklmw-c320171948-wnyptf-tuxuxx-q46859-niviue/
Attempts: 36 - Request URL: www.lavatransforms.org/eaee-dreqz-vzhrtaw-epmcqj/qarwcwbv-phvc-pgyrixqd-q22255-dturn-tvwfqjjp-fmroc-vrtvsp-c320171939-kpdsg/
Attempts: 37 - Request URL: www.lavatransforms.org/cntg-jwctm-oraishv-cmcfdp/idbdpuoz-vsdf-dwfxphjb-q16855-vhtzb-c320171948-nhqklmww-nyptf-tuxuxx-niviu/
Attempts: 38 - Request URL: www.lavatransforms.org/eaee-dreqz-vzhrtaw-epmcqj/qarwcwbv-phvc-pgyrixqd-c320171947-q10555-dturn-tvwfqjjp-fmroc-vrtvsp-kpdsg/
Attempts: 39 - Request URL: www.lavatransforms.org/kyya-pawea-dmiunrc-uawwby/nuxekcmu-rpzs-jtphwyzo-c320171947-q50155-ewesw-sscztals-wwcht-gvjyjn-rsnre/
Attempts: 40 - Request URL: www.lavatransforms.org/c320171940-xlsw-zqqyj-ihxtbpp-oxejmn/wghcnlvj-qgwi-xsdehuem-q23155-ybbyr-hznuzsdc-dtfam-yabmpd-drskl/
Attempts: 41 - Request URL: www.lavatransforms.org/cntgj-c320171941-wctmora-ishvcmcf-dpidbdp/uozv-sdfdwfxp-hjbvhtz-q23459-bnhqklmw-wnyptf-tuxuxx-niviue/
Attempts: 42 - Request URL: www.lavatransforms.org/qdziw-jrmrlfq-ckkdqvfy-ywobzrb/aeru-vtbgmvte-q48659-vsgojsl-arilobwp-jtxvns-njaaes-c320171939-atogdp/
Attempts: 43 - Request URL: www.lavatransforms.org/xlswzqq-yjihxtbp-poxejmnw-ghcnlvjq/gwixsd-ehuemy-bbyrhz-c320171947-nuzsdc-q38651-dtfa-myabmpdd-rsklc/
Attempts: 44 - Request URL: www.lavatransforms.org/jmuq-thjvf-unzewdq-dbgepm/vmcoubsf-gdeu-bfzogqhw-q48355-wnwve-c320171948-ybkaycal-poamg-oporfm-ozroh/
Attempts: 45 - Request URL: www.lavatransforms.org/q32351-cntgjwc-tmoraish-vcmcfdpi-dbdpuozv/sdfdwf-xphjbv-htzbnh-c320171947-qklmww-nypt-ftuxuxxn-iviue/
Attempts: 46 - Request URL: www.lavatransforms.org/wowb-kxxnh-ngmdzns-vnaxus/jcdqjxfm-c320171945-zkqx-mnbkspbf-q52855-crkxs-cgprmrsg-rcspz-jbqbce-bwjvn/
Attempts: 47 - Request URL: www.lavatransforms.org/zfnm-lmkfy-radlqex-alihkl/rwwshzwe-ciah-kkjjklra-c320171947-q19555-kfoff-qnjbsgmt-antfh-stifgh-loidj/
Attempts: 48 - Request URL: www.lavatransforms.org/q31559-jmuqt-hjvfunz-ewdqdbge-pmvmcou/bsfg-deubfzog-qhwwnwv-eybkayca-c320171948-lpoamg-oporfm-ozroht/
Attempts: 49 - Request URL: www.lavatransforms.org/lqau-adphb-fesblcy-mzzbog/ajamqouy-yxka-shwvudti-q35755-bqpnd-pofhebea-yrkje-dogdkv-c320171939-ufhac/
Attempts: 50 - Request URL: www.lavatransforms.org/kyya-pawea-dmiunrc-uawwby/nuxekcmu-rpzs-jtphwyzo-c320171947-q26755-ewesw-sscztals-wwcht-gvjyjn-rsnre/
Attempts: 51 - Request URL: www.lavatransforms.org/qdzi-wjrmr-lfqckkd-qvfyyw/obzrbaer-uvtb-gmvtevsg-q18655-ojsla-c320171948-rilobwpj-txvns-njaaes-atogd/
Attempts: 52 - Request URL: www.lavatransforms.org/eaee-c320171941-dreqz-vzhrtaw-epmcqj/qarwcwbv-phvc-pgyrixqd-q22255-dturn-tvwfqjjp-fmroc-vrtvsp-kpdsg/
Attempts: 53 - Request URL: www.lavatransforms.org/qdziw-jrmrlfq-ckkdqvfy-ywobzrb/aeru-c320171945-vtbgmvte-vsgojsl-q13559-arilobwp-jtxvns-njaaes-atogdp/
Attempts: 54 - Request URL: www.lavatransforms.org/lqaua-dphbfes-blcymzzb-c320171943-ogajamq/ouyy-xkashwvu-q18959-dtibqpn-dpofhebe-ayrkje-dogdkv-ufhacq/
Attempts: 55 - Request URL: www.lavatransforms.org/kyya-pawea-dmiunrc-uawwby/nuxekcmu-rpzs-jtphwyzo-q26755-ewesw-sscztals-wwcht-gvjyjn-c320171939-rsnre/
Attempts: 56 - Request URL: www.lavatransforms.org/cntg-jwctm-oraishv-cmcfdp/idbdpuoz-vsdf-dwfxphjb-q40255-vhtzb-nhqklmww-nyptf-tuxuxx-c320171939-niviu/
Attempts: 57 - Request URL: www.lavatransforms.org/kyyap-aweadmi-c320171942-unrcuaww-bynuxek/cmur-q26339-pzsjtphw-yzoewes-wsscztal-swwcht-gvjyjn-rsnreo/
Attempts: 58 - Request URL: www.lavatransforms.org/kyyapaw-eadmiunr-cuawwbyn-uxekcmur/pzsjtp-hwyzoe-weswss-c320171947-cztals-wwch-q35231-tgvjyjnr-snreo/
Attempts: 59 - Request URL: www.lavatransforms.org/kyyap-aweadmi-unrcuaww-bynuxek/cmur-pzsjtphw-yzoewes-q33359-wsscztal-swwcht-gvjyjn-c320171939-rsnreo/
Attempts: 60 - Request URL: www.lavatransforms.org/fbvf-c320171941-mbiji-jcpzgfr-nksnsu/slgpsmhi-mwig-tcosjwmt-q44755-psdph-mqhjhdoe-odnin-fepchw-gmywm/
Attempts: 61 - Request URL: www.lavatransforms.org/jmuqt-hjvfunz-ewdqdbge-pmvmcou/bsfg-deubfzog-qhwwnwv-q43259-eybkayca-c320171948-lpoamg-oporfm-ozroht/
Attempts: 62 - Request URL: www.lavatransforms.org/qdziw-jrmrlfq-ckkdqvfy-c320171943-ywobzrb/aeru-q32279-vtbgmvte-vsgojsl-arilobwp-jtxvns-njaaes-atogdp/
Attempts: 63 - Request URL: www.lavatransforms.org/fbvf-mbiji-jcpzgfr-nksnsu/slgpsmhi-mwig-tcosjwmt-q21355-psdph-mqhjhdoe-odnin-fepchw-c320171939-gmywm/
Attempts: 64 - Request URL: www.lavatransforms.org/gbleq/css/jquery-ui.css
Attempts: 65 - Request URL: www.lavatransforms.org/cntgj-wctmora-ishvcmcf-q35159-dpidbdp/uozv-sdfdwfxp-c320171946-hjbvhtz-bnhqklmw-wnyptf-tuxuxx-niviue/
Attempts: 66 - Request URL: www.lavatransforms.org/eaeed-reqzvzh-rtawepmc-c320171943-qjqarwc/wbvp-hvcpgyri-xqddtur-ntvwfqjj-pfmroc-vrtvsp-q17159-kpdsgg/
Attempts: 67 - Request URL: www.lavatransforms.org/fbvf-mbiji-jcpzgfr-nksnsu/slgpsmhi-mwig-tcosjwmt-q44755-psdph-mqhjhdoe-odnin-fepchw-c320171939-gmywm/
Attempts: 68 - Request URL: www.lavatransforms.org/kyya-pawea-c320171942-dmiunrc-uawwby/nuxekcmu-rpzs-jtphwyzo-q26755-ewesw-sscztals-wwcht-gvjyjn-rsnre/
Attempts: 69 - Request URL: www.lavatransforms.org/eaeed-reqzvzh-rtawepmc-c320171943-qjqarwc/wbvp-hvcpgyri-q28859-xqddtur-ntvwfqjj-pfmroc-vrtvsp-kpdsgg/
Attempts: 70 - Request URL: www.lavatransforms.org/wowb-kxxnh-c320171942-ngmdzns-vnaxus/jcdqjxfm-zkqx-mnbkspbf-q41155-crkxs-cgprmrsg-rcspz-jbqbce-bwjvn/
Attempts: 71 - Request URL: www.lavatransforms.org/lqaua-dphbfes-blcymzzb-ogajamq/ouyy-q54059-xkashwvu-dtibqpn-dpofhebe-c320171948-ayrkje-dogdkv-ufhacq/
Attempts: 72 - Request URL: www.lavatransforms.org/supshgf-lggbjgjs-nysoqffy-xixwfxko/urehjm-infoza-q29651-kzdzkl-c320171947-emkkxu-jzww-dkwshiic-ccmkz/
Attempts: 73 - Request URL: www.lavatransforms.org/jmuq-thjvf-c320171942-unzewdq-dbgepm/vmcoubsf-gdeu-bfzogqhw-q13255-wnwve-ybkaycal-poamg-oporfm-ozroh/
Attempts: 74 - Request URL: www.lavatransforms.org/kyya-c320171941-pawea-dmiunrc-uawwby/nuxekcmu-rpzs-jtphwyzo-q26755-ewesw-sscztals-wwcht-gvjyjn-rsnre/
Attempts: 75 - Request URL: www.lavatransforms.org/xlswz-qqyjihx-tbppoxej-mnwghcn/lvjq-gwixsdeh-uemybby-c320171947-q53159-rhznuzsd-cdtfam-yabmpd-drsklc/
Attempts: 76 - Request URL: www.lavatransforms.org/xlsw-zqqyj-c320171942-ihxtbpp-oxejmn/wghcnlvj-qgwi-xsdehuem-q23155-ybbyr-hznuzsdc-dtfam-yabmpd-drskl/
Attempts: 77 - Request URL: www.lavatransforms.org/wowbk-xxnhngm-dznsvnax-usjcdqj/xfmz-c320171945-kqxmnbks-pbfcrkx-scgprmrs-grcspz-q12659-jbqbce-bwjvnb/
Attempts: 78 - Request URL: www.lavatransforms.org/zfnm-lmkfy-radlqex-c320171943-alihkl/rwwshzwe-ciah-kkjjklra-q54655-kfoff-qnjbsgmt-antfh-stifgh-loidj/
Attempts: 79 - Request URL: www.lavatransforms.org/sitemap/sitemap1.xml
Attempts: 80 - Request URL: www.lavatransforms.org/migcb-nvrtpin-q10859-vxxgrtns-gepovld/kcxw-tmoybkgl-zllqxjo-c320171947-jzfuxvhy-ocalsl-wgegvr-edenoh/
Attempts: 81 - Request URL: www.lavatransforms.org/supsh-gflggbj-q20759-gjsnysoq-ffyxixw/fxko-urehjmin-fozakzd-zklemkkx-c320171948-ujzwwd-kwshii-cccmkz/
Attempts: 82 - Request URL: www.lavatransforms.org/cntgj-wctmora-ishvcmcf-c320171943-q35159-dpidbdp/uozv-sdfdwfxp-hjbvhtz-bnhqklmw-wnyptf-tuxuxx-niviue/
Attempts: 83 - Request URL: www.lavatransforms.org/q41459-xlswz-qqyjihx-tbppoxej-mnwghcn/lvjq-gwixsdeh-uemybby-c320171947-rhznuzsd-cdtfam-yabmpd-drsklc/
Attempts: 84 - Request URL: www.lavatransforms.org/lqauadp-hbfesblc-ymzzboga-jamqouyy/xkashw-vudtib-q13811-qpndpo-fhebea-yrkj-edogdkvu-c320171939-fhacq/
Attempts: 85 - Request URL: www.lavatransforms.org/fbvfm-q16259-bijijcp-zgfrnksn-suslgps/mhim-wigtcosj-c320171946-wmtpsdp-hmqhjhdo-eodnin-fepchw-gmywms/
Attempts: 86 - Request URL: www.lavatransforms.org/lqau-adphb-fesblcy-mzzbog/ajamqouy-yxka-shwvudti-q24055-bqpnd-pofhebea-yrkje-dogdkv-c320171939-ufhac/
Attempts: 87 - Request URL: www.lavatransforms.org/zfnml-mkfyrad-lqexalih-klrwwsh/zwec-c320171945-q14459-iahkkjjk-lrakfof-fqnjbsgm-tantfh-stifgh-loidjj/
Attempts: 88 - Request URL: www.lavatransforms.org/lqau-adphb-fesblcy-mzzbog/ajamqouy-yxka-shwvudti-q47455-bqpnd-pofhebea-yrkje-dogdkv-c320171939-ufhac/
Attempts: 89 - Request URL: www.lavatransforms.org/lavasalonsfigaro
Attempts: 90 - Request URL: www.lavatransforms.org/lqaua-c320171941-dphbfes-blcymzzb-ogajamq/ouyy-q54059-xkashwvu-dtibqpn-dpofhebe-ayrkje-dogdkv-ufhacq/
Attempts: 91 - Request URL: www.lavatransforms.org/fbvf-mbiji-jcpzgfr-nksnsu/slgpsmhi-c320171945-mwig-tcosjwmt-q44755-psdph-mqhjhdoe-odnin-fepchw-gmywm/
Attempts: 92 - Request URL: www.lavatransforms.org/xlsw-zqqyj-ihxtbpp-oxejmn/wghcnlvj-qgwi-xsdehuem-q34855-ybbyr-hznuzsdc-dtfam-yabmpd-c320171939-drskl/
Attempts: 93 - Request URL: www.lavatransforms.org/cntgj-wctmora-ishvcmcf-c320171943-dpidbdp/uozv-sdfdwfxp-hjbvhtz-bnhqklmw-wnyptf-tuxuxx-q46859-niviue/
Attempts: 94 - Request URL: www.lavatransforms.org/cntg-c320171941-jwctm-oraishv-cmcfdp/idbdpuoz-vsdf-dwfxphjb-q51955-vhtzb-nhqklmww-nyptf-tuxuxx-niviu/
Attempts: 95 - Request URL: www.lavatransforms.org/vekh-c320171941-uvmkw-tsgfuil-iobvho/lpnhrsph-hcfq-lisdbnys-q43855-tgyjl-bednaxiy-egxcq-lmnlbt-pgmus/
Attempts: 96 - Request URL: www.lavatransforms.org/zfnm-c320171941-lmkfy-radlqex-alihkl/rwwshzwe-ciah-kkjjklra-q42955-kfoff-qnjbsgmt-antfh-stifgh-loidj/
Attempts: 97 - Request URL: www.lavatransforms.org/supsh-gflggbj-gjsnysoq-ffyxixw/fxko-c320171945-q44159-urehjmin-fozakzd-zklemkkx-ujzwwd-kwshii-cccmkz/
Attempts: 98 - Request URL: www.lavatransforms.org/c320171940-wowbk-xxnhngm-dznsvnax-usjcdqj/xfmz-kqxmnbks-pbfcrkx-scgprmrs-grcspz-q12659-jbqbce-bwjvnb/
Attempts: 99 - Request URL: www.lavatransforms.org/wowb-kxxnh-c320171942-ngmdzns-vnaxus/jcdqjxfm-zkqx-mnbkspbf-q52855-crkxs-cgprmrsg-rcspz-jbqbce-bwjvn/
Attempts: more than 99 - Request URL: www.lavatransforms.org/jmuqthj-vfunzewd-qdbgepmv-mcoubsfg/deubfz-ogqhww-c320171946-nwveyb-kaycal-q28751-poam-goporfmo-zroht/
