Attempts: 1 - Request URL: www.lavatransforms.org/eaeedre-c320171941-q16951-qzvzhrta/wepmcqjq-arwcwbvp-hvcpgy-rixqdd/
Attempts: 2 - Request URL: www.lavatransforms.org/supshgf-q20551-lggbjgjs/nysoqffy-xixwfxko-urehjm-c320171939-infoza/
Attempts: 3 - Request URL: www.lavatransforms.org/eaeedre-q52051-qzvzhrta/wepmcqjq-c320171943-arwcwbvp-hvcpgy-rixqdd/
Attempts: 4 - Request URL: www.lavatransforms.org/c320171940-wowbkxx-q24151-nhngmdzn/svnaxusj-cdqjxfmz-kqxmnb-kspbfc/
Attempts: 5 - Request URL: www.lavatransforms.org/supshgf-q32251-lggbjgjs/nysoqffy-c320171943-xixwfxko-urehjm-infoza/
Attempts: 6 - Request URL: www.lavatransforms.org/wowbkxx-q35851-nhngmdzn/svnaxusj-cdqjxfmz-kqxmnb-c320171945-kspbfc/
Attempts: 7 - Request URL: www.lavatransforms.org/cntgjwc-q46651-tmoraish/vcmcfdpi-dbdpuozv-sdfdwf-c320171939-xphjbv/
Attempts: 8 - Request URL: www.lavatransforms.org/c320171940-cntgjwc-q23251-tmoraish/vcmcfdpi-dbdpuozv-sdfdwf-xphjbv/
Attempts: 9 - Request URL: www.lavatransforms.org/qdziwjr-q36751-mrlfqckk/dqvfyywo-bzrbaeru-c320171944-vtbgmv-tevsgo/
Attempts: 10 - Request URL: www.lavatransforms.org/qdziwjr-c320171941-q25051-mrlfqckk/dqvfyywo-bzrbaeru-vtbgmv-tevsgo/
Attempts: 11 - Request URL: www.lavatransforms.org/c320171940-cntgjwc-q46651-tmoraish/vcmcfdpi-dbdpuozv-sdfdwf-xphjbv/
Attempts: 12 - Request URL: www.lavatransforms.org/c320171940-jmuqthj-q54751-vfunzewd/qdbgepmv-mcoubsfg-deubfz-ogqhww/
Attempts: 13 - Request URL: www.lavatransforms.org/user/32
Attempts: 14 - Request URL: www.lavatransforms.org/kyyapaw-q44851-eadmiunr/cuawwbyn-uxekcmur-c320171944-pzsjtp-hwyzoe/
Attempts: 15 - Request URL: www.lavatransforms.org/jmuqthj-q31351-vfunzewd/qdbgepmv-mcoubsfg-c320171944-deubfz-ogqhww/
Attempts: 16 - Request URL: www.lavatransforms.org/jmuqthj-q19651-vfunzewd/qdbgepmv-c320171943-mcoubsfg-deubfz-ogqhww/
Attempts: 17 - Request URL: www.lavatransforms.org/c320171940-eaeedre-q52051-qzvzhrta/wepmcqjq-arwcwbvp-hvcpgy-rixqdd/
Attempts: 18 - Request URL: www.lavatransforms.org/zfnmlmk-c320171941-q14251-fyradlqe/xalihklr-wwshzwec-iahkkj-jklrak/
Attempts: 19 - Request URL: www.lavatransforms.org/vekhuvm-q15151-kwtsgfui/liobvhol-pnhrsphh-cfqlis-c320171945-dbnyst/
Attempts: 20 - Request URL: www.lavatransforms.org/qdziwjr-q25051-mrlfqckk/dqvfyywo-bzrbaeru-vtbgmv-c320171945-tevsgo/
Attempts: 21 - Request URL: www.lavatransforms.org/kyyapaw-q33151-eadmiunr/cuawwbyn-c320171943-uxekcmur-pzsjtp-hwyzoe/
Attempts: 22 - Request URL: www.lavatransforms.org/cntgjwc-q11551-tmoraish/vcmcfdpi-dbdpuozv-c320171944-sdfdwf-xphjbv/
Attempts: 23 - Request URL: www.lavatransforms.org/c320171940-kyyapaw-q21451-eadmiunr/cuawwbyn-uxekcmur-pzsjtp-hwyzoe/
Attempts: 24 - Request URL: www.lavatransforms.org/c320171940-migcbnv-q34051-rtpinvxx/grtnsgep-ovldkcxw-tmoybk-glzllq/
Attempts: 25 - Request URL: www.lavatransforms.org/lqauadp-q30451-hbfesblc/ymzzboga-c320171943-jamqouyy-xkashw-vudtib/
Attempts: 26 - Request URL: www.lavatransforms.org/c320171940-xlswzqq-q29551-yjihxtbp/poxejmnw-ghcnlvjq-gwixsd-ehuemy/
Attempts: 27 - Request URL: www.lavatransforms.org/lqauadp-q42151-hbfesblc/ymzzboga-jamqouyy-xkashw-c320171939-vudtib/
Attempts: 28 - Request URL: www.lavatransforms.org/vekhuvm-c320171941-q26851-kwtsgfui/liobvhol-pnhrsphh-cfqlis-dbnyst/
Attempts: 29 - Request URL: www.lavatransforms.org/vekhuvm-q50251-kwtsgfui/liobvhol-pnhrsphh-c320171944-cfqlis-dbnyst/
Attempts: 30 - Request URL: www.lavatransforms.org/zfnmlmk-q49351-fyradlqe/xalihklr-wwshzwec-c320171944-iahkkj-jklrak/
Attempts: 31 - Request URL: www.lavatransforms.org/eaeedre-q16951-qzvzhrta/wepmcqjq-arwcwbvp-c320171944-hvcpgy-rixqdd/
Attempts: 32 - Request URL: www.lavatransforms.org/supshgf-q43951-lggbjgjs/nysoqffy-c320171943-xixwfxko-urehjm-infoza/
Attempts: 33 - Request URL: www.lavatransforms.org/qdziwjr-q36751-mrlfqckk/dqvfyywo-bzrbaeru-vtbgmv-c320171939-tevsgo/
Attempts: 34 - Request URL: www.lavatransforms.org/fbvfmbi-q51151-jijcpzgf/rnksnsus-lgpsmhim-wigtco-c320171945-sjwmtp/
Attempts: 35 - Request URL: www.lavatransforms.org/user/83
Attempts: 36 - Request URL: www.lavatransforms.org/c320171945-wowbkxx-q13751-nhngmdzn/svnaxusj-cdqjxfmz-kqxmnb/
Attempts: 37 - Request URL: www.lavatransforms.org/cntgjwc-q24551-tmoraish/vcmcfdpi-dbdpuozv-c320171944-sdfdwf/
Attempts: 38 - Request URL: www.lavatransforms.org/wowbkxx-q48851-nhngmdzn/svnaxusj-cdqjxfmz-c320171944-kqxmnb/
Attempts: 39 - Request URL: www.lavatransforms.org/c320171940-wowbkxx-q13751-nhngmdzn/svnaxusj-cdqjxfmz-kqxmnb/
Attempts: 40 - Request URL: www.lavatransforms.org/c320171945-fbvfmbi-q40751-jijcpzgf/rnksnsus-lgpsmhim-wigtco/
Attempts: 41 - Request URL: www.lavatransforms.org/zfnmlmk-q15551-fyradlqe/xalihklr-c320171943-wwshzwec-iahkkj/
Attempts: 42 - Request URL: www.lavatransforms.org/migcbnv-q35351-rtpinvxx/grtnsgep-ovldkcxw-c320171939-tmoybk/
Attempts: 43 - Request URL: www.lavatransforms.org/c320171940-supshgf-q45251-lggbjgjs/nysoqffy-xixwfxko-urehjm/
Attempts: 44 - Request URL: www.lavatransforms.org/c320171940-xlswzqq-q19151-yjihxtbp/poxejmnw-ghcnlvjq-gwixsd/
Attempts: 45 - Request URL: www.lavatransforms.org/wowbkxx-q25451-nhngmdzn/svnaxusj-cdqjxfmz-c320171944-kqxmnb/
Attempts: 46 - Request URL: www.lavatransforms.org/c320171940-migcbnv-q23651-rtpinvxx/grtnsgep-ovldkcxw-tmoybk/
Attempts: 47 - Request URL: www.lavatransforms.org/zfnmlmk-q15551-fyradlqe/xalihklr-wwshzwec-c320171939-iahkkj/
Attempts: 48 - Request URL: www.lavatransforms.org/c320171940-vekhuvm-q51551-kwtsgfui/liobvhol-pnhrsphh-cfqlis/
Attempts: 49 - Request URL: www.lavatransforms.org/migcbnv-rtpinvxx-c320171945-grtnsgep/ovldkcxw-q1551-tmoybk-glzllq-xjojzf/
Attempts: 50 - Request URL: www.lavatransforms.org/eaeedre-qzvzhrta-wepmcqjq/arwcwbvp-q7851-hvcpgy-c320171941-rixqdd-turntv/
Attempts: 51 - Request URL: www.lavatransforms.org/zfnmlmk-c320171944-fyradlqe-xalihklr/wwshzwec-iahkkj-q28551-jklrak-foffqn/
Attempts: 52 - Request URL: www.lavatransforms.org/wowbkxx-q15051-nhngmdzn-svnaxusj/cdqjxfmz-kqxmnb-c320171941-kspbfc-rkxscg/
Attempts: 53 - Request URL: www.lavatransforms.org/supshgf-lggbjgjs-c320171945-nysoqffy/xixwfxko-urehjm-infoza-q11451-kzdzkl/
Attempts: 54 - Request URL: www.lavatransforms.org/q19551-eaeedre-qzvzhrta-wepmcqjq/arwcwbvp-hvcpgy-rixqdd-c320171942-turntv/
Attempts: 55 - Request URL: www.lavatransforms.org/xlswzqq-yjihxtbp-c320171945-poxejmnw/ghcnlvjq-q20451-gwixsd-ehuemy-bbyrhz/
Attempts: 56 - Request URL: www.lavatransforms.org/zfnmlmk-q40251-fyradlqe-xalihklr/wwshzwec-iahkkj-c320171941-jklrak-foffqn/
Attempts: 57 - Request URL: www.lavatransforms.org/q19551-eaeedre-qzvzhrta-c320171945-wepmcqjq/arwcwbvp-hvcpgy-rixqdd-turntv/
Attempts: 58 - Request URL: www.lavatransforms.org/c320171943-q32151-xlswzqq-yjihxtbp-poxejmnw/ghcnlvjq-gwixsd-ehuemy-bbyrhz/
Attempts: 59 - Request URL: www.lavatransforms.org/supshgf-c320171944-q46551-lggbjgjs-nysoqffy/xixwfxko-urehjm-infoza-kzdzkl/
Attempts: 60 - Request URL: www.lavatransforms.org/vekhuvm-c320171944-q52851-kwtsgfui-liobvhol/pnhrsphh-cfqlis-dbnyst-gyjlbe/
Attempts: 61 - Request URL: www.lavatransforms.org/q51051-qdziwjr-mrlfqckk-dqvfyywo/bzrbaeru-vtbgmv-tevsgo-c320171942-jslari/
Attempts: 62 - Request URL: www.lavatransforms.org/zfnmlmk-fyradlqe-xalihklr/wwshzwec-c320171940-iahkkj-q28551-jklrak-foffqn/
Attempts: 63 - Request URL: www.lavatransforms.org/zfnmlmk-c320171944-fyradlqe-q16851-xalihklr/wwshzwec-iahkkj-jklrak-foffqn/
Attempts: 64 - Request URL: www.lavatransforms.org/fbvfmbi-jijcpzgf-c320171945-q42051-rnksnsus/lgpsmhim-wigtco-sjwmtp-sdphmq/
Attempts: 65 - Request URL: www.lavatransforms.org/supshgf-c320171944-lggbjgjs-nysoqffy/xixwfxko-urehjm-infoza-q11451-kzdzkl/
Attempts: 66 - Request URL: www.lavatransforms.org/kyyapaw-eadmiunr-q35751-cuawwbyn/uxekcmur-c320171940-pzsjtp-hwyzoe-weswss/
Attempts: 67 - Request URL: www.lavatransforms.org/c320171943-supshgf-q46551-lggbjgjs-nysoqffy/xixwfxko-urehjm-infoza-kzdzkl/
Attempts: 68 - Request URL: www.lavatransforms.org/eaeedre-qzvzhrta-c320171945-wepmcqjq/arwcwbvp-hvcpgy-rixqdd-q42951-turntv/
Attempts: 69 - Request URL: www.lavatransforms.org/q13251-migcbnv-c320171944-rtpinvxx-grtnsgep/ovldkcxw-tmoybk-glzllq-xjojzf/
Attempts: 70 - Request URL: www.lavatransforms.org/c320171943-xlswzqq-yjihxtbp-poxejmnw/ghcnlvjq-q20451-gwixsd-ehuemy-bbyrhz/
Attempts: 71 - Request URL: www.lavatransforms.org/q38451-wowbkxx-nhngmdzn-svnaxusj/cdqjxfmz-kqxmnb-c320171941-kspbfc-rkxscg/
Attempts: 72 - Request URL: www.lavatransforms.org/cntgjwc-tmoraish-vcmcfdpi/dbdpuozv-sdfdwf-c320171941-xphjbv-q49251-htzbnh/
Attempts: 73 - Request URL: www.lavatransforms.org/kyyapaw-c320171944-eadmiunr-cuawwbyn/uxekcmur-pzsjtp-hwyzoe-q24051-weswss/
Attempts: 74 - Request URL: www.lavatransforms.org/jmuqthj-q33951-vfunzewd-qdbgepmv/mcoubsfg-deubfz-ogqhww-c320171942-nwveyb/
Attempts: 75 - Request URL: www.lavatransforms.org/eaeedre-qzvzhrta-q54651-wepmcqjq/arwcwbvp-hvcpgy-rixqdd-c320171942-turntv/
Attempts: 76 - Request URL: www.lavatransforms.org/eaeedre-c320171944-qzvzhrta-wepmcqjq/arwcwbvp-hvcpgy-rixqdd-q42951-turntv/
Attempts: 77 - Request URL: www.lavatransforms.org/fbvfmbi-jijcpzgf-q42051-rnksnsus/lgpsmhim-wigtco-c320171941-sjwmtp-sdphmq/
Attempts: 78 - Request URL: www.lavatransforms.org/vekhuvm-kwtsgfui-liobvhol/pnhrsphh-cfqlis-dbnyst-c320171942-q17751-gyjlbe/
Attempts: 79 - Request URL: www.lavatransforms.org/lqauadp-q21351-hbfesblc-ymzzboga/jamqouyy-c320171940-xkashw-vudtib-qpndpo/
Attempts: 80 - Request URL: www.lavatransforms.org/q44751-lqauadp-c320171944-hbfesblc-ymzzboga/jamqouyy-xkashw-vudtib-qpndpo/
Attempts: 81 - Request URL: www.lavatransforms.org/jmuqthj-c320171941-q7951-vfunzewd/qdbgepmv-mcoubsfg-deubfz-ogqhww/
Attempts: 82 - Request URL: www.lavatransforms.org/lqauadp-q7051-hbfesblc/ymzzboga-c320171943-jamqouyy-xkashw-vudtib/
Attempts: 83 - Request URL: www.lavatransforms.org/qdziwjr-q1651-mrlfqckk/dqvfyywo-bzrbaeru-vtbgmv-c320171939-tevsgo/
Attempts: 84 - Request URL: www.lavatransforms.org/kyyapaw-q9751-eadmiunr/cuawwbyn-uxekcmur-c320171944-pzsjtp-hwyzoe/
Attempts: 85 - Request URL: www.lavatransforms.org/supshgf-c320171941-q8851-lggbjgjs/nysoqffy-xixwfxko-urehjm-infoza/
Attempts: 86 - Request URL: www.lavatransforms.org/zfnmlmk-c320171941-q2551-fyradlqe/xalihklr-wwshzwec-iahkkj-jklrak/
Attempts: 87 - Request URL: www.lavatransforms.org/fbvfmbi-c320171941-q4351-jijcpzgf/rnksnsus-lgpsmhim-wigtco-sjwmtp/
Attempts: 88 - Request URL: www.lavatransforms.org/xlswzqq-c320171941-q6151-yjihxtbp/poxejmnw-ghcnlvjq-gwixsd-ehuemy/
Attempts: 89 - Request URL: www.lavatransforms.org/qdziwjr-q1651-mrlfqckk/dqvfyywo-c320171943-bzrbaeru-vtbgmv-tevsgo/
Attempts: 90 - Request URL: www.lavatransforms.org/eaeedre-c320171941-q40351-qzvzhrta/wepmcqjq-arwcwbvp-hvcpgy-rixqdd/
Attempts: 91 - Request URL: www.lavatransforms.org/kyyapaw-q21451-eadmiunr/cuawwbyn-uxekcmur-pzsjtp-c320171945-hwyzoe/
Attempts: 92 - Request URL: www.lavatransforms.org/lqauadp-q53851-hbfesblc/ymzzboga-jamqouyy-xkashw-c320171939-vudtib/
Attempts: 93 - Request URL: www.lavatransforms.org/fbvfmbi-q16051-jijcpzgf/rnksnsus-lgpsmhim-wigtco-c320171945-sjwmtp/
Attempts: 94 - Request URL: www.lavatransforms.org/migcbnv-q34051-rtpinvxx/grtnsgep-ovldkcxw-tmoybk-c320171945-glzllq/
Attempts: 95 - Request URL: www.lavatransforms.org/c320171940-zfnmlmk-q14251-fyradlqe/xalihklr-wwshzwec-iahkkj-jklrak/
Attempts: 96 - Request URL: www.lavatransforms.org/kyyapaw-c320171941-q33151-eadmiunr/cuawwbyn-uxekcmur-pzsjtp-hwyzoe/
Attempts: 97 - Request URL: www.lavatransforms.org/c320171940-migcbnv-q10651-rtpinvxx/grtnsgep-ovldkcxw-tmoybk-glzllq/
Attempts: 98 - Request URL: www.lavatransforms.org/vekhuvm-q15151-kwtsgfui/liobvhol-pnhrsphh-c320171944-cfqlis-dbnyst/
Attempts: 99 - Request URL: www.lavatransforms.org/cntgjwc-q23251-tmoraish/vcmcfdpi-dbdpuozv-c320171944-sdfdwf-xphjbv/
Attempts: more than 99 - Request URL: www.lavatransforms.org/qdziwjr-mrlfqckk-dqvfyywo/bzrbaeru-vtbgmv-tevsgo-c320171942-jslari-q8151-lobwpj/
