Attempts: 1 - Request URL: www.lavatransforms.org/migcbnv-rtpinvxx/grtnsgep-c320171943-q41851-ovldkcxw/
Attempts: 2 - Request URL: www.lavatransforms.org/c320171944-migcbnv-rtpinvxx/grtnsgep-q30151-ovldkcxw/
Attempts: 3 - Request URL: www.lavatransforms.org/c320171940-qdziwjr-mrlfqckk/dqvfyywo-q32851-bzrbaeru/
Attempts: 4 - Request URL: www.lavatransforms.org/c320171944-lqauadp-hbfesblc/ymzzboga-q26551-jamqouyy/
Attempts: 5 - Request URL: www.lavatransforms.org/zfnmlmk-fyradlqe/xalihklr-c320171939-q33751-wwshzwec/
Attempts: 6 - Request URL: www.lavatransforms.org/c320171940-eaeedre-qzvzhrta/wepmcqjq-q24751-arwcwbvp/
Attempts: 7 - Request URL: www.lavatransforms.org/migcbnv-rtpinvxx/grtnsgep-c320171943-q18451-ovldkcxw/
Attempts: 8 - Request URL: www.lavatransforms.org/fbvfmbi-c320171945-jijcpzgf/rnksnsus-q47251-lgpsmhim/
Attempts: 9 - Request URL: www.lavatransforms.org/c320171944-migcbnv-rtpinvxx/grtnsgep-q53551-ovldkcxw/
Attempts: 10 - Request URL: www.lavatransforms.org/jmuqthj-vfunzewd/qdbgepmv-c320171943-q39151-mcoubsfg/
Attempts: 11 - Request URL: www.lavatransforms.org/migcbnv-c320171941-rtpinvxx/grtnsgep-q30151-ovldkcxw/
Attempts: 12 - Request URL: www.lavatransforms.org/cntgjwc-tmoraish/vcmcfdpi-c320171939-q31051-dbdpuozv/
Attempts: 13 - Request URL: www.lavatransforms.org/c320171944-cntgjwc-tmoraish/vcmcfdpi-q42751-dbdpuozv/
Attempts: 14 - Request URL: www.lavatransforms.org/xlswzqq-yjihxtbp/poxejmnw-c320171939-q49051-ghcnlvjq/
Attempts: 15 - Request URL: www.lavatransforms.org/cntgjwc-tmoraish/vcmcfdpi-c320171943-q54451-dbdpuozv/
Attempts: 16 - Request URL: www.lavatransforms.org/cntgjwc-c320171941-tmoraish/vcmcfdpi-q19351-dbdpuozv/
Attempts: 17 - Request URL: www.lavatransforms.org/eaeedre-qzvzhrta/wepmcqjq-c320171939-q24751-arwcwbvp/
Attempts: 18 - Request URL: www.lavatransforms.org/c320171940-supshgf-lggbjgjs/nysoqffy-q51751-xixwfxko/
Attempts: 19 - Request URL: www.lavatransforms.org/css/style.css
Attempts: 20 - Request URL: www.lavatransforms.org/c320171940-lqauadp-hbfesblc/ymzzboga-q14851-jamqouyy/
Attempts: 21 - Request URL: www.lavatransforms.org/vekhuvm-kwtsgfui/liobvhol-c320171939-q34651-pnhrsphh/
Attempts: 22 - Request URL: www.lavatransforms.org/lqauadp-hbfesblc/ymzzboga-c320171943-q38251-jamqouyy/
Attempts: 23 - Request URL: www.lavatransforms.org/eaeedre-qzvzhrta/wepmcqjq-c320171943-q13051-arwcwbvp/
Attempts: 24 - Request URL: www.lavatransforms.org/lqauadp-c320171941-hbfesblc/ymzzboga-q49951-jamqouyy/
Attempts: 25 - Request URL: www.lavatransforms.org/eaeedre-c320171941-qzvzhrta/wepmcqjq-q24751-arwcwbvp/
Attempts: 26 - Request URL: www.lavatransforms.org/fbvfmbi-c320171941-jijcpzgf/rnksnsus-q47251-lgpsmhim/
Attempts: 27 - Request URL: www.lavatransforms.org/xlswzqq-c320171945-yjihxtbp/poxejmnw-q13951-ghcnlvjq/
Attempts: 28 - Request URL: www.lavatransforms.org/eaeedre-c320171941-qzvzhrta/wepmcqjq-q13051-arwcwbvp/
Attempts: 29 - Request URL: www.lavatransforms.org/wowbkxx-c320171941-nhngmdzn/svnaxusj-q43651-cdqjxfmz/
Attempts: 30 - Request URL: www.lavatransforms.org/c320171940-zfnmlmk-fyradlqe/xalihklr-q45451-wwshzwec/
Attempts: 31 - Request URL: www.lavatransforms.org/lqauadp-c320171945-hbfesblc/ymzzboga-q26551-jamqouyy/
Attempts: 32 - Request URL: www.lavatransforms.org/qdziwjr-mrlfqckk/dqvfyywo-c320171939-q32851-bzrbaeru/
Attempts: 33 - Request URL: www.lavatransforms.org/fbvfmbi-jijcpzgf/rnksnsus-c320171943-q23851-lgpsmhim/
Attempts: 34 - Request URL: www.lavatransforms.org/wowbkxx-nhngmdzn/svnaxusj-c320171939-q31951-cdqjxfmz/
Attempts: 35 - Request URL: www.lavatransforms.org/qdziwjr-mrlfqckk/dqvfyywo-c320171943-q44551-bzrbaeru/
Attempts: 36 - Request URL: www.lavatransforms.org/fbvfmbi-c320171941-jijcpzgf/rnksnsus-q23851-lgpsmhim/
Attempts: 37 - Request URL: www.lavatransforms.org/migcbnv-c320171941-rtpinvxx/grtnsgep-q53551-ovldkcxw/
Attempts: 38 - Request URL: www.lavatransforms.org/zfnmlmk-fyradlqe/xalihklr-c320171939-q10351-wwshzwec/
Attempts: 39 - Request URL: www.lavatransforms.org/c320171940-wowbkxx-nhngmdzn/svnaxusj-q20251-cdqjxfmz/
Attempts: 40 - Request URL: www.lavatransforms.org/zfnmlmkf-yrad-q44957-lqex-c320171943-alih-klrwwsh-zwec-iahk-kjjkl-rakf.do
Attempts: 41 - Request URL: www.lavatransforms.org/migcbnv-c320171941-q251-rtpinvxx/grtnsgep-ovldkcxw-tmoybk/
Attempts: 42 - Request URL: www.lavatransforms.org/fbvfmbi-q5651-jijcpzgf/rnksnsus-lgpsmhim-c320171944-wigtco/
Attempts: 43 - Request URL: www.lavatransforms.org/c320171940-lqauadp-q8351-hbfesblc/ymzzboga-jamqouyy-xkashw/
Attempts: 44 - Request URL: www.lavatransforms.org/c320171940-zfnmlmk-q3851-fyradlqe/xalihklr-wwshzwec-iahkkj/
Attempts: 45 - Request URL: www.lavatransforms.org/zfnmlmk-c320171941-q3851-fyradlqe/xalihklr-wwshzwec-iahkkj/
Attempts: 46 - Request URL: www.lavatransforms.org/salon-rood-october2013
Attempts: 47 - Request URL: www.lavatransforms.org/wowbkxx-q2051-nhngmdzn/svnaxusj-cdqjxfmz-c320171944-kqxmnb/
Attempts: 48 - Request URL: www.lavatransforms.org/wowbkxx-c320171941-q2051-nhngmdzn/svnaxusj-cdqjxfmz-kqxmnb/
Attempts: 49 - Request URL: www.lavatransforms.org/c320171940-qdziwjr-q2951-mrlfqckk/dqvfyywo-bzrbaeru-vtbgmv/
Attempts: 50 - Request URL: www.lavatransforms.org/jmuqthj-q9251-vfunzewd/qdbgepmv-c320171943-mcoubsfg-deubfz/
Attempts: 51 - Request URL: www.lavatransforms.org/user/5
Attempts: 52 - Request URL: www.lavatransforms.org/cntgjwc-c320171941-q1151-tmoraish/vcmcfdpi-dbdpuozv-sdfdwf/
Attempts: 53 - Request URL: www.lavatransforms.org/jmuqthj-vfunzewd-qdbgepmv-mcoubsfg/deubfz-c320171945-ogqhww-nwveyb-q12371-kaycal-poam-goporfmo-zroht/
Attempts: 54 - Request URL: www.lavatransforms.org/fbvfmbi-q36851-jijcpzgf-rnksnsus-lgpsmhim/wigtco-sjwmtp-c320171946-sdphmq-hjhdoe-odni-nfepchwg-mywms/
Attempts: 55 - Request URL: www.lavatransforms.org/q40271-wowbkxx-nhngmdzn-svnaxusj-cdqjxfmz/kqxmnb-kspbfc-c320171946-rkxscg-prmrsg-rcsp-zjbqbceb-wjvnb/
Attempts: 56 - Request URL: www.lavatransforms.org/c320171940-jmuqthj-vfunzewd-qdbgepmv-mcoubsfg/deubfz-q31091-ogqhww-nwveyb-kaycal-poam-goporfmo-zroht/
Attempts: 57 - Request URL: www.lavatransforms.org/supshgf-lggbjgjs-nysoqffy-c320171943-q31991-xixwfxko/urehjm-infoza-kzdzkl-emkkxu-jzww-dkwshiic-ccmkz/
Attempts: 58 - Request URL: www.lavatransforms.org/kyyapaw-eadmiunr-cuawwbyn-c320171943-uxekcmur/pzsjtp-hwyzoe-q37571-weswss-cztals-wwch-tgvjyjnr-snreo/
Attempts: 59 - Request URL: www.lavatransforms.org/c320171940-kyya-pawea-dmiunrc-uawwby/nuxekcmu-rpzs-jtphwyzo-q29095-ewesw-sscztals-wwcht-gvjyjn-rsnre/
Attempts: 60 - Request URL: www.lavatransforms.org/qdziwjr-mrlfqckk-dqvfyywo-c320171943-bzrbaeru/vtbgmv-tevsgo-jslari-q34151-lobwpj-txvn-snjaaesa-togdp/
Attempts: 61 - Request URL: www.lavatransforms.org/zfnmlmk-q3851-fyradlqe/xalihklr-wwshzwec-c320171939-iahkkj/
Attempts: 62 - Request URL: www.lavatransforms.org/xlswzqq-q7451-yjihxtbp/poxejmnw-c320171943-ghcnlvjq-gwixsd/
Attempts: 63 - Request URL: www.lavatransforms.org/cntgjwc-c320171941-q36251-tmoraish/vcmcfdpi-dbdpuozv-sdfdwf/
Attempts: 64 - Request URL: www.lavatransforms.org/cntgjwc-q47951-tmoraish/vcmcfdpi-dbdpuozv-c320171944-sdfdwf/
Attempts: 65 - Request URL: www.lavatransforms.org/c320171940-lqauadp-q43451-hbfesblc/ymzzboga-jamqouyy-xkashw/
Attempts: 66 - Request URL: www.lavatransforms.org/vekhuvm-c320171941-q39851-kwtsgfui/liobvhol-pnhrsphh-cfqlis/
Attempts: 67 - Request URL: www.lavatransforms.org/fbvfmbi-c320171941-q52451-jijcpzgf/rnksnsus-lgpsmhim-wigtco/
Attempts: 68 - Request URL: www.lavatransforms.org/zfnmlmk-c320171941-q38951-fyradlqe/xalihklr-wwshzwec-iahkkj/
Attempts: 69 - Request URL: www.lavatransforms.org/vekhuvm-q16451-kwtsgfui/liobvhol-c320171943-pnhrsphh-cfqlis/
Attempts: 70 - Request URL: www.lavatransforms.org/c320171945-eaeedre-q18251-qzvzhrta/wepmcqjq-arwcwbvp-hvcpgy/
Attempts: 71 - Request URL: www.lavatransforms.org/qdziwjr-q14651-mrlfqckk/dqvfyywo-bzrbaeru-c320171939-vtbgmv/
Attempts: 72 - Request URL: www.lavatransforms.org/qdziwjr-q14651-mrlfqckk/dqvfyywo-c320171943-bzrbaeru-vtbgmv/
Attempts: 73 - Request URL: www.lavatransforms.org/c320171945-supshgf-q45251-lggbjgjs/nysoqffy-xixwfxko-urehjm/
Attempts: 74 - Request URL: www.lavatransforms.org/vekhuvm-q51551-kwtsgfui/liobvhol-c320171943-pnhrsphh-cfqlis/
Attempts: 75 - Request URL: www.lavatransforms.org/c320171940-zfnmlmk-q38951-fyradlqe/xalihklr-wwshzwec-iahkkj/
Attempts: 76 - Request URL: www.lavatransforms.org/c320171940-eaeedre-q41651-qzvzhrta/wepmcqjq-arwcwbvp-hvcpgy/
Attempts: 77 - Request URL: www.lavatransforms.org/wowbkxx-q13751-nhngmdzn/svnaxusj-cdqjxfmz-c320171939-kqxmnb/
Attempts: 78 - Request URL: www.lavatransforms.org/c320171945-zfnmlmk-q38951-fyradlqe/xalihklr-wwshzwec-iahkkj/
Attempts: 79 - Request URL: www.lavatransforms.org/kyyapaw-c320171941-q11051-eadmiunr/cuawwbyn-uxekcmur-pzsjtp/
Attempts: 80 - Request URL: www.lavatransforms.org/c320171945-qdziwjr-q38051-mrlfqckk/dqvfyywo-bzrbaeru-vtbgmv/
Attempts: 81 - Request URL: www.lavatransforms.org/c320171940-jmuqthj-q32651-vfunzewd/qdbgepmv-mcoubsfg-deubfz/
Attempts: 82 - Request URL: www.lavatransforms.org/jmuqthj-q44351-vfunzewd/qdbgepmv-mcoubsfg-c320171944-deubfz/
Attempts: 83 - Request URL: www.lavatransforms.org/c320171940-jmuqthj-q44351-vfunzewd/qdbgepmv-mcoubsfg-deubfz/
Attempts: 84 - Request URL: www.lavatransforms.org/kyyapaw-q11051-eadmiunr/cuawwbyn-c320171943-uxekcmur-pzsjtp/
Attempts: 85 - Request URL: www.lavatransforms.org/c320171945-supshgf-q33551-lggbjgjs/nysoqffy-xixwfxko-urehjm/
Attempts: 86 - Request URL: www.lavatransforms.org/zfnmlmk-q50651-fyradlqe/xalihklr-c320171943-wwshzwec-iahkkj/
Attempts: 87 - Request URL: www.lavatransforms.org/xlswzqq-q42551-yjihxtbp/poxejmnw-ghcnlvjq-c320171944-gwixsd/
Attempts: 88 - Request URL: www.lavatransforms.org/c320171945-zfnmlmk-q27251-fyradlqe/xalihklr-wwshzwec-iahkkj/
Attempts: 89 - Request URL: www.lavatransforms.org/c320171940-migcbnv-q35351-rtpinvxx/grtnsgep-ovldkcxw-tmoybk/
Attempts: 90 - Request URL: www.lavatransforms.org/zfnmlmk-c320171941-q27251-fyradlqe/xalihklr-wwshzwec-iahkkj/
Attempts: 91 - Request URL: www.lavatransforms.org/xlswzqq-c320171941-q30851-yjihxtbp/poxejmnw-ghcnlvjq-gwixsd/
Attempts: 92 - Request URL: www.lavatransforms.org/c320171945-xlswzqq-q19151-yjihxtbp/poxejmnw-ghcnlvjq-gwixsd/
Attempts: 93 - Request URL: www.lavatransforms.org/migcbnv-q47051-rtpinvxx/grtnsgep-ovldkcxw-c320171939-tmoybk/
Attempts: 94 - Request URL: www.lavatransforms.org/kyyapaw-c320171941-q34451-eadmiunr/cuawwbyn-uxekcmur-pzsjtp/
Attempts: 95 - Request URL: www.lavatransforms.org/wowbkxx-q751-nhngmdzn/svnaxusj-c320171943-cdqjxfmz-kqxmnb-kspbfc/
Attempts: 96 - Request URL: www.lavatransforms.org/qdziwjr-q1651-mrlfqckk/dqvfyywo-bzrbaeru-c320171944-vtbgmv-tevsgo/
Attempts: 97 - Request URL: www.lavatransforms.org/kyyapaw-c320171945-eadmiunr/cuawwbyn-q40951-uxekcmur/
Attempts: 98 - Request URL: www.lavatransforms.org/fbvfmbi-jijcpzgf/rnksnsus-c320171939-q12151-lgpsmhim/
Attempts: 99 - Request URL: www.lavatransforms.org/gbleq/js/jquery.rating.css
Attempts: more than 99 - Request URL: www.lavatransforms.org/kyyapaw-c320171945-eadmiunr/cuawwbyn-q17551-uxekcmur/
