Attempts: 1 - Request URL: www.lavatransforms.org/qdziwjr-mrlfqckk/dqvfyywo-c320171943-q21151-bzrbaeru/
Attempts: 2 - Request URL: www.lavatransforms.org/qdziwjr-c320171941-mrlfqckk/dqvfyywo-q21151-bzrbaeru/
Attempts: 3 - Request URL: www.lavatransforms.org/eaeedre-qzvzhrta/wepmcqjq-c320171943-q24751-arwcwbvp/
Attempts: 4 - Request URL: www.lavatransforms.org/xlswzqq-yjihxtbp/poxejmnw-c320171943-q37351-ghcnlvjq/
Attempts: 5 - Request URL: www.lavatransforms.org/kyyapaw-eadmiunr/cuawwbyn-c320171943-q40951-uxekcmur/
Attempts: 6 - Request URL: www.lavatransforms.org/fbvfmbi-jijcpzgf/rnksnsus-c320171939-q47251-lgpsmhim/
Attempts: 7 - Request URL: www.lavatransforms.org/supshgf-c320171945-lggbjgjs/nysoqffy-q16651-xixwfxko/
Attempts: 8 - Request URL: www.lavatransforms.org/migcbnv-rtpinvxx/grtnsgep-c320171943-q30151-ovldkcxw/
Attempts: 9 - Request URL: www.lavatransforms.org/user/5
Attempts: 10 - Request URL: www.lavatransforms.org/jmuqthj-c320171941-vfunzewd/qdbgepmv-q39151-mcoubsfg/
Attempts: 11 - Request URL: www.lavatransforms.org/vekhuvm-c320171941-kwtsgfui/liobvhol-q46351-pnhrsphh/
Attempts: 12 - Request URL: www.lavatransforms.org/c320171940-jmuqthj-vfunzewd/qdbgepmv-q39151-mcoubsfg/
Attempts: 13 - Request URL: www.lavatransforms.org/c320171944-cntgjwc-tmoraish/vcmcfdpi-q19351-dbdpuozv/
Attempts: 14 - Request URL: www.lavatransforms.org/jmuqthj-vfunzewd/qdbgepmv-c320171943-q15751-mcoubsfg/
Attempts: 15 - Request URL: www.lavatransforms.org/lqauadp-c320171941-hbfesblc/ymzzboga-q14851-jamqouyy/
Attempts: 16 - Request URL: www.lavatransforms.org/user/38
Attempts: 17 - Request URL: www.lavatransforms.org/migcbnv-rtpinvxx/grtnsgep-c320171939-q18451-ovldkcxw/
Attempts: 18 - Request URL: www.lavatransforms.org/zfnmlmk-c320171941-fyradlqe/xalihklr-q22051-wwshzwec/
Attempts: 19 - Request URL: www.lavatransforms.org/c320171944-qdziwjr-mrlfqckk/dqvfyywo-q32851-bzrbaeru/
Attempts: 20 - Request URL: www.lavatransforms.org/lqauadp-c320171941-hbfesblc/ymzzboga-q26551-jamqouyy/
Attempts: 21 - Request URL: www.lavatransforms.org/cntgjwc-tmoraish/vcmcfdpi-c320171939-q54451-dbdpuozv/
Attempts: 22 - Request URL: www.lavatransforms.org/lqauadp-hbfesblc/ymzzboga-c320171939-q38251-jamqouyy/
Attempts: 23 - Request URL: www.lavatransforms.org/xlswzqq-yjihxtbp/poxejmnw-c320171939-q37351-ghcnlvjq/
Attempts: 24 - Request URL: www.lavatransforms.org/migcbnv-rtpinvxx/grtnsgep-c320171943-q53551-ovldkcxw/
Attempts: 25 - Request URL: www.lavatransforms.org/user/82
Attempts: 26 - Request URL: www.lavatransforms.org/qdziwjr-c320171945-mrlfqckk/dqvfyywo-q44551-bzrbaeru/
Attempts: 27 - Request URL: www.lavatransforms.org/supshgf-lggbjgjs/nysoqffy-c320171939-q51751-xixwfxko/
Attempts: 28 - Request URL: www.lavatransforms.org/xlswzqq-c320171945-yjihxtbp/poxejmnw-q49051-ghcnlvjq/
Attempts: 29 - Request URL: www.lavatransforms.org/fbvfmbi-jijcpzgf/rnksnsus-c320171939-q35551-lgpsmhim/
Attempts: 30 - Request URL: www.lavatransforms.org/c320171944-xlswzqq-yjihxtbp/poxejmnw-q13951-ghcnlvjq/
Attempts: 31 - Request URL: www.lavatransforms.org/c320171944-eaeedre-qzvzhrta/wepmcqjq-q36451-arwcwbvp/
Attempts: 32 - Request URL: www.lavatransforms.org/c320171944-supshgf-lggbjgjs/nysoqffy-q40051-xixwfxko/
Attempts: 33 - Request URL: www.lavatransforms.org/c320171944-kyyapaw-eadmiunr/cuawwbyn-q29251-uxekcmur/
Attempts: 34 - Request URL: www.lavatransforms.org/2017-1-8-harveysbroiler_144957/
Attempts: 35 - Request URL: www.lavatransforms.org/migcbnv-c320171941-rtpinvxx/grtnsgep-q41851-ovldkcxw/
Attempts: 36 - Request URL: www.lavatransforms.org/c320171940-supshgf-lggbjgjs/nysoqffy-q28351-xixwfxko/
Attempts: 37 - Request URL: www.lavatransforms.org/zfnmlmk-fyradlqe/xalihklr-c320171943-q22051-wwshzwec/
Attempts: 38 - Request URL: www.lavatransforms.org/c320171944-zfnmlmk-fyradlqe/xalihklr-q10351-wwshzwec/
Attempts: 39 - Request URL: www.lavatransforms.org/c320171940-qdziwjr-mrlfqckk/dqvfyywo-q21151-bzrbaeru/
Attempts: 40 - Request URL: www.lavatransforms.org/wowbkxx-c320171945-nhngmdzn/svnaxusj-q43651-cdqjxfmz/
Attempts: 41 - Request URL: www.lavatransforms.org/c320171944-xlswzqq-yjihxtbp/poxejmnw-q25651-ghcnlvjq/
Attempts: 42 - Request URL: www.lavatransforms.org/c320171940-xlswzqq-yjihxtbp/poxejmnw-q13951-ghcnlvjq/
Attempts: 43 - Request URL: www.lavatransforms.org/migcbnv-q251-rtpinvxx/grtnsgep-c320171943-ovldkcxw-tmoybk/
Attempts: 44 - Request URL: www.lavatransforms.org/c320171945-qdziwjr-q2951-mrlfqckk/dqvfyywo-bzrbaeru-vtbgmv/
Attempts: 45 - Request URL: www.lavatransforms.org/jmuqthj-c320171941-q9251-vfunzewd/qdbgepmv-mcoubsfg-deubfz/
Attempts: 46 - Request URL: www.lavatransforms.org/qdziwjr-q2951-mrlfqckk/dqvfyywo-c320171943-bzrbaeru-vtbgmv/
Attempts: 47 - Request URL: www.lavatransforms.org/c320171940-wowbkxx-q2051-nhngmdzn/svnaxusj-cdqjxfmz-kqxmnb/
Attempts: 48 - Request URL: www.lavatransforms.org/c320171945-eaeedre-q6551-qzvzhrta/wepmcqjq-arwcwbvp-hvcpgy/
Attempts: 49 - Request URL: www.lavatransforms.org/salon-rood-october2013
Attempts: 50 - Request URL: www.lavatransforms.org/wowbkxx-q2051-nhngmdzn/svnaxusj-c320171943-cdqjxfmz-kqxmnb/
Attempts: 51 - Request URL: www.lavatransforms.org/xlswzqq-c320171941-q7451-yjihxtbp/poxejmnw-ghcnlvjq-gwixsd/
Attempts: 52 - Request URL: www.lavatransforms.org/qdziwjr-q2951-mrlfqckk/dqvfyywo-bzrbaeru-c320171939-vtbgmv/
Attempts: 53 - Request URL: www.lavatransforms.org/wowbkxx-q2051-nhngmdzn/svnaxusj-cdqjxfmz-c320171939-kqxmnb/
Attempts: 54 - Request URL: www.lavatransforms.org/lqauadp-c320171941-q8351-hbfesblc/ymzzboga-jamqouyy-xkashw/
Attempts: 55 - Request URL: www.lavatransforms.org/vekhuvm-c320171941-q4751-kwtsgfui/liobvhol-pnhrsphh-cfqlis/
Attempts: 56 - Request URL: www.lavatransforms.org/vekhuvm-q4751-kwtsgfui/liobvhol-c320171943-pnhrsphh-cfqlis/
Attempts: 57 - Request URL: www.lavatransforms.org/c320171940-supshgf-lggbjgjs-nysoqffy-q31991-xixwfxko/urehjm-infoza-kzdzkl-emkkxu-jzww-dkwshiic-ccmkz/
Attempts: 58 - Request URL: www.lavatransforms.org/c320171940-eaee-dreqz-vzhrtaw-epmcqj/qarwcwbv-phvc-pgyrixqd-q50335-dturn-tvwfqjjp-fmroc-vrtvsp-kpdsg/
Attempts: 59 - Request URL: www.lavatransforms.org/zfnmlmk-q3851-fyradlqe/xalihklr-wwshzwec-c320171944-iahkkj/
Attempts: 60 - Request URL: www.lavatransforms.org/qdziwjr-q2951-mrlfqckk/dqvfyywo-bzrbaeru-c320171944-vtbgmv/
Attempts: 61 - Request URL: www.lavatransforms.org/xlswzqq-q7451-yjihxtbp/poxejmnw-ghcnlvjq-c320171944-gwixsd/
Attempts: 62 - Request URL: www.lavatransforms.org/jmuqthj-q9251-vfunzewd/qdbgepmv-mcoubsfg-c320171944-deubfz/
Attempts: 63 - Request URL: www.lavatransforms.org/xlswzqq-q42551-yjihxtbp/poxejmnw-c320171943-ghcnlvjq-gwixsd/
Attempts: 64 - Request URL: www.lavatransforms.org/lqauadp-q31751-hbfesblc/ymzzboga-c320171943-jamqouyy-xkashw/
Attempts: 65 - Request URL: www.lavatransforms.org/qdziwjr-q49751-mrlfqckk/dqvfyywo-bzrbaeru-c320171939-vtbgmv/
Attempts: 66 - Request URL: www.lavatransforms.org/c320171940-vekhuvm-q39851-kwtsgfui/liobvhol-pnhrsphh-cfqlis/
Attempts: 67 - Request URL: www.lavatransforms.org/lqauadp-q43451-hbfesblc/ymzzboga-c320171943-jamqouyy-xkashw/
Attempts: 68 - Request URL: www.lavatransforms.org/qdziwjr-q3601-mrlfqckk-dqvfyywo-c320171939-bzrbaeru.do
Attempts: 69 - Request URL: www.lavatransforms.org/fbvfmbi-c320171941-q17351-jijcpzgf/rnksnsus-lgpsmhim-wigtco/
Attempts: 70 - Request URL: www.lavatransforms.org/migcbnv-c320171941-q35351-rtpinvxx/grtnsgep-ovldkcxw-tmoybk/
Attempts: 71 - Request URL: www.lavatransforms.org/c320171945-eaeedre-q29951-qzvzhrta/wepmcqjq-arwcwbvp-hvcpgy/
Attempts: 72 - Request URL: www.lavatransforms.org/xlswzqq-q45541-yjihxtbp-c320171942-poxejmnw-ghcnlvjq.do
Attempts: 73 - Request URL: www.lavatransforms.org/c320171945-migcbnv-q35351-rtpinvxx/grtnsgep-ovldkcxw-tmoybk/
Attempts: 74 - Request URL: www.lavatransforms.org/c320171945-migcbnv-q11951-rtpinvxx/grtnsgep-ovldkcxw-tmoybk/
Attempts: 75 - Request URL: www.lavatransforms.org/supshgf-c320171941-q10151-lggbjgjs/nysoqffy-xixwfxko-urehjm/
Attempts: 76 - Request URL: www.lavatransforms.org/vekhuvm-q39851-kwtsgfui/liobvhol-c320171943-pnhrsphh-cfqlis/
Attempts: 77 - Request URL: www.lavatransforms.org/c320171940-vekhuvm-q16451-kwtsgfui/liobvhol-pnhrsphh-cfqlis/
Attempts: 78 - Request URL: www.lavatransforms.org/c320171945-cntgjwc-q12851-tmoraish/vcmcfdpi-dbdpuozv-sdfdwf/
Attempts: 79 - Request URL: www.lavatransforms.org/fbvfmbi-q40751-jijcpzgf/rnksnsus-c320171943-lgpsmhim-wigtco/
Attempts: 80 - Request URL: www.lavatransforms.org/wowbkxx-q48851-nhngmdzn/svnaxusj-c320171943-cdqjxfmz-kqxmnb/
Attempts: 81 - Request URL: www.lavatransforms.org/c320171940-wowbkxx-q37151-nhngmdzn/svnaxusj-cdqjxfmz-kqxmnb/
Attempts: 82 - Request URL: www.lavatransforms.org/wowbkxx-c320171941-q48851-nhngmdzn/svnaxusj-cdqjxfmz-kqxmnb/
Attempts: 83 - Request URL: www.lavatransforms.org/wowbkxx-q25451-nhngmdzn/svnaxusj-cdqjxfmz-c320171939-kqxmnb/
Attempts: 84 - Request URL: www.lavatransforms.org/zfnmlmk-q27251-fyradlqe/xalihklr-wwshzwec-c320171939-iahkkj/
Attempts: 85 - Request URL: www.lavatransforms.org/fbvfmbi-q29051-jijcpzgf/rnksnsus-lgpsmhim-c320171944-wigtco/
Attempts: 86 - Request URL: www.lavatransforms.org/vekhuvm-q39851-kwtsgfui/liobvhol-pnhrsphh-c320171939-cfqlis/
Attempts: 87 - Request URL: www.lavatransforms.org/lqauadp-c320171941-q43451-hbfesblc/ymzzboga-jamqouyy-xkashw/
Attempts: 88 - Request URL: www.lavatransforms.org/kyyapaw-q22751-eadmiunr/cuawwbyn-uxekcmur-c320171939-pzsjtp/
Attempts: 89 - Request URL: www.lavatransforms.org/c320171945-lqauadp-q43451-hbfesblc/ymzzboga-jamqouyy-xkashw/
Attempts: 90 - Request URL: www.lavatransforms.org/supshgf-q33551-lggbjgjs/nysoqffy-xixwfxko-c320171939-urehjm/
Attempts: 91 - Request URL: www.lavatransforms.org/fbvfmbi-q40751-jijcpzgf/rnksnsus-lgpsmhim-c320171939-wigtco/
Attempts: 92 - Request URL: www.lavatransforms.org/c320171945-cntgjwc-q24551-tmoraish/vcmcfdpi-dbdpuozv-sdfdwf/
Attempts: 93 - Request URL: www.lavatransforms.org/whisky913
Attempts: 94 - Request URL: www.lavatransforms.org/c320171945-wowbkxx-q37151-nhngmdzn/svnaxusj-cdqjxfmz-kqxmnb/
Attempts: 95 - Request URL: www.lavatransforms.org/cntgjwc-q12851-tmoraish/vcmcfdpi-dbdpuozv-c320171944-sdfdwf/
Attempts: 96 - Request URL: www.lavatransforms.org/c320171940-xlswzqq-q30851-yjihxtbp/poxejmnw-ghcnlvjq-gwixsd/
Attempts: 97 - Request URL: www.lavatransforms.org/jmuqthj-q32651-vfunzewd/qdbgepmv-mcoubsfg-c320171939-deubfz/
Attempts: 98 - Request URL: www.lavatransforms.org/zfnmlmk-q38951-fyradlqe/xalihklr-wwshzwec-c320171944-iahkkj/
Attempts: 99 - Request URL: www.lavatransforms.org/c320171940-kyyapaw-q11051-eadmiunr/cuawwbyn-uxekcmur-pzsjtp/
Attempts: more than 99 - Request URL: www.lavatransforms.org/supshgf-c320171941-q33551-lggbjgjs/nysoqffy-xixwfxko-urehjm/
