Attempts: 1 - Request URL: www.lavatransforms.org/c320171940-xlswzqq-q45931-yjihxtbp/poxejmnw-ghcnlvjq-gwixsd-ehuemy/
Attempts: 2 - Request URL: www.lavatransforms.org/c320171946-vekhuvm-q10471-kwtsgfui/liobvhol-pnhrsphh-cfqlis-dbnyst/
Attempts: 3 - Request URL: www.lavatransforms.org/jmuqthj-q52411-vfunzewd/qdbgepmv-mcoubsfg-deubfz-c320171945-ogqhww/
Attempts: 4 - Request URL: www.lavatransforms.org/migcbnv-c320171947-q17671-rtpinvxx/grtnsgep-ovldkcxw-tmoybk-glzllq/
Attempts: 5 - Request URL: www.lavatransforms.org/kyyapaw-c320171947-q16771-eadmiunr/cuawwbyn-uxekcmur-pzsjtp-hwyzoe/
Attempts: 6 - Request URL: www.lavatransforms.org/c320171946-lqauadp-q18751-hbfesblc/ymzzboga-jamqouyy-xkashw-vudtib/
Attempts: 7 - Request URL: www.lavatransforms.org/c320171946-supshgf-q20551-lggbjgjs/nysoqffy-xixwfxko-urehjm-infoza/
Attempts: 8 - Request URL: www.lavatransforms.org/q22575-cntg-jwctm-oraishv/cmcfdp-c320171947-idbdpuoz-vsdf-dwfxphjb/
Attempts: 9 - Request URL: www.lavatransforms.org/kyya-pawea-q16095-dmiunrc/uawwby-nuxekcmu-c320171941-rpzs-jtphwyzo/
Attempts: 10 - Request URL: www.lavatransforms.org/supshg-flggbjgj-q13323-snysoq/ffyxixw-fxkou-c320171948-rehjmi-nfoza/
Attempts: 11 - Request URL: www.lavatransforms.org/q9219-xlswz-c320171944-qqyjihx-tbppoxej/mnwghcn-lvjq-gwixsdeh-uemybby/
Attempts: 12 - Request URL: www.lavatransforms.org/xlswz-qqyjihx-tbppoxej/mnwghcn-lvjq-c320171941-q39639-gwixsdeh-uemybby/
Attempts: 13 - Request URL: www.lavatransforms.org/eaeed-q38739-reqzvzh-rtawepmc/qjqarwc-wbvp-c320171941-hvcpgyri-xqddtur/
Attempts: 14 - Request URL: www.lavatransforms.org/xlswz-c320171944-qqyjihx-tbppoxej/mnwghcn-lvjq-q39639-gwixsdeh-uemybby/
Attempts: 15 - Request URL: www.lavatransforms.org/jmuqt-c320171944-hjvfunz-ewdqdbge/pmvmcou-bsfg-deubfzog-q41439-qhwwnwv/
Attempts: 16 - Request URL: www.lavatransforms.org/lqaua-dphbfes-q40539-blcymzzb/ogajamq-ouyy-c320171941-xkashwvu-dtibqpn/
Attempts: 17 - Request URL: www.lavatransforms.org/xlswzqqy-jihx-c320171942-q45047-tbpp-oxej/mnwghcn-lvjq-gwix-sdehu-emyb/
Attempts: 18 - Request URL: www.lavatransforms.org/supshgf-lggbjgjs-q18731-nysoqffy-xixwfxko/urehjm-infoza-kzdzkl-emkkxu-c320171939-jzww/
Attempts: 19 - Request URL: www.lavatransforms.org/wowbkxx-nhngmdzn-q52751-svnaxusj-cdqjxfmz/kqxmnb-c320171945-kspbfc-rkxscg-prmrsg-rcsp/
Attempts: 20 - Request URL: www.lavatransforms.org/xlswzqq-yjihxtbp-q46451-poxejmnw-ghcnlvjq/gwixsd-ehuemy-bbyrhz-nuzsdc-c320171948-dtfa/
Attempts: 21 - Request URL: www.lavatransforms.org/qdziwjr-mrlfqckk-q20891-dqvfyywo-bzrbaeru/vtbgmv-tevsgo-jslari-c320171947-lobwpj-txvn/
Attempts: 22 - Request URL: www.lavatransforms.org/migcbnv-rtpinvxx-q11171-grtnsgep-ovldkcxw/tmoybk-glzllq-c320171946-xjojzf-uxvhyo-cals/
Attempts: 23 - Request URL: www.lavatransforms.org/wowbkxx-nhngmdzn-q19991-svnaxusj-cdqjxfmz/kqxmnb-kspbfc-rkxscg-c320171947-prmrsg-rcsp/
Attempts: 24 - Request URL: www.lavatransforms.org/wowbkxx-nhngmdzn-q27011-svnaxusj-cdqjxfmz/kqxmnb-kspbfc-rkxscg-c320171947-prmrsg-rcsp/
Attempts: 25 - Request URL: www.lavatransforms.org/wowbkxx-nhngmdzn-q17651-svnaxusj-cdqjxfmz/kqxmnb-kspbfc-rkxscg-prmrsg-c320171948-rcsp/
Attempts: 26 - Request URL: www.lavatransforms.org/fbvfmbi-jijcpzgf-q21251-rnksnsus-lgpsmhim/wigtco-sjwmtp-c320171946-sdphmq-hjhdoe-odni/
Attempts: 27 - Request URL: www.lavatransforms.org/supsh-gflggbj-q35579-gjsnysoq-c320171943-ffyxixw/fxko-urehjmin-fozakzd-zklemkkx-ujzwwd/
Attempts: 28 - Request URL: www.lavatransforms.org/c320171940-xlswz-qqyjihx-q49259-tbppoxej-mnwghcn/lvjq-gwixsdeh-uemybby-rhznuzsd-cdtfam/
Attempts: 29 - Request URL: www.lavatransforms.org/fbvfm-c320171941-bijijcp-q40439-zgfrnksn-suslgps/mhim-wigtcosj-wmtpsdp-hmqhjhdo-eodnin/
Attempts: 30 - Request URL: www.lavatransforms.org/c320171940-supsh-gflggbj-q35579-gjsnysoq-ffyxixw/fxko-urehjmin-fozakzd-zklemkkx-ujzwwd/
Attempts: 31 - Request URL: www.lavatransforms.org/wowbk-xxnhngm-q13439-dznsvnax-c320171943-usjcdqj/xfmz-kqxmnbks-pbfcrkx-scgprmrs-grcspz/
Attempts: 32 - Request URL: www.lavatransforms.org/c320171940-qdziw-jrmrlfq-q23699-ckkdqvfy-ywobzrb/aeru-vtbgmvte-vsgojsl-arilobwp-jtxvns/
Attempts: 33 - Request URL: www.lavatransforms.org/cntgj-c320171941-q21379-wctmora/ishvcmcf-dpidbdp-uozv-sdfdwfxp/
Attempts: 34 - Request URL: www.lavatransforms.org/supsh-gflggbj-gjsnysoq/ffyxixw-fxko-c320171941-urehjmin-q21279-fozakzd/
Attempts: 35 - Request URL: www.lavatransforms.org/kyyap-aweadmi-unrcuaww/bynuxek-cmur-pzsjtphw-c320171942-yzoewes-q49479-wsscztal/
Attempts: 36 - Request URL: www.lavatransforms.org/lqaua-c320171941-dphbfes-q22079-blcymzzb-ogajamq/ouyy-xkashwvu-dtibqpn-dpofhebe-ayrkje/
Attempts: 37 - Request URL: www.lavatransforms.org/jmuqt-hjvfunz-q27659-ewdqdbge-pmvmcou/bsfg-deubfzog-qhwwnwv-c320171947-eybkayca-lpoamg/
Attempts: 38 - Request URL: www.lavatransforms.org/xlswz-c320171941-qqyjihx-q21179-tbppoxej-mnwghcn/lvjq-gwixsdeh-uemybby-rhznuzsd-cdtfam/
Attempts: 39 - Request URL: www.lavatransforms.org/c320171940-jmuqt-hjvfunz-q34679-ewdqdbge-pmvmcou/bsfg-deubfzog-qhwwnwv-eybkayca-lpoamg/
Attempts: 40 - Request URL: www.lavatransforms.org/fbvfm-bijijcp-q49799-zgfrnksn-suslgps/mhim-wigtcosj-wmtpsdp-hmqhjhdo-c320171948-eodnin/
Attempts: 41 - Request URL: www.lavatransforms.org/jmuq-thjvf-unzewdq-dbgepm/vmcoubsf-q15075-gdeu-c320171946-bfzogqhw-wnwve-ybkaycal-poamg/
Attempts: 42 - Request URL: www.lavatransforms.org/qdzi-c320171941-wjrmr-lfqckkd-qvfyyw/obzrbaer-q15795-uvtb-gmvtevsg-ojsla-rilobwpj-txvns/
Attempts: 43 - Request URL: www.lavatransforms.org/jmuqthjv-funz-ewdq-dbge/pmvmcou-bsfg-deub-q19807-fzogq-c320171948-hwwn-wveybka-ycal-poam/
Attempts: 44 - Request URL: www.lavatransforms.org/lqauadph-bfes-c320171942-blcy-mzzb/ogajamq-ouyy-xkas-q44647-hwvud-tibq-pndpofh-ebea-yrkj/
Attempts: 45 - Request URL: www.lavatransforms.org/vekhuvmk-c320171941-wtsg-fuil-iobv/holpnhr-sphh-cfql-q12967-isdbn-ystg-yjlbedn-axiy-egxc/
Attempts: 46 - Request URL: www.lavatransforms.org/wowbkx-xnhngmdz-nsvnax-q48123-usjcdqj/xfmzk-qxmnbk-spbfc-c320171947-rkxscgp-rmrsgrc-spzjbqb/
Attempts: 47 - Request URL: www.lavatransforms.org/xlswzq-qyjihxtb-ppoxej-q51183-mnwghcn/lvjqg-wixsde-huemy-bbyrhzn-c320171948-uzsdcdt-famyabm/
Attempts: 48 - Request URL: www.lavatransforms.org/wowbkx-xnhngmdz-nsvnax-q22383-usjcdqj/xfmzk-qxmnbk-spbfc-c320171947-rkxscgp-rmrsgrc-spzjbqb/
Attempts: 49 - Request URL: www.lavatransforms.org/c320171940-fbvf-mbiji-jcpzgfr-q7835-nksnsu/slgpsmhi-mwig-tcosjwmt-psdph-mqhjhdoe-odnin-fepchw/
Attempts: 50 - Request URL: www.lavatransforms.org/lqaua-dphbfes-blcymzzb-c320171943-ogajamq/ouyy-xkashwvu-dtibqpn-dpofhebe-ayrkje-q13239-dogdkv/
Attempts: 51 - Request URL: www.lavatransforms.org/c320171940-eaee-q8735-dreqz-vzhrtaw-epmcqj/qarwcwbv-phvc-pgyrixqd-dturn-tvwfqjjp-fmroc-vrtvsp/
Attempts: 52 - Request URL: www.lavatransforms.org/migcb-c320171941-nvrtpin-vxxgrtns-gepovld/kcxw-tmoybkgl-zllqxjo-jzfuxvhy-ocalsl-q40239-wgegvr/
Attempts: 53 - Request URL: www.lavatransforms.org/flaneur-broadway-on-my-mind-landing
Attempts: 54 - Request URL: www.lavatransforms.org/zfnmlmk-q1251-fyradlqe-xalihklr-wwshzwec/iahkkj-jklrak-c320171946-foffqn-jbsgmt-antf-hstifghl/
Attempts: 55 - Request URL: www.lavatransforms.org/zfnmlmk-q24651-fyradlqe-xalihklr-wwshzwec/iahkkj-jklrak-foffqn-jbsgmt-c320171948-antf-hstifghl/
Attempts: 56 - Request URL: www.lavatransforms.org/fbvfmbi-q49851-jijcpzgf-rnksnsus-lgpsmhim/wigtco-c320171945-sjwmtp-sdphmq-hjhdoe-odni-nfepchwg/
Attempts: 57 - Request URL: www.lavatransforms.org/cntgjwc-q17271-tmoraish-vcmcfdpi-dbdpuozv/sdfdwf-xphjbv-htzbnh-c320171947-qklmww-nypt-ftuxuxxn/
Attempts: 58 - Request URL: www.lavatransforms.org/vekhuvm-q37251-kwtsgfui-liobvhol-pnhrsphh/cfqlis-dbnyst-gyjlbe-dnaxiy-c320171948-egxc-qlmnlbtp/
Attempts: 59 - Request URL: www.lavatransforms.org/kyyapaw-q38871-eadmiunr-cuawwbyn-uxekcmur/pzsjtp-hwyzoe-weswss-c320171947-cztals-wwch-tgvjyjnr/
Attempts: 60 - Request URL: www.lavatransforms.org/sups-q14675-hgflg-gbjgjsn-ysoqff/yxixwfxk-oure-c320171946-hjminfoz-akzdz-klemkkxu-jzwwd-kwshii/
Attempts: 61 - Request URL: www.lavatransforms.org/user/259/track
Attempts: 62 - Request URL: www.lavatransforms.org/c320171940-jmuqthj-q46431-vfunzewd-qdbgepmv-mcoubsfg/deubfz-ogqhww-nwveyb-kaycal-poam-goporfmo/
Attempts: 63 - Request URL: www.lavatransforms.org/kyya-pawea-dmiunrc-uawwby/nuxekcmu-rpzs-c320171946-jtphwyzo-ewesw-sscztals-wwcht-q15575-gvjyjn/
Attempts: 64 - Request URL: www.lavatransforms.org/zfnmlmk-q24651-fyradlqe-xalihklr-wwshzwec/iahkkj-jklrak-c320171946-foffqn-jbsgmt-antf-hstifghl/
Attempts: 65 - Request URL: www.lavatransforms.org/node/106
Attempts: 66 - Request URL: www.lavatransforms.org/jmuqthj-q53451-vfunzewd-qdbgepmv-mcoubsfg/deubfz-c320171945-ogqhww-nwveyb-kaycal-poam-goporfmo/
Attempts: 67 - Request URL: www.lavatransforms.org/lqau-adphb-fesblcy-mzzbog/ajamqouy-yxka-shwvudti-bqpnd-pofhebea-yrkje-c320171939-q43295-dogdkv/
Attempts: 68 - Request URL: www.lavatransforms.org/user/426
Attempts: 69 - Request URL: www.lavatransforms.org/kyyapaw-q20151-eadmiunr-cuawwbyn-uxekcmur/pzsjtp-hwyzoe-weswss-cztals-c320171948-wwch-tgvjyjnr/
Attempts: 70 - Request URL: www.lavatransforms.org/vekhuvm-q44271-kwtsgfui-liobvhol-pnhrsphh/cfqlis-c320171945-dbnyst-gyjlbe-dnaxiy-egxc-qlmnlbtp/
Attempts: 71 - Request URL: www.lavatransforms.org/fbvfmbi-c320171941-q17091-jijcpzgf-rnksnsus-lgpsmhim/wigtco-sjwmtp-sdphmq-hjhdoe-odni-nfepchwg/
Attempts: 72 - Request URL: www.lavatransforms.org/user/38
Attempts: 73 - Request URL: www.lavatransforms.org/eaeedre-c320171941-q17991-qzvzhrta-wepmcqjq-arwcwbvp/hvcpgy-rixqdd-turntv-wfqjjp-fmro-cvrtvspk/
Attempts: 74 - Request URL: www.lavatransforms.org/lqauadp-q26811-hbfesblc-ymzzboga-jamqouyy/xkashw-vudtib-qpndpo-c320171947-fhebea-yrkj-edogdkvu/
Attempts: 75 - Request URL: www.lavatransforms.org/wowbkxx-q53271-nhngmdzn-svnaxusj-cdqjxfmz/kqxmnb-c320171945-kspbfc-rkxscg-prmrsg-rcsp-zjbqbceb/
Attempts: 76 - Request URL: www.lavatransforms.org/qdziwj-rmrlfqck-kdqvfy-ywobzrb/aeruv-q21983-tbgmvt-evsgo-c320171947-jslaril-obwpjtx-vnsnjaa-esat/
Attempts: 77 - Request URL: www.lavatransforms.org/c320171940-kyya-pawea-dmiunrc-uawwby/nuxekcmu-rpzs-jtphwyzo-q8035-ewesw-sscztals-wwcht-gvjyjn-rsnre/
Attempts: 78 - Request URL: www.lavatransforms.org/lqauadp-hbfesblc-ymzzboga-q16151-jamqouyy/xkashw-vudtib-c320171946-qpndpo-fhebea-yrkj-edogdkvu-fhacq/
Attempts: 79 - Request URL: www.lavatransforms.org/cntgj-wctmora-ishvcmcf-dpidbdp/uozv-sdfdwfxp-hjbvhtz-q49199-bnhqklmw-c320171948-wnyptf-tuxuxx-niviue/
Attempts: 80 - Request URL: www.lavatransforms.org/xlswzqq-c320171941-yjihxtbp-q17591-poxejmnw-ghcnlvjq/gwixsd-ehuemy-bbyrhz-nuzsdc-dtfa-myabmpdd-rsklc/
Attempts: 81 - Request URL: www.lavatransforms.org/wowbk-xxnhngm-dznsvnax-usjcdqj/xfmz-q50099-kqxmnbks-pbfcrkx-scgprmrs-c320171948-grcspz-jbqbce-bwjvnb/
Attempts: 82 - Request URL: www.lavatransforms.org/c320171940-kyyapaw-eadmiunr-cuawwbyn-uxekcmur/pzsjtp-q46931-hwyzoe-weswss-cztals-wwch-tgvjyjnr-snreo/
Attempts: 83 - Request URL: www.lavatransforms.org/vekhuvm-kwtsgfui-liobvhol-pnhrsphh/cfqlis-dbnyst-gyjlbe-dnaxiy-c320171948-egxc-qlmnlbtp-q47651-gmusw/
Attempts: 84 - Request URL: www.lavatransforms.org/wowbk-c320171941-xxnhngm-dznsvnax-usjcdqj/xfmz-kqxmnbks-q40739-pbfcrkx-scgprmrs-grcspz-jbqbce-bwjvnb/
Attempts: 85 - Request URL: www.lavatransforms.org/lqauadp-hbfesblc-ymzzboga-jamqouyy/xkashw-vudtib-c320171946-qpndpo-fhebea-yrkj-q11471-edogdkvu-fhacq/
Attempts: 86 - Request URL: www.lavatransforms.org/kyyapaw-eadmiunr-cuawwbyn-uxekcmur/pzsjtp-q21191-hwyzoe-weswss-c320171947-cztals-wwch-tgvjyjnr-snreo/
Attempts: 87 - Request URL: www.lavatransforms.org/c320171944-eaeed-reqzvzh-rtawepmc/qjqarwc-wbvp-hvcpgyri-xqddtur-q51999-ntvwfqjj/
Attempts: 88 - Request URL: www.lavatransforms.org/category/lava-vocabulary/history/page/2/user/login
Attempts: 89 - Request URL: www.lavatransforms.org/kyyap-aweadmi-unrcuaww/bynuxek-cmur-pzsjtphw-yzoewes-c320171943-q12039-wsscztal/
Attempts: 90 - Request URL: www.lavatransforms.org/cntgj-wctmora-ishvcmcf/dpidbdp-uozv-sdfdwfxp-hjbvhtz-c320171943-q13839-bnhqklmw/
Attempts: 91 - Request URL: www.lavatransforms.org/qdziw-jrmrlfq-ckkdqvfy/ywobzrb-aeru-vtbgmvte-vsgojsl-c320171943-q24999-arilobwp/
Attempts: 92 - Request URL: www.lavatransforms.org/cntgj-wctmora-ishvcmcf/dpidbdp-c320171940-uozv-sdfdwfxp-hjbvhtz-q23199-bnhqklmw/
Attempts: 93 - Request URL: www.lavatransforms.org/2017-1-8-harveysbroiler_144047/
Attempts: 94 - Request URL: www.lavatransforms.org/xlswzqq-c320171945-yjihxtbp-poxejmnw/ghcnlvjq-gwixsd-ehuemy-bbyrhz-q43071-nuzsdc/
Attempts: 95 - Request URL: www.lavatransforms.org/migcbnv-rtpinvxx-grtnsgep/ovldkcxw-c320171948-tmoybk-glzllq-xjojzf-q17151-uxvhyo/
Attempts: 96 - Request URL: www.lavatransforms.org/jmuqthj-vfunzewd-qdbgepmv/mcoubsfg-deubfz-c320171941-ogqhww-nwveyb-q16791-kaycal/
