Attempts: 1 - Request URL: www.lavatransforms.org/migcbn-vrtpinvx-xgrtns/gepovld-c320171940-q8103-kcxwt-moybkg-lzllq/
Attempts: 2 - Request URL: www.lavatransforms.org/cntg-jwctm-c320171942-oraishv-cmcfdp/idbdpuoz-vsdf-dwfxphjb-q16855-vhtzb-nhqklmww-nyptf-tuxuxx-niviu/
Attempts: 3 - Request URL: www.lavatransforms.org/lqauad-phbfesbl-cymzzb/ogajamq-q39603-ouyyx-kashwv-c320171942-udtib/
Attempts: 4 - Request URL: www.lavatransforms.org/zfnmlm-kfyradlq-exalih/klrwwsh-zweci-q35103-ahkkjj-c320171942-klrak/
Attempts: 5 - Request URL: www.lavatransforms.org/q38703-xlswzq-qyjihxtb-c320171945-ppoxej/mnwghcn-lvjqg-wixsde-huemy/
Attempts: 6 - Request URL: www.lavatransforms.org/qdziwj-rmrlfqck-c320171945-q10803-kdqvfy/ywobzrb-aeruv-tbgmvt-evsgo/
Attempts: 7 - Request URL: www.lavatransforms.org/supshg-flggbjgj-snysoq/ffyxixw-c320171940-fxkou-rehjmi-q18003-nfoza/
Attempts: 8 - Request URL: www.lavatransforms.org/bahooka
Attempts: 9 - Request URL: www.lavatransforms.org/c320171943-cntgjw-ctmorais-q34743-hvcmcf/dpidbdp-uozvs-dfdwfx-phjbv/
Attempts: 10 - Request URL: www.lavatransforms.org/zfnmlm-kfyradlq-c320171945-exalih/klrwwsh-zweci-q35103-ahkkjj-klrak/
Attempts: 11 - Request URL: www.lavatransforms.org/gbleq/css/style.css
Attempts: 12 - Request URL: www.lavatransforms.org/flaneurelranchito
Attempts: 13 - Request URL: www.lavatransforms.org/q13503-fbvfmb-ijijcpzg-frnksn/suslgps-c320171940-mhimw-igtcos-jwmtp/
Attempts: 14 - Request URL: www.lavatransforms.org/eaeedr-eqzvzhrt-awepmc/qjqarwc-c320171940-wbvph-vcpgyr-q49503-ixqdd/
Attempts: 15 - Request URL: www.lavatransforms.org/c320171943-qdziwj-q34203-rmrlfqck-kdqvfy/ywobzrb-aeruv-tbgmvt-evsgo/
Attempts: 16 - Request URL: www.lavatransforms.org/supshg-q53103-flggbjgj-snysoq/ffyxixw-fxkou-c320171941-rehjmi-nfoza/
Attempts: 17 - Request URL: www.lavatransforms.org/c320171943-migcbn-vrtpinvx-xgrtns/gepovld-kcxwt-moybkg-q43203-lzllq/
Attempts: 18 - Request URL: www.lavatransforms.org/qdziwj-c320171944-rmrlfqck-kdqvfy/ywobzrb-aeruv-q22503-tbgmvt-evsgo/
Attempts: 19 - Request URL: www.lavatransforms.org/zfnmlm-c320171944-kfyradlq-exalih/klrwwsh-zweci-ahkkjj-q11703-klrak/
Attempts: 20 - Request URL: www.lavatransforms.org/qdziwj-q34203-rmrlfqck-kdqvfy/ywobzrb-aeruv-tbgmvt-c320171942-evsgo/
Attempts: 21 - Request URL: www.lavatransforms.org/q45003-wowbkx-xnhngmdz-nsvnax/usjcdqj-xfmzk-qxmnbk-c320171942-spbfc/
Attempts: 22 - Request URL: www.lavatransforms.org/q26103-eaeedr-eqzvzhrt-awepmc/qjqarwc-c320171947-wbvph-vcpgyr-ixqdd/
Attempts: 23 - Request URL: www.lavatransforms.org/qdziwj-rmrlfqck-kdqvfy/ywobzrb-aeruv-c320171941-q22503-tbgmvt-evsgo/
Attempts: 24 - Request URL: www.lavatransforms.org/c320171943-q51303-lqauad-phbfesbl-cymzzb/ogajamq-ouyyx-kashwv-udtib/
Attempts: 25 - Request URL: www.lavatransforms.org/q45003-wowbkx-xnhngmdz-c320171945-nsvnax/usjcdqj-xfmzk-qxmnbk-spbfc/
Attempts: 26 - Request URL: www.lavatransforms.org/supshg-flggbjgj-c320171945-q29703-snysoq/ffyxixw-fxkou-rehjmi-nfoza/
Attempts: 27 - Request URL: www.lavatransforms.org/whisky714
Attempts: 28 - Request URL: www.lavatransforms.org/migcbn-vrtpinvx-xgrtns/gepovld-kcxwt-moybkg-c320171942-q43203-lzllq/
Attempts: 29 - Request URL: www.lavatransforms.org/wowbkx-q21603-xnhngmdz-c320171945-nsvnax/usjcdqj-xfmzk-qxmnbk-spbfc/
Attempts: 30 - Request URL: www.lavatransforms.org/q45003-wowbkx-xnhngmdz-nsvnax/usjcdqj-xfmzk-c320171948-qxmnbk-spbfc/
Attempts: 31 - Request URL: www.lavatransforms.org/supshg-flggbjgj-c320171945-snysoq/ffyxixw-fxkou-rehjmi-q18003-nfoza/
Attempts: 32 - Request URL: www.lavatransforms.org/c320171943-kyyapa-weadmiun-rcuaww/bynuxek-cmurp-zsjtph-q30603-wyzoe/
Attempts: 33 - Request URL: www.lavatransforms.org/q19803-migcbn-vrtpinvx-xgrtns/gepovld-kcxwt-c320171948-moybkg-lzllq/
Attempts: 34 - Request URL: www.lavatransforms.org/q17308-ijmkczl-apxv/c320171942-vqvlu-swugxabi.do
Attempts: 35 - Request URL: www.lavatransforms.org/q21304-gpjt-optdk/ylloi-c320171943-vowjr.do
Attempts: 36 - Request URL: www.lavatransforms.org/lqauadph-q40357-bfes-blcy-c320171947-mzzb.do
Attempts: 37 - Request URL: www.lavatransforms.org/supshg-c320171944-q53103-flggbjgj-snysoq/ffyxixw-fxkou-rehjmi-nfoza/
Attempts: 38 - Request URL: www.lavatransforms.org/xlswzqqy-jihx-q7607-tbpp-oxej/mnwghcn-lvjq-c320171946-gwix-sdehu-emyb/
Attempts: 39 - Request URL: www.lavatransforms.org/q1659-jmuqt-hjvfunz-ewdqdbge/pmvmcou-bsfg-c320171941-deubfzog-qhwwnwv/
Attempts: 40 - Request URL: www.lavatransforms.org/wowbkxxn-hngm-q2207-dzns-c320171943-vnax/usjcdqj-xfmz-kqxm-nbksp-bfcr/
Attempts: 41 - Request URL: www.lavatransforms.org/jmuqthjv-funz-q9407-ewdq-c320171943-dbge/pmvmcou-bsfg-deub-fzogq-hwwn/
Attempts: 42 - Request URL: www.lavatransforms.org/cntgjwct-mora-c320171942-q1307-ishv-cmcf/dpidbdp-uozv-sdfd-wfxph-jbvh/
Attempts: 43 - Request URL: www.lavatransforms.org/cntgj-wctmora-q5259-ishvcmcf/dpidbdp-uozv-sdfdwfxp-c320171942-hjbvhtz/
Attempts: 44 - Request URL: www.lavatransforms.org/c320171940-lqauadph-bfes-q8507-blcy-mzzb/ogajamq-ouyy-xkas-hwvud-tibq/
Attempts: 45 - Request URL: www.lavatransforms.org/vekhuvmk-c320171941-wtsg-q4907-fuil-iobv/holpnhr-sphh-cfql-isdbn-ystg/
Attempts: 46 - Request URL: www.lavatransforms.org/wowbkxxn-hngm-c320171942-q2207-dzns-vnax/usjcdqj-xfmz-kqxm-nbksp-bfcr/
Attempts: 47 - Request URL: www.lavatransforms.org/qdziwjrm-c320171941-rlfq-q3107-ckkd-qvfy/ywobzrb-aeru-vtbg-mvtev-sgoj/
Attempts: 48 - Request URL: www.lavatransforms.org/lqauadph-bfes-q8507-blcy-mzzb/ogajamq-ouyy-xkas-c320171947-hwvud-tibq/
Attempts: 49 - Request URL: www.lavatransforms.org/wowbkxxn-c320171941-hngm-q2207-dzns-vnax/usjcdqj-xfmz-kqxm-nbksp-bfcr/
Attempts: 50 - Request URL: www.lavatransforms.org/nefflamirada2013
Attempts: 51 - Request URL: www.lavatransforms.org/kyyap-q3459-aweadmi-unrcuaww/bynuxek-c320171940-cmur-pzsjtphw-yzoewes/
Attempts: 52 - Request URL: www.lavatransforms.org/wowbk-xxnhngm-dznsvnax/usjcdqj-xfmz-kqxmnbks-c320171942-q6159-pbfcrkx/
Attempts: 53 - Request URL: www.lavatransforms.org/q7959-zfnml-mkfyrad-c320171945-lqexalih/klrwwsh-zwec-iahkkjjk-lrakfof/
Attempts: 54 - Request URL: www.lavatransforms.org/qdziwjrm-rlfq-q14807-ckkd-qvfy/ywobzrb-aeru-vtbg-mvtev-c320171939-sgoj/
Attempts: 55 - Request URL: www.lavatransforms.org/qdziw-q53859-jrmrlfq-ckkdqvfy/ywobzrb-c320171947-aeru-vtbgmvte-vsgojsl/
Attempts: 56 - Request URL: www.lavatransforms.org/kyyapawe-admi-q34607-unrc-uaww/bynuxek-cmur-pzsj-tphwy-c320171948-zoew/
Attempts: 57 - Request URL: www.lavatransforms.org/vekhuvmk-wtsg-q16607-fuil-iobv/holpnhr-c320171945-sphh-cfql-isdbn-ystg/
