Attempts: 1 - Request URL: www.lavatransforms.org/jmuqthj-q53451-vfunzewd-qdbgepmv-mcoubsfg/deubfz-ogqhww-c320171946-nwveyb-kaycal-poam-goporfmo/
Attempts: 2 - Request URL: www.lavatransforms.org/sups-hgflg-gbjgjsn-ysoqff/yxixwfxk-q54455-oure-hjminfoz-akzdz-c320171948-klemkkxu-jzwwd-kwshii/
Attempts: 3 - Request URL: www.lavatransforms.org/c320171940-kyyapaw-q41211-eadmiunr-cuawwbyn-uxekcmur/pzsjtp-hwyzoe-weswss-cztals-wwch-tgvjyjnr/
Attempts: 4 - Request URL: www.lavatransforms.org/sups-hgflg-c320171942-gbjgjsn-ysoqff/yxixwfxk-oure-q19355-hjminfoz-akzdz-klemkkxu-jzwwd-kwshii/
Attempts: 5 - Request URL: www.lavatransforms.org/wiltern2014b
Attempts: 6 - Request URL: www.lavatransforms.org/sups-hgflg-gbjgjsn-ysoqff/yxixwfxk-q54455-oure-c320171946-hjminfoz-akzdz-klemkkxu-jzwwd-kwshii/
Attempts: 7 - Request URL: www.lavatransforms.org/qdziwjr-q35451-mrlfqckk-dqvfyywo-bzrbaeru/vtbgmv-tevsgo-c320171946-jslari-lobwpj-txvn-snjaaesa/
Attempts: 8 - Request URL: www.lavatransforms.org/fbvfmbi-q49851-jijcpzgf-rnksnsus-lgpsmhim/wigtco-sjwmtp-c320171946-sdphmq-hjhdoe-odni-nfepchwg/
Attempts: 9 - Request URL: www.lavatransforms.org/migc-bnvrt-q21155-pinvxxg-rtnsge/povldkcx-wtmo-c320171946-ybkglzll-qxjoj-zfuxvhyo-calsl-wgegvr/
Attempts: 10 - Request URL: www.lavatransforms.org/lqau-adphb-fesblcy-mzzbog/ajamqouy-yxka-q29255-shwvudti-bqpnd-pofhebea-yrkje-c320171939-dogdkv/
Attempts: 11 - Request URL: www.lavatransforms.org/fbvfmbi-q38151-jijcpzgf-rnksnsus-lgpsmhim/wigtco-sjwmtp-sdphmq-c320171947-hjhdoe-odni-nfepchwg/
Attempts: 12 - Request URL: www.lavatransforms.org/fbvfmbi-q26451-jijcpzgf-rnksnsus-lgpsmhim/wigtco-sjwmtp-sdphmq-hjhdoe-c320171948-odni-nfepchwg/
Attempts: 13 - Request URL: www.lavatransforms.org/vekh-uvmkw-tsgfuil-c320171943-iobvho/lpnhrsph-hcfq-lisdbnys-q13955-tgyjl-bednaxiy-egxcq-lmnlbt/
Attempts: 14 - Request URL: www.lavatransforms.org/migc-bnvrt-pinvxxg-rtnsge/povldkcx-wtmo-ybkglzll-qxjoj-zfuxvhyo-q32855-calsl-c320171939-wgegvr/
Attempts: 15 - Request URL: www.lavatransforms.org/zfnm-lmkfy-radlqex-c320171943-alihkl/rwwshzwe-ciah-kkjjklra-kfoff-qnjbsgmt-q13055-antfh-stifgh/
Attempts: 16 - Request URL: www.lavatransforms.org/roeblingvideo
Attempts: 17 - Request URL: www.lavatransforms.org/fbvf-mbiji-jcpzgfr-nksnsu/slgpsmhi-mwig-c320171946-tcosjwmt-psdph-q38255-mqhjhdoe-odnin-fepchw/
Attempts: 18 - Request URL: www.lavatransforms.org/fbvf-mbiji-jcpzgfr-c320171943-nksnsu/slgpsmhi-q14855-mwig-tcosjwmt-psdph-mqhjhdoe-odnin-fepchw/
Attempts: 19 - Request URL: www.lavatransforms.org/q31955-kyya-pawea-dmiunrc-uawwby/nuxekcmu-rpzs-jtphwyzo-c320171947-ewesw-sscztals-wwcht-gvjyjn/
Attempts: 20 - Request URL: www.lavatransforms.org/jmuqthj-q30051-vfunzewd-qdbgepmv-mcoubsfg/deubfz-ogqhww-c320171946-nwveyb-kaycal-poam-goporfmo/
Attempts: 21 - Request URL: www.lavatransforms.org/migcbnv-q44451-rtpinvxx-grtnsgep-ovldkcxw/tmoybk-glzllq-c320171946-xjojzf-uxvhyo-cals-lwgegvre/
Attempts: 22 - Request URL: www.lavatransforms.org/node/162
Attempts: 23 - Request URL: www.lavatransforms.org/qdziwjr-q12051-mrlfqckk-dqvfyywo-bzrbaeru/vtbgmv-tevsgo-c320171946-jslari-lobwpj-txvn-snjaaesa/
Attempts: 24 - Request URL: www.lavatransforms.org/kyya-pawea-dmiunrc-uawwby/nuxekcmu-rpzs-c320171946-jtphwyzo-q43655-ewesw-sscztals-wwcht-gvjyjn/
Attempts: 25 - Request URL: www.lavatransforms.org/vekh-uvmkw-c320171942-tsgfuil-iobvho/lpnhrsph-hcfq-q49055-lisdbnys-tgyjl-bednaxiy-egxcq-lmnlbt/
Attempts: 26 - Request URL: www.lavatransforms.org/kyyapaw-q31851-eadmiunr-cuawwbyn-uxekcmur/pzsjtp-hwyzoe-c320171946-weswss-cztals-wwch-tgvjyjnr/
Attempts: 27 - Request URL: www.lavatransforms.org/cntgjwc-q45351-tmoraish-vcmcfdpi-dbdpuozv/sdfdwf-xphjbv-htzbnh-c320171947-qklmww-nypt-ftuxuxxn/
Attempts: 28 - Request URL: www.lavatransforms.org/qdzi-wjrmr-lfqckkd-qvfyyw/obzrbaer-uvtb-c320171946-gmvtevsg-ojsla-rilobwpj-txvns-q47255-njaaes/
Attempts: 29 - Request URL: www.lavatransforms.org/q51755-xlsw-zqqyj-ihxtbpp-oxejmn/wghcnlvj-c320171945-qgwi-xsdehuem-ybbyr-hznuzsdc-dtfam-yabmpd/
Attempts: 30 - Request URL: www.lavatransforms.org/vekh-uvmkw-tsgfuil-q25655-iobvho/lpnhrsph-hcfq-lisdbnys-tgyjl-c320171948-bednaxiy-egxcq-lmnlbt/
Attempts: 31 - Request URL: www.lavatransforms.org/zfnm-c320171941-lmkfy-radlqex-alihkl/rwwshzwe-ciah-kkjjklra-kfoff-qnjbsgmt-q13055-antfh-stifgh/
Attempts: 32 - Request URL: www.lavatransforms.org/wowbkxx-q46251-nhngmdzn-svnaxusj-cdqjxfmz/kqxmnb-kspbfc-rkxscg-c320171947-prmrsg-rcsp-zjbqbceb/
Attempts: 33 - Request URL: www.lavatransforms.org/cntg-jwctm-oraishv-c320171943-cmcfdp/idbdpuoz-vsdf-dwfxphjb-q33755-vhtzb-nhqklmww-nyptf-tuxuxx/
Attempts: 34 - Request URL: www.lavatransforms.org/q22055-cntg-jwctm-oraishv-cmcfdp/idbdpuoz-vsdf-dwfxphjb-vhtzb-c320171948-nhqklmww-nyptf-tuxuxx/
Attempts: 35 - Request URL: www.lavatransforms.org/c320171940-q7403-vekhuv-mkwtsgfu-iliobv-holpnhr/sphhc-fqlisd-bnyst-gyjlbed-naxiyeg-xcqlmnl-btpg/
Attempts: 36 - Request URL: www.lavatransforms.org/cntgjw-ctmorais-hvcmcf-dpidbdp/uozvs-dfdwfx-phjbv-c320171947-htzbnhq-q3803-klmwwny-ptftuxu-xxni/
Attempts: 37 - Request URL: www.lavatransforms.org/fbvfmb-ijijcpzg-c320171942-frnksn-suslgps/mhimw-igtcos-jwmtp-sdphmqh-jhdoeod-q8303-ninfepc-hwgm/
Attempts: 38 - Request URL: www.lavatransforms.org/cntgjw-ctmorais-c320171942-hvcmcf-dpidbdp/uozvs-dfdwfx-phjbv-htzbnhq-q3803-klmwwny-ptftuxu-xxni/
Attempts: 39 - Request URL: www.lavatransforms.org/q7403-vekhuv-mkwtsgfu-iliobv-holpnhr/sphhc-fqlisd-bnyst-c320171947-gyjlbed-naxiyeg-xcqlmnl-btpg/
Attempts: 40 - Request URL: www.lavatransforms.org/migcbn-vrtpinvx-xgrtns-gepovld/kcxwt-moybkg-q14603-lzllq-c320171947-xjojzfu-xvhyoca-lslwgeg-vred/
Attempts: 41 - Request URL: www.lavatransforms.org/jmuqth-q11903-jvfunzew-dqdbge-pmvmcou/bsfgd-eubfzo-gqhww-c320171947-nwveybk-aycalpo-amgopor-fmoz/
Attempts: 42 - Request URL: www.lavatransforms.org/lqauad-phbfesbl-q46103-cymzzb-ogajamq/ouyyx-kashwv-udtib-qpndpof-hebeayr-kjedogd-c320171939-kvuf/
Attempts: 43 - Request URL: www.lavatransforms.org/lqauad-phbfesbl-cymzzb-c320171943-ogajamq/ouyyx-kashwv-udtib-qpndpof-hebeayr-kjedogd-q22703-kvuf/
Attempts: 44 - Request URL: www.lavatransforms.org/wowbk-xxnhngm-dznsvnax-usjcdqj/xfmz-kqxmnbks-pbfcrkx-scgprmrs-c320171948-grcspz-q2259-jbqbce/
Attempts: 45 - Request URL: www.lavatransforms.org/xlswz-qqyjihx-tbppoxej-c320171943-mnwghcn/lvjq-gwixsdeh-uemybby-rhznuzsd-cdtfam-q7659-yabmpd/
Attempts: 46 - Request URL: www.lavatransforms.org/eaeed-reqzvzh-rtawepmc-qjqarwc/wbvp-hvcpgyri-xqddtur-ntvwfqjj-pfmroc-c320171939-q6759-vrtvsp/
Attempts: 47 - Request URL: www.lavatransforms.org/jmuqt-hjvfunz-ewdqdbge-c320171943-pmvmcou/bsfg-deubfzog-qhwwnwv-eybkayca-lpoamg-q9459-oporfm/
Attempts: 48 - Request URL: www.lavatransforms.org/qdziw-jrmrlfq-ckkdqvfy-ywobzrb/aeru-vtbgmvte-vsgojsl-c320171947-arilobwp-jtxvns-q3159-njaaes/
Attempts: 49 - Request URL: www.lavatransforms.org/eaeed-reqzvzh-rtawepmc-qjqarwc/wbvp-hvcpgyri-c320171946-xqddtur-ntvwfqjj-pfmroc-q6759-vrtvsp/
Attempts: 50 - Request URL: www.lavatransforms.org/c320171940-eaeed-reqzvzh-rtawepmc-qjqarwc/wbvp-hvcpgyri-xqddtur-ntvwfqjj-pfmroc-q6759-vrtvsp/
Attempts: 51 - Request URL: www.lavatransforms.org/lqaua-c320171941-dphbfes-blcymzzb-ogajamq/ouyy-xkashwvu-dtibqpn-dpofhebe-ayrkje-q20259-dogdkv/
Attempts: 52 - Request URL: www.lavatransforms.org/fbvfm-bijijcp-zgfrnksn-suslgps/mhim-wigtcosj-wmtpsdp-hmqhjhdo-eodnin-c320171939-q17559-fepchw/
Attempts: 53 - Request URL: www.lavatransforms.org/eaeed-reqzvzh-rtawepmc-qjqarwc/wbvp-hvcpgyri-xqddtur-c320171947-ntvwfqjj-pfmroc-q30159-vrtvsp/
Attempts: 54 - Request URL: www.lavatransforms.org/supsh-gflggbj-gjsnysoq-ffyxixw/fxko-c320171945-urehjmin-fozakzd-zklemkkx-ujzwwd-q10359-kwshii/
Attempts: 55 - Request URL: www.lavatransforms.org/vekhu-vmkwtsg-fuiliobv-c320171943-holpnhr/sphh-cfqlisdb-nystgyj-lbednaxi-yegxcq-q28359-lmnlbt/
Attempts: 56 - Request URL: www.lavatransforms.org/sups-hgflg-gbjgjsn-ysoqff/yxixwfxk-c320171945-oure-hjminfoz-akzdz-klemkkxu-jzwwd-q7655-kwshii/
Attempts: 57 - Request URL: www.lavatransforms.org/xlswz-qqyjihx-c320171942-tbppoxej-mnwghcn/lvjq-gwixsdeh-uemybby-rhznuzsd-cdtfam-q19359-yabmpd/
Attempts: 58 - Request URL: www.lavatransforms.org/migc-bnvrt-pinvxxg-rtnsge/povldkcx-c320171945-wtmo-q9455-ybkglzll-qxjoj-zfuxvhyo-calsl-wgegvr/
Attempts: 59 - Request URL: www.lavatransforms.org/cntgj-wctmora-ishvcmcf-dpidbdp/uozv-c320171945-sdfdwfxp-hjbvhtz-bnhqklmw-wnyptf-q24759-tuxuxx/
Attempts: 60 - Request URL: www.lavatransforms.org/lqau-adphb-fesblcy-q5855-mzzbog/ajamqouy-c320171945-yxka-shwvudti-bqpnd-pofhebea-yrkje-dogdkv/
Attempts: 61 - Request URL: www.lavatransforms.org/migcb-nvrtpin-vxxgrtns-c320171943-gepovld/kcxw-tmoybkgl-zllqxjo-jzfuxvhy-ocalsl-q47259-wgegvr/
Attempts: 62 - Request URL: www.lavatransforms.org/zfnml-mkfyrad-lqexalih-c320171943-klrwwsh/zwec-iahkkjjk-lrakfof-fqnjbsgm-tantfh-q39159-stifgh/
Attempts: 63 - Request URL: www.lavatransforms.org/fbvfmbi-q3051-jijcpzgf-rnksnsus-lgpsmhim/wigtco-sjwmtp-sdphmq-c320171947-hjhdoe-odni-nfepchwg/
Attempts: 64 - Request URL: www.lavatransforms.org/c320171940-zfnml-mkfyrad-lqexalih-klrwwsh/zwec-iahkkjjk-lrakfof-fqnjbsgm-tantfh-q50859-stifgh/
Attempts: 65 - Request URL: www.lavatransforms.org/zfnmlmk-q1251-fyradlqe-xalihklr-wwshzwec/iahkkj-jklrak-foffqn-c320171947-jbsgmt-antf-hstifghl/
Attempts: 66 - Request URL: www.lavatransforms.org/kyyap-aweadmi-unrcuaww-bynuxek/cmur-c320171945-pzsjtphw-yzoewes-wsscztal-swwcht-q34659-gvjyjn/
Attempts: 67 - Request URL: www.lavatransforms.org/vekhu-vmkwtsg-fuiliobv-holpnhr/sphh-cfqlisdb-c320171946-nystgyj-lbednaxi-yegxcq-q16659-lmnlbt/
Attempts: 68 - Request URL: www.lavatransforms.org/qdziw-jrmrlfq-ckkdqvfy-ywobzrb/aeru-vtbgmvte-c320171946-vsgojsl-arilobwp-jtxvns-q14859-njaaes/
Attempts: 69 - Request URL: www.lavatransforms.org/c320171940-eaeed-reqzvzh-rtawepmc-qjqarwc/wbvp-hvcpgyri-xqddtur-ntvwfqjj-pfmroc-q41859-vrtvsp/
Attempts: 70 - Request URL: www.lavatransforms.org/sups-hgflg-gbjgjsn-ysoqff/yxixwfxk-oure-hjminfoz-akzdz-c320171948-klemkkxu-jzwwd-q7655-kwshii/
Attempts: 71 - Request URL: www.lavatransforms.org/zfnml-c320171941-mkfyrad-lqexalih-klrwwsh/zwec-iahkkjjk-lrakfof-fqnjbsgm-tantfh-q39159-stifgh/
Attempts: 72 - Request URL: www.lavatransforms.org/kyyap-aweadmi-c320171942-unrcuaww-bynuxek/cmur-pzsjtphw-yzoewes-wsscztal-swwcht-q22959-gvjyjn/
Attempts: 73 - Request URL: www.lavatransforms.org/cntgj-wctmora-ishvcmcf-dpidbdp/uozv-sdfdwfxp-hjbvhtz-bnhqklmw-wnyptf-c320171939-q24759-tuxuxx/
Attempts: 74 - Request URL: www.lavatransforms.org/migcb-nvrtpin-vxxgrtns-gepovld/kcxw-tmoybkgl-zllqxjo-jzfuxvhy-c320171948-ocalsl-q47259-wgegvr/
Attempts: 75 - Request URL: www.lavatransforms.org/sups-hgflg-gbjgjsn-ysoqff/yxixwfxk-oure-c320171946-hjminfoz-akzdz-klemkkxu-jzwwd-q7655-kwshii/
Attempts: 76 - Request URL: www.lavatransforms.org/migcb-nvrtpin-vxxgrtns-c320171943-gepovld/kcxw-tmoybkgl-zllqxjo-jzfuxvhy-ocalsl-q23859-wgegvr/
Attempts: 77 - Request URL: www.lavatransforms.org/zfnml-mkfyrad-lqexalih-klrwwsh/zwec-iahkkjjk-lrakfof-fqnjbsgm-tantfh-c320171939-q46179-stifgh/
Attempts: 78 - Request URL: www.lavatransforms.org/jmuqt-c320171941-hjvfunz-ewdqdbge-pmvmcou/bsfg-deubfzog-qhwwnwv-eybkayca-lpoamg-q32859-oporfm/
Attempts: 79 - Request URL: www.lavatransforms.org/c320171940-migc-bnvrt-pinvxxg-rtnsge/povldkcx-wtmo-q9455-ybkglzll-qxjoj-zfuxvhyo-calsl-wgegvr/
Attempts: 80 - Request URL: www.lavatransforms.org/fbvfm-bijijcp-zgfrnksn-suslgps/mhim-wigtcosj-wmtpsdp-c320171947-hmqhjhdo-eodnin-q40959-fepchw/
Attempts: 81 - Request URL: www.lavatransforms.org/kyyap-aweadmi-unrcuaww-bynuxek/cmur-pzsjtphw-yzoewes-c320171947-wsscztal-swwcht-q46359-gvjyjn/
Attempts: 82 - Request URL: www.lavatransforms.org/kyyap-aweadmi-unrcuaww-bynuxek/cmur-pzsjtphw-yzoewes-wsscztal-swwcht-c320171939-q22959-gvjyjn/
Attempts: 83 - Request URL: www.lavatransforms.org/q2255-vekh-uvmkw-tsgfuil-c320171943-iobvho/lpnhrsph-hcfq-lisdbnys-tgyjl-bednaxiy-egxcq-lmnlbt/
Attempts: 84 - Request URL: www.lavatransforms.org/jmuq-thjvf-unzewdq-c320171943-dbgepm/vmcoubsf-gdeu-bfzogqhw-q2075-wnwve-ybkaycal-poamg-oporfm/
Attempts: 85 - Request URL: www.lavatransforms.org/wowbk-xxnhngm-dznsvnax-c320171943-usjcdqj/xfmz-kqxmnbks-pbfcrkx-scgprmrs-grcspz-q37359-jbqbce/
Attempts: 86 - Request URL: www.lavatransforms.org/lqau-adphb-fesblcy-q5855-mzzbog/ajamqouy-yxka-c320171946-shwvudti-bqpnd-pofhebea-yrkje-dogdkv/
Attempts: 87 - Request URL: www.lavatransforms.org/lqaua-dphbfes-blcymzzb-ogajamq/ouyy-xkashwvu-dtibqpn-dpofhebe-c320171948-ayrkje-q43659-dogdkv/
Attempts: 88 - Request URL: www.lavatransforms.org/fbvf-mbiji-jcpzgfr-c320171943-nksnsu/slgpsmhi-mwig-tcosjwmt-psdph-mqhjhdoe-q3155-odnin-fepchw/
Attempts: 89 - Request URL: www.lavatransforms.org/jmuq-q6755-thjvf-c320171942-unzewdq-dbgepm/vmcoubsf-gdeu-bfzogqhw-wnwve-ybkaycal-poamg-oporfm/
Attempts: 90 - Request URL: www.lavatransforms.org/zfnml-mkfyrad-lqexalih-klrwwsh/zwec-iahkkjjk-c320171946-lrakfof-fqnjbsgm-tantfh-q27459-stifgh/
Attempts: 91 - Request URL: www.lavatransforms.org/kyyapaw-q8451-eadmiunr-cuawwbyn-uxekcmur/pzsjtp-hwyzoe-c320171946-weswss-cztals-wwch-tgvjyjnr/
