Attempts: 1 - Request URL: www.lavatransforms.org/author/
Attempts: 2 - Request URL: www.lavatransforms.org/event/boyle-heights-the-san-gabriel-valley-the-hidden-histories-of-l-a-s-melting-pot-tour-2/feed/
Attempts: 3 - Request URL: www.lavatransforms.org/video-category/cliftons-sunday-salon/page/2/http:derangedlacrimes.com
Attempts: 4 - Request URL: www.lavatransforms.org/event-category/free/http:1947project.com
Attempts: 5 - Request URL: www.lavatransforms.org/user/188
Attempts: 6 - Request URL: www.lavatransforms.org/category/lava-vocabulary/lava-exclusives/page/5/nydistilling.com
Attempts: 7 - Request URL: www.lavatransforms.org/category/lava-vocabulary/lava-exclusives/page/4/lavatransforms.org/flaneur-broadway-on-my-mind-6
Attempts: 8 - Request URL: www.lavatransforms.org/event/blood-dumplings-saturday-june-18th-2/feed/
Attempts: 9 - Request URL: www.lavatransforms.org/blog/4/cityscapes
Attempts: 10 - Request URL: www.lavatransforms.org/category/lava-vocabulary/history/page/40/cityscapes
Attempts: 11 - Request URL: www.lavatransforms.org/img_20170301_124719/
Attempts: 12 - Request URL: www.lavatransforms.org/user/80
Attempts: 13 - Request URL: www.lavatransforms.org/user/259%20target=
Attempts: 14 - Request URL: www.lavatransforms.org/category/books/page/2/user/login
Attempts: 15 - Request URL: www.lavatransforms.org/fitzgeraldwalk3
Attempts: 16 - Request URL: www.lavatransforms.org/user/87
Attempts: 17 - Request URL: www.lavatransforms.org/blog/4/cityscapes
Attempts: 18 - Request URL: www.lavatransforms.org/category/lava-vocabulary/history/page/40/cityscapes
Attempts: 19 - Request URL: www.lavatransforms.org/img_20170301_124719/
Attempts: 20 - Request URL: www.lavatransforms.org/user/80
Attempts: 21 - Request URL: www.lavatransforms.org/user/259%20target=
Attempts: 22 - Request URL: www.lavatransforms.org/event/pereira-lacma/
Attempts: 23 - Request URL: www.lavatransforms.org/user/5
Attempts: 24 - Request URL: www.lavatransforms.org/category/lava-vocabulary/books/page/8/nydistilling.com
Attempts: 25 - Request URL: www.lavatransforms.org/category/lava-vocabulary/free/user/login
Attempts: 26 - Request URL: www.lavatransforms.org/category/lava-vocabulary/lava-exclusives/page/8/cellartourkingeddydec2012
Attempts: 27 - Request URL: www.lavatransforms.org/video-category/lava-sunday-salon/page/2/lavatransforms.org/flaneur-broadway-on-my-mind-6
Attempts: 28 - Request URL: www.lavatransforms.org/video/mussosalon4/ArchersBooks.com
Attempts: 29 - Request URL: www.lavatransforms.org/category/history/page/3/user/register
Attempts: 30 - Request URL: www.lavatransforms.org/category/lava-exclusives/user/register
Attempts: 31 - Request URL: www.lavatransforms.org/category/lava-vocabulary/free/page/19/lavatransforms.org/scrapsteel
Attempts: 32 - Request URL: www.lavatransforms.org/category/occult/user/register
Attempts: 33 - Request URL: www.lavatransforms.org/2017-1-8-harveysbroiler-09085/
Attempts: 34 - Request URL: www.lavatransforms.org/2015/04/06/lavas-43rd-sunday-salon/user/register
Attempts: 35 - Request URL: www.lavatransforms.org/category/lava-vocabulary/free/page/12/cellartourkingeddydec2012
Attempts: 36 - Request URL: www.lavatransforms.org/video/salon214/lavatransforms.org/flaneur-broadway-on-my-mind-6
Attempts: 37 - Request URL: www.lavatransforms.org/2017-1-8-harveysbroiler-09080/
Attempts: 38 - Request URL: www.lavatransforms.org/event/broadway-on-my-mind-16/
Attempts: 39 - Request URL: www.lavatransforms.org/category/free/page/13/cellartourkingeddydec2012
Attempts: 40 - Request URL: www.lavatransforms.org/hopefoye
Attempts: 41 - Request URL: www.lavatransforms.org/roeblingtile
Attempts: 42 - Request URL: www.lavatransforms.org/category/food/page/3/Mikethepoetla.tumblr.com
Attempts: 43 - Request URL: www.lavatransforms.org/category/history/page/21/southwestmuseum2013
Attempts: 44 - Request URL: www.lavatransforms.org/category/lava-vocabulary/books/page/2/user/register
Attempts: 45 - Request URL: www.lavatransforms.org/category/lava-vocabulary/theater/page/4/signups
Attempts: 46 - Request URL: www.lavatransforms.org/event/salon816/
Attempts: 47 - Request URL: www.lavatransforms.org/category/lava-vocabulary/food/page/4/ArchersBooks.com
Attempts: 48 - Request URL: www.lavatransforms.org/user/394
Attempts: 49 - Request URL: www.lavatransforms.org/user/192
Attempts: 50 - Request URL: www.lavatransforms.org/event/angelsflight-landers-june2016/feed/
