Attempts: 1 - Request URL: www.lavatransforms.org/xlswzqq-q29551-yjihxtbp/poxejmnw-ghcnlvjq-c320171944-gwixsd-ehuemy/
Attempts: 2 - Request URL: www.lavatransforms.org/c320171940-supshgf-q32251-lggbjgjs/nysoqffy-xixwfxko-urehjm-infoza/
Attempts: 3 - Request URL: www.lavatransforms.org/kyyapaw-q44851-eadmiunr/cuawwbyn-c320171943-uxekcmur-pzsjtp-hwyzoe/
Attempts: 4 - Request URL: www.lavatransforms.org/xlswzqq-q29551-yjihxtbp/poxejmnw-ghcnlvjq-gwixsd-c320171945-ehuemy/
Attempts: 5 - Request URL: www.lavatransforms.org/c320171940-zfnmlmk-q25951-fyradlqe/xalihklr-wwshzwec-iahkkj-jklrak/
Attempts: 6 - Request URL: www.lavatransforms.org/wowbkxx-c320171941-q24151-nhngmdzn/svnaxusj-cdqjxfmz-kqxmnb-kspbfc/
Attempts: 7 - Request URL: www.lavatransforms.org/c320171940-wowbkxx-q47551-nhngmdzn/svnaxusj-cdqjxfmz-kqxmnb-kspbfc/
Attempts: 8 - Request URL: www.lavatransforms.org/xlswzqq-q29551-yjihxtbp/poxejmnw-ghcnlvjq-gwixsd-c320171939-ehuemy/
Attempts: 9 - Request URL: www.lavatransforms.org/vekhuvm-c320171941-q15151-kwtsgfui/liobvhol-pnhrsphh-cfqlis-dbnyst/
Attempts: 10 - Request URL: www.lavatransforms.org/xlswzqq-q41251-yjihxtbp/poxejmnw-ghcnlvjq-gwixsd-c320171939-ehuemy/
Attempts: 11 - Request URL: www.lavatransforms.org/cntgjwc-c320171941-q34951-tmoraish/vcmcfdpi-dbdpuozv-sdfdwf-xphjbv/
Attempts: 12 - Request URL: www.lavatransforms.org/zfnmlmk-c320171941-q37651-fyradlqe/xalihklr-wwshzwec-iahkkj-jklrak/
Attempts: 13 - Request URL: www.lavatransforms.org/kyyapaw-q44851-eadmiunr/cuawwbyn-uxekcmur-pzsjtp-c320171939-hwyzoe/
Attempts: 14 - Request URL: www.lavatransforms.org/jmuqthj-q43051-vfunzewd/qdbgepmv-c320171943-mcoubsfg-deubfz-ogqhww/
Attempts: 15 - Request URL: www.lavatransforms.org/c320171940-migcbnv-q22351-rtpinvxx/grtnsgep-ovldkcxw-tmoybk-glzllq/
Attempts: 16 - Request URL: www.lavatransforms.org/supshgf-q32251-lggbjgjs/nysoqffy-xixwfxko-c320171944-urehjm-infoza/
Attempts: 17 - Request URL: www.lavatransforms.org/c320171940-cntgjwc-q34951-tmoraish/vcmcfdpi-dbdpuozv-sdfdwf-xphjbv/
Attempts: 18 - Request URL: www.lavatransforms.org/qdziwjr-q36751-mrlfqckk/dqvfyywo-bzrbaeru-vtbgmv-c320171945-tevsgo/
Attempts: 19 - Request URL: www.lavatransforms.org/xlswzqq-q41251-yjihxtbp/poxejmnw-ghcnlvjq-gwixsd-c320171945-ehuemy/
Attempts: 20 - Request URL: www.lavatransforms.org/wowbkxx-q24151-nhngmdzn/svnaxusj-c320171943-cdqjxfmz-kqxmnb-kspbfc/
Attempts: 21 - Request URL: www.lavatransforms.org/migcbnv-c320171941-q34051-rtpinvxx/grtnsgep-ovldkcxw-tmoybk-glzllq/
Attempts: 22 - Request URL: www.lavatransforms.org/cntgjwc-q34951-tmoraish/vcmcfdpi-dbdpuozv-sdfdwf-c320171945-xphjbv/
Attempts: 23 - Request URL: www.lavatransforms.org/eaeedre-q52051-qzvzhrta/wepmcqjq-arwcwbvp-hvcpgy-c320171939-rixqdd/
Attempts: 24 - Request URL: www.lavatransforms.org/vekhuvm-q38551-kwtsgfui/liobvhol-pnhrsphh-cfqlis-c320171945-dbnyst/
Attempts: 25 - Request URL: www.lavatransforms.org/qdziwjr-q13351-mrlfqckk/dqvfyywo-bzrbaeru-c320171944-vtbgmv-tevsgo/
Attempts: 26 - Request URL: www.lavatransforms.org/c320171940-zfnmlmk-q37651-fyradlqe/xalihklr-wwshzwec-iahkkj-jklrak/
Attempts: 27 - Request URL: www.lavatransforms.org/eaeedre-q28651-qzvzhrta/wepmcqjq-c320171943-arwcwbvp-hvcpgy-rixqdd/
Attempts: 28 - Request URL: www.lavatransforms.org/fbvfmbi-q16051-jijcpzgf/rnksnsus-lgpsmhim-wigtco-c320171939-sjwmtp/
Attempts: 29 - Request URL: www.lavatransforms.org/wowbkxx-c320171941-q47551-nhngmdzn/svnaxusj-cdqjxfmz-kqxmnb-kspbfc/
Attempts: 30 - Request URL: www.lavatransforms.org/vekhuvm-q38551-kwtsgfui/liobvhol-pnhrsphh-c320171944-cfqlis-dbnyst/
Attempts: 31 - Request URL: www.lavatransforms.org/lqauadp-q42151-hbfesblc/ymzzboga-c320171943-jamqouyy-xkashw-vudtib/
Attempts: 32 - Request URL: www.lavatransforms.org/eaeedre-q16951-qzvzhrta/wepmcqjq-arwcwbvp-hvcpgy-c320171945-rixqdd/
Attempts: 33 - Request URL: www.lavatransforms.org/eaeedre-q40351-qzvzhrta/wepmcqjq-c320171943-arwcwbvp-hvcpgy-rixqdd/
Attempts: 34 - Request URL: www.lavatransforms.org/qdziwjr-q13351-mrlfqckk/dqvfyywo-bzrbaeru-vtbgmv-c320171939-tevsgo/
Attempts: 35 - Request URL: www.lavatransforms.org/vekhuvm-q15151-kwtsgfui/liobvhol-pnhrsphh-cfqlis-c320171939-dbnyst/
Attempts: 36 - Request URL: www.lavatransforms.org/migcbnv-q45751-rtpinvxx/grtnsgep-c320171943-ovldkcxw-tmoybk-glzllq/
Attempts: 37 - Request URL: www.lavatransforms.org/wowbkxx-q37151-nhngmdzn/svnaxusj-cdqjxfmz-c320171939-kqxmnb/
Attempts: 38 - Request URL: www.lavatransforms.org/supshgf-q10151-lggbjgjs/nysoqffy-xixwfxko-c320171944-urehjm/
Attempts: 39 - Request URL: www.lavatransforms.org/c320171940-zfnmlmk-q27251-fyradlqe/xalihklr-wwshzwec-iahkkj/
Attempts: 40 - Request URL: www.lavatransforms.org/zfnmlmk-c320171941-q15551-fyradlqe/xalihklr-wwshzwec-iahkkj/
Attempts: 41 - Request URL: www.lavatransforms.org/c320171940-vekhuvm-q28151-kwtsgfui/liobvhol-pnhrsphh-cfqlis/
Attempts: 42 - Request URL: www.lavatransforms.org/c320171945-lqauadp-q20051-hbfesblc/ymzzboga-jamqouyy-xkashw/
Attempts: 43 - Request URL: www.lavatransforms.org/cntgjwc-q36251-tmoraish/vcmcfdpi-dbdpuozv-c320171944-sdfdwf/
Attempts: 44 - Request URL: www.lavatransforms.org/jmuqthj-q44351-vfunzewd/qdbgepmv-c320171943-mcoubsfg-deubfz/
Attempts: 45 - Request URL: www.lavatransforms.org/cntgjwc-q12851-tmoraish/vcmcfdpi-dbdpuozv-c320171939-sdfdwf/
Attempts: 46 - Request URL: www.lavatransforms.org/migcbnv-c320171941-q11951-rtpinvxx/grtnsgep-ovldkcxw-tmoybk/
Attempts: 47 - Request URL: www.lavatransforms.org/kyyapaw-c320171941-q46151-eadmiunr/cuawwbyn-uxekcmur-pzsjtp/
Attempts: 48 - Request URL: www.lavatransforms.org/fbvfmbi-c320171941-q29051-jijcpzgf/rnksnsus-lgpsmhim-wigtco/
Attempts: 49 - Request URL: www.lavatransforms.org/eaeedre-q18251-qzvzhrta/wepmcqjq-arwcwbvp-c320171944-hvcpgy/
Attempts: 50 - Request URL: www.lavatransforms.org/qdziwjr-q49751-mrlfqckk/dqvfyywo-bzrbaeru-c320171944-vtbgmv/
Attempts: 51 - Request URL: www.lavatransforms.org/lqauadp-q31751-hbfesblc/ymzzboga-jamqouyy-c320171939-xkashw/
Attempts: 52 - Request URL: www.lavatransforms.org/fbvfmbi-jijcpzgf-rnksnsus/lgpsmhim-wigtco-sjwmtp-c320171942-q30351-sdphmq/
Attempts: 53 - Request URL: www.lavatransforms.org/vekhuvm-kwtsgfui-c320171945-liobvhol/pnhrsphh-cfqlis-q41151-dbnyst-gyjlbe/
Attempts: 54 - Request URL: www.lavatransforms.org/q32151-xlswzqq-yjihxtbp-poxejmnw/ghcnlvjq-gwixsd-c320171941-ehuemy-bbyrhz/
Attempts: 55 - Request URL: www.lavatransforms.org/cntgjwc-tmoraish-vcmcfdpi/dbdpuozv-c320171940-q14151-sdfdwf-xphjbv-htzbnh/
Attempts: 56 - Request URL: www.lavatransforms.org/c320171943-eaeedre-qzvzhrta-q54651-wepmcqjq/arwcwbvp-hvcpgy-rixqdd-turntv/
Attempts: 57 - Request URL: www.lavatransforms.org/q25851-cntgjwc-tmoraish-vcmcfdpi/dbdpuozv-c320171940-sdfdwf-xphjbv-htzbnh/
Attempts: 58 - Request URL: www.lavatransforms.org/fbvfmbi-c320171944-jijcpzgf-q42051-rnksnsus/lgpsmhim-wigtco-sjwmtp-sdphmq/
Attempts: 59 - Request URL: www.lavatransforms.org/supshgf-lggbjgjs-nysoqffy/xixwfxko-urehjm-c320171941-infoza-q11451-kzdzkl/
Attempts: 60 - Request URL: www.lavatransforms.org/c320171943-zfnmlmk-q40251-fyradlqe-xalihklr/wwshzwec-iahkkj-jklrak-foffqn/
Attempts: 61 - Request URL: www.lavatransforms.org/supshgf-q46551-lggbjgjs-nysoqffy/xixwfxko-urehjm-infoza-c320171942-kzdzkl/
Attempts: 62 - Request URL: www.lavatransforms.org/wowbkxx-c320171944-q15051-nhngmdzn-svnaxusj/cdqjxfmz-kqxmnb-kspbfc-rkxscg/
Attempts: 63 - Request URL: www.lavatransforms.org/c320171943-lqauadp-hbfesblc-ymzzboga/jamqouyy-q33051-xkashw-vudtib-qpndpo/
Attempts: 64 - Request URL: www.lavatransforms.org/supshgf-lggbjgjs-nysoqffy/xixwfxko-urehjm-c320171941-q34851-infoza-kzdzkl/
Attempts: 65 - Request URL: www.lavatransforms.org/c320171943-supshgf-lggbjgjs-nysoqffy/xixwfxko-urehjm-infoza-q11451-kzdzkl/
Attempts: 66 - Request URL: www.lavatransforms.org/vekhuvm-kwtsgfui-q29451-liobvhol/pnhrsphh-cfqlis-dbnyst-c320171942-gyjlbe/
Attempts: 67 - Request URL: www.lavatransforms.org/c320171943-qdziwjr-mrlfqckk-dqvfyywo/bzrbaeru-q39351-vtbgmv-tevsgo-jslari/
Attempts: 68 - Request URL: www.lavatransforms.org/vekhuvm-kwtsgfui-q29451-liobvhol/pnhrsphh-cfqlis-c320171941-dbnyst-gyjlbe/
Attempts: 69 - Request URL: www.lavatransforms.org/c320171943-fbvfmbi-jijcpzgf-rnksnsus/lgpsmhim-wigtco-sjwmtp-q30351-sdphmq/
Attempts: 70 - Request URL: www.lavatransforms.org/c320171943-eaeedre-qzvzhrta-wepmcqjq/arwcwbvp-hvcpgy-rixqdd-q42951-turntv/
Attempts: 71 - Request URL: www.lavatransforms.org/jmuqthj-c320171944-q33951-vfunzewd-qdbgepmv/mcoubsfg-deubfz-ogqhww-nwveyb/
Attempts: 72 - Request URL: www.lavatransforms.org/vekhuvm-c320171944-kwtsgfui-liobvhol/pnhrsphh-cfqlis-dbnyst-q17751-gyjlbe/
Attempts: 73 - Request URL: www.lavatransforms.org/qdziwjr-mrlfqckk-c320171945-dqvfyywo/bzrbaeru-vtbgmv-q15951-tevsgo-jslari/
Attempts: 74 - Request URL: www.lavatransforms.org/q38451-wowbkxx-nhngmdzn-c320171945-svnaxusj/cdqjxfmz-kqxmnb-kspbfc-rkxscg/
Attempts: 75 - Request URL: www.lavatransforms.org/jmuqthj-vfunzewd-qdbgepmv/mcoubsfg-c320171940-q45651-deubfz-ogqhww-nwveyb/
Attempts: 76 - Request URL: www.lavatransforms.org/qdziwjr-mrlfqckk-c320171945-dqvfyywo/bzrbaeru-q39351-vtbgmv-tevsgo-jslari/
Attempts: 77 - Request URL: www.lavatransforms.org/qdziwjr-mrlfqckk-dqvfyywo/bzrbaeru-vtbgmv-q15951-tevsgo-c320171942-jslari/
Attempts: 78 - Request URL: www.lavatransforms.org/jmuqthj-vfunzewd-qdbgepmv/mcoubsfg-c320171940-deubfz-q22251-ogqhww-nwveyb/
Attempts: 79 - Request URL: www.lavatransforms.org/c320171943-cntgjwc-tmoraish-vcmcfdpi/dbdpuozv-sdfdwf-xphjbv-q49251-htzbnh/
Attempts: 80 - Request URL: www.lavatransforms.org/c320171943-lqauadp-q21351-hbfesblc-ymzzboga/jamqouyy-xkashw-vudtib-qpndpo/
Attempts: 81 - Request URL: www.lavatransforms.org/c320171943-zfnmlmk-fyradlqe-xalihklr/wwshzwec-iahkkj-q28551-jklrak-foffqn/
Attempts: 82 - Request URL: www.lavatransforms.org/supshgf-lggbjgjs-c320171945-nysoqffy/xixwfxko-urehjm-q34851-infoza-kzdzkl/
Attempts: 83 - Request URL: www.lavatransforms.org/jmuqthj-vfunzewd-c320171945-q10551-qdbgepmv/mcoubsfg-deubfz-ogqhww-nwveyb/
Attempts: 84 - Request URL: www.lavatransforms.org/migcbnv-rtpinvxx-grtnsgep/ovldkcxw-c320171940-tmoybk-glzllq-q36651-xjojzf/
Attempts: 85 - Request URL: www.lavatransforms.org/lqauadp-hbfesblc-c320171945-ymzzboga/jamqouyy-q33051-xkashw-vudtib-qpndpo/
Attempts: 86 - Request URL: www.lavatransforms.org/fbvfmbi-jijcpzgf-q42051-rnksnsus/lgpsmhim-c320171940-wigtco-sjwmtp-sdphmq/
Attempts: 87 - Request URL: www.lavatransforms.org/c320171943-q38451-wowbkxx-nhngmdzn-svnaxusj/cdqjxfmz-kqxmnb-kspbfc-rkxscg/
Attempts: 88 - Request URL: www.lavatransforms.org/q32151-xlswzqq-c320171944-yjihxtbp-poxejmnw/ghcnlvjq-gwixsd-ehuemy-bbyrhz/
Attempts: 89 - Request URL: www.lavatransforms.org/migcbnv-rtpinvxx-grtnsgep/ovldkcxw-tmoybk-c320171941-glzllq-q36651-xjojzf/
Attempts: 90 - Request URL: www.lavatransforms.org/cntgjwc-tmoraish-vcmcfdpi/dbdpuozv-q14151-sdfdwf-xphjbv-c320171942-htzbnh/
Attempts: 91 - Request URL: www.lavatransforms.org/wowbkxx-nhngmdzn-c320171945-svnaxusj/cdqjxfmz-q26751-kqxmnb-kspbfc-rkxscg/
Attempts: 92 - Request URL: www.lavatransforms.org/lqauadp-q21351-hbfesblc-ymzzboga/jamqouyy-xkashw-c320171941-vudtib-qpndpo/
Attempts: 93 - Request URL: www.lavatransforms.org/c320171943-zfnmlmk-fyradlqe-xalihklr/wwshzwec-q51951-iahkkj-jklrak-foffqn/
Attempts: 94 - Request URL: www.lavatransforms.org/vekhuvm-kwtsgfui-liobvhol/pnhrsphh-cfqlis-q41151-dbnyst-c320171942-gyjlbe/
Attempts: 95 - Request URL: www.lavatransforms.org/supshgf-c320171944-lggbjgjs-nysoqffy/xixwfxko-urehjm-q34851-infoza-kzdzkl/
Attempts: 96 - Request URL: www.lavatransforms.org/q25851-cntgjwc-tmoraish-vcmcfdpi/dbdpuozv-sdfdwf-c320171941-xphjbv-htzbnh/
Attempts: 97 - Request URL: www.lavatransforms.org/migcbnv-c320171944-rtpinvxx-grtnsgep/ovldkcxw-tmoybk-glzllq-q36651-xjojzf/
Attempts: 98 - Request URL: www.lavatransforms.org/qdziwjr-q27651-mrlfqckk-dqvfyywo/bzrbaeru-vtbgmv-c320171941-tevsgo-jslari/
Attempts: 99 - Request URL: www.lavatransforms.org/q38451-wowbkxx-nhngmdzn-svnaxusj/cdqjxfmz-c320171940-kqxmnb-kspbfc-rkxscg/
Attempts: more than 99 - Request URL: www.lavatransforms.org/q13251-migcbnv-rtpinvxx-grtnsgep/ovldkcxw-tmoybk-c320171941-glzllq-xjojzf/
