Attempts: 1 - Request URL: www.lavatransforms.org/whisky913
Attempts: 2 - Request URL: www.lavatransforms.org/user/13
Attempts: 3 - Request URL: www.lavatransforms.org/category/lava-exclusives/user/login
Attempts: 4 - Request URL: www.lavatransforms.org/event/boyle-heights-the-san-gabriel-valley-the-hidden-histories-of-l-a-s-melting-pot-tour-2/feed/
Attempts: 5 - Request URL: www.lavatransforms.org/video-category/lava-sunday-salon/page/5/lavatransforms.org/garyleonard910
Attempts: 6 - Request URL: www.lavatransforms.org/video-category/lava-sunday-salon/page/5/derangedlacrimes.com
Attempts: 7 - Request URL: www.lavatransforms.org/video/salon214/lavatransforms.org/flaneur-broadway-on-my-mind-6
Attempts: 8 - Request URL: www.lavatransforms.org/category/books/page/11/ArchersBooks.com
Attempts: 9 - Request URL: www.lavatransforms.org/category/books/page/11/subscribe
Attempts: 10 - Request URL: www.lavatransforms.org/category/talks/page/18/newsletter/subscriptions
Attempts: 11 - Request URL: www.lavatransforms.org/author/kim-cooper/page/27/cityscapes
Attempts: 12 - Request URL: www.lavatransforms.org/category/books/page/2/user/register
Attempts: 13 - Request URL: www.lavatransforms.org/zfnmlm-kfyradlq-exalih/klrwwsh-c320171940-zweci-ahkkjj-klrak-q3903-foffqnj/
Attempts: 14 - Request URL: www.lavatransforms.org/wowbkx-c320171945-xnhngmdz-nsvnax/usjcdqj-xfmzk-qxmnbk-spbfc-q2103-rkxscgp/
Attempts: 15 - Request URL: www.lavatransforms.org/xlswzq-c320171945-qyjihxtb-ppoxej/mnwghcn-lvjqg-wixsde-huemy-q7503-bbyrhzn/
Attempts: 16 - Request URL: www.lavatransforms.org/qdziwjrm-c320171941-rlfq-ckkd-qvfy/ywobzrb-aeru-vtbg-q8307-mvtev-sgoj-slarilo/
Attempts: 17 - Request URL: www.lavatransforms.org/jmuqthjv-funz-ewdq-dbge/pmvmcou-bsfg-c320171946-deub-q2907-fzogq-hwwn-wveybka/
Attempts: 18 - Request URL: www.lavatransforms.org/xlswzqqy-jihx-tbpp-oxej/mnwghcn-c320171945-lvjq-gwix-q12807-sdehu-emyb-byrhznu/
Attempts: 19 - Request URL: www.lavatransforms.org/lqauadph-bfes-blcy-mzzb/ogajamq-ouyy-xkas-q13707-hwvud-tibq-c320171939-pndpofh/
Attempts: 20 - Request URL: www.lavatransforms.org/web/20140312061813/https:/www.facebook.com/LesNocesDuFigaro
