Attempts: 1 - Request URL: www.lavatransforms.org/wp-content/cache/min/1/b40f20874b5a29c562934c7d352823e9.js
Attempts: 2 - Request URL: www.lavatransforms.org/wp-content/cache/min/1/958b36e8a5dbd31509eb93ad45bfd9eb.css
Attempts: 3 - Request URL: www.lavatransforms.org/wp-content/cache/min/1/574d57b6467be14ecc8cfe0b34ede38f.js
Attempts: 4 - Request URL: www.lavatransforms.org/wp-content/cache/min/1/2c9b07cfcbfc6818bcf8b1befd2349ee.js
Attempts: 5 - Request URL: www.lavatransforms.org/wp-content/cache/min/1/9eb11f298f3fa4722dae62a1a39a635f.css
Attempts: 6 - Request URL: www.lavatransforms.org/wp-content/cache/min/1/67e58f598e56df35d91bcf0a8011d14d.css
Attempts: 7 - Request URL: www.lavatransforms.org/wp-content/cache/min/1/1e2e89f2cc5af9c01518c76d7d69317b.js
Attempts: 8 - Request URL: www.lavatransforms.org/wp-content/cache/min/1/fd8a1092efbd1f8a46b0e2d4f2e718c9.js
Attempts: 8 - Request URL: www.lavatransforms.org/wp-content/cache/min/1/aeca3ae43b990e1d719c47d0e93f1dc1.js
Attempts: 9 - Request URL: www.lavatransforms.org/wp-content/cache/min/1/a4a09083b819ac8314784c1b5cfe9007.css
Attempts: 10 - Request URL: www.lavatransforms.org/wp-content/cache/min/1/a70d58e8246e401badc39c4bbd28cb7c.js
Attempts: 11 - Request URL: www.lavatransforms.org/wp-content/cache/min/1/a35ca0089e06f39f816de36d760104fa.css
Attempts: 12 - Request URL: www.lavatransforms.org/wp-content/cache/min/1/414fcef0edd2439eb04e994101a2e9e3.css
Attempts: 13 - Request URL: www.lavatransforms.org/wp-content/cache/min/1/084295235d36d6732f427b0aca8c0c58.js
Attempts: 14 - Request URL: www.lavatransforms.org/wp-content/cache/min/1/93d850ae0a0149f16c3ba06ce7d89191.css
Attempts: 15 - Request URL: www.lavatransforms.org/wp-content/cache/min/1/c59e32efa20a0379cf37a54d1d4609b9.js
Attempts: 16 - Request URL: www.lavatransforms.org/wp-content/cache/busting/1/wp-content-themes-event-skins-orange-style-2.7.6.css
Attempts: 17 - Request URL: www.lavatransforms.org/wp-content/cache/busting/1/wp-content-themes-event-themify-js-carousel-2.7.6.js
Attempts: 18 - Request URL: www.lavatransforms.org/wp-content/cache/busting/1/wp-content-themes-event-js-themify.script-1.5.6.js
Attempts: 18 - Request URL: www.lavatransforms.org/wp-content/cache/busting/1/wp-content-themes-event-themify-js-main-2.7.6.js
Attempts: 19 - Request URL: www.lavatransforms.org/wp-content/cache/busting/1/wp-content-themes-event-style-1.5.6.css
Attempts: 20 - Request URL: www.lavatransforms.org/wp-content/cache/busting/1/wp-content-themes-event-themify-css-lightbox-2.7.6.css
Attempts: 21 - Request URL: www.lavatransforms.org/wp-content/cache/busting/1/wp-content-themes-event-themify-fontawesome-css-font-awesome.min-1.5.6.css
Attempts: 22 - Request URL: www.lavatransforms.org/wp-content/cache/busting/1/wp-content-themes-event-js-modernizr-3.3.1.min-1.5.6.js
Attempts: 23 - Request URL: www.lavatransforms.org/wp-content/cache/busting/1/wp-content-themes-event-themify-js-lightbox-2.7.6.js
Attempts: 24 - Request URL: www.lavatransforms.org/wp-content/cache/busting/1/wp-content-themes-event-themify-themify-builder-css-themify-builder-style-2.7.6.css
Attempts: 25 - Request URL: www.lavatransforms.org/wp-content/cache/busting/1/wp-content-themes-event-js-jquery.dominant-color-1.5.6.js
Attempts: 26 - Request URL: www.lavatransforms.org/wp-content/cache/busting/1/wp-content-themes-event-js-jquery.masonry.min-1.5.6.js
Attempts: 27 - Request URL: www.lavatransforms.org/wp-content/cache/busting/1/wp-content-themes-event-media-queries-1.5.6.css
Attempts: 28 - Request URL: www.lavatransforms.org/wp-content/cache/busting/1/wp-content-themes-event-themify-fontawesome-css-font-awesome.min-2.7.6.css
Attempts: 29 - Request URL: www.lavatransforms.org/wp-content/cache/busting/1/wp-content-themes-event-themify-css-themify.framework-2.7.6.css
Attempts: 30 - Request URL: www.lavatransforms.org/wp-content/cache/busting/1/wp-content-themes-event-themify-js-themify.sidemenu-1.5.6.js
Attempts: 31 - Request URL: www.lavatransforms.org/wp-content/cache/busting/1/wp-content-plugins-jetpack-css-jetpack-4.5.css
Attempts: 32 - Request URL: www.lavatransforms.org/wp-content/cache/busting/1/wp-content-uploads-themify-css-themify-builder-5267-generated-16.12.27.16.45.32.css
