Attempts: 1 - Request URL: www.lavatransforms.org/supshg-flggbjgj-snysoq-c320171943-ffyxixw/fxkou-rehjmi-nfoza-kzdzkle-mkkxujz-q47903-wwdkwsh-iicc/
Attempts: 2 - Request URL: www.lavatransforms.org/zfnmlm-kfyradlq-exalih-klrwwsh/zweci-ahkkjj-klrak-foffqnj-c320171948-bsgmtan-q18203-tfhstif-ghlo/
Attempts: 3 - Request URL: www.lavatransforms.org/c320171940-vekhu-vmkwtsg-fuiliobv-holpnhr/sphh-cfqlisdb-q38759-nystgyj-lbednaxi-yegxcq-lmnlbt-pgmusw/
Attempts: 4 - Request URL: www.lavatransforms.org/jmuqthj-q17051-vfunzewd-qdbgepmv-mcoubsfg/deubfz-ogqhww-nwveyb-c320171947-kaycal-poam-goporfmo-zroht/
Attempts: 5 - Request URL: www.lavatransforms.org/supsh-gflggbj-gjsnysoq-c320171943-ffyxixw/fxko-urehjmin-fozakzd-zklemkkx-ujzwwd-q32459-kwshii-cccmkz/
Attempts: 6 - Request URL: www.lavatransforms.org/jmuq-thjvf-unzewdq-dbgepm/vmcoubsf-gdeu-c320171946-bfzogqhw-q48355-wnwve-ybkaycal-poamg-oporfm-ozroh/
Attempts: 7 - Request URL: www.lavatransforms.org/qdzi-wjrmr-lfqckkd-qvfyyw/obzrbaer-c320171945-uvtb-gmvtevsg-q53755-ojsla-rilobwpj-txvns-njaaes-atogd/
Attempts: 8 - Request URL: www.lavatransforms.org/wowbk-xxnhngm-q26699-dznsvnax-usjcdqj/xfmz-kqxmnbks-c320171946-pbfcrkx-scgprmrs-grcspz-jbqbce-bwjvnb/
Attempts: 9 - Request URL: www.lavatransforms.org/zfnml-mkfyrad-lqexalih-c320171943-klrwwsh/zwec-iahkkjjk-lrakfof-fqnjbsgm-tantfh-q54239-stifgh-loidjj/
Attempts: 10 - Request URL: www.lavatransforms.org/vekh-c320171941-uvmkw-tsgfuil-iobvho/lpnhrsph-hcfq-lisdbnys-q20455-tgyjl-bednaxiy-egxcq-lmnlbt-pgmus/
Attempts: 11 - Request URL: www.lavatransforms.org/vekhu-vmkwtsg-q50459-fuiliobv-holpnhr/sphh-cfqlisdb-c320171946-nystgyj-lbednaxi-yegxcq-lmnlbt-pgmusw/
Attempts: 12 - Request URL: www.lavatransforms.org/fbvfmbi-jijcpzgf-rnksnsus-lgpsmhim/wigtco-sjwmtp-sdphmq-hjhdoe-c320171948-q48551-odni-nfepchwg-mywms/
Attempts: 13 - Request URL: www.lavatransforms.org/category/dance/user/login
Attempts: 14 - Request URL: www.lavatransforms.org/zfnm-lmkfy-radlqex-alihkl/rwwshzwe-ciah-c320171946-kkjjklra-q42955-kfoff-qnjbsgmt-antfh-stifgh-loidj/
Attempts: 15 - Request URL: www.lavatransforms.org/fbvf-mbiji-jcpzgfr-nksnsu/slgpsmhi-mwig-c320171946-tcosjwmt-q33055-psdph-mqhjhdoe-odnin-fepchw-gmywm/
Attempts: 16 - Request URL: www.lavatransforms.org/xlsw-zqqyj-ihxtbpp-oxejmn/wghcnlvj-qgwi-xsdehuem-q11455-ybbyr-c320171948-hznuzsdc-dtfam-yabmpd-drskl/
Attempts: 17 - Request URL: www.lavatransforms.org/vekhu-vmkwtsg-fuiliobv-holpnhr/sphh-cfqlisdb-c320171946-nystgyj-lbednaxi-yegxcq-lmnlbt-q27059-pgmusw/
Attempts: 18 - Request URL: www.lavatransforms.org/zfnm-lmkfy-c320171942-radlqex-alihkl/rwwshzwe-ciah-kkjjklra-q19555-kfoff-qnjbsgmt-antfh-stifgh-loidj/
Attempts: 19 - Request URL: www.lavatransforms.org/qdzi-wjrmr-lfqckkd-qvfyyw/obzrbaer-uvtb-gmvtevsg-q53755-ojsla-rilobwpj-txvns-njaaes-c320171939-atogd/
Attempts: 20 - Request URL: www.lavatransforms.org/qdzi-c320171941-wjrmr-lfqckkd-qvfyyw/obzrbaer-uvtb-gmvtevsg-q30355-ojsla-rilobwpj-txvns-njaaes-atogd/
Attempts: 21 - Request URL: www.lavatransforms.org/fbvf-mbiji-jcpzgfr-nksnsu/slgpsmhi-mwig-tcosjwmt-c320171947-q33055-psdph-mqhjhdoe-odnin-fepchw-gmywm/
Attempts: 22 - Request URL: www.lavatransforms.org/sups-c320171941-hgflg-gbjgjsn-ysoqff/yxixwfxk-oure-hjminfoz-q49255-akzdz-klemkkxu-jzwwd-kwshii-cccmk/
Attempts: 23 - Request URL: www.lavatransforms.org/supsh-gflggbj-gjsnysoq-ffyxixw/fxko-c320171945-urehjmin-fozakzd-zklemkkx-ujzwwd-q32459-kwshii-cccmkz/
Attempts: 24 - Request URL: www.lavatransforms.org/fbvf-mbiji-jcpzgfr-c320171943-nksnsu/slgpsmhi-mwig-tcosjwmt-q33055-psdph-mqhjhdoe-odnin-fepchw-gmywm/
Attempts: 25 - Request URL: www.lavatransforms.org/lqaua-dphbfes-blcymzzb-ogajamq/ouyy-xkashwvu-c320171946-dtibqpn-q35339-dpofhebe-ayrkje-dogdkv-ufhacq/
Attempts: 26 - Request URL: www.lavatransforms.org/eaeed-reqzvzh-rtawepmc-qjqarwc/wbvp-hvcpgyri-xqddtur-ntvwfqjj-c320171948-pfmroc-q52259-vrtvsp-kpdsgg/
Attempts: 27 - Request URL: www.lavatransforms.org/jmuq-thjvf-unzewdq-dbgepm/vmcoubsf-gdeu-bfzogqhw-q48355-wnwve-ybkaycal-poamg-oporfm-c320171939-ozroh/
Attempts: 28 - Request URL: www.lavatransforms.org/wowb-c320171941-kxxnh-ngmdzns-vnaxus/jcdqjxfm-zkqx-mnbkspbf-q29455-crkxs-cgprmrsg-rcspz-jbqbce-bwjvn/
Attempts: 29 - Request URL: www.lavatransforms.org/sups-hgflg-gbjgjsn-ysoqff/yxixwfxk-oure-c320171946-hjminfoz-q25855-akzdz-klemkkxu-jzwwd-kwshii-cccmk/
Attempts: 30 - Request URL: www.lavatransforms.org/qdzi-c320171941-wjrmr-lfqckkd-qvfyyw/obzrbaer-uvtb-gmvtevsg-q53755-ojsla-rilobwpj-txvns-njaaes-atogd/
Attempts: 31 - Request URL: www.lavatransforms.org/sups-hgflg-gbjgjsn-ysoqff/yxixwfxk-oure-c320171946-hjminfoz-q49255-akzdz-klemkkxu-jzwwd-kwshii-cccmk/
Attempts: 32 - Request URL: www.lavatransforms.org/lqaua-dphbfes-blcymzzb-ogajamq/ouyy-xkashwvu-c320171946-dtibqpn-dpofhebe-ayrkje-q42359-dogdkv-ufhacq/
Attempts: 33 - Request URL: www.lavatransforms.org/qdzi-wjrmr-lfqckkd-qvfyyw/obzrbaer-uvtb-gmvtevsg-c320171947-q30355-ojsla-rilobwpj-txvns-njaaes-atogd/
Attempts: 34 - Request URL: www.lavatransforms.org/supsh-gflggbj-gjsnysoq-ffyxixw/fxko-urehjmin-fozakzd-zklemkkx-c320171948-ujzwwd-q32459-kwshii-cccmkz/
Attempts: 35 - Request URL: www.lavatransforms.org/sups-hgflg-gbjgjsn-ysoqff/yxixwfxk-oure-c320171946-hjminfoz-q37555-akzdz-klemkkxu-jzwwd-kwshii-cccmk/
Attempts: 36 - Request URL: www.lavatransforms.org/vekhu-vmkwtsg-c320171942-fuiliobv-holpnhr/sphh-cfqlisdb-q38759-nystgyj-lbednaxi-yegxcq-lmnlbt-pgmusw/
Attempts: 37 - Request URL: www.lavatransforms.org/cntg-jwctm-oraishv-cmcfdp/idbdpuoz-vsdf-dwfxphjb-q51955-vhtzb-c320171948-nhqklmww-nyptf-tuxuxx-niviu/
Attempts: 38 - Request URL: www.lavatransforms.org/q41459-xlswz-c320171941-qqyjihx-tbppoxej-mnwghcn/lvjq-gwixsdeh-uemybby-rhznuzsd-cdtfam-yabmpd-drsklc/
Attempts: 39 - Request URL: www.lavatransforms.org/eaee-dreqz-vzhrtaw-epmcqj/qarwcwbv-phvc-c320171946-pgyrixqd-q22255-dturn-tvwfqjjp-fmroc-vrtvsp-kpdsg/
Attempts: 40 - Request URL: www.lavatransforms.org/sups-hgflg-gbjgjsn-ysoqff/yxixwfxk-oure-hjminfoz-c320171947-q49255-akzdz-klemkkxu-jzwwd-kwshii-cccmk/
Attempts: 41 - Request URL: www.lavatransforms.org/wowb-kxxnh-ngmdzns-vnaxus/jcdqjxfm-zkqx-c320171946-mnbkspbf-q29455-crkxs-cgprmrsg-rcspz-jbqbce-bwjvn/
Attempts: 42 - Request URL: www.lavatransforms.org/jmuq-thjvf-unzewdq-dbgepm/vmcoubsf-c320171945-gdeu-bfzogqhw-q48355-wnwve-ybkaycal-poamg-oporfm-ozroh/
Attempts: 43 - Request URL: www.lavatransforms.org/migcb-nvrtpin-c320171942-vxxgrtns-q27239-gepovld/kcxw-tmoybkgl-zllqxjo-jzfuxvhy-ocalsl-wgegvr-edenoh/
Attempts: 44 - Request URL: www.lavatransforms.org/kyya-pawea-dmiunrc-uawwby/nuxekcmu-c320171945-rpzs-jtphwyzo-q38455-ewesw-sscztals-wwcht-gvjyjn-rsnre/
Attempts: 45 - Request URL: www.lavatransforms.org/cntg-jwctm-oraishv-cmcfdp/idbdpuoz-c320171945-vsdf-dwfxphjb-q16855-vhtzb-nhqklmww-nyptf-tuxuxx-niviu/
Attempts: 46 - Request URL: www.lavatransforms.org/vekh-uvmkw-tsgfuil-iobvho/lpnhrsph-hcfq-lisdbnys-q32155-tgyjl-c320171948-bednaxiy-egxcq-lmnlbt-pgmus/
Attempts: 47 - Request URL: www.lavatransforms.org/c320171940-vekhu-vmkwtsg-q50459-fuiliobv-holpnhr/sphh-cfqlisdb-nystgyj-lbednaxi-yegxcq-lmnlbt-pgmusw/
Attempts: 48 - Request URL: www.lavatransforms.org/eaee-dreqz-vzhrtaw-epmcqj/qarwcwbv-phvc-pgyrixqd-c320171947-q22255-dturn-tvwfqjjp-fmroc-vrtvsp-kpdsg/
Attempts: 49 - Request URL: www.lavatransforms.org/qdziw-c320171941-jrmrlfq-ckkdqvfy-ywobzrb/aeru-vtbgmvte-q48659-vsgojsl-arilobwp-jtxvns-njaaes-atogdp/
Attempts: 50 - Request URL: www.lavatransforms.org/roeblingtile
Attempts: 51 - Request URL: www.lavatransforms.org/wowbk-xxnhngm-dznsvnax-c320171943-usjcdqj/xfmz-kqxmnbks-pbfcrkx-q31379-scgprmrs-grcspz-jbqbce-bwjvnb/
Attempts: 52 - Request URL: www.lavatransforms.org/sups-hgflg-gbjgjsn-ysoqff/yxixwfxk-oure-hjminfoz-q25855-akzdz-c320171948-klemkkxu-jzwwd-kwshii-cccmk/
Attempts: 53 - Request URL: www.lavatransforms.org/lqaua-dphbfes-c320171942-blcymzzb-ogajamq/ouyy-xkashwvu-q18959-dtibqpn-dpofhebe-ayrkje-dogdkv-ufhacq/
Attempts: 54 - Request URL: www.lavatransforms.org/kyya-pawea-dmiunrc-uawwby/nuxekcmu-rpzs-jtphwyzo-q26755-ewesw-c320171948-sscztals-wwcht-gvjyjn-rsnre/
Attempts: 55 - Request URL: www.lavatransforms.org/lqaua-dphbfes-blcymzzb-c320171943-ogajamq/ouyy-xkashwvu-dtibqpn-dpofhebe-ayrkje-q42359-dogdkv-ufhacq/
Attempts: 56 - Request URL: www.lavatransforms.org/wowb-kxxnh-ngmdzns-vnaxus/jcdqjxfm-zkqx-mnbkspbf-q29455-crkxs-c320171948-cgprmrsg-rcspz-jbqbce-bwjvn/
Attempts: 57 - Request URL: www.lavatransforms.org/map/node
Attempts: 58 - Request URL: www.lavatransforms.org/migc-bnvrt-pinvxxg-c320171943-rtnsge/povldkcx-wtmo-ybkglzll-q15955-qxjoj-zfuxvhyo-calsl-wgegvr-edeno/
Attempts: 59 - Request URL: www.lavatransforms.org/q31559-jmuqt-hjvfunz-c320171942-ewdqdbge-pmvmcou/bsfg-deubfzog-qhwwnwv-eybkayca-lpoamg-oporfm-ozroht/
Attempts: 60 - Request URL: www.lavatransforms.org/css/style.css
Attempts: 61 - Request URL: www.lavatransforms.org/eaee-dreqz-vzhrtaw-epmcqj/qarwcwbv-phvc-pgyrixqd-q33955-dturn-tvwfqjjp-fmroc-vrtvsp-c320171939-kpdsg/
Attempts: 62 - Request URL: www.lavatransforms.org/vekhu-vmkwtsg-fuiliobv-q15359-holpnhr/sphh-c320171945-cfqlisdb-nystgyj-lbednaxi-yegxcq-lmnlbt-pgmusw/
Attempts: 63 - Request URL: www.lavatransforms.org/c320171940-wowbk-xxnhngm-dznsvnax-usjcdqj/xfmz-kqxmnbks-pbfcrkx-scgprmrs-q47759-grcspz-jbqbce-bwjvnb/
Attempts: 64 - Request URL: www.lavatransforms.org/jmuq-thjvf-unzewdq-dbgepm/vmcoubsf-gdeu-bfzogqhw-q24955-wnwve-ybkaycal-poamg-oporfm-c320171939-ozroh/
Attempts: 65 - Request URL: www.lavatransforms.org/vekhu-vmkwtsg-fuiliobv-holpnhr/sphh-cfqlisdb-nystgyj-lbednaxi-q45779-yegxcq-lmnlbt-c320171939-pgmusw/
Attempts: 66 - Request URL: www.lavatransforms.org/fbvfm-bijijcp-zgfrnksn-c320171943-suslgps/mhim-wigtcosj-wmtpsdp-hmqhjhdo-q27959-eodnin-fepchw-gmywms/
Attempts: 67 - Request URL: www.lavatransforms.org/cntgj-c320171941-wctmora-ishvcmcf-q35159-dpidbdp/uozv-sdfdwfxp-hjbvhtz-bnhqklmw-wnyptf-tuxuxx-niviue/
Attempts: 68 - Request URL: www.lavatransforms.org/vekh-uvmkw-c320171942-tsgfuil-iobvho/lpnhrsph-hcfq-lisdbnys-q20455-tgyjl-bednaxiy-egxcq-lmnlbt-pgmus/
Attempts: 69 - Request URL: www.lavatransforms.org/c320171940-eaee-dreqz-vzhrtaw-epmcqj/qarwcwbv-phvc-pgyrixqd-q10555-dturn-tvwfqjjp-fmroc-vrtvsp-kpdsg/
Attempts: 70 - Request URL: www.lavatransforms.org/c320171940-lqaua-dphbfes-blcymzzb-ogajamq/ouyy-xkashwvu-q18959-dtibqpn-dpofhebe-ayrkje-dogdkv-ufhacq/
Attempts: 71 - Request URL: www.lavatransforms.org/qdziw-c320171941-jrmrlfq-ckkdqvfy-ywobzrb/aeru-vtbgmvte-vsgojsl-q13559-arilobwp-jtxvns-njaaes-atogdp/
Attempts: 72 - Request URL: www.lavatransforms.org/sups-c320171941-hgflg-gbjgjsn-ysoqff/yxixwfxk-oure-hjminfoz-q25855-akzdz-klemkkxu-jzwwd-kwshii-cccmk/
Attempts: 73 - Request URL: www.lavatransforms.org/migcb-nvrtpin-vxxgrtns-gepovld/kcxw-c320171945-tmoybkgl-zllqxjo-jzfuxvhy-ocalsl-q22559-wgegvr-edenoh/
Attempts: 74 - Request URL: www.lavatransforms.org/kyyap-aweadmi-unrcuaww-bynuxek/cmur-pzsjtphw-yzoewes-c320171947-q33359-wsscztal-swwcht-gvjyjn-rsnreo/
Attempts: 75 - Request URL: www.lavatransforms.org/vekh-uvmkw-tsgfuil-iobvho/lpnhrsph-hcfq-c320171946-lisdbnys-q20455-tgyjl-bednaxiy-egxcq-lmnlbt-pgmus/
Attempts: 76 - Request URL: www.lavatransforms.org/cascades100
Attempts: 77 - Request URL: www.lavatransforms.org/zfnmlmk-fyradlqe-xalihklr-wwshzwec/iahkkj-jklrak-foffqn-c320171947-jbsgmt-antf-q23351-hstifghl-oidjj/
Attempts: 78 - Request URL: www.lavatransforms.org/c320171940-migc-bnvrt-pinvxxg-rtnsge/povldkcx-wtmo-ybkglzll-q15955-qxjoj-zfuxvhyo-calsl-wgegvr-edeno/
Attempts: 79 - Request URL: www.lavatransforms.org/supshgf-lggbjgjs-nysoqffy-xixwfxko/urehjm-infoza-q29651-kzdzkl-emkkxu-c320171948-jzww-dkwshiic-ccmkz/
Attempts: 80 - Request URL: www.lavatransforms.org/migc-bnvrt-pinvxxg-rtnsge/povldkcx-c320171945-wtmo-ybkglzll-q51055-qxjoj-zfuxvhyo-calsl-wgegvr-edeno/
Attempts: 81 - Request URL: www.lavatransforms.org/wowb-kxxnh-ngmdzns-c320171943-vnaxus/jcdqjxfm-zkqx-mnbkspbf-q29455-crkxs-cgprmrsg-rcspz-jbqbce-bwjvn/
Attempts: 82 - Request URL: www.lavatransforms.org/eaee-dreqz-c320171942-vzhrtaw-epmcqj/qarwcwbv-phvc-pgyrixqd-q33955-dturn-tvwfqjjp-fmroc-vrtvsp-kpdsg/
Attempts: 83 - Request URL: www.lavatransforms.org/c320171940-cntgjwc-tmoraish-vcmcfdpi-dbdpuozv/sdfdwf-xphjbv-htzbnh-qklmww-nypt-ftuxuxxn-q41711-iviue/
Attempts: 84 - Request URL: www.lavatransforms.org/wowb-kxxnh-c320171942-ngmdzns-vnaxus/jcdqjxfm-zkqx-mnbkspbf-q29455-crkxs-cgprmrsg-rcspz-jbqbce-bwjvn/
Attempts: 85 - Request URL: www.lavatransforms.org/vekhuvm-q21001-kwtsgfui-liobvhol-pnhrsphh-c320171944-cfqlis-dbnyst.do
Attempts: 86 - Request URL: www.lavatransforms.org/lqau-adphb-fesblcy-c320171943-mzzbog/ajamqouy-yxka-shwvudti-q35755-bqpnd-pofhebea-yrkje-dogdkv-ufhac/
Attempts: 87 - Request URL: www.lavatransforms.org/cntg-jwctm-c320171942-oraishv-cmcfdp/idbdpuoz-vsdf-dwfxphjb-q51955-vhtzb-nhqklmww-nyptf-tuxuxx-niviu/
Attempts: 88 - Request URL: www.lavatransforms.org/eaeed-reqzvzh-rtawepmc-qjqarwc/wbvp-hvcpgyri-c320171946-q28859-xqddtur-ntvwfqjj-pfmroc-vrtvsp-kpdsgg/
Attempts: 89 - Request URL: www.lavatransforms.org/cntg-jwctm-oraishv-c320171943-cmcfdp/idbdpuoz-vsdf-dwfxphjb-q16855-vhtzb-nhqklmww-nyptf-tuxuxx-niviu/
Attempts: 90 - Request URL: www.lavatransforms.org/wowb-kxxnh-ngmdzns-vnaxus/jcdqjxfm-zkqx-mnbkspbf-c320171947-q17755-crkxs-cgprmrsg-rcspz-jbqbce-bwjvn/
Attempts: 91 - Request URL: www.lavatransforms.org/c320171940-lqau-adphb-fesblcy-mzzbog/ajamqouy-yxka-shwvudti-q35755-bqpnd-pofhebea-yrkje-dogdkv-ufhac/
Attempts: 92 - Request URL: www.lavatransforms.org/kyya-pawea-dmiunrc-uawwby/nuxekcmu-rpzs-jtphwyzo-q38455-ewesw-c320171948-sscztals-wwcht-gvjyjn-rsnre/
Attempts: 93 - Request URL: www.lavatransforms.org/xlswzqq-q26951-yjihxtbp-poxejmnw-ghcnlvjq/gwixsd-ehuemy-bbyrhz-nuzsdc-c320171948-dtfa-myabmpdd-rsklc/
Attempts: 94 - Request URL: www.lavatransforms.org/zfnm-lmkfy-radlqex-alihkl/rwwshzwe-ciah-kkjjklra-c320171947-q42955-kfoff-qnjbsgmt-antfh-stifgh-loidj/
Attempts: 95 - Request URL: www.lavatransforms.org/qdziw-c320171941-jrmrlfq-ckkdqvfy-q25259-ywobzrb/aeru-vtbgmvte-vsgojsl-arilobwp-jtxvns-njaaes-atogdp/
Attempts: 96 - Request URL: www.lavatransforms.org/kyyap-aweadmi-unrcuaww-bynuxek/cmur-pzsjtphw-yzoewes-q33359-wsscztal-c320171948-swwcht-gvjyjn-rsnreo/
Attempts: 97 - Request URL: www.lavatransforms.org/wowbkxx-nhngmdzn-svnaxusj-cdqjxfmz/kqxmnb-kspbfc-rkxscg-prmrsg-c320171948-rcsp-q33251-zjbqbceb-wjvnb/
Attempts: 98 - Request URL: www.lavatransforms.org/zfnml-q26159-mkfyrad-lqexalih-klrwwsh/zwec-c320171945-iahkkjjk-lrakfof-fqnjbsgm-tantfh-stifgh-loidjj/
Attempts: 99 - Request URL: www.lavatransforms.org/migcb-q45959-nvrtpin-c320171942-vxxgrtns-gepovld/kcxw-tmoybkgl-zllqxjo-jzfuxvhy-ocalsl-wgegvr-edenoh/
Attempts: more than 99 - Request URL: www.lavatransforms.org/q51359-fbvfm-bijijcp-zgfrnksn-suslgps/mhim-wigtcosj-c320171946-wmtpsdp-hmqhjhdo-eodnin-fepchw-gmywms/
