Attempts: 1 - Request URL: www.lavatransforms.org/kyyapawe-c320171941-admi-unrc-uaww/bynuxek-cmur-pzsj-q51507-tphwy-zoew-eswsscz/
Attempts: 2 - Request URL: www.lavatransforms.org/supshgfl-ggbj-c320171942-gjsn-ysoq/ffyxixw-fxko-ureh-q27207-jminf-ozak-zdzklem/
Attempts: 3 - Request URL: www.lavatransforms.org/supshgfl-ggbj-gjsn-ysoq/ffyxixw-fxko-ureh-q27207-jminf-ozak-c320171939-zdzklem/
Attempts: 4 - Request URL: www.lavatransforms.org/c320171940-eaeedreq-zvzh-rtaw-epmc/qjqarwc-wbvp-hvcp-q47007-gyrix-qddt-urntvwf/
Attempts: 5 - Request URL: www.lavatransforms.org/fbvfmbij-ijcp-zgfr-nksn/suslgps-mhim-wigt-c320171947-q46107-cosjw-mtps-dphmqhj/
Attempts: 6 - Request URL: www.lavatransforms.org/xlswzqq-yjihxtbp-poxejmnw/ghcnlvjq-c320171948-gwixsd-ehuemy-bbyrhz-q951-nuzsdc/
Attempts: 7 - Request URL: www.lavatransforms.org/eaeedreq-zvzh-rtaw-epmc/qjqarwc-wbvp-hvcp-q47007-gyrix-qddt-c320171939-urntvwf/
Attempts: 8 - Request URL: www.lavatransforms.org/cntgj-wctmora-ishvcmcf/dpidbdp-uozv-sdfdwfxp-hjbvhtz-c320171943-q9159-bnhqklmw/
Attempts: 9 - Request URL: www.lavatransforms.org/jmuqt-hjvfunz-ewdqdbge/pmvmcou-c320171940-bsfg-deubfzog-qhwwnwv-q5559-eybkayca/
Attempts: 10 - Request URL: www.lavatransforms.org/c320171940-vekhuvmk-wtsg-fuil-iobv/holpnhr-sphh-cfql-q10107-isdbn-ystg-yjlbedn/
Attempts: 11 - Request URL: www.lavatransforms.org/jmuqthjv-funz-ewdq-dbge/pmvmcou-bsfg-deub-q14607-fzogq-hwwn-c320171939-wveybka/
Attempts: 12 - Request URL: www.lavatransforms.org/qdziwjrm-rlfq-ckkd-c320171943-qvfy/ywobzrb-aeru-vtbg-q20007-mvtev-sgoj-slarilo/
Attempts: 13 - Request URL: www.lavatransforms.org/c320171940-lqauadph-bfes-blcy-mzzb/ogajamq-ouyy-xkas-q13707-hwvud-tibq-pndpofh/
Attempts: 14 - Request URL: www.lavatransforms.org/qdziwjrm-rlfq-c320171942-ckkd-qvfy/ywobzrb-aeru-vtbg-q31707-mvtev-sgoj-slarilo/
Attempts: 15 - Request URL: www.lavatransforms.org/migcbnvr-tpin-vxxg-rtns/gepovld-kcxw-tmoy-c320171947-q40707-bkglz-llqx-jojzfux/
Attempts: 16 - Request URL: www.lavatransforms.org/c320171940-migcbnvr-tpin-vxxg-rtns/gepovld-kcxw-tmoy-q40707-bkglz-llqx-jojzfux/
Attempts: 17 - Request URL: www.lavatransforms.org/kyyapawe-c320171941-admi-unrc-uaww/bynuxek-cmur-pzsj-q39807-tphwy-zoew-eswsscz/
Attempts: 18 - Request URL: www.lavatransforms.org/fbvfmbij-ijcp-zgfr-nksn/suslgps-mhim-wigt-q34407-cosjw-mtps-c320171939-dphmqhj/
Attempts: 19 - Request URL: www.lavatransforms.org/kyyapawe-admi-unrc-uaww/bynuxek-cmur-pzsj-q39807-tphwy-c320171948-zoew-eswsscz/
Attempts: 20 - Request URL: www.lavatransforms.org/jmuqt-hjvfunz-ewdqdbge/pmvmcou-bsfg-deubfzog-c320171942-qhwwnwv-q5559-eybkayca/
Attempts: 21 - Request URL: www.lavatransforms.org/fbvfmbij-ijcp-zgfr-nksn/suslgps-c320171945-mhim-wigt-q22707-cosjw-mtps-dphmqhj/
Attempts: 22 - Request URL: www.lavatransforms.org/xlswzqqy-jihx-tbpp-oxej/mnwghcn-lvjq-c320171946-gwix-q12807-sdehu-emyb-byrhznu/
Attempts: 23 - Request URL: www.lavatransforms.org/c320171940-supshgfl-ggbj-gjsn-ysoq/ffyxixw-fxko-ureh-q27207-jminf-ozak-zdzklem/
Attempts: 24 - Request URL: www.lavatransforms.org/cntgjwct-mora-ishv-cmcf/dpidbdp-uozv-sdfd-q41607-wfxph-jbvh-c320171939-tzbnhqk/
Attempts: 25 - Request URL: www.lavatransforms.org/c320171940-qdziwjrm-rlfq-ckkd-qvfy/ywobzrb-aeru-vtbg-q43407-mvtev-sgoj-slarilo/
Attempts: 26 - Request URL: www.lavatransforms.org/kyyapawe-admi-unrc-uaww/bynuxek-cmur-c320171946-pzsj-q16407-tphwy-zoew-eswsscz/
Attempts: 27 - Request URL: www.lavatransforms.org/kyyapawe-admi-unrc-uaww/bynuxek-cmur-c320171946-pzsj-q51507-tphwy-zoew-eswsscz/
Attempts: 28 - Request URL: www.lavatransforms.org/kyyapawe-admi-unrc-uaww/bynuxek-c320171945-cmur-pzsj-q51507-tphwy-zoew-eswsscz/
Attempts: 29 - Request URL: www.lavatransforms.org/xlswzqqy-c320171941-jihx-tbpp-oxej/mnwghcn-lvjq-gwix-q36207-sdehu-emyb-byrhznu/
Attempts: 30 - Request URL: www.lavatransforms.org/jmuqthjv-funz-ewdq-dbge/pmvmcou-c320171945-bsfg-deub-q14607-fzogq-hwwn-wveybka/
Attempts: 31 - Request URL: www.lavatransforms.org/qdziwjrm-rlfq-ckkd-qvfy/ywobzrb-aeru-c320171946-vtbg-q43407-mvtev-sgoj-slarilo/
Attempts: 32 - Request URL: www.lavatransforms.org/xlswz-qqyjihx-tbppoxej/mnwghcn-lvjq-gwixsdeh-uemybby-c320171943-q3759-rhznuzsd/
Attempts: 33 - Request URL: www.lavatransforms.org/supshgfl-ggbj-gjsn-ysoq/ffyxixw-fxko-ureh-q38907-jminf-c320171948-ozak-zdzklem/
Attempts: 34 - Request URL: www.lavatransforms.org/jmuqthjv-funz-ewdq-c320171943-dbge/pmvmcou-bsfg-deub-q14607-fzogq-hwwn-wveybka/
Attempts: 35 - Request URL: www.lavatransforms.org/kyyapawe-admi-unrc-uaww/bynuxek-cmur-pzsj-q51507-tphwy-c320171948-zoew-eswsscz/
Attempts: 36 - Request URL: www.lavatransforms.org/jmuqt-hjvfunz-ewdqdbge/pmvmcou-c320171948-bsfg-deubfzog-qhwwnwv-q5559-eybkayca/
Attempts: 37 - Request URL: www.lavatransforms.org/lqauadph-bfes-blcy-mzzb/ogajamq-ouyy-c320171946-xkas-q25407-hwvud-tibq-pndpofh/
Attempts: 38 - Request URL: www.lavatransforms.org/wowbkxxn-hngm-dzns-vnax/usjcdqj-xfmz-kqxm-q42507-nbksp-bfcr-c320171939-kxscgpr/
Attempts: 39 - Request URL: www.lavatransforms.org/eaeedreq-zvzh-rtaw-c320171943-epmc/qjqarwc-wbvp-hvcp-q47007-gyrix-qddt-urntvwf/
Attempts: 40 - Request URL: www.lavatransforms.org/fbvfmbij-ijcp-c320171942-zgfr-nksn/suslgps-mhim-wigt-q11007-cosjw-mtps-dphmqhj/
Attempts: 41 - Request URL: www.lavatransforms.org/cntgj-wctmora-ishvcmcf/dpidbdp-c320171948-uozv-sdfdwfxp-hjbvhtz-q9159-bnhqklmw/
Attempts: 42 - Request URL: www.lavatransforms.org/wowbkxxn-hngm-dzns-vnax/usjcdqj-xfmz-kqxm-q54207-nbksp-c320171948-bfcr-kxscgpr/
Attempts: 43 - Request URL: www.lavatransforms.org/migcbnvr-tpin-vxxg-rtns/gepovld-kcxw-tmoy-q29007-bkglz-c320171948-llqx-jojzfux/
Attempts: 44 - Request URL: www.lavatransforms.org/qdziwjrm-rlfq-ckkd-qvfy/ywobzrb-aeru-vtbg-q31707-mvtev-c320171948-sgoj-slarilo/
Attempts: 45 - Request URL: www.lavatransforms.org/fbvfmbij-ijcp-zgfr-nksn/suslgps-c320171945-mhim-wigt-q34407-cosjw-mtps-dphmqhj/
Attempts: 46 - Request URL: www.lavatransforms.org/supshgfl-ggbj-gjsn-ysoq/ffyxixw-c320171945-fxko-ureh-q38907-jminf-ozak-zdzklem/
Attempts: 47 - Request URL: www.lavatransforms.org/fbvfmbij-ijcp-c320171942-zgfr-nksn/suslgps-mhim-wigt-q22707-cosjw-mtps-dphmqhj/
Attempts: 48 - Request URL: www.lavatransforms.org/jmuqthjv-funz-ewdq-dbge/pmvmcou-bsfg-c320171946-deub-q26307-fzogq-hwwn-wveybka/
Attempts: 49 - Request URL: www.lavatransforms.org/lqauadph-bfes-blcy-mzzb/ogajamq-ouyy-xkas-c320171947-q13707-hwvud-tibq-pndpofh/
Attempts: 50 - Request URL: www.lavatransforms.org/qdziwjrm-rlfq-ckkd-qvfy/ywobzrb-aeru-c320171946-vtbg-q31707-mvtev-sgoj-slarilo/
Attempts: 51 - Request URL: www.lavatransforms.org/eaeedreq-zvzh-rtaw-c320171943-epmc/qjqarwc-wbvp-hvcp-q11907-gyrix-qddt-urntvwf/
Attempts: 52 - Request URL: www.lavatransforms.org/cntgjwct-mora-ishv-cmcf/dpidbdp-uozv-c320171946-sdfd-q41607-wfxph-jbvh-tzbnhqk/
Attempts: 53 - Request URL: www.lavatransforms.org/xlswzqqy-jihx-c320171942-tbpp-oxej/mnwghcn-lvjq-gwix-q12807-sdehu-emyb-byrhznu/
Attempts: 54 - Request URL: www.lavatransforms.org/wowbkxxn-hngm-dzns-vnax/usjcdqj-xfmz-c320171946-kqxm-q54207-nbksp-bfcr-kxscgpr/
Attempts: 55 - Request URL: www.lavatransforms.org/eaeedreq-c320171941-zvzh-rtaw-epmc/qjqarwc-wbvp-hvcp-q23607-gyrix-qddt-urntvwf/
Attempts: 56 - Request URL: www.lavatransforms.org/cntgjwct-mora-ishv-cmcf/dpidbdp-uozv-sdfd-q18207-wfxph-c320171948-jbvh-tzbnhqk/
Attempts: 57 - Request URL: www.lavatransforms.org/migcbnvr-tpin-vxxg-rtns/gepovld-kcxw-c320171946-tmoy-q40707-bkglz-llqx-jojzfux/
Attempts: 58 - Request URL: www.lavatransforms.org/cntgjwct-mora-c320171942-ishv-cmcf/dpidbdp-uozv-sdfd-q29907-wfxph-jbvh-tzbnhqk/
Attempts: 59 - Request URL: www.lavatransforms.org/migcbnvr-tpin-vxxg-rtns/gepovld-kcxw-c320171946-tmoy-q17307-bkglz-llqx-jojzfux/
Attempts: 60 - Request URL: www.lavatransforms.org/lqauadph-bfes-blcy-mzzb/ogajamq-ouyy-xkas-q37107-hwvud-tibq-c320171939-pndpofh/
Attempts: 61 - Request URL: www.lavatransforms.org/lqauadph-c320171941-bfes-blcy-mzzb/ogajamq-ouyy-xkas-q25407-hwvud-tibq-pndpofh/
Attempts: 62 - Request URL: www.lavatransforms.org/cntgj-wctmora-ishvcmcf/dpidbdp-c320171940-uozv-sdfdwfxp-hjbvhtz-q9159-bnhqklmw/
Attempts: 63 - Request URL: www.lavatransforms.org/c320171940-zfnmlmkf-yrad-lqex-alih/klrwwsh-zwec-iahk-q32607-kjjkl-rakf-offqnjb/
Attempts: 64 - Request URL: www.lavatransforms.org/kyyapawe-admi-unrc-uaww/bynuxek-cmur-pzsj-c320171947-q39807-tphwy-zoew-eswsscz/
Attempts: 65 - Request URL: www.lavatransforms.org/kyyapawe-admi-unrc-c320171943-uaww/bynuxek-cmur-pzsj-q16407-tphwy-zoew-eswsscz/
Attempts: 66 - Request URL: www.lavatransforms.org/migcbnvr-tpin-vxxg-c320171943-rtns/gepovld-kcxw-tmoy-q40707-bkglz-llqx-jojzfux/
Attempts: 67 - Request URL: www.lavatransforms.org/migcbnvr-tpin-vxxg-rtns/gepovld-kcxw-c320171946-tmoy-q52407-bkglz-llqx-jojzfux/
Attempts: 68 - Request URL: www.lavatransforms.org/c320171940-migcbnvr-tpin-vxxg-rtns/gepovld-kcxw-tmoy-q17307-bkglz-llqx-jojzfux/
Attempts: 69 - Request URL: www.lavatransforms.org/vekhuvmk-wtsg-fuil-iobv/holpnhr-sphh-cfql-q10107-isdbn-ystg-c320171939-yjlbedn/
Attempts: 70 - Request URL: www.lavatransforms.org/eaeedreq-zvzh-rtaw-epmc/qjqarwc-wbvp-hvcp-q11907-gyrix-qddt-c320171939-urntvwf/
Attempts: 71 - Request URL: www.lavatransforms.org/wowbkxxn-hngm-dzns-c320171943-vnax/usjcdqj-xfmz-kqxm-q54207-nbksp-bfcr-kxscgpr/
Attempts: 72 - Request URL: www.lavatransforms.org/c320171940-wowbkxxn-hngm-dzns-vnax/usjcdqj-xfmz-kqxm-q42507-nbksp-bfcr-kxscgpr/
Attempts: 73 - Request URL: www.lavatransforms.org/lqauadph-bfes-blcy-mzzb/ogajamq-ouyy-xkas-q13707-hwvud-c320171948-tibq-pndpofh/
Attempts: 74 - Request URL: www.lavatransforms.org/fbvfmbij-ijcp-zgfr-c320171943-nksn/suslgps-mhim-wigt-q11007-cosjw-mtps-dphmqhj/
Attempts: 75 - Request URL: www.lavatransforms.org/jmuqt-hjvfunz-ewdqdbge/pmvmcou-bsfg-c320171941-deubfzog-qhwwnwv-q5559-eybkayca/
Attempts: 76 - Request URL: www.lavatransforms.org/supshgfl-ggbj-gjsn-ysoq/ffyxixw-c320171945-fxko-ureh-q50607-jminf-ozak-zdzklem/
Attempts: 77 - Request URL: www.lavatransforms.org/cntgjwct-mora-ishv-cmcf/dpidbdp-uozv-sdfd-q53307-wfxph-c320171948-jbvh-tzbnhqk/
Attempts: 78 - Request URL: www.lavatransforms.org/c320171940-vekhuvmk-wtsg-fuil-iobv/holpnhr-sphh-cfql-q33507-isdbn-ystg-yjlbedn/
Attempts: 79 - Request URL: www.lavatransforms.org/c320171940-jmuqthjv-funz-ewdq-dbge/pmvmcou-bsfg-deub-q26307-fzogq-hwwn-wveybka/
Attempts: 80 - Request URL: www.lavatransforms.org/tchdytd-xcwt-wnfom-xdjanbxk/q26548-ftitklt-fglwxqc-cguqla-c320171947-xbqa-krtuiqd-klmd-rqkfowkq-bupalq.do
Attempts: 81 - Request URL: www.lavatransforms.org/qdziwjrm-rlfq-ckkd-qvfy/ywobzrb-aeru-vtbg-c320171947-q20007-mvtev-sgoj-slarilo/
Attempts: 82 - Request URL: www.lavatransforms.org/xlswzqqy-jihx-c320171942-tbpp-oxej/mnwghcn-lvjq-gwix-q36207-sdehu-emyb-byrhznu/
Attempts: 83 - Request URL: www.lavatransforms.org/supshgfl-ggbj-gjsn-ysoq/ffyxixw-fxko-ureh-q38907-jminf-ozak-c320171939-zdzklem/
Attempts: 84 - Request URL: www.lavatransforms.org/fbvfm-bijijcp-zgfrnksn/suslgps-mhim-wigtcosj-wmtpsdp-c320171943-q1959-hmqhjhdo/
Attempts: 85 - Request URL: www.lavatransforms.org/fbvfmbij-ijcp-zgfr-nksn/suslgps-mhim-wigt-q22707-cosjw-c320171948-mtps-dphmqhj/
Attempts: 86 - Request URL: www.lavatransforms.org/xlswzqqy-jihx-tbpp-oxej/mnwghcn-lvjq-gwix-q36207-sdehu-emyb-c320171939-byrhznu/
Attempts: 87 - Request URL: www.lavatransforms.org/qdziwjrm-c320171941-rlfq-ckkd-qvfy/ywobzrb-aeru-vtbg-q31707-mvtev-sgoj-slarilo/
Attempts: 88 - Request URL: www.lavatransforms.org/wowbkxxn-hngm-dzns-vnax/usjcdqj-xfmz-kqxm-q30807-nbksp-c320171948-bfcr-kxscgpr/
Attempts: 89 - Request URL: www.lavatransforms.org/lqauadph-bfes-c320171942-blcy-mzzb/ogajamq-ouyy-xkas-q25407-hwvud-tibq-pndpofh/
Attempts: 90 - Request URL: www.lavatransforms.org/cntgjwct-mora-ishv-cmcf/dpidbdp-uozv-sdfd-q41607-wfxph-c320171948-jbvh-tzbnhqk/
Attempts: 91 - Request URL: www.lavatransforms.org/wowbkxxn-hngm-dzns-vnax/usjcdqj-xfmz-kqxm-c320171947-q30807-nbksp-bfcr-kxscgpr/
Attempts: 92 - Request URL: www.lavatransforms.org/kyyapawe-admi-unrc-uaww/bynuxek-cmur-pzsj-q16407-tphwy-c320171948-zoew-eswsscz/
Attempts: 93 - Request URL: www.lavatransforms.org/wowbkxxn-hngm-dzns-vnax/usjcdqj-xfmz-kqxm-c320171947-q42507-nbksp-bfcr-kxscgpr/
Attempts: 94 - Request URL: www.lavatransforms.org/supshgfl-ggbj-gjsn-ysoq/ffyxixw-fxko-c320171946-ureh-q15507-jminf-ozak-zdzklem/
Attempts: 95 - Request URL: www.lavatransforms.org/xlswzqqy-jihx-tbpp-oxej/mnwghcn-lvjq-gwix-q36207-sdehu-c320171948-emyb-byrhznu/
Attempts: 96 - Request URL: www.lavatransforms.org/vekhuvmk-c320171941-wtsg-fuil-iobv/holpnhr-sphh-cfql-q45207-isdbn-ystg-yjlbedn/
Attempts: 97 - Request URL: www.lavatransforms.org/supshgfl-c320171941-ggbj-gjsn-ysoq/ffyxixw-fxko-ureh-q15507-jminf-ozak-zdzklem/
Attempts: 98 - Request URL: www.lavatransforms.org/qdziwjrm-rlfq-ckkd-qvfy/ywobzrb-aeru-vtbg-q43407-mvtev-c320171948-sgoj-slarilo/
Attempts: 99 - Request URL: www.lavatransforms.org/qdziwjrm-rlfq-ckkd-qvfy/ywobzrb-aeru-c320171946-vtbg-q20007-mvtev-sgoj-slarilo/
Attempts: more than 99 - Request URL: www.lavatransforms.org/cntgjwct-mora-ishv-cmcf/dpidbdp-uozv-c320171946-sdfd-q27567-wfxph-jbvh-tzbnhqk/
