Attempts: 1 - Request URL: www.lavatransforms.org/category/theater/page/5/myspace.com/jamesadomian
Attempts: 2 - Request URL: www.lavatransforms.org/event/buk1015/feed/
Attempts: 3 - Request URL: www.lavatransforms.org/2015/05/27/canceled-lavas-44th-sunday-salon/user/login
Attempts: 4 - Request URL: www.lavatransforms.org/category/free/page/12/cellartourkingeddydec2012
Attempts: 5 - Request URL: www.lavatransforms.org/category/lava-vocabulary/books/page/6/lavatransforms.org/flaneur-broadway-on-my-mind-6
Attempts: 6 - Request URL: www.lavatransforms.org/event/raymond-chandlers-los-angeles-2/feed/
Attempts: 7 - Request URL: www.lavatransforms.org/event/south-l-a-road-trip-hot-rods-adobes-googie-early-modernism/feed/
Attempts: 8 - Request URL: www.lavatransforms.org/event/competition-finalists-present-their-pershing-square-design-entries/feed/
Attempts: 9 - Request URL: www.lavatransforms.org/event/crimelaboct2015/feed/
Attempts: 10 - Request URL: www.lavatransforms.org/event/eastside-babylon-crime-bus-tour/feed/
Attempts: 11 - Request URL: www.lavatransforms.org/crimelabjuly14
Attempts: 12 - Request URL: www.lavatransforms.org/event/another-test-event/feed/
Attempts: 13 - Request URL: www.lavatransforms.org/category/talks/page/10/ArchersBooks.com
Attempts: 14 - Request URL: www.lavatransforms.org/event-category/la-history/http:1947project.com
Attempts: 15 - Request URL: www.lavatransforms.org/event/hollywood-10-10-15/feed/
Attempts: 16 - Request URL: www.lavatransforms.org/user/register?destination=node%2F1347%23comment-form
Attempts: 17 - Request URL: www.lavatransforms.org/category/tours/page/30/itotushy
Attempts: 18 - Request URL: www.lavatransforms.org/category/lava-vocabulary/food/page/4/subscribe
Attempts: 19 - Request URL: www.lavatransforms.org/category/tours/page/32/newsletter/subscriptions
Attempts: 20 - Request URL: www.lavatransforms.org/pasadena2015
Attempts: 21 - Request URL: www.lavatransforms.org/salonvideo2may2013
Attempts: 22 - Request URL: www.lavatransforms.org/category/lava-vocabulary/history/page/21/elalisal2013
Attempts: 23 - Request URL: www.lavatransforms.org/category/lava-vocabulary/occult/page/5/signups
Attempts: 24 - Request URL: www.lavatransforms.org/category/lava-exclusives/page/8/cellartourkingeddydec2012
Attempts: 25 - Request URL: www.lavatransforms.org/category/lava-vocabulary/history/page/41/signups
Attempts: 26 - Request URL: www.lavatransforms.org/category/theater/page/4/signups
Attempts: 27 - Request URL: www.lavatransforms.org/category/preservation/page/20/lavatransforms.org/scrapsteel
Attempts: 28 - Request URL: www.lavatransforms.org/user/2098
Attempts: 29 - Request URL: www.lavatransforms.org/category/lava-vocabulary/food/page/3/Mikethepoetla.tumblr.com
Attempts: 30 - Request URL: www.lavatransforms.org/event/haunts-of-a-dirty-old-man-charles-bukowskis-los-angeles-tour-5/feed/
Attempts: 31 - Request URL: www.lavatransforms.org/flaneur-broadway-on-my-mind-10
Attempts: 32 - Request URL: www.lavatransforms.org/scrapsteel5
Attempts: 33 - Request URL: www.lavatransforms.org/event/salon117/feed/
Attempts: 34 - Request URL: www.lavatransforms.org/noircalifornia
Attempts: 35 - Request URL: www.lavatransforms.org/user/39
Attempts: 36 - Request URL: www.lavatransforms.org/category/books/page/2/user/register
Attempts: 37 - Request URL: www.lavatransforms.org/category/nature/page/4/newsletter/subscriptions
Attempts: 38 - Request URL: www.lavatransforms.org/category/food/page/2/lavatransforms.org/flaneur-broadway-on-my-mind-6
Attempts: 39 - Request URL: www.lavatransforms.org/category/lava-vocabulary/dance/page/2/lavatransforms.org/flaneur-broadway-on-my-mind-6
Attempts: 40 - Request URL: www.lavatransforms.org/category/lava-vocabulary/tours/page/15/salon213
Attempts: 41 - Request URL: www.lavatransforms.org/event/hotelcalifornian-neon/feed/
Attempts: 42 - Request URL: www.lavatransforms.org/category/lava-vocabulary/user/login
Attempts: 43 - Request URL: www.lavatransforms.org/category/lava-vocabulary/history/page/12/lavatransforms.org/flaneur-broadway-on-my-mind-6
Attempts: 44 - Request URL: www.lavatransforms.org/event/graft-fruit/feed/
Attempts: 45 - Request URL: www.lavatransforms.org/event/the-real-black-dahlia-crime-bus-tour-july-2016/feed/
Attempts: 46 - Request URL: www.lavatransforms.org/user/29
Attempts: 47 - Request URL: www.lavatransforms.org/category/music/musso31210
Attempts: 48 - Request URL: www.lavatransforms.org/gbleq/glotir.php?hl=mere-rashkey-kmar-mp3-song-rahat-fatey-ali-khan
Attempts: 49 - Request URL: www.lavatransforms.org/2015/01/29/lavas-41st-sunday-salon/user/register
Attempts: 50 - Request URL: www.lavatransforms.org/2015/02/18/lavas-42nd-sunday-salon/user/login
Attempts: 51 - Request URL: www.lavatransforms.org/category/lava-vocabulary/books/page/11/subscribe
Attempts: 52 - Request URL: www.lavatransforms.org/category/spirituality/page/3/lavatransforms.org/flaneur-broadway-on-my-mind-6
Attempts: 53 - Request URL: www.lavatransforms.org/event/hotel-horrors-main-street-vice-3-26-16/feed/
Attempts: 54 - Request URL: www.lavatransforms.org/user/259
Attempts: 55 - Request URL: www.lavatransforms.org/category/lava-vocabulary/lava-exclusives/user/register
Attempts: 56 - Request URL: www.lavatransforms.org/2012/10/09/the-lava-salon-jim-tully-a-hobo-in-hollywood/ArchersBooks.com
Attempts: 57 - Request URL: www.lavatransforms.org/event/hollywood-saturday-may-13th/feed/
