Attempts: 1 - Request URL: www.lavatransforms.org/sites/default/files/imagecache/sidebar/BH112-S.jpg
Attempts: 2 - Request URL: www.lavatransforms.org/zfnmlm-kfyradlq-exalih-klrwwsh/zweci-ahkkjj-klrak-q1303-foffqnj-c320171948-bsgmtan-tfhstif-ghlo-idjjfuta/
Attempts: 3 - Request URL: www.lavatransforms.org/lqauad-phbfesbl-c320171942-cymzzb-ogajamq/ouyyx-kashwv-udtib-q5803-qpndpof-hebeayr-kjedogd-kvuf-hacquwix/
Attempts: 4 - Request URL: www.lavatransforms.org/xlswzq-qyjihxtb-ppoxej-mnwghcn/lvjqg-wixsde-huemy-q4903-bbyrhzn-uzsdcdt-famyabm-pddr-c320171939-sklcmswk/
Attempts: 5 - Request URL: www.lavatransforms.org/eaeedr-eqzvzhrt-awepmc-qjqarwc/wbvph-vcpgyr-ixqdd-q8683-turntvw-c320171948-fqjjpfm-rocvrtv-spkp-dsggwqke/
Attempts: 6 - Request URL: www.lavatransforms.org/vekhuv-mkwtsgfu-iliobv-holpnhr/sphhc-fqlisd-c320171946-bnyst-q6883-gyjlbed-naxiyeg-xcqlmnl-btpg-muswzdbf/
Attempts: 7 - Request URL: www.lavatransforms.org/migcbn-vrtpinvx-xgrtns-gepovld/kcxwt-moybkg-lzllq-c320171947-q9403-xjojzfu-xvhyoca-lslwgeg-vred-enohnmrs/
Attempts: 8 - Request URL: www.lavatransforms.org/vekhuv-mkwtsgfu-iliobv-holpnhr/sphhc-fqlisd-bnyst-q2203-gyjlbed-c320171948-naxiyeg-xcqlmnl-btpg-muswzdbf/
Attempts: 9 - Request URL: www.lavatransforms.org/fbvfmb-ijijcpzg-frnksn-suslgps/mhimw-igtcos-jwmtp-c320171947-q3103-sdphmqh-jhdoeod-ninfepc-hwgm-ywmscavw/
Attempts: 10 - Request URL: www.lavatransforms.org/eaeedr-eqzvzhrt-awepmc-qjqarwc/wbvph-vcpgyr-c320171946-ixqdd-q4003-turntvw-fqjjpfm-rocvrtv-spkp-dsggwqke/
Attempts: 11 - Request URL: www.lavatransforms.org/salon-circuitbending-may2014
Attempts: 12 - Request URL: www.lavatransforms.org/jmuqth-jvfunzew-dqdbge-pmvmcou/bsfgd-eubfzo-gqhww-c320171947-q6703-nwveybk-aycalpo-amgopor-fmoz-rohthixv/
Attempts: 13 - Request URL: www.lavatransforms.org/jmuqthj-vfunzewd-qdbgepmv-mcoubsfg/deubfz-ogqhww-nwveyb-q151-kaycal-c320171948-poam-goporfmo-zroht-hixvp/
Attempts: 14 - Request URL: www.lavatransforms.org/xlswzq-qyjihxtb-ppoxej-mnwghcn/lvjqg-wixsde-c320171946-huemy-q4903-bbyrhzn-uzsdcdt-famyabm-pddr-sklcmswk/
Attempts: 15 - Request URL: www.lavatransforms.org/c320171940-migcbn-vrtpinvx-xgrtns-gepovld/kcxwt-moybkg-lzllq-q9403-xjojzfu-xvhyoca-lslwgeg-vred-enohnmrs/
Attempts: 16 - Request URL: www.lavatransforms.org/kyyapaw-eadmiunr-cuawwbyn-uxekcmur/pzsjtp-hwyzoe-weswss-c320171947-q1951-cztals-wwch-tgvjyjnr-snreo-rhqbq/
Attempts: 17 - Request URL: www.lavatransforms.org/qdziwj-rmrlfqck-kdqvfy-c320171943-ywobzrb/aeruv-tbgmvt-evsgo-q35503-jslaril-obwpjtx-vnsnjaa-esat-ogdpatup/
Attempts: 18 - Request URL: www.lavatransforms.org/vekhuv-mkwtsgfu-c320171942-iliobv-holpnhr/sphhc-fqlisd-bnyst-q49003-gyjlbed-naxiyeg-xcqlmnl-btpg-muswzdbf/
Attempts: 19 - Request URL: www.lavatransforms.org/c320171940-lqauad-phbfesbl-cymzzb-ogajamq/ouyyx-kashwv-udtib-q17503-qpndpof-hebeayr-kjedogd-kvuf-hacquwix/
Attempts: 20 - Request URL: www.lavatransforms.org/xlswzq-qyjihxtb-ppoxej-c320171943-mnwghcn/lvjqg-wixsde-huemy-q40003-bbyrhzn-uzsdcdt-famyabm-pddr-sklcmswk/
Attempts: 21 - Request URL: www.lavatransforms.org/zfnmlm-kfyradlq-c320171942-exalih-klrwwsh/zweci-ahkkjj-klrak-q24703-foffqnj-bsgmtan-tfhstif-ghlo-idjjfuta/
Attempts: 22 - Request URL: www.lavatransforms.org/eaeedr-eqzvzhrt-awepmc-qjqarwc/wbvph-c320171945-vcpgyr-ixqdd-q50803-turntvw-fqjjpfm-rocvrtv-spkp-dsggwqke/
Attempts: 23 - Request URL: www.lavatransforms.org/qdziwj-c320171941-rmrlfqck-kdqvfy-ywobzrb/aeruv-tbgmvt-evsgo-q23803-jslaril-obwpjtx-vnsnjaa-esat-ogdpatup/
Attempts: 24 - Request URL: www.lavatransforms.org/fbvfmb-ijijcpzg-c320171942-frnksn-suslgps/mhimw-igtcos-jwmtp-q26503-sdphmqh-jhdoeod-ninfepc-hwgm-ywmscavw/
Attempts: 25 - Request URL: www.lavatransforms.org/author/
Attempts: 26 - Request URL: www.lavatransforms.org/eaeedr-eqzvzhrt-awepmc-c320171943-qjqarwc/wbvph-vcpgyr-ixqdd-q50803-turntvw-fqjjpfm-rocvrtv-spkp-dsggwqke/
Attempts: 27 - Request URL: www.lavatransforms.org/migcbn-vrtpinvx-c320171942-xgrtns-gepovld/kcxwt-moybkg-lzllq-q44503-xjojzfu-xvhyoca-lslwgeg-vred-enohnmrs/
Attempts: 28 - Request URL: www.lavatransforms.org/wowbkx-xnhngmdz-c320171942-nsvnax-usjcdqj/xfmzk-qxmnbk-spbfc-q46303-rkxscgp-rmrsgrc-spzjbqb-cebw-jvnbslgd/
Attempts: 29 - Request URL: www.lavatransforms.org/c320171940-vekhuv-mkwtsgfu-iliobv-holpnhr/sphhc-fqlisd-bnyst-q13903-gyjlbed-naxiyeg-xcqlmnl-btpg-muswzdbf/
Attempts: 30 - Request URL: www.lavatransforms.org/eaeedre-qzvzhrta-wepmcqjq-arwcwbvp/hvcpgy-rixqdd-turntv-c320171947-q9151-wfqjjp-fmro-cvrtvspk-pdsgg-wqkeb/
Attempts: 31 - Request URL: www.lavatransforms.org/xlswzq-qyjihxtb-c320171942-ppoxej-mnwghcn/lvjqg-wixsde-huemy-q28303-bbyrhzn-uzsdcdt-famyabm-pddr-sklcmswk/
Attempts: 32 - Request URL: www.lavatransforms.org/qdziwj-rmrlfqck-kdqvfy-ywobzrb/aeruv-tbgmvt-evsgo-c320171947-q47203-jslaril-obwpjtx-vnsnjaa-esat-ogdpatup/
Attempts: 33 - Request URL: www.lavatransforms.org/c320171940-supshg-flggbjgj-snysoq-ffyxixw/fxkou-rehjmi-nfoza-q19303-kzdzkle-mkkxujz-wwdkwsh-iicc-cmkzygao/
Attempts: 34 - Request URL: www.lavatransforms.org/c320171940-fbvfmb-ijijcpzg-frnksn-suslgps/mhimw-igtcos-jwmtp-q38203-sdphmqh-jhdoeod-ninfepc-hwgm-ywmscavw/
Attempts: 35 - Request URL: www.lavatransforms.org/supshg-flggbjgj-snysoq-ffyxixw/fxkou-rehjmi-nfoza-q19303-kzdzkle-mkkxujz-wwdkwsh-iicc-c320171939-cmkzygao/
Attempts: 36 - Request URL: www.lavatransforms.org/qdziwj-rmrlfqck-kdqvfy-ywobzrb/aeruv-tbgmvt-evsgo-c320171947-q12103-jslaril-obwpjtx-vnsnjaa-esat-ogdpatup/
Attempts: 37 - Request URL: www.lavatransforms.org/kyyapa-weadmiun-rcuaww-c320171943-bynuxek/cmurp-zsjtph-wyzoe-q20203-weswssc-ztalsww-chtgvjy-jnrs-nreorhqb/
Attempts: 38 - Request URL: www.lavatransforms.org/c320171940-kyyapa-weadmiun-rcuaww-bynuxek/cmurp-zsjtph-wyzoe-q43603-weswssc-ztalsww-chtgvjy-jnrs-nreorhqb/
Attempts: 39 - Request URL: www.lavatransforms.org/vekhuv-mkwtsgfu-iliobv-c320171943-holpnhr/sphhc-fqlisd-bnyst-q25603-gyjlbed-naxiyeg-xcqlmnl-btpg-muswzdbf/
Attempts: 40 - Request URL: www.lavatransforms.org/migcbn-vrtpinvx-c320171942-xgrtns-gepovld/kcxwt-moybkg-lzllq-q42163-xjojzfu-xvhyoca-lslwgeg-vred-enohnmrs/
Attempts: 41 - Request URL: www.lavatransforms.org/zfnmlm-kfyradlq-exalih-c320171943-klrwwsh/zweci-ahkkjj-klrak-q24703-foffqnj-bsgmtan-tfhstif-ghlo-idjjfuta/
Attempts: 42 - Request URL: www.lavatransforms.org/cntgjw-ctmorais-c320171942-hvcmcf-dpidbdp/uozvs-dfdwfx-phjbv-q14983-htzbnhq-klmwwny-ptftuxu-xxni-viueixon/
Attempts: 43 - Request URL: www.lavatransforms.org/crimelabaug2015
Attempts: 44 - Request URL: www.lavatransforms.org/fbvfmb-ijijcpzg-frnksn-suslgps/mhimw-igtcos-c320171946-jwmtp-q49903-sdphmqh-jhdoeod-ninfepc-hwgm-ywmscavw/
Attempts: 45 - Request URL: www.lavatransforms.org/qdziwj-rmrlfqck-kdqvfy-ywobzrb/aeruv-tbgmvt-evsgo-q12103-jslaril-obwpjtx-vnsnjaa-esat-c320171939-ogdpatup/
Attempts: 46 - Request URL: www.lavatransforms.org/qdziwj-rmrlfqck-kdqvfy-ywobzrb/aeruv-tbgmvt-evsgo-q23803-jslaril-obwpjtx-vnsnjaa-esat-c320171939-ogdpatup/
Attempts: 47 - Request URL: www.lavatransforms.org/c320171940-jmuqth-jvfunzew-dqdbge-pmvmcou/bsfgd-eubfzo-gqhww-q53503-nwveybk-aycalpo-amgopor-fmoz-rohthixv/
Attempts: 48 - Request URL: www.lavatransforms.org/lqauad-phbfesbl-cymzzb-ogajamq/ouyyx-kashwv-udtib-q29203-qpndpof-hebeayr-kjedogd-kvuf-c320171939-hacquwix/
Attempts: 49 - Request URL: www.lavatransforms.org/c320171940-wowbkx-xnhngmdz-nsvnax-usjcdqj/xfmzk-qxmnbk-spbfc-q46303-rkxscgp-rmrsgrc-spzjbqb-cebw-jvnbslgd/
Attempts: 50 - Request URL: www.lavatransforms.org/lqauad-phbfesbl-cymzzb-ogajamq/ouyyx-kashwv-c320171946-udtib-q52603-qpndpof-hebeayr-kjedogd-kvuf-hacquwix/
Attempts: 51 - Request URL: www.lavatransforms.org/xlswzq-qyjihxtb-ppoxej-mnwghcn/lvjqg-wixsde-c320171946-huemy-q51703-bbyrhzn-uzsdcdt-famyabm-pddr-sklcmswk/
Attempts: 52 - Request URL: www.lavatransforms.org/wowbkxx-nhngmdzn-svnaxusj-cdqjxfmz/kqxmnb-kspbfc-rkxscg-q4651-prmrsg-c320171948-rcsp-zjbqbceb-wjvnb-slgds/
Attempts: 53 - Request URL: www.lavatransforms.org/xlswzq-c320171941-qyjihxtb-ppoxej-mnwghcn/lvjqg-wixsde-huemy-q51703-bbyrhzn-uzsdcdt-famyabm-pddr-sklcmswk/
Attempts: 54 - Request URL: www.lavatransforms.org/fbvfmb-ijijcpzg-frnksn-c320171943-suslgps/mhimw-igtcos-jwmtp-q14803-sdphmqh-jhdoeod-ninfepc-hwgm-ywmscavw/
Attempts: 55 - Request URL: www.lavatransforms.org/wowbkxx-nhngmdzn-svnaxusj-cdqjxfmz/kqxmnb-kspbfc-c320171946-rkxscg-q4651-prmrsg-rcsp-zjbqbceb-wjvnb-slgds/
Attempts: 56 - Request URL: www.lavatransforms.org/fbvfmb-ijijcpzg-frnksn-suslgps/mhimw-igtcos-c320171946-jwmtp-q14803-sdphmqh-jhdoeod-ninfepc-hwgm-ywmscavw/
Attempts: 57 - Request URL: www.lavatransforms.org/wowbkx-xnhngmdz-nsvnax-usjcdqj/xfmzk-qxmnbk-spbfc-q22903-rkxscgp-c320171948-rmrsgrc-spzjbqb-cebw-jvnbslgd/
Attempts: 58 - Request URL: www.lavatransforms.org/vekhuv-c320171941-mkwtsgfu-iliobv-holpnhr/sphhc-fqlisd-bnyst-q37303-gyjlbed-naxiyeg-xcqlmnl-btpg-muswzdbf/
Attempts: 59 - Request URL: www.lavatransforms.org/salon-miltstevens-june2014
Attempts: 60 - Request URL: www.lavatransforms.org/eaeedr-eqzvzhrt-awepmc-qjqarwc/wbvph-vcpgyr-ixqdd-c320171947-q15703-turntvw-fqjjpfm-rocvrtv-spkp-dsggwqke/
Attempts: 61 - Request URL: www.lavatransforms.org/lqauad-phbfesbl-cymzzb-ogajamq/ouyyx-kashwv-c320171946-udtib-q17503-qpndpof-hebeayr-kjedogd-kvuf-hacquwix/
Attempts: 62 - Request URL: www.lavatransforms.org/c320171940-eaeedr-eqzvzhrt-awepmc-qjqarwc/wbvph-vcpgyr-ixqdd-q50803-turntvw-fqjjpfm-rocvrtv-spkp-dsggwqke/
Attempts: 63 - Request URL: www.lavatransforms.org/supshg-flggbjgj-snysoq-ffyxixw/fxkou-rehjmi-nfoza-c320171947-q35683-kzdzkle-mkkxujz-wwdkwsh-iicc-cmkzygao/
Attempts: 64 - Request URL: www.lavatransforms.org/gbleq/css/style.css
Attempts: 65 - Request URL: www.lavatransforms.org/gbleq/js/jquery.rating.css
Attempts: 66 - Request URL: www.lavatransforms.org/gbleq/css/jquery-ui.css
Attempts: 67 - Request URL: www.lavatransforms.org/migcbn-vrtpinvx-xgrtns-gepovld/kcxwt-moybkg-lzllq-q32803-xjojzfu-c320171948-xvhyoca-lslwgeg-vred-enohnmrs/
Attempts: 68 - Request URL: www.lavatransforms.org/supshg-flggbjgj-snysoq-ffyxixw/fxkou-rehjmi-c320171946-nfoza-q54403-kzdzkle-mkkxujz-wwdkwsh-iicc-cmkzygao/
Attempts: 69 - Request URL: www.lavatransforms.org/jmuqth-jvfunzew-dqdbge-c320171943-pmvmcou/bsfgd-eubfzo-gqhww-q41803-nwveybk-aycalpo-amgopor-fmoz-rohthixv/
Attempts: 70 - Request URL: www.lavatransforms.org/vekhuv-mkwtsgfu-iliobv-holpnhr/sphhc-fqlisd-bnyst-c320171947-q13903-gyjlbed-naxiyeg-xcqlmnl-btpg-muswzdbf/
Attempts: 71 - Request URL: www.lavatransforms.org/fbvfmb-c320171941-ijijcpzg-frnksn-suslgps/mhimw-igtcos-jwmtp-q49903-sdphmqh-jhdoeod-ninfepc-hwgm-ywmscavw/
Attempts: 72 - Request URL: www.lavatransforms.org/sitemap/sitemap7.xml
Attempts: 73 - Request URL: www.lavatransforms.org/kyyapaw-eadmiunr-cuawwbyn-uxekcmur/pzsjtp-hwyzoe-weswss-q1951-cztals-c320171948-wwch-tgvjyjnr-snreo-rhqbq/
Attempts: 74 - Request URL: www.lavatransforms.org/lqauad-phbfesbl-c320171942-cymzzb-ogajamq/ouyyx-kashwv-udtib-q52603-qpndpof-hebeayr-kjedogd-kvuf-hacquwix/
Attempts: 75 - Request URL: www.lavatransforms.org/cntgjw-ctmorais-c320171942-hvcmcf-dpidbdp/uozvs-dfdwfx-phjbv-q45403-htzbnhq-klmwwny-ptftuxu-xxni-viueixon/
Attempts: 76 - Request URL: www.lavatransforms.org/c320171940-lqauad-phbfesbl-cymzzb-ogajamq/ouyyx-kashwv-udtib-q52603-qpndpof-hebeayr-kjedogd-kvuf-hacquwix/
Attempts: 77 - Request URL: www.lavatransforms.org/supshg-flggbjgj-snysoq-ffyxixw/fxkou-rehjmi-nfoza-q54403-kzdzkle-mkkxujz-wwdkwsh-iicc-c320171939-cmkzygao/
Attempts: 78 - Request URL: www.lavatransforms.org/crimelabjan13
Attempts: 79 - Request URL: www.lavatransforms.org/migcbn-vrtpinvx-c320171942-xgrtns-gepovld/kcxwt-moybkg-lzllq-q21103-xjojzfu-xvhyoca-lslwgeg-vred-enohnmrs/
Attempts: 80 - Request URL: www.lavatransforms.org/c320171940-eaeedr-eqzvzhrt-awepmc-qjqarwc/wbvph-vcpgyr-ixqdd-q27403-turntvw-fqjjpfm-rocvrtv-spkp-dsggwqke/
Attempts: 81 - Request URL: www.lavatransforms.org/eaeedr-eqzvzhrt-c320171942-awepmc-qjqarwc/wbvph-vcpgyr-ixqdd-q39103-turntvw-fqjjpfm-rocvrtv-spkp-dsggwqke/
Attempts: 82 - Request URL: www.lavatransforms.org/wowbkx-xnhngmdz-nsvnax-usjcdqj/xfmzk-qxmnbk-c320171946-spbfc-q46303-rkxscgp-rmrsgrc-spzjbqb-cebw-jvnbslgd/
Attempts: 83 - Request URL: www.lavatransforms.org/xlswzq-qyjihxtb-c320171942-ppoxej-mnwghcn/lvjqg-wixsde-huemy-q40003-bbyrhzn-uzsdcdt-famyabm-pddr-sklcmswk/
Attempts: 84 - Request URL: www.lavatransforms.org/cntgjw-ctmorais-hvcmcf-dpidbdp/uozvs-dfdwfx-c320171946-phjbv-q10303-htzbnhq-klmwwny-ptftuxu-xxni-viueixon/
Attempts: 85 - Request URL: www.lavatransforms.org/zfnmlm-c320171941-kfyradlq-exalih-klrwwsh/zweci-ahkkjj-klrak-q24703-foffqnj-bsgmtan-tfhstif-ghlo-idjjfuta/
Attempts: 86 - Request URL: www.lavatransforms.org/xlswzq-qyjihxtb-ppoxej-c320171943-mnwghcn/lvjqg-wixsde-huemy-q51703-bbyrhzn-uzsdcdt-famyabm-pddr-sklcmswk/
Attempts: 87 - Request URL: www.lavatransforms.org/zfnmlm-kfyradlq-exalih-klrwwsh/zweci-ahkkjj-c320171946-klrak-q24703-foffqnj-bsgmtan-tfhstif-ghlo-idjjfuta/
Attempts: 88 - Request URL: www.lavatransforms.org/qdziwjr-mrlfqckk-dqvfyywo-bzrbaeru/vtbgmv-tevsgo-c320171946-jslari-q28951-lobwpj-txvn-snjaaesa-togdp-atupz/
Attempts: 89 - Request URL: www.lavatransforms.org/qdziwjr-mrlfqckk-dqvfyywo-bzrbaeru/vtbgmv-tevsgo-jslari-c320171947-q52351-lobwpj-txvn-snjaaesa-togdp-atupz/
Attempts: 90 - Request URL: www.lavatransforms.org/jmuqthj-vfunzewd-qdbgepmv-mcoubsfg/deubfz-ogqhww-c320171946-nwveyb-q35251-kaycal-poam-goporfmo-zroht-hixvp/
Attempts: 91 - Request URL: www.lavatransforms.org/kyyapaw-eadmiunr-cuawwbyn-uxekcmur/pzsjtp-hwyzoe-weswss-q48751-cztals-c320171948-wwch-tgvjyjnr-snreo-rhqbq/
Attempts: 92 - Request URL: www.lavatransforms.org/fbvfmbi-jijcpzgf-rnksnsus-lgpsmhim/wigtco-sjwmtp-sdphmq-c320171947-q19951-hjhdoe-odni-nfepchwg-mywms-cavwl/
Attempts: 93 - Request URL: www.lavatransforms.org/xlswzqq-yjihxtbp-poxejmnw-ghcnlvjq/gwixsd-ehuemy-bbyrhz-q45151-nuzsdc-c320171948-dtfa-myabmpdd-rsklc-mswkt/
Attempts: 94 - Request URL: www.lavatransforms.org/xlswzqq-yjihxtbp-poxejmnw-ghcnlvjq/gwixsd-ehuemy-bbyrhz-q10051-nuzsdc-c320171948-dtfa-myabmpdd-rsklc-mswkt/
Attempts: 95 - Request URL: www.lavatransforms.org/vekhuvm-kwtsgfui-liobvhol-pnhrsphh/cfqlis-dbnyst-gyjlbe-c320171947-q35431-dnaxiy-egxc-qlmnlbtp-gmusw-zdbfw/
Attempts: 96 - Request URL: www.lavatransforms.org/kyyapaw-eadmiunr-cuawwbyn-uxekcmur/pzsjtp-hwyzoe-c320171946-weswss-q13651-cztals-wwch-tgvjyjnr-snreo-rhqbq/
Attempts: 97 - Request URL: www.lavatransforms.org/supshgf-lggbjgjs-nysoqffy-xixwfxko/urehjm-infoza-c320171946-kzdzkl-q12751-emkkxu-jzww-dkwshiic-ccmkz-ygaoh/
Attempts: 98 - Request URL: www.lavatransforms.org/wowbkxx-nhngmdzn-svnaxusj-cdqjxfmz/kqxmnb-kspbfc-rkxscg-c320171947-q51451-prmrsg-rcsp-zjbqbceb-wjvnb-slgds/
Attempts: 99 - Request URL: www.lavatransforms.org/migcbnv-rtpinvxx-grtnsgep-ovldkcxw/tmoybk-glzllq-xjojzf-c320171947-q14551-uxvhyo-cals-lwgegvre-denoh-nmrsj/
Attempts: more than 99 - Request URL: www.lavatransforms.org/vekhuvm-kwtsgfui-liobvhol-pnhrsphh/cfqlis-dbnyst-c320171946-gyjlbe-q30751-dnaxiy-egxc-qlmnlbtp-gmusw-zdbfw/
