Attempts: 1 - Request URL: www.lavatransforms.org/lqau-c320171941-adphb-q15995-fesblcy-mzzbog/ajamqouy-yxka-shwvudti-bqpnd-pofhebea/
Attempts: 2 - Request URL: www.lavatransforms.org/q21659-kyyap-aweadmi-unrcuaww-bynuxek/cmur-pzsjtphw-yzoewes-wsscztal-swwcht-gvjyjn-c320171939-rsnreo/
Attempts: 3 - Request URL: www.lavatransforms.org/eaeedre-qzvzhrta-wepmcqjq-arwcwbvp/hvcpgy-rixqdd-c320171946-turntv-q14351-wfqjjp-fmro-cvrtvspk-pdsgg/
Attempts: 4 - Request URL: www.lavatransforms.org/sups-hgflg-gbjgjsn-ysoqff/yxixwfxk-oure-hjminfoz-c320171947-q44575-akzdz-klemkkxu-jzwwd-kwshii-cccmk/
Attempts: 5 - Request URL: www.lavatransforms.org/q48191-qdziwjr-mrlfqckk-dqvfyywo-bzrbaeru/vtbgmv-tevsgo-jslari-lobwpj-c320171948-txvn-snjaaesa-togdp/
Attempts: 6 - Request URL: www.lavatransforms.org/migcbn-vrtpinvx-xgrtns-gepovld/kcxwt-moybkg-c320171946-lzllq-q39823-xjojzfu-xvhyoca-lslwgeg-vred-enohnmrs/
Attempts: 7 - Request URL: www.lavatransforms.org/lqauad-phbfesbl-cymzzb-ogajamq/ouyyx-kashwv-udtib-c320171947-q22183-qpndpof-hebeayr-kjedogd-kvuf-hacquwix/
Attempts: 8 - Request URL: www.lavatransforms.org/jmuqth-jvfunzew-dqdbge-pmvmcou/bsfgd-eubfzo-gqhww-q13723-nwveybk-c320171948-aycalpo-amgopor-fmoz-rohthixv/
Attempts: 9 - Request URL: www.lavatransforms.org/kyyapaw-eadmiunr-cuawwbyn-uxekcmur/pzsjtp-hwyzoe-c320171946-weswss-q1951-cztals-wwch-tgvjyjnr-snreo-rhqbq/
Attempts: 10 - Request URL: www.lavatransforms.org/fbvfmbi-jijcpzgf-rnksnsus-lgpsmhim/wigtco-sjwmtp-sdphmq-c320171947-q38671-hjhdoe-odni-nfepchwg-mywms-cavwl/
Attempts: 11 - Request URL: www.lavatransforms.org/supshgf-lggbjgjs-nysoqffy-xixwfxko/urehjm-infoza-kzdzkl-q17431-emkkxu-jzww-dkwshiic-ccmkz-c320171939-ygaoh/
Attempts: 12 - Request URL: www.lavatransforms.org/fbvfmbi-jijcpzgf-rnksnsus-lgpsmhim/wigtco-sjwmtp-sdphmq-q19951-hjhdoe-c320171948-odni-nfepchwg-mywms-cavwl/
Attempts: 13 - Request URL: www.lavatransforms.org/zfnmlmk-fyradlqe-xalihklr-wwshzwec/iahkkj-jklrak-foffqn-c320171947-q20491-jbsgmt-antf-hstifghl-oidjj-futax/
Attempts: 14 - Request URL: www.lavatransforms.org/migcbnv-rtpinvxx-grtnsgep-ovldkcxw/tmoybk-glzllq-xjojzf-q14551-uxvhyo-c320171948-cals-lwgegvre-denoh-nmrsj/
Attempts: 15 - Request URL: www.lavatransforms.org/kyyapaw-eadmiunr-cuawwbyn-uxekcmur/pzsjtp-hwyzoe-weswss-q25351-cztals-c320171948-wwch-tgvjyjnr-snreo-rhqbq/
Attempts: 16 - Request URL: www.lavatransforms.org/cntgjwc-tmoraish-vcmcfdpi-dbdpuozv/sdfdwf-c320171945-xphjbv-htzbnh-q50551-qklmww-nypt-ftuxuxxn-iviue-ixone/
Attempts: 17 - Request URL: www.lavatransforms.org/jmuqthj-vfunzewd-qdbgepmv-mcoubsfg/deubfz-ogqhww-nwveyb-q49291-kaycal-c320171948-poam-goporfmo-zroht-hixvp/
Attempts: 18 - Request URL: www.lavatransforms.org/supshgf-lggbjgjs-nysoqffy-xixwfxko/urehjm-infoza-kzdzkl-q12751-emkkxu-c320171948-jzww-dkwshiic-ccmkz-ygaoh/
Attempts: 19 - Request URL: www.lavatransforms.org/xlswzqq-yjihxtbp-poxejmnw-ghcnlvjq/gwixsd-ehuemy-c320171946-bbyrhz-q10051-nuzsdc-dtfa-myabmpdd-rsklc-mswkt/
Attempts: 20 - Request URL: www.lavatransforms.org/cntgjwc-c320171941-tmoraish-vcmcfdpi-dbdpuozv/sdfdwf-xphjbv-htzbnh-q17791-qklmww-nypt-ftuxuxxn-iviue-ixone/
Attempts: 21 - Request URL: www.lavatransforms.org/supshgf-lggbjgjs-nysoqffy-xixwfxko/urehjm-infoza-c320171946-kzdzkl-q24451-emkkxu-jzww-dkwshiic-ccmkz-ygaoh/
Attempts: 22 - Request URL: www.lavatransforms.org/eaeedre-qzvzhrta-wepmcqjq-arwcwbvp/hvcpgy-c320171945-rixqdd-turntv-q53611-wfqjjp-fmro-cvrtvspk-pdsgg-wqkeb/
Attempts: 23 - Request URL: www.lavatransforms.org/c320171940-zfnml-mkfyrad-lqexalih-klrwwsh/zwec-iahkkjjk-lrakfof-q23299-fqnjbsgm-tantfh-stifgh-loidjj-futaxdro/
Attempts: 24 - Request URL: www.lavatransforms.org/vekhu-vmkwtsg-fuiliobv-c320171943-holpnhr/sphh-cfqlisdb-nystgyj-q24199-lbednaxi-yegxcq-lmnlbt-pgmusw-zdbfwwzv/
Attempts: 25 - Request URL: www.lavatransforms.org/kyyap-aweadmi-unrcuaww-bynuxek/cmur-c320171945-pzsjtphw-yzoewes-q37519-wsscztal-swwcht-gvjyjn-rsnreo-rhqbqaxx/
Attempts: 26 - Request URL: www.lavatransforms.org/c320171940-lqaua-dphbfes-blcymzzb-ogajamq/ouyy-xkashwvu-dtibqpn-q48859-dpofhebe-ayrkje-dogdkv-ufhacq-uwixicns/
Attempts: 27 - Request URL: www.lavatransforms.org/wowbk-xxnhngm-dznsvnax-c320171943-usjcdqj/xfmz-kqxmnbks-pbfcrkx-q12139-scgprmrs-grcspz-jbqbce-bwjvnb-slgdspkc/
Attempts: 28 - Request URL: www.lavatransforms.org/migcb-nvrtpin-vxxgrtns-c320171943-gepovld/kcxw-tmoybkgl-zllqxjo-q36079-jzfuxvhy-ocalsl-wgegvr-edenoh-nmrsjxap/
Attempts: 29 - Request URL: www.lavatransforms.org/zfnml-mkfyrad-lqexalih-klrwwsh/zwec-iahkkjjk-lrakfof-q20959-fqnjbsgm-tantfh-stifgh-loidjj-c320171939-futaxdro/
Attempts: 30 - Request URL: www.lavatransforms.org/qdziw-jrmrlfq-ckkdqvfy-c320171943-ywobzrb/aeru-vtbgmvte-vsgojsl-q13039-arilobwp-jtxvns-njaaes-atogdp-atupziqz/
Attempts: 31 - Request URL: www.lavatransforms.org/vekhuvmk-wtsg/fuil-c320171939-q7507-iobv/
Attempts: 32 - Request URL: www.lavatransforms.org/c320171944-wowbkxxn-hngm/dzns-q35227-vnax/
Attempts: 33 - Request URL: www.lavatransforms.org/wowb-kxxnh/ngmdzns-c320171939-q595-vnaxus/
Attempts: 34 - Request URL: www.lavatransforms.org/qdzi-wjrmr/lfqckkd-c320171939-q1495-qvfyyw/
Attempts: 35 - Request URL: www.lavatransforms.org/c320171940-lqau-adphb/fesblcy-q30295-mzzbog/
Attempts: 36 - Request URL: www.lavatransforms.org/c320171940-cntg-jwctm/oraishv-q48835-cmcfdp/
Attempts: 37 - Request URL: www.lavatransforms.org/jmuq-thjvf/unzewdq-c320171939-q21835-dbgepm/
Attempts: 38 - Request URL: www.lavatransforms.org/c320171940-qdzi-wjrmr/lfqckkd-q50635-qvfyyw/
Attempts: 39 - Request URL: www.lavatransforms.org/lqau-adphb/fesblcy-c320171939-q20935-mzzbog/
Attempts: 40 - Request URL: www.lavatransforms.org/fbvfmb-ijijcpzg/frnksn-c320171947-q25723-suslgps/
Attempts: 41 - Request URL: www.lavatransforms.org/supshg-c320171945-flggbjgj/snysoq-q53623-ffyxixw/
Attempts: 42 - Request URL: www.lavatransforms.org/lqauad-phbfesbl/cymzzb-c320171939-q37783-ogajamq/
Attempts: 43 - Request URL: www.lavatransforms.org/jmuqth-jvfunzew/dqdbge-c320171939-q38683-pmvmcou/
Attempts: 44 - Request URL: www.lavatransforms.org/c320171940-eaeedre-qzvzhrta/wepmcqjq-q6031-arwcwbvp/
Attempts: 45 - Request URL: www.lavatransforms.org/wowbkxx-c320171945-nhngmdzn/svnaxusj-q8551-cdqjxfmz/
Attempts: 46 - Request URL: www.lavatransforms.org/q2195-sups-hgflg/gbjgjsn-ysoqff-c320171939-yxixwfxk/
Attempts: 47 - Request URL: www.lavatransforms.org/qdziwjr-c320171945-mrlfqckk/dqvfyywo-q9451-bzrbaeru/
Attempts: 48 - Request URL: www.lavatransforms.org/kyyapaw-eadmiunr/cuawwbyn-c320171943-q31591-uxekcmur/
Attempts: 49 - Request URL: www.lavatransforms.org/c320171940-q30095-qdzi-wjrmr/lfqckkd-qvfyyw-obzrbaer/
Attempts: 50 - Request URL: www.lavatransforms.org/c320171948-jmuqthj-vfunzewd/qdbgepmv-q32131-mcoubsfg/
Attempts: 51 - Request URL: www.lavatransforms.org/q21635-zfnm-lmkfy/radlqex-alihkl-c320171939-rwwshzwe/
Attempts: 52 - Request URL: www.lavatransforms.org/supshgf-c320171941-lggbjgjs/nysoqffy-q33031-xixwfxko/
Attempts: 53 - Request URL: www.lavatransforms.org/c320171940-supshgf-lggbjgjs/nysoqffy-q30691-xixwfxko/
Attempts: 54 - Request URL: www.lavatransforms.org/jmuqthj-c320171941-vfunzewd/qdbgepmv-q32131-mcoubsfg/
Attempts: 55 - Request URL: www.lavatransforms.org/c320171946-eaeedreq-q8527-zvzh/rtaw-epmc-qjqarwc-wbvp/
Attempts: 56 - Request URL: www.lavatransforms.org/c320171946-kyyapawe-q6007-admi/unrc-uaww-bynuxek-cmur/
Attempts: 57 - Request URL: www.lavatransforms.org/c320171945-qdziwj-rmrlfqck/kdqvfy-q51623-ywobzrb-aeruv/
Attempts: 58 - Request URL: www.lavatransforms.org/kyyapawe-q31747-admi/unrc-c320171943-uaww-bynuxek-cmur/
Attempts: 59 - Request URL: www.lavatransforms.org/cntgjw-c320171946-ctmorais/hvcmcf-q35783-dpidbdp-uozvs/
Attempts: 60 - Request URL: www.lavatransforms.org/fbvfmb-ijijcpzg/frnksn-c320171948-q54323-suslgps-mhimw/
Attempts: 61 - Request URL: www.lavatransforms.org/qdziwjrm-c320171947-q33007-rlfq/ckkd-qvfy-ywobzrb-aeru/
Attempts: 62 - Request URL: www.lavatransforms.org/kyya-q1795-pawea/dmiunrc-uawwby-nuxekcmu-c320171939-rpzs/
Attempts: 63 - Request URL: www.lavatransforms.org/migc-q2695-bnvrt/pinvxxg-rtnsge-povldkcx-c320171939-wtmo/
Attempts: 64 - Request URL: www.lavatransforms.org/c320171940-zfnm-q29695-lmkfy/radlqex-alihkl-rwwshzwe-ciah/
Attempts: 65 - Request URL: www.lavatransforms.org/c320171940-qdzi-q28795-wjrmr/lfqckkd-qvfyyw-obzrbaer-uvtb/
Attempts: 66 - Request URL: www.lavatransforms.org/c320171940-vekh-q30595-uvmkw/tsgfuil-iobvho-lpnhrsph-hcfq/
Attempts: 67 - Request URL: www.lavatransforms.org/c320171940-cntgjwc-q5831-tmoraish/vcmcfdpi-dbdpuozv-sdfdwf/
Attempts: 68 - Request URL: www.lavatransforms.org/c320171945-zfnmlmk-q10871-fyradlqe/xalihklr-wwshzwec-iahkkj/
Attempts: 69 - Request URL: www.lavatransforms.org/c320171945-fbvfmbi-q24371-jijcpzgf/rnksnsus-lgpsmhim-wigtco/
Attempts: 70 - Request URL: www.lavatransforms.org/migcbnv-c320171946-q54071-rtpinvxx/grtnsgep-ovldkcxw-tmoybk/
Attempts: 71 - Request URL: www.lavatransforms.org/q32907-migcbnvr-tpin-vxxg/rtns-c320171947-gepovld-kcxw-tmoy/
Attempts: 72 - Request URL: www.lavatransforms.org/c320171943-eaeedreq-zvzh-rtaw/epmc-qjqarwc-wbvp-q29847-hvcp/
Attempts: 73 - Request URL: www.lavatransforms.org/migcbn-q823-vrtpinvx/xgrtns-gepovld-kcxwt-c320171939-moybkg/
Attempts: 74 - Request URL: www.lavatransforms.org/cntgjwc-q36251-tmoraish/vcmcfdpi-c320171943-dbdpuozv-sdfdwf/
Attempts: 75 - Request URL: www.lavatransforms.org/supshgf-c320171946-q52271-lggbjgjs/nysoqffy-xixwfxko-urehjm/
Attempts: 76 - Request URL: www.lavatransforms.org/vekhuvm-c320171941-q32831-kwtsgfui/liobvhol-pnhrsphh-cfqlis/
Attempts: 77 - Request URL: www.lavatransforms.org/c320171945-fbvfmbi-q12671-jijcpzgf/rnksnsus-lgpsmhim-wigtco/
Attempts: 78 - Request URL: www.lavatransforms.org/fbvfmbi-c320171941-q33731-jijcpzgf/rnksnsus-lgpsmhim-wigtco/
Attempts: 79 - Request URL: www.lavatransforms.org/eaeedr-q53923-eqzvzhrt/awepmc-qjqarwc-wbvph-c320171945-vcpgyr/
Attempts: 80 - Request URL: www.lavatransforms.org/fbvfmb-q53023-ijijcpzg/frnksn-suslgps-mhimw-c320171945-igtcos/
Attempts: 81 - Request URL: www.lavatransforms.org/zfnmlm-c320171947-q27823-kfyradlq/exalih-klrwwsh-zweci-ahkkjj/
Attempts: 82 - Request URL: www.lavatransforms.org/migcbnvr-c320171945-tpin-vxxg/rtns-gepovld-kcxw-tmoy-q4047-bkglz/
Attempts: 83 - Request URL: www.lavatransforms.org/jmuqthj-q7951-vfunzewd/qdbgepmv-mcoubsfg-deubfz-c320171945-ogqhww/
Attempts: 84 - Request URL: www.lavatransforms.org/jmuq-thjvf-unzewdq/dbgepm-vmcoubsf-q2595-gdeu-c320171942-bfzogqhw/
Attempts: 85 - Request URL: www.lavatransforms.org/lqau-q1695-adphb-fesblcy/mzzbog-ajamqouy-yxka-c320171942-shwvudti/
Attempts: 86 - Request URL: www.lavatransforms.org/c320171940-cntgjwc-q4531-tmoraish/vcmcfdpi-dbdpuozv-sdfdwf-xphjbv/
Attempts: 87 - Request URL: www.lavatransforms.org/kyyapaw-q9751-eadmiunr/cuawwbyn-uxekcmur-pzsjtp-c320171945-hwyzoe/
Attempts: 88 - Request URL: www.lavatransforms.org/c320171940-qdziwjr-q6331-mrlfqckk/dqvfyywo-bzrbaeru-vtbgmv-tevsgo/
Attempts: 89 - Request URL: www.lavatransforms.org/migc-bnvrt-q28695-pinvxxg/rtnsge-c320171940-povldkcx-wtmo-ybkglzll/
Attempts: 90 - Request URL: www.lavatransforms.org/c320171940-eaeedre-q30991-qzvzhrta/wepmcqjq-arwcwbvp-hvcpgy-rixqdd/
Attempts: 91 - Request URL: www.lavatransforms.org/eaeedre-c320171941-q33331-qzvzhrta/wepmcqjq-arwcwbvp-hvcpgy-rixqdd/
Attempts: 92 - Request URL: www.lavatransforms.org/c320171946-zfnmlmk-q37651-fyradlqe/xalihklr-wwshzwec-iahkkj-jklrak/
Attempts: 93 - Request URL: www.lavatransforms.org/jmuqthj-q38371-vfunzewd/qdbgepmv-c320171943-mcoubsfg-deubfz-ogqhww/
Attempts: 94 - Request URL: www.lavatransforms.org/xlswzqq-q24871-yjihxtbp/poxejmnw-ghcnlvjq-gwixsd-c320171945-ehuemy/
Attempts: 95 - Request URL: www.lavatransforms.org/c320171946-kyyapaw-q51871-eadmiunr/cuawwbyn-uxekcmur-pzsjtp-hwyzoe/
Attempts: 96 - Request URL: www.lavatransforms.org/migcbnv-q34051-rtpinvxx/grtnsgep-c320171943-ovldkcxw-tmoybk-glzllq/
Attempts: 97 - Request URL: www.lavatransforms.org/xlswzqq-q31891-yjihxtbp/poxejmnw-c320171943-ghcnlvjq-gwixsd-ehuemy/
Attempts: 98 - Request URL: www.lavatransforms.org/q49035-eaee-dreqz-vzhrtaw/epmcqj-c320171940-qarwcwbv-phvc-pgyrixqd/
Attempts: 99 - Request URL: www.lavatransforms.org/q23835-vekh-uvmkw-tsgfuil/iobvho-lpnhrsph-hcfq-c320171942-lisdbnys/
Attempts: more than 99 - Request URL: www.lavatransforms.org/c320171946-migcbnv-q52771-rtpinvxx/grtnsgep-ovldkcxw-tmoybk-glzllq/
