Attempts: 1 - Request URL: www.lavatransforms.org/migcb-c320171941-nvrtpin-vxxgrtns-gepovld/kcxw-tmoybkgl-zllqxjo-q40759-jzfuxvhy-ocalsl-wgegvr-edenoh-nmrsjxap/
Attempts: 2 - Request URL: www.lavatransforms.org/qdziw-jrmrlfq-ckkdqvfy-ywobzrb/aeru-vtbgmvte-vsgojsl-c320171947-q20059-arilobwp-jtxvns-njaaes-atogdp-atupziqz/
Attempts: 3 - Request URL: www.lavatransforms.org/supsh-gflggbj-gjsnysoq-ffyxixw/fxko-urehjmin-fozakzd-c320171947-q15559-zklemkkx-ujzwwd-kwshii-cccmkz-ygaohspf/
Attempts: 4 - Request URL: www.lavatransforms.org/xlswz-qqyjihx-tbppoxej-c320171943-mnwghcn/lvjq-gwixsdeh-uemybby-q31579-rhznuzsd-cdtfam-yabmpd-drsklc-mswktmll/
Attempts: 5 - Request URL: www.lavatransforms.org/cntgj-wctmora-ishvcmcf-c320171943-dpidbdp/uozv-sdfdwfxp-hjbvhtz-q29959-bnhqklmw-wnyptf-tuxuxx-niviue-ixonefhu/
Attempts: 6 - Request URL: www.lavatransforms.org/jmuqt-hjvfunz-ewdqdbge-pmvmcou/bsfg-deubfzog-c320171946-qhwwnwv-q38059-eybkayca-lpoamg-oporfm-ozroht-hixvpubw/
Attempts: 7 - Request URL: www.lavatransforms.org/vekhu-vmkwtsg-fuiliobv-holpnhr/sphh-c320171945-cfqlisdb-nystgyj-q21859-lbednaxi-yegxcq-lmnlbt-pgmusw-zdbfwwzv/
Attempts: 8 - Request URL: www.lavatransforms.org/cntgj-wctmora-ishvcmcf-dpidbdp/uozv-sdfdwfxp-hjbvhtz-q29959-bnhqklmw-wnyptf-tuxuxx-niviue-c320171939-ixonefhu/
Attempts: 9 - Request URL: www.lavatransforms.org/vekhu-vmkwtsg-fuiliobv-holpnhr/sphh-cfqlisdb-nystgyj-q10159-lbednaxi-c320171948-yegxcq-lmnlbt-pgmusw-zdbfwwzv/
Attempts: 10 - Request URL: www.lavatransforms.org/kyyap-aweadmi-unrcuaww-bynuxek/cmur-pzsjtphw-yzoewes-q28159-wsscztal-swwcht-gvjyjn-rsnreo-c320171939-rhqbqaxx/
Attempts: 11 - Request URL: www.lavatransforms.org/cntgj-wctmora-ishvcmcf-dpidbdp/uozv-sdfdwfxp-c320171946-hjbvhtz-q18259-bnhqklmw-wnyptf-tuxuxx-niviue-ixonefhu/
Attempts: 12 - Request URL: www.lavatransforms.org/jmuqt-hjvfunz-ewdqdbge-pmvmcou/bsfg-deubfzog-qhwwnwv-c320171947-q14659-eybkayca-lpoamg-oporfm-ozroht-hixvpubw/
Attempts: 13 - Request URL: www.lavatransforms.org/eaeed-reqzvzh-rtawepmc-c320171943-qjqarwc/wbvp-hvcpgyri-xqddtur-q11959-ntvwfqjj-pfmroc-vrtvsp-kpdsgg-wqkebgsa/
Attempts: 14 - Request URL: www.lavatransforms.org/supsh-gflggbj-c320171942-gjsnysoq-ffyxixw/fxko-urehjmin-fozakzd-q15559-zklemkkx-ujzwwd-kwshii-cccmkz-ygaohspf/
Attempts: 15 - Request URL: www.lavatransforms.org/wowbk-xxnhngm-dznsvnax-usjcdqj/xfmz-kqxmnbks-c320171946-pbfcrkx-q35539-scgprmrs-grcspz-jbqbce-bwjvnb-slgdspkc/
Attempts: 16 - Request URL: www.lavatransforms.org/lqaua-dphbfes-blcymzzb-ogajamq/ouyy-xkashwvu-c320171946-dtibqpn-q27799-dpofhebe-ayrkje-dogdkv-ufhacq-uwixicns/
Attempts: 17 - Request URL: www.lavatransforms.org/c320171940-cntgj-wctmora-ishvcmcf-dpidbdp/uozv-sdfdwfxp-hjbvhtz-q29959-bnhqklmw-wnyptf-tuxuxx-niviue-ixonefhu/
Attempts: 18 - Request URL: www.lavatransforms.org/cntgj-wctmora-ishvcmcf-dpidbdp/uozv-sdfdwfxp-hjbvhtz-c320171947-q53359-bnhqklmw-wnyptf-tuxuxx-niviue-ixonefhu/
Attempts: 19 - Request URL: www.lavatransforms.org/eaeed-reqzvzh-rtawepmc-qjqarwc/wbvp-hvcpgyri-xqddtur-q47059-ntvwfqjj-c320171948-pfmroc-vrtvsp-kpdsgg-wqkebgsa/
Attempts: 20 - Request URL: www.lavatransforms.org/migcb-nvrtpin-vxxgrtns-gepovld/kcxw-tmoybkgl-zllqxjo-q29059-jzfuxvhy-ocalsl-wgegvr-edenoh-c320171939-nmrsjxap/
Attempts: 21 - Request URL: www.lavatransforms.org/lqaua-dphbfes-blcymzzb-ogajamq/ouyy-xkashwvu-dtibqpn-q25459-dpofhebe-ayrkje-dogdkv-ufhacq-c320171939-uwixicns/
Attempts: 22 - Request URL: www.lavatransforms.org/wowbk-c320171941-xxnhngm-dznsvnax-usjcdqj/xfmz-kqxmnbks-pbfcrkx-q30859-scgprmrs-grcspz-jbqbce-bwjvnb-slgdspkc/
Attempts: 23 - Request URL: www.lavatransforms.org/eaeed-reqzvzh-rtawepmc-qjqarwc/wbvp-c320171945-hvcpgyri-xqddtur-q23659-ntvwfqjj-pfmroc-vrtvsp-kpdsgg-wqkebgsa/
Attempts: 24 - Request URL: www.lavatransforms.org/cntgj-wctmora-ishvcmcf-dpidbdp/uozv-c320171945-sdfdwfxp-hjbvhtz-q53359-bnhqklmw-wnyptf-tuxuxx-niviue-ixonefhu/
Attempts: 25 - Request URL: www.lavatransforms.org/whisky913
Attempts: 26 - Request URL: www.lavatransforms.org/supsh-gflggbj-gjsnysoq-ffyxixw/fxko-urehjmin-c320171946-fozakzd-q38959-zklemkkx-ujzwwd-kwshii-cccmkz-ygaohspf/
Attempts: 27 - Request URL: www.lavatransforms.org/salon914
Attempts: 28 - Request URL: www.lavatransforms.org/wowbk-xxnhngm-dznsvnax-usjcdqj/xfmz-kqxmnbks-pbfcrkx-q54259-scgprmrs-grcspz-jbqbce-bwjvnb-c320171939-slgdspkc/
Attempts: 29 - Request URL: www.lavatransforms.org/eaeed-reqzvzh-rtawepmc-c320171943-qjqarwc/wbvp-hvcpgyri-xqddtur-q23659-ntvwfqjj-pfmroc-vrtvsp-kpdsgg-wqkebgsa/
Attempts: 30 - Request URL: www.lavatransforms.org/kyyap-aweadmi-c320171942-unrcuaww-bynuxek/cmur-pzsjtphw-yzoewes-q51559-wsscztal-swwcht-gvjyjn-rsnreo-rhqbqaxx/
Attempts: 31 - Request URL: www.lavatransforms.org/wowbk-xxnhngm-c320171942-dznsvnax-usjcdqj/xfmz-kqxmnbks-pbfcrkx-q19159-scgprmrs-grcspz-jbqbce-bwjvnb-slgdspkc/
Attempts: 32 - Request URL: www.lavatransforms.org/lqaua-dphbfes-blcymzzb-c320171943-ogajamq/ouyy-xkashwvu-dtibqpn-q53539-dpofhebe-ayrkje-dogdkv-ufhacq-uwixicns/
Attempts: 33 - Request URL: www.lavatransforms.org/kyyap-aweadmi-unrcuaww-c320171943-bynuxek/cmur-pzsjtphw-yzoewes-q28159-wsscztal-swwcht-gvjyjn-rsnreo-rhqbqaxx/
Attempts: 34 - Request URL: www.lavatransforms.org/supsh-gflggbj-c320171942-gjsnysoq-ffyxixw/fxko-urehjmin-fozakzd-q38959-zklemkkx-ujzwwd-kwshii-cccmkz-ygaohspf/
Attempts: 35 - Request URL: www.lavatransforms.org/fbvfm-bijijcp-zgfrnksn-suslgps/mhim-wigtcosj-wmtpsdp-q11059-hmqhjhdo-c320171948-eodnin-fepchw-gmywms-cavwlvut/
Attempts: 36 - Request URL: www.lavatransforms.org/lavasalonhammett
Attempts: 37 - Request URL: www.lavatransforms.org/kyyap-aweadmi-unrcuaww-bynuxek/cmur-pzsjtphw-c320171946-yzoewes-q16459-wsscztal-swwcht-gvjyjn-rsnreo-rhqbqaxx/
Attempts: 38 - Request URL: www.lavatransforms.org/kyyap-aweadmi-c320171942-unrcuaww-bynuxek/cmur-pzsjtphw-yzoewes-q39859-wsscztal-swwcht-gvjyjn-rsnreo-rhqbqaxx/
Attempts: 39 - Request URL: www.lavatransforms.org/c320171940-eaeed-reqzvzh-rtawepmc-qjqarwc/wbvp-hvcpgyri-xqddtur-q47059-ntvwfqjj-pfmroc-vrtvsp-kpdsgg-wqkebgsa/
Attempts: 40 - Request URL: www.lavatransforms.org/xlswz-qqyjihx-tbppoxej-mnwghcn/lvjq-gwixsdeh-uemybby-q47959-rhznuzsd-cdtfam-yabmpd-drsklc-c320171939-mswktmll/
Attempts: 41 - Request URL: www.lavatransforms.org/cntgj-wctmora-ishvcmcf-dpidbdp/uozv-c320171945-sdfdwfxp-hjbvhtz-q29959-bnhqklmw-wnyptf-tuxuxx-niviue-ixonefhu/
Attempts: 42 - Request URL: www.lavatransforms.org/c320171940-jmuqt-hjvfunz-ewdqdbge-pmvmcou/bsfg-deubfzog-qhwwnwv-q38059-eybkayca-lpoamg-oporfm-ozroht-hixvpubw/
Attempts: 43 - Request URL: www.lavatransforms.org/vekhu-vmkwtsg-c320171942-fuiliobv-holpnhr/sphh-cfqlisdb-nystgyj-q26539-lbednaxi-yegxcq-lmnlbt-pgmusw-zdbfwwzv/
Attempts: 44 - Request URL: www.lavatransforms.org/migcb-nvrtpin-c320171942-vxxgrtns-gepovld/kcxw-tmoybkgl-zllqxjo-q52459-jzfuxvhy-ocalsl-wgegvr-edenoh-nmrsjxap/
Attempts: 45 - Request URL: www.lavatransforms.org/lqaua-dphbfes-blcymzzb-ogajamq/ouyy-xkashwvu-dtibqpn-q37159-dpofhebe-ayrkje-dogdkv-ufhacq-c320171939-uwixicns/
Attempts: 46 - Request URL: www.lavatransforms.org/xlswz-qqyjihx/tbppoxej-c320171947-q28459-mnwghcn/
Attempts: 47 - Request URL: www.lavatransforms.org/fbvfm-c320171941-bijijcp/zgfrnksn-q21979-suslgps/
Attempts: 48 - Request URL: www.lavatransforms.org/kyyap-aweadmi/unrcuaww-bynuxek-c320171939-q2159-cmur/
Attempts: 49 - Request URL: www.lavatransforms.org/zfnml-mkfyrad-lqexalih-klrwwsh/zwec-iahkkjjk-lrakfof-c320171947-fqnjbsgm-tantfh-q27459-stifgh/
Attempts: 50 - Request URL: www.lavatransforms.org/qdziw-c320171941-jrmrlfq-ckkdqvfy-ywobzrb/aeru-vtbgmvte-vsgojsl-arilobwp-jtxvns-q21879-njaaes/
Attempts: 51 - Request URL: www.lavatransforms.org/wowbk-xxnhngm-q959-dznsvnax-usjcdqj/xfmz-kqxmnbks-pbfcrkx-scgprmrs-grcspz-jbqbce-c320171939-bwjvnb/
Attempts: 52 - Request URL: www.lavatransforms.org/zfnml-c320171941-mkfyrad-lqexalih-klrwwsh/zwec-iahkkjjk-lrakfof-q21479-fqnjbsgm-tantfh-stifgh-loidjj/
Attempts: 53 - Request URL: www.lavatransforms.org/user/32
Attempts: 54 - Request URL: www.lavatransforms.org/c320171940-xlsw-zqqyj/ihxtbpp-q8335-oxejmn/
Attempts: 55 - Request URL: www.lavatransforms.org/eaee-dreqz/vzhrtaw-c320171947-q21475-epmcqj/
Attempts: 56 - Request URL: www.lavatransforms.org/kyya-c320171941-pawea/dmiunrc-q35335-uawwby/
Attempts: 57 - Request URL: www.lavatransforms.org/fbvf-mbiji/jcpzgfr-c320171947-q43975-nksnsu/
Attempts: 58 - Request URL: www.lavatransforms.org/c320171944-qdziw-jrmrlfq/ckkdqvfy-q9919-ywobzrb/
Attempts: 59 - Request URL: www.lavatransforms.org/supsh-gflggbj/gjsnysoq-c320171943-q12439-ffyxixw/
Attempts: 60 - Request URL: www.lavatransforms.org/c320171944-vekhu-vmkwtsg/fuiliobv-q51499-holpnhr/
Attempts: 61 - Request URL: www.lavatransforms.org/wowbkx-xnhngmdz/nsvnax-c320171939-q22123-usjcdqj/
Attempts: 62 - Request URL: www.lavatransforms.org/migcb-nvrtpin/vxxgrtns-c320171939-q21259-gepovld/
Attempts: 63 - Request URL: www.lavatransforms.org/c320171948-supshg-flggbjgj/snysoq-q51283-ffyxixw/
Attempts: 64 - Request URL: www.lavatransforms.org/xlswz-qqyjihx/tbppoxej-c320171943-q35479-mnwghcn/
Attempts: 65 - Request URL: www.lavatransforms.org/c320171948-qdziw-jrmrlfq/ckkdqvfy-q49699-ywobzrb/
Attempts: 66 - Request URL: www.lavatransforms.org/vekhuv-mkwtsgfu/iliobv-c320171947-q48223-holpnhr/
Attempts: 67 - Request URL: www.lavatransforms.org/lava-visionary-of-the-year-for-2015-nathan-marsak/
Attempts: 68 - Request URL: www.lavatransforms.org/c320171940-q8135-wowb-kxxnh/ngmdzns-vnaxus-jcdqjxfm/
Attempts: 69 - Request URL: www.lavatransforms.org/gbleq/css/jquery-ui.css
Attempts: 70 - Request URL: www.lavatransforms.org/gbleq/css/style.css
Attempts: 71 - Request URL: www.lavatransforms.org/wowbkxx-nhngmdzn/svnaxusj-c320171947-q38971-cdqjxfmz/
Attempts: 72 - Request URL: www.lavatransforms.org/xlswzqq-c320171945-yjihxtbp/poxejmnw-q44371-ghcnlvjq/
Attempts: 73 - Request URL: www.lavatransforms.org/lqauadp-c320171941-hbfesblc/ymzzboga-q17191-jamqouyy/
Attempts: 74 - Request URL: www.lavatransforms.org/kyyapaw-c320171945-eadmiunr/cuawwbyn-q52651-uxekcmur/
Attempts: 75 - Request URL: www.lavatransforms.org/wowbkxx-c320171945-nhngmdzn/svnaxusj-q53011-cdqjxfmz/
Attempts: 76 - Request URL: www.lavatransforms.org/c320171948-supshgf-lggbjgjs/nysoqffy-q16651-xixwfxko/
Attempts: 77 - Request URL: www.lavatransforms.org/zfnmlmk-fyradlqe/xalihklr-c320171947-q17371-wwshzwec/
Attempts: 78 - Request URL: www.lavatransforms.org/c320171948-fbvfmbi-jijcpzgf/rnksnsus-q47251-lgpsmhim/
Attempts: 79 - Request URL: www.lavatransforms.org/eaeedre-qzvzhrta/wepmcqjq-c320171939-q17731-arwcwbvp/
Attempts: 80 - Request URL: www.lavatransforms.org/zfnmlmk-c320171945-fyradlqe/xalihklr-q52471-wwshzwec/
Attempts: 81 - Request URL: www.lavatransforms.org/c320171945-wowbk-xxnhngm/dznsvnax-usjcdqj-q37619-xfmz/
Attempts: 82 - Request URL: www.lavatransforms.org/lqaua-dphbfes/blcymzzb-c320171943-ogajamq-q25199-ouyy/
Attempts: 83 - Request URL: www.lavatransforms.org/c320171940-wowbk-xxnhngm/dznsvnax-usjcdqj-q35279-xfmz/
Attempts: 84 - Request URL: www.lavatransforms.org/c320171940-kyyap-aweadmi/unrcuaww-bynuxek-q48959-cmur/
Attempts: 85 - Request URL: www.lavatransforms.org/fbvfm-bijijcp/zgfrnksn-c320171943-suslgps-q13139-mhim/
Attempts: 86 - Request URL: www.lavatransforms.org/xlswz-qqyjihx/tbppoxej-c320171943-mnwghcn-q24299-lvjq/
Attempts: 87 - Request URL: www.lavatransforms.org/jmuqt-hjvfunz/ewdqdbge-c320171948-pmvmcou-q49499-bsfg/
Attempts: 88 - Request URL: www.lavatransforms.org/c320171940-eaeed-reqzvzh/rtawepmc-qjqarwc-q23399-wbvp/
Attempts: 89 - Request URL: www.lavatransforms.org/lqauadph-c320171941-q12667-bfes/blcy-mzzb-ogajamq-ouyy/
Attempts: 90 - Request URL: www.lavatransforms.org/c320171946-fbvfmbij-q47407-ijcp/zgfr-nksn-suslgps-mhim/
Attempts: 91 - Request URL: www.lavatransforms.org/jmuqthjv-c320171941-q13567-funz/ewdq-dbge-pmvmcou-bsfg/
Attempts: 92 - Request URL: www.lavatransforms.org/kyyapa-weadmiun/rcuaww-c320171948-q12923-bynuxek-cmurp/
Attempts: 93 - Request URL: www.lavatransforms.org/eaeedreq-c320171941-q24907-zvzh/rtaw-epmc-qjqarwc-wbvp/
Attempts: 94 - Request URL: www.lavatransforms.org/fbvf-q43195-mbiji/jcpzgfr-nksnsu-slgpsmhi-c320171939-mwig/
Attempts: 95 - Request URL: www.lavatransforms.org/c320171946-lqau-q15475-adphb/fesblcy-mzzbog-ajamqouy-yxka/
Attempts: 96 - Request URL: www.lavatransforms.org/fbvf-q47875-mbiji/jcpzgfr-nksnsu-slgpsmhi-c320171945-mwig/
Attempts: 97 - Request URL: www.lavatransforms.org/cntgjwc-c320171946-q1151-tmoraish/vcmcfdpi-dbdpuozv-sdfdwf/
Attempts: 98 - Request URL: www.lavatransforms.org/kyyapaw-q48491-eadmiunr/cuawwbyn-c320171948-uxekcmur-pzsjtp/
Attempts: 99 - Request URL: www.lavatransforms.org/q20307-kyyapawe-admi-unrc/uaww-bynuxek-c320171948-cmur-pzsj/
Attempts: more than 99 - Request URL: www.lavatransforms.org/fbvfmbi-q24371-jijcpzgf/rnksnsus-lgpsmhim-c320171944-wigtco/
