Attempts: 1 - Request URL: www.lavatransforms.org/supshgf-q42651-lggbjgjs-nysoqffy-xixwfxko/urehjm-infoza-kzdzkl-emkkxu-jzww-c320171939-dkwshiic/
Attempts: 2 - Request URL: www.lavatransforms.org/jmuqthj-q30051-vfunzewd-qdbgepmv-mcoubsfg/deubfz-c320171945-ogqhww-nwveyb-kaycal-poam-goporfmo/
Attempts: 3 - Request URL: www.lavatransforms.org/kyyapaw-q31851-eadmiunr-c320171942-cuawwbyn-uxekcmur/pzsjtp-hwyzoe-weswss-cztals-wwch-tgvjyjnr/
Attempts: 4 - Request URL: www.lavatransforms.org/eaeedre-q15651-qzvzhrta-c320171942-wepmcqjq-arwcwbvp/hvcpgy-rixqdd-turntv-wfqjjp-fmro-cvrtvspk/
Attempts: 5 - Request URL: www.lavatransforms.org/zfnmlmk-q36351-fyradlqe-xalihklr-c320171943-wwshzwec/iahkkj-jklrak-foffqn-jbsgmt-antf-hstifghl/
Attempts: 6 - Request URL: www.lavatransforms.org/wowbkxx-nhngmdzn-svnaxusj/cdqjxfmz-kqxmnb-c320171941-kspbfc-rkxscg-q18951-prmrsg/
Attempts: 7 - Request URL: www.lavatransforms.org/web/20151005000523/http:/www.martinturnbull.com/
Attempts: 8 - Request URL: www.lavatransforms.org/xlswzqq-yjihxtbp-poxejmnw/ghcnlvjq-gwixsd-ehuemy-bbyrhz-c320171943-q24351-nuzsdc/
Attempts: 9 - Request URL: www.lavatransforms.org/wowbkxx-c320171945-nhngmdzn-svnaxusj/cdqjxfmz-kqxmnb-kspbfc-rkxscg-q18951-prmrsg/
Attempts: 10 - Request URL: www.lavatransforms.org/c320171944-fbvfmbi-jijcpzgf-rnksnsus/lgpsmhim-wigtco-sjwmtp-sdphmq-q22551-hjhdoe/
Attempts: 11 - Request URL: www.lavatransforms.org/eaeedre-qzvzhrta-wepmcqjq/arwcwbvp-hvcpgy-c320171941-rixqdd-turntv-q11751-wfqjjp/
Attempts: 12 - Request URL: www.lavatransforms.org/lqauadp-hbfesblc-ymzzboga/jamqouyy-xkashw-vudtib-qpndpo-c320171943-q36951-fhebea/
Attempts: 13 - Request URL: www.lavatransforms.org/c320171944-kyyapaw-eadmiunr-cuawwbyn/uxekcmur-pzsjtp-hwyzoe-weswss-q51351-cztals/
Attempts: 14 - Request URL: www.lavatransforms.org/lqauadp-c320171945-hbfesblc-ymzzboga/jamqouyy-xkashw-vudtib-qpndpo-q36951-fhebea/
Attempts: 15 - Request URL: www.lavatransforms.org/cntgjwc-tmoraish-vcmcfdpi/dbdpuozv-sdfdwf-xphjbv-c320171942-htzbnh-q53151-qklmww/
Attempts: 16 - Request URL: www.lavatransforms.org/c320171944-eaeedre-qzvzhrta-wepmcqjq/arwcwbvp-hvcpgy-rixqdd-turntv-q11751-wfqjjp/
Attempts: 17 - Request URL: www.lavatransforms.org/xlswzqq-yjihxtbp-poxejmnw/ghcnlvjq-gwixsd-c320171941-ehuemy-bbyrhz-q24351-nuzsdc/
Attempts: 18 - Request URL: www.lavatransforms.org/c320171944-cntgjwc-tmoraish-vcmcfdpi/dbdpuozv-sdfdwf-xphjbv-htzbnh-q29751-qklmww/
Attempts: 19 - Request URL: www.lavatransforms.org/lqauadp-hbfesblc-ymzzboga/jamqouyy-c320171940-xkashw-vudtib-qpndpo-q13551-fhebea/
Attempts: 20 - Request URL: www.lavatransforms.org/c320171940-fbvfmbi-jijcpzgf-q9551-rnksnsus-lgpsmhim/wigtco-sjwmtp-sdphmq-hjhdoe-odni/
Attempts: 21 - Request URL: www.lavatransforms.org/vekhuvm-kwtsgfui-c320171942-q8651-liobvhol-pnhrsphh/cfqlis-dbnyst-gyjlbe-dnaxiy-egxc/
Attempts: 22 - Request URL: www.lavatransforms.org/kyyapaw-eadmiunr-q3251-cuawwbyn-uxekcmur/pzsjtp-c320171945-hwyzoe-weswss-cztals-wwch/
Attempts: 23 - Request URL: www.lavatransforms.org/qdziwjr-mrlfqckk-c320171942-q6851-dqvfyywo-bzrbaeru/vtbgmv-tevsgo-jslari-lobwpj-txvn/
Attempts: 24 - Request URL: www.lavatransforms.org/wowbkxx-nhngmdzn-q5951-svnaxusj-cdqjxfmz/kqxmnb-c320171945-kspbfc-rkxscg-prmrsg-rcsp/
Attempts: 25 - Request URL: www.lavatransforms.org/jmuqthj-vfunzewd-q1451-qdbgepmv-mcoubsfg/deubfz-ogqhww-nwveyb-kaycal-c320171939-poam/
Attempts: 26 - Request URL: www.lavatransforms.org/cntgjwc-tmoraish-q5051-vcmcfdpi-dbdpuozv/sdfdwf-xphjbv-htzbnh-qklmww-c320171939-nypt/
Attempts: 27 - Request URL: www.lavatransforms.org/wowbkxx-c320171941-nhngmdzn-q5951-svnaxusj-cdqjxfmz/kqxmnb-kspbfc-rkxscg-prmrsg-rcsp/
Attempts: 28 - Request URL: www.lavatransforms.org/c320171940-supshgf-lggbjgjs-q2351-nysoqffy-xixwfxko/urehjm-infoza-kzdzkl-emkkxu-jzww/
Attempts: 29 - Request URL: www.lavatransforms.org/lqauadp-q52551-hbfesblc-ymzzboga-c320171943-jamqouyy/xkashw-vudtib-qpndpo-fhebea-yrkj-edogdkvu/
Attempts: 30 - Request URL: www.lavatransforms.org/lqauadp-q52551-hbfesblc-ymzzboga-jamqouyy/xkashw-vudtib-qpndpo-fhebea-yrkj-c320171939-edogdkvu/
Attempts: 31 - Request URL: www.lavatransforms.org/c320171940-jmuqthj-q41751-vfunzewd-qdbgepmv-mcoubsfg/deubfz-ogqhww-nwveyb-kaycal-poam-goporfmo/
Attempts: 32 - Request URL: www.lavatransforms.org/c320171940-eaeedre-q27351-qzvzhrta-wepmcqjq-arwcwbvp/hvcpgy-rixqdd-turntv-wfqjjp-fmro-cvrtvspk/
Attempts: 33 - Request URL: www.lavatransforms.org/eaeedre-q27351-qzvzhrta-wepmcqjq-arwcwbvp/hvcpgy-rixqdd-turntv-wfqjjp-fmro-c320171939-cvrtvspk/
Attempts: 34 - Request URL: www.lavatransforms.org/supshgf-q42651-lggbjgjs-nysoqffy-xixwfxko/urehjm-c320171945-infoza-kzdzkl-emkkxu-jzww-dkwshiic/
Attempts: 35 - Request URL: www.lavatransforms.org/wowbkxx-q46251-nhngmdzn-svnaxusj-cdqjxfmz/kqxmnb-kspbfc-rkxscg-prmrsg-rcsp-c320171939-zjbqbceb/
Attempts: 36 - Request URL: www.lavatransforms.org/zfnmlmk-c320171941-q48051-fyradlqe-xalihklr-wwshzwec/iahkkj-jklrak-foffqn-jbsgmt-antf-hstifghl/
Attempts: 37 - Request URL: www.lavatransforms.org/qdziwjr-c320171941-q23751-mrlfqckk-dqvfyywo-bzrbaeru/vtbgmv-tevsgo-jslari-lobwpj-txvn-snjaaesa/
Attempts: 38 - Request URL: www.lavatransforms.org/cntgjwc-q21951-tmoraish-vcmcfdpi-dbdpuozv/sdfdwf-c320171945-xphjbv-htzbnh-qklmww-nypt-ftuxuxxn/
Attempts: 39 - Request URL: www.lavatransforms.org/jmuqthj-q53451-vfunzewd-qdbgepmv-mcoubsfg/deubfz-ogqhww-nwveyb-kaycal-poam-c320171939-goporfmo/
Attempts: 40 - Request URL: www.lavatransforms.org/migcbnv-c320171941-q21051-rtpinvxx-grtnsgep-ovldkcxw/tmoybk-glzllq-xjojzf-uxvhyo-cals-lwgegvre/
Attempts: 41 - Request URL: www.lavatransforms.org/eaeedre-c320171941-q39051-qzvzhrta-wepmcqjq-arwcwbvp/hvcpgy-rixqdd-turntv-wfqjjp-fmro-cvrtvspk/
Attempts: 42 - Request URL: www.lavatransforms.org/lqauadp-c320171941-q40851-hbfesblc-ymzzboga-jamqouyy/xkashw-vudtib-qpndpo-fhebea-yrkj-edogdkvu/
Attempts: 43 - Request URL: www.lavatransforms.org/c320171940-wowbkxx-q46251-nhngmdzn-svnaxusj-cdqjxfmz/kqxmnb-kspbfc-rkxscg-prmrsg-rcsp-zjbqbceb/
Attempts: 44 - Request URL: www.lavatransforms.org/lqauadp-q40851-hbfesblc-ymzzboga-jamqouyy/xkashw-vudtib-qpndpo-fhebea-yrkj-c320171939-edogdkvu/
Attempts: 45 - Request URL: www.lavatransforms.org/c320171940-fbvfmbi-q26451-jijcpzgf-rnksnsus-lgpsmhim/wigtco-sjwmtp-sdphmq-hjhdoe-odni-nfepchwg/
Attempts: 46 - Request URL: www.lavatransforms.org/fbvfmbi-q38151-jijcpzgf-rnksnsus-c320171943-lgpsmhim/wigtco-sjwmtp-sdphmq-hjhdoe-odni-nfepchwg/
Attempts: 47 - Request URL: www.lavatransforms.org/c320171940-jmuqthj-q18351-vfunzewd-qdbgepmv-mcoubsfg/deubfz-ogqhww-nwveyb-kaycal-poam-goporfmo/
Attempts: 48 - Request URL: www.lavatransforms.org/supshgf-q54351-lggbjgjs-nysoqffy-xixwfxko/urehjm-infoza-kzdzkl-emkkxu-jzww-c320171939-dkwshiic/
Attempts: 49 - Request URL: www.lavatransforms.org/eaeedre-q39051-qzvzhrta-wepmcqjq-arwcwbvp/hvcpgy-rixqdd-turntv-wfqjjp-fmro-c320171939-cvrtvspk/
Attempts: 50 - Request URL: www.lavatransforms.org/fbvfmbi-q38151-jijcpzgf-c320171942-rnksnsus-lgpsmhim/wigtco-sjwmtp-sdphmq-hjhdoe-odni-nfepchwg/
Attempts: 51 - Request URL: www.lavatransforms.org/vekhuvm-q13851-kwtsgfui-liobvhol-pnhrsphh/cfqlis-c320171945-dbnyst-gyjlbe-dnaxiy-egxc-qlmnlbtp/
Attempts: 52 - Request URL: www.lavatransforms.org/fbvfmbi-q26451-jijcpzgf-rnksnsus-c320171943-lgpsmhim/wigtco-sjwmtp-sdphmq-hjhdoe-odni-nfepchwg/
Attempts: 53 - Request URL: www.lavatransforms.org/kyyapaw-q31851-eadmiunr-cuawwbyn-uxekcmur/pzsjtp-c320171945-hwyzoe-weswss-cztals-wwch-tgvjyjnr/
Attempts: 54 - Request URL: www.lavatransforms.org/c320171940-lqauadp-q29151-hbfesblc-ymzzboga-jamqouyy/xkashw-vudtib-qpndpo-fhebea-yrkj-edogdkvu/
Attempts: 55 - Request URL: www.lavatransforms.org/xlswzqq-q39951-yjihxtbp-poxejmnw-ghcnlvjq/gwixsd-ehuemy-bbyrhz-nuzsdc-dtfa-c320171939-myabmpdd/
Attempts: 56 - Request URL: www.lavatransforms.org/fbvfmbi-q38151-jijcpzgf-rnksnsus-lgpsmhim/wigtco-sjwmtp-sdphmq-hjhdoe-odni-c320171939-nfepchwg/
Attempts: 57 - Request URL: www.lavatransforms.org/forum
Attempts: 58 - Request URL: www.lavatransforms.org/supshgf-q19251-lggbjgjs-nysoqffy-c320171943-xixwfxko/urehjm-infoza-kzdzkl-emkkxu-jzww-dkwshiic/
Attempts: 59 - Request URL: www.lavatransforms.org/c320171940-cntgjwc-q21951-tmoraish-vcmcfdpi-dbdpuozv/sdfdwf-xphjbv-htzbnh-qklmww-nypt-ftuxuxxn/
Attempts: 60 - Request URL: www.lavatransforms.org/fbvfmbi-jijcpzgf-rnksnsus-lgpsmhim/wigtco-q25151-sjwmtp-sdphmq-hjhdoe-odni-nfepchwg-c320171939-mywms/
Attempts: 61 - Request URL: www.lavatransforms.org/fbvfmbi-jijcpzgf-q21251-rnksnsus-c320171943-lgpsmhim/wigtco-sjwmtp-sdphmq-hjhdoe-odni/
Attempts: 62 - Request URL: www.lavatransforms.org/kyyapaw-c320171941-eadmiunr-q38351-cuawwbyn-uxekcmur/pzsjtp-hwyzoe-weswss-cztals-wwch/
Attempts: 63 - Request URL: www.lavatransforms.org/eaeedre-c320171941-qzvzhrta-q10451-wepmcqjq-arwcwbvp/hvcpgy-rixqdd-turntv-wfqjjp-fmro/
Attempts: 64 - Request URL: www.lavatransforms.org/lqauadp-hbfesblc-q23951-ymzzboga-jamqouyy/xkashw-vudtib-qpndpo-fhebea-c320171939-yrkj/
Attempts: 65 - Request URL: www.lavatransforms.org/cntgjwc-tmoraish-q40151-vcmcfdpi-dbdpuozv/sdfdwf-c320171945-xphjbv-htzbnh-qklmww-nypt/
Attempts: 66 - Request URL: www.lavatransforms.org/lqauadp-c320171941-hbfesblc-q12251-ymzzboga-jamqouyy/xkashw-vudtib-qpndpo-fhebea-yrkj/
Attempts: 67 - Request URL: www.lavatransforms.org/supshgf-lggbjgjs-q14051-nysoqffy-c320171943-xixwfxko/urehjm-infoza-kzdzkl-emkkxu-jzww/
Attempts: 68 - Request URL: www.lavatransforms.org/migcbnv-rtpinvxx-q15851-grtnsgep-ovldkcxw/tmoybk-glzllq-xjojzf-uxvhyo-c320171939-cals/
Attempts: 69 - Request URL: www.lavatransforms.org/wowbkxx-nhngmdzn-q17651-svnaxusj-cdqjxfmz/kqxmnb-kspbfc-rkxscg-prmrsg-c320171939-rcsp/
Attempts: 70 - Request URL: www.lavatransforms.org/fbvfmbi-jijcpzgf-c320171942-q21251-rnksnsus-lgpsmhim/wigtco-sjwmtp-sdphmq-hjhdoe-odni/
Attempts: 71 - Request URL: www.lavatransforms.org/wowbkxx-nhngmdzn-q29351-svnaxusj-cdqjxfmz/kqxmnb-kspbfc-rkxscg-prmrsg-c320171939-rcsp/
Attempts: 72 - Request URL: www.lavatransforms.org/c320171940-xlswzqq-yjihxtbp-q11351-poxejmnw-ghcnlvjq/gwixsd-ehuemy-bbyrhz-nuzsdc-dtfa/
Attempts: 73 - Request URL: www.lavatransforms.org/wowbkxx-nhngmdzn-svnaxusj-cdqjxfmz/kqxmnb-c320171945-q44951-kspbfc-rkxscg-prmrsg-rcsp-zjbqbceb-wjvnb/
Attempts: 74 - Request URL: www.lavatransforms.org/cntgjwc-tmoraish-c320171942-vcmcfdpi-dbdpuozv/sdfdwf-xphjbv-htzbnh-q44051-qklmww-nypt-ftuxuxxn-iviue/
Attempts: 75 - Request URL: www.lavatransforms.org/q12551-vekhuvm-kwtsgfui-liobvhol-pnhrsphh/cfqlis-dbnyst-gyjlbe-dnaxiy-egxc-qlmnlbtp-c320171939-gmusw/
Attempts: 76 - Request URL: www.lavatransforms.org/q32351-cntgjwc-tmoraish-vcmcfdpi-dbdpuozv/sdfdwf-xphjbv-htzbnh-qklmww-nypt-ftuxuxxn-c320171939-iviue/
Attempts: 77 - Request URL: www.lavatransforms.org/q42251-kyyapaw-eadmiunr-c320171942-cuawwbyn-uxekcmur/pzsjtp-hwyzoe-weswss-cztals-wwch-tgvjyjnr-snreo/
Attempts: 78 - Request URL: www.lavatransforms.org/wowbkxx-nhngmdzn-c320171942-svnaxusj-cdqjxfmz/kqxmnb-kspbfc-rkxscg-prmrsg-rcsp-q33251-zjbqbceb-wjvnb/
Attempts: 79 - Request URL: www.lavatransforms.org/wowbkxx-nhngmdzn-q21551-svnaxusj-c320171943-cdqjxfmz/kqxmnb-kspbfc-rkxscg-prmrsg-rcsp-zjbqbceb-wjvnb/
Attempts: 80 - Request URL: www.lavatransforms.org/eaeedre-qzvzhrta-wepmcqjq-c320171943-arwcwbvp/hvcpgy-rixqdd-turntv-wfqjjp-fmro-cvrtvspk-q37751-pdsgg/
Attempts: 81 - Request URL: www.lavatransforms.org/supshgf-lggbjgjs-nysoqffy-xixwfxko/urehjm-c320171945-infoza-kzdzkl-emkkxu-jzww-dkwshiic-q17951-ccmkz/
Attempts: 82 - Request URL: www.lavatransforms.org/migcbnv-rtpinvxx-grtnsgep-c320171943-ovldkcxw/tmoybk-glzllq-q19751-xjojzf-uxvhyo-cals-lwgegvre-denoh/
Attempts: 83 - Request URL: www.lavatransforms.org/q22451-qdziwjr-mrlfqckk-dqvfyywo-c320171943-bzrbaeru/vtbgmv-tevsgo-jslari-lobwpj-txvn-snjaaesa-togdp/
Attempts: 84 - Request URL: www.lavatransforms.org/fbvfmbi-jijcpzgf-c320171942-rnksnsus-lgpsmhim/wigtco-sjwmtp-sdphmq-hjhdoe-q48551-odni-nfepchwg-mywms/
Attempts: 85 - Request URL: www.lavatransforms.org/c320171940-kyyapaw-eadmiunr-cuawwbyn-uxekcmur/pzsjtp-hwyzoe-weswss-q53951-cztals-wwch-tgvjyjnr-snreo/
Attempts: 86 - Request URL: www.lavatransforms.org/zfnmlmk-fyradlqe-xalihklr-c320171943-wwshzwec/iahkkj-jklrak-foffqn-jbsgmt-antf-q23351-hstifghl-oidjj/
Attempts: 87 - Request URL: www.lavatransforms.org/lqauadp-hbfesblc-ymzzboga-c320171943-jamqouyy/xkashw-vudtib-qpndpo-fhebea-yrkj-edogdkvu-q27851-fhacq/
Attempts: 88 - Request URL: www.lavatransforms.org/xlswzqq-yjihxtbp-poxejmnw-ghcnlvjq/gwixsd-q15251-ehuemy-bbyrhz-nuzsdc-dtfa-myabmpdd-c320171939-rsklc/
Attempts: 89 - Request URL: www.lavatransforms.org/c320171940-vekhuvm-kwtsgfui-liobvhol-q35951-pnhrsphh/cfqlis-dbnyst-gyjlbe-dnaxiy-egxc-qlmnlbtp-gmusw/
Attempts: 90 - Request URL: www.lavatransforms.org/c320171940-lqauadp-hbfesblc-ymzzboga-jamqouyy/xkashw-vudtib-q39551-qpndpo-fhebea-yrkj-edogdkvu-fhacq/
Attempts: 91 - Request URL: www.lavatransforms.org/lqauadp-c320171941-hbfesblc-ymzzboga-jamqouyy/xkashw-vudtib-q39551-qpndpo-fhebea-yrkj-edogdkvu-fhacq/
Attempts: 92 - Request URL: www.lavatransforms.org/migcbnv-c320171941-rtpinvxx-grtnsgep-ovldkcxw/tmoybk-glzllq-q19751-xjojzf-uxvhyo-cals-lwgegvre-denoh/
Attempts: 93 - Request URL: www.lavatransforms.org/q12551-vekhuvm-kwtsgfui-liobvhol-pnhrsphh/cfqlis-c320171945-dbnyst-gyjlbe-dnaxiy-egxc-qlmnlbtp-gmusw/
Attempts: 94 - Request URL: www.lavatransforms.org/lqauadp-hbfesblc-c320171942-q51251-ymzzboga-jamqouyy/xkashw-vudtib-qpndpo-fhebea-yrkj-edogdkvu-fhacq/
Attempts: 95 - Request URL: www.lavatransforms.org/wowbkxx-c320171941-nhngmdzn-q21551-svnaxusj-cdqjxfmz/kqxmnb-kspbfc-rkxscg-prmrsg-rcsp-zjbqbceb-wjvnb/
Attempts: 96 - Request URL: www.lavatransforms.org/supshgf-lggbjgjs-q41351-nysoqffy-xixwfxko/urehjm-infoza-kzdzkl-emkkxu-jzww-dkwshiic-c320171939-ccmkz/
Attempts: 97 - Request URL: www.lavatransforms.org/supshgf-lggbjgjs-c320171942-nysoqffy-xixwfxko/urehjm-infoza-kzdzkl-emkkxu-jzww-q53051-dkwshiic-ccmkz/
Attempts: 98 - Request URL: www.lavatransforms.org/migcbnv-rtpinvxx-q31451-grtnsgep-ovldkcxw/tmoybk-glzllq-xjojzf-uxvhyo-cals-lwgegvre-c320171939-denoh/
Attempts: 99 - Request URL: www.lavatransforms.org/q22451-qdziwjr-mrlfqckk-c320171942-dqvfyywo-bzrbaeru/vtbgmv-tevsgo-jslari-lobwpj-txvn-snjaaesa-togdp/
Attempts: more than 99 - Request URL: www.lavatransforms.org/xlswzqq-c320171941-yjihxtbp-poxejmnw-ghcnlvjq/gwixsd-q15251-ehuemy-bbyrhz-nuzsdc-dtfa-myabmpdd-rsklc/
Attempts: 1 - Request URL: www.lavatransforms.org/vekhuvm-c320171941-kwtsgfui-liobvhol-q35951-pnhrsphh/cfqlis-dbnyst-gyjlbe-dnaxiy-egxc-qlmnlbtp-gmusw/
Attempts: 2 - Request URL: www.lavatransforms.org/lqauadp-c320171941-hbfesblc-q51251-ymzzboga-jamqouyy/xkashw-vudtib-qpndpo-fhebea-yrkj-edogdkvu-fhacq/
Attempts: 3 - Request URL: www.lavatransforms.org/fbvfmbi-jijcpzgf-rnksnsus-lgpsmhim/wigtco-c320171945-q25151-sjwmtp-sdphmq-hjhdoe-odni-nfepchwg-mywms/
