Attempts: 1 - Request URL: www.lavatransforms.org/c320171944-uxxpn-lnixqk-q7210-oyeg-zhyyoc/
Attempts: 2 - Request URL: www.lavatransforms.org/c320171946-arrlsk-soesxkx-mjfkux-rzktf-q11902-tbzviwsn-urzpnqm/
Attempts: 3 - Request URL: www.lavatransforms.org/c320171945-fbvfm-bijijcp/zgfrnksn-suslgps-q31859-mhim/
Attempts: 4 - Request URL: www.lavatransforms.org/dkbjg-c320171945-syudho-q8110-yaym-jzqlle/
Attempts: 5 - Request URL: www.lavatransforms.org/eaeed-c320171941-reqzvzh/rtawepmc-qjqarwc-q44459-wbvp/
Attempts: 6 - Request URL: www.lavatransforms.org/wowbkxxn-c320171947-q8707-hngm/dzns-vnax-usjcdqj-xfmz/
Attempts: 7 - Request URL: www.lavatransforms.org/tchdy-tdxcwt-q5410-wnfo-c320171943-mxdjan/
Attempts: 8 - Request URL: www.lavatransforms.org/yzire-c320171941-fgcscp-q9910-cjcq-tbfqmt/
Attempts: 9 - Request URL: www.lavatransforms.org/xlswz-qqyjihx/tbppoxej-c320171948-mnwghcn-q17279-lvjq/
Attempts: 10 - Request URL: www.lavatransforms.org/c320171940-jmuqth-jvfunzew/dqdbge-q4103-pmvmcou-bsfgd/
Attempts: 11 - Request URL: www.lavatransforms.org/jmuqt-hjvfunz/ewdqdbge-pmvmcou-c320171944-q23759-bsfg/
Attempts: 12 - Request URL: www.lavatransforms.org/wowbk-xxnhngm/dznsvnax-usjcdqj-c320171944-q51659-xfmz/
Attempts: 13 - Request URL: www.lavatransforms.org/c320171945-zfnml-mkfyrad/lqexalih-klrwwsh-q53459-zwec/
Attempts: 14 - Request URL: www.lavatransforms.org/lqaua-dphbfes/blcymzzb-c320171943-ogajamq-q22859-ouyy/
Attempts: 15 - Request URL: www.lavatransforms.org/c320171944-bhdnf-ybgleu-q16210-usht-ejcppi/
Attempts: 16 - Request URL: www.lavatransforms.org/user/32
Attempts: 17 - Request URL: www.lavatransforms.org/kyyap-aweadmi/unrcuaww-bynuxek-c320171944-q25559-cmur/
Attempts: 18 - Request URL: www.lavatransforms.org/ovlxv-c320171941-uhbnzq-q38710-epdy-htghkr/
Attempts: 19 - Request URL: www.lavatransforms.org/migcbn-vrtpinvx/xgrtns-q6803-gepovld-c320171939-kcxwt/
Attempts: 20 - Request URL: www.lavatransforms.org/c320171944-uxxpn-lnixqk-q18910-oyeg-zhyyoc/
Attempts: 21 - Request URL: www.lavatransforms.org/c320171940-vekhu-vmkwtsg/fuiliobv-holpnhr-q30959-sphh/
Attempts: 22 - Request URL: www.lavatransforms.org/vekhu-c320171946-vmkwtsg/fuiliobv-holpnhr-q54359-sphh/
Attempts: 23 - Request URL: www.lavatransforms.org/xlswz-c320171941-qqyjihx/tbppoxej-mnwghcn-q33659-lvjq/
Attempts: 24 - Request URL: www.lavatransforms.org/salon914
Attempts: 25 - Request URL: www.lavatransforms.org/qdziwjrm-q9607-rlfq/ckkd-qvfy-ywobzrb-c320171939-aeru/
Attempts: 26 - Request URL: www.lavatransforms.org/sitemap/sitemap2.xml
Attempts: 27 - Request URL: www.lavatransforms.org/arrls-c320171941-ksoesx-q34210-kxmj-fkuxrz/
Attempts: 28 - Request URL: www.lavatransforms.org/migcb-nvrtpin/vxxgrtns-gepovld-c320171939-q14759-kcxw/
Attempts: 29 - Request URL: www.lavatransforms.org/migcb-nvrtpin/vxxgrtns-gepovld-c320171939-q49859-kcxw/
Attempts: 30 - Request URL: www.lavatransforms.org/migcb-nvrtpin/vxxgrtns-gepovld-c320171939-q45179-kcxw/
Attempts: 31 - Request URL: www.lavatransforms.org/event/chandler-11-7-15/feed/
Attempts: 32 - Request URL: www.lavatransforms.org/c320171940-jmuqthj-vfunzewd-qdbgepmv-mcoubsfg/deubfz-q5351-ogqhww-nwveyb-kaycal-poam-goporfmo-zroht/
Attempts: 33 - Request URL: www.lavatransforms.org/crimelabaug2015
Attempts: 34 - Request URL: www.lavatransforms.org/c320171940-qdziwj-rmrlfqck/kdqvfy-q9503-ywobzrb-aeruv/
Attempts: 35 - Request URL: www.lavatransforms.org/c320171948-ijmkc-zlapxv-q53110-vqvl-uswugx/
Attempts: 36 - Request URL: www.lavatransforms.org/gpjt-optdk-q14154-ylloi-vowjr-c320171948-uaqhq-yytil-nbrxmavt-nzsa/
Attempts: 37 - Request URL: www.lavatransforms.org/cntgjwct-q31207-mora/ishv-cmcf-c320171944-dpidbdp-uozv/
Attempts: 38 - Request URL: www.lavatransforms.org/c320171945-lqauad-phbfesbl/cymzzb-q26603-ogajamq-ouyyx/
Attempts: 39 - Request URL: www.lavatransforms.org/arrls-ksoesx-c320171942-q22510-kxmj-fkuxrz/
Attempts: 40 - Request URL: www.lavatransforms.org/c320171946-zfnmlmkf-q19867-yrad/lqex-alih-klrwwsh-zwec/
Attempts: 41 - Request URL: www.lavatransforms.org/yzir-efgcs-cpcjc-qtbfq/q22104-mtdks-qzegr-qjzlvilu-mrec-umcfqi-c320171939-eyvwjv.do
Attempts: 42 - Request URL: www.lavatransforms.org/supsh-gflggbj/gjsnysoq-c320171943-ffyxixw-q36359-fxko/
Attempts: 43 - Request URL: www.lavatransforms.org/about/newsletter/subscriptions
Attempts: 44 - Request URL: www.lavatransforms.org/c320171946-supshgfl-q51907-ggbj/gjsn-ysoq-ffyxixw-fxko/
Attempts: 45 - Request URL: www.lavatransforms.org/supshgfl-c320171941-q51907-ggbj/gjsn-ysoq-ffyxixw-fxko/
Attempts: 46 - Request URL: www.lavatransforms.org/rtcyi-ozsukw-c320171942-q12610-fhou-kpevtv/
Attempts: 47 - Request URL: www.lavatransforms.org/vekhu-c320171946-vmkwtsg/fuiliobv-holpnhr-q35639-sphh/
Attempts: 48 - Request URL: www.lavatransforms.org/ijmkc-c320171945-zlapxv-q29710-vqvl-uswugx/
Attempts: 49 - Request URL: www.lavatransforms.org/q16055-qdzi-wjrmr/c320171942-lfqckkd-qvfyyw-obzrbaer/
Attempts: 50 - Request URL: www.lavatransforms.org/birthdaybus2014
Attempts: 51 - Request URL: www.lavatransforms.org/yzire-fgcscp-c320171942-q21610-cjcq-tbfqmt/
Attempts: 52 - Request URL: www.lavatransforms.org/wowbkx-xnhngmdz/nsvnax-q20303-usjcdqj-c320171939-xfmzk/
Attempts: 53 - Request URL: www.lavatransforms.org/tchdy-c320171945-tdxcwt-q52210-wnfo-mxdjan/
Attempts: 54 - Request URL: www.lavatransforms.org/migcb-nvrtpin/vxxgrtns-gepovld-c320171939-q26459-kcxw/
Attempts: 55 - Request URL: www.lavatransforms.org/nwoox-iupvmd-q32410-bwpw-c320171943-ilrdiw/
Attempts: 56 - Request URL: www.lavatransforms.org/c320171948-zfnmlm-q50833-kfyradlq-exalih-klrwwsh.do
Attempts: 57 - Request URL: www.lavatransforms.org/gpjto-ptdkyl-q23410-loiv-c320171939-owjrua/
Attempts: 58 - Request URL: www.lavatransforms.org/arrlsk-soesxkx-mjfkux-rzktf/q9952-tbzviwsn-urzpnqm-c320171946-rncr-uimuvcm-pgtviqvd-gyxlk-tdovufl-ydbcmrg.do
Attempts: 59 - Request URL: www.lavatransforms.org/eaeed-c320171946-reqzvzh/rtawepmc-qjqarwc-q21059-wbvp/
Attempts: 60 - Request URL: www.lavatransforms.org/migcbnvr-c320171941-q6907-tpin/vxxg-rtns-gepovld-kcxw/
Attempts: 61 - Request URL: www.lavatransforms.org/c320171948-tchdy-tdxcwt-q40510-wnfo-mxdjan/
Attempts: 62 - Request URL: www.lavatransforms.org/ijmkcz-lapxvvq-vluswu-c320171939-gxabi-lifndgee-btuzcut-q37302-bvph-ivkpjwx/
Attempts: 63 - Request URL: www.lavatransforms.org/cntgj-wctmora-ishvcmcf/c320171939-dpidbdp-q40359-uozv-sdfdwfxp-hjbvhtz/
Attempts: 64 - Request URL: www.lavatransforms.org/arrl-c320171941-sksoe-sxkxm-jfkux/q51604-rzktf-tbzvi-wsnurzpn-qmrn-cruimu-vcmpgt-viqvdgyx-lktdovu.do
Attempts: 65 - Request URL: www.lavatransforms.org/dorothyparker2013
Attempts: 66 - Request URL: www.lavatransforms.org/c320171940-uxxpnln-ixqk-q3908-oyegz-hyyocvdz/svljtak-yojnerw-fixvgo-nacg-jgyrlgr.do
Attempts: 67 - Request URL: www.lavatransforms.org/supsh-gflggbj/gjsnysoq-c320171948-ffyxixw-q48059-fxko/
Attempts: 68 - Request URL: www.lavatransforms.org/qdzi-wjrmr-lfqckkd/c320171939-qvfyyw-q52455-obzrbaer-uvtb-gmvtevsg/
Attempts: 69 - Request URL: www.lavatransforms.org/rtcy-iozsu/kwfho-ukpev-q37804-tvtue-c320171939-jfydy.do
Attempts: 70 - Request URL: www.lavatransforms.org/q46104-psfv-rcazo-bytkr/c320171939-zbght-dlifn-ujoqz-ofojkcrl-pxki.do
Attempts: 71 - Request URL: www.lavatransforms.org/kyyap-c320171941-aweadmi/unrcuaww-bynuxek-q37259-cmur/
Attempts: 72 - Request URL: www.lavatransforms.org/zfnml-c320171946-mkfyrad/lqexalih-klrwwsh-q34739-zwec/
