Attempts: 1 - Request URL: www.lavatransforms.org/salon-cooper-rogers-march2014
Attempts: 2 - Request URL: www.lavatransforms.org/c320171945-zfnml-mkfyrad/lqexalih-klrwwsh-q41759-zwec/
Attempts: 3 - Request URL: www.lavatransforms.org/supshgfl-c320171947-q5107-ggbj/gjsn-ysoq-ffyxixw-fxko/
Attempts: 4 - Request URL: www.lavatransforms.org/xlswz-c320171941-qqyjihx/tbppoxej-mnwghcn-q45359-lvjq/
Attempts: 5 - Request URL: www.lavatransforms.org/tchdy-tdxcwt-c320171946-q5410-wnfo-mxdjan/
Attempts: 6 - Request URL: www.lavatransforms.org/eaeed-reqzvzh/rtawepmc-qjqarwc-c320171944-q44459-wbvp/
Attempts: 7 - Request URL: www.lavatransforms.org/kyyap-aweadmi/unrcuaww-c320171943-bynuxek-q53639-cmur/
Attempts: 8 - Request URL: www.lavatransforms.org/xlswzqqy-c320171941-q2407-jihx/tbpp-oxej-mnwghcn-lvjq/
Attempts: 9 - Request URL: www.lavatransforms.org/bhdnf-ybgleu-c320171946-q4510-usht-ejcppi/
Attempts: 10 - Request URL: www.lavatransforms.org/supsh-c320171941-gflggbj-gjsnysoq-ffyxixw/fxko-urehjmin-fozakzd-zklemkkx-ujzwwd-q10359-kwshii/
Attempts: 11 - Request URL: www.lavatransforms.org/yzire-c320171945-fgcscp-q9910-cjcq-tbfqmt/
Attempts: 12 - Request URL: www.lavatransforms.org/supshgfl-q5107-ggbj/gjsn-c320171943-ysoq-ffyxixw-fxko/
Attempts: 13 - Request URL: www.lavatransforms.org/xlswzqqy-c320171947-q2407-jihx/tbpp-oxej-mnwghcn-lvjq/
Attempts: 14 - Request URL: www.lavatransforms.org/ovlxv-uhbnzq-c320171942-q3610-epdy-htghkr/
Attempts: 15 - Request URL: www.lavatransforms.org/c320171940-wowbkx-xnhngmdz/nsvnax-q8603-usjcdqj-xfmzk/
Attempts: 16 - Request URL: www.lavatransforms.org/silentfootsteps
Attempts: 17 - Request URL: www.lavatransforms.org/fbvf-q31105-mbiji-jcpzgfr-c320171947-nksnsu.do
Attempts: 18 - Request URL: www.lavatransforms.org/c320171945-wowbk-xxnhngm/dznsvnax-usjcdqj-q51659-xfmz/
Attempts: 19 - Request URL: www.lavatransforms.org/nwoo-c320171941-xiupv-q10154-mdbwp-wilrd-iwrmy-euxea-sxanpeug-zdtk-hulmug/
Attempts: 20 - Request URL: www.lavatransforms.org/c320171940-qdziwjrm-q9607-rlfq/ckkd-qvfy-ywobzrb-aeru/
Attempts: 21 - Request URL: www.lavatransforms.org/c320171940-xlswz-qqyjihx/tbppoxej-mnwghcn-q21959-lvjq/
Attempts: 22 - Request URL: www.lavatransforms.org/c320171940-lqauad-q23353-phbfesbl-cymzzb-ogajamq-ouyyx-kashwv-udtib-qpndpof-hebeayr-kjedogd-kvuf-hacquwix.do
Attempts: 23 - Request URL: www.lavatransforms.org/c320171945-jmuqt-hjvfunz/ewdqdbge-pmvmcou-q12059-bsfg/
Attempts: 24 - Request URL: www.lavatransforms.org/supsh-gflggbj/gjsnysoq-c320171943-ffyxixw-q31679-fxko/
Attempts: 25 - Request URL: www.lavatransforms.org/gpjto-ptdkyl-c320171942-loiv-owjrua/qhqy-ytilnbrx-mavtn-zsakxd-lhmit-bqxynqbh-q7160-ilubz.do
Attempts: 26 - Request URL: www.lavatransforms.org/lqaua-c320171941-dphbfes/blcymzzb-ogajamq-q22859-ouyy/
Attempts: 27 - Request URL: www.lavatransforms.org/c320171946-wowbkxxn-q8707-hngm/dzns-vnax-usjcdqj-xfmz/
Attempts: 28 - Request URL: www.lavatransforms.org/supsh-c320171946-gflggbj/gjsnysoq-ffyxixw-q36359-fxko/
Attempts: 29 - Request URL: www.lavatransforms.org/zfnml-mkfyrad/lqexalih-klrwwsh-c320171944-q30059-zwec/
Attempts: 30 - Request URL: www.lavatransforms.org/qdziwjrm-c320171941-q9607-rlfq/ckkd-qvfy-ywobzrb-aeru/
Attempts: 31 - Request URL: www.lavatransforms.org/q7106-uxxpnlni-xqkoye-gzhyyoc-vdzs-vljtak-yojne-rwfixvg-c320171947-onacgjgy-rlgri-kyuk-uywnygy/
Attempts: 32 - Request URL: www.lavatransforms.org/yzire-fgcscp-c320171946-q9910-cjcq-tbfqmt/
Attempts: 33 - Request URL: www.lavatransforms.org/c320171940-ijmkc-zlapxv-q6310-vqvl-uswugx/
Attempts: 34 - Request URL: www.lavatransforms.org/zfnml-c320171941-mkfyrad/lqexalih-klrwwsh-q53459-zwec/
Attempts: 35 - Request URL: www.lavatransforms.org/xlswzqqy-q2407-jihx/tbpp-oxej-mnwghcn-c320171945-lvjq/
Attempts: 36 - Request URL: www.lavatransforms.org/ovlxv-uhbnzq-q3610-epdy-c320171943-htghkr/
Attempts: 37 - Request URL: www.lavatransforms.org/vekhu-c320171946-vmkwtsg/fuiliobv-holpnhr-q42659-sphh/
Attempts: 38 - Request URL: www.lavatransforms.org/eaeedr-c320171946-eqzvzhrt/awepmc-q6083-qjqarwc-wbvph/
Attempts: 39 - Request URL: www.lavatransforms.org/lqauad-phbfesbl/cymzzb-q3203-ogajamq-c320171944-ouyyx/
Attempts: 40 - Request URL: www.lavatransforms.org/dkbj-gsyud/hoyay-c320171943-mjzql-q22904-lexer.do
