Attempts: 1 - Request URL: www.lavatransforms.org/author/kim-cooper/salon510
Attempts: 2 - Request URL: www.lavatransforms.org/category/lava-vocabulary/dance/user/register
Attempts: 3 - Request URL: www.lavatransforms.org/category/poetry/page/2/Mikethepoetla.tumblr.com
Attempts: 4 - Request URL: www.lavatransforms.org/front-page/newsletter/subscriptions
Attempts: 5 - Request URL: www.lavatransforms.org/author/kim-cooper/salon510
Attempts: 6 - Request URL: www.lavatransforms.org/category/lava-vocabulary/dance/user/register
Attempts: 7 - Request URL: www.lavatransforms.org/category/poetry/page/2/Mikethepoetla.tumblr.com
Attempts: 8 - Request URL: www.lavatransforms.org/front-page/newsletter/subscriptions
Attempts: 9 - Request URL: www.lavatransforms.org/category/lava-vocabulary/user/register
Attempts: 10 - Request URL: www.lavatransforms.org/category/lava-vocabulary/user/register
Attempts: 11 - Request URL: www.lavatransforms.org/category/blog/salon510
Attempts: 12 - Request URL: www.lavatransforms.org/category/books/page/8/nydistilling.com
Attempts: 13 - Request URL: www.lavatransforms.org/category/lava-vocabulary/education/page/5/lavatransforms.org/scrapsteel
Attempts: 14 - Request URL: www.lavatransforms.org/category/talks/page/13/lavatransforms.org/scrapsteel
Attempts: 15 - Request URL: www.lavatransforms.org/flaneur-broadway-on-my-mind-2
Attempts: 16 - Request URL: www.lavatransforms.org/warchild
Attempts: 17 - Request URL: www.lavatransforms.org/category/lava-vocabulary/preservation/page/20/lavatransforms.org/scrapsteel
Attempts: 18 - Request URL: www.lavatransforms.org/category/lava-vocabulary/politics/page/4/itotushy
Attempts: 19 - Request URL: www.lavatransforms.org/category/preservation/page/2/user/register
Attempts: 20 - Request URL: www.lavatransforms.org/flaneur-broadway-on-my-mind-5
Attempts: 21 - Request URL: www.lavatransforms.org/category/free/page/8/nydistilling.com
Attempts: 22 - Request URL: www.lavatransforms.org/dorothyparker2013
Attempts: 23 - Request URL: www.lavatransforms.org/category/books/user/register
Attempts: 24 - Request URL: www.lavatransforms.org/category/lava-vocabulary/books/user/register
Attempts: 25 - Request URL: www.lavatransforms.org/category/lava-vocabulary/history/page/23/subscribe
Attempts: 26 - Request URL: www.lavatransforms.org/lavavisionary2014
Attempts: 27 - Request URL: www.lavatransforms.org/gbleq/glotir.php?hl=fhx-coc-fullmodapk.com
Attempts: 28 - Request URL: www.lavatransforms.org/chandler125
Attempts: 29 - Request URL: www.lavatransforms.org/category/history/page/21/salon213
Attempts: 30 - Request URL: www.lavatransforms.org/category/history/page/41/signups
Attempts: 31 - Request URL: www.lavatransforms.org/flaneur-broadway-on-my-mind-9
Attempts: 32 - Request URL: www.lavatransforms.org/2017-1-8-harveysbroiler-09091/
Attempts: 33 - Request URL: www.lavatransforms.org/event/cecil-catalina-bday2016/feed/
Attempts: 34 - Request URL: www.lavatransforms.org/2017-1-8-harveysbroiler_145846/
Attempts: 35 - Request URL: www.lavatransforms.org/event/boyle-heights-the-san-gabriel-valley-the-hidden-histories-of-l-a-s-melting-pot-tour-august-2016/feed/
Attempts: 36 - Request URL: www.lavatransforms.org/event/blood-dumplings-saturday-june-2017/feed/
Attempts: 37 - Request URL: www.lavatransforms.org/img_20170301_122217-pano-2/
Attempts: 38 - Request URL: www.lavatransforms.org/2017-1-8-harveysbroiler-09087/
