Attempts: 1 - Request URL: www.lavatransforms.org/wp-content/cache/busting/1/wp-content-plugins-jetpack-modules-sharedaddy-sharing-4.5.js
Attempts: 2 - Request URL: www.lavatransforms.org/wp-content/cache/busting/1/wp-includes-js-comment-reply.min-4.7.js
Attempts: 3 - Request URL: www.lavatransforms.org/wp-content/cache/busting/1/wp-content-plugins-jetpack-modules-sharedaddy-sharing-4.4.2.js
Attempts: 4 - Request URL: www.lavatransforms.org/wp-content/cache/busting/1/wp-content-plugins-jetpack-css-jetpack-4.6.css
Attempts: 5 - Request URL: www.lavatransforms.org/wp-content/cache/busting/1/wp-content-plugins-jetpack-modules-sharedaddy-sharing-4.6.js
Attempts: 6 - Request URL: www.lavatransforms.org/wp-content/cache/busting/1/wp-content-themes-event-themify-css-lightbox-3.1.0.css
Attempts: 7 - Request URL: www.lavatransforms.org/wp-content/cache/busting/1/wp-content-themes-event-skins-orange-style-3.1.0.css
Attempts: 8 - Request URL: www.lavatransforms.org/wp-content/cache/busting/1/wp-content-themes-event-media-queries-1.6.6.css
Attempts: 9 - Request URL: www.lavatransforms.org/wp-content/cache/busting/1/wp-content-themes-event-js-modernizr-3.3.1.min-1.6.6.js
Attempts: 10 - Request URL: www.lavatransforms.org/wp-content/cache/busting/1/wp-content-themes-event-js-jquery.masonry.min-1.6.6.js
Attempts: 11 - Request URL: www.lavatransforms.org/wp-content/cache/busting/1/wp-content-plugins-jetpack-css-jetpack-4.7.1.css
Attempts: 12 - Request URL: www.lavatransforms.org/wp-content/cache/busting/1/wp-content-themes-event-themify-fontawesome-css-font-awesome.min-1.6.6.css
Attempts: 13 - Request URL: www.lavatransforms.org/wp-content/cache/busting/1/wp-content-themes-event-themify-js-lightbox-3.1.0.js
Attempts: 14 - Request URL: www.lavatransforms.org/wp-content/cache/busting/1/wp-content-themes-event-js-jquery.dominant-color-1.6.6.js
Attempts: 15 - Request URL: www.lavatransforms.org/wp-content/cache/busting/1/wp-content-themes-event-themify-js-carousel-3.1.0.js
Attempts: 16 - Request URL: www.lavatransforms.org/wp-content/cache/busting/1/wp-content-themes-event-js-themify.script-1.6.6.js
Attempts: 17 - Request URL: www.lavatransforms.org/wp-content/cache/busting/1/wp-content-uploads-themify-css-themify-builder-6018-generated-17.03.20.13.37.36.css
Attempts: 18 - Request URL: www.lavatransforms.org/wp-content/cache/busting/1/wp-content-themes-event-style-1.6.6.css
Attempts: 19 - Request URL: www.lavatransforms.org/wp-content/cache/busting/1/wp-content-themes-event-themify-js-main-3.1.0.js
Attempts: 20 - Request URL: www.lavatransforms.org/wp-content/cache/busting/1/wp-content-themes-event-themify-js-themify.sidemenu-1.6.6.js
