Attempts: 1 - Request URL: www.lavatransforms.org/event/salon117/feed/
Attempts: 2 - Request URL: www.lavatransforms.org/category/books/page/2/user/register
Attempts: 3 - Request URL: www.lavatransforms.org/category/nature/page/4/newsletter/subscriptions
Attempts: 4 - Request URL: www.lavatransforms.org/event/weird-west-adams-crime-bus-tour-2/feed/
Attempts: 5 - Request URL: www.lavatransforms.org/event/crawling-down-cahuenga-tom-waits-l-a-tour/feed/
Attempts: 6 - Request URL: www.lavatransforms.org/gbleq/glotir.php?hl=mere-rashkey-kmar-mp3-song-rahat-fatey-ali-khan
Attempts: 7 - Request URL: www.lavatransforms.org/category/lava-vocabulary/talks/user/login
Attempts: 8 - Request URL: www.lavatransforms.org/category/lava-exclusives/page/8/salon213
Attempts: 9 - Request URL: www.lavatransforms.org/user/45
Attempts: 10 - Request URL: www.lavatransforms.org/2015/01/29/lavas-41st-sunday-salon/user/register
Attempts: 11 - Request URL: www.lavatransforms.org/2015/02/18/lavas-42nd-sunday-salon/user/login
Attempts: 12 - Request URL: www.lavatransforms.org/category/lava-vocabulary/books/page/11/subscribe
Attempts: 13 - Request URL: www.lavatransforms.org/category/spirituality/page/3/lavatransforms.org/flaneur-broadway-on-my-mind-6
Attempts: 14 - Request URL: www.lavatransforms.org/event/hotel-horrors-main-street-vice-3-26-16/feed/
Attempts: 15 - Request URL: www.lavatransforms.org/user/259
Attempts: 16 - Request URL: www.lavatransforms.org/category/lava-vocabulary/lava-exclusives/user/register
Attempts: 17 - Request URL: www.lavatransforms.org/2013/01/30/tour-is-full-tour-of-judson-glass-studios/southwestmuseum2013
Attempts: 18 - Request URL: www.lavatransforms.org/category/lava-vocabulary/talks/page/10/subscribe
Attempts: 19 - Request URL: www.lavatransforms.org/category/lava-vocabulary/nature/user/login
Attempts: 20 - Request URL: www.lavatransforms.org/category/lava-vocabulary/tours/page/15/southwestmuseum2013
Attempts: 21 - Request URL: www.lavatransforms.org/johniesdemo2007-2/
Attempts: 22 - Request URL: www.lavatransforms.org/event/salon517/feed/
Attempts: 23 - Request URL: www.lavatransforms.org/video-category/uncategorized/ArchersBooks.com
Attempts: 24 - Request URL: www.lavatransforms.org/category/architecturedesign/page/13/salon213
Attempts: 25 - Request URL: www.lavatransforms.org/category/history/page/39/itotushy
Attempts: 26 - Request URL: www.lavatransforms.org/category/free/page/11/southwestmuseum2013
Attempts: 27 - Request URL: www.lavatransforms.org/event/the-real-black-dahlia-april-17-2016/feed/
Attempts: 28 - Request URL: www.lavatransforms.org/2015/05/27/canceled-lavas-44th-sunday-salon/user/register
Attempts: 29 - Request URL: www.lavatransforms.org/event/broadway-on-my-mind-pereira/feed/
Attempts: 30 - Request URL: www.lavatransforms.org/event/haunts-of-a-dirty-old-man-charles-bukowskis-los-angeles-tour-4/feed/
Attempts: 31 - Request URL: www.lavatransforms.org/salon-cooper-rogers-march2014
Attempts: 32 - Request URL: www.lavatransforms.org/category/dance/user/register
Attempts: 33 - Request URL: www.lavatransforms.org/category/lava-exclusives/page/8/southwestmuseum2013
Attempts: 34 - Request URL: www.lavatransforms.org/category/lava-vocabulary/technology/user/register
Attempts: 35 - Request URL: www.lavatransforms.org/event/south-l-a-road-trip-hot-rods-adobes-googie-early-modernism-august-2016/feed/
Attempts: 36 - Request URL: www.lavatransforms.org/category/lava-vocabulary/lava-exclusives/page/8/elalisal2013
Attempts: 37 - Request URL: www.lavatransforms.org/johnies1_sam/
Attempts: 38 - Request URL: www.lavatransforms.org/category/books/page/6/lavatransforms.org/flaneur-broadway-on-my-mind-6
Attempts: 39 - Request URL: www.lavatransforms.org/category/lava-vocabulary/preservation/page/13/cellartourkingeddydec2012
Attempts: 40 - Request URL: www.lavatransforms.org/event/pasadena-confidential-april-9-2016/feed/
