Attempts: 1 - Request URL: www.lavatransforms.org/wp-content/cache/busting/1/wp-content-plugins-jetpack-modules-sharedaddy-sharing-4.6.js
Attempts: 2 - Request URL: www.lavatransforms.org/wp-content/cache/busting/1/wp-content-plugins-jetpack-css-jetpack-4.6.css
Attempts: 3 - Request URL: www.lavatransforms.org/wp-content/cache/busting/1/wp-content-themes-event-js-themify.script.js
Attempts: 4 - Request URL: www.lavatransforms.org/wp-content/cache/busting/1/wp-content-plugins-themify-tiles-assets-jquery.smartresize.js
Attempts: 5 - Request URL: www.lavatransforms.org/wp-content/cache/busting/1/wp-includes-js-imagesloaded.min.js
Attempts: 6 - Request URL: www.lavatransforms.org/wp-content/cache/busting/1/wp-content-themes-event-skins-orange-style.css
Attempts: 7 - Request URL: www.lavatransforms.org/wp-content/cache/busting/1/wp-content-plugins-wp-stats-stats-css.css
Attempts: 8 - Request URL: www.lavatransforms.org/wp-content/cache/busting/1/wp-includes-js-jquery-jquery.js
Attempts: 9 - Request URL: www.lavatransforms.org/wp-content/cache/busting/1/wp-content-plugins-themify-tiles-assets-script.js
Attempts: 10 - Request URL: www.lavatransforms.org/wp-content/cache/busting/1/wp-content-themes-event-themify-css-themify.framework.css
Attempts: 11 - Request URL: www.lavatransforms.org/wp-content/cache/busting/1/wp-content-themes-event-themify-js-lightbox.js
Attempts: 12 - Request URL: www.lavatransforms.org/wp-content/cache/busting/1/wp-content-plugins-themify-tiles-assets-themify.widegallery.js
Attempts: 13 - Request URL: www.lavatransforms.org/wp-content/cache/busting/1/wp-content-plugins-themify-tiles-includes-themify-builder-css-animate.min.css
Attempts: 14 - Request URL: www.lavatransforms.org/wp-content/cache/busting/1/wp-includes-js-jquery-jquery-migrate.min.js
Attempts: 15 - Request URL: www.lavatransforms.org/wp-content/cache/busting/1/wp-content-themes-event-media-queries.css
Attempts: 16 - Request URL: www.lavatransforms.org/wp-content/cache/busting/1/wp-content-uploads-themify-customizer.css
Attempts: 17 - Request URL: www.lavatransforms.org/wp-content/cache/busting/1/wp-includes-js-wp-embed.min.js
Attempts: 18 - Request URL: www.lavatransforms.org/wp-content/cache/busting/1/wp-content-plugins-jetpack-css-jetpack.css
Attempts: 19 - Request URL: www.lavatransforms.org/wp-content/cache/busting/1/wp-content-themes-event-themify-js-carousel.js
Attempts: 20 - Request URL: www.lavatransforms.org/wp-content/cache/busting/1/wp-content-themes-event-themify-js-main.js
Attempts: 21 - Request URL: www.lavatransforms.org/wp-content/cache/busting/1/wp-content-plugins-builder-contact-assets-scripts.js
Attempts: 22 - Request URL: www.lavatransforms.org/wp-content/cache/busting/1/wp-content-plugins-builder-contact-assets-style.css
Attempts: 23 - Request URL: www.lavatransforms.org/wp-content/cache/busting/1/wp-content-themes-event-style.css
Attempts: 24 - Request URL: www.lavatransforms.org/wp-content/cache/busting/1/wp-content-plugins-wp-power-stats-wp-power-stats.js
Attempts: 25 - Request URL: www.lavatransforms.org/wp-content/cache/busting/1/wp-content-themes-event-themify-js-themify.sidemenu.js
Attempts: 26 - Request URL: www.lavatransforms.org/wp-content/cache/busting/1/wp-content-themes-event-themify-js-themify.gallery.js
Attempts: 27 - Request URL: www.lavatransforms.org/wp-content/cache/busting/1/wp-content-plugins-jetpack-modules-wpgroho.js
Attempts: 28 - Request URL: www.lavatransforms.org/wp-content/cache/busting/1/wp-content-themes-event-themify-themify-builder-css-themify-builder-style.css
Attempts: 29 - Request URL: www.lavatransforms.org/wp-content/cache/busting/1/wp-content-themes-event-js-jquery.masonry.min.js
Attempts: 30 - Request URL: www.lavatransforms.org/wp-content/cache/busting/1/wp-content-themes-event-js-modernizr-3.3.1.min.js
Attempts: 31 - Request URL: www.lavatransforms.org/wp-content/cache/busting/1/wp-content-plugins-builder-button-assets-scripts.js
Attempts: 32 - Request URL: www.lavatransforms.org/wp-content/cache/busting/1/wp-content-plugins-builder-button-assets-style.css
Attempts: 33 - Request URL: www.lavatransforms.org/wp-content/cache/busting/1/wp-includes-js-jquery-jquery.masonry.min.js
Attempts: 34 - Request URL: www.lavatransforms.org/wp-content/cache/busting/1/wp-content-themes-event-themify-css-lightbox.css
Attempts: 35 - Request URL: www.lavatransforms.org/wp-content/cache/busting/1/wp-content-themes-event-js-jquery.dominant-color.js
Attempts: 36 - Request URL: www.lavatransforms.org/wp-content/cache/busting/1/wp-content-plugins-jetpack-modules-sharedaddy-sharing-4.5.js
Attempts: 37 - Request URL: www.lavatransforms.org/wp-content/cache/busting/1/wp-content-plugins-akismet-_inc-form-3.2.js
