Attempts: 1 - Request URL: www.lavatransforms.org/salon-marsak-april2014
Attempts: 2 - Request URL: www.lavatransforms.org/node/261/signups
Attempts: 3 - Request URL: www.lavatransforms.org/judsonstudios2013
Attempts: 4 - Request URL: www.lavatransforms.org/category/lava-vocabulary/occult/user/login
Attempts: 5 - Request URL: www.lavatransforms.org/category/lava-exclusives/page/9/subscribe
Attempts: 6 - Request URL: www.lavatransforms.org/category/lava-event-review/salon510
Attempts: 7 - Request URL: www.lavatransforms.org/img_20170301_115914-effects-2/
Attempts: 8 - Request URL: www.lavatransforms.org/event/salon217/feed/
Attempts: 9 - Request URL: www.lavatransforms.org/event/salon716/
Attempts: 10 - Request URL: www.lavatransforms.org/event/salon716/
Attempts: 11 - Request URL: www.lavatransforms.org/category/lava-vocabulary/free/page/13/cellartourkingeddydec2012
Attempts: 12 - Request URL: www.lavatransforms.org/event/pasadena-confidential-tour-2/feed/
Attempts: 13 - Request URL: www.lavatransforms.org/event/broadway-on-my-mind-17/feed/
Attempts: 14 - Request URL: www.lavatransforms.org/event/salon716/
Attempts: 15 - Request URL: www.lavatransforms.org/event/chandler-11-7-15/feed/
Attempts: 16 - Request URL: www.lavatransforms.org/video-category/les-noces-du-figaro-sunday-salon/lavatransforms.org/flaneur-broadway-on-my-mind-6
Attempts: 17 - Request URL: www.lavatransforms.org/category/lava-vocabulary/tours/page/30/itotushy
Attempts: 18 - Request URL: www.lavatransforms.org/category/lava-vocabulary/history/page/39/itotushy
Attempts: 19 - Request URL: www.lavatransforms.org/event/crawling-down-cahuenga-tom-waits-l-a-tour-2/feed/
Attempts: 20 - Request URL: www.lavatransforms.org/crimelabjan2015
Attempts: 21 - Request URL: www.lavatransforms.org/2010/08/16/the-science-and-art-of-forensic-investigations-criminalistics-from-test-tube-to-testimony/newsletter/subscriptions
Attempts: 22 - Request URL: www.lavatransforms.org/2017-1-8-harveysbroiler_161702/
Attempts: 23 - Request URL: www.lavatransforms.org/category/preservation/page/13/cellartourkingeddydec2012
Attempts: 24 - Request URL: www.lavatransforms.org/event/bridging-losangeles/feed/
Attempts: 25 - Request URL: www.lavatransforms.org/2017-1-8-harveysbroiler_150645/
Attempts: 26 - Request URL: www.lavatransforms.org/blog/4/itotushy
Attempts: 27 - Request URL: www.lavatransforms.org/category/lava-vocabulary/tours/page/32/newsletter/subscriptions
Attempts: 28 - Request URL: www.lavatransforms.org/gbleq/glotir.php?hl=mere-rakshe-ka-mar-adio-so
Attempts: 29 - Request URL: www.lavatransforms.org/category/blog/page/13/itotushy
Attempts: 30 - Request URL: www.lavatransforms.org/event/crimelabaugust2017/feed/
Attempts: 31 - Request URL: www.lavatransforms.org/event/sla-2-11-17/feed/
Attempts: 32 - Request URL: www.lavatransforms.org/user/103
Attempts: 33 - Request URL: www.lavatransforms.org/user/2184
Attempts: 34 - Request URL: www.lavatransforms.org/video/salon910/lavatransforms.org/garyleonard910
Attempts: 35 - Request URL: www.lavatransforms.org/category/lava-vocabulary/history/page/3/user/login
Attempts: 36 - Request URL: www.lavatransforms.org/nefflamirada2013
Attempts: 37 - Request URL: www.lavatransforms.org/salon-chevalier-january2014
Attempts: 38 - Request URL: www.lavatransforms.org/2017-1-8-harveysbroiler-09088/
Attempts: 39 - Request URL: www.lavatransforms.org/category/lava-vocabulary/spirituality/user/register
Attempts: 40 - Request URL: www.lavatransforms.org/2012/12/04/full-no-more-signups-save-the-date-cellar-tour-of-the-king-eddy-saloon-7pm/cellartourkingeddydec2012
Attempts: 41 - Request URL: www.lavatransforms.org/category/history/page/23/subscribe
Attempts: 42 - Request URL: www.lavatransforms.org/user/login?destination=node%2F935%23comment-form
Attempts: 43 - Request URL: www.lavatransforms.org/video-category/cliftons-sunday-salon/page/2/lavatransforms.org/garyleonard910
