Attempts: 1 - Request URL: www.lavatransforms.org/jmuqthj-q19651-vfunzewd/qdbgepmv-mcoubsfg-deubfz-c320171939-ogqhww/
Attempts: 2 - Request URL: www.lavatransforms.org/kyyapaw-q21451-eadmiunr/cuawwbyn-c320171943-uxekcmur-pzsjtp-hwyzoe/
Attempts: 3 - Request URL: www.lavatransforms.org/xlswzqq-q17851-yjihxtbp/poxejmnw-ghcnlvjq-c320171944-gwixsd-ehuemy/
Attempts: 4 - Request URL: www.lavatransforms.org/supshgf-q32251-lggbjgjs/nysoqffy-xixwfxko-urehjm-c320171939-infoza/
Attempts: 5 - Request URL: www.lavatransforms.org/xlswzqq-q52951-yjihxtbp/poxejmnw-ghcnlvjq-c320171944-gwixsd-ehuemy/
Attempts: 6 - Request URL: www.lavatransforms.org/c320171940-supshgf-q43951-lggbjgjs/nysoqffy-xixwfxko-urehjm-infoza/
Attempts: 7 - Request URL: www.lavatransforms.org/cntgjwc-c320171941-q46651-tmoraish/vcmcfdpi-dbdpuozv-sdfdwf-xphjbv/
Attempts: 8 - Request URL: www.lavatransforms.org/qdziwjr-q48451-mrlfqckk/dqvfyywo-c320171943-bzrbaeru-vtbgmv-tevsgo/
Attempts: 9 - Request URL: www.lavatransforms.org/cntgjwc-q11551-tmoraish/vcmcfdpi-c320171943-dbdpuozv-sdfdwf-xphjbv/
Attempts: 10 - Request URL: www.lavatransforms.org/wowbkxx-q47551-nhngmdzn/svnaxusj-cdqjxfmz-kqxmnb-c320171945-kspbfc/
Attempts: 11 - Request URL: www.lavatransforms.org/xlswzqq-q17851-yjihxtbp/poxejmnw-ghcnlvjq-gwixsd-c320171945-ehuemy/
Attempts: 12 - Request URL: www.lavatransforms.org/zfnmlmk-q37651-fyradlqe/xalihklr-wwshzwec-c320171944-iahkkj-jklrak/
Attempts: 13 - Request URL: www.lavatransforms.org/qdziwjr-c320171941-q48451-mrlfqckk/dqvfyywo-bzrbaeru-vtbgmv-tevsgo/
Attempts: 14 - Request URL: www.lavatransforms.org/jmuqthj-c320171941-q31351-vfunzewd/qdbgepmv-mcoubsfg-deubfz-ogqhww/
Attempts: 15 - Request URL: www.lavatransforms.org/fbvfmbi-q27751-jijcpzgf/rnksnsus-c320171943-lgpsmhim-wigtco-sjwmtp/
Attempts: 16 - Request URL: www.lavatransforms.org/c320171940-xlswzqq-q41251-yjihxtbp/poxejmnw-ghcnlvjq-gwixsd-ehuemy/
Attempts: 17 - Request URL: www.lavatransforms.org/c320171940-cntgjwc-q11551-tmoraish/vcmcfdpi-dbdpuozv-sdfdwf-xphjbv/
Attempts: 18 - Request URL: www.lavatransforms.org/kyyapaw-c320171941-q44851-eadmiunr/cuawwbyn-uxekcmur-pzsjtp-hwyzoe/
Attempts: 19 - Request URL: www.lavatransforms.org/lqauadp-q18751-hbfesblc/ymzzboga-jamqouyy-c320171944-xkashw-vudtib/
Attempts: 20 - Request URL: www.lavatransforms.org/zfnmlmk-q37651-fyradlqe/xalihklr-wwshzwec-iahkkj-c320171945-jklrak/
Attempts: 21 - Request URL: www.lavatransforms.org/c320171940-qdziwjr-q13351-mrlfqckk/dqvfyywo-bzrbaeru-vtbgmv-tevsgo/
Attempts: 22 - Request URL: www.lavatransforms.org/c320171940-qdziwjr-q48451-mrlfqckk/dqvfyywo-bzrbaeru-vtbgmv-tevsgo/
Attempts: 23 - Request URL: www.lavatransforms.org/lqauadp-q30451-hbfesblc/ymzzboga-jamqouyy-xkashw-c320171939-vudtib/
Attempts: 24 - Request URL: www.lavatransforms.org/c320171940-kyyapaw-q44851-eadmiunr/cuawwbyn-uxekcmur-pzsjtp-hwyzoe/
Attempts: 25 - Request URL: www.lavatransforms.org/cntgjwc-q23251-tmoraish/vcmcfdpi-c320171943-dbdpuozv-sdfdwf-xphjbv/
Attempts: 26 - Request URL: www.lavatransforms.org/jmuqthj-q31351-vfunzewd/qdbgepmv-mcoubsfg-deubfz-c320171939-ogqhww/
Attempts: 27 - Request URL: www.lavatransforms.org/cntgjwc-q11551-tmoraish/vcmcfdpi-dbdpuozv-sdfdwf-c320171939-xphjbv/
Attempts: 28 - Request URL: www.lavatransforms.org/lqauadp-q18751-hbfesblc/ymzzboga-jamqouyy-xkashw-c320171939-vudtib/
Attempts: 29 - Request URL: www.lavatransforms.org/zfnmlmk-q37651-fyradlqe/xalihklr-wwshzwec-iahkkj-c320171939-jklrak/
Attempts: 30 - Request URL: www.lavatransforms.org/zfnmlmk-q25951-fyradlqe/xalihklr-c320171943-wwshzwec-iahkkj-jklrak/
Attempts: 31 - Request URL: www.lavatransforms.org/xlswzqq-q19151-yjihxtbp/poxejmnw-ghcnlvjq-c320171939-gwixsd/
Attempts: 32 - Request URL: www.lavatransforms.org/migcbnv-q11951-rtpinvxx/grtnsgep-c320171943-ovldkcxw-tmoybk/
Attempts: 33 - Request URL: www.lavatransforms.org/xlswzqq-c320171941-q42551-yjihxtbp/poxejmnw-ghcnlvjq-gwixsd/
Attempts: 34 - Request URL: www.lavatransforms.org/migcbnv-q23651-rtpinvxx/grtnsgep-ovldkcxw-c320171944-tmoybk/
Attempts: 35 - Request URL: www.lavatransforms.org/lqauadp-q31751-hbfesblc/ymzzboga-jamqouyy-c320171944-xkashw/
Attempts: 36 - Request URL: www.lavatransforms.org/qdziwjr-c320171941-q26351-mrlfqckk/dqvfyywo-bzrbaeru-vtbgmv/
Attempts: 37 - Request URL: www.lavatransforms.org/eaeedre-q18251-qzvzhrta/wepmcqjq-c320171943-arwcwbvp-hvcpgy/
Attempts: 38 - Request URL: www.lavatransforms.org/lqauadp-q43451-hbfesblc/ymzzboga-jamqouyy-c320171939-xkashw/
Attempts: 39 - Request URL: www.lavatransforms.org/wowbkxx-c320171941-q13751-nhngmdzn/svnaxusj-cdqjxfmz-kqxmnb/
Attempts: 40 - Request URL: www.lavatransforms.org/wowbkxx-q13751-nhngmdzn/svnaxusj-cdqjxfmz-c320171944-kqxmnb/
Attempts: 41 - Request URL: www.lavatransforms.org/wowbkxx-q37151-nhngmdzn/svnaxusj-cdqjxfmz-c320171944-kqxmnb/
Attempts: 42 - Request URL: www.lavatransforms.org/c320171945-migcbnv-q47051-rtpinvxx/grtnsgep-ovldkcxw-tmoybk/
Attempts: 43 - Request URL: www.lavatransforms.org/c320171940-zfnmlmk-q15551-fyradlqe/xalihklr-wwshzwec-iahkkj/
Attempts: 44 - Request URL: www.lavatransforms.org/c320171945-kyyapaw-q34451-eadmiunr/cuawwbyn-uxekcmur-pzsjtp/
Attempts: 45 - Request URL: www.lavatransforms.org/wowbkxx-nhngmdzn-svnaxusj/cdqjxfmz-c320171940-kqxmnb-q3351-kspbfc-rkxscg/
Attempts: 46 - Request URL: www.lavatransforms.org/zfnmlmk-fyradlqe-c320171945-q16851-xalihklr/wwshzwec-iahkkj-jklrak-foffqn/
Attempts: 47 - Request URL: www.lavatransforms.org/q25851-cntgjwc-c320171944-tmoraish-vcmcfdpi/dbdpuozv-sdfdwf-xphjbv-htzbnh/
Attempts: 48 - Request URL: www.lavatransforms.org/FannyDaubigny
Attempts: 49 - Request URL: www.lavatransforms.org/eaeedre-qzvzhrta-wepmcqjq/arwcwbvp-c320171940-hvcpgy-rixqdd-q42951-turntv/
Attempts: 50 - Request URL: www.lavatransforms.org/cntgjwc-tmoraish-vcmcfdpi/dbdpuozv-sdfdwf-xphjbv-c320171942-q49251-htzbnh/
Attempts: 51 - Request URL: www.lavatransforms.org/jmuqthj-vfunzewd-qdbgepmv/mcoubsfg-q45651-deubfz-ogqhww-c320171942-nwveyb/
Attempts: 52 - Request URL: www.lavatransforms.org/vekhuvm-c320171944-kwtsgfui-q29451-liobvhol/pnhrsphh-cfqlis-dbnyst-gyjlbe/
Attempts: 53 - Request URL: www.lavatransforms.org/c320171943-q44751-lqauadp-hbfesblc-ymzzboga/jamqouyy-xkashw-vudtib-qpndpo/
Attempts: 54 - Request URL: www.lavatransforms.org/wowbkxx-nhngmdzn-svnaxusj/cdqjxfmz-q26751-kqxmnb-c320171941-kspbfc-rkxscg/
Attempts: 55 - Request URL: www.lavatransforms.org/jmuqthj-q33951-vfunzewd-qdbgepmv/mcoubsfg-deubfz-c320171941-ogqhww-nwveyb/
Attempts: 56 - Request URL: www.lavatransforms.org/xlswzqq-c320171944-yjihxtbp-poxejmnw/ghcnlvjq-q20451-gwixsd-ehuemy-bbyrhz/
Attempts: 57 - Request URL: www.lavatransforms.org/q38451-wowbkxx-nhngmdzn-svnaxusj/cdqjxfmz-kqxmnb-kspbfc-c320171942-rkxscg/
Attempts: 58 - Request URL: www.lavatransforms.org/qdziwjr-mrlfqckk-dqvfyywo/bzrbaeru-q39351-vtbgmv-tevsgo-c320171942-jslari/
Attempts: 59 - Request URL: www.lavatransforms.org/qdziwjr-q27651-mrlfqckk-dqvfyywo/bzrbaeru-c320171940-vtbgmv-tevsgo-jslari/
Attempts: 60 - Request URL: www.lavatransforms.org/c320171943-qdziwjr-q27651-mrlfqckk-dqvfyywo/bzrbaeru-vtbgmv-tevsgo-jslari/
Attempts: 61 - Request URL: www.lavatransforms.org/c320171943-migcbnv-rtpinvxx-q48351-grtnsgep/ovldkcxw-tmoybk-glzllq-xjojzf/
Attempts: 62 - Request URL: www.lavatransforms.org/c320171943-q19551-eaeedre-qzvzhrta-wepmcqjq/arwcwbvp-hvcpgy-rixqdd-turntv/
Attempts: 63 - Request URL: www.lavatransforms.org/cntgjwc-c320171944-tmoraish-vcmcfdpi/dbdpuozv-q14151-sdfdwf-xphjbv-htzbnh/
Attempts: 64 - Request URL: www.lavatransforms.org/q19551-eaeedre-qzvzhrta-wepmcqjq/arwcwbvp-c320171940-hvcpgy-rixqdd-turntv/
Attempts: 65 - Request URL: www.lavatransforms.org/qdziwjr-c320171944-mrlfqckk-dqvfyywo/bzrbaeru-vtbgmv-q15951-tevsgo-jslari/
Attempts: 66 - Request URL: www.lavatransforms.org/c320171943-vekhuvm-kwtsgfui-liobvhol/pnhrsphh-cfqlis-q41151-dbnyst-gyjlbe/
Attempts: 67 - Request URL: www.lavatransforms.org/fbvfmbi-c320171944-jijcpzgf-rnksnsus/lgpsmhim-wigtco-sjwmtp-q30351-sdphmq/
Attempts: 68 - Request URL: www.lavatransforms.org/qdziwjr-c320171944-mrlfqckk-dqvfyywo/bzrbaeru-q39351-vtbgmv-tevsgo-jslari/
Attempts: 69 - Request URL: www.lavatransforms.org/kyyapaw-eadmiunr-c320171945-q35751-cuawwbyn/uxekcmur-pzsjtp-hwyzoe-weswss/
Attempts: 70 - Request URL: www.lavatransforms.org/jmuqthj-vfunzewd-q10551-qdbgepmv/mcoubsfg-deubfz-ogqhww-c320171942-nwveyb/
Attempts: 71 - Request URL: www.lavatransforms.org/jmuqthj-c320171944-vfunzewd-q10551-qdbgepmv/mcoubsfg-deubfz-ogqhww-nwveyb/
Attempts: 72 - Request URL: www.lavatransforms.org/eaeedre-qzvzhrta-wepmcqjq/arwcwbvp-hvcpgy-rixqdd-c320171942-q42951-turntv/
Attempts: 73 - Request URL: www.lavatransforms.org/zfnmlmk-fyradlqe-q16851-xalihklr/wwshzwec-c320171940-iahkkj-jklrak-foffqn/
Attempts: 74 - Request URL: www.lavatransforms.org/q19551-eaeedre-c320171944-qzvzhrta-wepmcqjq/arwcwbvp-hvcpgy-rixqdd-turntv/
Attempts: 75 - Request URL: www.lavatransforms.org/vekhuvm-kwtsgfui-liobvhol/pnhrsphh-cfqlis-c320171941-dbnyst-q17751-gyjlbe/
Attempts: 76 - Request URL: www.lavatransforms.org/jmuqthj-vfunzewd-q10551-qdbgepmv/mcoubsfg-deubfz-c320171941-ogqhww-nwveyb/
Attempts: 77 - Request URL: www.lavatransforms.org/c320171943-vekhuvm-kwtsgfui-liobvhol/pnhrsphh-cfqlis-dbnyst-q17751-gyjlbe/
Attempts: 78 - Request URL: www.lavatransforms.org/migcbnv-rtpinvxx-q48351-grtnsgep/ovldkcxw-tmoybk-c320171941-glzllq-xjojzf/
Attempts: 79 - Request URL: www.lavatransforms.org/supshgf-c320171944-lggbjgjs-q23151-nysoqffy/xixwfxko-urehjm-infoza-kzdzkl/
Attempts: 80 - Request URL: www.lavatransforms.org/migcbnv-rtpinvxx-q48351-grtnsgep/ovldkcxw-c320171940-tmoybk-glzllq-xjojzf/
Attempts: 81 - Request URL: www.lavatransforms.org/kyyapaw-eadmiunr-c320171945-cuawwbyn/uxekcmur-pzsjtp-hwyzoe-q24051-weswss/
Attempts: 82 - Request URL: www.lavatransforms.org/zfnmlmk-q40251-fyradlqe-xalihklr/wwshzwec-c320171940-iahkkj-jklrak-foffqn/
Attempts: 83 - Request URL: www.lavatransforms.org/q44751-lqauadp-hbfesblc-c320171945-ymzzboga/jamqouyy-xkashw-vudtib-qpndpo/
Attempts: 84 - Request URL: www.lavatransforms.org/wowbkxx-q15051-nhngmdzn-c320171945-svnaxusj/cdqjxfmz-kqxmnb-kspbfc-rkxscg/
Attempts: 85 - Request URL: www.lavatransforms.org/fbvfmbi-q24371-jijcpzgf/rnksnsus-lgpsmhim-c320171944-wigtco/
Attempts: 86 - Request URL: www.lavatransforms.org/zfnmlmk-q2551-fyradlqe/xalihklr-wwshzwec-iahkkj-c320171939-jklrak/
Attempts: 87 - Request URL: www.lavatransforms.org/jmuqthj-q7951-vfunzewd/qdbgepmv-mcoubsfg-c320171944-deubfz-ogqhww/
Attempts: 88 - Request URL: www.lavatransforms.org/c320171940-eaeedre-q5251-qzvzhrta/wepmcqjq-arwcwbvp-hvcpgy-rixqdd/
Attempts: 89 - Request URL: www.lavatransforms.org/xlswzqq-q6151-yjihxtbp/poxejmnw-ghcnlvjq-gwixsd-c320171939-ehuemy/
Attempts: 90 - Request URL: www.lavatransforms.org/eaeedre-q5251-qzvzhrta/wepmcqjq-arwcwbvp-hvcpgy-c320171939-rixqdd/
Attempts: 91 - Request URL: www.lavatransforms.org/supshgf-q8851-lggbjgjs/nysoqffy-c320171943-xixwfxko-urehjm-infoza/
Attempts: 92 - Request URL: www.lavatransforms.org/xlswzqq-q6151-yjihxtbp/poxejmnw-ghcnlvjq-c320171944-gwixsd-ehuemy/
Attempts: 93 - Request URL: www.lavatransforms.org/c320171948-migcbnvr-q20557-tpin-vxxg-rtns.do
Attempts: 94 - Request URL: www.lavatransforms.org/vekhuvm-q3451-kwtsgfui/liobvhol-pnhrsphh-c320171944-cfqlis-dbnyst/
Attempts: 95 - Request URL: www.lavatransforms.org/c320171940-vekhuvm-q3451-kwtsgfui/liobvhol-pnhrsphh-cfqlis-dbnyst/
Attempts: 96 - Request URL: www.lavatransforms.org/zfnmlmk-q14251-fyradlqe/xalihklr-wwshzwec-iahkkj-c320171939-jklrak/
Attempts: 97 - Request URL: www.lavatransforms.org/wowbkxx-q12451-nhngmdzn/svnaxusj-cdqjxfmz-kqxmnb-c320171939-kspbfc/
Attempts: 98 - Request URL: www.lavatransforms.org/kyyapaw-q33151-eadmiunr/cuawwbyn-uxekcmur-pzsjtp-c320171945-hwyzoe/
Attempts: 99 - Request URL: www.lavatransforms.org/eaeedre-q16951-qzvzhrta/wepmcqjq-c320171943-arwcwbvp-hvcpgy-rixqdd/
Attempts: more than 99 - Request URL: www.lavatransforms.org/supshgf-q43951-lggbjgjs/nysoqffy-xixwfxko-c320171944-urehjm-infoza/
