Attempts: 1 - Request URL: www.lavatransforms.org/fbvfm-bijijcp/zgfrnksn-suslgps-c320171939-q20159-mhim/
Attempts: 2 - Request URL: www.lavatransforms.org/yzir-c320171941-efgcs-cpcjc-qtbfq/mtdks-qzegr-qjzlvilu-mrec-umcfqi-eyvwjv-q32504-ukhsgbai.do
Attempts: 3 - Request URL: www.lavatransforms.org/ovlxv-c320171945-uhbnzq-q50410-epdy-htghkr/
Attempts: 4 - Request URL: www.lavatransforms.org/migcb-nvrtpin/vxxgrtns-c320171943-gepovld-q49859-kcxw/
Attempts: 5 - Request URL: www.lavatransforms.org/fbvf-mbiji-c320171942-jcpzgfr-nksnsu/slgpsmhi-mwig-tcosjwmt-psdph-q38255-mqhjhdoe-odnin-fepchw/
Attempts: 6 - Request URL: www.lavatransforms.org/c320171940-lqauadp-hbfesblc-q12251-ymzzboga-jamqouyy/xkashw-vudtib-qpndpo-fhebea-yrkj/
Attempts: 7 - Request URL: www.lavatransforms.org/ovlxvuh-bnzq-epdyh-c320171943-tghkrhch-knargba-qyyvohl-acpnzp-aeyf-rocwucv-liox-q16558-xrizjoyi-nxbpkp/
Attempts: 8 - Request URL: www.lavatransforms.org/lqau-adphb-c320171942-fesblcy-mzzbog/ajamqouy-yxka-q29255-shwvudti-bqpnd-pofhebea-yrkje-dogdkv/
Attempts: 9 - Request URL: www.lavatransforms.org/wp-content/uploads/2015/10/1950sPershing-1024x600.jpg
Attempts: 10 - Request URL: www.lavatransforms.org/psfvr-c320171941-cazoby-q49510-tkrz-bghtdl/
Attempts: 11 - Request URL: www.lavatransforms.org/hank2014
Attempts: 12 - Request URL: www.lavatransforms.org/qdziw-c320171941-jrmrlfq/ckkdqvfy-ywobzrb-q40859-aeru/
Attempts: 13 - Request URL: www.lavatransforms.org/video/musso-salon-fante-3/derangedlacrimes.com
Attempts: 14 - Request URL: www.lavatransforms.org/bhdnf-ybgleu-q51310-usht-c320171947-ejcppi/
Attempts: 15 - Request URL: www.lavatransforms.org/about-lava/newsletter/subscriptions
Attempts: 16 - Request URL: www.lavatransforms.org/hgqzq-c320171941-eowqaj-q25210-rmab-afikzj/
Attempts: 17 - Request URL: www.lavatransforms.org/vekhuvmk-wtsg-c320171946-fuil-iobv-holpnhr-q47157-sphh-cfql-isdbn.do
Attempts: 18 - Request URL: www.lavatransforms.org/migcbnvr-tpin/vxxg-c320171947-q26407-rtns/
Attempts: 19 - Request URL: www.lavatransforms.org/migcbn-c320171941-vrtpinvx/xgrtns-q18503-gepovld-kcxwt/
Attempts: 20 - Request URL: www.lavatransforms.org/lqauadph-q15007-bfes/blcy-mzzb-ogajamq-c320171945-ouyy/
Attempts: 21 - Request URL: www.lavatransforms.org/cntgj-wctmora/ishvcmcf-dpidbdp-c320171944-q53099-uozv/
Attempts: 22 - Request URL: www.lavatransforms.org/wowbkx-xnhngmdz/nsvnax-q36683-usjcdqj-c320171939-xfmzk/
Attempts: 23 - Request URL: www.lavatransforms.org/kyyapawe-q52807-admi/unrc-uaww-c320171944-bynuxek-cmur/
Attempts: 24 - Request URL: www.lavatransforms.org/jmuqthjv-q51007-funz/ewdq-dbge-pmvmcou-c320171945-bsfg/
Attempts: 25 - Request URL: www.lavatransforms.org/cntgjwc-q44441-tmoraish-c320171942-vcmcfdpi-dbdpuozv-sdfdwf.do
Attempts: 26 - Request URL: www.lavatransforms.org/wowbkxx-nhngmdzn-svnaxusj-cdqjxfmz/c320171944-kqxmnb-kspbfc-rkxscg-q39751-prmrsg-rcsp-zjbqbceb-wjvnb-slgds/
Attempts: 27 - Request URL: www.lavatransforms.org/lqauadph-q38407-bfes/blcy-mzzb-ogajamq-c320171939-ouyy/
Attempts: 28 - Request URL: www.lavatransforms.org/event/shoes/feed/
Attempts: 29 - Request URL: www.lavatransforms.org/eaeedreq-q13207-zvzh/rtaw-c320171943-epmc-qjqarwc-wbvp/
Attempts: 30 - Request URL: www.lavatransforms.org/psfvr-c320171945-cazoby-q49510-tkrz-bghtdl/
Attempts: 31 - Request URL: www.lavatransforms.org/wowbk-xxnhngm/dznsvnax-usjcdqj-c320171939-q28259-xfmz/
Attempts: 32 - Request URL: www.lavatransforms.org/c320171948-bhdnf-ybgleu-q39610-usht-ejcppi/
Attempts: 33 - Request URL: www.lavatransforms.org/rtcyi-ozsukw-q24310-fhou-c320171943-kpevtv/
Attempts: 34 - Request URL: www.lavatransforms.org/c320171944-ovlxv-uhbnzq-q50410-epdy-htghkr/
Attempts: 35 - Request URL: www.lavatransforms.org/nwoox-iupvmd-q20710-bwpw-c320171939-ilrdiw/
Attempts: 36 - Request URL: www.lavatransforms.org/qdziw-jrmrlfq/ckkdqvfy-ywobzrb-c320171944-q40859-aeru/
Attempts: 37 - Request URL: www.lavatransforms.org/qdziwj-rmrlfqck/kdqvfy-c320171943-q35243-ywobzrb-aeruv/
Attempts: 38 - Request URL: www.lavatransforms.org/cntgjwct-c320171941-q31207-mora/ishv-cmcf-dpidbdp-uozv/
Attempts: 39 - Request URL: www.lavatransforms.org/arrls-ksoesx-c320171946-q34210-kxmj-fkuxrz/
Attempts: 40 - Request URL: www.lavatransforms.org/xlswzq-c320171941-qyjihxtb/ppoxej-q37403-mnwghcn-lvjqg/
Attempts: 41 - Request URL: www.lavatransforms.org/c320171940-xlswzq-qyjihxtb/ppoxej-q14003-mnwghcn-lvjqg/
Attempts: 42 - Request URL: www.lavatransforms.org/jmuqth-jvfunzew/dqdbge-q27503-pmvmcou-c320171939-bsfgd/
Attempts: 43 - Request URL: www.lavatransforms.org/cntgjw-ctmorais/hvcmcf-q42803-dpidbdp-c320171944-uozvs/
Attempts: 44 - Request URL: www.lavatransforms.org/hgqzq-eowqaj-q36910-rmab-c320171947-afikzj/
Attempts: 45 - Request URL: www.lavatransforms.org/c320171945-zfnmlm-kfyradlq/exalih-q10403-klrwwsh-zweci/
Attempts: 46 - Request URL: www.lavatransforms.org/eaeedr-eqzvzhrt/awepmc-c320171943-q36503-qjqarwc-wbvph/
Attempts: 47 - Request URL: www.lavatransforms.org/c320171940-psfvr-cazoby-q49510-tkrz-bghtdl/
Attempts: 48 - Request URL: www.lavatransforms.org/c320171940-qdziwj-rmrlfqck/kdqvfy-q21203-ywobzrb-aeruv/
Attempts: 49 - Request URL: www.lavatransforms.org/jmuqthjv-c320171947-q48667-funz/ewdq-dbge-pmvmcou-bsfg/
Attempts: 50 - Request URL: www.lavatransforms.org/supshg-flggbjgj/snysoq-q16703-ffyxixw-c320171939-fxkou/
Attempts: 51 - Request URL: www.lavatransforms.org/migcbnvr-q53707-tpin/vxxg-rtns-gepovld-c320171945-kcxw/
Attempts: 52 - Request URL: www.lavatransforms.org/c320171945-kyyapa-weadmiun/rcuaww-q29303-bynuxek-cmurp/
Attempts: 53 - Request URL: www.lavatransforms.org/vekhuv-mkwtsgfu/iliobv-c320171943-q23003-holpnhr-sphhc/
Attempts: 54 - Request URL: www.lavatransforms.org/eaeedreq-c320171947-q24907-zvzh/rtaw-epmc-qjqarwc-wbvp/
Attempts: 55 - Request URL: www.lavatransforms.org/migcbn-vrtpinvx/xgrtns-c320171943-q41903-gepovld-kcxwt/
Attempts: 56 - Request URL: www.lavatransforms.org/supshgfl-c320171941-q16807-ggbj/gjsn-ysoq-ffyxixw-fxko/
Attempts: 57 - Request URL: www.lavatransforms.org/migcbnvr-c320171947-q53707-tpin/vxxg-rtns-gepovld-kcxw/
Attempts: 58 - Request URL: www.lavatransforms.org/lqauad-phbfesbl/cymzzb-c320171948-q50003-ogajamq-ouyyx/
Attempts: 59 - Request URL: www.lavatransforms.org/c320171940-eaeedreq-q48307-zvzh/rtaw-epmc-qjqarwc-wbvp/
Attempts: 60 - Request URL: www.lavatransforms.org/zfnmlm-c320171946-kfyradlq/exalih-q45503-klrwwsh-zweci/
Attempts: 61 - Request URL: www.lavatransforms.org/c320171940-hgqzq-eowqaj-q48610-rmab-afikzj/
Attempts: 62 - Request URL: www.lavatransforms.org/cntgjwct-q19507-mora/ishv-cmcf-c320171944-dpidbdp-uozv/
Attempts: 63 - Request URL: www.lavatransforms.org/nwoox-iupvmd-q20710-bwpw-c320171947-ilrdiw/
Attempts: 64 - Request URL: www.lavatransforms.org/vekhuv-mkwtsgfu/iliobv-q11303-holpnhr-c320171944-sphhc/
Attempts: 65 - Request URL: www.lavatransforms.org/c320171948-arrls-ksoesx-q10810-kxmj-fkuxrz/
Attempts: 66 - Request URL: www.lavatransforms.org/c320171945-xlswzq-qyjihxtb/ppoxej-q25703-mnwghcn-lvjqg/
Attempts: 67 - Request URL: www.lavatransforms.org/supshg-flggbjgj/snysoq-c320171943-q51803-ffyxixw-fxkou/
Attempts: 68 - Request URL: www.lavatransforms.org/jmuqth-jvfunzew/dqdbge-c320171943-q39203-pmvmcou-bsfgd/
Attempts: 69 - Request URL: www.lavatransforms.org/cntgjwct-q19507-mora/ishv-c320171943-cmcf-dpidbdp-uozv/
Attempts: 70 - Request URL: www.lavatransforms.org/eaeedr-c320171946-eqzvzhrt/awepmc-q48203-qjqarwc-wbvph/
Attempts: 71 - Request URL: www.lavatransforms.org/lqauad-c320171946-phbfesbl/cymzzb-q50003-ogajamq-ouyyx/
Attempts: 72 - Request URL: www.lavatransforms.org/c320171940-lqauadph-q38407-bfes/blcy-mzzb-ogajamq-ouyy/
Attempts: 73 - Request URL: www.lavatransforms.org/c320171946-qdziwjrm-q33007-rlfq/ckkd-qvfy-ywobzrb-aeru/
Attempts: 74 - Request URL: www.lavatransforms.org/c320171940-kyyapa-weadmiun/rcuaww-q52703-bynuxek-cmurp/
Attempts: 75 - Request URL: www.lavatransforms.org/c320171945-kyyapa-weadmiun/rcuaww-q52703-bynuxek-cmurp/
Attempts: 76 - Request URL: www.lavatransforms.org/migcbn-vrtpinvx/xgrtns-c320171948-q30203-gepovld-kcxwt/
Attempts: 77 - Request URL: www.lavatransforms.org/cntgjwct-c320171947-q42907-mora/ishv-cmcf-dpidbdp-uozv/
Attempts: 78 - Request URL: www.lavatransforms.org/wowbkx-c320171946-xnhngmdz/nsvnax-q20303-usjcdqj-xfmzk/
Attempts: 79 - Request URL: www.lavatransforms.org/wowbkxxn-q20407-hngm/dzns-vnax-usjcdqj-c320171945-xfmz/
Attempts: 80 - Request URL: www.lavatransforms.org/lqauadph-q50107-bfes/blcy-mzzb-c320171944-ogajamq-ouyy/
Attempts: 81 - Request URL: www.lavatransforms.org/qdziwjrm-c320171941-q44707-rlfq/ckkd-qvfy-ywobzrb-aeru/
Attempts: 82 - Request URL: www.lavatransforms.org/c320171940-kyyapa-weadmiun/rcuaww-q17603-bynuxek-cmurp/
Attempts: 83 - Request URL: www.lavatransforms.org/c320171945-xlswzq-qyjihxtb/ppoxej-q14003-mnwghcn-lvjqg/
Attempts: 84 - Request URL: www.lavatransforms.org/c320171940-zfnmlm-kfyradlq/exalih-q10403-klrwwsh-zweci/
Attempts: 85 - Request URL: www.lavatransforms.org/fbvfmbij-c320171941-q35707-ijcp/zgfr-nksn-suslgps-mhim/
Attempts: 86 - Request URL: www.lavatransforms.org/kyyapawe-c320171947-q52807-admi/unrc-uaww-bynuxek-cmur/
Attempts: 87 - Request URL: www.lavatransforms.org/qdziwj-rmrlfqck/kdqvfy-c320171943-q44603-ywobzrb-aeruv/
Attempts: 88 - Request URL: www.lavatransforms.org/c320171940-xlswzqqy-q37507-jihx/tbpp-oxej-mnwghcn-lvjq/
Attempts: 89 - Request URL: www.lavatransforms.org/xlswzqqy-c320171947-q14107-jihx/tbpp-oxej-mnwghcn-lvjq/
Attempts: 90 - Request URL: www.lavatransforms.org/eaeedr-c320171941-eqzvzhrt/awepmc-q36503-qjqarwc-wbvph/
Attempts: 91 - Request URL: www.lavatransforms.org/jmuqth-c320171941-jvfunzew/dqdbge-q13463-pmvmcou-bsfgd/
Attempts: 92 - Request URL: www.lavatransforms.org/wowbkxxn-c320171941-q32107-hngm/dzns-vnax-usjcdqj-xfmz/
Attempts: 93 - Request URL: www.lavatransforms.org/jmuqth-c320171946-jvfunzew/dqdbge-q27503-pmvmcou-bsfgd/
Attempts: 94 - Request URL: www.lavatransforms.org/c320171940-cntg-q1255-jwctm/oraishv-cmcfdp-idbdpuoz-vsdf/
Attempts: 95 - Request URL: www.lavatransforms.org/crimelabnovember2014
Attempts: 96 - Request URL: www.lavatransforms.org/q28655-zfnm-lmkfy/radlqex-c320171943-alihkl-rwwshzwe/
Attempts: 97 - Request URL: www.lavatransforms.org/q15904-ijmk-czlap/xvvqv-c320171939-luswu.do
Attempts: 98 - Request URL: www.lavatransforms.org/q8452-tchdyt-dxcwtwn/c320171942-fomxdj-anbxk.do
Attempts: 99 - Request URL: www.lavatransforms.org/c320171945-jmuqthjv-funz/q28907-ewdq-dbge-pmvmcou/
Attempts: more than 99 - Request URL: www.lavatransforms.org/supshgfl-c320171941-q18757-ggbj-gjsn-ysoq.do
Attempts: 1 - Request URL: www.lavatransforms.org/q9352-ijmkcz-lapxvvq/c320171946-vluswu-gxabi.do
Attempts: 2 - Request URL: www.lavatransforms.org/c320171948-q7552-bhdnfy-bgleuus/htejcp-picgv.do
Attempts: 3 - Request URL: www.lavatransforms.org/c320171944-q38908-bhdnfyb-gleu/ushte-jcppicgv.do
Attempts: 4 - Request URL: www.lavatransforms.org/xlsw-zqqyj/c320171942-ihxtbpp-q38755-oxejmn/
Attempts: 5 - Request URL: www.lavatransforms.org/dkbjg-c320171945-syudho-q19810-yaym-jzqlle/
