Attempts: 1 - Request URL: www.lavatransforms.org/eaeedre-c320171947-q28651-qzvzhrta/wepmcqjq-arwcwbvp-hvcpgy-rixqdd/
Attempts: 2 - Request URL: www.lavatransforms.org/q26355-migc-bnvrt-pinvxxg/rtnsge-c320171940-povldkcx-wtmo-ybkglzll/
Attempts: 3 - Request URL: www.lavatransforms.org/kyya-pawea-q48855-dmiunrc/uawwby-nuxekcmu-rpzs-c320171942-jtphwyzo/
Attempts: 4 - Request URL: www.lavatransforms.org/wowbkx-xnhngmdz-nsvnax/usjcdqj-c320171940-xfmzk-q9903-qxmnbk-spbfc/
Attempts: 5 - Request URL: www.lavatransforms.org/rtcyioz-sukw/fhouk-c320171948-q54548-pevtvtue-jfydydl.do
Attempts: 6 - Request URL: www.lavatransforms.org/vekhuv-mkwtsgfu-iliobv/holpnhr-sphhc-c320171948-fqlisd-q24303-bnyst/
Attempts: 7 - Request URL: www.lavatransforms.org/supshg-flggbjgj-snysoq/ffyxixw-fxkou-c320171948-q41403-rehjmi-nfoza/
Attempts: 8 - Request URL: www.lavatransforms.org/wowbkx-xnhngmdz-q14583-nsvnax/usjcdqj-xfmzk-qxmnbk-c320171942-spbfc/
Attempts: 9 - Request URL: www.lavatransforms.org/vekhuv-mkwtsgfu-iliobv/holpnhr-sphhc-c320171941-q47703-fqlisd-bnyst/
Attempts: 10 - Request URL: www.lavatransforms.org/gbleq/js/jquery.rating.css
Attempts: 11 - Request URL: www.lavatransforms.org/fbvfmb-ijijcpzg-frnksn/suslgps-c320171947-mhimw-igtcos-q36903-jwmtp/
Attempts: 12 - Request URL: www.lavatransforms.org/vekhuv-mkwtsgfu-c320171945-q36003-iliobv/holpnhr-sphhc-fqlisd-bnyst/
Attempts: 13 - Request URL: www.lavatransforms.org/supshg-flggbjgj-q29703-snysoq/ffyxixw-fxkou-rehjmi-c320171942-nfoza/
Attempts: 14 - Request URL: www.lavatransforms.org/xlswzq-c320171944-q15303-qyjihxtb-ppoxej/mnwghcn-lvjqg-wixsde-huemy/
Attempts: 15 - Request URL: www.lavatransforms.org/supshg-flggbjgj-snysoq/ffyxixw-fxkou-c320171948-rehjmi-q18003-nfoza/
Attempts: 16 - Request URL: www.lavatransforms.org/lqauad-phbfesbl-cymzzb/ogajamq-ouyyx-c320171941-q16203-kashwv-udtib/
Attempts: 17 - Request URL: www.lavatransforms.org/migcbn-vrtpinvx-q54903-xgrtns/gepovld-kcxwt-moybkg-c320171942-lzllq/
Attempts: 18 - Request URL: www.lavatransforms.org/qdziwj-rmrlfqck-q10803-kdqvfy/ywobzrb-c320171940-aeruv-tbgmvt-evsgo/
Attempts: 19 - Request URL: www.lavatransforms.org/jmuqth-jvfunzew-dqdbge/pmvmcou-bsfgd-q28803-eubfzo-c320171942-gqhww/
Attempts: 20 - Request URL: www.lavatransforms.org/lqauad-c320171944-phbfesbl-cymzzb/ogajamq-ouyyx-q16203-kashwv-udtib/
Attempts: 21 - Request URL: www.lavatransforms.org/qdziwj-rmrlfqck-q10803-kdqvfy/ywobzrb-aeruv-tbgmvt-c320171942-evsgo/
Attempts: 22 - Request URL: www.lavatransforms.org/fbvfmb-ijijcpzg-frnksn/suslgps-mhimw-c320171948-igtcos-q36903-jwmtp/
Attempts: 23 - Request URL: www.lavatransforms.org/cntgjw-ctmorais-hvcmcf/dpidbdp-c320171940-q20703-uozvs-dfdwfx-phjbv/
Attempts: 24 - Request URL: www.lavatransforms.org/qdziwj-rmrlfqck-kdqvfy/ywobzrb-aeruv-c320171948-q22503-tbgmvt-evsgo/
Attempts: 25 - Request URL: www.lavatransforms.org/kyyapa-c320171944-weadmiun-q42303-rcuaww/bynuxek-cmurp-zsjtph-wyzoe/
Attempts: 26 - Request URL: www.lavatransforms.org/kyyapa-weadmiun-rcuaww/bynuxek-cmurp-c320171948-q54003-zsjtph-wyzoe/
Attempts: 27 - Request URL: www.lavatransforms.org/zfnmlm-kfyradlq-q23403-exalih/klrwwsh-zweci-c320171941-ahkkjj-klrak/
Attempts: 28 - Request URL: www.lavatransforms.org/fbvfmb-ijijcpzg-q48603-frnksn/suslgps-mhimw-igtcos-c320171942-jwmtp/
Attempts: 29 - Request URL: www.lavatransforms.org/c320171943-q42483-eaeedr-eqzvzhrt-awepmc/qjqarwc-wbvph-vcpgyr-ixqdd/
Attempts: 30 - Request URL: www.lavatransforms.org/q51303-lqauad-phbfesbl-cymzzb/ogajamq-c320171940-ouyyx-kashwv-udtib/
Attempts: 31 - Request URL: www.lavatransforms.org/jmuqth-jvfunzew-dqdbge/pmvmcou-q52203-bsfgd-c320171948-eubfzo-gqhww/
Attempts: 32 - Request URL: www.lavatransforms.org/q19803-migcbn-vrtpinvx-xgrtns/gepovld-c320171940-kcxwt-moybkg-lzllq/
Attempts: 33 - Request URL: www.lavatransforms.org/lqauad-phbfesbl-cymzzb/ogajamq-q39603-ouyyx-c320171941-kashwv-udtib/
Attempts: 34 - Request URL: www.lavatransforms.org/migcbn-c320171944-vrtpinvx-xgrtns/gepovld-kcxwt-moybkg-q43203-lzllq/
Attempts: 35 - Request URL: www.lavatransforms.org/cntgjw-q41763-ctmorais-hvcmcf/dpidbdp-uozvs-dfdwfx-c320171942-phjbv/
Attempts: 36 - Request URL: www.lavatransforms.org/q38703-xlswzq-qyjihxtb-ppoxej/mnwghcn-c320171940-lvjqg-wixsde-huemy/
Attempts: 37 - Request URL: www.lavatransforms.org/kyyapa-weadmiun-rcuaww/bynuxek-cmurp-c320171948-zsjtph-q30603-wyzoe/
Attempts: 38 - Request URL: www.lavatransforms.org/gpjt-optdk/ylloi-vowjr-c320171939-q26504-uaqhq.do
Attempts: 39 - Request URL: www.lavatransforms.org/c320171943-zfnmlm-q46803-kfyradlq-exalih/klrwwsh-zweci-ahkkjj-klrak/
Attempts: 40 - Request URL: www.lavatransforms.org/wowbkx-xnhngmdz-c320171945-nsvnax/usjcdqj-q33303-xfmzk-qxmnbk-spbfc/
Attempts: 41 - Request URL: www.lavatransforms.org/xlswzq-qyjihxtb-ppoxej/mnwghcn-q27003-lvjqg-c320171941-wixsde-huemy/
Attempts: 42 - Request URL: www.lavatransforms.org/zfnmlmkf-yrad-q4007-lqex-alih/klrwwsh-zwec-iahk-kjjkl-c320171948-rakf/
Attempts: 43 - Request URL: www.lavatransforms.org/vekhu-vmkwtsg-fuiliobv/holpnhr-q8859-sphh-c320171948-cfqlisdb-nystgyj/
Attempts: 44 - Request URL: www.lavatransforms.org/xlswzqqy-jihx-q7607-tbpp-oxej/mnwghcn-lvjq-gwix-sdehu-c320171948-emyb/
Attempts: 45 - Request URL: www.lavatransforms.org/supsh-gflggbj-gjsnysoq/ffyxixw-q2559-fxko-urehjmin-c320171942-fozakzd/
Attempts: 46 - Request URL: www.lavatransforms.org/q1659-jmuqt-hjvfunz-ewdqdbge/pmvmcou-bsfg-c320171948-deubfzog-qhwwnwv/
Attempts: 47 - Request URL: www.lavatransforms.org/kyyap-q3459-aweadmi-unrcuaww/bynuxek-cmur-c320171941-pzsjtphw-yzoewes/
Attempts: 48 - Request URL: www.lavatransforms.org/migcb-nvrtpin-vxxgrtns/gepovld-c320171947-kcxw-q4359-tmoybkgl-zllqxjo/
Attempts: 49 - Request URL: www.lavatransforms.org/fbvfmbij-ijcp-q5807-zgfr-nksn/suslgps-mhim-wigt-cosjw-c320171939-mtps/
Attempts: 50 - Request URL: www.lavatransforms.org/fbvfm-q9759-bijijcp-zgfrnksn/suslgps-mhim-c320171948-wigtcosj-wmtpsdp/
Attempts: 51 - Request URL: www.lavatransforms.org/cellartourkingeddydec2012
Attempts: 52 - Request URL: www.lavatransforms.org/zfnmlmkf-yrad-q4007-lqex-c320171943-alih/klrwwsh-zwec-iahk-kjjkl-rakf/
Attempts: 53 - Request URL: www.lavatransforms.org/lqauadph-bfes-q8507-blcy-c320171943-mzzb/ogajamq-ouyy-xkas-hwvud-tibq/
Attempts: 54 - Request URL: www.lavatransforms.org/salon-renner-september2013
Attempts: 55 - Request URL: www.lavatransforms.org/c320171943-migcb-nvrtpin-vxxgrtns/gepovld-kcxw-q4359-tmoybkgl-zllqxjo/
Attempts: 56 - Request URL: www.lavatransforms.org/fbvfmbij-c320171941-ijcp-q5807-zgfr-nksn/suslgps-mhim-wigt-cosjw-mtps/
Attempts: 57 - Request URL: www.lavatransforms.org/lqauadph-c320171941-bfes-q8507-blcy-mzzb/ogajamq-ouyy-xkas-hwvud-tibq/
Attempts: 58 - Request URL: www.lavatransforms.org/xlswzqqy-jihx-c320171942-q7607-tbpp-oxej/mnwghcn-lvjq-gwix-sdehu-emyb/
Attempts: 59 - Request URL: www.lavatransforms.org/zfnmlmkf-c320171941-yrad-q4007-lqex-alih/klrwwsh-zwec-iahk-kjjkl-rakf/
Attempts: 60 - Request URL: www.lavatransforms.org/qdziwjrm-rlfq-q3107-ckkd-qvfy/ywobzrb-aeru-vtbg-c320171947-mvtev-sgoj/
Attempts: 61 - Request URL: www.lavatransforms.org/jmuqthjv-funz-q9407-ewdq-dbge/pmvmcou-bsfg-deub-fzogq-c320171939-hwwn/
Attempts: 62 - Request URL: www.lavatransforms.org/wowbkxxn-hngm-q2207-dzns-vnax/usjcdqj-xfmz-kqxm-nbksp-c320171939-bfcr/
Attempts: 63 - Request URL: www.lavatransforms.org/silentfootsteps
Attempts: 64 - Request URL: www.lavatransforms.org/c320171943-fbvfm-q9759-bijijcp-zgfrnksn/suslgps-mhim-wigtcosj-wmtpsdp/
Attempts: 65 - Request URL: www.lavatransforms.org/kyyap-q3459-aweadmi-unrcuaww/bynuxek-cmur-pzsjtphw-c320171942-yzoewes/
Attempts: 66 - Request URL: www.lavatransforms.org/q1659-jmuqt-hjvfunz-ewdqdbge/pmvmcou-bsfg-deubfzog-c320171942-qhwwnwv/
Attempts: 67 - Request URL: www.lavatransforms.org/jmuqthjv-funz-q9407-ewdq-dbge/pmvmcou-bsfg-c320171946-deub-fzogq-hwwn/
Attempts: 68 - Request URL: www.lavatransforms.org/q7959-zfnml-mkfyrad-lqexalih/klrwwsh-c320171947-zwec-iahkkjjk-lrakfof/
Attempts: 69 - Request URL: www.lavatransforms.org/q7959-zfnml-mkfyrad-lqexalih/klrwwsh-zwec-c320171948-iahkkjjk-lrakfof/
Attempts: 70 - Request URL: www.lavatransforms.org/eaeedreq-c320171941-zvzh-q6707-rtaw-epmc/qjqarwc-wbvp-hvcp-gyrix-qddt/
Attempts: 71 - Request URL: www.lavatransforms.org/fbvfmbij-ijcp-q5807-zgfr-c320171943-nksn/suslgps-mhim-wigt-cosjw-mtps/
Attempts: 72 - Request URL: www.lavatransforms.org/jmuqt-hjvfunz-q36759-ewdqdbge/pmvmcou-bsfg-c320171941-deubfzog-qhwwnwv/
Attempts: 73 - Request URL: www.lavatransforms.org/cntgjwct-mora-q13007-ishv-cmcf/dpidbdp-uozv-sdfd-wfxph-c320171948-jbvh/
Attempts: 74 - Request URL: www.lavatransforms.org/c320171943-supsh-gflggbj-gjsnysoq/ffyxixw-fxko-urehjmin-q54039-fozakzd/
Attempts: 75 - Request URL: www.lavatransforms.org/c320171940-kyyapawe-admi-q22907-unrc-uaww/bynuxek-cmur-pzsj-tphwy-zoew/
Attempts: 76 - Request URL: www.lavatransforms.org/q33159-fbvfm-bijijcp-zgfrnksn/suslgps-mhim-c320171941-wigtcosj-wmtpsdp/
Attempts: 77 - Request URL: www.lavatransforms.org/eaeedreq-zvzh-q30107-rtaw-epmc/qjqarwc-wbvp-hvcp-gyrix-c320171939-qddt/
Attempts: 78 - Request URL: www.lavatransforms.org/eaeed-reqzvzh-rtawepmc/qjqarwc-q17679-wbvp-c320171948-hvcpgyri-xqddtur/
Attempts: 79 - Request URL: www.lavatransforms.org/qdziwjrm-rlfq-q49907-ckkd-qvfy/ywobzrb-aeru-vtbg-mvtev-c320171939-sgoj/
