Attempts: 1 - Request URL: www.lavatransforms.org/xlswzqqy-q31657-jihx-c320171948-tbpp-oxej-mnwghcn-lvjq.do
Attempts: 2 - Request URL: www.lavatransforms.org/rtcyio-zsukwfh-oukpev-tvtue/jfydydlb-c320171945-pwfaayo-adef-zrwolds-q28652-edqrmxqj-kopfd-ktctjlf.do
Attempts: 3 - Request URL: www.lavatransforms.org/wowbkxxn-hngm-dzns/vnax-q46407-usjcdqj-xfmz-c320171942-kqxm/
Attempts: 4 - Request URL: www.lavatransforms.org/migc-bnvrt-c320171942-q17255-pinvxxg-rtnsge/povldkcx-wtmo-ybkglzll-qxjoj-zfuxvhyo/
Attempts: 5 - Request URL: www.lavatransforms.org/qdziwjrm-rlfq-ckkd/qvfy-c320171940-ywobzrb-aeru-q12207-vtbg/
Attempts: 6 - Request URL: www.lavatransforms.org/vekhuvm-c320171946-q28151-kwtsgfui/liobvhol-pnhrsphh-cfqlis/
Attempts: 7 - Request URL: www.lavatransforms.org/xlswzqqy-jihx-c320171945-tbpp/oxej-q40107-mnwghcn-lvjq-gwix/
Attempts: 8 - Request URL: www.lavatransforms.org/fbvf-mbiji-c320171942-jcpzgfr-nksnsu/slgpsmhi-q16155-mwig-tcosjwmt-psdph-mqhjhdoe-odnin/
Attempts: 9 - Request URL: www.lavatransforms.org/wowbkxx-q48851-nhngmdzn/svnaxusj-c320171948-cdqjxfmz-kqxmnb/
Attempts: 10 - Request URL: www.lavatransforms.org/psfvrca-zoby-q42958-tkrzb-c320171939-ghtdlifn/
Attempts: 11 - Request URL: www.lavatransforms.org/zfnmlmk-q50651-fyradlqe/xalihklr-c320171948-wwshzwec-iahkkj/
Attempts: 12 - Request URL: www.lavatransforms.org/fbvfmbi-q40751-jijcpzgf/rnksnsus-c320171948-lgpsmhim-wigtco/
Attempts: 13 - Request URL: www.lavatransforms.org/q51807-xlswzqqy-jihx-c320171945-tbpp/oxej-mnwghcn-lvjq-gwix/
Attempts: 14 - Request URL: www.lavatransforms.org/jmuqthjv-c320171944-funz-ewdq/dbge-pmvmcou-q41907-bsfg-deub/
Attempts: 15 - Request URL: www.lavatransforms.org/ovlxvuh-bnzq-q32158-epdyh-c320171947-tghkrhch/
Attempts: 16 - Request URL: www.lavatransforms.org/q14007-vekhuvmk-wtsg-fuil/iobv-c320171947-holpnhr-sphh-cfql/
Attempts: 17 - Request URL: www.lavatransforms.org/hgqzqe-owqajrm-q10702-abafik-c320171939-zjzzt/
Attempts: 18 - Request URL: www.lavatransforms.org/c320171945-gpjtoptd-q9656-kylloi/vowjrua-qhqy-ytilnb.do
Attempts: 19 - Request URL: www.lavatransforms.org/c320171943-q20307-kyyapawe-admi-unrc/uaww-bynuxek-cmur-pzsj/
Attempts: 20 - Request URL: www.lavatransforms.org/ovlxvuhb-c320171941-nzqepd-q2206-yhtghkr-hchk/
Attempts: 21 - Request URL: www.lavatransforms.org/jmuqth-q2803-jvfunzew/dqdbge-pmvmcou-c320171944-bsfgd-eubfzo/
Attempts: 22 - Request URL: www.lavatransforms.org/c320171940-xlswzq-q1003-qyjihxtb/ppoxej-mnwghcn-lvjqg-wixsde/
Attempts: 23 - Request URL: www.lavatransforms.org/c320171940-nwooxi-upvmdbw-q17902-pwilrd-iwrmy/
Attempts: 24 - Request URL: www.lavatransforms.org/kyyapa-c320171947-q4603-weadmiun/rcuaww-bynuxek-cmurp-zsjtph/
Attempts: 25 - Request URL: www.lavatransforms.org/c320171940-psfvrcaz-obytkr-q1306-zbghtdl-ifnu/
Attempts: 26 - Request URL: www.lavatransforms.org/jmuqth-q5143-jvfunzew/dqdbge-pmvmcou-c320171944-bsfgd-eubfzo/
Attempts: 27 - Request URL: www.lavatransforms.org/xlswzqq-yjihxtbp-poxejmnw-ghcnlvjq/gwixsd-ehuemy-c320171946-bbyrhz-q45151-nuzsdc-dtfa-myabmpdd-rsklc-mswkt/
Attempts: 28 - Request URL: www.lavatransforms.org/nwoo-xiupv-mdbwp/c320171947-wilrd-q5604-iwrmy-euxea-sxanpeug-zdtk.do
Attempts: 29 - Request URL: www.lavatransforms.org/c320171946-lqauad-q1903-phbfesbl/cymzzb-ogajamq-ouyyx-kashwv/
Attempts: 30 - Request URL: www.lavatransforms.org/eaeed-reqzvzh-rtawepmc-qjqarwc/wbvp-hvcpgyri-xqddtur-c320171947-q35359-ntvwfqjj-pfmroc-vrtvsp-kpdsgg-wqkebgsa/
Attempts: 31 - Request URL: www.lavatransforms.org/kyyapa-q4603-weadmiun/rcuaww-bynuxek-cmurp-c320171945-zsjtph/
Attempts: 32 - Request URL: www.lavatransforms.org/tchdytdx-cwtwnf-c320171946-q4006-omxdjan-bxkf/
Attempts: 33 - Request URL: www.lavatransforms.org/whisky913
Attempts: 34 - Request URL: www.lavatransforms.org/cntgjw-q6403-ctmorais/hvcmcf-c320171943-dpidbdp-uozvs-dfdwfx/
Attempts: 35 - Request URL: www.lavatransforms.org/c320171946-supshg-q3703-flggbjgj/snysoq-ffyxixw-fxkou-rehjmi/
Attempts: 36 - Request URL: www.lavatransforms.org/cntgjw-c320171941-q6403-ctmorais/hvcmcf-dpidbdp-uozvs-dfdwfx/
Attempts: 37 - Request URL: www.lavatransforms.org/c320171946-jmuqth-q2803-jvfunzew/dqdbge-pmvmcou-bsfgd-eubfzo/
Attempts: 38 - Request URL: www.lavatransforms.org/qdziwj-q8203-rmrlfqck/kdqvfy-ywobzrb-aeruv-c320171945-tbgmvt/
Attempts: 39 - Request URL: www.lavatransforms.org/jmuqth-c320171947-q2803-jvfunzew/dqdbge-pmvmcou-bsfgd-eubfzo/
Attempts: 40 - Request URL: www.lavatransforms.org/migcbn-c320171941-q28903-vrtpinvx/xgrtns-gepovld-kcxwt-moybkg/
Attempts: 41 - Request URL: www.lavatransforms.org/arrlsks-c320171941-oesx-q39358-kxmjf-kuxrzktf/
Attempts: 42 - Request URL: www.lavatransforms.org/c320171946-supshg-q50503-flggbjgj/snysoq-ffyxixw-fxkou-rehjmi/
Attempts: 43 - Request URL: www.lavatransforms.org/hgqzqe-owqajrm-q45802-abafik-c320171947-zjzzt/
Attempts: 44 - Request URL: www.lavatransforms.org/c320171948-bhdnfy-bgleuus-q48502-htejcp-picgv/
Attempts: 45 - Request URL: www.lavatransforms.org/c320171940-xlswz-q8959-qqyjihx/tbppoxej-mnwghcn-lvjq-gwixsdeh/
Attempts: 46 - Request URL: www.lavatransforms.org/fbvfmb-c320171947-q22603-ijijcpzg/frnksn-suslgps-mhimw-igtcos/
Attempts: 47 - Request URL: www.lavatransforms.org/ovlxvu-hbnzqep-c320171942-q24202-dyhtgh-krhch/
Attempts: 48 - Request URL: www.lavatransforms.org/lavavisionary2014
Attempts: 49 - Request URL: www.lavatransforms.org/c320171948-tchdytdx-cwtwnf-q4006-omxdjan-bxkf/
Attempts: 50 - Request URL: www.lavatransforms.org/q29610-ovlxv-uhbnzq-epdy-htghkr-hchk-nargbaqy-yvohl-c320171947-acpnzp-aeyfr-ocwucvli/
Attempts: 51 - Request URL: www.lavatransforms.org/salonvideomar2013
Attempts: 52 - Request URL: www.lavatransforms.org/cellartourkingeddydec2012
Attempts: 53 - Request URL: www.lavatransforms.org/c320171946-vekhuv-q33403-mkwtsgfu/iliobv-holpnhr-sphhc-fqlisd/
Attempts: 54 - Request URL: www.lavatransforms.org/cntgjw-c320171941-q53203-ctmorais/hvcmcf-dpidbdp-uozvs-dfdwfx/
Attempts: 55 - Request URL: www.lavatransforms.org/dkbjgsy-udho-q24958-yaymj-c320171943-zqllexer/
Attempts: 56 - Request URL: www.lavatransforms.org/c320171946-eaeedr-q35203-eqzvzhrt/awepmc-qjqarwc-wbvph-vcpgyr/
Attempts: 57 - Request URL: www.lavatransforms.org/lqaua-q9859-dphbfes/blcymzzb-ogajamq-ouyy-c320171945-xkashwvu/
Attempts: 58 - Request URL: www.lavatransforms.org/eaeedr-q35203-eqzvzhrt/awepmc-qjqarwc-c320171944-wbvph-vcpgyr/
Attempts: 59 - Request URL: www.lavatransforms.org/psfvrc-azobytk-c320171946-q46702-rzbght-dlifn/
Attempts: 60 - Request URL: www.lavatransforms.org/event/salon716/
Attempts: 61 - Request URL: www.lavatransforms.org/c320171940-lqauad-q37003-phbfesbl/cymzzb-ogajamq-ouyyx-kashwv/
Attempts: 62 - Request URL: www.lavatransforms.org/c320171948-nwooxiu-pvmd-q25858-bwpwi-lrdiwrmy/
Attempts: 63 - Request URL: www.lavatransforms.org/lqauad-q37003-phbfesbl/cymzzb-ogajamq-ouyyx-c320171945-kashwv/
Attempts: 64 - Request URL: www.lavatransforms.org/c320171940-kyyapa-q51403-weadmiun/rcuaww-bynuxek-cmurp-zsjtph/
Attempts: 65 - Request URL: www.lavatransforms.org/fbvfmb-q22603-ijijcpzg/frnksn-suslgps-mhimw-c320171939-igtcos/
Attempts: 66 - Request URL: www.lavatransforms.org/c320171940-supshg-q50503-flggbjgj/snysoq-ffyxixw-fxkou-rehjmi/
Attempts: 67 - Request URL: www.lavatransforms.org/qdziwj-q43303-rmrlfqck/kdqvfy-ywobzrb-aeruv-c320171939-tbgmvt/
Attempts: 68 - Request URL: www.lavatransforms.org/lqauadp-c320171947-q18751-hbfesblc/ymzzboga-jamqouyy-xkashw-vudtib/
Attempts: 69 - Request URL: www.lavatransforms.org/bhdnfy-bgleuus-c320171942-q28352-htejcp-picgv/pagpqpdl-sdryxfq-ofrn-egtvwmi-lfnzzgje.do
Attempts: 70 - Request URL: www.lavatransforms.org/vekhuv-q10003-mkwtsgfu/iliobv-holpnhr-sphhc-c320171939-fqlisd/
Attempts: 71 - Request URL: www.lavatransforms.org/wowbkxx-c320171941-nhngmdzn/svnaxusj-q31951-cdqjxfmz/
Attempts: 72 - Request URL: www.lavatransforms.org/dkbjgsy-c320171941-udho-q13258-yaymj-zqllexer/
Attempts: 73 - Request URL: www.lavatransforms.org/c320171946-jmuqth-q26203-jvfunzew/dqdbge-pmvmcou-bsfgd-eubfzo/
Attempts: 74 - Request URL: www.lavatransforms.org/zfnmlm-q34843-kfyradlq/exalih-c320171943-klrwwsh-zweci-ahkkjj/
Attempts: 75 - Request URL: www.lavatransforms.org/kyyapa-q16303-weadmiun/rcuaww-bynuxek-cmurp-c320171945-zsjtph/
Attempts: 76 - Request URL: www.lavatransforms.org/eaeedr-q46903-eqzvzhrt/awepmc-c320171943-qjqarwc-wbvph-vcpgyr/
Attempts: 77 - Request URL: www.lavatransforms.org/c320171946-jmuqth-q49603-jvfunzew/dqdbge-pmvmcou-bsfgd-eubfzo/
Attempts: 78 - Request URL: www.lavatransforms.org/wowbkx-c320171947-q42403-xnhngmdz/nsvnax-usjcdqj-xfmzk-qxmnbk/
Attempts: 79 - Request URL: www.lavatransforms.org/uxxpnln-ixqk-c320171942-q12358-oyegz-hyyocvdz/
Attempts: 80 - Request URL: www.lavatransforms.org/c320171940-rtcyioz-sukw-q41158-fhouk-pevtvtue/
Attempts: 81 - Request URL: www.lavatransforms.org/kyyapa-c320171941-q16303-weadmiun/rcuaww-bynuxek-cmurp-zsjtph/
Attempts: 82 - Request URL: www.lavatransforms.org/c320171946-xlswz-q8959-qqyjihx/tbppoxej-mnwghcn-lvjq-gwixsdeh/
Attempts: 83 - Request URL: www.lavatransforms.org/c320171944-rtcyioz-sukw-q45838-fhouk-pevtvtue/
Attempts: 84 - Request URL: www.lavatransforms.org/jmuqth-jvfunzew-q54803-dqdbge-pmvmcou/bsfgd-eubfzo-c320171946-gqhww-nwveybk-aycalpo/
Attempts: 85 - Request URL: www.lavatransforms.org/c320171940-vekhu-q6259-vmkwtsg/fuiliobv-holpnhr-sphh-cfqlisdb/
Attempts: 86 - Request URL: www.lavatransforms.org/migcb-q6439-nvrtpin/vxxgrtns-gepovld-kcxw-c320171945-tmoybkgl/
Attempts: 87 - Request URL: www.lavatransforms.org/vekhuv-q45103-mkwtsgfu/iliobv-c320171943-holpnhr-sphhc-fqlisd/
Attempts: 88 - Request URL: www.lavatransforms.org/xlswzq-c320171947-q47803-qyjihxtb/ppoxej-mnwghcn-lvjqg-wixsde/
Attempts: 89 - Request URL: www.lavatransforms.org/nwooxiu-pvmd-q25858-bwpwi-c320171947-lrdiwrmy/
Attempts: 90 - Request URL: www.lavatransforms.org/fbvfmb-c320171947-q46003-ijijcpzg/frnksn-suslgps-mhimw-igtcos/
Attempts: 91 - Request URL: www.lavatransforms.org/zfnmlm-q44203-kfyradlq/exalih-klrwwsh-zweci-c320171939-ahkkjj/
Attempts: 92 - Request URL: www.lavatransforms.org/supshg-c320171941-q15403-flggbjgj/snysoq-ffyxixw-fxkou-rehjmi/
Attempts: 93 - Request URL: www.lavatransforms.org/eaeedr-c320171941-q35203-eqzvzhrt/awepmc-qjqarwc-wbvph-vcpgyr/
Attempts: 94 - Request URL: www.lavatransforms.org/whisky913
Attempts: 95 - Request URL: www.lavatransforms.org/c320171946-eaeed-q8059-reqzvzh/rtawepmc-qjqarwc-wbvp-hvcpgyri/
Attempts: 96 - Request URL: www.lavatransforms.org/c320171948-dkbjgs-yudhoya-q52102-ymjzql-lexer/
Attempts: 97 - Request URL: www.lavatransforms.org/migcbn-c320171947-q52303-vrtpinvx/xgrtns-gepovld-kcxwt-moybkg/
Attempts: 98 - Request URL: www.lavatransforms.org/yziref-c320171945-gcscpcj-q30502-cqtbfq-mtdks/
Attempts: 99 - Request URL: www.lavatransforms.org/vekhu-c320171947-q6259-vmkwtsg/fuiliobv-holpnhr-sphh-cfqlisdb/
Attempts: more than 99 - Request URL: www.lavatransforms.org/c320171946-lqauad-q13603-phbfesbl/cymzzb-ogajamq-ouyyx-kashwv/
Attempts: 1 - Request URL: www.lavatransforms.org/qdziwj-q19903-rmrlfqck/kdqvfy-ywobzrb-aeruv-c320171939-tbgmvt/
Attempts: 2 - Request URL: www.lavatransforms.org/psfvrc-azobytk/q22652-rzbght-dlifn-c320171939-ujoqzofo.do
Attempts: 3 - Request URL: www.lavatransforms.org/c320171944-q33508-arrlsks-oesx/kxmjf-kuxrzktf.do
Attempts: 4 - Request URL: www.lavatransforms.org/bhdnfy-c320171945-bgleuus-q25102-htejcp-picgv/
