Attempts: 1 - Request URL: www.lavatransforms.org/crimelabaug2015
Attempts: 2 - Request URL: www.lavatransforms.org/salon914
Attempts: 3 - Request URL: www.lavatransforms.org/cliftonsalons
Attempts: 4 - Request URL: www.lavatransforms.org/judsonstudios2013
Attempts: 5 - Request URL: www.lavatransforms.org/event/raymond-chandlers-los-angeles-saturday-may-14-2016/feed/
Attempts: 6 - Request URL: www.lavatransforms.org/event/raymond-chandlers-los-angeles-3/feed/
Attempts: 7 - Request URL: www.lavatransforms.org/event/the-lowdown-on-downtown-tour-2/feed/
Attempts: 8 - Request URL: www.lavatransforms.org/category/free/user/login
Attempts: 9 - Request URL: www.lavatransforms.org/category/free/user/register
Attempts: 10 - Request URL: www.lavatransforms.org/event/crawling-down-cahuenga-tom-waits-l-a-tour-2/feed/
Attempts: 11 - Request URL: www.lavatransforms.org/category/lava-exclusives/user/register
Attempts: 12 - Request URL: www.lavatransforms.org/2015/05/27/canceled-lavas-44th-sunday-salon/user/login
Attempts: 13 - Request URL: www.lavatransforms.org/2015/05/27/canceled-lavas-44th-sunday-salon/user/register
Attempts: 14 - Request URL: www.lavatransforms.org/event/weird-west-adams-crime-bus-tour-4/feed/
Attempts: 15 - Request URL: www.lavatransforms.org/100NotSoFamous
Attempts: 16 - Request URL: www.lavatransforms.org/user/32
Attempts: 17 - Request URL: www.lavatransforms.org/flaneur-broadway-on-my-mind-4
Attempts: 18 - Request URL: www.lavatransforms.org/2013/01/30/tour-is-full-tour-of-judson-glass-studios/southwestmuseum2013
Attempts: 19 - Request URL: www.lavatransforms.org/2013/01/30/tour-is-full-tour-of-judson-glass-studios/elalisal2013
Attempts: 20 - Request URL: www.lavatransforms.org/flaneur-broadway-on-my-mind-5
Attempts: 21 - Request URL: www.lavatransforms.org/flaneur-broadway-on-my-mind-10
Attempts: 22 - Request URL: www.lavatransforms.org/event/the-krampus-slideshow-talk-with-costumes-late-show/feed/
Attempts: 23 - Request URL: www.lavatransforms.org/user/33
Attempts: 24 - Request URL: www.lavatransforms.org/category/education/page/7/newsletter/subscriptions
Attempts: 25 - Request URL: www.lavatransforms.org/2015/01/29/lavas-41st-sunday-salon/user/register
Attempts: 26 - Request URL: www.lavatransforms.org/2015/01/29/lavas-41st-sunday-salon/user/login
Attempts: 27 - Request URL: www.lavatransforms.org/category/lava-vocabulary/occult/user/login
Attempts: 28 - Request URL: www.lavatransforms.org/category/lava-vocabulary/occult/user/register
Attempts: 29 - Request URL: www.lavatransforms.org/category/the-creative-process/(http:/www.latimes.com/entertainment/news/la-et-0911-phil-dance-pictures,0,5346715.photogallery
Attempts: 30 - Request URL: www.lavatransforms.org/category/nature/page/4/newsletter/subscriptions
Attempts: 31 - Request URL: www.lavatransforms.org/blog/4/page/3/
Attempts: 32 - Request URL: www.lavatransforms.org/blog/4/itotushy
Attempts: 33 - Request URL: www.lavatransforms.org/blog/4/cityscapes
Attempts: 34 - Request URL: www.lavatransforms.org/blog/4/page/2/
Attempts: 35 - Request URL: www.lavatransforms.org/category/preservation/page/12/salon213
Attempts: 36 - Request URL: www.lavatransforms.org/category/talks/page/13/lavatransforms.org/scrapsteel
Attempts: 37 - Request URL: www.lavatransforms.org/category/blog/salon510
Attempts: 38 - Request URL: www.lavatransforms.org/category/talks/user/login
Attempts: 39 - Request URL: www.lavatransforms.org/category/talks/user/register
Attempts: 40 - Request URL: www.lavatransforms.org/category/lava-exclusives/page/14/cityscapes
Attempts: 41 - Request URL: www.lavatransforms.org/category/education/page/5/lavatransforms.org/scrapsteel
Attempts: 42 - Request URL: www.lavatransforms.org/category/lava-vocabulary/history/page/41/signups
Attempts: 43 - Request URL: www.lavatransforms.org/author/a-laura-brody/page/2/(http:/www.latimes.com/entertainment/news/la-et-0911-phil-dance-pictures,0,5346715.photogallery
Attempts: 44 - Request URL: www.lavatransforms.org/video-category/blank/derangedlacrimes.com
Attempts: 45 - Request URL: www.lavatransforms.org/category/talks/page/6/nydistilling.com
Attempts: 46 - Request URL: www.lavatransforms.org/category/talks/page/2/user/register
Attempts: 47 - Request URL: www.lavatransforms.org/category/talks/page/2/user/login
Attempts: 48 - Request URL: www.lavatransforms.org/category/lava-vocabulary/technology/user/register
Attempts: 49 - Request URL: www.lavatransforms.org/event/south-l-a-road-trip-hot-rods-adobes-googie-early-modernism-2/feed/
Attempts: 50 - Request URL: www.lavatransforms.org/fitzgeraldwalk4
Attempts: 51 - Request URL: www.lavatransforms.org/category/history/page/2/user/login
Attempts: 52 - Request URL: www.lavatransforms.org/category/history/page/2/user/register
Attempts: 53 - Request URL: www.lavatransforms.org/c320171940-yzirefgc-scpcjc-q23456-qtbfqmt-dksq/zegrqj-zlvil-umrecum-cfqieyvw-jvukh.do
Attempts: 54 - Request URL: www.lavatransforms.org/event/pasadena-confidential-tour-3/feed/
Attempts: 55 - Request URL: www.lavatransforms.org/category/spirituality/user/register
Attempts: 56 - Request URL: www.lavatransforms.org/event/hotel-horrors-main-street-vice-tour-5/feed/
Attempts: 57 - Request URL: www.lavatransforms.org/category/theater/page/4/signups
Attempts: 58 - Request URL: www.lavatransforms.org/category/blog/page/13/itotushy
Attempts: 59 - Request URL: www.lavatransforms.org/category/free/page/7/lavatransforms.org/flaneur-broadway-on-my-mind-6
Attempts: 60 - Request URL: www.lavatransforms.org/category/books/page/2/user/login
Attempts: 61 - Request URL: www.lavatransforms.org/c320171944-jmuqth-jvfunzew-dqdbge/pmvmcou-bsfgd-eubfzo-gqhww-q9303-nwveybk/
Attempts: 62 - Request URL: www.lavatransforms.org/fbvfmb-ijijcpzg-frnksn/suslgps-mhimw-igtcos-jwmtp-c320171943-q5703-sdphmqh/
Attempts: 63 - Request URL: www.lavatransforms.org/c320171944-qdziwj-rmrlfqck-kdqvfy/ywobzrb-aeruv-tbgmvt-evsgo-q5343-jslaril/
Attempts: 64 - Request URL: www.lavatransforms.org/c320171944-wowbkx-xnhngmdz-nsvnax/usjcdqj-xfmzk-qxmnbk-spbfc-q2103-rkxscgp/
Attempts: 65 - Request URL: www.lavatransforms.org/wowbkx-xnhngmdz-nsvnax/usjcdqj-xfmzk-qxmnbk-spbfc-c320171943-q2103-rkxscgp/
Attempts: 66 - Request URL: www.lavatransforms.org/fbvfmb-ijijcpzg-frnksn/suslgps-c320171940-mhimw-igtcos-jwmtp-q5703-sdphmqh/
Attempts: 67 - Request URL: www.lavatransforms.org/wowbkx-xnhngmdz-c320171946-nsvnax/usjcdqj-xfmzk-qxmnbk-spbfc-q6783-rkxscgp/
Attempts: 68 - Request URL: www.lavatransforms.org/xlswzq-qyjihxtb-ppoxej/mnwghcn-c320171940-lvjqg-wixsde-huemy-q7503-bbyrhzn/
Attempts: 69 - Request URL: www.lavatransforms.org/fbvfmb-c320171945-ijijcpzg-frnksn/suslgps-mhimw-igtcos-jwmtp-q5703-sdphmqh/
Attempts: 70 - Request URL: www.lavatransforms.org/zfnmlm-kfyradlq-exalih/klrwwsh-zweci-ahkkjj-klrak-c320171943-q3903-foffqnj/
Attempts: 71 - Request URL: www.lavatransforms.org/wowbkx-xnhngmdz-c320171946-nsvnax/usjcdqj-xfmzk-qxmnbk-spbfc-q2103-rkxscgp/
Attempts: 72 - Request URL: www.lavatransforms.org/kyyapa-weadmiun-rcuaww/bynuxek-c320171940-cmurp-zsjtph-wyzoe-q11103-weswssc/
Attempts: 73 - Request URL: www.lavatransforms.org/supshg-flggbjgj-c320171946-snysoq/ffyxixw-fxkou-rehjmi-nfoza-q45303-kzdzkle/
Attempts: 74 - Request URL: www.lavatransforms.org/jmuqth-jvfunzew-dqdbge/pmvmcou-bsfgd-eubfzo-c320171942-gqhww-q42063-nwveybk/
Attempts: 75 - Request URL: www.lavatransforms.org/wowbkx-xnhngmdz-nsvnax/usjcdqj-c320171948-xfmzk-qxmnbk-spbfc-q25503-rkxscgp/
Attempts: 76 - Request URL: www.lavatransforms.org/eaeedr-eqzvzhrt-c320171946-awepmc/qjqarwc-wbvph-vcpgyr-ixqdd-q18303-turntvw/
Attempts: 77 - Request URL: www.lavatransforms.org/fbvfmb-ijijcpzg-frnksn/suslgps-c320171948-mhimw-igtcos-jwmtp-q29103-sdphmqh/
Attempts: 78 - Request URL: www.lavatransforms.org/cntgjw-c320171945-ctmorais-hvcmcf/dpidbdp-uozvs-dfdwfx-phjbv-q36303-htzbnhq/
Attempts: 79 - Request URL: www.lavatransforms.org/supshg-flggbjgj-snysoq/ffyxixw-fxkou-rehjmi-c320171942-nfoza-q45303-kzdzkle/
Attempts: 80 - Request URL: www.lavatransforms.org/xlswzq-qyjihxtb-ppoxej/mnwghcn-lvjqg-c320171941-wixsde-huemy-q54303-bbyrhzn/
Attempts: 81 - Request URL: www.lavatransforms.org/kyyapa-weadmiun-rcuaww/bynuxek-cmurp-zsjtph-c320171942-wyzoe-q15783-weswssc/
Attempts: 82 - Request URL: www.lavatransforms.org/zfnmlm-kfyradlq-exalih/klrwwsh-c320171948-zweci-ahkkjj-klrak-q50703-foffqnj/
Attempts: 83 - Request URL: www.lavatransforms.org/wowbkx-xnhngmdz-nsvnax/usjcdqj-xfmzk-qxmnbk-spbfc-c320171943-q25503-rkxscgp/
Attempts: 84 - Request URL: www.lavatransforms.org/vekhuv-mkwtsgfu-iliobv/holpnhr-sphhc-c320171941-fqlisd-bnyst-q39903-gyjlbed/
Attempts: 85 - Request URL: www.lavatransforms.org/xlswzq-qyjihxtb-ppoxej/mnwghcn-lvjqg-wixsde-huemy-c320171943-q30903-bbyrhzn/
Attempts: 86 - Request URL: www.lavatransforms.org/kyyapa-weadmiun-c320171946-rcuaww/bynuxek-cmurp-zsjtph-wyzoe-q11103-weswssc/
Attempts: 87 - Request URL: www.lavatransforms.org/vekhuv-mkwtsgfu-iliobv/holpnhr-sphhc-fqlisd-bnyst-c320171943-q39903-gyjlbed/
Attempts: 88 - Request URL: www.lavatransforms.org/xlswzq-c320171945-qyjihxtb-ppoxej/mnwghcn-lvjqg-wixsde-huemy-q54303-bbyrhzn/
Attempts: 89 - Request URL: www.lavatransforms.org/c320171944-xlswzq-qyjihxtb-ppoxej/mnwghcn-lvjqg-wixsde-huemy-q30903-bbyrhzn/
Attempts: 90 - Request URL: www.lavatransforms.org/eaeedr-eqzvzhrt-awepmc/qjqarwc-wbvph-c320171941-vcpgyr-ixqdd-q18303-turntvw/
Attempts: 91 - Request URL: www.lavatransforms.org/zfnmlm-kfyradlq-c320171946-exalih/klrwwsh-zweci-ahkkjj-klrak-q50703-foffqnj/
Attempts: 92 - Request URL: www.lavatransforms.org/vekhuv-mkwtsgfu-iliobv/holpnhr-c320171948-sphhc-fqlisd-bnyst-q16503-gyjlbed/
Attempts: 93 - Request URL: www.lavatransforms.org/vekhuv-mkwtsgfu-iliobv/holpnhr-sphhc-fqlisd-bnyst-c320171943-q16503-gyjlbed/
Attempts: 94 - Request URL: www.lavatransforms.org/zfnmlm-kfyradlq-exalih/klrwwsh-c320171948-zweci-ahkkjj-klrak-q27303-foffqnj/
Attempts: 95 - Request URL: www.lavatransforms.org/supshg-flggbjgj-snysoq/ffyxixw-fxkou-c320171941-rehjmi-nfoza-q45303-kzdzkle/
Attempts: 96 - Request URL: www.lavatransforms.org/zfnmlm-kfyradlq-exalih/klrwwsh-zweci-c320171941-ahkkjj-klrak-q13263-foffqnj/
Attempts: 97 - Request URL: www.lavatransforms.org/supshg-c320171945-flggbjgj-snysoq/ffyxixw-fxkou-rehjmi-nfoza-q21903-kzdzkle/
Attempts: 98 - Request URL: www.lavatransforms.org/vekhuv-mkwtsgfu-iliobv/holpnhr-c320171940-sphhc-fqlisd-bnyst-q39903-gyjlbed/
Attempts: 99 - Request URL: www.lavatransforms.org/fbvfmb-ijijcpzg-frnksn/suslgps-mhimw-igtcos-c320171942-jwmtp-q29103-sdphmqh/
Attempts: more than 99 - Request URL: www.lavatransforms.org/c320171944-kyyapa-weadmiun-rcuaww/bynuxek-cmurp-zsjtph-wyzoe-q11103-weswssc/
