Attempts: 1 - Request URL: www.lavatransforms.org/category/architecturedesign/page/13/cellartourkingeddydec2012
Attempts: 2 - Request URL: www.lavatransforms.org/crimelaboct2013
Attempts: 3 - Request URL: www.lavatransforms.org/event/hotel-horrors-main-street-vice-tour-3/feed/
Attempts: 4 - Request URL: www.lavatransforms.org/event/pereira-mwd/feed/
Attempts: 5 - Request URL: www.lavatransforms.org/hank20years
Attempts: 6 - Request URL: www.lavatransforms.org/user/2186
Attempts: 7 - Request URL: www.lavatransforms.org/event/birthdaybus-2016/feed/
Attempts: 8 - Request URL: www.lavatransforms.org/category/lava-vocabulary/lava-exclusives/page/9/subscribe
Attempts: 9 - Request URL: www.lavatransforms.org/category/preservation/page/12/southwestmuseum2013
Attempts: 10 - Request URL: www.lavatransforms.org/event/broadway-on-my-mind-13/feed/
Attempts: 11 - Request URL: www.lavatransforms.org/event/broadway-on-my-mind-14/
Attempts: 12 - Request URL: www.lavatransforms.org/category/food/page/8/cityscapes
Attempts: 13 - Request URL: www.lavatransforms.org/category/lava-vocabulary/lava-exclusives/page/8/southwestmuseum2013
Attempts: 14 - Request URL: www.lavatransforms.org/event/pasadena-confidential-tour-july-2016/feed/
Attempts: 15 - Request URL: www.lavatransforms.org/category/talks/page/5/lavatransforms.org/flaneur-broadway-on-my-mind-6
Attempts: 16 - Request URL: www.lavatransforms.org/category/lava-vocabulary/tours/page/31/signups
Attempts: 17 - Request URL: www.lavatransforms.org/event/crimelabjune2016/feed/
Attempts: 18 - Request URL: www.lavatransforms.org/event/haunts-of-a-dirty-old-man-charles-bukowskis-los-angeles-tour-july-2016/feed/
Attempts: 19 - Request URL: www.lavatransforms.org/event/salon317/feed/
Attempts: 20 - Request URL: www.lavatransforms.org/img_20170301_121316/
Attempts: 21 - Request URL: www.lavatransforms.org/video-category/musso-frank-literary-salons/ArchersBooks.com
Attempts: 22 - Request URL: www.lavatransforms.org/category/lava-vocabulary/poetry/user/login
Attempts: 23 - Request URL: www.lavatransforms.org/category/lava-vocabulary/preservation/page/2/user/register
Attempts: 24 - Request URL: www.lavatransforms.org/flaneur-broadway-on-my-mind-13
Attempts: 25 - Request URL: www.lavatransforms.org/serialfinale
Attempts: 26 - Request URL: www.lavatransforms.org/category/history/musso31210
Attempts: 27 - Request URL: www.lavatransforms.org/2015/04/06/lavas-43rd-sunday-salon/user/login
Attempts: 28 - Request URL: www.lavatransforms.org/category/blog/page/10/lavatransforms.org/scrapsteel
Attempts: 29 - Request URL: www.lavatransforms.org/category/history/page/12/lavatransforms.org/flaneur-broadway-on-my-mind-6
Attempts: 30 - Request URL: www.lavatransforms.org/category/preservation/page/22/itotushy
Attempts: 31 - Request URL: www.lavatransforms.org/cliftonsalons
Attempts: 32 - Request URL: www.lavatransforms.org/event/raymond-chandlers-los-angeles-saturday-october-22nd/feed/
Attempts: 33 - Request URL: www.lavatransforms.org/2010/04/musso31210
Attempts: 34 - Request URL: www.lavatransforms.org/video-category/lava-sunday-salon/page/5/lavatransforms.org/garyleonard910
Attempts: 35 - Request URL: www.lavatransforms.org/video/lavasalonvideotemplate/http:derangedlacrimes.com
Attempts: 36 - Request URL: www.lavatransforms.org/event/hotel-horrors-main-street-vice-tour-2/feed/
Attempts: 37 - Request URL: www.lavatransforms.org/2017-1-8-harveysbroiler_142305/
Attempts: 38 - Request URL: www.lavatransforms.org/category/lava-vocabulary/lava-exclusives/page/8/salon213
Attempts: 39 - Request URL: www.lavatransforms.org/event/thanksgiving2015/feed/
Attempts: 40 - Request URL: www.lavatransforms.org/category/lava-vocabulary/history/page/22/cellartourkingeddydec2012
Attempts: 41 - Request URL: www.lavatransforms.org/event/wild-wild-westside-crime-bus-tour/
Attempts: 42 - Request URL: www.lavatransforms.org/category/theater/page/5/myspace.com/jamesadomian
Attempts: 43 - Request URL: www.lavatransforms.org/event/buk1015/feed/
Attempts: 44 - Request URL: www.lavatransforms.org/event/crimelabapril2016/feed/
Attempts: 45 - Request URL: www.lavatransforms.org/category/lava-vocabulary/spirituality/user/login
Attempts: 46 - Request URL: www.lavatransforms.org/event/crimelaboct2015/feed/
Attempts: 47 - Request URL: www.lavatransforms.org/event/competition-finalists-present-their-pershing-square-design-entries/feed/
Attempts: 48 - Request URL: www.lavatransforms.org/event/raymond-chandlers-los-angeles-2/feed/
Attempts: 49 - Request URL: www.lavatransforms.org/event/south-l-a-road-trip-hot-rods-adobes-googie-early-modernism/feed/
Attempts: 50 - Request URL: www.lavatransforms.org/2015/05/27/canceled-lavas-44th-sunday-salon/user/login
Attempts: 51 - Request URL: www.lavatransforms.org/category/free/page/12/cellartourkingeddydec2012
Attempts: 52 - Request URL: www.lavatransforms.org/category/lava-vocabulary/books/page/6/lavatransforms.org/flaneur-broadway-on-my-mind-6
Attempts: 53 - Request URL: www.lavatransforms.org/category/talks/page/10/ArchersBooks.com
Attempts: 54 - Request URL: www.lavatransforms.org/event-category/la-history/http:1947project.com
Attempts: 55 - Request URL: www.lavatransforms.org/event/hollywood-10-10-15/feed/
Attempts: 56 - Request URL: www.lavatransforms.org/user/register?destination=node%2F1347%23comment-form
Attempts: 57 - Request URL: www.lavatransforms.org/event/eastside-babylon-crime-bus-tour/feed/
Attempts: 58 - Request URL: www.lavatransforms.org/crimelabjuly14
Attempts: 59 - Request URL: www.lavatransforms.org/event/another-test-event/feed/
