Attempts: 1 - Request URL: www.lavatransforms.org/c320171944-cntgjwc-tmoraish-vcmcfdpi/dbdpuozv-sdfdwf-xphjbv-htzbnh-q25071-qklmww/
Attempts: 2 - Request URL: www.lavatransforms.org/supshgf-lggbjgjs-c320171946-nysoqffy/xixwfxko-urehjm-infoza-kzdzkl-q10671-emkkxu/
Attempts: 3 - Request URL: www.lavatransforms.org/zfnmlmk-fyradlqe-xalihklr/wwshzwec-c320171948-iahkkj-jklrak-foffqn-q20751-jbsgmt/
Attempts: 4 - Request URL: www.lavatransforms.org/wowbkxx-nhngmdzn-svnaxusj/cdqjxfmz-c320171948-kqxmnb-kspbfc-rkxscg-q18951-prmrsg/
Attempts: 5 - Request URL: www.lavatransforms.org/user/207
Attempts: 6 - Request URL: www.lavatransforms.org/jmuq-thjvf-q21575-unzewdq-dbgepm/vmcoubsf-gdeu-bfzogqhw-c320171947-wnwve-ybkaycal/
Attempts: 7 - Request URL: www.lavatransforms.org/q52151-jmuqthj-vfunzewd-qdbgepmv-mcoubsfg/deubfz-c320171945-ogqhww-nwveyb-kaycal-poam-goporfmo-zroht/
Attempts: 8 - Request URL: www.lavatransforms.org/zfnm-lmkfy-radlqex-alihkl/rwwshzwe-ciah-c320171946-kkjjklra-q14875-kfoff-qnjbsgmt-antfh-stifgh-loidj/
Attempts: 9 - Request URL: www.lavatransforms.org/c320171940-fbvfm-bijijcp-zgfrnksn-suslgps/mhim-wigtcosj-wmtpsdp-hmqhjhdo-eodnin-fepchw-q34979-gmywms/
Attempts: 10 - Request URL: www.lavatransforms.org/c320171940-supshgf-lggbjgjs-nysoqffy-xixwfxko/urehjm-infoza-kzdzkl-q46031-emkkxu-jzww-dkwshiic-ccmkz/
Attempts: 11 - Request URL: www.lavatransforms.org/vekhuvm-kwtsgfui-liobvhol-pnhrsphh/cfqlis-q17231-dbnyst-gyjlbe-dnaxiy-egxc-qlmnlbtp-c320171939-gmusw/
Attempts: 12 - Request URL: www.lavatransforms.org/supshgf-lggbjgjs-nysoqffy-xixwfxko/urehjm-infoza-kzdzkl-c320171947-emkkxu-jzww-q27311-dkwshiic-ccmkz/
Attempts: 13 - Request URL: www.lavatransforms.org/q13739-supsh-gflggbj-gjsnysoq-c320171943-ffyxixw/fxko-urehjmin-fozakzd-zklemkkx-ujzwwd-kwshii-cccmkz/
Attempts: 14 - Request URL: www.lavatransforms.org/wowbkxx-nhngmdzn-svnaxusj-cdqjxfmz/kqxmnb-c320171945-kspbfc-rkxscg-q51971-prmrsg-rcsp-zjbqbceb-wjvnb/
Attempts: 15 - Request URL: www.lavatransforms.org/wowb-kxxnh-ngmdzns-vnaxus/jcdqjxfm-zkqx-mnbkspbf-q43495-crkxs-cgprmrsg-rcspz-jbqbce-c320171939-bwjvn/
Attempts: 16 - Request URL: www.lavatransforms.org/supshgf-lggbjgjs-nysoqffy-xixwfxko/urehjm-infoza-c320171946-kzdzkl-q1051-emkkxu-jzww-dkwshiic-ccmkz-ygaoh/
Attempts: 17 - Request URL: www.lavatransforms.org/jmuqth-jvfunzew-dqdbge-pmvmcou/bsfgd-eubfzo-gqhww-c320171947-q48823-nwveybk-aycalpo-amgopor-fmoz-rohthixv/
Attempts: 18 - Request URL: www.lavatransforms.org/vekhuvm-kwtsgfui-liobvhol-pnhrsphh/cfqlis-dbnyst-gyjlbe-q19051-dnaxiy-c320171948-egxc-qlmnlbtp-gmusw-zdbfw/
Attempts: 19 - Request URL: www.lavatransforms.org/lqauadp-hbfesblc-ymzzboga-jamqouyy/xkashw-vudtib-qpndpo-q48391-fhebea-c320171948-yrkj-edogdkvu-fhacq-uwixi/
Attempts: 20 - Request URL: www.lavatransforms.org/fbvfmbi-jijcpzgf-rnksnsus-lgpsmhim/wigtco-c320171945-sjwmtp-sdphmq-q52711-hjhdoe-odni-nfepchwg-mywms-cavwl/
Attempts: 21 - Request URL: www.lavatransforms.org/xlswzqq-yjihxtbp-poxejmnw-ghcnlvjq/gwixsd-c320171945-ehuemy-bbyrhz-q52171-nuzsdc-dtfa-myabmpdd-rsklc-mswkt/
Attempts: 22 - Request URL: www.lavatransforms.org/migcbnv-rtpinvxx-grtnsgep-ovldkcxw/tmoybk-glzllq-c320171946-xjojzf-q26251-uxvhyo-cals-lwgegvre-denoh-nmrsj/
Attempts: 23 - Request URL: www.lavatransforms.org/img_20170301_124352/
Attempts: 24 - Request URL: www.lavatransforms.org/migcbnv-rtpinvxx-grtnsgep-ovldkcxw/tmoybk-c320171945-glzllq-xjojzf-q49651-uxvhyo-cals-lwgegvre-denoh-nmrsj/
Attempts: 25 - Request URL: www.lavatransforms.org/qdziwjr-mrlfqckk-dqvfyywo-bzrbaeru/vtbgmv-tevsgo-jslari-c320171947-q26611-lobwpj-txvn-snjaaesa-togdp-atupz/
Attempts: 26 - Request URL: www.lavatransforms.org/lqauadp-hbfesblc-ymzzboga-jamqouyy/xkashw-vudtib-qpndpo-c320171947-q17971-fhebea-yrkj-edogdkvu-fhacq-uwixi/
Attempts: 27 - Request URL: www.lavatransforms.org/zfnmlmk-fyradlqe-xalihklr-wwshzwec/iahkkj-jklrak-foffqn-q18151-jbsgmt-c320171948-antf-hstifghl-oidjj-futax/
Attempts: 28 - Request URL: www.lavatransforms.org/jmuqthj-vfunzewd-qdbgepmv-mcoubsfg/deubfz-ogqhww-nwveyb-q46951-kaycal-c320171948-poam-goporfmo-zroht-hixvp/
Attempts: 29 - Request URL: www.lavatransforms.org/lqauadp-hbfesblc-ymzzboga-jamqouyy/xkashw-vudtib-c320171946-qpndpo-q34351-fhebea-yrkj-edogdkvu-fhacq-uwixi/
Attempts: 30 - Request URL: www.lavatransforms.org/c320171940-vekhuvm-kwtsgfui-liobvhol-pnhrsphh/cfqlis-dbnyst-gyjlbe-q47131-dnaxiy-egxc-qlmnlbtp-gmusw-zdbfw/
Attempts: 31 - Request URL: www.lavatransforms.org/xlswzqq-yjihxtbp-poxejmnw-ghcnlvjq/gwixsd-ehuemy-c320171946-bbyrhz-q33451-nuzsdc-dtfa-myabmpdd-rsklc-mswkt/
Attempts: 32 - Request URL: www.lavatransforms.org/c320171940-zfnmlmk-fyradlqe-xalihklr-wwshzwec/iahkkj-jklrak-foffqn-q46231-jbsgmt-antf-hstifghl-oidjj-futax/
Attempts: 33 - Request URL: www.lavatransforms.org/kyyapaw-eadmiunr-cuawwbyn-uxekcmur/pzsjtp-c320171945-hwyzoe-weswss-q44071-cztals-wwch-tgvjyjnr-snreo-rhqbq/
Attempts: 34 - Request URL: www.lavatransforms.org/supshgf-lggbjgjs-nysoqffy-xixwfxko/urehjm-c320171945-infoza-kzdzkl-q43171-emkkxu-jzww-dkwshiic-ccmkz-ygaoh/
Attempts: 35 - Request URL: www.lavatransforms.org/c320171940-kyyap-aweadmi-unrcuaww-bynuxek/cmur-pzsjtphw-yzoewes-q35179-wsscztal-swwcht-gvjyjn-rsnreo-rhqbqaxx/
Attempts: 36 - Request URL: www.lavatransforms.org/eaeed-c320171941-reqzvzh-rtawepmc-qjqarwc/wbvp-hvcpgyri-xqddtur-q40039-ntvwfqjj-pfmroc-vrtvsp-kpdsgg-wqkebgsa/
Attempts: 37 - Request URL: www.lavatransforms.org/kyyap-aweadmi-unrcuaww-c320171943-bynuxek/cmur-pzsjtphw-yzoewes-q35179-wsscztal-swwcht-gvjyjn-rsnreo-rhqbqaxx/
Attempts: 38 - Request URL: www.lavatransforms.org/xlswz-qqyjihx-tbppoxej-mnwghcn/lvjq-gwixsdeh-uemybby-q50299-rhznuzsd-c320171948-cdtfam-yabmpd-drsklc-mswktmll/
Attempts: 39 - Request URL: www.lavatransforms.org/kyyapawe-c320171945-admi/unrc-q4447-uaww/
Attempts: 40 - Request URL: www.lavatransforms.org/fbvfmbij-ijcp/zgfr-c320171939-q8407-nksn/
Attempts: 41 - Request URL: www.lavatransforms.org/lqauadph-bfes/blcy-c320171947-q34507-mzzb/
Attempts: 42 - Request URL: www.lavatransforms.org/c320171940-wowb-kxxnh/ngmdzns-q49735-vnaxus/
Attempts: 43 - Request URL: www.lavatransforms.org/c320171940-xlsw-zqqyj/ihxtbpp-q29395-oxejmn/
Attempts: 44 - Request URL: www.lavatransforms.org/c320171948-zfnmlm-kfyradlq/exalih-q9883-klrwwsh/
Attempts: 45 - Request URL: www.lavatransforms.org/jmuqth-c320171945-jvfunzew/dqdbge-q52723-pmvmcou/
Attempts: 46 - Request URL: www.lavatransforms.org/q3095-kyya-pawea/dmiunrc-uawwby-c320171939-nuxekcmu/
Attempts: 47 - Request URL: www.lavatransforms.org/zfnmlmk-fyradlqe/xalihklr-c320171943-q33751-wwshzwec/
Attempts: 48 - Request URL: www.lavatransforms.org/c320171940-q50435-jmuq-thjvf/unzewdq-dbgepm-vmcoubsf/
Attempts: 49 - Request URL: www.lavatransforms.org/c320171940-q29195-wowb-kxxnh/ngmdzns-vnaxus-jcdqjxfm/
Attempts: 50 - Request URL: www.lavatransforms.org/jmuqthj-c320171945-vfunzewd/qdbgepmv-q11071-mcoubsfg/
Attempts: 51 - Request URL: www.lavatransforms.org/elalisal2013
Attempts: 52 - Request URL: www.lavatransforms.org/c320171948-lqauadp-hbfesblc/ymzzboga-q31231-jamqouyy/
Attempts: 53 - Request URL: www.lavatransforms.org/q20735-qdzi-wjrmr/lfqckkd-qvfyyw-c320171939-obzrbaer/
Attempts: 54 - Request URL: www.lavatransforms.org/jmuqthj-vfunzewd/qdbgepmv-c320171943-q29791-mcoubsfg/
Attempts: 55 - Request URL: www.lavatransforms.org/migcbnv-c320171945-rtpinvxx/grtnsgep-q25471-ovldkcxw/
Attempts: 56 - Request URL: www.lavatransforms.org/kyyapaw-c320171945-eadmiunr/cuawwbyn-q24571-uxekcmur/
Attempts: 57 - Request URL: www.lavatransforms.org/cntgjwc-tmoraish/vcmcfdpi-c320171943-q38071-dbdpuozv/
Attempts: 58 - Request URL: www.lavatransforms.org/c320171940-q49535-lqau-adphb/fesblcy-mzzbog-ajamqouy/
Attempts: 59 - Request URL: www.lavatransforms.org/migcbnv-rtpinvxx/grtnsgep-c320171943-q37171-ovldkcxw/
Attempts: 60 - Request URL: www.lavatransforms.org/whisky913
Attempts: 61 - Request URL: www.lavatransforms.org/whisky913
Attempts: 62 - Request URL: www.lavatransforms.org/supshg-flggbjgj/snysoq-q323-ffyxixw-c320171939-fxkou/
Attempts: 63 - Request URL: www.lavatransforms.org/c320171940-q28295-cntg-jwctm/oraishv-cmcfdp-idbdpuoz/
Attempts: 64 - Request URL: www.lavatransforms.org/c320171940-q48635-xlsw-zqqyj/ihxtbpp-oxejmn-wghcnlvj/
Attempts: 65 - Request URL: www.lavatransforms.org/eaeedreq-q3847-zvzh/rtaw-epmc-qjqarwc-c320171945-wbvp/
Attempts: 66 - Request URL: www.lavatransforms.org/kyyapawe-q6007-admi/unrc-uaww-bynuxek-c320171939-cmur/
Attempts: 67 - Request URL: www.lavatransforms.org/kyyapa-weadmiun/rcuaww-q1223-bynuxek-c320171939-cmurp/
Attempts: 68 - Request URL: www.lavatransforms.org/lqauadph-q5647-bfes/blcy-mzzb-ogajamq-c320171945-ouyy/
Attempts: 69 - Request URL: www.lavatransforms.org/cntgjwct-q7807-mora/ishv-cmcf-dpidbdp-c320171939-uozv/
Attempts: 70 - Request URL: www.lavatransforms.org/zfnmlmkf-c320171947-q33907-yrad/lqex-alih-klrwwsh-zwec/
Attempts: 71 - Request URL: www.lavatransforms.org/supshgfl-q30847-ggbj/gjsn-c320171943-ysoq-ffyxixw-fxko/
Attempts: 72 - Request URL: www.lavatransforms.org/wowbkxxn-c320171947-q32107-hngm/dzns-vnax-usjcdqj-xfmz/
Attempts: 73 - Request URL: www.lavatransforms.org/c320171945-zfnmlm-kfyradlq/exalih-q52523-klrwwsh-zweci/
Attempts: 74 - Request URL: www.lavatransforms.org/c320171945-vekhuv-mkwtsgfu/iliobv-q53423-holpnhr-sphhc/
Attempts: 75 - Request URL: www.lavatransforms.org/jmuqthjv-q29947-funz/ewdq-c320171943-dbge-pmvmcou-bsfg/
Attempts: 76 - Request URL: www.lavatransforms.org/qdziwj-rmrlfqck/kdqvfy-q37583-ywobzrb-c320171939-aeruv/
Attempts: 77 - Request URL: www.lavatransforms.org/wowbkx-c320171946-xnhngmdz/nsvnax-q36683-usjcdqj-xfmzk/
Attempts: 78 - Request URL: www.lavatransforms.org/sups-q895-hgflg/gbjgjsn-ysoqff-yxixwfxk-c320171939-oure/
Attempts: 79 - Request URL: www.lavatransforms.org/gbleq/css/style.css
Attempts: 80 - Request URL: www.lavatransforms.org/gbleq/css/jquery-ui.css
Attempts: 81 - Request URL: www.lavatransforms.org/gbleq/js/jquery.rating.css
Attempts: 82 - Request URL: www.lavatransforms.org/vekhuvmk-wtsg-c320171945-fuil/iobv-holpnhr-sphh-q4647-cfql/
Attempts: 83 - Request URL: www.lavatransforms.org/zfnmlmkf-yrad-c320171945-q3747-lqex/alih-klrwwsh-zwec-iahk/
Attempts: 84 - Request URL: www.lavatransforms.org/c320171945-vekhuvm-q11771-kwtsgfui/liobvhol-pnhrsphh-cfqlis/
Attempts: 85 - Request URL: www.lavatransforms.org/kyyapaw-q34451-eadmiunr/cuawwbyn-c320171943-uxekcmur-pzsjtp/
Attempts: 86 - Request URL: www.lavatransforms.org/c320171940-fbvfmbi-q31391-jijcpzgf/rnksnsus-lgpsmhim-wigtco/
Attempts: 87 - Request URL: www.lavatransforms.org/c320171945-eaeedre-q25271-qzvzhrta/wepmcqjq-arwcwbvp-hvcpgy/
Attempts: 88 - Request URL: www.lavatransforms.org/supshgf-c320171946-q40571-lggbjgjs/nysoqffy-xixwfxko-urehjm/
Attempts: 89 - Request URL: www.lavatransforms.org/qdziwjr-q31031-mrlfqckk/dqvfyywo-c320171948-bzrbaeru-vtbgmv/
Attempts: 90 - Request URL: www.lavatransforms.org/fbvfmbi-q31391-jijcpzgf/rnksnsus-c320171943-lgpsmhim-wigtco/
Attempts: 91 - Request URL: www.lavatransforms.org/user/32
Attempts: 92 - Request URL: www.lavatransforms.org/xlswzqq-q37871-yjihxtbp/poxejmnw-c320171943-ghcnlvjq-gwixsd/
Attempts: 93 - Request URL: www.lavatransforms.org/zfnmlmk-q31931-fyradlqe/xalihklr-c320171948-wwshzwec-iahkkj/
Attempts: 94 - Request URL: www.lavatransforms.org/c320171940-vekhuvm-q30491-kwtsgfui/liobvhol-pnhrsphh-cfqlis/
Attempts: 95 - Request URL: www.lavatransforms.org/c320171946-wowbkx-q35383-xnhngmdz/nsvnax-usjcdqj-xfmzk-qxmnbk/
Attempts: 96 - Request URL: www.lavatransforms.org/event-category/la-history/page/2/1947project.com
Attempts: 97 - Request URL: www.lavatransforms.org/wowbkx-c320171947-q26023-xnhngmdz/nsvnax-usjcdqj-xfmzk-qxmnbk/
Attempts: 98 - Request URL: www.lavatransforms.org/wowbkxxn-c320171945-hngm-dzns/vnax-usjcdqj-xfmz-kqxm-q5847-nbksp/
Attempts: 99 - Request URL: www.lavatransforms.org/qdziwjrm-rlfq-c320171946-ckkd/qvfy-ywobzrb-aeru-vtbg-q4407-mvtev/
Attempts: more than 99 - Request URL: www.lavatransforms.org/migcbnvr-tpin-vxxg/rtns-gepovld-kcxw-c320171942-tmoy-q4047-bkglz/
Attempts: 1 - Request URL: www.lavatransforms.org/zfnmlmkf-yrad-lqex/alih-klrwwsh-zwec-iahk-c320171943-q31047-kjjkl/
Attempts: 2 - Request URL: www.lavatransforms.org/c320171940-xlswzqq-q31891-yjihxtbp/poxejmnw-ghcnlvjq-gwixsd-ehuemy/
Attempts: 3 - Request URL: www.lavatransforms.org/lqauadp-q37471-hbfesblc/ymzzboga-c320171943-jamqouyy-xkashw-vudtib/
