Attempts: 1 - Request URL: www.lavatransforms.org/wp-content/cache/busting/1/wp-content-plugins-jetpack-modules-sharedaddy-sharing-4.8.js
Attempts: 2 - Request URL: www.lavatransforms.org/wp-content/cache/busting/1/wp-content-plugins-jetpack-css-jetpack-4.8.css
Attempts: 3 - Request URL: www.lavatransforms.org/wp-content/cache/busting/1/wp-content-plugins-jetpack-css-jetpack-4.5.css
Attempts: 4 - Request URL: www.lavatransforms.org/wp-content/cache/busting/1/wp-content-themes-event-skins-orange-style-3.1.0.css
Attempts: 5 - Request URL: www.lavatransforms.org/wp-content/cache/busting/1/wp-content-themes-event-style-1.6.6.css
Attempts: 6 - Request URL: www.lavatransforms.org/wp-content/cache/busting/1/wp-content-themes-event-themify-js-main-3.1.0.js
Attempts: 7 - Request URL: www.lavatransforms.org/wp-content/cache/busting/1/wp-content-themes-event-js-jquery.masonry.min-1.6.6.js
Attempts: 8 - Request URL: www.lavatransforms.org/wp-content/cache/busting/1/wp-content-themes-event-js-modernizr-3.3.1.min-1.6.6.js
Attempts: 9 - Request URL: www.lavatransforms.org/wp-content/cache/busting/1/wp-content-plugins-jetpack-css-jetpack-4.7.1.css
Attempts: 10 - Request URL: www.lavatransforms.org/wp-content/cache/busting/1/wp-content-themes-event-themify-css-lightbox-3.1.0.css
Attempts: 11 - Request URL: www.lavatransforms.org/wp-content/cache/busting/1/wp-content-themes-event-themify-js-themify.sidemenu-1.6.6.js
Attempts: 12 - Request URL: www.lavatransforms.org/wp-content/cache/busting/1/wp-content-themes-event-media-queries-1.6.6.css
Attempts: 13 - Request URL: www.lavatransforms.org/wp-content/cache/busting/1/wp-content-themes-event-themify-js-lightbox-3.1.0.js
Attempts: 14 - Request URL: www.lavatransforms.org/wp-content/cache/busting/1/wp-content-themes-event-js-themify.script-1.6.6.js
Attempts: 15 - Request URL: www.lavatransforms.org/wp-content/cache/busting/1/wp-content-themes-event-themify-js-carousel-3.1.0.js
Attempts: 16 - Request URL: www.lavatransforms.org/wp-content/cache/busting/1/wp-content-plugins-jetpack-modules-sharedaddy-sharing-4.7.1.js
Attempts: 17 - Request URL: www.lavatransforms.org/wp-content/cache/busting/1/wp-content-themes-event-themify-fontawesome-css-font-awesome.min-1.6.6.css
Attempts: 18 - Request URL: www.lavatransforms.org/wp-content/cache/busting/1/wp-content-themes-event-js-jquery.dominant-color-1.6.6.js
Attempts: 19 - Request URL: www.lavatransforms.org/wp-content/cache/busting/1/wp-content-plugins-jetpack-modules-sharedaddy-sharing-4.7.js
Attempts: 20 - Request URL: www.lavatransforms.org/wp-content/cache/busting/1/wp-content-plugins-jetpack-css-jetpack-4.7.css
Attempts: 21 - Request URL: www.lavatransforms.org/wp-content/cache/busting/1/wp-includes-js-comment-reply.min-4.7.1.js
Attempts: 22 - Request URL: www.lavatransforms.org/wp-content/cache/busting/1/wp-includes-js-wp-emoji-release.min-4.7.1.js
Attempts: 23 - Request URL: www.lavatransforms.org/wp-content/cache/busting/1/wp-includes-js-wp-embed.min-4.7.1.js
Attempts: 24 - Request URL: www.lavatransforms.org/wp-content/cache/busting/1/wp-content-plugins-jetpack-modules-sharedaddy-sharing-4.4.2.js
Attempts: 25 - Request URL: www.lavatransforms.org/wp-content/cache/busting/1/wp-content-themes-event-themify-js-themify.gallery-4.7.1.js
Attempts: 26 - Request URL: www.lavatransforms.org/wp-content/cache/busting/1/wp-content-plugins-jetpack-modules-wpgroho-4.7.1.js
Attempts: 27 - Request URL: www.lavatransforms.org/wp-content/cache/busting/1/wp-content-plugins-jetpack-css-jetpack-4.4.2.css
Attempts: 28 - Request URL: www.lavatransforms.org/wp-content/cache/busting/1/wp-includes-js-wp-emoji-release.min.js
Attempts: 29 - Request URL: www.lavatransforms.org/wp-content/uploads/2015/09/2014-02-23-14.59.03-1024x576.jpg
