Attempts: 1 - Request URL: www.lavatransforms.org/urmwalk4
Attempts: 2 - Request URL: www.lavatransforms.org/user
Attempts: 3 - Request URL: www.lavatransforms.org/cliftonsalons
Attempts: 4 - Request URL: www.lavatransforms.org/crimelabaug2015
Attempts: 5 - Request URL: www.lavatransforms.org/user/192
Attempts: 6 - Request URL: www.lavatransforms.org/hank20years
Attempts: 7 - Request URL: www.lavatransforms.org/lavavisionary2014
Attempts: 8 - Request URL: www.lavatransforms.org/event/pereira-lacma/
Attempts: 9 - Request URL: www.lavatransforms.org/march-hare2013
Attempts: 10 - Request URL: www.lavatransforms.org/author/
Attempts: 11 - Request URL: www.lavatransforms.org/savannah2013
Attempts: 12 - Request URL: www.lavatransforms.org/urmwalk3
Attempts: 13 - Request URL: www.lavatransforms.org/user/register
Attempts: 14 - Request URL: www.lavatransforms.org/roeblingtile
Attempts: 15 - Request URL: www.lavatransforms.org/user/394
Attempts: 16 - Request URL: www.lavatransforms.org/crimelaboct2013
Attempts: 17 - Request URL: www.lavatransforms.org/lavasalonhammett
Attempts: 18 - Request URL: www.lavatransforms.org/scrapsteel5
Attempts: 19 - Request URL: www.lavatransforms.org/user/33
Attempts: 20 - Request URL: www.lavatransforms.org/scrapsteel4
Attempts: 21 - Request URL: www.lavatransforms.org/broadwayonmymind1
Attempts: 22 - Request URL: www.lavatransforms.org/user/55
Attempts: 23 - Request URL: www.lavatransforms.org/user/39
Attempts: 24 - Request URL: www.lavatransforms.org/user/375
Attempts: 25 - Request URL: www.lavatransforms.org/user/45
Attempts: 26 - Request URL: www.lavatransforms.org/user/87
Attempts: 27 - Request URL: www.lavatransforms.org/user/52
Attempts: 28 - Request URL: www.lavatransforms.org/user/37
Attempts: 29 - Request URL: www.lavatransforms.org/user/80
Attempts: 30 - Request URL: www.lavatransforms.org/user/29
Attempts: 31 - Request URL: www.lavatransforms.org/user/17
Attempts: 32 - Request URL: www.lavatransforms.org/user/224
Attempts: 33 - Request URL: www.lavatransforms.org/user/272
Attempts: 34 - Request URL: www.lavatransforms.org/user/259%20target=
Attempts: 35 - Request URL: www.lavatransforms.org/user/5
Attempts: 36 - Request URL: www.lavatransforms.org/user/188
Attempts: 37 - Request URL: www.lavatransforms.org/user/259
Attempts: 38 - Request URL: www.lavatransforms.org/user/275
Attempts: 39 - Request URL: www.lavatransforms.org/dorothyparker2013
Attempts: 40 - Request URL: www.lavatransforms.org/user/36
Attempts: 41 - Request URL: www.lavatransforms.org/user/43
Attempts: 42 - Request URL: www.lavatransforms.org/warchild
Attempts: 43 - Request URL: www.lavatransforms.org/user/103
Attempts: 44 - Request URL: www.lavatransforms.org/fitzgeraldwalk4
Attempts: 45 - Request URL: www.lavatransforms.org/fitzgeraldwalk3
Attempts: 46 - Request URL: www.lavatransforms.org/salon-marsak-april2014
Attempts: 47 - Request URL: www.lavatransforms.org/user/11
Attempts: 48 - Request URL: www.lavatransforms.org/user/1765
Attempts: 49 - Request URL: www.lavatransforms.org/user/4
Attempts: 50 - Request URL: www.lavatransforms.org/node/261/signups
Attempts: 51 - Request URL: www.lavatransforms.org/user/212
Attempts: 52 - Request URL: www.lavatransforms.org/category/blog/salon510
Attempts: 53 - Request URL: www.lavatransforms.org/node/545/signups
Attempts: 54 - Request URL: www.lavatransforms.org/category/art/user/login
Attempts: 55 - Request URL: www.lavatransforms.org/node/338/signups
Attempts: 56 - Request URL: www.lavatransforms.org/category/food/musso31210
Attempts: 57 - Request URL: www.lavatransforms.org/category/free/user/login
Attempts: 58 - Request URL: www.lavatransforms.org/flaneur-broadway-master1
Attempts: 59 - Request URL: www.lavatransforms.org/newsletter/subscriptions
Attempts: 60 - Request URL: www.lavatransforms.org/flaneur-broadway-feb2013
Attempts: 61 - Request URL: www.lavatransforms.org/salon-rooney-january2014
Attempts: 62 - Request URL: www.lavatransforms.org/category/books/user/login
Attempts: 63 - Request URL: www.lavatransforms.org/category/music/musso31210
Attempts: 64 - Request URL: www.lavatransforms.org/category/dance/user/login
