Attempts: 1 - Request URL: www.lavatransforms.org/event/hollywood-10-10-15/feed/
Attempts: 2 - Request URL: www.lavatransforms.org/flaneur-broadway-on-my-mind-11
Attempts: 3 - Request URL: www.lavatransforms.org/event/palos-verdes-ancient-modern-saturday-april-8th/feed/
Attempts: 4 - Request URL: www.lavatransforms.org/flaneur-broadway-master1
Attempts: 5 - Request URL: www.lavatransforms.org/q54424-psfv-rcazo/c320171942-bytkr-zbght.do
Attempts: 6 - Request URL: www.lavatransforms.org/flaneur-broadway-on-my-mind-7
Attempts: 7 - Request URL: www.lavatransforms.org/q24920-bhdnf-ybgleu/usht-c320171948-ejcppi-cgvp.do
Attempts: 8 - Request URL: www.lavatransforms.org/c320171940-fbvfmb-ijijcpzg-q41843-frnksn-suslgps/mhimw-igtcos-jwmtp-sdphmqh-jhdoeod/
Attempts: 9 - Request URL: www.lavatransforms.org/c320171944-q47800-bhdnf-ybgleu/usht-ejcppi.do
Attempts: 10 - Request URL: www.lavatransforms.org/event/pereira-mwd/feed/
Attempts: 11 - Request URL: www.lavatransforms.org/supsh-gflggbj-gjsnysoq-c320171946-q34149-ffyxixw-fxko-urehjmin-fozakzd.do
Attempts: 12 - Request URL: www.lavatransforms.org/flaneur-broadway-on-my-mind-9
Attempts: 13 - Request URL: www.lavatransforms.org/category/books/user/register
Attempts: 14 - Request URL: www.lavatransforms.org/qdziw-q30199-jrmrlfq/ckkdqvfy-c320171943-ywobzrb-aeru-vtbgmvte/
Attempts: 15 - Request URL: www.lavatransforms.org/web/20140425213428/http:/cinematreasures.org/theaters/5
Attempts: 16 - Request URL: www.lavatransforms.org/web/20140425213428/https:/sites.google.com/site/historylosangeles/schaber-s-cafeteria
Attempts: 17 - Request URL: www.lavatransforms.org/bhdnfyb-gleu-c320171942-q23828-ushte-jcppicgv/pagpqpd-lsdryxf-qofrne-gtvw-milfnzz-gjev-iedcwqqf.do
Attempts: 18 - Request URL: www.lavatransforms.org/category/books/page/2/user/login
Attempts: 19 - Request URL: www.lavatransforms.org/event/crimelabapril2016/feed/
Attempts: 20 - Request URL: www.lavatransforms.org/gpjtoptd-kylloi-q7966-vowjrua-c320171943-qhqy/
Attempts: 21 - Request URL: www.lavatransforms.org/dkbjgs-yudhoya-q32342-ymjzql-lexer-mgmhntij-czoqiby-jwys-c320171947-vhikuxa-goekbseu-yjhhy-xrzwaky/
