Attempts: 1 - Request URL: www.lavatransforms.org/category/lava-vocabulary/food/page/4/ArchersBooks.com
Attempts: 2 - Request URL: www.lavatransforms.org/category/lava-vocabulary/history/page/2/user/login
Attempts: 3 - Request URL: www.lavatransforms.org/category/lava-vocabulary/spirituality/page/5/signups
Attempts: 4 - Request URL: www.lavatransforms.org/flaneur-broadway-on-my-mind-4
Attempts: 5 - Request URL: www.lavatransforms.org/category/lava-vocabulary/food/page/4/ArchersBooks.com
Attempts: 6 - Request URL: www.lavatransforms.org/category/lava-vocabulary/history/page/2/user/login
Attempts: 7 - Request URL: www.lavatransforms.org/category/lava-vocabulary/spirituality/page/5/signups
Attempts: 8 - Request URL: www.lavatransforms.org/flaneur-broadway-on-my-mind-4
Attempts: 9 - Request URL: www.lavatransforms.org/flaneur-broadway-on-my-mind-7
Attempts: 10 - Request URL: www.lavatransforms.org/lavacalendar
Attempts: 11 - Request URL: www.lavatransforms.org/category/lava-vocabulary/history/page/2/user/login
Attempts: 12 - Request URL: www.lavatransforms.org/category/lava-vocabulary/spirituality/page/5/signups
Attempts: 13 - Request URL: www.lavatransforms.org/flaneur-broadway-on-my-mind-4
Attempts: 14 - Request URL: www.lavatransforms.org/flaneur-broadway-on-my-mind-7
Attempts: 15 - Request URL: www.lavatransforms.org/lavacalendar
Attempts: 16 - Request URL: www.lavatransforms.org/category/free/user/login
Attempts: 17 - Request URL: www.lavatransforms.org/category/lava-vocabulary/art/page/5/southwestmuseum2013
Attempts: 18 - Request URL: www.lavatransforms.org/category/lava-vocabulary/nature/user/register
Attempts: 19 - Request URL: www.lavatransforms.org/category/lava-vocabulary/lava-exclusives/page/9/ArchersBooks.com
Attempts: 20 - Request URL: www.lavatransforms.org/flaneur-broadway-on-my-mind-3
Attempts: 21 - Request URL: www.lavatransforms.org/event/salon916/
Attempts: 22 - Request URL: www.lavatransforms.org/category/lava-vocabulary/food/musso31210
Attempts: 23 - Request URL: www.lavatransforms.org/category/food/page/4/subscribe
Attempts: 24 - Request URL: www.lavatransforms.org/category/history/page/23/ArchersBooks.com
Attempts: 25 - Request URL: www.lavatransforms.org/2017-1-8-harveysbroiler_135738/
Attempts: 26 - Request URL: www.lavatransforms.org/category/lava-vocabulary/history/page/21/southwestmuseum2013
Attempts: 27 - Request URL: www.lavatransforms.org/category/lava-vocabulary/preservation/page/12/southwestmuseum2013
Attempts: 28 - Request URL: www.lavatransforms.org/user/1765
Attempts: 29 - Request URL: www.lavatransforms.org/event/broadway-on-my-mind-15/
Attempts: 30 - Request URL: www.lavatransforms.org/category/talks/page/18/newsletter/subscriptions
Attempts: 31 - Request URL: www.lavatransforms.org/2017-1-8-harveysbroiler_135738/
Attempts: 32 - Request URL: www.lavatransforms.org/category/lava-vocabulary/history/page/21/southwestmuseum2013
Attempts: 33 - Request URL: www.lavatransforms.org/category/lava-vocabulary/preservation/page/12/southwestmuseum2013
Attempts: 34 - Request URL: www.lavatransforms.org/user/1765
Attempts: 35 - Request URL: www.lavatransforms.org/event/broadway-on-my-mind-15/
Attempts: 36 - Request URL: www.lavatransforms.org/category/talks/page/18/newsletter/subscriptions
Attempts: 37 - Request URL: www.lavatransforms.org/event/salon616/
Attempts: 38 - Request URL: www.lavatransforms.org/img_20170301_122400/
Attempts: 39 - Request URL: www.lavatransforms.org/2010/10/08/the-great-million-dollar-ghost-hunt/signups
Attempts: 40 - Request URL: www.lavatransforms.org/2010/04/14/826las-dead-author-readings-at-upright-citizens-brigade/myspace.com/jamesadomian
Attempts: 41 - Request URL: www.lavatransforms.org/category/books/page/11/ArchersBooks.com
Attempts: 42 - Request URL: www.lavatransforms.org/category/lava-vocabulary/talks/page/10/ArchersBooks.com
Attempts: 43 - Request URL: www.lavatransforms.org/lavasalonhammett
Attempts: 44 - Request URL: www.lavatransforms.org/category/lava-vocabulary/art/user/register
