Attempts: 1 - Request URL: www.lavatransforms.org/c320171940-sups-hgflg-q8435-gbjgjsn-ysoqff/yxixwfxk-oure-hjminfoz-akzdz-klemkkxu/
Attempts: 2 - Request URL: www.lavatransforms.org/wowbkxx-nhngmdzn-svnaxusj/cdqjxfmz-c320171940-kqxmnb-kspbfc-rkxscg-q47031-prmrsg/
Attempts: 3 - Request URL: www.lavatransforms.org/eaeedre-qzvzhrta-wepmcqjq/arwcwbvp-c320171948-hvcpgy-rixqdd-turntv-q49191-wfqjjp/
Attempts: 4 - Request URL: www.lavatransforms.org/qdzi-c320171941-wjrmr-q36335-lfqckkd-qvfyyw/obzrbaer-uvtb-gmvtevsg-ojsla-rilobwpj/
Attempts: 5 - Request URL: www.lavatransforms.org/migc-bnvrt-q47675-pinvxxg-rtnsge/povldkcx-c320171945-wtmo-ybkglzll-qxjoj-zfuxvhyo/
Attempts: 6 - Request URL: www.lavatransforms.org/migc-bnvrt-q42995-pinvxxg-rtnsge/povldkcx-wtmo-ybkglzll-qxjoj-c320171939-zfuxvhyo/
Attempts: 7 - Request URL: www.lavatransforms.org/eaeed-reqzvzh-rtawepmc-qjqarwc/wbvp-c320171945-q38219-hvcpgyri-xqddtur-ntvwfqjj-pfmroc-vrtvsp-kpdsgg/
Attempts: 8 - Request URL: www.lavatransforms.org/user/116
Attempts: 9 - Request URL: www.lavatransforms.org/migcbnv-rtpinvxx-c320171942-grtnsgep-ovldkcxw/tmoybk-glzllq-q45491-xjojzf-uxvhyo-cals-lwgegvre-denoh/
Attempts: 10 - Request URL: www.lavatransforms.org/migcb-nvrtpin-vxxgrtns-c320171943-gepovld/kcxw-tmoybkgl-q24899-zllqxjo-jzfuxvhy-ocalsl-wgegvr-edenoh/
Attempts: 11 - Request URL: www.lavatransforms.org/cntgj-c320171941-wctmora-ishvcmcf-dpidbdp/uozv-sdfdwfxp-hjbvhtz-bnhqklmw-q39839-wnyptf-tuxuxx-niviue/
Attempts: 12 - Request URL: www.lavatransforms.org/jmuq-c320171941-thjvf-unzewdq-dbgepm/vmcoubsf-gdeu-bfzogqhw-q15595-wnwve-ybkaycal-poamg-oporfm-ozroh/
Attempts: 13 - Request URL: www.lavatransforms.org/fbvfmbi-jijcpzgf-rnksnsus-lgpsmhim/wigtco-q25151-sjwmtp-sdphmq-hjhdoe-c320171948-odni-nfepchwg-mywms/
Attempts: 14 - Request URL: www.lavatransforms.org/q12551-vekhuvm-kwtsgfui-liobvhol-pnhrsphh/cfqlis-dbnyst-gyjlbe-dnaxiy-c320171948-egxc-qlmnlbtp-gmusw/
Attempts: 15 - Request URL: www.lavatransforms.org/jmuq-thjvf-unzewdq-dbgepm/vmcoubsf-gdeu-bfzogqhw-c320171947-q43675-wnwve-ybkaycal-poamg-oporfm-ozroh/
Attempts: 16 - Request URL: www.lavatransforms.org/kyyapaw-eadmiunr-cuawwbyn-uxekcmur/pzsjtp-hwyzoe-weswss-cztals-c320171948-q18851-wwch-tgvjyjnr-snreo/
Attempts: 17 - Request URL: www.lavatransforms.org/qdziwjr-mrlfqckk-dqvfyywo-bzrbaeru/vtbgmv-c320171945-q52871-tevsgo-jslari-lobwpj-txvn-snjaaesa-togdp/
Attempts: 18 - Request URL: www.lavatransforms.org/cntg-jwctm-oraishv-cmcfdp/idbdpuoz-vsdf-dwfxphjb-q42595-vhtzb-nhqklmww-nyptf-tuxuxx-c320171939-niviu/
Attempts: 19 - Request URL: www.lavatransforms.org/jmuqt-hjvfunz-q12839-ewdqdbge-c320171943-pmvmcou/bsfg-deubfzog-qhwwnwv-eybkayca-lpoamg-oporfm-ozroht/
Attempts: 20 - Request URL: www.lavatransforms.org/fbvfmb-ijijcpzg-frnksn-suslgps/mhimw-igtcos-jwmtp-q21823-sdphmqh-jhdoeod-ninfepc-hwgm-c320171939-ywmscavw/
Attempts: 21 - Request URL: www.lavatransforms.org/cntgjw-ctmorais-hvcmcf-dpidbdp/uozvs-dfdwfx-c320171946-phjbv-q40723-htzbnhq-klmwwny-ptftuxu-xxni-viueixon/
Attempts: 22 - Request URL: www.lavatransforms.org/lqauad-phbfesbl-cymzzb-ogajamq/ouyyx-kashwv-udtib-c320171947-q47923-qpndpof-hebeayr-kjedogd-kvuf-hacquwix/
Attempts: 23 - Request URL: www.lavatransforms.org/lqauad-phbfesbl-cymzzb-ogajamq/ouyyx-kashwv-udtib-q12823-qpndpof-c320171948-hebeayr-kjedogd-kvuf-hacquwix/
Attempts: 24 - Request URL: www.lavatransforms.org/cntgjwc-tmoraish-vcmcfdpi-dbdpuozv/sdfdwf-xphjbv-c320171946-htzbnh-q10771-qklmww-nypt-ftuxuxxn-iviue-ixone/
Attempts: 25 - Request URL: www.lavatransforms.org/vekhuvm-kwtsgfui-liobvhol-pnhrsphh/cfqlis-dbnyst-gyjlbe-q54151-dnaxiy-c320171948-egxc-qlmnlbtp-gmusw-zdbfw/
Attempts: 26 - Request URL: www.lavatransforms.org/xlswzqq-yjihxtbp-poxejmnw-ghcnlvjq/gwixsd-ehuemy-bbyrhz-q21751-nuzsdc-c320171948-dtfa-myabmpdd-rsklc-mswkt/
Attempts: 27 - Request URL: www.lavatransforms.org/kyyapaw-eadmiunr-cuawwbyn-uxekcmur/pzsjtp-hwyzoe-weswss-q13651-cztals-c320171948-wwch-tgvjyjnr-snreo-rhqbq/
Attempts: 28 - Request URL: www.lavatransforms.org/wowbkxx-nhngmdzn-svnaxusj-cdqjxfmz/kqxmnb-c320171945-kspbfc-rkxscg-q51451-prmrsg-rcsp-zjbqbceb-wjvnb-slgds/
Attempts: 29 - Request URL: www.lavatransforms.org/vekhuvm-kwtsgfui-c320171942-liobvhol-pnhrsphh/cfqlis-dbnyst-gyjlbe-q44791-dnaxiy-egxc-qlmnlbtp-gmusw-zdbfw/
Attempts: 30 - Request URL: www.lavatransforms.org/xlswzqq-yjihxtbp-poxejmnw-ghcnlvjq/gwixsd-ehuemy-bbyrhz-c320171947-q17071-nuzsdc-dtfa-myabmpdd-rsklc-mswkt/
Attempts: 31 - Request URL: www.lavatransforms.org/cntgjwc-tmoraish-vcmcfdpi-dbdpuozv/sdfdwf-xphjbv-htzbnh-q15451-qklmww-c320171948-nypt-ftuxuxxn-iviue-ixone/
Attempts: 32 - Request URL: www.lavatransforms.org/eaeedre-qzvzhrta-wepmcqjq-arwcwbvp/hvcpgy-rixqdd-turntv-c320171947-q39571-wfqjjp-fmro-cvrtvspk-pdsgg-wqkeb/
Attempts: 33 - Request URL: www.lavatransforms.org/wowbkxx-nhngmdzn-svnaxusj-cdqjxfmz/kqxmnb-kspbfc-c320171946-rkxscg-q11671-prmrsg-rcsp-zjbqbceb-wjvnb-slgds/
Attempts: 34 - Request URL: www.lavatransforms.org/migcbnv-c320171941-rtpinvxx-grtnsgep-ovldkcxw/tmoybk-glzllq-xjojzf-q16891-uxvhyo-cals-lwgegvre-denoh-nmrsj/
Attempts: 35 - Request URL: www.lavatransforms.org/kyyapaw-eadmiunr-cuawwbyn-uxekcmur/pzsjtp-hwyzoe-weswss-q18331-cztals-wwch-tgvjyjnr-snreo-c320171939-rhqbq/
Attempts: 36 - Request URL: www.lavatransforms.org/lqauadp-hbfesblc-ymzzboga-jamqouyy/xkashw-vudtib-qpndpo-q22651-fhebea-c320171948-yrkj-edogdkvu-fhacq-uwixi/
Attempts: 37 - Request URL: www.lavatransforms.org/zfnmlmk-fyradlqe-xalihklr-wwshzwec/iahkkj-c320171945-jklrak-foffqn-q53251-jbsgmt-antf-hstifghl-oidjj-futax/
Attempts: 38 - Request URL: www.lavatransforms.org/eaeedre-qzvzhrta-wepmcqjq-arwcwbvp/hvcpgy-rixqdd-turntv-q20851-wfqjjp-c320171948-fmro-cvrtvspk-pdsgg-wqkeb/
Attempts: 39 - Request URL: www.lavatransforms.org/kyyapaw-eadmiunr-cuawwbyn-uxekcmur/pzsjtp-hwyzoe-weswss-q37051-cztals-c320171948-wwch-tgvjyjnr-snreo-rhqbq/
Attempts: 40 - Request URL: www.lavatransforms.org/zfnmlmk-fyradlqe-xalihklr-wwshzwec/iahkkj-jklrak-foffqn-q41551-jbsgmt-c320171948-antf-hstifghl-oidjj-futax/
Attempts: 41 - Request URL: www.lavatransforms.org/xlswz-qqyjihx-c320171942-tbppoxej-mnwghcn/lvjq-gwixsdeh-uemybby-q8179-rhznuzsd-cdtfam-yabmpd-drsklc-mswktmll/
Attempts: 42 - Request URL: www.lavatransforms.org/zfnml-mkfyrad-lqexalih-c320171943-klrwwsh/zwec-iahkkjjk-lrakfof-q13939-fqnjbsgm-tantfh-stifgh-loidjj-futaxdro/
Attempts: 43 - Request URL: www.lavatransforms.org/fbvfm-c320171941-bijijcp-zgfrnksn-suslgps/mhim-wigtcosj-wmtpsdp-q39139-hmqhjhdo-eodnin-fepchw-gmywms-cavwlvut/
Attempts: 44 - Request URL: www.lavatransforms.org/eaeed-reqzvzh-rtawepmc-qjqarwc/wbvp-hvcpgyri-xqddtur-q49399-ntvwfqjj-c320171948-pfmroc-vrtvsp-kpdsgg-wqkebgsa/
Attempts: 45 - Request URL: www.lavatransforms.org/fbvfm-bijijcp-zgfrnksn-c320171943-suslgps/mhim-wigtcosj-wmtpsdp-q25099-hmqhjhdo-eodnin-fepchw-gmywms-cavwlvut/
Attempts: 46 - Request URL: www.lavatransforms.org/xlswz-c320171941-qqyjihx-tbppoxej-mnwghcn/lvjq-gwixsdeh-uemybby-q40939-rhznuzsd-cdtfam-yabmpd-drsklc-mswktmll/
Attempts: 47 - Request URL: www.lavatransforms.org/c320171940-vekhu-vmkwtsg-fuiliobv-holpnhr/sphh-cfqlisdb-nystgyj-q24199-lbednaxi-yegxcq-lmnlbt-pgmusw-zdbfwwzv/
Attempts: 48 - Request URL: www.lavatransforms.org/migcb-nvrtpin-vxxgrtns-gepovld/kcxw-c320171945-tmoybkgl-zllqxjo-q38419-jzfuxvhy-ocalsl-wgegvr-edenoh-nmrsjxap/
Attempts: 49 - Request URL: www.lavatransforms.org/migcbnvr-c320171945-tpin/vxxg-q5347-rtns/
Attempts: 50 - Request URL: www.lavatransforms.org/zfnmlmkf-yrad/lqex-c320171939-q6607-alih/
Attempts: 51 - Request URL: www.lavatransforms.org/supshgfl-c320171945-ggbj/gjsn-q3547-ysoq/
Attempts: 52 - Request URL: www.lavatransforms.org/eaeedreq-zvzh/rtaw-c320171947-q32707-epmc/
Attempts: 53 - Request URL: www.lavatransforms.org/c320171944-cntgjwct-mora/ishv-q34327-cmcf/
Attempts: 54 - Request URL: www.lavatransforms.org/qdziwjrm-rlfq/ckkd-c320171943-q31447-qvfy/
Attempts: 55 - Request URL: www.lavatransforms.org/zfnm-lmkfy/radlqex-c320171939-q2395-alihkl/
Attempts: 56 - Request URL: www.lavatransforms.org/css/style.css
Attempts: 57 - Request URL: www.lavatransforms.org/c320171940-eaee-dreqz/vzhrtaw-q28495-epmcqj/
Attempts: 58 - Request URL: www.lavatransforms.org/zfnmlm-kfyradlq/exalih-c320171939-q523-klrwwsh/
Attempts: 59 - Request URL: www.lavatransforms.org/c320171948-kyyapa-weadmiun/rcuaww-q54523-bynuxek/
Attempts: 60 - Request URL: www.lavatransforms.org/eaeedr-eqzvzhrt/awepmc-c320171947-q26623-qjqarwc/
Attempts: 61 - Request URL: www.lavatransforms.org/xlswzq-qyjihxtb/ppoxej-c320171939-q36883-mnwghcn/
Attempts: 62 - Request URL: www.lavatransforms.org/lqauad-c320171945-phbfesbl/cymzzb-q51823-ogajamq/
Attempts: 63 - Request URL: www.lavatransforms.org/q1295-jmuq-thjvf/unzewdq-dbgepm-c320171939-vmcoubsf/
Attempts: 64 - Request URL: www.lavatransforms.org/c320171940-fbvfmbi-jijcpzgf/rnksnsus-q5131-lgpsmhim/
Attempts: 65 - Request URL: www.lavatransforms.org/c320171940-vekhuvm-kwtsgfui/liobvhol-q4231-pnhrsphh/
Attempts: 66 - Request URL: www.lavatransforms.org/c320171948-cntgjwc-tmoraish/vcmcfdpi-q26371-dbdpuozv/
Attempts: 67 - Request URL: www.lavatransforms.org/event/salon916/
Attempts: 68 - Request URL: www.lavatransforms.org/wowbkxx-nhngmdzn/svnaxusj-c320171943-q38971-cdqjxfmz/
Attempts: 69 - Request URL: www.lavatransforms.org/c320171940-kyyapaw-eadmiunr/cuawwbyn-q31591-uxekcmur/
Attempts: 70 - Request URL: www.lavatransforms.org/fbvfmbi-jijcpzgf/rnksnsus-c320171943-q35551-lgpsmhim/
Attempts: 71 - Request URL: www.lavatransforms.org/q22535-vekh-uvmkw/tsgfuil-iobvho-c320171939-lpnhrsph/
Attempts: 72 - Request URL: www.lavatransforms.org/c320171948-xlswzqq-yjihxtbp/poxejmnw-q30331-ghcnlvjq/
Attempts: 73 - Request URL: www.lavatransforms.org/supshgf-lggbjgjs/nysoqffy-c320171943-q30691-xixwfxko/
Attempts: 74 - Request URL: www.lavatransforms.org/c320171948-migcbnv-rtpinvxx/grtnsgep-q25471-ovldkcxw/
Attempts: 75 - Request URL: www.lavatransforms.org/supshgf-c320171945-lggbjgjs/nysoqffy-q23671-xixwfxko/
Attempts: 76 - Request URL: www.lavatransforms.org/salon914
Attempts: 77 - Request URL: www.lavatransforms.org/supshgf-c320171945-lggbjgjs/nysoqffy-q11971-xixwfxko/
Attempts: 78 - Request URL: www.lavatransforms.org/kyyapaw-c320171945-eadmiunr/cuawwbyn-q12871-uxekcmur/
Attempts: 79 - Request URL: www.lavatransforms.org/supshg-flggbjgj/snysoq-c320171948-q9683-ffyxixw-fxkou/
Attempts: 80 - Request URL: www.lavatransforms.org/xlswzqqy-q4747-jihx/tbpp-oxej-mnwghcn-c320171945-lvjq/
Attempts: 81 - Request URL: www.lavatransforms.org/migcbnvr-q6907-tpin/vxxg-rtns-gepovld-c320171939-kcxw/
Attempts: 82 - Request URL: www.lavatransforms.org/supshgfl-q35527-ggbj/gjsn-ysoq-c320171944-ffyxixw-fxko/
Attempts: 83 - Request URL: www.lavatransforms.org/jmuqthjv-q34627-funz/ewdq-dbge-c320171944-pmvmcou-bsfg/
Attempts: 84 - Request URL: www.lavatransforms.org/migcbn-c320171946-vrtpinvx/xgrtns-q34883-gepovld-kcxwt/
Attempts: 85 - Request URL: www.lavatransforms.org/zfnmlm-kfyradlq/exalih-q38483-klrwwsh-c320171939-zweci/
Attempts: 86 - Request URL: www.lavatransforms.org/kyyapa-weadmiun/rcuaww-c320171948-q10583-bynuxek-cmurp/
Attempts: 87 - Request URL: www.lavatransforms.org/c320171940-sups-q50035-hgflg/gbjgjsn-ysoqff-yxixwfxk-oure/
Attempts: 88 - Request URL: www.lavatransforms.org/c320171940-kyya-q50935-pawea/dmiunrc-uawwby-nuxekcmu-rpzs/
Attempts: 89 - Request URL: www.lavatransforms.org/fbvf-q22135-mbiji/jcpzgfr-nksnsu-slgpsmhi-c320171939-mwig/
Attempts: 90 - Request URL: www.lavatransforms.org/c320171940-jmuq-q49135-thjvf/unzewdq-dbgepm-vmcoubsf-gdeu/
Attempts: 91 - Request URL: www.lavatransforms.org/zfnm-q20335-lmkfy/radlqex-alihkl-rwwshzwe-c320171939-ciah/
Attempts: 92 - Request URL: www.lavatransforms.org/vekh-q21235-uvmkw/tsgfuil-iobvho-lpnhrsph-c320171939-hcfq/
Attempts: 93 - Request URL: www.lavatransforms.org/c320171940-migcbnv-q4931-rtpinvxx/grtnsgep-ovldkcxw-tmoybk/
Attempts: 94 - Request URL: www.lavatransforms.org/qdziwjrm-rlfq-ckkd/qvfy-ywobzrb-q2847-aeru-c320171942-vtbg/
Attempts: 95 - Request URL: www.lavatransforms.org/vekhuvmk-wtsg-fuil/iobv-holpnhr-sphh-c320171942-q4647-cfql/
Attempts: 96 - Request URL: www.lavatransforms.org/qdziwjr-c320171946-q38051-mrlfqckk/dqvfyywo-bzrbaeru-vtbgmv/
Attempts: 97 - Request URL: www.lavatransforms.org/lqauadp-q38771-hbfesblc/ymzzboga-c320171943-jamqouyy-xkashw/
Attempts: 98 - Request URL: www.lavatransforms.org/wowbkxxn-q34707-hngm-dzns/vnax-c320171947-usjcdqj-xfmz-kqxm/
Attempts: 99 - Request URL: www.lavatransforms.org/vekhuvm-q30491-kwtsgfui/liobvhol-c320171943-pnhrsphh-cfqlis/
Attempts: more than 99 - Request URL: www.lavatransforms.org/kyyapaw-c320171946-q53171-eadmiunr/cuawwbyn-uxekcmur-pzsjtp/
Attempts: 1 - Request URL: www.lavatransforms.org/q35427-xlswzqqy-c320171944-jihx-tbpp/oxej-mnwghcn-lvjq-gwix/
Attempts: 2 - Request URL: www.lavatransforms.org/jmuqthj-c320171946-q39671-vfunzewd/qdbgepmv-mcoubsfg-deubfz/
Attempts: 3 - Request URL: www.lavatransforms.org/zfnmlmk-c320171941-q31931-fyradlqe/xalihklr-wwshzwec-iahkkj/
Attempts: 4 - Request URL: www.lavatransforms.org/c320171945-vekhuvm-q23471-kwtsgfui/liobvhol-pnhrsphh-cfqlis/
