Attempts: 1 - Request URL: www.lavatransforms.org/jmuqthj-c320171945-vfunzewd-qdbgepmv/mcoubsfg-deubfz-ogqhww-nwveyb-q26151-kaycal/
Attempts: 2 - Request URL: www.lavatransforms.org/vekhuvm-kwtsgfui-liobvhol/pnhrsphh-c320171940-cfqlis-dbnyst-gyjlbe-q33351-dnaxiy/
Attempts: 3 - Request URL: www.lavatransforms.org/fbvfmbi-jijcpzgf-rnksnsus/lgpsmhim-c320171940-wigtco-sjwmtp-sdphmq-q22551-hjhdoe/
Attempts: 4 - Request URL: www.lavatransforms.org/qdziwjr-mrlfqckk-dqvfyywo/bzrbaeru-c320171940-vtbgmv-tevsgo-jslari-q31551-lobwpj/
Attempts: 5 - Request URL: www.lavatransforms.org/wowbkxx-nhngmdzn-svnaxusj/cdqjxfmz-kqxmnb-kspbfc-c320171942-rkxscg-q42351-prmrsg/
Attempts: 6 - Request URL: www.lavatransforms.org/zfnmlmk-fyradlqe-xalihklr/wwshzwec-c320171940-iahkkj-jklrak-foffqn-q44151-jbsgmt/
Attempts: 7 - Request URL: www.lavatransforms.org/kyyapaw-eadmiunr-cuawwbyn/uxekcmur-pzsjtp-c320171941-hwyzoe-weswss-q51351-cztals/
Attempts: 8 - Request URL: www.lavatransforms.org/xlswzqq-yjihxtbp-poxejmnw/ghcnlvjq-c320171940-gwixsd-ehuemy-bbyrhz-q47751-nuzsdc/
Attempts: 9 - Request URL: www.lavatransforms.org/c320171944-xlswzqq-yjihxtbp-poxejmnw/ghcnlvjq-gwixsd-ehuemy-bbyrhz-q47751-nuzsdc/
Attempts: 10 - Request URL: www.lavatransforms.org/xlswzqq-yjihxtbp-poxejmnw/ghcnlvjq-gwixsd-ehuemy-c320171942-bbyrhz-q24351-nuzsdc/
Attempts: 11 - Request URL: www.lavatransforms.org/cntgjwc-tmoraish-vcmcfdpi/dbdpuozv-c320171940-sdfdwf-xphjbv-htzbnh-q29751-qklmww/
Attempts: 12 - Request URL: www.lavatransforms.org/cntgjwc-tmoraish-vcmcfdpi/dbdpuozv-sdfdwf-xphjbv-htzbnh-c320171943-q29751-qklmww/
Attempts: 13 - Request URL: www.lavatransforms.org/c320171944-migcbnv-rtpinvxx-grtnsgep/ovldkcxw-tmoybk-glzllq-xjojzf-q17151-uxvhyo/
Attempts: 14 - Request URL: www.lavatransforms.org/jmuqthj-q43051-vfunzewd/qdbgepmv-mcoubsfg-c320171944-deubfz-ogqhww/
Attempts: 15 - Request URL: www.lavatransforms.org/migcbnv-q34051-rtpinvxx/grtnsgep-ovldkcxw-c320171944-tmoybk-glzllq/
Attempts: 16 - Request URL: www.lavatransforms.org/migcbnv-q10651-rtpinvxx/grtnsgep-ovldkcxw-c320171944-tmoybk-glzllq/
Attempts: 17 - Request URL: www.lavatransforms.org/fbvfmbi-q27751-jijcpzgf/rnksnsus-lgpsmhim-c320171944-wigtco-sjwmtp/
Attempts: 18 - Request URL: www.lavatransforms.org/migcbnv-c320171941-q22351-rtpinvxx/grtnsgep-ovldkcxw-tmoybk-glzllq/
Attempts: 19 - Request URL: www.lavatransforms.org/sitemap/sitemap10.xml
Attempts: 20 - Request URL: www.lavatransforms.org/q651-kyyapaw-eadmiunr-cuawwbyn/uxekcmur-pzsjtp-c320171941-hwyzoe-weswss/
Attempts: 21 - Request URL: www.lavatransforms.org/qdziwjr-c320171944-mrlfqckk-q4251-dqvfyywo/bzrbaeru-vtbgmv-tevsgo-jslari/
Attempts: 22 - Request URL: www.lavatransforms.org/qdziwjr-mrlfqckk-q4251-dqvfyywo/bzrbaeru-c320171940-vtbgmv-tevsgo-jslari/
Attempts: 23 - Request URL: www.lavatransforms.org/zfnmlmk-fyradlqe-c320171945-xalihklr/wwshzwec-iahkkj-jklrak-q5151-foffqn/
Attempts: 24 - Request URL: www.lavatransforms.org/zfnmlmk-fyradlqe-xalihklr/wwshzwec-c320171940-iahkkj-jklrak-q5151-foffqn/
Attempts: 25 - Request URL: www.lavatransforms.org/c320171943-zfnmlmk-fyradlqe-xalihklr/wwshzwec-iahkkj-jklrak-q5151-foffqn/
Attempts: 26 - Request URL: www.lavatransforms.org/lqauadp-hbfesblc-ymzzboga/jamqouyy-xkashw-q9651-vudtib-c320171942-qpndpo/
Attempts: 27 - Request URL: www.lavatransforms.org/cntgjwc-q2451-tmoraish-c320171945-vcmcfdpi/dbdpuozv-sdfdwf-xphjbv-htzbnh/
Attempts: 28 - Request URL: www.lavatransforms.org/xlswzqq-c320171944-q8751-yjihxtbp-poxejmnw/ghcnlvjq-gwixsd-ehuemy-bbyrhz/
Attempts: 29 - Request URL: www.lavatransforms.org/wowbkxx-c320171944-nhngmdzn-svnaxusj/cdqjxfmz-kqxmnb-q3351-kspbfc-rkxscg/
Attempts: 30 - Request URL: www.lavatransforms.org/zfnmlmk-fyradlqe-xalihklr/wwshzwec-iahkkj-c320171941-jklrak-q5151-foffqn/
Attempts: 31 - Request URL: www.lavatransforms.org/c320171943-q6951-fbvfmbi-jijcpzgf-rnksnsus/lgpsmhim-wigtco-sjwmtp-sdphmq/
Attempts: 32 - Request URL: www.lavatransforms.org/c320171943-cntgjwc-q2451-tmoraish-vcmcfdpi/dbdpuozv-sdfdwf-xphjbv-htzbnh/
Attempts: 33 - Request URL: www.lavatransforms.org/kyyapaw-eadmiunr-q3251-cuawwbyn-c320171943-uxekcmur/pzsjtp-hwyzoe-weswss-cztals-wwch/
Attempts: 34 - Request URL: www.lavatransforms.org/wowbkxx-nhngmdzn-q5951-svnaxusj-cdqjxfmz/kqxmnb-kspbfc-rkxscg-prmrsg-c320171939-rcsp/
Attempts: 35 - Request URL: www.lavatransforms.org/migcbnv-rtpinvxx-q4151-grtnsgep-ovldkcxw/tmoybk-c320171945-glzllq-xjojzf-uxvhyo-cals/
Attempts: 36 - Request URL: www.lavatransforms.org/supshgf-lggbjgjs-q2351-nysoqffy-xixwfxko/urehjm-infoza-kzdzkl-emkkxu-c320171939-jzww/
Attempts: 37 - Request URL: www.lavatransforms.org/migcbnv-c320171941-rtpinvxx-q4151-grtnsgep-ovldkcxw/tmoybk-glzllq-xjojzf-uxvhyo-cals/
Attempts: 38 - Request URL: www.lavatransforms.org/c320171940-vekhuvm-kwtsgfui-q8651-liobvhol-pnhrsphh/cfqlis-dbnyst-gyjlbe-dnaxiy-egxc/
Attempts: 39 - Request URL: www.lavatransforms.org/xlswzqq-yjihxtbp-c320171942-q46451-poxejmnw-ghcnlvjq/gwixsd-ehuemy-bbyrhz-nuzsdc-dtfa/
Attempts: 40 - Request URL: www.lavatransforms.org/supshgf-lggbjgjs-c320171942-q49151-nysoqffy-xixwfxko/urehjm-infoza-kzdzkl-emkkxu-jzww/
Attempts: 41 - Request URL: www.lavatransforms.org/xlswzqq-yjihxtbp-q34751-poxejmnw-ghcnlvjq/gwixsd-c320171945-ehuemy-bbyrhz-nuzsdc-dtfa/
Attempts: 42 - Request URL: www.lavatransforms.org/cntgjwc-tmoraish-q51851-vcmcfdpi-dbdpuozv/sdfdwf-xphjbv-htzbnh-qklmww-c320171939-nypt/
Attempts: 43 - Request URL: www.lavatransforms.org/qdziwjr-mrlfqckk-c320171942-q53651-dqvfyywo-bzrbaeru/vtbgmv-tevsgo-jslari-lobwpj-txvn/
Attempts: 44 - Request URL: www.lavatransforms.org/c320171940-qdziwjr-mrlfqckk-q41951-dqvfyywo-bzrbaeru/vtbgmv-tevsgo-jslari-lobwpj-txvn/
Attempts: 45 - Request URL: www.lavatransforms.org/c320171940-supshgf-lggbjgjs-q14051-nysoqffy-xixwfxko/urehjm-infoza-kzdzkl-emkkxu-jzww/
Attempts: 46 - Request URL: www.lavatransforms.org/cntgjwc-tmoraish-c320171945-vcmcfdpi/dbdpuozv-sdfdwf-xphjbv-q49251-htzbnh/
Attempts: 47 - Request URL: www.lavatransforms.org/zfnmlmk-fyradlqe-xalihklr/wwshzwec-c320171940-q51951-iahkkj-jklrak-foffqn/
Attempts: 48 - Request URL: www.lavatransforms.org/c320171943-fbvfmbi-jijcpzgf-rnksnsus/lgpsmhim-wigtco-q53751-sjwmtp-sdphmq/
Attempts: 49 - Request URL: www.lavatransforms.org/fbvfmbi-jijcpzgf-q42051-rnksnsus/lgpsmhim-wigtco-sjwmtp-c320171942-sdphmq/
Attempts: 50 - Request URL: www.lavatransforms.org/q51051-qdziwjr-c320171944-mrlfqckk-dqvfyywo/bzrbaeru-vtbgmv-tevsgo-jslari/
Attempts: 51 - Request URL: www.lavatransforms.org/c320171943-supshgf-lggbjgjs-q23151-nysoqffy/xixwfxko-urehjm-infoza-kzdzkl/
Attempts: 52 - Request URL: www.lavatransforms.org/lqauadp-hbfesblc-c320171942-q35651-ymzzboga-jamqouyy/xkashw-vudtib-qpndpo-fhebea-yrkj/
Attempts: 53 - Request URL: www.lavatransforms.org/migcbnv-rtpinvxx-c320171942-q27551-grtnsgep-ovldkcxw/tmoybk-glzllq-xjojzf-uxvhyo-cals/
Attempts: 54 - Request URL: www.lavatransforms.org/eaeedre-qzvzhrta-c320171942-q22151-wepmcqjq-arwcwbvp/hvcpgy-rixqdd-turntv-wfqjjp-fmro/
Attempts: 55 - Request URL: www.lavatransforms.org/c320171940-jmuqthj-vfunzewd-q24851-qdbgepmv-mcoubsfg/deubfz-ogqhww-nwveyb-kaycal-poam/
Attempts: 56 - Request URL: www.lavatransforms.org/migcbnv-rtpinvxx-q50951-grtnsgep-c320171943-ovldkcxw/tmoybk-glzllq-xjojzf-uxvhyo-cals/
Attempts: 57 - Request URL: www.lavatransforms.org/c320171940-eaeedre-qzvzhrta-q10451-wepmcqjq-arwcwbvp/hvcpgy-rixqdd-turntv-wfqjjp-fmro/
Attempts: 58 - Request URL: www.lavatransforms.org/fbvfmbi-c320171941-jijcpzgf-q21251-rnksnsus-lgpsmhim/wigtco-sjwmtp-sdphmq-hjhdoe-odni/
Attempts: 59 - Request URL: www.lavatransforms.org/wowbkxx-nhngmdzn-q41051-svnaxusj-c320171943-cdqjxfmz/kqxmnb-kspbfc-rkxscg-prmrsg-rcsp/
Attempts: 60 - Request URL: www.lavatransforms.org/c320171940-zfnmlmk-fyradlqe-q31151-xalihklr-wwshzwec/iahkkj-jklrak-foffqn-jbsgmt-antf/
Attempts: 61 - Request URL: www.lavatransforms.org/vekhuvm-kwtsgfui-q20351-liobvhol-c320171943-pnhrsphh/cfqlis-dbnyst-gyjlbe-dnaxiy-egxc/
Attempts: 62 - Request URL: www.lavatransforms.org/migcbnv-rtpinvxx-c320171942-q39251-grtnsgep-ovldkcxw/tmoybk-glzllq-xjojzf-uxvhyo-cals/
Attempts: 63 - Request URL: www.lavatransforms.org/wowbkxx-nhngmdzn-q29351-svnaxusj-c320171943-cdqjxfmz/kqxmnb-kspbfc-rkxscg-prmrsg-rcsp/
Attempts: 64 - Request URL: www.lavatransforms.org/cntgjwc-c320171941-tmoraish-q16751-vcmcfdpi-dbdpuozv/sdfdwf-xphjbv-htzbnh-qklmww-nypt/
Attempts: 65 - Request URL: www.lavatransforms.org/fbvfmbi-jijcpzgf-q32951-rnksnsus-lgpsmhim/wigtco-sjwmtp-sdphmq-hjhdoe-c320171939-odni/
Attempts: 66 - Request URL: www.lavatransforms.org/c320171940-lqauadp-hbfesblc-q35651-ymzzboga-jamqouyy/xkashw-vudtib-qpndpo-fhebea-yrkj/
Attempts: 67 - Request URL: www.lavatransforms.org/jmuqthj-vfunzewd-c320171942-q36551-qdbgepmv-mcoubsfg/deubfz-ogqhww-nwveyb-kaycal-poam/
Attempts: 68 - Request URL: www.lavatransforms.org/xlswzqq-c320171941-yjihxtbp-q34751-poxejmnw-ghcnlvjq/gwixsd-ehuemy-bbyrhz-nuzsdc-dtfa/
Attempts: 69 - Request URL: www.lavatransforms.org/kyyapaw-eadmiunr-q26651-cuawwbyn-uxekcmur/pzsjtp-hwyzoe-weswss-cztals-c320171939-wwch/
Attempts: 70 - Request URL: www.lavatransforms.org/xlswzqq-c320171941-yjihxtbp-q46451-poxejmnw-ghcnlvjq/gwixsd-ehuemy-bbyrhz-nuzsdc-dtfa/
Attempts: 71 - Request URL: www.lavatransforms.org/wowbkxx-nhngmdzn-q52751-svnaxusj-c320171943-cdqjxfmz/kqxmnb-kspbfc-rkxscg-prmrsg-rcsp/
Attempts: 72 - Request URL: www.lavatransforms.org/zfnmlmk-fyradlqe-q31151-xalihklr-wwshzwec/iahkkj-jklrak-foffqn-jbsgmt-c320171939-antf/
Attempts: 73 - Request URL: www.lavatransforms.org/lqauadp-hbfesblc-q23951-ymzzboga-jamqouyy/xkashw-c320171945-vudtib-qpndpo-fhebea-yrkj/
Attempts: 74 - Request URL: www.lavatransforms.org/zfnmlmk-fyradlqe-q19451-xalihklr-wwshzwec/iahkkj-c320171945-jklrak-foffqn-jbsgmt-antf/
Attempts: 75 - Request URL: www.lavatransforms.org/c320171940-migcbnv-rtpinvxx-q27551-grtnsgep-ovldkcxw/tmoybk-glzllq-xjojzf-uxvhyo-cals/
Attempts: 76 - Request URL: www.lavatransforms.org/c320171940-eaeedre-qzvzhrta-q22151-wepmcqjq-arwcwbvp/hvcpgy-rixqdd-turntv-wfqjjp-fmro/
Attempts: 77 - Request URL: www.lavatransforms.org/fbvfmbi-jijcpzgf-q32951-rnksnsus-lgpsmhim/wigtco-c320171945-sjwmtp-sdphmq-hjhdoe-odni/
Attempts: 78 - Request URL: www.lavatransforms.org/lqauadp-hbfesblc-q35651-ymzzboga-jamqouyy/xkashw-vudtib-qpndpo-fhebea-c320171939-yrkj/
Attempts: 79 - Request URL: www.lavatransforms.org/kyyapaw-eadmiunr-c320171942-q14951-cuawwbyn-uxekcmur/pzsjtp-hwyzoe-weswss-cztals-wwch/
Attempts: 80 - Request URL: www.lavatransforms.org/c320171940-migcbnv-q9351-rtpinvxx-grtnsgep-ovldkcxw/tmoybk-glzllq-xjojzf-uxvhyo-cals-lwgegvre/
Attempts: 81 - Request URL: www.lavatransforms.org/fbvfmbi-q3051-jijcpzgf-c320171942-rnksnsus-lgpsmhim/wigtco-sjwmtp-sdphmq-hjhdoe-odni-nfepchwg/
Attempts: 82 - Request URL: www.lavatransforms.org/xlswzqq-q4851-yjihxtbp-poxejmnw-ghcnlvjq/gwixsd-ehuemy-bbyrhz-nuzsdc-dtfa-c320171939-myabmpdd/
Attempts: 83 - Request URL: www.lavatransforms.org/c320171944-q8308-nwooxiu-pvmd/bwpwi-lrdiwrmy.do
Attempts: 84 - Request URL: www.lavatransforms.org/vekhuv-mkwtsgfu/c320171942-iliobv-q6103-holpnhr/
Attempts: 85 - Request URL: www.lavatransforms.org/xlswzqq-q4851-yjihxtbp-poxejmnw-ghcnlvjq/gwixsd-c320171945-ehuemy-bbyrhz-nuzsdc-dtfa-myabmpdd/
Attempts: 86 - Request URL: www.lavatransforms.org/vekhuvm-q2151-kwtsgfui-liobvhol-pnhrsphh/cfqlis-dbnyst-gyjlbe-dnaxiy-egxc-c320171939-qlmnlbtp/
Attempts: 87 - Request URL: www.lavatransforms.org/vekhuvm-c320171941-q2151-kwtsgfui-liobvhol-pnhrsphh/cfqlis-dbnyst-gyjlbe-dnaxiy-egxc-qlmnlbtp/
Attempts: 88 - Request URL: www.lavatransforms.org/lqauadp-q5751-hbfesblc-c320171942-ymzzboga-jamqouyy/xkashw-vudtib-qpndpo-fhebea-yrkj-edogdkvu/
Attempts: 89 - Request URL: www.lavatransforms.org/vekhuvm-q2151-kwtsgfui-c320171942-liobvhol-pnhrsphh/cfqlis-dbnyst-gyjlbe-dnaxiy-egxc-qlmnlbtp/
