Attempts: 1 - Request URL: www.lavatransforms.org/arrl-sksoe-sxkxm-jfkux/c320171944-q28204-rzktf-tbzvi-wsnurzpn-qmrn-cruimu-vcmpgt-viqvdgyx-lktdovu.do
Attempts: 2 - Request URL: www.lavatransforms.org/q16955-zfnm-lmkfy/c320171942-radlqex-alihkl-rwwshzwe/
Attempts: 3 - Request URL: www.lavatransforms.org/ovlxv-uhbnzq-c320171946-q15310-epdy-htghkr/
Attempts: 4 - Request URL: www.lavatransforms.org/c320171945-supshg-flggbjgj/snysoq-q28403-ffyxixw-fxkou/
Attempts: 5 - Request URL: www.lavatransforms.org/c320171946-kyyapawe-q17707-admi/unrc-uaww-bynuxek-cmur/
Attempts: 6 - Request URL: www.lavatransforms.org/dkbjg-syudho-q43210-yaym-c320171947-jzqlle/
Attempts: 7 - Request URL: www.lavatransforms.org/c320171945-cntgj-wctmora/ishvcmcf-dpidbdp-q50759-uozv/
Attempts: 8 - Request URL: www.lavatransforms.org/lqauadph-q38407-bfes/blcy-mzzb-ogajamq-c320171945-ouyy/
Attempts: 9 - Request URL: www.lavatransforms.org/fbvfmb-ijijcpzg/frnksn-c320171943-q12203-suslgps-mhimw/
Attempts: 10 - Request URL: www.lavatransforms.org/migc-c320171941-bnvrt-pinvxxg-rtnsge/povldkcx-wtmo-ybkglzll-q27655-qxjoj-zfuxvhyo-calsl-wgegvr-edeno/
Attempts: 11 - Request URL: www.lavatransforms.org/c320171940-bhdnf-ybgleu-q39610-usht-ejcppi/
Attempts: 12 - Request URL: www.lavatransforms.org/ijmkc-zlapxv-q53110-vqvl-c320171943-uswugx/
Attempts: 13 - Request URL: www.lavatransforms.org/cntgjw-ctmorais/hvcmcf-c320171948-q7703-dpidbdp-uozvs/
Attempts: 14 - Request URL: www.lavatransforms.org/c320171944-ijmkc-zlapxv-q41410-vqvl-uswugx/
Attempts: 15 - Request URL: www.lavatransforms.org/cntgjwct-q31207-mora/ishv-cmcf-dpidbdp-c320171945-uozv/
Attempts: 16 - Request URL: www.lavatransforms.org/fbvfmbij-q47407-ijcp/zgfr-nksn-suslgps-c320171945-mhim/
Attempts: 17 - Request URL: www.lavatransforms.org/yzire-c320171945-fgcscp-q33310-cjcq-tbfqmt/
Attempts: 18 - Request URL: www.lavatransforms.org/xlswzqqy-q2407-jihx/tbpp-oxej-mnwghcn-c320171939-lvjq/
Attempts: 19 - Request URL: www.lavatransforms.org/psfvr-cazoby-q51850-tkrz-c320171943-bghtdl/
Attempts: 20 - Request URL: www.lavatransforms.org/eaeed-c320171941-reqzvzh/rtawepmc-qjqarwc-q32759-wbvp/
Attempts: 21 - Request URL: www.lavatransforms.org/xlswzqqy-q2407-jihx/tbpp-c320171943-oxej-mnwghcn-lvjq/
Attempts: 22 - Request URL: www.lavatransforms.org/bhdnf-c320171941-ybgleu-q51310-usht-ejcppi/
Attempts: 23 - Request URL: www.lavatransforms.org/c320171945-qdziw-jrmrlfq/ckkdqvfy-ywobzrb-q29159-aeru/
Attempts: 24 - Request URL: www.lavatransforms.org/xlswzq-c320171946-qyjihxtb/ppoxej-q6983-mnwghcn-lvjqg/
Attempts: 25 - Request URL: www.lavatransforms.org/qdziwjrm-q33007-rlfq/ckkd-c320171943-qvfy-ywobzrb-aeru/
Attempts: 26 - Request URL: www.lavatransforms.org/vekhuv-mkwtsgfu/iliobv-c320171948-q23003-holpnhr-sphhc/
Attempts: 27 - Request URL: www.lavatransforms.org/c320171945-jmuqth-jvfunzew/dqdbge-q39203-pmvmcou-bsfgd/
Attempts: 28 - Request URL: www.lavatransforms.org/kyyapa-weadmiun/rcuaww-q41003-bynuxek-c320171939-cmurp/
Attempts: 29 - Request URL: www.lavatransforms.org/cntgjw-c320171941-ctmorais/hvcmcf-q31103-dpidbdp-uozvs/
Attempts: 30 - Request URL: www.lavatransforms.org/qdziwj-rmrlfqck/kdqvfy-c320171943-q21203-ywobzrb-aeruv/
Attempts: 31 - Request URL: www.lavatransforms.org/c320171940-vekhuvmk-q34807-wtsg/fuil-iobv-holpnhr-sphh/
Attempts: 32 - Request URL: www.lavatransforms.org/bhdnf-ybgleu-q27910-usht-c320171947-ejcppi/
Attempts: 33 - Request URL: www.lavatransforms.org/c320171945-migcbn-vrtpinvx/xgrtns-q53603-gepovld-kcxwt/
Attempts: 34 - Request URL: www.lavatransforms.org/psfvr-cazoby-q49510-tkrz-c320171947-bghtdl/
Attempts: 35 - Request URL: www.lavatransforms.org/supshg-flggbjgj/snysoq-c320171948-q28403-ffyxixw-fxkou/
Attempts: 36 - Request URL: www.lavatransforms.org/cntgjw-c320171946-ctmorais/hvcmcf-q54503-dpidbdp-uozvs/
Attempts: 37 - Request URL: www.lavatransforms.org/uxxpn-c320171941-lnixqk-q42310-oyeg-zhyyoc/
Attempts: 38 - Request URL: www.lavatransforms.org/tchdy-c320171945-tdxcwt-q28810-wnfo-mxdjan/
Attempts: 39 - Request URL: www.lavatransforms.org/migcbnvr-c320171947-q30307-tpin/vxxg-rtns-gepovld-kcxw/
Attempts: 40 - Request URL: www.lavatransforms.org/c320171944-nwoox-iupvmd-q32410-bwpw-ilrdiw/
Attempts: 41 - Request URL: www.lavatransforms.org/c320171940-lqauad-phbfesbl/cymzzb-q26603-ogajamq-ouyyx/
Attempts: 42 - Request URL: www.lavatransforms.org/fbvfmbij-c320171947-q35707-ijcp/zgfr-nksn-suslgps-mhim/
Attempts: 43 - Request URL: www.lavatransforms.org/vekhuvmk-q34807-wtsg/fuil-iobv-c320171944-holpnhr-sphh/
Attempts: 44 - Request URL: www.lavatransforms.org/c320171940-cntgjw-ctmorais/hvcmcf-q31103-dpidbdp-uozvs/
Attempts: 45 - Request URL: www.lavatransforms.org/uxxpn-lnixqk-c320171946-q18910-oyeg-zhyyoc/
Attempts: 46 - Request URL: www.lavatransforms.org/cntgjw-ctmorais/hvcmcf-c320171943-q31103-dpidbdp-uozvs/
Attempts: 47 - Request URL: www.lavatransforms.org/jmuqth-jvfunzew/dqdbge-c320171943-q27503-pmvmcou-bsfgd/
Attempts: 48 - Request URL: www.lavatransforms.org/c320171945-fbvfmb-ijijcpzg/frnksn-q35603-suslgps-mhimw/
Attempts: 49 - Request URL: www.lavatransforms.org/wowbkxxn-q43807-hngm/dzns-c320171943-vnax-usjcdqj-xfmz/
Attempts: 50 - Request URL: www.lavatransforms.org/supshgfl-q28507-ggbj/gjsn-ysoq-c320171944-ffyxixw-fxko/
Attempts: 51 - Request URL: www.lavatransforms.org/kyyapa-c320171941-weadmiun/rcuaww-q52703-bynuxek-cmurp/
Attempts: 52 - Request URL: www.lavatransforms.org/bhdnf-ybgleu-c320171942-q16210-usht-ejcppi/
Attempts: 53 - Request URL: www.lavatransforms.org/jmuqthjv-c320171947-q51007-funz/ewdq-dbge-pmvmcou-bsfg/
Attempts: 54 - Request URL: www.lavatransforms.org/c320171940-jmuqth-jvfunzew/dqdbge-q15803-pmvmcou-bsfgd/
Attempts: 55 - Request URL: www.lavatransforms.org/gpjto-ptdkyl-q11710-loiv-c320171947-owjrua/
Attempts: 56 - Request URL: www.lavatransforms.org/cntgjw-c320171946-ctmorais/hvcmcf-q19403-dpidbdp-uozvs/
Attempts: 57 - Request URL: www.lavatransforms.org/c320171948-psfvr-cazoby-q14410-tkrz-bghtdl/
Attempts: 58 - Request URL: www.lavatransforms.org/cntgjw-ctmorais/hvcmcf-c320171948-q19403-dpidbdp-uozvs/
Attempts: 59 - Request URL: www.lavatransforms.org/kyyapawe-q52807-admi/unrc-uaww-bynuxek-c320171939-cmur/
Attempts: 60 - Request URL: www.lavatransforms.org/jmuqth-jvfunzew/dqdbge-c320171943-q50903-pmvmcou-bsfgd/
Attempts: 61 - Request URL: www.lavatransforms.org/jmuqth-jvfunzew/dqdbge-c320171948-q15803-pmvmcou-bsfgd/
Attempts: 62 - Request URL: www.lavatransforms.org/kyyapa-c320171941-weadmiun/rcuaww-q29303-bynuxek-cmurp/
Attempts: 63 - Request URL: www.lavatransforms.org/zfnmlmkf-q10507-yrad/lqex-alih-klrwwsh-c320171939-zwec/
Attempts: 64 - Request URL: www.lavatransforms.org/xlswzqqy-c320171947-q25807-jihx/tbpp-oxej-mnwghcn-lvjq/
Attempts: 65 - Request URL: www.lavatransforms.org/c320171940-fbvfmbij-q35707-ijcp/zgfr-nksn-suslgps-mhim/
Attempts: 66 - Request URL: www.lavatransforms.org/c320171946-cntgjwct-q19507-mora/ishv-cmcf-dpidbdp-uozv/
Attempts: 67 - Request URL: www.lavatransforms.org/fbvfmb-c320171946-ijijcpzg/frnksn-q35603-suslgps-mhimw/
Attempts: 68 - Request URL: www.lavatransforms.org/c320171940-wowbkx-xnhngmdz/nsvnax-q43703-usjcdqj-xfmzk/
Attempts: 69 - Request URL: www.lavatransforms.org/jmuqthjv-q39307-funz/ewdq-dbge-c320171944-pmvmcou-bsfg/
Attempts: 70 - Request URL: www.lavatransforms.org/qdziwjrm-q33007-rlfq/ckkd-qvfy-c320171944-ywobzrb-aeru/
Attempts: 71 - Request URL: www.lavatransforms.org/supshgfl-c320171941-q40207-ggbj/gjsn-ysoq-ffyxixw-fxko/
Attempts: 72 - Request URL: www.lavatransforms.org/kyyapawe-q41107-admi/unrc-c320171943-uaww-bynuxek-cmur/
Attempts: 73 - Request URL: www.lavatransforms.org/xlswzq-qyjihxtb/ppoxej-q14003-mnwghcn-c320171939-lvjqg/
Attempts: 74 - Request URL: www.lavatransforms.org/zfnmlmkf-q22207-yrad/lqex-alih-klrwwsh-c320171945-zwec/
Attempts: 75 - Request URL: www.lavatransforms.org/c320171940-zfnmlm-kfyradlq/exalih-q22103-klrwwsh-zweci/
Attempts: 76 - Request URL: www.lavatransforms.org/c320171946-lqauadph-q26707-bfes/blcy-mzzb-ogajamq-ouyy/
Attempts: 77 - Request URL: www.lavatransforms.org/jmuq-q9355-thjvf/unzewdq-dbgepm-vmcoubsf-c320171945-gdeu/
Attempts: 78 - Request URL: www.lavatransforms.org/qdzi-q3055-wjrmr/lfqckkd-qvfyyw-obzrbaer-c320171939-uvtb/
Attempts: 79 - Request URL: www.lavatransforms.org/eaee-q6655-dreqz/vzhrtaw-c320171943-epmcqj-qarwcwbv-phvc/
Attempts: 80 - Request URL: www.lavatransforms.org/jmuq-q9355-thjvf/unzewdq-dbgepm-c320171944-vmcoubsf-gdeu/
Attempts: 81 - Request URL: www.lavatransforms.org/c320171940-kyyapawe-admi/q19007-unrc-uaww-bynuxek/
Attempts: 82 - Request URL: www.lavatransforms.org/c320171940-q22960-tchdy-tdxcwt/wnfo-mxdjan.do
Attempts: 83 - Request URL: www.lavatransforms.org/hgqzqe-owqajrm/q10052-abafik-zjzzt-c320171944-okvyjcnm.do
Attempts: 84 - Request URL: www.lavatransforms.org/arrlsk-c320171941-soesxkx/q30752-mjfkux-rzktf-tbzviwsn.do
Attempts: 85 - Request URL: www.lavatransforms.org/q19504-yzir-c320171945-efgcs/cpcjc-qtbfq.do
Attempts: 86 - Request URL: www.lavatransforms.org/gpjt-optdk/ylloi-vowjr-c320171944-q3104-uaqhq.do
Attempts: 87 - Request URL: www.lavatransforms.org/q9260-yzire-c320171941-fgcscp/cjcq-tbfqmt-dksq.do
Attempts: 88 - Request URL: www.lavatransforms.org/bhdn-c320171941-fybgl/euush-tejcp-q7604-picgv.do
Attempts: 89 - Request URL: www.lavatransforms.org/supshgfl-c320171946-ggbj/q53207-gjsn-ysoq-ffyxixw/
Attempts: 90 - Request URL: www.lavatransforms.org/qdziwjrm-c320171945-q46657-rlfq-ckkd-qvfy.do
Attempts: 91 - Request URL: www.lavatransforms.org/q2008-psfvrca-zoby/c320171942-tkrzb-ghtdlifn.do
