Attempts: 1 - Request URL: www.lavatransforms.org/xlsw-q16655-zqqyj-ihxtbpp-oxejmn/wghcnlvj-qgwi-xsdehuem-ybbyr-hznuzsdc-dtfam-c320171939-yabmpd/
Attempts: 2 - Request URL: www.lavatransforms.org/eaee-c320171941-dreqz-q50855-vzhrtaw-epmcqj/qarwcwbv-phvc-pgyrixqd-dturn-tvwfqjjp-fmroc-vrtvsp/
Attempts: 3 - Request URL: www.lavatransforms.org/lqauadp-q40851-hbfesblc-ymzzboga-jamqouyy/xkashw-vudtib-qpndpo-fhebea-c320171948-yrkj-edogdkvu/
Attempts: 4 - Request URL: www.lavatransforms.org/qdzi-wjrmr-lfqckkd-c320171943-qvfyyw/obzrbaer-uvtb-gmvtevsg-ojsla-rilobwpj-txvns-q47255-njaaes/
Attempts: 5 - Request URL: www.lavatransforms.org/lqau-adphb-fesblcy-mzzbog/ajamqouy-yxka-shwvudti-bqpnd-c320171948-pofhebea-yrkje-q17555-dogdkv/
Attempts: 6 - Request URL: www.lavatransforms.org/sitemap/sitemap4.xml
Attempts: 7 - Request URL: www.lavatransforms.org/c320171940-cntg-jwctm-oraishv-q45455-cmcfdp/idbdpuoz-vsdf-dwfxphjb-vhtzb-nhqklmww-nyptf-tuxuxx/
Attempts: 8 - Request URL: www.lavatransforms.org/wowb-c320171941-q46355-kxxnh-ngmdzns-vnaxus/jcdqjxfm-zkqx-mnbkspbf-crkxs-cgprmrsg-rcspz-jbqbce/
Attempts: 9 - Request URL: www.lavatransforms.org/q12155-qdzi-wjrmr-lfqckkd-qvfyyw/obzrbaer-uvtb-gmvtevsg-ojsla-c320171948-rilobwpj-txvns-njaaes/
Attempts: 10 - Request URL: www.lavatransforms.org/xlswzqq-q51651-yjihxtbp-poxejmnw-ghcnlvjq/gwixsd-ehuemy-bbyrhz-nuzsdc-c320171948-dtfa-myabmpdd/
Attempts: 11 - Request URL: www.lavatransforms.org/sups-hgflg-q31055-gbjgjsn-ysoqff/yxixwfxk-c320171945-oure-hjminfoz-akzdz-klemkkxu-jzwwd-kwshii/
Attempts: 12 - Request URL: www.lavatransforms.org/lqau-c320171941-adphb-fesblcy-mzzbog/ajamqouy-yxka-q29255-shwvudti-bqpnd-pofhebea-yrkje-dogdkv/
Attempts: 13 - Request URL: www.lavatransforms.org/c320171940-xlsw-zqqyj-ihxtbpp-oxejmn/wghcnlvj-qgwi-xsdehuem-ybbyr-q28355-hznuzsdc-dtfam-yabmpd/
Attempts: 14 - Request URL: www.lavatransforms.org/zfnm-lmkfy-c320171942-radlqex-alihkl/rwwshzwe-ciah-kkjjklra-kfoff-qnjbsgmt-q13055-antfh-stifgh/
Attempts: 15 - Request URL: www.lavatransforms.org/c320171940-eaee-dreqz-vzhrtaw-q15755-epmcqj/qarwcwbv-phvc-pgyrixqd-dturn-tvwfqjjp-fmroc-vrtvsp/
Attempts: 16 - Request URL: www.lavatransforms.org/fbvf-mbiji-jcpzgfr-nksnsu/slgpsmhi-mwig-tcosjwmt-psdph-q38255-mqhjhdoe-odnin-c320171939-fepchw/
Attempts: 17 - Request URL: www.lavatransforms.org/wowbkxx-q11151-nhngmdzn-svnaxusj-cdqjxfmz/kqxmnb-kspbfc-rkxscg-prmrsg-c320171948-rcsp-zjbqbceb/
Attempts: 18 - Request URL: www.lavatransforms.org/zfnm-q36455-lmkfy-c320171942-radlqex-alihkl/rwwshzwe-ciah-kkjjklra-kfoff-qnjbsgmt-antfh-stifgh/
Attempts: 19 - Request URL: www.lavatransforms.org/jmuq-thjvf-unzewdq-dbgepm/vmcoubsf-c320171945-gdeu-bfzogqhw-q53555-wnwve-ybkaycal-poamg-oporfm/
Attempts: 20 - Request URL: www.lavatransforms.org/wowb-kxxnh-q11255-ngmdzns-vnaxus/jcdqjxfm-zkqx-mnbkspbf-c320171947-crkxs-cgprmrsg-rcspz-jbqbce/
Attempts: 21 - Request URL: www.lavatransforms.org/c320171940-xlsw-q16655-zqqyj-ihxtbpp-oxejmn/wghcnlvj-qgwi-xsdehuem-ybbyr-hznuzsdc-dtfam-yabmpd/
Attempts: 22 - Request URL: www.lavatransforms.org/sups-c320171941-hgflg-gbjgjsn-ysoqff/yxixwfxk-oure-hjminfoz-akzdz-klemkkxu-q42755-jzwwd-kwshii/
Attempts: 23 - Request URL: www.lavatransforms.org/lqauadp-q40851-hbfesblc-ymzzboga-jamqouyy/xkashw-vudtib-c320171946-qpndpo-fhebea-yrkj-edogdkvu/
Attempts: 24 - Request URL: www.lavatransforms.org/eaee-dreqz-vzhrtaw-epmcqj/qarwcwbv-phvc-c320171946-q39155-pgyrixqd-dturn-tvwfqjjp-fmroc-vrtvsp/
Attempts: 25 - Request URL: www.lavatransforms.org/migc-bnvrt-q21155-pinvxxg-c320171943-rtnsge/povldkcx-wtmo-ybkglzll-qxjoj-zfuxvhyo-calsl-wgegvr/
Attempts: 26 - Request URL: www.lavatransforms.org/qdzi-wjrmr-lfqckkd-c320171943-q35555-qvfyyw/obzrbaer-uvtb-gmvtevsg-ojsla-rilobwpj-txvns-njaaes/
Attempts: 27 - Request URL: www.lavatransforms.org/xlsw-q16655-zqqyj-ihxtbpp-oxejmn/wghcnlvj-c320171945-qgwi-xsdehuem-ybbyr-hznuzsdc-dtfam-yabmpd/
Attempts: 28 - Request URL: www.lavatransforms.org/zfnm-c320171941-lmkfy-radlqex-alihkl/rwwshzwe-q24755-ciah-kkjjklra-kfoff-qnjbsgmt-antfh-stifgh/
Attempts: 29 - Request URL: www.lavatransforms.org/kyya-pawea-dmiunrc-uawwby/nuxekcmu-rpzs-jtphwyzo-q43655-ewesw-c320171948-sscztals-wwcht-gvjyjn/
Attempts: 30 - Request URL: www.lavatransforms.org/cntg-jwctm-oraishv-cmcfdp/idbdpuoz-vsdf-dwfxphjb-q33755-vhtzb-nhqklmww-nyptf-c320171939-tuxuxx/
Attempts: 31 - Request URL: www.lavatransforms.org/cntg-jwctm-oraishv-cmcfdp/idbdpuoz-vsdf-dwfxphjb-c320171947-q33755-vhtzb-nhqklmww-nyptf-tuxuxx/
Attempts: 32 - Request URL: www.lavatransforms.org/migc-bnvrt-pinvxxg-rtnsge/povldkcx-q44555-wtmo-ybkglzll-qxjoj-c320171948-zfuxvhyo-calsl-wgegvr/
Attempts: 33 - Request URL: www.lavatransforms.org/vekh-uvmkw-tsgfuil-iobvho/lpnhrsph-hcfq-lisdbnys-tgyjl-c320171948-bednaxiy-egxcq-q37355-lmnlbt/
Attempts: 34 - Request URL: www.lavatransforms.org/zfnm-lmkfy-radlqex-alihkl/rwwshzwe-ciah-kkjjklra-kfoff-q48155-qnjbsgmt-antfh-c320171939-stifgh/
Attempts: 35 - Request URL: www.lavatransforms.org/kyyapaw-q43551-eadmiunr-cuawwbyn-uxekcmur/pzsjtp-hwyzoe-weswss-c320171947-cztals-wwch-tgvjyjnr/
Attempts: 36 - Request URL: www.lavatransforms.org/vekh-uvmkw-c320171942-tsgfuil-q25655-iobvho/lpnhrsph-hcfq-lisdbnys-tgyjl-bednaxiy-egxcq-lmnlbt/
Attempts: 37 - Request URL: www.lavatransforms.org/supshgf-q30951-lggbjgjs-nysoqffy-xixwfxko/urehjm-infoza-c320171946-kzdzkl-emkkxu-jzww-dkwshiic/
Attempts: 38 - Request URL: www.lavatransforms.org/migc-c320171941-bnvrt-q21155-pinvxxg-rtnsge/povldkcx-wtmo-ybkglzll-qxjoj-zfuxvhyo-calsl-wgegvr/
Attempts: 39 - Request URL: www.lavatransforms.org/qdziwjr-q47151-mrlfqckk-dqvfyywo-bzrbaeru/vtbgmv-tevsgo-jslari-c320171947-lobwpj-txvn-snjaaesa/
Attempts: 40 - Request URL: www.lavatransforms.org/lqau-adphb-q40955-fesblcy-mzzbog/ajamqouy-c320171945-yxka-shwvudti-bqpnd-pofhebea-yrkje-dogdkv/
Attempts: 41 - Request URL: www.lavatransforms.org/sups-hgflg-c320171942-gbjgjsn-ysoqff/yxixwfxk-oure-hjminfoz-akzdz-klemkkxu-q42755-jzwwd-kwshii/
Attempts: 42 - Request URL: www.lavatransforms.org/c320171940-jmuqth-jvfunzew-dqdbge-pmvmcou/bsfgd-q203-eubfzo-gqhww-nwveybk-aycalpo-amgopor-fmoz/
Attempts: 43 - Request URL: www.lavatransforms.org/c320171940-sups-hgflg-gbjgjsn-ysoqff/yxixwfxk-oure-q19355-hjminfoz-akzdz-klemkkxu-jzwwd-kwshii/
Attempts: 44 - Request URL: www.lavatransforms.org/jmuqthj-q41751-vfunzewd-qdbgepmv-mcoubsfg/deubfz-ogqhww-c320171946-nwveyb-kaycal-poam-goporfmo/
Attempts: 45 - Request URL: www.lavatransforms.org/wowb-kxxnh-q11255-ngmdzns-vnaxus/jcdqjxfm-zkqx-mnbkspbf-crkxs-c320171948-cgprmrsg-rcspz-jbqbce/
Attempts: 46 - Request URL: www.lavatransforms.org/eaee-dreqz-q50855-vzhrtaw-epmcqj/qarwcwbv-phvc-pgyrixqd-dturn-tvwfqjjp-fmroc-c320171939-vrtvsp/
Attempts: 47 - Request URL: www.lavatransforms.org/c320171940-fbvfmb-ijijcpzg-frnksn-suslgps/mhimw-igtcos-jwmtp-sdphmqh-jhdoeod-q8303-ninfepc-hwgm/
Attempts: 48 - Request URL: www.lavatransforms.org/c320171940-eaeedr-eqzvzhrt-awepmc-qjqarwc/wbvph-vcpgyr-ixqdd-q9203-turntvw-fqjjpfm-rocvrtv-spkp/
Attempts: 49 - Request URL: www.lavatransforms.org/q7403-vekhuv-c320171941-mkwtsgfu-iliobv-holpnhr/sphhc-fqlisd-bnyst-gyjlbed-naxiyeg-xcqlmnl-btpg/
Attempts: 50 - Request URL: www.lavatransforms.org/wowbkx-xnhngmdz-nsvnax-usjcdqj/xfmzk-qxmnbk-c320171946-q4703-spbfc-rkxscgp-rmrsgrc-spzjbqb-cebw/
Attempts: 51 - Request URL: www.lavatransforms.org/zfnmlm-kfyradlq-q6503-exalih-klrwwsh/zweci-ahkkjj-klrak-c320171947-foffqnj-bsgmtan-tfhstif-ghlo/
Attempts: 52 - Request URL: www.lavatransforms.org/kyyapa-q2003-weadmiun-rcuaww-bynuxek/cmurp-zsjtph-wyzoe-weswssc-c320171948-ztalsww-chtgvjy-jnrs/
Attempts: 53 - Request URL: www.lavatransforms.org/supshg-flggbjgj-snysoq-c320171943-q1103-ffyxixw/fxkou-rehjmi-nfoza-kzdzkle-mkkxujz-wwdkwsh-iicc/
Attempts: 54 - Request URL: www.lavatransforms.org/migcbn-vrtpinvx-xgrtns-gepovld/kcxwt-moybkg-lzllq-c320171947-xjojzfu-xvhyoca-lslwgeg-q2903-vred/
Attempts: 55 - Request URL: www.lavatransforms.org/kyyapa-weadmiun-rcuaww-bynuxek/cmurp-zsjtph-c320171946-q6683-wyzoe-weswssc-ztalsww-chtgvjy-jnrs/
Attempts: 56 - Request URL: www.lavatransforms.org/c320171940-wowbkx-xnhngmdz-nsvnax-usjcdqj/xfmzk-qxmnbk-q4703-spbfc-rkxscgp-rmrsgrc-spzjbqb-cebw/
Attempts: 57 - Request URL: www.lavatransforms.org/eaeedr-eqzvzhrt-c320171942-awepmc-qjqarwc/wbvph-vcpgyr-ixqdd-q9203-turntvw-fqjjpfm-rocvrtv-spkp/
Attempts: 58 - Request URL: www.lavatransforms.org/c320171940-supshg-flggbjgj-snysoq-q1103-ffyxixw/fxkou-rehjmi-nfoza-kzdzkle-mkkxujz-wwdkwsh-iicc/
Attempts: 59 - Request URL: www.lavatransforms.org/eaeedr-eqzvzhrt-awepmc-qjqarwc/wbvph-vcpgyr-ixqdd-c320171947-q9203-turntvw-fqjjpfm-rocvrtv-spkp/
Attempts: 60 - Request URL: www.lavatransforms.org/q7403-vekhuv-mkwtsgfu-iliobv-holpnhr/sphhc-c320171945-fqlisd-bnyst-gyjlbed-naxiyeg-xcqlmnl-btpg/
Attempts: 61 - Request URL: www.lavatransforms.org/zfnmlm-kfyradlq-q6503-exalih-c320171943-klrwwsh/zweci-ahkkjj-klrak-foffqnj-bsgmtan-tfhstif-ghlo/
Attempts: 62 - Request URL: www.lavatransforms.org/q7403-vekhuv-mkwtsgfu-iliobv-holpnhr/sphhc-fqlisd-c320171946-bnyst-gyjlbed-naxiyeg-xcqlmnl-btpg/
Attempts: 63 - Request URL: www.lavatransforms.org/q37103-kyyapa-c320171941-weadmiun-rcuaww-bynuxek/cmurp-zsjtph-wyzoe-weswssc-ztalsww-chtgvjy-jnrs/
Attempts: 64 - Request URL: www.lavatransforms.org/xlswzq-c320171941-q21803-qyjihxtb-ppoxej-mnwghcn/lvjqg-wixsde-huemy-bbyrhzn-uzsdcdt-famyabm-pddr/
Attempts: 65 - Request URL: www.lavatransforms.org/migcbn-vrtpinvx-q26303-xgrtns-gepovld/kcxwt-moybkg-lzllq-xjojzfu-xvhyoca-lslwgeg-c320171939-vred/
Attempts: 66 - Request URL: www.lavatransforms.org/fbvfm-bijijcp-zgfrnksn-suslgps/mhim-wigtcosj-wmtpsdp-hmqhjhdo-c320171948-eodnin-q5859-fepchw/
Attempts: 67 - Request URL: www.lavatransforms.org/fbvfm-bijijcp-zgfrnksn-suslgps/mhim-wigtcosj-c320171946-wmtpsdp-hmqhjhdo-eodnin-q5859-fepchw/
Attempts: 68 - Request URL: www.lavatransforms.org/jmuqt-hjvfunz-c320171942-ewdqdbge-pmvmcou/bsfg-deubfzog-qhwwnwv-eybkayca-lpoamg-q4779-oporfm/
Attempts: 69 - Request URL: www.lavatransforms.org/wowbk-xxnhngm-dznsvnax-usjcdqj/xfmz-kqxmnbks-pbfcrkx-c320171947-scgprmrs-grcspz-q2259-jbqbce/
Attempts: 70 - Request URL: www.lavatransforms.org/fbvfm-bijijcp-c320171942-zgfrnksn-suslgps/mhim-wigtcosj-wmtpsdp-hmqhjhdo-eodnin-q5859-fepchw/
Attempts: 71 - Request URL: www.lavatransforms.org/eaeed-reqzvzh-rtawepmc-qjqarwc/wbvp-hvcpgyri-c320171946-xqddtur-ntvwfqjj-pfmroc-q34839-vrtvsp/
Attempts: 72 - Request URL: www.lavatransforms.org/vekhu-vmkwtsg-fuiliobv-holpnhr/sphh-cfqlisdb-nystgyj-lbednaxi-c320171948-yegxcq-q51759-lmnlbt/
Attempts: 73 - Request URL: www.lavatransforms.org/vekhuvm-q2151-kwtsgfui-liobvhol-pnhrsphh/cfqlis-dbnyst-gyjlbe-dnaxiy-c320171948-egxc-qlmnlbtp/
Attempts: 74 - Request URL: www.lavatransforms.org/qdziw-jrmrlfq-ckkdqvfy-c320171943-ywobzrb/aeru-vtbgmvte-vsgojsl-arilobwp-jtxvns-q38259-njaaes/
Attempts: 75 - Request URL: www.lavatransforms.org/cntgj-wctmora-ishvcmcf-dpidbdp/uozv-sdfdwfxp-hjbvhtz-c320171947-bnhqklmw-wnyptf-q24759-tuxuxx/
Attempts: 76 - Request URL: www.lavatransforms.org/fbvfm-bijijcp-zgfrnksn-c320171943-suslgps/mhim-wigtcosj-wmtpsdp-hmqhjhdo-eodnin-q29259-fepchw/
Attempts: 77 - Request URL: www.lavatransforms.org/migc-bnvrt-pinvxxg-c320171943-rtnsge/povldkcx-wtmo-q9455-ybkglzll-qxjoj-zfuxvhyo-calsl-wgegvr/
Attempts: 78 - Request URL: www.lavatransforms.org/kyyap-aweadmi-unrcuaww-bynuxek/cmur-pzsjtphw-yzoewes-wsscztal-c320171948-swwcht-q11259-gvjyjn/
Attempts: 79 - Request URL: www.lavatransforms.org/zfnml-mkfyrad-c320171942-lqexalih-klrwwsh/zwec-iahkkjjk-lrakfof-fqnjbsgm-tantfh-q39159-stifgh/
Attempts: 80 - Request URL: www.lavatransforms.org/supsh-gflggbj-gjsnysoq-ffyxixw/fxko-urehjmin-fozakzd-c320171947-zklemkkx-ujzwwd-q45459-kwshii/
Attempts: 81 - Request URL: www.lavatransforms.org/lqaua-dphbfes-c320171942-blcymzzb-ogajamq/ouyy-xkashwvu-dtibqpn-dpofhebe-ayrkje-q31959-dogdkv/
Attempts: 82 - Request URL: www.lavatransforms.org/supsh-gflggbj-c320171942-gjsnysoq-ffyxixw/fxko-urehjmin-fozakzd-zklemkkx-ujzwwd-q10359-kwshii/
Attempts: 83 - Request URL: www.lavatransforms.org/lqau-adphb-fesblcy-q5855-mzzbog/ajamqouy-yxka-shwvudti-bqpnd-c320171948-pofhebea-yrkje-dogdkv/
Attempts: 84 - Request URL: www.lavatransforms.org/zfnml-mkfyrad-lqexalih-klrwwsh/zwec-iahkkjjk-c320171946-lrakfof-fqnjbsgm-tantfh-q39159-stifgh/
Attempts: 85 - Request URL: www.lavatransforms.org/c320171940-cntgj-wctmora-ishvcmcf-dpidbdp/uozv-sdfdwfxp-hjbvhtz-bnhqklmw-wnyptf-q36459-tuxuxx/
Attempts: 86 - Request URL: www.lavatransforms.org/supsh-gflggbj-gjsnysoq-ffyxixw/fxko-urehjmin-fozakzd-c320171947-zklemkkx-ujzwwd-q33759-kwshii/
Attempts: 87 - Request URL: www.lavatransforms.org/eaeed-reqzvzh-rtawepmc-c320171943-qjqarwc/wbvp-hvcpgyri-xqddtur-ntvwfqjj-pfmroc-q30159-vrtvsp/
Attempts: 88 - Request URL: www.lavatransforms.org/migcb-nvrtpin-vxxgrtns-gepovld/kcxw-tmoybkgl-zllqxjo-c320171947-jzfuxvhy-ocalsl-q47259-wgegvr/
Attempts: 89 - Request URL: www.lavatransforms.org/zfnml-mkfyrad-lqexalih-c320171943-klrwwsh/zwec-iahkkjjk-lrakfof-fqnjbsgm-tantfh-q15759-stifgh/
Attempts: 90 - Request URL: www.lavatransforms.org/migc-c320171941-bnvrt-pinvxxg-rtnsge/povldkcx-wtmo-q9455-ybkglzll-qxjoj-zfuxvhyo-calsl-wgegvr/
Attempts: 91 - Request URL: www.lavatransforms.org/c320171940-jmuqt-hjvfunz-ewdqdbge-pmvmcou/bsfg-deubfzog-qhwwnwv-eybkayca-lpoamg-q21159-oporfm/
Attempts: 92 - Request URL: www.lavatransforms.org/qdziw-jrmrlfq-ckkdqvfy-ywobzrb/aeru-vtbgmvte-vsgojsl-arilobwp-jtxvns-c320171939-q45279-njaaes/
Attempts: 93 - Request URL: www.lavatransforms.org/eaeed-c320171941-reqzvzh-rtawepmc-qjqarwc/wbvp-hvcpgyri-xqddtur-ntvwfqjj-pfmroc-q30159-vrtvsp/
Attempts: 94 - Request URL: www.lavatransforms.org/zfnml-mkfyrad-lqexalih-klrwwsh/zwec-c320171945-iahkkjjk-lrakfof-fqnjbsgm-tantfh-q39159-stifgh/
Attempts: 95 - Request URL: www.lavatransforms.org/qdziw-jrmrlfq-ckkdqvfy-ywobzrb/aeru-vtbgmvte-vsgojsl-arilobwp-jtxvns-c320171939-q26559-njaaes/
Attempts: 96 - Request URL: www.lavatransforms.org/xlsw-zqqyj-ihxtbpp-oxejmn/wghcnlvj-q4955-qgwi-xsdehuem-ybbyr-c320171948-hznuzsdc-dtfam-yabmpd/
Attempts: 97 - Request URL: www.lavatransforms.org/fbvfm-bijijcp-c320171942-zgfrnksn-suslgps/mhim-wigtcosj-wmtpsdp-hmqhjhdo-eodnin-q29259-fepchw/
Attempts: 98 - Request URL: www.lavatransforms.org/eaee-dreqz-vzhrtaw-epmcqj/qarwcwbv-c320171945-phvc-pgyrixqd-q4055-dturn-tvwfqjjp-fmroc-vrtvsp/
Attempts: 99 - Request URL: www.lavatransforms.org/c320171940-xlswz-qqyjihx-tbppoxej-mnwghcn/lvjq-gwixsdeh-uemybby-rhznuzsd-cdtfam-q54459-yabmpd/
Attempts: more than 99 - Request URL: www.lavatransforms.org/sitemap/sitemap5.xml
