Attempts: 1 - Request URL: www.lavatransforms.org/lqauadph-bfes-q20207-blcy-mzzb/ogajamq-ouyy-xkas-hwvud-c320171948-tibq/
Attempts: 2 - Request URL: www.lavatransforms.org/lqau-adphb-fesblcy/mzzbog-c320171940-ajamqouy-yxka-shwvudti-q7935-bqpnd/
Attempts: 3 - Request URL: www.lavatransforms.org/eaee-dreqz-vzhrtaw/epmcqj-qarwcwbv-c320171941-phvc-pgyrixqd-q15495-dturn/
Attempts: 4 - Request URL: www.lavatransforms.org/vekhuvm-q20091-kwtsgfui-liobvhol/pnhrsphh-c320171947-cfqlis-dbnyst-gyjlbe/
Attempts: 5 - Request URL: www.lavatransforms.org/vekhuvm-c320171944-kwtsgfui-liobvhol/pnhrsphh-cfqlis-q24771-dbnyst-gyjlbe/
Attempts: 6 - Request URL: www.lavatransforms.org/supshgf-lggbjgjs-q23151-nysoqffy/xixwfxko-urehjm-c320171948-infoza-kzdzkl/
Attempts: 7 - Request URL: www.lavatransforms.org/migcbnv-rtpinvxx-c320171945-grtnsgep/ovldkcxw-tmoybk-q43671-glzllq-xjojzf/
Attempts: 8 - Request URL: www.lavatransforms.org/qdziwjrm-rlfq-ckkd-qvfy/ywobzrb-aeru-vtbg-q20007-mvtev-c320171948-sgoj-slarilo/
Attempts: 9 - Request URL: www.lavatransforms.org/qdziwjrm-rlfq-c320171942-ckkd-qvfy/ywobzrb-aeru-vtbg-q45747-mvtev-sgoj-slarilo/
Attempts: 10 - Request URL: www.lavatransforms.org/zfnmlmkf-yrad-lqex-alih/klrwwsh-zwec-iahk-q20907-kjjkl-c320171948-rakf-offqnjb/
Attempts: 11 - Request URL: www.lavatransforms.org/c320171944-zfnml-mkfyrad-lqexalih/klrwwsh-zwec-iahkkjjk-lrakfof-q9519-fqnjbsgm/
Attempts: 12 - Request URL: www.lavatransforms.org/xlswzq-qyjihxtb-q48323-ppoxej-mnwghcn/lvjqg-wixsde-huemy-c320171947-bbyrhzn-uzsdcdt/
Attempts: 13 - Request URL: www.lavatransforms.org/zfnmlmkf-yrad-lqex-alih/klrwwsh-q19607-zwec-iahk-kjjkl-c320171948-rakf-offqnjb-sgmt/
Attempts: 14 - Request URL: www.lavatransforms.org/eaeedr-eqzvzhrt-q21683-awepmc-qjqarwc/wbvph-vcpgyr-ixqdd-c320171947-turntvw-fqjjpfm/
Attempts: 15 - Request URL: www.lavatransforms.org/migcbnvr-q51107-tpin-vxxg-rtns/gepovld-kcxw-tmoy-bkglz-llqx-jojzfux-c320171939-vhyo/
Attempts: 16 - Request URL: www.lavatransforms.org/cntgjw-ctmorais-q51383-hvcmcf-dpidbdp/uozvs-dfdwfx-phjbv-htzbnhq-c320171948-klmwwny/
Attempts: 17 - Request URL: www.lavatransforms.org/fbvfmbi-jijcpzgf-q9551-rnksnsus-lgpsmhim/wigtco-sjwmtp-c320171946-sdphmq-hjhdoe-odni/
Attempts: 18 - Request URL: www.lavatransforms.org/zfnmlmk-fyradlqe-c320171942-q45191-xalihklr-wwshzwec/iahkkj-jklrak-foffqn-jbsgmt-antf/
Attempts: 19 - Request URL: www.lavatransforms.org/eaeedre-qzvzhrta-q22151-wepmcqjq-arwcwbvp/hvcpgy-rixqdd-turntv-wfqjjp-c320171948-fmro/
Attempts: 20 - Request URL: www.lavatransforms.org/jmuqthj-vfunzewd-q24851-qdbgepmv-mcoubsfg/deubfz-ogqhww-c320171946-nwveyb-kaycal-poam/
Attempts: 21 - Request URL: www.lavatransforms.org/c320171940-qdziwjr-mrlfqckk-q46631-dqvfyywo-bzrbaeru/vtbgmv-tevsgo-jslari-lobwpj-txvn/
Attempts: 22 - Request URL: www.lavatransforms.org/migcbnv-rtpinvxx-q50951-grtnsgep-ovldkcxw/tmoybk-glzllq-xjojzf-uxvhyo-c320171948-cals/
Attempts: 23 - Request URL: www.lavatransforms.org/kyyapaw-eadmiunr-q26651-cuawwbyn-uxekcmur/pzsjtp-hwyzoe-c320171946-weswss-cztals-wwch/
Attempts: 24 - Request URL: www.lavatransforms.org/eaeedre-qzvzhrta-q52571-wepmcqjq-arwcwbvp/hvcpgy-c320171945-rixqdd-turntv-wfqjjp-fmro/
Attempts: 25 - Request URL: www.lavatransforms.org/migcbnv-rtpinvxx-q15851-grtnsgep-ovldkcxw/tmoybk-glzllq-c320171946-xjojzf-uxvhyo-cals/
