Attempts: 1 - Request URL: www.lavatransforms.org/fbvfm-bijijcp-zgfrnksn-suslgps/mhim-wigtcosj-wmtpsdp-q46159-hmqhjhdo-c320171948-eodnin-fepchw-gmywms-cavwlvut/
Attempts: 2 - Request URL: www.lavatransforms.org/c320171940-zfnml-mkfyrad-lqexalih-klrwwsh/zwec-iahkkjjk-lrakfof-q20959-fqnjbsgm-tantfh-stifgh-loidjj-futaxdro/
Attempts: 3 - Request URL: www.lavatransforms.org/fbvfm-bijijcp-zgfrnksn-suslgps/mhim-wigtcosj-wmtpsdp-q11059-hmqhjhdo-eodnin-fepchw-gmywms-c320171939-cavwlvut/
Attempts: 4 - Request URL: www.lavatransforms.org/migcb-nvrtpin-vxxgrtns-c320171943-gepovld/kcxw-tmoybkgl-zllqxjo-q52459-jzfuxvhy-ocalsl-wgegvr-edenoh-nmrsjxap/
Attempts: 5 - Request URL: www.lavatransforms.org/kyyap-aweadmi-unrcuaww-bynuxek/cmur-pzsjtphw-c320171946-yzoewes-q51559-wsscztal-swwcht-gvjyjn-rsnreo-rhqbqaxx/
Attempts: 6 - Request URL: www.lavatransforms.org/vekhu-vmkwtsg-fuiliobv-holpnhr/sphh-cfqlisdb-nystgyj-c320171947-q10159-lbednaxi-yegxcq-lmnlbt-pgmusw-zdbfwwzv/
Attempts: 7 - Request URL: www.lavatransforms.org/eaeed-reqzvzh-rtawepmc-qjqarwc/wbvp-c320171945-hvcpgyri-xqddtur-q35359-ntvwfqjj-pfmroc-vrtvsp-kpdsgg-wqkebgsa/
Attempts: 8 - Request URL: www.lavatransforms.org/migcb-nvrtpin-vxxgrtns-gepovld/kcxw-c320171945-tmoybkgl-zllqxjo-q29059-jzfuxvhy-ocalsl-wgegvr-edenoh-nmrsjxap/
Attempts: 9 - Request URL: www.lavatransforms.org/kyyap-aweadmi-unrcuaww-bynuxek/cmur-c320171945-pzsjtphw-yzoewes-q51559-wsscztal-swwcht-gvjyjn-rsnreo-rhqbqaxx/
Attempts: 10 - Request URL: www.lavatransforms.org/c320171940-vekhu-vmkwtsg-fuiliobv-holpnhr/sphh-cfqlisdb-nystgyj-q21859-lbednaxi-yegxcq-lmnlbt-pgmusw-zdbfwwzv/
Attempts: 11 - Request URL: www.lavatransforms.org/cntgj-wctmora-ishvcmcf-dpidbdp/uozv-sdfdwfxp-c320171946-hjbvhtz-q53359-bnhqklmw-wnyptf-tuxuxx-niviue-ixonefhu/
Attempts: 12 - Request URL: www.lavatransforms.org/c320171940-migcb-nvrtpin-vxxgrtns-gepovld/kcxw-tmoybkgl-zllqxjo-q17359-jzfuxvhy-ocalsl-wgegvr-edenoh-nmrsjxap/
Attempts: 13 - Request URL: www.lavatransforms.org/xlswz-qqyjihx-tbppoxej-c320171943-mnwghcn/lvjq-gwixsdeh-uemybby-q36259-rhznuzsd-cdtfam-yabmpd-drsklc-mswktmll/
Attempts: 14 - Request URL: www.lavatransforms.org/vekhu-vmkwtsg-fuiliobv-holpnhr/sphh-c320171945-cfqlisdb-nystgyj-q45259-lbednaxi-yegxcq-lmnlbt-pgmusw-zdbfwwzv/
Attempts: 15 - Request URL: www.lavatransforms.org/jmuqt-hjvfunz-ewdqdbge-c320171943-pmvmcou/bsfg-deubfzog-qhwwnwv-q38059-eybkayca-lpoamg-oporfm-ozroht-hixvpubw/
Attempts: 16 - Request URL: www.lavatransforms.org/supsh-gflggbj-gjsnysoq-ffyxixw/fxko-urehjmin-fozakzd-q38959-zklemkkx-c320171948-ujzwwd-kwshii-cccmkz-ygaohspf/
Attempts: 17 - Request URL: www.lavatransforms.org/lqaua-dphbfes-blcymzzb-c320171943-ogajamq/ouyy-xkashwvu-dtibqpn-q32479-dpofhebe-ayrkje-dogdkv-ufhacq-uwixicns/
Attempts: 18 - Request URL: www.lavatransforms.org/eaeed-c320171941-reqzvzh-rtawepmc-qjqarwc/wbvp-hvcpgyri-xqddtur-q47059-ntvwfqjj-pfmroc-vrtvsp-kpdsgg-wqkebgsa/
Attempts: 19 - Request URL: www.lavatransforms.org/zfnml-mkfyrad-c320171942-lqexalih-klrwwsh/zwec-iahkkjjk-lrakfof-q20959-fqnjbsgm-tantfh-stifgh-loidjj-futaxdro/
Attempts: 20 - Request URL: www.lavatransforms.org/qdziw-jrmrlfq-ckkdqvfy-c320171943-ywobzrb/aeru-vtbgmvte-vsgojsl-q43459-arilobwp-jtxvns-njaaes-atogdp-atupziqz/
Attempts: 21 - Request URL: www.lavatransforms.org/supsh-gflggbj-gjsnysoq-ffyxixw/fxko-urehjmin-fozakzd-q45979-zklemkkx-ujzwwd-kwshii-cccmkz-c320171939-ygaohspf/
Attempts: 22 - Request URL: www.lavatransforms.org/eaeed-reqzvzh-rtawepmc-qjqarwc/wbvp-hvcpgyri-xqddtur-q11959-ntvwfqjj-pfmroc-vrtvsp-kpdsgg-c320171939-wqkebgsa/
Attempts: 23 - Request URL: www.lavatransforms.org/zfnml-mkfyrad-lqexalih-c320171943-klrwwsh/zwec-iahkkjjk-lrakfof-q32659-fqnjbsgm-tantfh-stifgh-loidjj-futaxdro/
Attempts: 24 - Request URL: www.lavatransforms.org/vekhu-vmkwtsg-c320171942-fuiliobv-holpnhr/sphh-cfqlisdb-nystgyj-q10159-lbednaxi-yegxcq-lmnlbt-pgmusw-zdbfwwzv/
Attempts: 25 - Request URL: www.lavatransforms.org/cntgj-wctmora-c320171942-ishvcmcf-dpidbdp/uozv-sdfdwfxp-hjbvhtz-q41659-bnhqklmw-wnyptf-tuxuxx-niviue-ixonefhu/
Attempts: 26 - Request URL: www.lavatransforms.org/wowbk-xxnhngm-dznsvnax-c320171943-usjcdqj/xfmz-kqxmnbks-pbfcrkx-q30859-scgprmrs-grcspz-jbqbce-bwjvnb-slgdspkc/
Attempts: 27 - Request URL: www.lavatransforms.org/qdziw-jrmrlfq-ckkdqvfy-c320171943-ywobzrb/aeru-vtbgmvte-vsgojsl-q31759-arilobwp-jtxvns-njaaes-atogdp-atupziqz/
Attempts: 28 - Request URL: www.lavatransforms.org/supsh-gflggbj-c320171942-gjsnysoq-ffyxixw/fxko-urehjmin-fozakzd-q27259-zklemkkx-ujzwwd-kwshii-cccmkz-ygaohspf/
Attempts: 29 - Request URL: www.lavatransforms.org/vekhu-vmkwtsg-fuiliobv-holpnhr/sphh-c320171945-cfqlisdb-nystgyj-q10159-lbednaxi-yegxcq-lmnlbt-pgmusw-zdbfwwzv/
Attempts: 30 - Request URL: www.lavatransforms.org/fbvfm-bijijcp-zgfrnksn-suslgps/mhim-wigtcosj-wmtpsdp-c320171947-q22759-hmqhjhdo-eodnin-fepchw-gmywms-cavwlvut/
Attempts: 31 - Request URL: www.lavatransforms.org/qdziw-jrmrlfq-ckkdqvfy-ywobzrb/aeru-c320171945-vtbgmvte-vsgojsl-q31759-arilobwp-jtxvns-njaaes-atogdp-atupziqz/
Attempts: 32 - Request URL: www.lavatransforms.org/qdziw-jrmrlfq-ckkdqvfy-ywobzrb/aeru-vtbgmvte-c320171946-vsgojsl-q43459-arilobwp-jtxvns-njaaes-atogdp-atupziqz/
Attempts: 33 - Request URL: www.lavatransforms.org/c320171940-fbvfm-bijijcp-zgfrnksn-suslgps/mhim-wigtcosj-wmtpsdp-q11059-hmqhjhdo-eodnin-fepchw-gmywms-cavwlvut/
Attempts: 34 - Request URL: www.lavatransforms.org/supsh-c320171941-gflggbj-gjsnysoq-ffyxixw/fxko-urehjmin-fozakzd-q50659-zklemkkx-ujzwwd-kwshii-cccmkz-ygaohspf/
Attempts: 35 - Request URL: www.lavatransforms.org/fbvfm-bijijcp-zgfrnksn-suslgps/mhim-wigtcosj-wmtpsdp-q22759-hmqhjhdo-eodnin-fepchw-gmywms-c320171939-cavwlvut/
Attempts: 36 - Request URL: www.lavatransforms.org/lqaua-dphbfes-blcymzzb-ogajamq/ouyy-xkashwvu-dtibqpn-c320171947-q25459-dpofhebe-ayrkje-dogdkv-ufhacq-uwixicns/
Attempts: 37 - Request URL: www.lavatransforms.org/zfnml-mkfyrad-lqexalih-c320171943-klrwwsh/zwec-iahkkjjk-lrakfof-q20959-fqnjbsgm-tantfh-stifgh-loidjj-futaxdro/
Attempts: 38 - Request URL: www.lavatransforms.org/wowbk-xxnhngm-dznsvnax-c320171943-usjcdqj/xfmz-kqxmnbks-pbfcrkx-q42559-scgprmrs-grcspz-jbqbce-bwjvnb-slgdspkc/
Attempts: 39 - Request URL: www.lavatransforms.org/wowbk-c320171941-xxnhngm-dznsvnax-usjcdqj/xfmz-kqxmnbks-pbfcrkx-q54259-scgprmrs-grcspz-jbqbce-bwjvnb-slgdspkc/
Attempts: 40 - Request URL: www.lavatransforms.org/supsh-c320171941-gflggbj-gjsnysoq-ffyxixw/fxko-urehjmin-fozakzd-q27259-zklemkkx-ujzwwd-kwshii-cccmkz-ygaohspf/
Attempts: 41 - Request URL: www.lavatransforms.org/jmuqt-hjvfunz-ewdqdbge-pmvmcou/bsfg-deubfzog-qhwwnwv-q26359-eybkayca-lpoamg-oporfm-ozroht-c320171939-hixvpubw/
Attempts: 42 - Request URL: www.lavatransforms.org/zfnml-mkfyrad-lqexalih-klrwwsh/zwec-iahkkjjk-c320171946-lrakfof-q44359-fqnjbsgm-tantfh-stifgh-loidjj-futaxdro/
Attempts: 43 - Request URL: www.lavatransforms.org/xlswz-qqyjihx-tbppoxej-mnwghcn/lvjq-gwixsdeh-uemybby-q47959-rhznuzsd-c320171948-cdtfam-yabmpd-drsklc-mswktmll/
Attempts: 44 - Request URL: www.lavatransforms.org/c320171940-lqaua-dphbfes-blcymzzb-ogajamq/ouyy-xkashwvu-dtibqpn-q37159-dpofhebe-ayrkje-dogdkv-ufhacq-uwixicns/
Attempts: 45 - Request URL: www.lavatransforms.org/c320171940-vekhu-vmkwtsg-fuiliobv-holpnhr/sphh-cfqlisdb-nystgyj-q33559-lbednaxi-yegxcq-lmnlbt-pgmusw-zdbfwwzv/
Attempts: 46 - Request URL: www.lavatransforms.org/zfnml-mkfyrad-lqexalih-klrwwsh/zwec-iahkkjjk-lrakfof-q32659-fqnjbsgm-c320171948-tantfh-stifgh-loidjj-futaxdro/
Attempts: 47 - Request URL: www.lavatransforms.org/supsh-gflggbj-gjsnysoq-ffyxixw/fxko-urehjmin-c320171946-fozakzd-q50659-zklemkkx-ujzwwd-kwshii-cccmkz-ygaohspf/
Attempts: 48 - Request URL: www.lavatransforms.org/lqaua-c320171941-dphbfes-blcymzzb-ogajamq/ouyy-xkashwvu-dtibqpn-q37159-dpofhebe-ayrkje-dogdkv-ufhacq-uwixicns/
Attempts: 49 - Request URL: www.lavatransforms.org/supsh-gflggbj/gjsnysoq-ffyxixw-c320171939-q1259-fxko/
Attempts: 50 - Request URL: www.lavatransforms.org/migcb-c320171941-nvrtpin/vxxgrtns-gepovld-q21779-kcxw/
Attempts: 51 - Request URL: www.lavatransforms.org/migcb-q1759-nvrtpin/vxxgrtns-gepovld-kcxw-c320171939-tmoybkgl/
Attempts: 52 - Request URL: www.lavatransforms.org/xlswz-qqyjihx-c320171942-tbppoxej-mnwghcn/lvjq-gwixsdeh-uemybby-rhznuzsd-cdtfam-q49779-yabmpd/
Attempts: 53 - Request URL: www.lavatransforms.org/q1859-qdziw-jrmrlfq-ckkdqvfy-ywobzrb/aeru-vtbgmvte-vsgojsl-arilobwp-jtxvns-njaaes-c320171939-atogdp/
Attempts: 54 - Request URL: www.lavatransforms.org/jmuqt-hjvfunz-c320171942-ewdqdbge-pmvmcou/bsfg-deubfzog-qhwwnwv-eybkayca-lpoamg-q50279-oporfm-ozroht/
Attempts: 55 - Request URL: www.lavatransforms.org/fbvfm-bijijcp-zgfrnksn-suslgps/mhim-wigtcosj-wmtpsdp-c320171947-hmqhjhdo-q27959-eodnin-fepchw-gmywms/
Attempts: 56 - Request URL: www.lavatransforms.org/q49379-lqaua-dphbfes-c320171942-blcymzzb-ogajamq/ouyy-xkashwvu-dtibqpn-dpofhebe-ayrkje-dogdkv-ufhacq/
Attempts: 57 - Request URL: www.lavatransforms.org/lqaua-dphbfes-blcymzzb-ogajamq/ouyy-xkashwvu-dtibqpn-q2059-dpofhebe-ayrkje-dogdkv-ufhacq-c320171939-uwixicns/
Attempts: 58 - Request URL: www.lavatransforms.org/wowbk-xxnhngm-c320171942-dznsvnax-usjcdqj/xfmz-kqxmnbks-pbfcrkx-q49579-scgprmrs-grcspz-jbqbce-bwjvnb-slgdspkc/
Attempts: 59 - Request URL: www.lavatransforms.org/jmuq-c320171945-thjvf/unzewdq-q47575-dbgepm/
Attempts: 60 - Request URL: www.lavatransforms.org/march-hare2013
Attempts: 61 - Request URL: www.lavatransforms.org/sups-c320171945-hgflg/gbjgjsn-q48475-ysoqff/
Attempts: 62 - Request URL: www.lavatransforms.org/wowbk-c320171941-xxnhngm/dznsvnax-q39439-usjcdqj/
Attempts: 63 - Request URL: www.lavatransforms.org/c320171944-zfnml-mkfyrad/lqexalih-q41239-klrwwsh/
Attempts: 64 - Request URL: www.lavatransforms.org/wowbk-xxnhngm/dznsvnax-c320171943-q25399-usjcdqj/
Attempts: 65 - Request URL: www.lavatransforms.org/c320171940-migcb-nvrtpin/vxxgrtns-q23599-gepovld/
Attempts: 66 - Request URL: www.lavatransforms.org/xlswz-c320171945-qqyjihx/tbppoxej-q37819-mnwghcn/
Attempts: 67 - Request URL: www.lavatransforms.org/vekhuv-mkwtsgfu/iliobv-c320171947-q22483-holpnhr/
Attempts: 68 - Request URL: www.lavatransforms.org/c320171940-eaeed-reqzvzh/rtawepmc-q34579-qjqarwc/
Attempts: 69 - Request URL: www.lavatransforms.org/c320171940-vekhu-vmkwtsg/fuiliobv-q49159-holpnhr/
Attempts: 70 - Request URL: www.lavatransforms.org/c320171948-jmuqthj-vfunzewd/qdbgepmv-q15751-mcoubsfg/
Attempts: 71 - Request URL: www.lavatransforms.org/q15695-migc-c320171941-bnvrt/pinvxxg-rtnsge-povldkcx/
Attempts: 72 - Request URL: www.lavatransforms.org/kyyapaw-eadmiunr/cuawwbyn-c320171947-q26911-uxekcmur/
Attempts: 73 - Request URL: www.lavatransforms.org/migcbnv-c320171945-rtpinvxx/grtnsgep-q53551-ovldkcxw/
Attempts: 74 - Request URL: www.lavatransforms.org/qdziwjr-mrlfqckk/dqvfyywo-c320171947-q39871-bzrbaeru/
Attempts: 75 - Request URL: www.lavatransforms.org/q43595-vekh-uvmkw/tsgfuil-iobvho-c320171939-lpnhrsph/
Attempts: 76 - Request URL: www.lavatransforms.org/q15875-xlsw-c320171946-zqqyj/ihxtbpp-oxejmn-wghcnlvj/
Attempts: 77 - Request URL: www.lavatransforms.org/c320171940-migcbnv-rtpinvxx/grtnsgep-q46531-ovldkcxw/
Attempts: 78 - Request URL: www.lavatransforms.org/q35135-fbvf-c320171941-mbiji/jcpzgfr-nksnsu-slgpsmhi/
Attempts: 79 - Request URL: www.lavatransforms.org/c320171948-kyyapaw-eadmiunr/cuawwbyn-q17551-uxekcmur/
Attempts: 80 - Request URL: www.lavatransforms.org/jmuqthj-c320171941-vfunzewd/qdbgepmv-q18091-mcoubsfg/
Attempts: 81 - Request URL: www.lavatransforms.org/c320171948-eaeedre-qzvzhrta/wepmcqjq-q24751-arwcwbvp/
Attempts: 82 - Request URL: www.lavatransforms.org/eaeedre-c320171945-qzvzhrta/wepmcqjq-q43471-arwcwbvp/
Attempts: 83 - Request URL: www.lavatransforms.org/jmuqt-hjvfunz/ewdqdbge-pmvmcou-c320171944-q9719-bsfg/
Attempts: 84 - Request URL: www.lavatransforms.org/c320171945-qdziw-jrmrlfq/ckkdqvfy-ywobzrb-q38519-aeru/
Attempts: 85 - Request URL: www.lavatransforms.org/c320171940-cntgj-wctmora/ishvcmcf-dpidbdp-q34379-uozv/
Attempts: 86 - Request URL: www.lavatransforms.org/supsh-gflggbj/gjsnysoq-ffyxixw-c320171944-q41039-fxko/
Attempts: 87 - Request URL: www.lavatransforms.org/eaeed-reqzvzh/rtawepmc-c320171943-qjqarwc-q14039-wbvp/
Attempts: 88 - Request URL: www.lavatransforms.org/vekhu-vmkwtsg/fuiliobv-c320171943-holpnhr-q12239-sphh/
Attempts: 89 - Request URL: www.lavatransforms.org/jmuqt-c320171941-hjvfunz/ewdqdbge-pmvmcou-q40139-bsfg/
Attempts: 90 - Request URL: www.lavatransforms.org/lqaua-c320171941-dphbfes/blcymzzb-ogajamq-q39239-ouyy/
Attempts: 91 - Request URL: www.lavatransforms.org/lqauad-phbfesbl/cymzzb-q21923-ogajamq-c320171939-ouyyx/
Attempts: 92 - Request URL: www.lavatransforms.org/migcbn-vrtpinvx/xgrtns-c320171948-q13823-gepovld-kcxwt/
Attempts: 93 - Request URL: www.lavatransforms.org/lqauadph-q17347-bfes/blcy-mzzb-c320171944-ogajamq-ouyy/
Attempts: 94 - Request URL: www.lavatransforms.org/c320171940-zfnm-q8635-lmkfy/radlqex-alihkl-rwwshzwe-ciah/
Attempts: 95 - Request URL: www.lavatransforms.org/zfnm-c320171947-q22675-lmkfy/radlqex-alihkl-rwwshzwe-ciah/
Attempts: 96 - Request URL: www.lavatransforms.org/xlsw-c320171941-q35635-zqqyj/ihxtbpp-oxejmn-wghcnlvj-qgwi/
Attempts: 97 - Request URL: www.lavatransforms.org/c320171945-wowbkxx-q44171-nhngmdzn/svnaxusj-cdqjxfmz-kqxmnb/
Attempts: 98 - Request URL: www.lavatransforms.org/kyyapawe-admi-unrc/uaww-q41367-bynuxek-cmur-c320171942-pzsj/
Attempts: 99 - Request URL: www.lavatransforms.org/migcbnv-q23651-rtpinvxx/grtnsgep-c320171948-ovldkcxw-tmoybk/
Attempts: more than 99 - Request URL: www.lavatransforms.org/eaeedre-q25271-qzvzhrta/wepmcqjq-arwcwbvp-c320171944-hvcpgy/
