Attempts: 1 - Request URL: www.lavatransforms.org/wp-config%20fix.txt
Attempts: 2 - Request URL: www.lavatransforms.org/wp-config.bak
Attempts: 3 - Request URL: www.lavatransforms.org/wp-config
Attempts: 4 - Request URL: www.lavatransforms.org/wp-config.phpOLD
Attempts: 5 - Request URL: www.lavatransforms.org/wp-config.txt
Attempts: 6 - Request URL: www.lavatransforms.org/wp-config.phpa
Attempts: 7 - Request URL: www.lavatransforms.org/wp-config.old
Attempts: 8 - Request URL: www.lavatransforms.org/wp-config.php.txt
Attempts: 9 - Request URL: www.lavatransforms.org/config
Attempts: 10 - Request URL: www.lavatransforms.org/wp-config.
Attempts: 11 - Request URL: www.lavatransforms.org/wp-config-backup.txt
Attempts: 12 - Request URL: www.lavatransforms.org/wp-config-backup
Attempts: 13 - Request URL: www.lavatransforms.org/config.bak
Attempts: 14 - Request URL: www.lavatransforms.org/config.old
Attempts: 15 - Request URL: www.lavatransforms.org/config.php~
Attempts: 16 - Request URL: www.lavatransforms.org/wp-config.data
Attempts: 17 - Request URL: www.lavatransforms.org/wp-config.backup
Attempts: 18 - Request URL: www.lavatransforms.org/wp-config.php~~
Attempts: 19 - Request URL: www.lavatransforms.org/config.
Attempts: 20 - Request URL: www.lavatransforms.org/wp-config.phpold
Attempts: 21 - Request URL: www.lavatransforms.org/wp-config.phpb
Attempts: 22 - Request URL: www.lavatransforms.org/wp-config.phpc
Attempts: 23 - Request URL: www.lavatransforms.org/wp-config
Attempts: 24 - Request URL: www.lavatransforms.org/wp-config.php-n
Attempts: 25 - Request URL: www.lavatransforms.org/wp-config.phpnew
Attempts: 26 - Request URL: www.lavatransforms.org/wp-config.cfg
Attempts: 27 - Request URL: www.lavatransforms.org/config.php~~
Attempts: 28 - Request URL: www.lavatransforms.org/wp-config.php~~~
Attempts: 29 - Request URL: www.lavatransforms.org/wp-config.phptmp
Attempts: 30 - Request URL: www.lavatransforms.org/wp-config.php.bak
Attempts: 31 - Request URL: www.lavatransforms.org/wp-config-sample.php~
Attempts: 32 - Request URL: www.lavatransforms.org/wp-config.phpbak
Attempts: 33 - Request URL: www.lavatransforms.org/wp-config.prod.php.txt
Attempts: 34 - Request URL: www.lavatransforms.org/wp-config.php_old
Attempts: 35 - Request URL: www.lavatransforms.org/wp-config.php_
Attempts: 36 - Request URL: www.lavatransforms.org/wp-config.php.in
Attempts: 37 - Request URL: www.lavatransforms.org/wp-config.php.sample
Attempts: 38 - Request URL: www.lavatransforms.org/wp-config.local.php
Attempts: 39 - Request URL: www.lavatransforms.org/wp-config.html
Attempts: 40 - Request URL: www.lavatransforms.org/wp-config.htm
Attempts: 41 - Request URL: www.lavatransforms.org/wp-config.phpn
Attempts: 42 - Request URL: www.lavatransforms.org/wp-config.php~~~~
Attempts: 43 - Request URL: www.lavatransforms.org/wp-config-sample.php.bak
Attempts: 44 - Request URL: www.lavatransforms.org/wp-config.php.backup.txt
Attempts: 45 - Request URL: www.lavatransforms.org/wp-config.php.backup
Attempts: 46 - Request URL: www.lavatransforms.org/config.txt
Attempts: 47 - Request URL: www.lavatransforms.org/wp-config-sample.php~~
