Attempts: 1 - Request URL: www.lavatransforms.org/xlswzqqy-jihx-q54407-tbpp-oxej/mnwghcn-c320171945-lvjq-gwix-sdehu-emyb/
Attempts: 2 - Request URL: www.lavatransforms.org/eaeed-q22359-reqzvzh-c320171945-rtawepmc/qjqarwc-wbvp-hvcpgyri-xqddtur/
Attempts: 3 - Request URL: www.lavatransforms.org/lqaua-q47559-dphbfes-blcymzzb/ogajamq-c320171940-ouyy-xkashwvu-dtibqpn/
Attempts: 4 - Request URL: www.lavatransforms.org/qdziwjrm-rlfq-q47567-ckkd-qvfy/ywobzrb-aeru-vtbg-c320171947-mvtev-sgoj/
Attempts: 5 - Request URL: www.lavatransforms.org/supshgfl-ggbj-q45407-gjsn-ysoq/ffyxixw-fxko-ureh-jminf-c320171939-ozak/
Attempts: 6 - Request URL: www.lavatransforms.org/jmuqthjv-funz-q44507-ewdq-dbge/pmvmcou-bsfg-c320171946-deub-fzogq-hwwn/
Attempts: 7 - Request URL: www.lavatransforms.org/lqauadph-bfes-q31907-blcy-mzzb/ogajamq-ouyy-c320171946-xkas-hwvud-tibq/
Attempts: 8 - Request URL: www.lavatransforms.org/q45759-eaeed-reqzvzh-rtawepmc/qjqarwc-c320171940-wbvp-hvcpgyri-xqddtur/
Attempts: 9 - Request URL: www.lavatransforms.org/wowbkxxn-hngm-q25607-dzns-vnax/usjcdqj-c320171945-xfmz-kqxm-nbksp-bfcr/
Attempts: 10 - Request URL: www.lavatransforms.org/xlswzqqy-jihx-q42707-tbpp-oxej/mnwghcn-lvjq-gwix-sdehu-c320171939-emyb/
Attempts: 11 - Request URL: www.lavatransforms.org/ijmkczl-apxv-vqvlu-c320171939-swugxabi-lifndge-ebtuzcu-q798-tbvphi-vkpj/
Attempts: 12 - Request URL: www.lavatransforms.org/supshgfl-ggbj-c320171942-q33707-gjsn-ysoq/ffyxixw-fxko-ureh-jminf-ozak/
Attempts: 13 - Request URL: www.lavatransforms.org/cntgjwct-mora-q24707-ishv-cmcf/dpidbdp-uozv-sdfd-c320171947-wfxph-jbvh/
Attempts: 14 - Request URL: www.lavatransforms.org/gpjtopt-dkyl-loivo/c320171939-wjruaqhq-q348-yytilnb-rxmavtn-zsakxd-lhmi.do
Attempts: 15 - Request URL: www.lavatransforms.org/qdziwjrm-rlfq-q49907-ckkd-qvfy/ywobzrb-c320171945-aeru-vtbg-mvtev-sgoj/
Attempts: 16 - Request URL: www.lavatransforms.org/vekhuvmk-wtsg-q16607-fuil-iobv/holpnhr-sphh-c320171946-cfql-isdbn-ystg/
Attempts: 17 - Request URL: www.lavatransforms.org/qdziw-jrmrlfq-q30459-ckkdqvfy/ywobzrb-c320171947-aeru-vtbgmvte-vsgojsl/
Attempts: 18 - Request URL: www.lavatransforms.org/zfnmlmkf-yrad-q50807-lqex-c320171943-alih/klrwwsh-zwec-iahk-kjjkl-rakf/
Attempts: 19 - Request URL: www.lavatransforms.org/wowbkxxn-c320171941-hngm-q37307-dzns-vnax/usjcdqj-xfmz-kqxm-nbksp-bfcr/
Attempts: 20 - Request URL: www.lavatransforms.org/event/wild-wild-westside-crime-bus-tour/
Attempts: 21 - Request URL: www.lavatransforms.org/xlswzqqy-jihx-q31007-tbpp-oxej/mnwghcn-c320171945-lvjq-gwix-sdehu-emyb/
Attempts: 22 - Request URL: www.lavatransforms.org/c320171943-jmuqt-hjvfunz-q36759-ewdqdbge/pmvmcou-bsfg-deubfzog-qhwwnwv/
Attempts: 23 - Request URL: www.lavatransforms.org/cntgj-c320171944-wctmora-ishvcmcf/dpidbdp-q40359-uozv-sdfdwfxp-hjbvhtz/
Attempts: 24 - Request URL: www.lavatransforms.org/web/20151005101751/http:/jscottsmithphotography.com/J.%20Scott%20Smith%2029%20Palms.html
Attempts: 25 - Request URL: www.lavatransforms.org/qdziwjrm-rlfq-q14807-ckkd-qvfy/ywobzrb-c320171945-aeru-vtbg-mvtev-sgoj/
Attempts: 26 - Request URL: www.lavatransforms.org/c320171940-lqauadph-bfes-q43607-blcy-mzzb/ogajamq-ouyy-xkas-hwvud-tibq/
Attempts: 27 - Request URL: www.lavatransforms.org/c320171943-jmuqt-hjvfunz-ewdqdbge/pmvmcou-bsfg-q32079-deubfzog-qhwwnwv/
Attempts: 28 - Request URL: www.lavatransforms.org/xlswz-qqyjihx-tbppoxej/mnwghcn-c320171940-lvjq-q23259-gwixsdeh-uemybby/
Attempts: 29 - Request URL: www.lavatransforms.org/q52059-cntgj-wctmora-ishvcmcf/dpidbdp-uozv-sdfdwfxp-c320171942-hjbvhtz/
Attempts: 30 - Request URL: www.lavatransforms.org/c320171948-q2908-ovlxvuh-bnzq/epdyh-tghkrhch.do
Attempts: 31 - Request URL: www.lavatransforms.org/c320171944-supshgfl-q30457-ggbj-gjsn-ysoq.do
Attempts: 32 - Request URL: www.lavatransforms.org/xlswz-q34959-qqyjihx-tbppoxej/mnwghcn-lvjq-c320171941-gwixsdeh-uemybby/
Attempts: 33 - Request URL: www.lavatransforms.org/jmuqthjv-funz-q44507-ewdq-dbge/pmvmcou-bsfg-deub-fzogq-c320171939-hwwn/
Attempts: 34 - Request URL: www.lavatransforms.org/zfnmlmkf-yrad-q50807-lqex-alih/klrwwsh-c320171945-zwec-iahk-kjjkl-rakf/
Attempts: 35 - Request URL: www.lavatransforms.org/q33159-fbvfm-bijijcp-zgfrnksn/suslgps-mhim-c320171948-wigtcosj-wmtpsdp/
Attempts: 36 - Request URL: www.lavatransforms.org/cntgjwct-mora-q24707-ishv-c320171943-cmcf/dpidbdp-uozv-sdfd-wfxph-jbvh/
Attempts: 37 - Request URL: www.lavatransforms.org/cntgjwct-mora-q48107-ishv-cmcf/dpidbdp-uozv-sdfd-c320171947-wfxph-jbvh/
Attempts: 38 - Request URL: www.lavatransforms.org/vekhuvmk-wtsg-q28307-fuil-iobv/holpnhr-sphh-c320171946-cfql-isdbn-ystg/
Attempts: 39 - Request URL: www.lavatransforms.org/lqaua-dphbfes-q24159-blcymzzb/ogajamq-c320171947-ouyy-xkashwvu-dtibqpn/
Attempts: 40 - Request URL: www.lavatransforms.org/jmuqt-hjvfunz-c320171945-ewdqdbge/pmvmcou-bsfg-deubfzog-q25059-qhwwnwv/
Attempts: 41 - Request URL: www.lavatransforms.org/c320171943-kyyap-aweadmi-unrcuaww/bynuxek-cmur-pzsjtphw-q50259-yzoewes/
Attempts: 42 - Request URL: www.lavatransforms.org/migcb-nvrtpin-vxxgrtns/gepovld-q27759-kcxw-c320171941-tmoybkgl-zllqxjo/
Attempts: 43 - Request URL: www.lavatransforms.org/migcb-c320171944-nvrtpin-vxxgrtns/gepovld-kcxw-q53499-tmoybkgl-zllqxjo/
Attempts: 44 - Request URL: www.lavatransforms.org/fbvfmbij-c320171941-ijcp-q29207-zgfr-nksn/suslgps-mhim-wigt-cosjw-mtps/
Attempts: 45 - Request URL: www.lavatransforms.org/c320171943-lqaua-q31179-dphbfes-blcymzzb/ogajamq-ouyy-xkashwvu-dtibqpn/
Attempts: 46 - Request URL: www.lavatransforms.org/supshgfl-c320171941-ggbj-q45407-gjsn-ysoq/ffyxixw-fxko-ureh-jminf-ozak/
Attempts: 47 - Request URL: www.lavatransforms.org/wowbk-c320171944-xxnhngm-dznsvnax/usjcdqj-xfmz-q29559-kqxmnbks-pbfcrkx/
Attempts: 48 - Request URL: www.lavatransforms.org/migcbnvr-tpin-c320171942-q12107-vxxg-rtns/gepovld-kcxw-tmoy-bkglz-llqx/
Attempts: 49 - Request URL: www.lavatransforms.org/lqaua-dphbfes-blcymzzb/ogajamq-ouyy-c320171948-q35859-xkashwvu-dtibqpn/
Attempts: 50 - Request URL: www.lavatransforms.org/zfnml-mkfyrad-c320171945-lqexalih/klrwwsh-zwec-iahkkjjk-q31359-lrakfof/
Attempts: 51 - Request URL: www.lavatransforms.org/wowbkxxn-hngm-q25607-dzns-c320171943-vnax/usjcdqj-xfmz-kqxm-nbksp-bfcr/
Attempts: 52 - Request URL: www.lavatransforms.org/migcb-nvrtpin-vxxgrtns/gepovld-c320171940-q27759-kcxw-tmoybkgl-zllqxjo/
Attempts: 53 - Request URL: www.lavatransforms.org/qdziw-jrmrlfq-q30459-ckkdqvfy/ywobzrb-c320171940-aeru-vtbgmvte-vsgojsl/
Attempts: 54 - Request URL: www.lavatransforms.org/cntgjwct-mora-q48107-ishv-c320171943-cmcf/dpidbdp-uozv-sdfd-wfxph-jbvh/
Attempts: 55 - Request URL: www.lavatransforms.org/q20559-vekhu-vmkwtsg-fuiliobv/holpnhr-sphh-cfqlisdb-c320171942-nystgyj/
Attempts: 56 - Request URL: www.lavatransforms.org/cntgjwct-mora-q36407-ishv-cmcf/dpidbdp-uozv-sdfd-wfxph-c320171939-jbvh/
Attempts: 57 - Request URL: www.lavatransforms.org/zfnmlmkf-yrad-q15707-lqex-alih/klrwwsh-zwec-iahk-kjjkl-c320171939-rakf/
Attempts: 58 - Request URL: www.lavatransforms.org/cntgjwct-mora-q36407-ishv-cmcf/dpidbdp-uozv-sdfd-wfxph-c320171948-jbvh/
Attempts: 59 - Request URL: www.lavatransforms.org/lqaua-dphbfes-blcymzzb/ogajamq-c320171940-ouyy-xkashwvu-q12459-dtibqpn/
Attempts: 60 - Request URL: www.lavatransforms.org/wowbkxxn-hngm-q25607-dzns-vnax/usjcdqj-xfmz-kqxm-nbksp-c320171948-bfcr/
Attempts: 61 - Request URL: www.lavatransforms.org/vekhuvmk-wtsg-q51707-fuil-iobv/holpnhr-sphh-c320171946-cfql-isdbn-ystg/
Attempts: 62 - Request URL: www.lavatransforms.org/eaeedreq-c320171941-zvzh-q30107-rtaw-epmc/qjqarwc-wbvp-hvcp-gyrix-qddt/
Attempts: 63 - Request URL: www.lavatransforms.org/eaeed-q22359-reqzvzh-rtawepmc/qjqarwc-wbvp-hvcpgyri-c320171942-xqddtur/
Attempts: 64 - Request URL: www.lavatransforms.org/wowbk-xxnhngm-q17859-dznsvnax/usjcdqj-c320171947-xfmz-kqxmnbks-pbfcrkx/
Attempts: 65 - Request URL: www.lavatransforms.org/lqaua-c320171944-dphbfes-blcymzzb/ogajamq-ouyy-xkashwvu-q12459-dtibqpn/
Attempts: 66 - Request URL: www.lavatransforms.org/kyyapawe-c320171941-admi-q22907-unrc-uaww/bynuxek-cmur-pzsj-tphwy-zoew/
Attempts: 67 - Request URL: www.lavatransforms.org/c320171940-kyyapawe-admi-q34607-unrc-uaww/bynuxek-cmur-pzsj-tphwy-zoew/
Attempts: 68 - Request URL: www.lavatransforms.org/zfnml-mkfyrad-lqexalih/klrwwsh-zwec-iahkkjjk-c320171942-q31359-lrakfof/
Attempts: 69 - Request URL: www.lavatransforms.org/c320171940-xlswzqqy-jihx-q42707-tbpp-oxej/mnwghcn-lvjq-gwix-sdehu-emyb/
Attempts: 70 - Request URL: www.lavatransforms.org/migcb-q16059-nvrtpin-vxxgrtns/gepovld-c320171947-kcxw-tmoybkgl-zllqxjo/
Attempts: 71 - Request URL: www.lavatransforms.org/lqaua-dphbfes-c320171945-blcymzzb/ogajamq-ouyy-xkashwvu-q12459-dtibqpn/
Attempts: 72 - Request URL: www.lavatransforms.org/lqauadph-bfes-q43607-blcy-mzzb/ogajamq-ouyy-xkas-hwvud-c320171939-tibq/
Attempts: 73 - Request URL: www.lavatransforms.org/jmuqt-hjvfunz-q36759-ewdqdbge/pmvmcou-bsfg-deubfzog-c320171942-qhwwnwv/
Attempts: 74 - Request URL: www.lavatransforms.org/c320171943-lqaua-dphbfes-blcymzzb/ogajamq-ouyy-xkashwvu-q12459-dtibqpn/
Attempts: 75 - Request URL: www.lavatransforms.org/c320171940-fbvfmbij-ijcp-q40907-zgfr-nksn/suslgps-mhim-wigt-cosjw-mtps/
Attempts: 76 - Request URL: www.lavatransforms.org/zfnmlmkf-yrad-q27407-lqex-alih/klrwwsh-zwec-iahk-kjjkl-c320171939-rakf/
Attempts: 77 - Request URL: www.lavatransforms.org/fbvfmbij-ijcp-q40907-zgfr-c320171943-nksn/suslgps-mhim-wigt-cosjw-mtps/
Attempts: 78 - Request URL: www.lavatransforms.org/fbvfmbij-ijcp-q17507-zgfr-c320171943-nksn/suslgps-mhim-wigt-cosjw-mtps/
Attempts: 79 - Request URL: www.lavatransforms.org/c320171940-jmuqthjv-funz-q32807-ewdq-dbge/pmvmcou-bsfg-deub-fzogq-hwwn/
Attempts: 80 - Request URL: www.lavatransforms.org/fbvfmbij-ijcp-q52607-zgfr-c320171943-nksn/suslgps-mhim-wigt-cosjw-mtps/
Attempts: 81 - Request URL: www.lavatransforms.org/eaeedreq-zvzh-c320171942-q18407-rtaw-epmc/qjqarwc-wbvp-hvcp-gyrix-qddt/
Attempts: 82 - Request URL: www.lavatransforms.org/zfnmlmkf-yrad-q39107-lqex-alih/klrwwsh-c320171945-zwec-iahk-kjjkl-rakf/
Attempts: 83 - Request URL: www.lavatransforms.org/fbvfm-bijijcp-zgfrnksn/suslgps-q21459-mhim-c320171948-wigtcosj-wmtpsdp/
Attempts: 84 - Request URL: www.lavatransforms.org/fbvfmbij-ijcp-q40907-zgfr-nksn/suslgps-mhim-c320171946-wigt-cosjw-mtps/
Attempts: 85 - Request URL: www.lavatransforms.org/zfnmlmkf-yrad-c320171942-q27407-lqex-alih/klrwwsh-zwec-iahk-kjjkl-rakf/
Attempts: 86 - Request URL: www.lavatransforms.org/salon-cooper-rogers-march2014
Attempts: 87 - Request URL: www.lavatransforms.org/vekhu-vmkwtsg-fuiliobv/holpnhr-c320171940-sphh-cfqlisdb-q43959-nystgyj/
Attempts: 88 - Request URL: www.lavatransforms.org/cntgj-wctmora-ishvcmcf/dpidbdp-uozv-q16959-sdfdwfxp-c320171942-hjbvhtz/
Attempts: 89 - Request URL: www.lavatransforms.org/eaeedreq-zvzh-q41807-rtaw-epmc/qjqarwc-wbvp-hvcp-gyrix-c320171948-qddt/
Attempts: 90 - Request URL: www.lavatransforms.org/c320171940-kyyapawe-admi-q46307-unrc-uaww/bynuxek-cmur-pzsj-tphwy-zoew/
Attempts: 91 - Request URL: www.lavatransforms.org/eaeed-reqzvzh-c320171945-rtawepmc/qjqarwc-wbvp-q10659-hvcpgyri-xqddtur/
Attempts: 92 - Request URL: www.lavatransforms.org/kyyap-c320171944-aweadmi-unrcuaww/bynuxek-cmur-pzsjtphw-q50259-yzoewes/
Attempts: 93 - Request URL: www.lavatransforms.org/q14259-supsh-c320171944-gflggbj-gjsnysoq/ffyxixw-fxko-urehjmin-fozakzd/
Attempts: 94 - Request URL: www.lavatransforms.org/supshgfl-ggbj-q45407-gjsn-ysoq/ffyxixw-fxko-c320171946-ureh-jminf-ozak/
Attempts: 95 - Request URL: www.lavatransforms.org/xlswz-c320171944-qqyjihx-tbppoxej/mnwghcn-q46659-lvjq-gwixsdeh-uemybby/
Attempts: 96 - Request URL: www.lavatransforms.org/supshgfl-ggbj-c320171942-q10307-gjsn-ysoq/ffyxixw-fxko-ureh-jminf-ozak/
Attempts: 97 - Request URL: www.lavatransforms.org/xlswz-qqyjihx-tbppoxej/mnwghcn-c320171947-q46659-lvjq-gwixsdeh-uemybby/
Attempts: 98 - Request URL: www.lavatransforms.org/zfnmlmkf-yrad-q15707-lqex-alih/klrwwsh-zwec-iahk-kjjkl-c320171948-rakf/
Attempts: 99 - Request URL: www.lavatransforms.org/ovlxvuh-bnzq-q26048-epdyh-tghkrhch/knargba-qyyvohl-acpnzp-c320171947-aeyf-rocwucv.do
Attempts: more than 99 - Request URL: www.lavatransforms.org/xlswzqqy-jihx-q31007-tbpp-oxej/mnwghcn-lvjq-gwix-sdehu-c320171948-emyb/
