Attempts: 1 - Request URL: www.lavatransforms.org/event/raymond-chandlers-los-angeles/feed/
Attempts: 2 - Request URL: www.lavatransforms.org/user/37
Attempts: 3 - Request URL: www.lavatransforms.org/category/occult/user/login
Attempts: 4 - Request URL: www.lavatransforms.org/event/the-birth-of-noir-james-m-cains-southern-california-nightmare-tour-2/feed/
Attempts: 5 - Request URL: www.lavatransforms.org/user/36
Attempts: 6 - Request URL: www.lavatransforms.org/category/lava-exclusives/page/9/ArchersBooks.com
Attempts: 7 - Request URL: www.lavatransforms.org/category/lava-vocabulary/preservation/page/22/itotushy
Attempts: 8 - Request URL: www.lavatransforms.org/elalisal2013
Attempts: 9 - Request URL: www.lavatransforms.org/img_20170301_131344/
Attempts: 10 - Request URL: www.lavatransforms.org/category/free/page/19/lavatransforms.org/scrapsteel
Attempts: 11 - Request URL: www.lavatransforms.org/category/nature/user/register
Attempts: 12 - Request URL: www.lavatransforms.org/event/hollywood-saturday-october-1st/feed/
Attempts: 13 - Request URL: www.lavatransforms.org/img_20170301_124352/
Attempts: 14 - Request URL: www.lavatransforms.org/category/lava-vocabulary/free/user/register
Attempts: 15 - Request URL: www.lavatransforms.org/user/33
Attempts: 16 - Request URL: www.lavatransforms.org/event/salon417/feed/
Attempts: 17 - Request URL: www.lavatransforms.org/crimelabjan2015or
Attempts: 18 - Request URL: www.lavatransforms.org/user/224
Attempts: 19 - Request URL: www.lavatransforms.org/video/angelsflight-reopening-2017/
Attempts: 20 - Request URL: www.lavatransforms.org/event/crimelabapril2017/feed/
Attempts: 21 - Request URL: www.lavatransforms.org/2017-1-8-harveysbroiler-09090/
Attempts: 22 - Request URL: www.lavatransforms.org/node/338/signups
Attempts: 23 - Request URL: www.lavatransforms.org/category/dance/page/2/lavatransforms.org/flaneur-broadway-on-my-mind-6
Attempts: 24 - Request URL: www.lavatransforms.org/2014/01/16/lavas-33rd-sunday-salon/lavatransforms.org/flaneur-broadway-on-my-mind-6
Attempts: 25 - Request URL: www.lavatransforms.org/event/pasadena-confidential-tour-3/feed/
Attempts: 26 - Request URL: www.lavatransforms.org/category/talks/user/register
Attempts: 27 - Request URL: www.lavatransforms.org/event/desert-visionaries-llano-del-rio-antelope-valley-indian-museum-aldous-huxleys-pearblossom-ranch-saturday-june-17th/feed/
Attempts: 28 - Request URL: www.lavatransforms.org/img_20170301_132133/
Attempts: 29 - Request URL: www.lavatransforms.org/category/tours/page/15/salon213
Attempts: 30 - Request URL: www.lavatransforms.org/category/lava-exclusives/page/8/elalisal2013
Attempts: 31 - Request URL: www.lavatransforms.org/category/lava-vocabulary/education/page/7/newsletter/subscriptions
Attempts: 32 - Request URL: www.lavatransforms.org/2013/01/30/tour-is-full-tour-of-judson-glass-studios/elalisal2013
Attempts: 33 - Request URL: www.lavatransforms.org/category/lava-vocabulary/talks/page/6/nydistilling.com
Attempts: 34 - Request URL: www.lavatransforms.org/category/preservation/page/12/elalisal2013
Attempts: 35 - Request URL: www.lavatransforms.org/category/technology/user/register
Attempts: 36 - Request URL: www.lavatransforms.org/newsletter/subscriptions
Attempts: 37 - Request URL: www.lavatransforms.org/user/43
Attempts: 38 - Request URL: www.lavatransforms.org/event/palos-verdes-ancient-modern-saturday-april-8th/feed/
Attempts: 39 - Request URL: www.lavatransforms.org/category/art/user/register
Attempts: 40 - Request URL: www.lavatransforms.org/category/preservation/page/2/user/login
Attempts: 41 - Request URL: www.lavatransforms.org/user/26
