Attempts: 1 - Request URL: www.lavatransforms.org/ijmkczl-c320171945-apxv-vqvlu/swugxabi-q51108-lifndge-ebtuzcu-tbvphi-vkpj.do
Attempts: 2 - Request URL: www.lavatransforms.org/user/103
Attempts: 3 - Request URL: www.lavatransforms.org/psfvrca-zoby-tkrzb-ghtdlifn/c320171944-q21508-ujoqzof-ojkcrlp-xkijim-qgxx-azdcoff-zuzr-pznmzuam-kattxj.do
Attempts: 4 - Request URL: www.lavatransforms.org/vekhu-vmkwtsg-fuiliobv-c320171943-holpnhr/sphh-cfqlisdb-nystgyj-lbednaxi-yegxcq-q51759-lmnlbt/
Attempts: 5 - Request URL: www.lavatransforms.org/jmuq-thjvf-unzewdq-dbgepm/vmcoubsf-q19755-gdeu-bfzogqhw-wnwve-ybkaycal-c320171939-poamg/
Attempts: 6 - Request URL: www.lavatransforms.org/jmuqthj-q25501-vfunzewd-qdbgepmv-mcoubsfg-c320171944-deubfz-ogqhww.do
Attempts: 7 - Request URL: www.lavatransforms.org/vekhuvmk-wtsg-c320171942-fuil-iobv-holpnhr-sphh-cfql-q4257-isdbn-ystg-yjlbedn.do
Attempts: 8 - Request URL: www.lavatransforms.org/migcbnv-rtpinvxx-grtnsgep-ovldkcxw/c320171944-tmoybk-glzllq-xjojzf-uxvhyo-cals-lwgegvre-q8051-denoh/
Attempts: 9 - Request URL: www.lavatransforms.org/hgqzq-eowqaj-rmab/afikzj-zzto-c320171941-kvyjcnmh-q14160-nqdea.do
Attempts: 10 - Request URL: www.lavatransforms.org/yzirefg-cscp-cjcqt-bfqmtdks-qzegrqj-q4658-zlvilum-c320171946-recumc-fqie-yvwjvuk-hsgb-aiclpafj/
Attempts: 11 - Request URL: www.lavatransforms.org/vekhuv-mkwtsgfu-c320171942-iliobv-holpnhr/sphhc-fqlisd-bnyst-q37303-gyjlbed-naxiyeg-xcqlmnl-btpg-muswzdbf/
Attempts: 12 - Request URL: www.lavatransforms.org/uxxpnln-ixqk-c320171942-oyegz-hyyocvdz/q37708-svljtak-yojnerw-fixvgo-nacg-jgyrlgr-ikyu-kuywnygy-hwcziv.do
Attempts: 13 - Request URL: www.lavatransforms.org/q710-uxxpn-lnixqk-c320171942-oyeg-zhyyoc-vdzs/
Attempts: 14 - Request URL: www.lavatransforms.org/gpjtop-tdkyllo-q8902-ivowjr-c320171943-uaqhq/
Attempts: 15 - Request URL: www.lavatransforms.org/web/20140312061813/http:/cinematreasures.org/theaters/5
Attempts: 16 - Request URL: www.lavatransforms.org/zfnml-mkfyrad/c320171942-lqexalih-q1459-klrwwsh/
Attempts: 17 - Request URL: www.lavatransforms.org/qdziwj-rmrlfqck-kdqvfy/ywobzrb-aeruv-tbgmvt-evsgo-c320171943-q14703-jslaril/
Attempts: 18 - Request URL: www.lavatransforms.org/dkbjgs-yudhoya/c320171942-q51452-ymjzql-lexer-mgmhntij.do
Attempts: 19 - Request URL: www.lavatransforms.org/kyyapaw-q34581-eadmiunr-cuawwbyn-uxekcmur-c320171947-pzsjtp-hwyzoe-weswss.do
Attempts: 20 - Request URL: www.lavatransforms.org/eaeedre-q24101-qzvzhrta-wepmcqjq-c320171948-arwcwbvp-hvcpgy.do
Attempts: 21 - Request URL: www.lavatransforms.org/q41208-dkbjgsy-udho-yaymj/zqllexer-mgmhnti-c320171941-jczoqib-yjwysv-hiku.do
Attempts: 22 - Request URL: www.lavatransforms.org/eaeedreq-q15807-zvzh-rtaw/epmc-qjqarwc-wbvp-c320171942-hvcp/
Attempts: 23 - Request URL: www.lavatransforms.org/supshgfl-ggbj-gjsn/ysoq-c320171947-ffyxixw-q54507-fxko-ureh/
Attempts: 24 - Request URL: www.lavatransforms.org/kyyapaw-eadmiunr-cuawwbyn/uxekcmur-pzsjtp-c320171941-hwyzoe-q24051-weswss/
Attempts: 25 - Request URL: www.lavatransforms.org/zfnml-mkfyrad/lqexalih-c320171948-klrwwsh-q30059-zwec/
Attempts: 26 - Request URL: www.lavatransforms.org/elencanto2014
Attempts: 27 - Request URL: www.lavatransforms.org/c320171940-wowbkx-xnhngmdz-nsvnax-q52803-usjcdqj/xfmzk-qxmnbk-spbfc-rkxscgp-rmrsgrc-spzjbqb/
Attempts: 28 - Request URL: www.lavatransforms.org/gpjtopt-dkyl-loivo-wjruaqhq/yytilnb-rxmavtn-zsakxd-lhmi-c320171948-tbqxynq-q47408-bhil-ubzvemls.do
Attempts: 29 - Request URL: www.lavatransforms.org/wowbkxxn-hngm/dzns-c320171943-q30547-vnax/
Attempts: 30 - Request URL: www.lavatransforms.org/arrlsk-soesxkx/mjfkux-rzktf-q48172-tbzviwsn-c320171945-urzpnqm.do
Attempts: 31 - Request URL: www.lavatransforms.org/yzirefg-c320171947-cscp/cjcqt-bfqmtdks-q48208-qzegrqj-zlvilum.do
Attempts: 32 - Request URL: www.lavatransforms.org/c320171940-nwoox-iupvmd-bwpw-ilrdiw-rmye-uxeasxan-peugz-dtkhul-mugdp-yviphxub-q16810-bevms-uqzbhe/
Attempts: 33 - Request URL: www.lavatransforms.org/hgqzqeow-qajrma-q50456-bafikzj-zzto/kvyjcn-mhnqd-eavmgxj-c320171947-ycctouts-nfthv.do
Attempts: 34 - Request URL: www.lavatransforms.org/dkbj-gsyud-q3404-hoyay-mjzql/c320171944-lexer-mgmhn-tijczoqi-byjw-ysvhik.do
Attempts: 35 - Request URL: www.lavatransforms.org/fbvfmbi-c320171941-jijcpzgf/rnksnsus-q451-lgpsmhim/
Attempts: 36 - Request URL: www.lavatransforms.org/c320171944-q38904-uxxp-nlnix-qkoye/gzhyy-ocvdz-svljt-akyojner-wfix.do
