Attempts: 1 - Request URL: www.lavatransforms.org/Editor/assetmanager/assetmanager.asp
Attempts: 2 - Request URL: www.lavatransforms.org/assetmanager/assetmanager.aspx
Attempts: 2 - Request URL: www.lavatransforms.org/images/check.asp
Attempts: 3 - Request URL: www.lavatransforms.org/admin/Editor/assetmanager/assetmanager.php
Attempts: 3 - Request URL: www.lavatransforms.org/assetmanager/assetmanager.php
Attempts: 4 - Request URL: www.lavatransforms.org/admin/Editor/assetmanager/assetmanager.asp
Attempts: 5 - Request URL: www.lavatransforms.org/Editor/assetmanager/assetmanager.php
Attempts: 6 - Request URL: www.lavatransforms.org/admin/Editor/assetmanager/assetmanager.aspx
Attempts: 6 - Request URL: www.lavatransforms.org/assetmanager/assetmanager.asp
Attempts: 7 - Request URL: www.lavatransforms.org/Editor/assetmanager/assetmanager.aspx
Attempts: 8 - Request URL: www.lavatransforms.org/admin/assetmanager/assetmanager.aspx
Attempts: 9 - Request URL: www.lavatransforms.org/admin/assetmanager/assetmanager.asp
Attempts: 10 - Request URL: www.lavatransforms.org/admin/assetmanager/assetmanager.php
Attempts: 11 - Request URL: www.lavatransforms.org/admin/SiteEngineManager/components/Editor/assetmanager/assetmanager.asp
Attempts: 11 - Request URL: www.lavatransforms.org/ftpmanager/Editor/assetmanager/assetmanager.aspx
Attempts: 12 - Request URL: www.lavatransforms.org/ftpmanager/Editor/assetmanager/assetmanager.php
Attempts: 13 - Request URL: www.lavatransforms.org/admin/components/Editor/assetmanager/assetmanager.asp
Attempts: 13 - Request URL: www.lavatransforms.org/ftpmanager/Editor/assetmanager/assetmanager.asp
Attempts: 14 - Request URL: www.lavatransforms.org/admin/SiteEngineManager/components/Editor/assetmanager/assetmanager.php
Attempts: 15 - Request URL: www.lavatransforms.org/admin/SiteEngineManager/components/Editor/assetmanager/assetmanager.aspx
Attempts: 15 - Request URL: www.lavatransforms.org/admin/components/Editor/assetmanager/assetmanager.php
Attempts: 16 - Request URL: www.lavatransforms.org/admin/components/Editor/assetmanager/assetmanager.aspx
Attempts: 17 - Request URL: www.lavatransforms.org/components/Editor/assetmanager/assetmanager.asp
Attempts: 18 - Request URL: www.lavatransforms.org/components/Editor/assetmanager/assetmanager.aspx
Attempts: 19 - Request URL: www.lavatransforms.org/components/Editor/assetmanager/assetmanager.php
