Attempts: 1 - Request URL: www.lavatransforms.org/category/lava-vocabulary/technology/user/login
Attempts: 2 - Request URL: www.lavatransforms.org/category/lava-vocabulary/books/page/11/ArchersBooks.com
Attempts: 3 - Request URL: www.lavatransforms.org/wp-content/uploads/2015/10/1950sPershing-1024x600.jpg
Attempts: 4 - Request URL: www.lavatransforms.org/category/history/page/16/nydistilling.com
Attempts: 5 - Request URL: www.lavatransforms.org/event/haunts-of-a-dirty-old-man-charles-bukowskis-los-angeles-tour-5/feed/
Attempts: 6 - Request URL: www.lavatransforms.org/web/20140519171846/http:/www.lasfsinc.info/
Attempts: 7 - Request URL: www.lavatransforms.org/web/20151005041218/http:/macksennett.blogspot.com/
Attempts: 8 - Request URL: www.lavatransforms.org/event/crimelaboct2015/feed/
Attempts: 9 - Request URL: www.lavatransforms.org/video-category/lava-sunday-salon/page/5/lavatransforms.org/garyleonard910
Attempts: 10 - Request URL: www.lavatransforms.org/category/lava-exclusives/page/15/signups
Attempts: 11 - Request URL: www.lavatransforms.org/category/lava-vocabulary/art/page/5/southwestmuseum2013
Attempts: 12 - Request URL: www.lavatransforms.org/category/books/page/8/nydistilling.com
Attempts: 13 - Request URL: www.lavatransforms.org/web/20151005101751/http:/lavatransforms.org/cliftonsalons
Attempts: 14 - Request URL: www.lavatransforms.org/web/20151005162031/http:/www.starsapphire-oto.org/
Attempts: 15 - Request URL: www.lavatransforms.org/crimelabjuly14
Attempts: 16 - Request URL: www.lavatransforms.org/web/20151005000523/http:/cinematreasures.org/theaters/5
Attempts: 17 - Request URL: www.lavatransforms.org/salon-aarvold-november2013
Attempts: 18 - Request URL: www.lavatransforms.org/event/the-real-black-dahlia-crime-bus-tour-3/feed/
Attempts: 19 - Request URL: www.lavatransforms.org/whisky1113
Attempts: 20 - Request URL: www.lavatransforms.org/web/20151005014436/https:/www.laconservancy.org/issues/james-k-hill-sons-pickle-works-building
Attempts: 21 - Request URL: www.lavatransforms.org/web/20151005013328/http:/lavatransforms.org/cliftonsalons
Attempts: 22 - Request URL: www.lavatransforms.org/category/books/user/login
Attempts: 23 - Request URL: www.lavatransforms.org/sites/default/files/imagecache/sidebar/edTorched.png
Attempts: 24 - Request URL: www.lavatransforms.org/category/lava-vocabulary/preservation/page/12/southwestmuseum2013
Attempts: 25 - Request URL: www.lavatransforms.org/category/architecturedesign/page/12/elalisal2013
Attempts: 26 - Request URL: www.lavatransforms.org/event/salon617/feed/
Attempts: 27 - Request URL: www.lavatransforms.org/category/preservation/page/12/elalisal2013
Attempts: 28 - Request URL: www.lavatransforms.org/web/20140312061813/http:/astore.amazon.com/bubble1-20/detail/1852244739
Attempts: 29 - Request URL: www.lavatransforms.org/event/haunts-of-a-dirty-old-man-charles-bukowskis-los-angeles-tour/feed/
Attempts: 30 - Request URL: www.lavatransforms.org/category/lava-vocabulary/politics/page/4/itotushy
Attempts: 31 - Request URL: www.lavatransforms.org/hankbday2014
Attempts: 32 - Request URL: www.lavatransforms.org/hotelhorrors313
Attempts: 33 - Request URL: www.lavatransforms.org/category/art/page/5/elalisal2013
Attempts: 34 - Request URL: www.lavatransforms.org/web/20151005163600/http:/cinematreasures.org/theaters/5
