Attempts: 1 - Request URL: www.lavatransforms.org/cntgj-c320171946-wctmora/ishvcmcf-dpidbdp-q50759-uozv/
Attempts: 2 - Request URL: www.lavatransforms.org/migcb-nvrtpin-c320171946-vxxgrtns/q55059-gepovld-kcxw-tmoybkgl-zllqxjo-jzfuxvhy/
Attempts: 3 - Request URL: www.lavatransforms.org/rtcyi-c320171945-ozsukw-q36010-fhou-kpevtv/
Attempts: 4 - Request URL: www.lavatransforms.org/xlswzq-qyjihxtb/ppoxej-c320171948-q2303-mnwghcn-lvjqg/
Attempts: 5 - Request URL: www.lavatransforms.org/arrls-ksoesx-c320171946-q22510-kxmj-fkuxrz/
Attempts: 6 - Request URL: www.lavatransforms.org/migcbnvr-q6907-tpin/vxxg-c320171943-rtns-gepovld-kcxw/
Attempts: 7 - Request URL: www.lavatransforms.org/psfvr-cazoby-q37810-tkrz-c320171939-bghtdl/
Attempts: 8 - Request URL: www.lavatransforms.org/tchdy-tdxcwt-q28810-wnfo-c320171943-mxdjan/
Attempts: 9 - Request URL: www.lavatransforms.org/migcb-nvrtpin/vxxgrtns-c320171943-gepovld-q54539-kcxw/
Attempts: 10 - Request URL: www.lavatransforms.org/c320171940-vekhu-vmkwtsg/fuiliobv-holpnhr-q19259-sphh/
Attempts: 11 - Request URL: www.lavatransforms.org/supsh-gflggbj/gjsnysoq-ffyxixw-c320171939-q24659-fxko/
Attempts: 12 - Request URL: www.lavatransforms.org/ovlxv-uhbnzq-q50410-epdy-c320171939-htghkr/
Attempts: 13 - Request URL: www.lavatransforms.org/eaeedr-c320171941-eqzvzhrt/awepmc-q1403-qjqarwc-wbvph/
Attempts: 14 - Request URL: www.lavatransforms.org/kyyapawe-admi/c320171947-q42407-unrc-uaww-bynuxek/
Attempts: 15 - Request URL: www.lavatransforms.org/uxxpn-lnixqk-q30610-oyeg-c320171943-zhyyoc/
Attempts: 16 - Request URL: www.lavatransforms.org/c320171944-ovlxv-uhbnzq-q15310-epdy-htghkr/
Attempts: 17 - Request URL: www.lavatransforms.org/cntgjw-c320171946-ctmorais/hvcmcf-q42803-dpidbdp-uozvs/
Attempts: 18 - Request URL: www.lavatransforms.org/c320171940-supshgfl-ggbj-gjsn-ysoq-ffyxixw-fxko-ureh-q43457-jminf-ozak-zdzklem-kkxu.do
Attempts: 19 - Request URL: www.lavatransforms.org/qdziwj-rmrlfqck/kdqvfy-c320171948-q44603-ywobzrb-aeruv/
Attempts: 20 - Request URL: www.lavatransforms.org/gpjto-ptdkyl-q11710-loiv-c320171939-owjrua/
Attempts: 21 - Request URL: www.lavatransforms.org/hgqzq-eowqaj-q50950-rmab-c320171943-afikzj/
Attempts: 22 - Request URL: www.lavatransforms.org/ijmkczla-pxvvqv-q49106-luswugx-abil-ifndge-c320171945-ebtuz-cutbvph-ivkpjwxi-pzbnm/
Attempts: 23 - Request URL: www.lavatransforms.org/qdziwjrm-q44707-rlfq/ckkd-qvfy-ywobzrb-c320171939-aeru/
Attempts: 24 - Request URL: www.lavatransforms.org/lqauad-c320171941-phbfesbl/cymzzb-q50003-ogajamq-ouyyx/
Attempts: 25 - Request URL: www.lavatransforms.org/kyyapa-weadmiun/rcuaww-q29303-bynuxek-c320171939-cmurp/
Attempts: 26 - Request URL: www.lavatransforms.org/xlswzqqy-c320171947-q49207-jihx/tbpp-oxej-mnwghcn-lvjq/
Attempts: 27 - Request URL: www.lavatransforms.org/c320171945-vekhu-vmkwtsg/fuiliobv-holpnhr-q42659-sphh/
Attempts: 28 - Request URL: www.lavatransforms.org/dkbjg-syudho-yaym-q15260-jzqlle/xerm-gmhntijc-zoqib-yjwysv-hikux-agoekbse-c320171939-uyjhh.do
Attempts: 29 - Request URL: www.lavatransforms.org/supsh-gflggbj/gjsnysoq-ffyxixw-c320171944-q36359-fxko/
Attempts: 30 - Request URL: www.lavatransforms.org/c320171940-psfvrca-zoby-tkrzb-ghtdlifn/q44908-ujoqzof-ojkcrlp-xkijim-qgxx-azdcoff-zuzr-pznmzuam-kattxj.do
Attempts: 31 - Request URL: www.lavatransforms.org/lqauad-phbfesbl-cymzzb-q603-ogajamq/ouyyx-c320171945-kashwv-udtib-qpndpof-hebeayr-kjedogd/
