Attempts: 1 - Request URL: www.lavatransforms.org/web/20151005041218/http:/www.angelcitypress.com/collections/authors-david-boule
Attempts: 2 - Request URL: www.lavatransforms.org/c320171946-jmuqthjv-q27607-funz/ewdq-dbge-pmvmcou-bsfg/
Attempts: 3 - Request URL: www.lavatransforms.org/eaeedr-eqzvzhrt/awepmc-c320171948-q48203-qjqarwc-wbvph/
Attempts: 4 - Request URL: www.lavatransforms.org/fbvfmb-ijijcpzg/frnksn-q23903-suslgps-c320171944-mhimw/
Attempts: 5 - Request URL: www.lavatransforms.org/tchdy-c320171945-tdxcwt-q17110-wnfo-mxdjan/
Attempts: 6 - Request URL: www.lavatransforms.org/c320171946-wowbkxxn-q32107-hngm/dzns-vnax-usjcdqj-xfmz/
Attempts: 7 - Request URL: www.lavatransforms.org/vekhuvmk-c320171947-q34807-wtsg/fuil-iobv-holpnhr-sphh/
Attempts: 8 - Request URL: www.lavatransforms.org/supshg-flggbjgj/snysoq-q28403-ffyxixw-c320171944-fxkou/
Attempts: 9 - Request URL: www.lavatransforms.org/cntgjw-ctmorais/hvcmcf-c320171943-q54503-dpidbdp-uozvs/
Attempts: 10 - Request URL: www.lavatransforms.org/c320171945-jmuqth-jvfunzew/dqdbge-q50903-pmvmcou-bsfgd/
Attempts: 11 - Request URL: www.lavatransforms.org/lqauadph-q26707-bfes/blcy-mzzb-ogajamq-c320171939-ouyy/
Attempts: 12 - Request URL: www.lavatransforms.org/c320171948-ovlxv-uhbnzq-q50410-epdy-htghkr/
Attempts: 13 - Request URL: www.lavatransforms.org/psfvr-c320171941-cazoby-q37810-tkrz-bghtdl/
Attempts: 14 - Request URL: www.lavatransforms.org/cntgjw-ctmorais/hvcmcf-c320171948-q54503-dpidbdp-uozvs/
Attempts: 15 - Request URL: www.lavatransforms.org/migcbnvr-q53707-tpin/vxxg-c320171943-rtns-gepovld-kcxw/
Attempts: 16 - Request URL: www.lavatransforms.org/wowbkxxn-q20407-hngm/dzns-c320171943-vnax-usjcdqj-xfmz/
Attempts: 17 - Request URL: www.lavatransforms.org/ijmkc-c320171945-zlapxv-q53110-vqvl-uswugx/
Attempts: 18 - Request URL: www.lavatransforms.org/fbvfmb-ijijcpzg/frnksn-c320171948-q47303-suslgps-mhimw/
Attempts: 19 - Request URL: www.lavatransforms.org/c320171946-jmuqthjv-q15907-funz/ewdq-dbge-pmvmcou-bsfg/
Attempts: 20 - Request URL: www.lavatransforms.org/supshg-flggbjgj/snysoq-q51803-ffyxixw-c320171939-fxkou/
Attempts: 21 - Request URL: www.lavatransforms.org/arrls-ksoesx-c320171946-q10810-kxmj-fkuxrz/
Attempts: 22 - Request URL: www.lavatransforms.org/c320171946-kyyapa-q16303-weadmiun/rcuaww-bynuxek-cmurp-zsjtph/
Attempts: 23 - Request URL: www.lavatransforms.org/jmuqthjv-q15907-funz/ewdq-c320171943-dbge-pmvmcou-bsfg/
Attempts: 24 - Request URL: www.lavatransforms.org/xlswzq-q12703-qyjihxtb/ppoxej-mnwghcn-lvjqg-c320171945-wixsde/
Attempts: 25 - Request URL: www.lavatransforms.org/hgqzq-eowqaj-q48610-rmab-c320171947-afikzj/
Attempts: 26 - Request URL: www.lavatransforms.org/ovlxv-c320171945-uhbnzq-q38710-epdy-htghkr/
Attempts: 27 - Request URL: www.lavatransforms.org/xlswzq-c320171941-q47803-qyjihxtb/ppoxej-mnwghcn-lvjqg-wixsde/
Attempts: 28 - Request URL: www.lavatransforms.org/arrls-ksoesx-q10810-kxmj-c320171939-fkuxrz/
Attempts: 29 - Request URL: www.lavatransforms.org/tchdy-tdxcwt-q52210-wnfo-c320171943-mxdjan/
Attempts: 30 - Request URL: www.lavatransforms.org/event/bnd-11-14-15/feed/
Attempts: 31 - Request URL: www.lavatransforms.org/vekhuvmk-wtsg-fuil/iobv-holpnhr-sphh-cfql-c320171943-q53007-isdbn/
Attempts: 32 - Request URL: www.lavatransforms.org/zfnmlmkf-q10507-yrad/lqex-c320171943-alih-klrwwsh-zwec/
Attempts: 33 - Request URL: www.lavatransforms.org/cntgjwct-q54607-mora/ishv-c320171943-cmcf-dpidbdp-uozv/
Attempts: 34 - Request URL: www.lavatransforms.org/dkbjg-syudho-q43210-yaym-c320171943-jzqlle/
Attempts: 35 - Request URL: www.lavatransforms.org/c320171940-vekhuvmk-q46507-wtsg/fuil-iobv-holpnhr-sphh/
Attempts: 36 - Request URL: www.lavatransforms.org/c320171945-jmuqth-jvfunzew/dqdbge-q15803-pmvmcou-bsfgd/
Attempts: 37 - Request URL: www.lavatransforms.org/q1155-sups-hgflg-gbjgjsn/ysoqff-yxixwfxk-c320171941-oure-hjminfoz/
Attempts: 38 - Request URL: www.lavatransforms.org/nwoox-c320171945-iupvmd-q44110-bwpw-ilrdiw/
Attempts: 39 - Request URL: www.lavatransforms.org/c320171944-tchdy-tdxcwt-q40510-wnfo-mxdjan/
Attempts: 40 - Request URL: www.lavatransforms.org/jmuqthjv-funz-ewdq/dbge-c320171940-pmvmcou-bsfg-deub-q22407-fzogq/
Attempts: 41 - Request URL: www.lavatransforms.org/jmuqthjv-q27607-funz/ewdq-dbge-pmvmcou-c320171939-bsfg/
Attempts: 42 - Request URL: www.lavatransforms.org/dkbjg-syudho-q31510-yaym-c320171943-jzqlle/
Attempts: 43 - Request URL: www.lavatransforms.org/kyya-pawea-dmiunrc/uawwby-c320171940-nuxekcmu-rpzs-q37155-jtphwyzo/
Attempts: 44 - Request URL: www.lavatransforms.org/vekh-uvmkw-c320171945-tsgfuil/iobvho-lpnhrsph-hcfq-q30855-lisdbnys/
Attempts: 45 - Request URL: www.lavatransforms.org/q20055-fbvf-mbiji-jcpzgfr/nksnsu-slgpsmhi-mwig-c320171942-tcosjwmt/
Attempts: 46 - Request URL: www.lavatransforms.org/dkbjg-c320171945-syudho-q43210-yaym-jzqlle/
Attempts: 47 - Request URL: www.lavatransforms.org/xlswzq-qyjihxtb-ppoxej/mnwghcn-lvjqg-q3603-wixsde-c320171942-huemy/
Attempts: 48 - Request URL: www.lavatransforms.org/c320171946-supshgf-q32251-lggbjgjs/nysoqffy-xixwfxko-urehjm-infoza/
Attempts: 49 - Request URL: www.lavatransforms.org/vekh-uvmkw-q42555-tsgfuil/iobvho-lpnhrsph-c320171941-hcfq-lisdbnys/
Attempts: 50 - Request URL: www.lavatransforms.org/xlswzq-qyjihxtb/ppoxej-q25703-mnwghcn-c320171939-lvjqg/
Attempts: 51 - Request URL: www.lavatransforms.org/c320171945-wowbkx-xnhngmdz/nsvnax-q20303-usjcdqj-xfmzk/
Attempts: 52 - Request URL: www.lavatransforms.org/jmuqth-q40503-jvfunzew-dqdbge/pmvmcou-bsfgd-c320171941-eubfzo-gqhww/
Attempts: 53 - Request URL: www.lavatransforms.org/vekhuv-mkwtsgfu-q36003-iliobv/holpnhr-c320171940-sphhc-fqlisd-bnyst/
Attempts: 54 - Request URL: www.lavatransforms.org/kyyapa-weadmiun-q42303-rcuaww/bynuxek-cmurp-c320171948-zsjtph-wyzoe/
Attempts: 55 - Request URL: www.lavatransforms.org/q26103-eaeedr-eqzvzhrt-awepmc/qjqarwc-wbvph-c320171941-vcpgyr-ixqdd/
Attempts: 56 - Request URL: www.lavatransforms.org/lqauad-q27903-phbfesbl-cymzzb/ogajamq-ouyyx-c320171948-kashwv-udtib/
Attempts: 57 - Request URL: www.lavatransforms.org/bhdnf-ybgleu-q27910-usht-c320171943-ejcppi/
Attempts: 58 - Request URL: www.lavatransforms.org/c320171940-eaeedr-eqzvzhrt/awepmc-q36503-qjqarwc-wbvph/
Attempts: 59 - Request URL: www.lavatransforms.org/cntgjwct-c320171947-q54607-mora/ishv-cmcf-dpidbdp-uozv/
Attempts: 60 - Request URL: www.lavatransforms.org/fbvfmb-c320171944-ijijcpzg-q48603-frnksn/suslgps-mhimw-igtcos-jwmtp/
Attempts: 61 - Request URL: www.lavatransforms.org/lqauad-q27903-phbfesbl-cymzzb/ogajamq-ouyyx-kashwv-c320171942-udtib/
Attempts: 62 - Request URL: www.lavatransforms.org/c320171946-eaeedreq-q36607-zvzh/rtaw-epmc-qjqarwc-wbvp/
Attempts: 63 - Request URL: www.lavatransforms.org/c320171946-supshgfl-q28507-ggbj/gjsn-ysoq-ffyxixw-fxko/
Attempts: 64 - Request URL: www.lavatransforms.org/lqauad-phbfesbl/cymzzb-q14903-ogajamq-c320171944-ouyyx/
Attempts: 65 - Request URL: www.lavatransforms.org/event/crimelaboct2015/feed/
Attempts: 66 - Request URL: www.lavatransforms.org/cntgjwct-q31207-mora/ishv-cmcf-dpidbdp-c320171939-uozv/
Attempts: 67 - Request URL: www.lavatransforms.org/event/crimelabjan2016/feed/
Attempts: 68 - Request URL: www.lavatransforms.org/rtcyi-ozsukw-c320171946-q36010-fhou-kpevtv/
Attempts: 69 - Request URL: www.lavatransforms.org/fbvfm-q9759-bijijcp-zgfrnksn/suslgps-c320171940-mhim-wigtcosj-wmtpsdp/
Attempts: 70 - Request URL: www.lavatransforms.org/wowbkxxn-hngm-q2207-dzns-vnax/usjcdqj-xfmz-kqxm-c320171947-nbksp-bfcr/
Attempts: 71 - Request URL: www.lavatransforms.org/c320171940-xlswzqqy-jihx-q19307-tbpp-oxej/mnwghcn-lvjq-gwix-sdehu-emyb/
Attempts: 72 - Request URL: www.lavatransforms.org/fbvfmbij-ijcp-q29207-zgfr-nksn/suslgps-mhim-c320171946-wigt-cosjw-mtps/
Attempts: 73 - Request URL: www.lavatransforms.org/q39459-migcb-nvrtpin-vxxgrtns/gepovld-kcxw-tmoybkgl-c320171942-zllqxjo/
Attempts: 74 - Request URL: www.lavatransforms.org/event/birthdaybus-2016/feed/
Attempts: 75 - Request URL: www.lavatransforms.org/fbvfmbij-c320171941-q47407-ijcp/zgfr-nksn-suslgps-mhim/
Attempts: 76 - Request URL: www.lavatransforms.org/jmuqt-hjvfunz-ewdqdbge/pmvmcou-bsfg-q48459-deubfzog-c320171942-qhwwnwv/
Attempts: 77 - Request URL: www.lavatransforms.org/eaeed-c320171944-reqzvzh-rtawepmc/qjqarwc-wbvp-q10659-hvcpgyri-xqddtur/
Attempts: 78 - Request URL: www.lavatransforms.org/c320171940-kyyapawe-q29407-admi/unrc-uaww-bynuxek-cmur/
Attempts: 79 - Request URL: www.lavatransforms.org/c320171940-hgqzq-eowqaj-q25210-rmab-afikzj/
Attempts: 80 - Request URL: www.lavatransforms.org/vekhuvmk-wtsg-c320171942-q16607-fuil-iobv/holpnhr-sphh-cfql-isdbn-ystg/
Attempts: 81 - Request URL: www.lavatransforms.org/fbvfm-bijijcp-zgfrnksn/suslgps-q21459-mhim-wigtcosj-c320171942-wmtpsdp/
Attempts: 82 - Request URL: www.lavatransforms.org/tchdy-tdxcwt-q52210-wnfo-c320171939-mxdjan/
Attempts: 83 - Request URL: www.lavatransforms.org/q52059-cntgj-wctmora-ishvcmcf/dpidbdp-uozv-c320171948-sdfdwfxp-hjbvhtz/
Attempts: 84 - Request URL: www.lavatransforms.org/lqauad-c320171941-phbfesbl/cymzzb-q38303-ogajamq-ouyyx/
Attempts: 85 - Request URL: www.lavatransforms.org/c320171946-qdziwjrm-q44707-rlfq/ckkd-qvfy-ywobzrb-aeru/
Attempts: 86 - Request URL: www.lavatransforms.org/q26859-kyyap-aweadmi-unrcuaww/bynuxek-c320171947-cmur-pzsjtphw-yzoewes/
Attempts: 87 - Request URL: www.lavatransforms.org/hgqzq-eowqaj-c320171942-q25210-rmab-afikzj/
Attempts: 88 - Request URL: www.lavatransforms.org/event/chandler-11-7-15/feed/
Attempts: 89 - Request URL: www.lavatransforms.org/c320171944-yzire-fgcscp-q45010-cjcq-tbfqmt/
Attempts: 90 - Request URL: www.lavatransforms.org/lqauad-phbfesbl/cymzzb-q50003-ogajamq-c320171939-ouyyx/
Attempts: 91 - Request URL: www.lavatransforms.org/lqauadph-bfes-q43607-blcy-c320171943-mzzb/ogajamq-ouyy-xkas-hwvud-tibq/
Attempts: 92 - Request URL: www.lavatransforms.org/zfnmlmkf-q45607-yrad/lqex-alih-c320171944-klrwwsh-zwec/
Attempts: 93 - Request URL: www.lavatransforms.org/kyyapa-c320171941-weadmiun/rcuaww-q17603-bynuxek-cmurp/
Attempts: 94 - Request URL: www.lavatransforms.org/fbvfmbij-ijcp-c320171942-q52607-zgfr-nksn/suslgps-mhim-wigt-cosjw-mtps/
Attempts: 95 - Request URL: www.lavatransforms.org/c320171946-kyyapawe-q41107-admi/unrc-uaww-bynuxek-cmur/
Attempts: 96 - Request URL: www.lavatransforms.org/wowb-kxxnh-ngmdzns/vnaxus-jcdqjxfm-zkqx-c320171942-mnbkspbf-q8655-crkxs/
Attempts: 97 - Request URL: www.lavatransforms.org/vekhuv-c320171941-mkwtsgfu/iliobv-q11303-holpnhr-sphhc/
Attempts: 98 - Request URL: www.lavatransforms.org/vekhuvmk-c320171947-q23107-wtsg/fuil-iobv-holpnhr-sphh/
Attempts: 99 - Request URL: www.lavatransforms.org/event/crimelabapril2017/feed/
Attempts: more than 99 - Request URL: www.lavatransforms.org/lqau-adphb-c320171946-fesblcy/mzzbog-ajamqouy-yxka-shwvudti-q50055-bqpnd/
