Attempts: 1 - Request URL: www.lavatransforms.org/user/617/track
Attempts: 2 - Request URL: www.lavatransforms.org/user/register
Attempts: 3 - Request URL: www.lavatransforms.org/user/33/track
Attempts: 4 - Request URL: www.lavatransforms.org/user/157/track
Attempts: 5 - Request URL: www.lavatransforms.org/user/235/track
Attempts: 6 - Request URL: www.lavatransforms.org/user/password
Attempts: 7 - Request URL: www.lavatransforms.org/user/209/track
Attempts: 8 - Request URL: www.lavatransforms.org/user/4
Attempts: 9 - Request URL: www.lavatransforms.org/user/4/track
Attempts: 10 - Request URL: www.lavatransforms.org/user/202/track
Attempts: 11 - Request URL: www.lavatransforms.org/user/5/track
Attempts: 12 - Request URL: www.lavatransforms.org/user/12/track
Attempts: 13 - Request URL: www.lavatransforms.org/user/585/track
Attempts: 14 - Request URL: www.lavatransforms.org/user/29/track
Attempts: 15 - Request URL: www.lavatransforms.org/lavasalonsfigaro
Attempts: 16 - Request URL: www.lavatransforms.org/forum
Attempts: 17 - Request URL: www.lavatransforms.org/user/375/track
Attempts: 18 - Request URL: www.lavatransforms.org/user/87/track
Attempts: 19 - Request URL: www.lavatransforms.org/user
Attempts: 20 - Request URL: www.lavatransforms.org/user/5
Attempts: 21 - Request URL: www.lavatransforms.org/tracker
Attempts: 22 - Request URL: www.lavatransforms.org/user/262/track
Attempts: 23 - Request URL: www.lavatransforms.org/semantic-views-demo
Attempts: 24 - Request URL: www.lavatransforms.org/user/36/track
Attempts: 25 - Request URL: www.lavatransforms.org/user/238/track
Attempts: 26 - Request URL: www.lavatransforms.org/user/192/track
Attempts: 27 - Request URL: www.lavatransforms.org/user/55/track
Attempts: 28 - Request URL: www.lavatransforms.org/user/login
Attempts: 29 - Request URL: www.lavatransforms.org/user/1560/track
Attempts: 30 - Request URL: www.lavatransforms.org/user/27/track
Attempts: 31 - Request URL: www.lavatransforms.org/user/2307/track
Attempts: 32 - Request URL: www.lavatransforms.org/user/778/track
Attempts: 33 - Request URL: www.lavatransforms.org/user/11/track
Attempts: 34 - Request URL: www.lavatransforms.org/newsletter/subscriptions
Attempts: 35 - Request URL: www.lavatransforms.org/opulent2015
