Attempts: 1 - Request URL: www.lavatransforms.org/xlswzqqy-c320171941-jihx-tbpp-oxej/mnwghcn-lvjq-gwix-q29707-sdehu-emyb-byrhznu-zsdc-dtfa/
Attempts: 2 - Request URL: www.lavatransforms.org/kyyapawe-c320171941-admi-unrc-uaww/bynuxek-cmur-pzsj-q45007-tphwy-zoew-eswsscz-tals-wwch/
Attempts: 3 - Request URL: www.lavatransforms.org/eaeedreq-c320171941-zvzh-rtaw-epmc/qjqarwc-wbvp-hvcp-q40507-gyrix-qddt-urntvwf-qjjp-fmro/
Attempts: 4 - Request URL: www.lavatransforms.org/jmuqthjv-funz-ewdq-dbge/pmvmcou-bsfg-c320171946-deub-q43207-fzogq-hwwn-wveybka-ycal-poam/
Attempts: 5 - Request URL: www.lavatransforms.org/qdziwjrm-rlfq-ckkd-qvfy/ywobzrb-c320171945-aeru-vtbg-q25207-mvtev-sgoj-slarilo-bwpj-txvn/
Attempts: 6 - Request URL: www.lavatransforms.org/wowbkxxn-hngm-dzns-vnax/usjcdqj-xfmz-kqxm-q24307-nbksp-c320171948-bfcr-kxscgpr-mrsg-rcsp/
Attempts: 7 - Request URL: www.lavatransforms.org/c320171940-kyyapawe-admi-unrc-uaww/bynuxek-cmur-pzsj-q33307-tphwy-zoew-eswsscz-tals-wwch/
Attempts: 8 - Request URL: www.lavatransforms.org/eaeedreq-zvzh-rtaw-epmc/qjqarwc-wbvp-hvcp-q28807-gyrix-c320171948-qddt-urntvwf-qjjp-fmro/
Attempts: 9 - Request URL: www.lavatransforms.org/fbvfmbij-ijcp-zgfr-nksn/suslgps-c320171945-mhim-wigt-q16207-cosjw-mtps-dphmqhj-hdoe-odni/
Attempts: 10 - Request URL: www.lavatransforms.org/eaeedreq-zvzh-c320171942-rtaw-epmc/qjqarwc-wbvp-hvcp-q52207-gyrix-qddt-urntvwf-qjjp-fmro/
Attempts: 11 - Request URL: www.lavatransforms.org/c320171940-xlswzqqy-jihx-tbpp-oxej/mnwghcn-lvjq-gwix-q53107-sdehu-emyb-byrhznu-zsdc-dtfa/
Attempts: 12 - Request URL: www.lavatransforms.org/supshgfl-ggbj-gjsn-ysoq/ffyxixw-fxko-ureh-q20707-jminf-ozak-zdzklem-kkxu-c320171939-jzww/
Attempts: 13 - Request URL: www.lavatransforms.org/lqauad-phbfesbl-cymzzb-c320171943-q603-ogajamq/ouyyx-kashwv-udtib-qpndpof-hebeayr-kjedogd/
Attempts: 14 - Request URL: www.lavatransforms.org/lqauad-phbfesbl-c320171942-cymzzb-q603-ogajamq/ouyyx-kashwv-udtib-qpndpof-hebeayr-kjedogd/
Attempts: 15 - Request URL: www.lavatransforms.org/qdziwj-rmrlfqck-kdqvfy-q6903-ywobzrb/aeruv-tbgmvt-evsgo-jslaril-c320171948-obwpjtx-vnsnjaa/
Attempts: 16 - Request URL: www.lavatransforms.org/supshg-flggbjgj-snysoq-q2403-ffyxixw/fxkou-c320171945-rehjmi-nfoza-kzdzkle-mkkxujz-wwdkwsh/
Attempts: 17 - Request URL: www.lavatransforms.org/vekhuv-mkwtsgfu-iliobv-q8703-holpnhr/sphhc-c320171945-fqlisd-bnyst-gyjlbed-naxiyeg-xcqlmnl/
Attempts: 18 - Request URL: www.lavatransforms.org/kyyapa-weadmiun-rcuaww-q3303-bynuxek/cmurp-zsjtph-wyzoe-c320171947-weswssc-ztalsww-chtgvjy/
Attempts: 19 - Request URL: www.lavatransforms.org/supshg-flggbjgj-snysoq-q2403-ffyxixw/fxkou-rehjmi-nfoza-kzdzkle-c320171948-mkkxujz-wwdkwsh/
Attempts: 20 - Request URL: www.lavatransforms.org/supshg-flggbjgj-snysoq-q2403-ffyxixw/fxkou-rehjmi-c320171946-nfoza-kzdzkle-mkkxujz-wwdkwsh/
Attempts: 21 - Request URL: www.lavatransforms.org/jmuqth-jvfunzew-dqdbge-q1503-pmvmcou/bsfgd-c320171945-eubfzo-gqhww-nwveybk-aycalpo-amgopor/
Attempts: 22 - Request URL: www.lavatransforms.org/cntgjw-ctmorais-hvcmcf-q5103-dpidbdp/uozvs-dfdwfx-phjbv-c320171947-htzbnhq-klmwwny-ptftuxu/
Attempts: 23 - Request URL: www.lavatransforms.org/zfnmlm-kfyradlq-c320171942-exalih-q7803-klrwwsh/zweci-ahkkjj-klrak-foffqnj-bsgmtan-tfhstif/
Attempts: 24 - Request URL: www.lavatransforms.org/chuckboyd
Attempts: 25 - Request URL: www.lavatransforms.org/wowbkx-xnhngmdz-nsvnax-q6003-usjcdqj/xfmzk-qxmnbk-spbfc-rkxscgp-rmrsgrc-c320171939-spzjbqb/
Attempts: 26 - Request URL: www.lavatransforms.org/kyyapa-weadmiun-c320171942-rcuaww-q3303-bynuxek/cmurp-zsjtph-wyzoe-weswssc-ztalsww-chtgvjy/
Attempts: 27 - Request URL: www.lavatransforms.org/migcbn-vrtpinvx-xgrtns-q4203-gepovld/kcxwt-moybkg-c320171946-lzllq-xjojzfu-xvhyoca-lslwgeg/
Attempts: 28 - Request URL: www.lavatransforms.org/cntgjw-ctmorais-hvcmcf-q5103-dpidbdp/uozvs-c320171945-dfdwfx-phjbv-htzbnhq-klmwwny-ptftuxu/
Attempts: 29 - Request URL: www.lavatransforms.org/fbvfmb-ijijcpzg-frnksn-q9603-suslgps/mhimw-igtcos-jwmtp-c320171947-sdphmqh-jhdoeod-ninfepc/
Attempts: 30 - Request URL: www.lavatransforms.org/kyyapa-weadmiun-rcuaww-q3303-bynuxek/cmurp-zsjtph-c320171946-wyzoe-weswssc-ztalsww-chtgvjy/
Attempts: 31 - Request URL: www.lavatransforms.org/migcbn-vrtpinvx-c320171942-xgrtns-q4203-gepovld/kcxwt-moybkg-lzllq-xjojzfu-xvhyoca-lslwgeg/
Attempts: 32 - Request URL: www.lavatransforms.org/cntgjw-ctmorais-c320171942-hvcmcf-q7443-dpidbdp/uozvs-dfdwfx-phjbv-htzbnhq-klmwwny-ptftuxu/
Attempts: 33 - Request URL: www.lavatransforms.org/wowbkx-xnhngmdz-nsvnax-q6003-usjcdqj/xfmzk-qxmnbk-spbfc-rkxscgp-c320171948-rmrsgrc-spzjbqb/
Attempts: 34 - Request URL: www.lavatransforms.org/c320171940-kyyapa-weadmiun-rcuaww-q26703-bynuxek/cmurp-zsjtph-wyzoe-weswssc-ztalsww-chtgvjy/
Attempts: 35 - Request URL: www.lavatransforms.org/lqauad-phbfesbl-cymzzb-q47403-ogajamq/ouyyx-kashwv-udtib-qpndpof-hebeayr-c320171939-kjedogd/
Attempts: 36 - Request URL: www.lavatransforms.org/wowbkx-xnhngmdz-nsvnax-c320171943-q17703-usjcdqj/xfmzk-qxmnbk-spbfc-rkxscgp-rmrsgrc-spzjbqb/
Attempts: 37 - Request URL: www.lavatransforms.org/wowbkx-xnhngmdz-nsvnax-q41103-usjcdqj/xfmzk-qxmnbk-spbfc-rkxscgp-rmrsgrc-c320171939-spzjbqb/
Attempts: 38 - Request URL: www.lavatransforms.org/cntgjw-ctmorais-hvcmcf-q51903-dpidbdp/uozvs-dfdwfx-phjbv-htzbnhq-klmwwny-c320171939-ptftuxu/
Attempts: 39 - Request URL: www.lavatransforms.org/migcbn-vrtpinvx-xgrtns-q51003-gepovld/kcxwt-moybkg-lzllq-xjojzfu-c320171948-xvhyoca-lslwgeg/
Attempts: 40 - Request URL: www.lavatransforms.org/wowbkx-xnhngmdz-nsvnax-q29403-usjcdqj/xfmzk-qxmnbk-c320171946-spbfc-rkxscgp-rmrsgrc-spzjbqb/
Attempts: 41 - Request URL: www.lavatransforms.org/kyyapa-weadmiun-rcuaww-q26703-bynuxek/cmurp-c320171945-zsjtph-wyzoe-weswssc-ztalsww-chtgvjy/
Attempts: 42 - Request URL: www.lavatransforms.org/c320171940-vekhuv-mkwtsgfu-iliobv-q43803-holpnhr/sphhc-fqlisd-bnyst-gyjlbed-naxiyeg-xcqlmnl/
Attempts: 43 - Request URL: www.lavatransforms.org/vekhuv-mkwtsgfu-iliobv-q43803-holpnhr/sphhc-fqlisd-c320171946-bnyst-gyjlbed-naxiyeg-xcqlmnl/
Attempts: 44 - Request URL: www.lavatransforms.org/vekhuv-mkwtsgfu-c320171942-iliobv-q32103-holpnhr/sphhc-fqlisd-bnyst-gyjlbed-naxiyeg-xcqlmnl/
Attempts: 45 - Request URL: www.lavatransforms.org/zfnmlm-kfyradlq-c320171942-exalih-q42903-klrwwsh/zweci-ahkkjj-klrak-foffqnj-bsgmtan-tfhstif/
Attempts: 46 - Request URL: www.lavatransforms.org/wowbkx-xnhngmdz-nsvnax-q17703-usjcdqj/xfmzk-qxmnbk-c320171946-spbfc-rkxscgp-rmrsgrc-spzjbqb/
Attempts: 47 - Request URL: www.lavatransforms.org/vekhuv-mkwtsgfu-iliobv-q20403-holpnhr/sphhc-c320171945-fqlisd-bnyst-gyjlbed-naxiyeg-xcqlmnl/
Attempts: 48 - Request URL: www.lavatransforms.org/qdziwj-c320171941-rmrlfqck-kdqvfy-q53703-ywobzrb/aeruv-tbgmvt-evsgo-jslaril-obwpjtx-vnsnjaa/
Attempts: 49 - Request URL: www.lavatransforms.org/c320171940-vekhuv-mkwtsgfu-iliobv-q32103-holpnhr/sphhc-fqlisd-bnyst-gyjlbed-naxiyeg-xcqlmnl/
Attempts: 50 - Request URL: www.lavatransforms.org/zfnmlm-c320171941-kfyradlq-exalih-q42903-klrwwsh/zweci-ahkkjj-klrak-foffqnj-bsgmtan-tfhstif/
Attempts: 51 - Request URL: www.lavatransforms.org/kyyapa-weadmiun-rcuaww-q38403-bynuxek/cmurp-zsjtph-wyzoe-c320171947-weswssc-ztalsww-chtgvjy/
Attempts: 52 - Request URL: www.lavatransforms.org/jmuqth-jvfunzew-dqdbge-c320171943-q36603-pmvmcou/bsfgd-eubfzo-gqhww-nwveybk-aycalpo-amgopor/
Attempts: 53 - Request URL: www.lavatransforms.org/migcbn-vrtpinvx-xgrtns-q51003-gepovld/kcxwt-moybkg-c320171946-lzllq-xjojzfu-xvhyoca-lslwgeg/
Attempts: 54 - Request URL: www.lavatransforms.org/c320171940-vekhuv-mkwtsgfu-iliobv-q20403-holpnhr/sphhc-fqlisd-bnyst-gyjlbed-naxiyeg-xcqlmnl/
Attempts: 55 - Request URL: www.lavatransforms.org/lqauad-phbfesbl-cymzzb-c320171943-q47403-ogajamq/ouyyx-kashwv-udtib-qpndpof-hebeayr-kjedogd/
Attempts: 56 - Request URL: www.lavatransforms.org/c320171940-kyyapa-weadmiun-rcuaww-q15003-bynuxek/cmurp-zsjtph-wyzoe-weswssc-ztalsww-chtgvjy/
Attempts: 57 - Request URL: www.lavatransforms.org/c320171940-zfnmlm-kfyradlq-exalih-q42903-klrwwsh/zweci-ahkkjj-klrak-foffqnj-bsgmtan-tfhstif/
Attempts: 58 - Request URL: www.lavatransforms.org/kyyapa-weadmiun-rcuaww-q29043-bynuxek/cmurp-zsjtph-wyzoe-weswssc-c320171948-ztalsww-chtgvjy/
Attempts: 59 - Request URL: www.lavatransforms.org/lqauad-phbfesbl-cymzzb-q47403-ogajamq/ouyyx-kashwv-udtib-c320171947-qpndpof-hebeayr-kjedogd/
Attempts: 60 - Request URL: www.lavatransforms.org/fbvfmb-ijijcpzg-frnksn-q33003-suslgps/mhimw-igtcos-jwmtp-c320171947-sdphmqh-jhdoeod-ninfepc/
Attempts: 61 - Request URL: www.lavatransforms.org/c320171940-jmuqth-jvfunzew-dqdbge-q13203-pmvmcou/bsfgd-eubfzo-gqhww-nwveybk-aycalpo-amgopor/
Attempts: 62 - Request URL: www.lavatransforms.org/zfnmlm-kfyradlq-c320171942-exalih-q33543-klrwwsh/zweci-ahkkjj-klrak-foffqnj-bsgmtan-tfhstif/
Attempts: 63 - Request URL: www.lavatransforms.org/qdziwj-rmrlfqck-c320171942-kdqvfy-q53703-ywobzrb/aeruv-tbgmvt-evsgo-jslaril-obwpjtx-vnsnjaa/
Attempts: 64 - Request URL: www.lavatransforms.org/vekhuv-mkwtsgfu-iliobv-q32103-holpnhr/sphhc-fqlisd-c320171946-bnyst-gyjlbed-naxiyeg-xcqlmnl/
Attempts: 65 - Request URL: www.lavatransforms.org/lqauad-phbfesbl-cymzzb-q24003-ogajamq/ouyyx-kashwv-c320171946-udtib-qpndpof-hebeayr-kjedogd/
Attempts: 66 - Request URL: www.lavatransforms.org/whisky913
Attempts: 67 - Request URL: www.lavatransforms.org/whisky913
Attempts: 68 - Request URL: www.lavatransforms.org/zfnmlm-kfyradlq-exalih-c320171943-q31203-klrwwsh/zweci-ahkkjj-klrak-foffqnj-bsgmtan-tfhstif/
Attempts: 69 - Request URL: www.lavatransforms.org/eaeedr-c320171941-eqzvzhrt-awepmc-q22203-qjqarwc/wbvph-vcpgyr-ixqdd-turntvw-fqjjpfm-rocvrtv/
Attempts: 70 - Request URL: www.lavatransforms.org/salon914
Attempts: 71 - Request URL: www.lavatransforms.org/qdziwj-rmrlfqck-kdqvfy-q34983-ywobzrb/aeruv-tbgmvt-evsgo-c320171947-jslaril-obwpjtx-vnsnjaa/
Attempts: 72 - Request URL: www.lavatransforms.org/qdziwj-c320171941-rmrlfqck-kdqvfy-q18603-ywobzrb/aeruv-tbgmvt-evsgo-jslaril-obwpjtx-vnsnjaa/
Attempts: 73 - Request URL: www.lavatransforms.org/jmuqth-jvfunzew-dqdbge-c320171943-q24903-pmvmcou/bsfgd-eubfzo-gqhww-nwveybk-aycalpo-amgopor/
Attempts: 74 - Request URL: www.lavatransforms.org/fbvfmb-ijijcpzg-frnksn-q44703-suslgps/mhimw-igtcos-jwmtp-sdphmqh-c320171948-jhdoeod-ninfepc/
Attempts: 75 - Request URL: www.lavatransforms.org/kyyapa-c320171941-weadmiun-rcuaww-q26703-bynuxek/cmurp-zsjtph-wyzoe-weswssc-ztalsww-chtgvjy/
Attempts: 76 - Request URL: www.lavatransforms.org/zfnmlm-kfyradlq-exalih-q54603-klrwwsh/zweci-c320171945-ahkkjj-klrak-foffqnj-bsgmtan-tfhstif/
Attempts: 77 - Request URL: www.lavatransforms.org/vekhuv-mkwtsgfu-iliobv-q20403-holpnhr/sphhc-fqlisd-bnyst-gyjlbed-naxiyeg-c320171939-xcqlmnl/
Attempts: 78 - Request URL: www.lavatransforms.org/fbvfmb-ijijcpzg-frnksn-q33003-suslgps/mhimw-igtcos-jwmtp-sdphmqh-c320171948-jhdoeod-ninfepc/
Attempts: 79 - Request URL: www.lavatransforms.org/qdziwj-rmrlfqck-kdqvfy-c320171943-q30303-ywobzrb/aeruv-tbgmvt-evsgo-jslaril-obwpjtx-vnsnjaa/
Attempts: 80 - Request URL: www.lavatransforms.org/cntgjw-ctmorais-hvcmcf-q16803-dpidbdp/uozvs-c320171945-dfdwfx-phjbv-htzbnhq-klmwwny-ptftuxu/
Attempts: 81 - Request URL: www.lavatransforms.org/fbvfmb-ijijcpzg-frnksn-c320171943-q35343-suslgps/mhimw-igtcos-jwmtp-sdphmqh-jhdoeod-ninfepc/
Attempts: 82 - Request URL: www.lavatransforms.org/qdziwj-rmrlfqck-kdqvfy-q18603-ywobzrb/aeruv-tbgmvt-evsgo-jslaril-obwpjtx-c320171939-vnsnjaa/
Attempts: 83 - Request URL: www.lavatransforms.org/eaeedr-eqzvzhrt-c320171942-awepmc-q15183-qjqarwc/wbvph-vcpgyr-ixqdd-turntvw-fqjjpfm-rocvrtv/
Attempts: 84 - Request URL: www.lavatransforms.org/fbvfmb-ijijcpzg-frnksn-q21303-suslgps/mhimw-igtcos-jwmtp-sdphmqh-jhdoeod-c320171939-ninfepc/
Attempts: 85 - Request URL: www.lavatransforms.org/migcbn-c320171941-vrtpinvx-xgrtns-q51003-gepovld/kcxwt-moybkg-lzllq-xjojzfu-xvhyoca-lslwgeg/
Attempts: 86 - Request URL: www.lavatransforms.org/xlswzq-qyjihxtb-c320171942-ppoxej-q46503-mnwghcn/lvjqg-wixsde-huemy-bbyrhzn-uzsdcdt-famyabm/
Attempts: 87 - Request URL: www.lavatransforms.org/cntgjw-ctmorais-hvcmcf-q16803-dpidbdp/uozvs-dfdwfx-c320171946-phjbv-htzbnhq-klmwwny-ptftuxu/
Attempts: 88 - Request URL: www.lavatransforms.org/supshg-flggbjgj-snysoq-c320171943-q42183-ffyxixw/fxkou-rehjmi-nfoza-kzdzkle-mkkxujz-wwdkwsh/
Attempts: 89 - Request URL: www.lavatransforms.org/sitemap/sitemap10.xml
Attempts: 90 - Request URL: www.lavatransforms.org/lqauad-phbfesbl-c320171942-cymzzb-q12303-ogajamq/ouyyx-kashwv-udtib-qpndpof-hebeayr-kjedogd/
Attempts: 91 - Request URL: www.lavatransforms.org/lqauad-phbfesbl-cymzzb-q12303-ogajamq/ouyyx-c320171945-kashwv-udtib-qpndpof-hebeayr-kjedogd/
Attempts: 92 - Request URL: www.lavatransforms.org/c320171940-migcbn-vrtpinvx-xgrtns-q15903-gepovld/kcxwt-moybkg-lzllq-xjojzfu-xvhyoca-lslwgeg/
Attempts: 93 - Request URL: www.lavatransforms.org/zfnmlm-kfyradlq-exalih-q31203-klrwwsh/zweci-ahkkjj-klrak-foffqnj-c320171948-bsgmtan-tfhstif/
Attempts: 94 - Request URL: www.lavatransforms.org/qdziwj-rmrlfqck-kdqvfy-q30303-ywobzrb/aeruv-tbgmvt-c320171946-evsgo-jslaril-obwpjtx-vnsnjaa/
Attempts: 95 - Request URL: www.lavatransforms.org/zfnmlm-kfyradlq-exalih-q42903-klrwwsh/zweci-ahkkjj-klrak-foffqnj-c320171948-bsgmtan-tfhstif/
Attempts: 96 - Request URL: www.lavatransforms.org/xlswzq-qyjihxtb-c320171942-ppoxej-q34803-mnwghcn/lvjqg-wixsde-huemy-bbyrhzn-uzsdcdt-famyabm/
Attempts: 97 - Request URL: www.lavatransforms.org/c320171940-kyyapa-weadmiun-rcuaww-q38403-bynuxek/cmurp-zsjtph-wyzoe-weswssc-ztalsww-chtgvjy/
Attempts: 98 - Request URL: www.lavatransforms.org/migcbn-vrtpinvx-xgrtns-q15903-gepovld/kcxwt-moybkg-c320171946-lzllq-xjojzfu-xvhyoca-lslwgeg/
Attempts: 99 - Request URL: www.lavatransforms.org/migcbn-vrtpinvx-xgrtns-q27603-gepovld/kcxwt-moybkg-lzllq-xjojzfu-xvhyoca-c320171939-lslwgeg/
Attempts: more than 99 - Request URL: www.lavatransforms.org/psfvr-cazoby-q29360-tkrz-bghtdl/c320171944-ifnu-joqzofoj-kcrlp-xkijim-qgxxa.do
