Attempts: 1 - Request URL: www.lavatransforms.org/event/salon517/feed/
Attempts: 2 - Request URL: www.lavatransforms.org/category/architecturedesign/page/13/salon213
Attempts: 3 - Request URL: www.lavatransforms.org/category/history/page/39/itotushy
Attempts: 4 - Request URL: www.lavatransforms.org/event/broadway-on-my-mind-pereira/feed/
Attempts: 5 - Request URL: www.lavatransforms.org/event/haunts-of-a-dirty-old-man-charles-bukowskis-los-angeles-tour-4/feed/
Attempts: 6 - Request URL: www.lavatransforms.org/2015/05/27/canceled-lavas-44th-sunday-salon/user/register
Attempts: 7 - Request URL: www.lavatransforms.org/salon-cooper-rogers-march2014
Attempts: 8 - Request URL: www.lavatransforms.org/event/echo-park-book-of-the-dead-april-23-2016/feed/
Attempts: 9 - Request URL: www.lavatransforms.org/category/lava-vocabulary/technology/user/register
Attempts: 10 - Request URL: www.lavatransforms.org/category/dance/user/register
Attempts: 11 - Request URL: www.lavatransforms.org/category/lava-exclusives/page/8/southwestmuseum2013
Attempts: 12 - Request URL: www.lavatransforms.org/event/the-krampus-slideshow-talk-with-costumes-late-show/feed/
Attempts: 13 - Request URL: www.lavatransforms.org/event/south-l-a-road-trip-hot-rods-adobes-googie-early-modernism-2/feed/
Attempts: 14 - Request URL: www.lavatransforms.org/category/lava-vocabulary/lava-exclusives/page/8/elalisal2013
Attempts: 15 - Request URL: www.lavatransforms.org/johnies1_sam/
Attempts: 16 - Request URL: www.lavatransforms.org/category/lava-vocabulary/preservation/page/13/cellartourkingeddydec2012
Attempts: 17 - Request URL: www.lavatransforms.org/category/books/page/6/lavatransforms.org/flaneur-broadway-on-my-mind-6
Attempts: 18 - Request URL: www.lavatransforms.org/event/pasadena-confidential-april-9-2016/feed/
Attempts: 19 - Request URL: www.lavatransforms.org/event/the-real-black-dahlia-crime-bus-tour-3/feed/
Attempts: 20 - Request URL: www.lavatransforms.org/event/pasadena-confidential-tour/feed/
Attempts: 21 - Request URL: www.lavatransforms.org/event/halloweenhorrors2015/feed/
Attempts: 22 - Request URL: www.lavatransforms.org/event/raymond-chandlers-los-angeles-3/feed/
Attempts: 23 - Request URL: www.lavatransforms.org/100NotSoFamous
Attempts: 24 - Request URL: www.lavatransforms.org/event/eastside-babylon-crime-bus-tour-3/feed/
